{'word_context': 77, 'word_embed_size': 100, 'word_conv_units': 300, 'hidden_units': 0, 'dropout': False, 'batch_size': 50}
train set done
test set done
<bound method MixedNet.parameters of MixedNet (
  (W_wrd): DataParallel (
    (module): Embedding(89528, 100)
  )
  (word_level_conv): DataParallel (
    (module): Conv2d(1, 300, kernel_size=(100, 77), stride=(1, 1), padding=(0, 38))
  )
  (word_level_maxpool): DataParallel (
    (module): AdaptiveMaxPool2d (output_size=(300, 1))
  )
  (fc1): DataParallel (
    (module): Linear (300 -> 2)
  )
)>
[  1,     1] loss: 0.82172
[  1,    51] loss: 1.28858
[  1,   101] loss: 0.66640
[  1,   151] loss: 0.98495
[  1,   201] loss: 0.82439
[  1,   251] loss: 0.63183
[  1,   301] loss: 0.71857
[  1,   351] loss: 0.71873
[  1,   401] loss: 0.75364
[  1,   451] loss: 0.68049
[  1,   501] loss: 0.68572
[  1,   551] loss: 0.70130
[  1,   601] loss: 0.73233
[  1,   651] loss: 0.74689
[  1,   701] loss: 0.68050
[  1,   751] loss: 0.66000
[  1,   801] loss: 0.80331
[  1,   851] loss: 0.68595
[  1,   901] loss: 0.79505
[  1,   951] loss: 0.73494
[  1,  1001] loss: 0.65783
[  1,  1051] loss: 0.68696
[  1,  1101] loss: 0.73189
[  1,  1151] loss: 0.80118
[  1,  1201] loss: 0.74788
[  1,  1251] loss: 0.71856
[  1,  1301] loss: 0.69912
[  1,  1351] loss: 0.70889
[  1,  1401] loss: 0.69477
[  1,  1451] loss: 0.78987
[  1,  1501] loss: 0.76900
[  1,  1551] loss: 0.67346
[  1,  1601] loss: 0.72494
[  1,  1651] loss: 0.72376
[  1,  1701] loss: 0.68387
[  1,  1751] loss: 0.71130
[  1,  1801] loss: 0.63555
[  1,  1851] loss: 0.65283
[  1,  1901] loss: 0.73144
[  1,  1951] loss: 0.66187
[  1,  2001] loss: 0.78330
[  1,  2051] loss: 0.68164
[  1,  2101] loss: 0.65283
[  1,  2151] loss: 0.64318
[  1,  2201] loss: 0.69131
[  1,  2251] loss: 0.64349
[  1,  2301] loss: 0.68502
[  1,  2351] loss: 0.69189
[  1,  2401] loss: 0.79299
[  1,  2451] loss: 0.87441
[  1,  2501] loss: 0.96456
[  1,  2551] loss: 0.66416
[  1,  2601] loss: 0.89447
[  1,  2651] loss: 0.90967
[  1,  2701] loss: 0.70251
[  1,  2751] loss: 0.67812
[  1,  2801] loss: 1.01892
[  1,  2851] loss: 0.80562
[  1,  2901] loss: 0.56587
[  1,  2951] loss: 0.79796
[  1,  3001] loss: 0.64937
[  1,  3051] loss: 0.84837
[  1,  3101] loss: 0.74929
[  1,  3151] loss: 0.75119
[  1,  3201] loss: 0.66558
[  1,  3251] loss: 0.76143
[  1,  3301] loss: 0.69196
[  1,  3351] loss: 0.76254
[  1,  3401] loss: 0.64974
[  1,  3451] loss: 0.68698
[  1,  3501] loss: 0.63554
[  1,  3551] loss: 0.61891
[  1,  3601] loss: 0.71148
[  1,  3651] loss: 0.65450
[  1,  3701] loss: 0.73161
[  1,  3751] loss: 0.61226
[  1,  3801] loss: 0.78909
[  1,  3851] loss: 0.68811
[  1,  3901] loss: 0.72449
[  1,  3951] loss: 0.84965
[  1,  4001] loss: 0.74241
[  1,  4051] loss: 0.69756
[  1,  4101] loss: 0.78403
[  1,  4151] loss: 0.71814
[  1,  4201] loss: 0.66610
[  1,  4251] loss: 0.67371
[  1,  4301] loss: 0.76349
[  1,  4351] loss: 0.72315
[  1,  4401] loss: 0.59284
[  1,  4451] loss: 0.77945
[  1,  4501] loss: 0.84463
[  1,  4551] loss: 0.79147
[  1,  4601] loss: 0.65930
[  1,  4651] loss: 0.71303
[  1,  4701] loss: 0.63351
[  1,  4751] loss: 0.68692
[  1,  4801] loss: 0.67032
[  1,  4851] loss: 0.69262
[  1,  4901] loss: 0.75949
[  1,  4951] loss: 0.78316
[  1,  5001] loss: 0.70917
[  1,  5051] loss: 0.65057
[  1,  5101] loss: 0.66870
[  1,  5151] loss: 0.72015
[  1,  5201] loss: 0.69673
[  1,  5251] loss: 0.69008
[  1,  5301] loss: 0.64080
[  1,  5351] loss: 0.81593
[  1,  5401] loss: 0.66784
[  1,  5451] loss: 0.71764
[  1,  5501] loss: 0.71456
[  1,  5551] loss: 0.69922
[  1,  5601] loss: 0.67976
[  1,  5651] loss: 0.65669
[  1,  5701] loss: 0.57465
[  1,  5751] loss: 0.76712
[  1,  5801] loss: 0.71483
[  1,  5851] loss: 0.72739
[  1,  5901] loss: 0.62453
[  1,  5951] loss: 0.87055
[  1,  6001] loss: 0.59118
[  1,  6051] loss: 0.73842
[  1,  6101] loss: 0.60950
[  1,  6151] loss: 0.65860
[  1,  6201] loss: 0.63567
[  1,  6251] loss: 0.73423
[  1,  6301] loss: 0.66912
[  1,  6351] loss: 0.61799
[  1,  6401] loss: 0.71770
[  1,  6451] loss: 0.68076
[  1,  6501] loss: 0.65062
[  1,  6551] loss: 0.64580
[  1,  6601] loss: 0.79616
[  1,  6651] loss: 0.73483
[  1,  6701] loss: 0.61871
[  1,  6751] loss: 0.67521
[  1,  6801] loss: 0.69922
[  1,  6851] loss: 0.61330
[  1,  6901] loss: 0.74325
[  1,  6951] loss: 0.76904
[  1,  7001] loss: 0.65714
[  1,  7051] loss: 0.67546
[  1,  7101] loss: 0.64936
[  1,  7151] loss: 0.67584
[  1,  7201] loss: 0.62675
[  1,  7251] loss: 0.72413
[  1,  7301] loss: 0.65638
[  1,  7351] loss: 0.70230
[  1,  7401] loss: 0.81680
[  1,  7451] loss: 0.59997
[  1,  7501] loss: 0.67237
[  1,  7551] loss: 0.84099
[  1,  7601] loss: 0.86522
[  1,  7651] loss: 0.66883
[  1,  7701] loss: 0.71661
[  1,  7751] loss: 0.68585
[  1,  7801] loss: 0.76800
[  1,  7851] loss: 0.74113
[  1,  7901] loss: 0.65681
[  1,  7951] loss: 0.83064
[  1,  8001] loss: 0.79742
[  1,  8051] loss: 0.85947
[  1,  8101] loss: 0.73875
[  1,  8151] loss: 0.84709
[  1,  8201] loss: 0.91533
[  1,  8251] loss: 0.68004
[  1,  8301] loss: 0.78666
[  1,  8351] loss: 0.90095
[  1,  8401] loss: 0.70025
[  1,  8451] loss: 0.68670
[  1,  8501] loss: 0.63112
[  1,  8551] loss: 0.86294
[  1,  8601] loss: 0.95849
[  1,  8651] loss: 0.68179
[  1,  8701] loss: 0.71243
[  1,  8751] loss: 0.66399
[  1,  8801] loss: 0.81391
[  1,  8851] loss: 0.77639
[  1,  8901] loss: 0.83302
[  1,  8951] loss: 0.64566
[  1,  9001] loss: 0.75808
[  1,  9051] loss: 0.68563
[  1,  9101] loss: 0.68970
[  1,  9151] loss: 0.75860
[  1,  9201] loss: 0.54069
[  1,  9251] loss: 0.68528
[  1,  9301] loss: 0.60655
[  1,  9351] loss: 0.83964
[  1,  9401] loss: 0.84954
[  1,  9451] loss: 0.66561
[  1,  9501] loss: 0.68285
[  1,  9551] loss: 0.66401
[  1,  9601] loss: 0.81077
[  1,  9651] loss: 0.77134
[  1,  9701] loss: 0.75834
[  1,  9751] loss: 0.66288
[  1,  9801] loss: 0.65310
[  1,  9851] loss: 0.70455
[  1,  9901] loss: 0.64100
[  1,  9951] loss: 0.61154
[  1, 10001] loss: 0.70501
[  1, 10051] loss: 0.67408
[  1, 10101] loss: 0.61671
[  1, 10151] loss: 0.71697
[  1, 10201] loss: 0.59147
[  1, 10251] loss: 0.68623
[  1, 10301] loss: 0.62076
[  1, 10351] loss: 0.75502
[  1, 10401] loss: 0.78327
[  1, 10451] loss: 0.73577
[  1, 10501] loss: 0.75230
[  1, 10551] loss: 0.71162
[  1, 10601] loss: 0.75033
[  1, 10651] loss: 0.71488
[  1, 10701] loss: 0.74155
[  1, 10751] loss: 0.94496
[  1, 10801] loss: 0.68429
[  1, 10851] loss: 0.71625
[  1, 10901] loss: 0.71737
[  1, 10951] loss: 0.68029
[  1, 11001] loss: 0.68661
[  1, 11051] loss: 0.66874
[  1, 11101] loss: 0.78403
[  1, 11151] loss: 0.74708
[  1, 11201] loss: 0.62883
[  1, 11251] loss: 0.76560
[  1, 11301] loss: 0.67881
[  1, 11351] loss: 0.69518
[  1, 11401] loss: 0.89416
[  1, 11451] loss: 0.76650
[  1, 11501] loss: 0.65601
[  1, 11551] loss: 0.88552
[  1, 11601] loss: 0.94308
[  1, 11651] loss: 0.78972
[  1, 11701] loss: 0.89093
[  1, 11751] loss: 0.80870
[  1, 11801] loss: 1.08867
[  1, 11851] loss: 0.76258
[  1, 11901] loss: 0.76446
[  1, 11951] loss: 0.94009
[  1, 12001] loss: 1.12943
[  1, 12051] loss: 0.76523
[  1, 12101] loss: 0.88022
[  1, 12151] loss: 0.83263
[  1, 12201] loss: 0.64420
[  1, 12251] loss: 0.74252
[  1, 12301] loss: 0.72771
[  1, 12351] loss: 0.73933
[  1, 12401] loss: 0.79257
[  1, 12451] loss: 0.65885
[  1, 12501] loss: 0.60864
[  1, 12551] loss: 0.66354
[  1, 12601] loss: 0.76774
[  1, 12651] loss: 0.71045
[  1, 12701] loss: 0.72042
[  1, 12751] loss: 0.56767
[  1, 12801] loss: 0.91355
[  1, 12851] loss: 0.71287
[  1, 12901] loss: 0.55282
[  1, 12951] loss: 0.70606
[  1, 13001] loss: 0.59757
[  1, 13051] loss: 0.64384
[  1, 13101] loss: 0.91895
[  1, 13151] loss: 0.72050
[  1, 13201] loss: 0.68640
[  1, 13251] loss: 0.83690
[  1, 13301] loss: 0.77753
[  1, 13351] loss: 0.61298
[  1, 13401] loss: 0.72230
[  1, 13451] loss: 0.95593
[  1, 13501] loss: 0.87807
[  1, 13551] loss: 0.76457
[  1, 13601] loss: 0.69987
[  1, 13651] loss: 0.97182
[  1, 13701] loss: 0.81086
[  1, 13751] loss: 0.69965
[  1, 13801] loss: 0.65078
[  1, 13851] loss: 0.83124
[  1, 13901] loss: 0.81208
[  1, 13951] loss: 0.71651
[  1, 14001] loss: 0.96817
[  1, 14051] loss: 0.84396
[  1, 14101] loss: 0.67970
[  1, 14151] loss: 0.64005
[  1, 14201] loss: 0.78135
[  1, 14251] loss: 0.74606
[  1, 14301] loss: 0.69462
[  1, 14351] loss: 0.68787
[  1, 14401] loss: 0.56764
[  1, 14451] loss: 0.75214
[  1, 14501] loss: 0.65095
[  1, 14551] loss: 0.57642
[  1, 14601] loss: 0.66484
[  1, 14651] loss: 0.73147
[  1, 14701] loss: 0.59617
[  1, 14751] loss: 0.63717
[  1, 14801] loss: 0.59662
[  1, 14851] loss: 0.69026
[  1, 14901] loss: 0.75630
[  1, 14951] loss: 0.67412
[  1, 15001] loss: 0.73136
[  1, 15051] loss: 0.77991
[  1, 15101] loss: 0.62639
[  1, 15151] loss: 0.69415
[  1, 15201] loss: 0.68365
[  1, 15251] loss: 0.66738
[  1, 15301] loss: 0.69778
[  1, 15351] loss: 0.71715
[  1, 15401] loss: 0.69647
[  1, 15451] loss: 0.62096
[  1, 15501] loss: 0.78392
[  1, 15551] loss: 0.71032
[  1, 15601] loss: 0.70971
[  1, 15651] loss: 0.77357
[  1, 15701] loss: 0.61721
[  1, 15751] loss: 0.90737
[  1, 15801] loss: 0.62164
[  1, 15851] loss: 0.77994
[  1, 15901] loss: 0.75104
[  1, 15951] loss: 0.67346
[  1, 16001] loss: 0.62120
[  1, 16051] loss: 0.65873
[  1, 16101] loss: 0.75104
[  1, 16151] loss: 0.67686
[  1, 16201] loss: 0.67546
[  1, 16251] loss: 0.71566
[  1, 16301] loss: 0.62418
[  1, 16351] loss: 0.74330
[  1, 16401] loss: 0.71366
[  1, 16451] loss: 0.69975
[  1, 16501] loss: 0.71274
[  1, 16551] loss: 0.64231
[  1, 16601] loss: 0.72281
[  1, 16651] loss: 0.66656
[  1, 16701] loss: 0.81141
[  1, 16751] loss: 0.73501
[  1, 16801] loss: 0.63741
[  1, 16851] loss: 0.69682
[  1, 16901] loss: 0.62309
[  1, 16951] loss: 0.85278
[  1, 17001] loss: 0.68723
[  1, 17051] loss: 0.75587
[  1, 17101] loss: 0.74025
[  1, 17151] loss: 0.80370
[  1, 17201] loss: 0.63233
[  1, 17251] loss: 0.64228
[  1, 17301] loss: 0.68670
[  1, 17351] loss: 0.70491
[  1, 17401] loss: 0.72620
[  1, 17451] loss: 0.66119
[  1, 17501] loss: 0.73918
[  1, 17551] loss: 0.78302
[  1, 17601] loss: 0.64047
[  1, 17651] loss: 0.64595
[  1, 17701] loss: 0.67689
[  1, 17751] loss: 0.67476
[  1, 17801] loss: 0.55786
[  1, 17851] loss: 0.61637
[  1, 17901] loss: 0.77807
[  1, 17951] loss: 0.64519
[  1, 18001] loss: 0.73349
[  1, 18051] loss: 0.80282
[  1, 18101] loss: 0.63617
[  1, 18151] loss: 0.70340
[  1, 18201] loss: 0.83220
[  1, 18251] loss: 0.69833
[  1, 18301] loss: 0.70846
[  1, 18351] loss: 0.70132
[  1, 18401] loss: 0.64164
[  1, 18451] loss: 0.65942
[  1, 18501] loss: 0.70362
[  1, 18551] loss: 0.81435
[  1, 18601] loss: 0.65556
[  1, 18651] loss: 0.61099
[  1, 18701] loss: 0.63297
[  1, 18751] loss: 0.64667
[  1, 18801] loss: 0.60213
[  1, 18851] loss: 0.80219
[  1, 18901] loss: 0.71077
[  1, 18951] loss: 0.66871
[  1, 19001] loss: 0.72408
[  1, 19051] loss: 0.66281
[  1, 19101] loss: 0.58507
[  1, 19151] loss: 0.70120
[  1, 19201] loss: 0.70187
[  1, 19251] loss: 0.65661
[  1, 19301] loss: 0.75456
[  1, 19351] loss: 0.59383
[  1, 19401] loss: 0.63102
[  1, 19451] loss: 0.60929
[  1, 19501] loss: 0.74094
[  1, 19551] loss: 0.68852
[  1, 19601] loss: 0.81665
[  1, 19651] loss: 0.78916
[  1, 19701] loss: 0.71553
[  1, 19751] loss: 0.70902
[  1, 19801] loss: 0.74928
[  1, 19851] loss: 0.64024
[  1, 19901] loss: 0.68646
[  1, 19951] loss: 0.72062
[  1, 20001] loss: 0.76136
[  1, 20051] loss: 0.71616
[  1, 20101] loss: 0.67236
[  1, 20151] loss: 0.78997
[  1, 20201] loss: 0.62519
[  1, 20251] loss: 0.87925
[  1, 20301] loss: 0.61598
[  1, 20351] loss: 0.73825
[  1, 20401] loss: 0.78501
[  1, 20451] loss: 0.73810
[  1, 20501] loss: 0.63647
[  1, 20551] loss: 0.74315
[  1, 20601] loss: 0.60568
[  1, 20651] loss: 0.74519
[  1, 20701] loss: 0.64743
[  1, 20751] loss: 0.69244
[  1, 20801] loss: 0.80828
[  1, 20851] loss: 0.65613
[  1, 20901] loss: 0.71294
[  1, 20951] loss: 0.72925
[  1, 21001] loss: 0.61780
[  1, 21051] loss: 0.62152
[  1, 21101] loss: 0.81665
[  1, 21151] loss: 0.67276
[  1, 21201] loss: 0.63969
[  1, 21251] loss: 0.71439
[  1, 21301] loss: 0.82568
[  1, 21351] loss: 0.62234
[  1, 21401] loss: 0.66233
[  1, 21451] loss: 0.86173
[  1, 21501] loss: 0.71105
[  1, 21551] loss: 0.67915
[  1, 21601] loss: 0.86170
[  1, 21651] loss: 0.64042
[  1, 21701] loss: 0.72467
[  1, 21751] loss: 0.82547
[  1, 21801] loss: 0.70916
[  1, 21851] loss: 0.68835
[  1, 21901] loss: 0.69505
[  1, 21951] loss: 0.65980
[  1, 22001] loss: 0.72369
[  1, 22051] loss: 0.68641
[  1, 22101] loss: 0.63815
[  1, 22151] loss: 0.66850
[  1, 22201] loss: 0.57100
[  1, 22251] loss: 0.65562
[  1, 22301] loss: 0.58372
[  1, 22351] loss: 0.66200
[  1, 22401] loss: 0.57497
[  1, 22451] loss: 0.68107
[  1, 22501] loss: 0.68325
[  1, 22551] loss: 0.65421
[  1, 22601] loss: 0.78193
[  1, 22651] loss: 0.72923
[  1, 22701] loss: 0.76796
[  1, 22751] loss: 0.54583
[  1, 22801] loss: 0.70149
[  1, 22851] loss: 0.80727
[  1, 22901] loss: 0.59096
[  1, 22951] loss: 0.51907
[  1, 23001] loss: 0.50464
[  1, 23051] loss: 0.83306
[  1, 23101] loss: 0.62082
[  1, 23151] loss: 0.55865
[  1, 23201] loss: 0.65056
[  1, 23251] loss: 0.87997
[  1, 23301] loss: 0.64521
[  1, 23351] loss: 0.68231
[  1, 23401] loss: 0.78824
[  1, 23451] loss: 0.79127
[  1, 23501] loss: 0.67848
[  1, 23551] loss: 0.80505
[  1, 23601] loss: 0.66747
[  1, 23651] loss: 0.73378
[  1, 23701] loss: 0.53900
[  1, 23751] loss: 0.61656
[  1, 23801] loss: 0.75901
[  1, 23851] loss: 0.63143
[  1, 23901] loss: 0.76195
[  1, 23951] loss: 0.72868
[  1, 24001] loss: 0.66839
[  1, 24051] loss: 0.67220
[  1, 24101] loss: 0.67513
[  1, 24151] loss: 0.69142
[  1, 24201] loss: 0.70374
[  1, 24251] loss: 0.71719
[  1, 24301] loss: 0.67275
[  1, 24351] loss: 0.73216
[  1, 24401] loss: 0.74346
[  1, 24451] loss: 0.75578
[  1, 24501] loss: 0.77386
[  1, 24551] loss: 0.74993
[  1, 24601] loss: 0.79700
[  1, 24651] loss: 0.64797
[  1, 24701] loss: 0.59119
[  1, 24751] loss: 0.62183
[  1, 24801] loss: 0.56712
[  1, 24851] loss: 0.81547
[  1, 24901] loss: 0.66968
[  1, 24951] loss: 0.69527
[  2,     1] loss: 0.40606
[  2,    51] loss: 0.93112
[  2,   101] loss: 0.62607
[  2,   151] loss: 0.48182
[  2,   201] loss: 0.51160
[  2,   251] loss: 0.61254
[  2,   301] loss: 0.73157
[  2,   351] loss: 0.61406
[  2,   401] loss: 0.54532
[  2,   451] loss: 0.69675
[  2,   501] loss: 0.85539
[  2,   551] loss: 0.62332
[  2,   601] loss: 0.67109
[  2,   651] loss: 0.75093
[  2,   701] loss: 0.83099
[  2,   751] loss: 0.61069
[  2,   801] loss: 0.58408
[  2,   851] loss: 0.62491
[  2,   901] loss: 0.76977
[  2,   951] loss: 0.72771
[  2,  1001] loss: 0.51287
[  2,  1051] loss: 0.74695
[  2,  1101] loss: 0.81964
[  2,  1151] loss: 1.01754
[  2,  1201] loss: 0.64828
[  2,  1251] loss: 0.50918
[  2,  1301] loss: 0.76590
[  2,  1351] loss: 0.99210
[  2,  1401] loss: 0.79558
[  2,  1451] loss: 0.34931
[  2,  1501] loss: 0.62109
[  2,  1551] loss: 0.65619
[  2,  1601] loss: 0.66427
[  2,  1651] loss: 0.59479
[  2,  1701] loss: 0.58424
[  2,  1751] loss: 0.54259
[  2,  1801] loss: 0.76461
[  2,  1851] loss: 0.46039
[  2,  1901] loss: 0.49043
[  2,  1951] loss: 0.63746
[  2,  2001] loss: 0.70904
[  2,  2051] loss: 0.53697
[  2,  2101] loss: 0.49007
[  2,  2151] loss: 0.64437
[  2,  2201] loss: 0.63820
[  2,  2251] loss: 0.51973
[  2,  2301] loss: 0.51493
[  2,  2351] loss: 0.77754
[  2,  2401] loss: 0.67932
[  2,  2451] loss: 0.42088
[  2,  2501] loss: 0.73160
[  2,  2551] loss: 0.73801
[  2,  2601] loss: 0.59581
[  2,  2651] loss: 0.38892
[  2,  2701] loss: 0.44567
[  2,  2751] loss: 0.97550
[  2,  2801] loss: 0.60294
[  2,  2851] loss: 0.42449
[  2,  2901] loss: 0.33608
[  2,  2951] loss: 0.79974
[  2,  3001] loss: 1.13708
[  2,  3051] loss: 0.75833
[  2,  3101] loss: 0.64878
[  2,  3151] loss: 0.54203
[  2,  3201] loss: 0.94402
[  2,  3251] loss: 0.98566
[  2,  3301] loss: 0.68657
[  2,  3351] loss: 0.46814
[  2,  3401] loss: 0.39061
[  2,  3451] loss: 0.71055
[  2,  3501] loss: 0.77834
[  2,  3551] loss: 0.55242
[  2,  3601] loss: 0.40239
[  2,  3651] loss: 0.60978
[  2,  3701] loss: 0.71871
[  2,  3751] loss: 0.77417
[  2,  3801] loss: 0.40191
[  2,  3851] loss: 0.43084
[  2,  3901] loss: 0.70777
[  2,  3951] loss: 0.62437
[  2,  4001] loss: 0.66565
[  2,  4051] loss: 0.37334
[  2,  4101] loss: 0.41048
[  2,  4151] loss: 0.50366
[  2,  4201] loss: 0.49358
[  2,  4251] loss: 0.46845
[  2,  4301] loss: 0.47963
[  2,  4351] loss: 0.49390
[  2,  4401] loss: 0.38346
[  2,  4451] loss: 0.49306
[  2,  4501] loss: 0.51395
[  2,  4551] loss: 0.54404
[  2,  4601] loss: 0.41440
[  2,  4651] loss: 0.38509
[  2,  4701] loss: 0.41231
[  2,  4751] loss: 0.40593
[  2,  4801] loss: 0.42986
[  2,  4851] loss: 0.52506
[  2,  4901] loss: 0.42542
[  2,  4951] loss: 0.54214
[  2,  5001] loss: 0.60366
[  2,  5051] loss: 0.41536
[  2,  5101] loss: 0.43697
[  2,  5151] loss: 0.39124
[  2,  5201] loss: 0.48621
[  2,  5251] loss: 0.53289
[  2,  5301] loss: 0.51897
[  2,  5351] loss: 0.45996
[  2,  5401] loss: 0.33167
[  2,  5451] loss: 0.57799
[  2,  5501] loss: 0.68999
[  2,  5551] loss: 0.54884
[  2,  5601] loss: 0.54595
[  2,  5651] loss: 0.34717
[  2,  5701] loss: 0.47615
[  2,  5751] loss: 0.76365
[  2,  5801] loss: 0.54636
[  2,  5851] loss: 0.35387
[  2,  5901] loss: 0.33649
[  2,  5951] loss: 0.34106
[  2,  6001] loss: 0.47560
[  2,  6051] loss: 0.47026
[  2,  6101] loss: 0.36489
[  2,  6151] loss: 0.46869
[  2,  6201] loss: 0.35073
[  2,  6251] loss: 0.46228
[  2,  6301] loss: 0.30569
[  2,  6351] loss: 0.27515
[  2,  6401] loss: 0.32949
[  2,  6451] loss: 0.36275
[  2,  6501] loss: 0.29126
[  2,  6551] loss: 0.34094
[  2,  6601] loss: 0.55187
[  2,  6651] loss: 0.23815
[  2,  6701] loss: 0.34007
[  2,  6751] loss: 0.32337
[  2,  6801] loss: 0.34983
[  2,  6851] loss: 0.24790
[  2,  6901] loss: 0.34315
[  2,  6951] loss: 0.31108
[  2,  7001] loss: 0.23842
[  2,  7051] loss: 0.30935
[  2,  7101] loss: 0.27866
[  2,  7151] loss: 0.22583
[  2,  7201] loss: 0.27199
[  2,  7251] loss: 0.27877
[  2,  7301] loss: 0.33188
[  2,  7351] loss: 0.38682
[  2,  7401] loss: 0.30641
[  2,  7451] loss: 0.22043
[  2,  7501] loss: 0.37690
[  2,  7551] loss: 0.39894
[  2,  7601] loss: 0.25267
[  2,  7651] loss: 0.29185
[  2,  7701] loss: 0.49158
[  2,  7751] loss: 0.39742
[  2,  7801] loss: 0.27566
[  2,  7851] loss: 0.30584
[  2,  7901] loss: 0.47597
[  2,  7951] loss: 0.41683
[  2,  8001] loss: 0.29969
[  2,  8051] loss: 0.30759
[  2,  8101] loss: 0.46535
[  2,  8151] loss: 0.52726
[  2,  8201] loss: 0.47546
[  2,  8251] loss: 0.26465
[  2,  8301] loss: 0.45091
[  2,  8351] loss: 0.30239
[  2,  8401] loss: 0.20971
[  2,  8451] loss: 0.23358
[  2,  8501] loss: 0.33628
[  2,  8551] loss: 0.46626
[  2,  8601] loss: 0.27266
[  2,  8651] loss: 0.34799
[  2,  8701] loss: 0.38430
[  2,  8751] loss: 0.37639
[  2,  8801] loss: 0.23539
[  2,  8851] loss: 0.30924
[  2,  8901] loss: 0.44611
[  2,  8951] loss: 0.55542
[  2,  9001] loss: 0.44889
[  2,  9051] loss: 0.24500
[  2,  9101] loss: 0.45084
[  2,  9151] loss: 0.43774
[  2,  9201] loss: 0.28196
[  2,  9251] loss: 0.38399
[  2,  9301] loss: 0.23668
[  2,  9351] loss: 0.31704
[  2,  9401] loss: 0.36326
[  2,  9451] loss: 0.24012
[  2,  9501] loss: 0.22673
[  2,  9551] loss: 0.21277
[  2,  9601] loss: 0.28187
[  2,  9651] loss: 0.31019
[  2,  9701] loss: 0.24555
[  2,  9751] loss: 0.20100
[  2,  9801] loss: 0.19828
[  2,  9851] loss: 0.18895
[  2,  9901] loss: 0.20038
[  2,  9951] loss: 0.32946
[  2, 10001] loss: 0.27602
[  2, 10051] loss: 0.20859
[  2, 10101] loss: 0.16953
[  2, 10151] loss: 0.30199
[  2, 10201] loss: 0.31019
[  2, 10251] loss: 0.37144
[  2, 10301] loss: 0.17041
[  2, 10351] loss: 0.24750
[  2, 10401] loss: 0.36816
[  2, 10451] loss: 0.41315
[  2, 10501] loss: 0.32879
[  2, 10551] loss: 0.17245
[  2, 10601] loss: 0.37229
[  2, 10651] loss: 0.56316
[  2, 10701] loss: 0.54305
[  2, 10751] loss: 0.23840
[  2, 10801] loss: 0.19699
[  2, 10851] loss: 0.45591
[  2, 10901] loss: 0.44761
[  2, 10951] loss: 0.40199
[  2, 11001] loss: 0.17519
[  2, 11051] loss: 0.29303
[  2, 11101] loss: 0.47569
[  2, 11151] loss: 0.37949
[  2, 11201] loss: 0.19280
[  2, 11251] loss: 0.22348
[  2, 11301] loss: 0.29465
[  2, 11351] loss: 0.39743
[  2, 11401] loss: 0.25143
[  2, 11451] loss: 0.20497
[  2, 11501] loss: 0.18318
[  2, 11551] loss: 0.18863
[  2, 11601] loss: 0.22568
[  2, 11651] loss: 0.56758
[  2, 11701] loss: 0.67035
[  2, 11751] loss: 0.41818
[  2, 11801] loss: 0.17789
[  2, 11851] loss: 0.44446
[  2, 11901] loss: 0.99825
[  2, 11951] loss: 1.35531
[  2, 12001] loss: 0.46672
[  2, 12051] loss: 0.20527
[  2, 12101] loss: 0.71365
[  2, 12151] loss: 1.23694
[  2, 12201] loss: 1.34997
[  2, 12251] loss: 0.31322
[  2, 12301] loss: 0.18389
[  2, 12351] loss: 0.47871
[  2, 12401] loss: 0.78097
[  2, 12451] loss: 0.88563
[  2, 12501] loss: 0.26521
[  2, 12551] loss: 0.18715
[  2, 12601] loss: 0.43395
[  2, 12651] loss: 0.42885
[  2, 12701] loss: 0.20966
[  2, 12751] loss: 0.16648
[  2, 12801] loss: 0.28001
[  2, 12851] loss: 0.25843
[  2, 12901] loss: 0.21882
[  2, 12951] loss: 0.18786
[  2, 13001] loss: 0.20729
[  2, 13051] loss: 0.20337
[  2, 13101] loss: 0.28241
[  2, 13151] loss: 0.26164
[  2, 13201] loss: 0.34934
[  2, 13251] loss: 0.35587
[  2, 13301] loss: 0.15209
[  2, 13351] loss: 0.20687
[  2, 13401] loss: 0.45273
[  2, 13451] loss: 0.45491
[  2, 13501] loss: 0.27354
[  2, 13551] loss: 0.24309
[  2, 13601] loss: 0.46259
[  2, 13651] loss: 0.56848
[  2, 13701] loss: 0.34739
[  2, 13751] loss: 0.16430
[  2, 13801] loss: 0.45543
[  2, 13851] loss: 0.43404
[  2, 13901] loss: 0.22737
[  2, 13951] loss: 0.17871
[  2, 14001] loss: 0.28697
[  2, 14051] loss: 0.25792
[  2, 14101] loss: 0.34326
[  2, 14151] loss: 0.13961
[  2, 14201] loss: 0.19297
[  2, 14251] loss: 0.22570
[  2, 14301] loss: 0.24418
[  2, 14351] loss: 0.18697
[  2, 14401] loss: 0.13778
[  2, 14451] loss: 0.13989
[  2, 14501] loss: 0.14850
[  2, 14551] loss: 0.14480
[  2, 14601] loss: 0.19347
[  2, 14651] loss: 0.16062
[  2, 14701] loss: 0.20205
[  2, 14751] loss: 0.13655
[  2, 14801] loss: 0.15393
[  2, 14851] loss: 0.17164
[  2, 14901] loss: 0.18524
[  2, 14951] loss: 0.31744
[  2, 15001] loss: 0.17619
[  2, 15051] loss: 0.38460
[  2, 15101] loss: 0.13546
[  2, 15151] loss: 0.40576
[  2, 15201] loss: 0.41319
[  2, 15251] loss: 0.29078
[  2, 15301] loss: 0.23332
[  2, 15351] loss: 0.18998
[  2, 15401] loss: 0.36980
[  2, 15451] loss: 0.70154
[  2, 15501] loss: 0.34177
[  2, 15551] loss: 0.11909
[  2, 15601] loss: 0.25725
[  2, 15651] loss: 0.51916
[  2, 15701] loss: 0.73451
[  2, 15751] loss: 0.23964
[  2, 15801] loss: 0.19336
[  2, 15851] loss: 0.37470
[  2, 15901] loss: 0.78073
[  2, 15951] loss: 0.40727
[  2, 16001] loss: 0.26231
[  2, 16051] loss: 0.17375
[  2, 16101] loss: 0.51651
[  2, 16151] loss: 0.67167
[  2, 16201] loss: 0.34918
[  2, 16251] loss: 0.14682
[  2, 16301] loss: 0.23383
[  2, 16351] loss: 0.45902
[  2, 16401] loss: 0.30222
[  2, 16451] loss: 0.20421
[  2, 16501] loss: 0.12047
[  2, 16551] loss: 0.22454
[  2, 16601] loss: 0.18185
[  2, 16651] loss: 0.27721
[  2, 16701] loss: 0.19257
[  2, 16751] loss: 0.19272
[  2, 16801] loss: 0.15688
[  2, 16851] loss: 0.10676
[  2, 16901] loss: 0.11026
[  2, 16951] loss: 0.16217
[  2, 17001] loss: 0.17633
[  2, 17051] loss: 0.19932
[  2, 17101] loss: 0.08688
[  2, 17151] loss: 0.21895
[  2, 17201] loss: 0.20574
[  2, 17251] loss: 0.16429
[  2, 17301] loss: 0.14307
[  2, 17351] loss: 0.16449
[  2, 17401] loss: 0.17984
[  2, 17451] loss: 0.18299
[  2, 17501] loss: 0.14437
[  2, 17551] loss: 0.16280
[  2, 17601] loss: 0.10220
[  2, 17651] loss: 0.15514
[  2, 17701] loss: 0.16319
[  2, 17751] loss: 0.12321
[  2, 17801] loss: 0.11771
[  2, 17851] loss: 0.11357
[  2, 17901] loss: 0.22928
[  2, 17951] loss: 0.15540
[  2, 18001] loss: 0.14449
[  2, 18051] loss: 0.15089
[  2, 18101] loss: 0.32269
[  2, 18151] loss: 0.14954
[  2, 18201] loss: 0.14951
[  2, 18251] loss: 0.14405
[  2, 18301] loss: 0.27331
[  2, 18351] loss: 0.14907
[  2, 18401] loss: 0.13042
[  2, 18451] loss: 0.13575
[  2, 18501] loss: 0.14002
[  2, 18551] loss: 0.46931
[  2, 18601] loss: 0.13238
[  2, 18651] loss: 0.18292
[  2, 18701] loss: 0.09717
[  2, 18751] loss: 0.12045
[  2, 18801] loss: 0.12482
[  2, 18851] loss: 0.50829
[  2, 18901] loss: 0.15581
[  2, 18951] loss: 0.11393
[  2, 19001] loss: 0.17946
[  2, 19051] loss: 0.12187
[  2, 19101] loss: 0.15606
[  2, 19151] loss: 0.21947
[  2, 19201] loss: 0.14389
[  2, 19251] loss: 0.11896
[  2, 19301] loss: 0.11683
[  2, 19351] loss: 0.09465
[  2, 19401] loss: 0.08586
[  2, 19451] loss: 0.09543
[  2, 19501] loss: 0.17901
[  2, 19551] loss: 0.15164
[  2, 19601] loss: 0.10949
[  2, 19651] loss: 0.11762
[  2, 19701] loss: 0.13413
[  2, 19751] loss: 0.15266
[  2, 19801] loss: 0.14581
[  2, 19851] loss: 0.18450
[  2, 19901] loss: 0.11860
[  2, 19951] loss: 0.09139
[  2, 20001] loss: 0.12627
[  2, 20051] loss: 0.10872
[  2, 20101] loss: 0.16516
[  2, 20151] loss: 0.28009
[  2, 20201] loss: 0.39506
[  2, 20251] loss: 0.13346
[  2, 20301] loss: 0.28353
[  2, 20351] loss: 0.69331
[  2, 20401] loss: 0.52855
[  2, 20451] loss: 0.12342
[  2, 20501] loss: 0.51953
[  2, 20551] loss: 0.86615
[  2, 20601] loss: 1.06327
[  2, 20651] loss: 0.23903
[  2, 20701] loss: 0.16782
[  2, 20751] loss: 0.76156
[  2, 20801] loss: 0.84250
[  2, 20851] loss: 0.34095
[  2, 20901] loss: 0.10179
[  2, 20951] loss: 0.13901
[  2, 21001] loss: 0.37474
[  2, 21051] loss: 0.62239
[  2, 21101] loss: 0.40849
[  2, 21151] loss: 0.11867
[  2, 21201] loss: 0.18094
[  2, 21251] loss: 0.47026
[  2, 21301] loss: 0.40499
[  2, 21351] loss: 0.13504
[  2, 21401] loss: 0.12742
[  2, 21451] loss: 0.11889
[  2, 21501] loss: 0.21241
[  2, 21551] loss: 0.13326
[  2, 21601] loss: 0.13239
[  2, 21651] loss: 0.11672
[  2, 21701] loss: 0.09505
[  2, 21751] loss: 0.14584
[  2, 21801] loss: 0.19466
[  2, 21851] loss: 0.15054
[  2, 21901] loss: 0.21697
[  2, 21951] loss: 0.60790
[  2, 22001] loss: 0.10700
[  2, 22051] loss: 0.21632
[  2, 22101] loss: 0.24517
[  2, 22151] loss: 0.20486
[  2, 22201] loss: 0.10738
[  2, 22251] loss: 0.10820
[  2, 22301] loss: 0.10878
[  2, 22351] loss: 0.14400
[  2, 22401] loss: 0.12808
[  2, 22451] loss: 0.11720
[  2, 22501] loss: 0.09419
[  2, 22551] loss: 0.14134
[  2, 22601] loss: 0.18431
[  2, 22651] loss: 0.11435
[  2, 22701] loss: 0.11711
[  2, 22751] loss: 0.10544
[  2, 22801] loss: 0.17387
[  2, 22851] loss: 0.17723
[  2, 22901] loss: 0.11417
[  2, 22951] loss: 0.13937
[  2, 23001] loss: 0.32868
[  2, 23051] loss: 0.14695
[  2, 23101] loss: 0.11748
[  2, 23151] loss: 0.09968
[  2, 23201] loss: 0.39645
[  2, 23251] loss: 0.21901
[  2, 23301] loss: 0.11669
[  2, 23351] loss: 0.11374
[  2, 23401] loss: 0.23296
[  2, 23451] loss: 0.16998
[  2, 23501] loss: 0.11836
[  2, 23551] loss: 0.11739
[  2, 23601] loss: 0.11009
[  2, 23651] loss: 0.10281
[  2, 23701] loss: 0.10343
[  2, 23751] loss: 0.09840
[  2, 23801] loss: 0.08778
[  2, 23851] loss: 0.09208
[  2, 23901] loss: 0.09938
[  2, 23951] loss: 0.31317
[  2, 24001] loss: 0.09032
[  2, 24051] loss: 0.08931
[  2, 24101] loss: 0.08025
[  2, 24151] loss: 0.14103
[  2, 24201] loss: 0.11336
[  2, 24251] loss: 0.09228
[  2, 24301] loss: 0.09497
[  2, 24351] loss: 0.25461
[  2, 24401] loss: 0.23929
[  2, 24451] loss: 0.12028
[  2, 24501] loss: 0.09296
[  2, 24551] loss: 0.25197
[  2, 24601] loss: 0.38169
[  2, 24651] loss: 0.24472
[  2, 24701] loss: 0.09948
[  2, 24751] loss: 0.17194
[  2, 24801] loss: 0.46024
[  2, 24851] loss: 0.27421
[  2, 24901] loss: 0.10250
[  2, 24951] loss: 0.14568
[  3,     1] loss: 0.74693
[  3,    51] loss: 0.13379
[  3,   101] loss: 0.30389
[  3,   151] loss: 0.05813
[  3,   201] loss: 0.12708
[  3,   251] loss: 0.36077
[  3,   301] loss: 0.20350
[  3,   351] loss: 0.04689
[  3,   401] loss: 0.21004
[  3,   451] loss: 0.37315
[  3,   501] loss: 0.16229
[  3,   551] loss: 0.05196
[  3,   601] loss: 0.30591
[  3,   651] loss: 0.28546
[  3,   701] loss: 0.23605
[  3,   751] loss: 0.10157
[  3,   801] loss: 0.19572
[  3,   851] loss: 0.43053
[  3,   901] loss: 0.44270
[  3,   951] loss: 0.10980
[  3,  1001] loss: 0.17333
[  3,  1051] loss: 0.88609
[  3,  1101] loss: 0.98639
[  3,  1151] loss: 0.18623
[  3,  1201] loss: 0.14015
[  3,  1251] loss: 0.83160
[  3,  1301] loss: 1.21515
[  3,  1351] loss: 0.86476
[  3,  1401] loss: 0.08510
[  3,  1451] loss: 0.24908
[  3,  1501] loss: 1.35602
[  3,  1551] loss: 1.81626
[  3,  1601] loss: 0.93508
[  3,  1651] loss: 0.35212
[  3,  1701] loss: 0.38104
[  3,  1751] loss: 1.03933
[  3,  1801] loss: 0.79007
[  3,  1851] loss: 0.31236
[  3,  1901] loss: 0.06620
[  3,  1951] loss: 0.18173
[  3,  2001] loss: 0.36378
[  3,  2051] loss: 0.27046
[  3,  2101] loss: 0.23093
[  3,  2151] loss: 0.05972
[  3,  2201] loss: 0.14772
[  3,  2251] loss: 0.06039
[  3,  2301] loss: 0.06024
[  3,  2351] loss: 0.16123
[  3,  2401] loss: 0.05160
[  3,  2451] loss: 0.11861
[  3,  2501] loss: 0.14635
[  3,  2551] loss: 0.08523
[  3,  2601] loss: 0.05712
[  3,  2651] loss: 0.13755
[  3,  2701] loss: 0.51001
[  3,  2751] loss: 0.11164
[  3,  2801] loss: 0.07114
[  3,  2851] loss: 0.16124
[  3,  2901] loss: 0.65792
[  3,  2951] loss: 0.41063
[  3,  3001] loss: 0.11708
[  3,  3051] loss: 0.21827
[  3,  3101] loss: 1.01387
[  3,  3151] loss: 1.06530
[  3,  3201] loss: 0.68376
[  3,  3251] loss: 0.14257
[  3,  3301] loss: 0.04056
[  3,  3351] loss: 0.46942
[  3,  3401] loss: 1.80425
[  3,  3451] loss: 1.57004
[  3,  3501] loss: 0.63175
[  3,  3551] loss: 0.29425
[  3,  3601] loss: 0.25304
[  3,  3651] loss: 0.70105
[  3,  3701] loss: 1.03851
[  3,  3751] loss: 0.53798
[  3,  3801] loss: 0.13444
[  3,  3851] loss: 0.22003
[  3,  3901] loss: 0.45288
[  3,  3951] loss: 0.62787
[  3,  4001] loss: 0.32358
[  3,  4051] loss: 0.05414
[  3,  4101] loss: 0.34824
[  3,  4151] loss: 0.62857
[  3,  4201] loss: 0.60619
[  3,  4251] loss: 0.31887
[  3,  4301] loss: 0.08373
[  3,  4351] loss: 0.26696
[  3,  4401] loss: 0.65418
[  3,  4451] loss: 0.61142
[  3,  4501] loss: 0.26936
[  3,  4551] loss: 0.08119
[  3,  4601] loss: 0.36212
[  3,  4651] loss: 0.63808
[  3,  4701] loss: 0.59766
[  3,  4751] loss: 0.45309
[  3,  4801] loss: 0.04591
[  3,  4851] loss: 0.07423
[  3,  4901] loss: 0.65303
[  3,  4951] loss: 0.98512
[  3,  5001] loss: 0.60976
[  3,  5051] loss: 0.15518
[  3,  5101] loss: 0.07341
[  3,  5151] loss: 0.64129
[  3,  5201] loss: 0.66538
[  3,  5251] loss: 0.58724
[  3,  5301] loss: 0.28444
[  3,  5351] loss: 0.06489
[  3,  5401] loss: 0.36381
[  3,  5451] loss: 1.00662
[  3,  5501] loss: 0.72214
[  3,  5551] loss: 0.28521
[  3,  5601] loss: 0.04526
[  3,  5651] loss: 0.28637
[  3,  5701] loss: 0.53854
[  3,  5751] loss: 1.02502
[  3,  5801] loss: 0.46352
[  3,  5851] loss: 0.07732
[  3,  5901] loss: 0.15424
[  3,  5951] loss: 0.81821
[  3,  6001] loss: 0.55008
[  3,  6051] loss: 0.39578
[  3,  6101] loss: 0.09144
[  3,  6151] loss: 0.41941
[  3,  6201] loss: 0.14226
[  3,  6251] loss: 0.44644
[  3,  6301] loss: 0.19138
[  3,  6351] loss: 0.23364
[  3,  6401] loss: 0.05750
[  3,  6451] loss: 0.07325
[  3,  6501] loss: 0.09280
[  3,  6551] loss: 0.10744
[  3,  6601] loss: 0.50344
[  3,  6651] loss: 0.10737
[  3,  6701] loss: 0.33762
[  3,  6751] loss: 0.09107
[  3,  6801] loss: 0.06842
[  3,  6851] loss: 0.09373
[  3,  6901] loss: 0.08592
[  3,  6951] loss: 0.06344
[  3,  7001] loss: 0.08782
[  3,  7051] loss: 0.07233
[  3,  7101] loss: 0.09033
[  3,  7151] loss: 0.12785
[  3,  7201] loss: 0.08754
[  3,  7251] loss: 0.07791
[  3,  7301] loss: 0.16269
[  3,  7351] loss: 0.04275
[  3,  7401] loss: 0.06760
[  3,  7451] loss: 0.06936
[  3,  7501] loss: 0.04036
[  3,  7551] loss: 0.29692
[  3,  7601] loss: 0.06220
[  3,  7651] loss: 0.12398
[  3,  7701] loss: 0.16285
[  3,  7751] loss: 0.04917
[  3,  7801] loss: 0.07583
[  3,  7851] loss: 0.13092
[  3,  7901] loss: 0.13537
[  3,  7951] loss: 0.10849
[  3,  8001] loss: 0.08415
[  3,  8051] loss: 0.16573
[  3,  8101] loss: 0.32985
[  3,  8151] loss: 0.11379
[  3,  8201] loss: 0.58481
[  3,  8251] loss: 0.33244
[  3,  8301] loss: 0.24368
[  3,  8351] loss: 0.23238
[  3,  8401] loss: 0.17132
[  3,  8451] loss: 0.05609
[  3,  8501] loss: 0.04850
[  3,  8551] loss: 0.05054
[  3,  8601] loss: 0.07227
[  3,  8651] loss: 0.08952
[  3,  8701] loss: 0.05233
[  3,  8751] loss: 0.09918
[  3,  8801] loss: 0.18206
[  3,  8851] loss: 0.47419
[  3,  8901] loss: 0.19557
[  3,  8951] loss: 0.02778
[  3,  9001] loss: 0.10990
[  3,  9051] loss: 0.68273
[  3,  9101] loss: 0.65403
[  3,  9151] loss: 0.57318
[  3,  9201] loss: 0.16849
[  3,  9251] loss: 0.50746
[  3,  9301] loss: 0.46233
[  3,  9351] loss: 1.03954
[  3,  9401] loss: 0.92485
[  3,  9451] loss: 0.16028
[  3,  9501] loss: 0.03407
[  3,  9551] loss: 0.35085
[  3,  9601] loss: 0.49995
[  3,  9651] loss: 0.61428
[  3,  9701] loss: 0.30752
[  3,  9751] loss: 0.08229
[  3,  9801] loss: 0.09191
[  3,  9851] loss: 0.53557
[  3,  9901] loss: 0.61351
[  3,  9951] loss: 0.39096
[  3, 10001] loss: 0.10465
[  3, 10051] loss: 0.09787
[  3, 10101] loss: 0.43886
[  3, 10151] loss: 0.67245
[  3, 10201] loss: 0.45254
[  3, 10251] loss: 0.15896
[  3, 10301] loss: 0.12414
[  3, 10351] loss: 0.51726
[  3, 10401] loss: 0.76512
[  3, 10451] loss: 0.45808
[  3, 10501] loss: 0.24797
[  3, 10551] loss: 0.10637
[  3, 10601] loss: 0.65734
[  3, 10651] loss: 0.53791
[  3, 10701] loss: 0.55708
[  3, 10751] loss: 0.22712
[  3, 10801] loss: 0.04353
[  3, 10851] loss: 0.18043
[  3, 10901] loss: 0.26941
[  3, 10951] loss: 0.22088
[  3, 11001] loss: 0.16450
[  3, 11051] loss: 0.05602
[  3, 11101] loss: 0.09681
[  3, 11151] loss: 0.11958
[  3, 11201] loss: 0.04612
[  3, 11251] loss: 0.07022
[  3, 11301] loss: 0.10646
[  3, 11351] loss: 0.55342
[  3, 11401] loss: 0.08547
[  3, 11451] loss: 0.08101
[  3, 11501] loss: 0.13219
[  3, 11551] loss: 0.18974
[  3, 11601] loss: 0.27456
[  3, 11651] loss: 0.51307
[  3, 11701] loss: 0.04153
[  3, 11751] loss: 0.08072
[  3, 11801] loss: 0.52685
[  3, 11851] loss: 0.76870
[  3, 11901] loss: 0.40381
[  3, 11951] loss: 0.02256
[  3, 12001] loss: 0.03533
[  3, 12051] loss: 1.01478
[  3, 12101] loss: 1.84824
[  3, 12151] loss: 0.55640
[  3, 12201] loss: 0.06758
[  3, 12251] loss: 0.02793
[  3, 12301] loss: 0.73661
[  3, 12351] loss: 1.62449
[  3, 12401] loss: 1.05246
[  3, 12451] loss: 0.30116
[  3, 12501] loss: 0.04630
[  3, 12551] loss: 0.67200
[  3, 12601] loss: 1.08616
[  3, 12651] loss: 1.27920
[  3, 12701] loss: 1.19063
[  3, 12751] loss: 0.12564
[  3, 12801] loss: 0.11241
[  3, 12851] loss: 0.71743
[  3, 12901] loss: 0.51815
[  3, 12951] loss: 1.24543
[  3, 13001] loss: 0.49154
[  3, 13051] loss: 0.15801
[  3, 13101] loss: 0.05172
[  3, 13151] loss: 0.10930
[  3, 13201] loss: 0.20453
[  3, 13251] loss: 0.24563
[  3, 13301] loss: 1.05113
[  3, 13351] loss: 0.84110
[  3, 13401] loss: 0.17775
[  3, 13451] loss: 0.06949
[  3, 13501] loss: 0.22073
[  3, 13551] loss: 0.95217
[  3, 13601] loss: 0.84422
[  3, 13651] loss: 0.73723
[  3, 13701] loss: 0.23890
[  3, 13751] loss: 0.13448
[  3, 13801] loss: 0.35188
[  3, 13851] loss: 0.66317
[  3, 13901] loss: 0.46548
[  3, 13951] loss: 0.32398
[  3, 14001] loss: 0.08387
[  3, 14051] loss: 0.09680
[  3, 14101] loss: 0.27318
[  3, 14151] loss: 0.16624
[  3, 14201] loss: 0.10015
[  3, 14251] loss: 0.07750
[  3, 14301] loss: 0.05374
[  3, 14351] loss: 0.06827
[  3, 14401] loss: 0.08109
[  3, 14451] loss: 0.14674
[  3, 14501] loss: 0.04416
[  3, 14551] loss: 0.06809
[  3, 14601] loss: 0.12886
[  3, 14651] loss: 0.09264
[  3, 14701] loss: 0.08106
[  3, 14751] loss: 0.10324
[  3, 14801] loss: 0.14964
[  3, 14851] loss: 0.18581
[  3, 14901] loss: 0.07986
[  3, 14951] loss: 0.06497
[  3, 15001] loss: 0.08011
[  3, 15051] loss: 0.62967
[  3, 15101] loss: 0.63828
[  3, 15151] loss: 0.34712
[  3, 15201] loss: 0.09849
[  3, 15251] loss: 0.02351
[  3, 15301] loss: 0.19534
[  3, 15351] loss: 0.71522
[  3, 15401] loss: 0.59239
[  3, 15451] loss: 0.31569
[  3, 15501] loss: 0.10106
[  3, 15551] loss: 0.06449
[  3, 15601] loss: 0.45773
[  3, 15651] loss: 0.35396
[  3, 15701] loss: 0.08972
[  3, 15751] loss: 0.14513
[  3, 15801] loss: 0.09460
[  3, 15851] loss: 0.09116
[  3, 15901] loss: 0.14657
[  3, 15951] loss: 0.09077
[  3, 16001] loss: 0.33181
[  3, 16051] loss: 0.04554
[  3, 16101] loss: 0.10689
[  3, 16151] loss: 0.43151
[  3, 16201] loss: 0.13114
[  3, 16251] loss: 0.09880
[  3, 16301] loss: 0.12462
[  3, 16351] loss: 0.14034
[  3, 16401] loss: 0.07482
[  3, 16451] loss: 0.05858
[  3, 16501] loss: 0.10931
[  3, 16551] loss: 0.16589
[  3, 16601] loss: 0.31895
[  3, 16651] loss: 0.45458
[  3, 16701] loss: 0.06815
[  3, 16751] loss: 0.24147
[  3, 16801] loss: 0.14306
[  3, 16851] loss: 0.14374
[  3, 16901] loss: 0.24967
[  3, 16951] loss: 0.06412
[  3, 17001] loss: 0.28843
[  3, 17051] loss: 0.21290
[  3, 17101] loss: 0.07568
[  3, 17151] loss: 0.08100
[  3, 17201] loss: 0.14318
[  3, 17251] loss: 0.12483
[  3, 17301] loss: 0.10646
[  3, 17351] loss: 0.05900
[  3, 17401] loss: 0.07647
[  3, 17451] loss: 0.09408
[  3, 17501] loss: 0.05467
[  3, 17551] loss: 0.27470
[  3, 17601] loss: 0.05470
[  3, 17651] loss: 0.10774
[  3, 17701] loss: 0.03205
[  3, 17751] loss: 0.06398
[  3, 17801] loss: 0.24689
[  3, 17851] loss: 0.05402
[  3, 17901] loss: 0.27317
[  3, 17951] loss: 0.07699
[  3, 18001] loss: 0.09988
[  3, 18051] loss: 0.08050
[  3, 18101] loss: 0.31458
[  3, 18151] loss: 0.07429
[  3, 18201] loss: 0.04783
[  3, 18251] loss: 0.14672
[  3, 18301] loss: 0.16310
[  3, 18351] loss: 0.10495
[  3, 18401] loss: 0.05781
[  3, 18451] loss: 0.10487
[  3, 18501] loss: 0.16643
[  3, 18551] loss: 0.70088
[  3, 18601] loss: 0.08865
[  3, 18651] loss: 0.08934
[  3, 18701] loss: 0.06584
[  3, 18751] loss: 0.14645
[  3, 18801] loss: 0.17928
[  3, 18851] loss: 0.59494
[  3, 18901] loss: 0.19779
[  3, 18951] loss: 0.04997
[  3, 19001] loss: 0.10061
[  3, 19051] loss: 0.27209
[  3, 19101] loss: 0.32637
[  3, 19151] loss: 0.12178
[  3, 19201] loss: 0.07084
[  3, 19251] loss: 0.11421
[  3, 19301] loss: 0.26142
[  3, 19351] loss: 0.35996
[  3, 19401] loss: 0.34280
[  3, 19451] loss: 0.16378
[  3, 19501] loss: 0.07421
[  3, 19551] loss: 0.12304
[  3, 19601] loss: 0.20401
[  3, 19651] loss: 0.73394
[  3, 19701] loss: 0.49315
[  3, 19751] loss: 0.17915
[  3, 19801] loss: 0.08252
[  3, 19851] loss: 0.25205
[  3, 19901] loss: 0.54584
[  3, 19951] loss: 0.54559
[  3, 20001] loss: 0.19441
[  3, 20051] loss: 0.09242
[  3, 20101] loss: 0.06291
[  3, 20151] loss: 0.07539
[  3, 20201] loss: 1.01962
[  3, 20251] loss: 0.74576
[  3, 20301] loss: 0.25390
[  3, 20351] loss: 0.06474
[  3, 20401] loss: 0.01244
[  3, 20451] loss: 0.52662
[  3, 20501] loss: 0.80071
[  3, 20551] loss: 0.52672
[  3, 20601] loss: 0.21449
[  3, 20651] loss: 0.07662
[  3, 20701] loss: 0.54884
[  3, 20751] loss: 0.33317
[  3, 20801] loss: 0.54330
[  3, 20851] loss: 0.30440
[  3, 20901] loss: 0.07987
[  3, 20951] loss: 0.18228
[  3, 21001] loss: 0.49267
[  3, 21051] loss: 0.37334
[  3, 21101] loss: 0.28767
[  3, 21151] loss: 0.09633
[  3, 21201] loss: 0.11992
[  3, 21251] loss: 0.17233
[  3, 21301] loss: 0.40692
[  3, 21351] loss: 0.55595
[  3, 21401] loss: 0.08601
[  3, 21451] loss: 0.14834
[  3, 21501] loss: 0.25335
[  3, 21551] loss: 0.28328
[  3, 21601] loss: 0.09650
[  3, 21651] loss: 0.13881
[  3, 21701] loss: 0.09697
[  3, 21751] loss: 0.05483
[  3, 21801] loss: 0.45606
[  3, 21851] loss: 0.11075
[  3, 21901] loss: 0.18915
[  3, 21951] loss: 0.69869
[  3, 22001] loss: 0.09350
[  3, 22051] loss: 0.30628
[  3, 22101] loss: 0.08269
[  3, 22151] loss: 0.07782
[  3, 22201] loss: 0.06160
[  3, 22251] loss: 0.05830
[  3, 22301] loss: 0.06611
[  3, 22351] loss: 0.12027
[  3, 22401] loss: 0.05102
[  3, 22451] loss: 0.05764
[  3, 22501] loss: 0.06216
[  3, 22551] loss: 0.06747
[  3, 22601] loss: 0.09094
[  3, 22651] loss: 0.06701
[  3, 22701] loss: 0.06778
[  3, 22751] loss: 0.02836
[  3, 22801] loss: 0.08470
[  3, 22851] loss: 0.03577
[  3, 22901] loss: 0.09833
[  3, 22951] loss: 0.08636
[  3, 23001] loss: 0.04073
[  3, 23051] loss: 0.02620
[  3, 23101] loss: 0.08409
[  3, 23151] loss: 0.07000
[  3, 23201] loss: 0.35623
[  3, 23251] loss: 0.13642
[  3, 23301] loss: 0.05750
[  3, 23351] loss: 0.07058
[  3, 23401] loss: 0.16522
[  3, 23451] loss: 0.17428
[  3, 23501] loss: 0.11044
[  3, 23551] loss: 0.13106
[  3, 23601] loss: 0.06352
[  3, 23651] loss: 0.17257
[  3, 23701] loss: 0.09487
[  3, 23751] loss: 0.07104
[  3, 23801] loss: 0.08139
[  3, 23851] loss: 0.05035
[  3, 23901] loss: 0.09943
[  3, 23951] loss: 0.52058
[  3, 24001] loss: 0.11010
[  3, 24051] loss: 0.08532
[  3, 24101] loss: 0.07991
[  3, 24151] loss: 0.05378
[  3, 24201] loss: 0.06918
[  3, 24251] loss: 0.13534
[  3, 24301] loss: 0.09258
[  3, 24351] loss: 0.07695
[  3, 24401] loss: 0.08797
[  3, 24451] loss: 0.08140
[  3, 24501] loss: 0.14826
[  3, 24551] loss: 0.14011
[  3, 24601] loss: 0.08940
[  3, 24651] loss: 0.06383
[  3, 24701] loss: 0.13526
[  3, 24751] loss: 0.10384
[  3, 24801] loss: 0.06112
[  3, 24851] loss: 0.12450
[  3, 24901] loss: 0.07297
[  3, 24951] loss: 0.10961
[  4,     1] loss: 0.53418
[  4,    51] loss: 0.12591
[  4,   101] loss: 0.06708
[  4,   151] loss: 0.07037
[  4,   201] loss: 0.05116
[  4,   251] loss: 0.08344
[  4,   301] loss: 0.04990
[  4,   351] loss: 0.08300
[  4,   401] loss: 0.02312
[  4,   451] loss: 0.02037
[  4,   501] loss: 0.07355
[  4,   551] loss: 0.09146
[  4,   601] loss: 0.05514
[  4,   651] loss: 0.03246
[  4,   701] loss: 0.02654
[  4,   751] loss: 0.07668
[  4,   801] loss: 0.11869
[  4,   851] loss: 0.07503
[  4,   901] loss: 0.04857
[  4,   951] loss: 0.04492
[  4,  1001] loss: 0.05297
[  4,  1051] loss: 0.02388
[  4,  1101] loss: 0.56036
[  4,  1151] loss: 0.05446
[  4,  1201] loss: 0.05307
[  4,  1251] loss: 0.02957
[  4,  1301] loss: 0.00616
[  4,  1351] loss: 0.01147
[  4,  1401] loss: 0.11790
[  4,  1451] loss: 0.23838
[  4,  1501] loss: 0.05059
[  4,  1551] loss: 0.01972
[  4,  1601] loss: 0.00852
[  4,  1651] loss: 0.53343
[  4,  1701] loss: 0.14953
[  4,  1751] loss: 0.06677
[  4,  1801] loss: 0.10769
[  4,  1851] loss: 0.12895
[  4,  1901] loss: 0.10636
[  4,  1951] loss: 0.03949
[  4,  2001] loss: 0.19074
[  4,  2051] loss: 0.22669
[  4,  2101] loss: 0.56675
[  4,  2151] loss: 0.11744
[  4,  2201] loss: 0.03441
[  4,  2251] loss: 0.08185
[  4,  2301] loss: 0.10688
[  4,  2351] loss: 0.26881
[  4,  2401] loss: 0.12662
[  4,  2451] loss: 0.10222
[  4,  2501] loss: 0.05345
[  4,  2551] loss: 0.02780
[  4,  2601] loss: 0.05857
[  4,  2651] loss: 0.03726
[  4,  2701] loss: 0.04502
[  4,  2751] loss: 0.03765
[  4,  2801] loss: 0.09203
[  4,  2851] loss: 0.04279
[  4,  2901] loss: 0.01092
[  4,  2951] loss: 0.00915
[  4,  3001] loss: 0.03650
[  4,  3051] loss: 0.30312
[  4,  3101] loss: 0.38206
[  4,  3151] loss: 0.00540
[  4,  3201] loss: 0.00323
[  4,  3251] loss: 0.05473
[  4,  3301] loss: 0.33009
[  4,  3351] loss: 0.16665
[  4,  3401] loss: 0.03144
[  4,  3451] loss: 0.01010
[  4,  3501] loss: 0.00362
[  4,  3551] loss: 0.49907
[  4,  3601] loss: 0.55814
[  4,  3651] loss: 0.20377
[  4,  3701] loss: 0.11046
[  4,  3751] loss: 0.02451
[  4,  3801] loss: 0.02077
[  4,  3851] loss: 0.06941
[  4,  3901] loss: 0.15067
[  4,  3951] loss: 0.15136
[  4,  4001] loss: 0.29310
[  4,  4051] loss: 0.13478
[  4,  4101] loss: 0.02000
[  4,  4151] loss: 0.00433
[  4,  4201] loss: 0.00505
[  4,  4251] loss: 0.23786
[  4,  4301] loss: 0.02551
[  4,  4351] loss: 0.01962
[  4,  4401] loss: 0.00873
[  4,  4451] loss: 0.00631
[  4,  4501] loss: 0.01523
[  4,  4551] loss: 0.41570
[  4,  4601] loss: 0.97631
[  4,  4651] loss: 0.47426
[  4,  4701] loss: 0.00518
[  4,  4751] loss: 0.00717
[  4,  4801] loss: 0.25149
[  4,  4851] loss: 0.73528
[  4,  4901] loss: 0.39038
[  4,  4951] loss: 0.52528
[  4,  5001] loss: 0.20398
[  4,  5051] loss: 0.04166
[  4,  5101] loss: 0.26710
[  4,  5151] loss: 0.58261
[  4,  5201] loss: 0.08328
[  4,  5251] loss: 0.04357
[  4,  5301] loss: 0.02674
[  4,  5351] loss: 0.03334
[  4,  5401] loss: 0.02534
[  4,  5451] loss: 0.31460
[  4,  5501] loss: 0.02967
[  4,  5551] loss: 0.01309
[  4,  5601] loss: 0.05569
[  4,  5651] loss: 0.02535
[  4,  5701] loss: 0.00843
[  4,  5751] loss: 0.00354
[  4,  5801] loss: 0.00417
[  4,  5851] loss: 0.07557
[  4,  5901] loss: 0.09292
[  4,  5951] loss: 0.01186
[  4,  6001] loss: 0.02510
[  4,  6051] loss: 0.05181
[  4,  6101] loss: 0.01791
[  4,  6151] loss: 0.51882
[  4,  6201] loss: 0.06705
[  4,  6251] loss: 0.69051
[  4,  6301] loss: 0.08066
[  4,  6351] loss: 0.10747
[  4,  6401] loss: 0.03667
[  4,  6451] loss: 0.03938
[  4,  6501] loss: 0.09256
[  4,  6551] loss: 0.19522
[  4,  6601] loss: 0.68640
[  4,  6651] loss: 0.05963
[  4,  6701] loss: 0.56974
[  4,  6751] loss: 0.05160
[  4,  6801] loss: 0.05540
[  4,  6851] loss: 0.03603
[  4,  6901] loss: 0.13426
[  4,  6951] loss: 0.15895
[  4,  7001] loss: 0.09291
[  4,  7051] loss: 0.02642
[  4,  7101] loss: 0.05843
[  4,  7151] loss: 0.02986
[  4,  7201] loss: 0.03399
[  4,  7251] loss: 0.02893
[  4,  7301] loss: 0.30786
[  4,  7351] loss: 0.13142
[  4,  7401] loss: 0.05171
[  4,  7451] loss: 0.05947
[  4,  7501] loss: 0.02952
[  4,  7551] loss: 0.53771
[  4,  7601] loss: 0.03466
[  4,  7651] loss: 0.03162
[  4,  7701] loss: 0.03308
[  4,  7751] loss: 0.04051
[  4,  7801] loss: 0.06342
[  4,  7851] loss: 0.04423
[  4,  7901] loss: 0.04469
[  4,  7951] loss: 0.03988
[  4,  8001] loss: 0.05090
[  4,  8051] loss: 0.01559
[  4,  8101] loss: 0.01357
[  4,  8151] loss: 0.01259
[  4,  8201] loss: 0.88595
[  4,  8251] loss: 0.41973
[  4,  8301] loss: 0.02161
[  4,  8351] loss: 0.01582
[  4,  8401] loss: 0.01063
[  4,  8451] loss: 0.06209
[  4,  8501] loss: 0.08673
[  4,  8551] loss: 0.16968
[  4,  8601] loss: 0.08141
[  4,  8651] loss: 0.11434
[  4,  8701] loss: 0.04754
[  4,  8751] loss: 0.02553
[  4,  8801] loss: 0.01719
[  4,  8851] loss: 0.03653
[  4,  8901] loss: 0.64479
[  4,  8951] loss: 0.87527
[  4,  9001] loss: 0.35957
[  4,  9051] loss: 0.17400
[  4,  9101] loss: 0.00281
[  4,  9151] loss: 0.09523
[  4,  9201] loss: 1.09260
[  4,  9251] loss: 2.50414
[  4,  9301] loss: 1.20421
[  4,  9351] loss: 0.15614
[  4,  9401] loss: 0.01761
[  4,  9451] loss: 0.07146
[  4,  9501] loss: 1.00929
[  4,  9551] loss: 1.12056
[  4,  9601] loss: 1.01615
[  4,  9651] loss: 0.37852
[  4,  9701] loss: 0.04291
[  4,  9751] loss: 0.10002
[  4,  9801] loss: 0.55461
[  4,  9851] loss: 0.80503
[  4,  9901] loss: 0.56611
[  4,  9951] loss: 0.15300
[  4, 10001] loss: 0.03125
[  4, 10051] loss: 0.03371
[  4, 10101] loss: 0.11462
[  4, 10151] loss: 0.12211
[  4, 10201] loss: 0.13539
[  4, 10251] loss: 0.15545
[  4, 10301] loss: 0.03933
[  4, 10351] loss: 0.01850
[  4, 10401] loss: 0.00198
[  4, 10451] loss: 0.01013
[  4, 10501] loss: 0.02277
[  4, 10551] loss: 0.03686
[  4, 10601] loss: 0.63119
[  4, 10651] loss: 0.18454
[  4, 10701] loss: 0.00267
[  4, 10751] loss: 0.02886
[  4, 10801] loss: 0.12602
[  4, 10851] loss: 0.06699
[  4, 10901] loss: 0.02646
[  4, 10951] loss: 0.05469
[  4, 11001] loss: 0.15674
[  4, 11051] loss: 0.01918
[  4, 11101] loss: 0.01492
[  4, 11151] loss: 0.04281
[  4, 11201] loss: 0.10624
[  4, 11251] loss: 0.14030
[  4, 11301] loss: 0.07316
[  4, 11351] loss: 0.91386
[  4, 11401] loss: 0.07470
[  4, 11451] loss: 0.04972
[  4, 11501] loss: 0.03085
[  4, 11551] loss: 0.08556
[  4, 11601] loss: 0.06027
[  4, 11651] loss: 0.73365
[  4, 11701] loss: 0.69034
[  4, 11751] loss: 0.17060
[  4, 11801] loss: 0.05084
[  4, 11851] loss: 0.00191
[  4, 11901] loss: 0.00539
[  4, 11951] loss: 0.23562
[  4, 12001] loss: 0.36521
[  4, 12051] loss: 0.16679
[  4, 12101] loss: 0.37858
[  4, 12151] loss: 0.00106
[  4, 12201] loss: 0.00660
[  4, 12251] loss: 0.12979
[  4, 12301] loss: 0.06859
[  4, 12351] loss: 0.01767
[  4, 12401] loss: 0.00094
[  4, 12451] loss: 0.00385
[  4, 12501] loss: 0.02524
[  4, 12551] loss: 0.02945
[  4, 12601] loss: 0.00606
[  4, 12651] loss: 0.00266
[  4, 12701] loss: 0.00254
[  4, 12751] loss: 0.01598
[  4, 12801] loss: 0.09227
[  4, 12851] loss: 0.03690
[  4, 12901] loss: 0.06333
[  4, 12951] loss: 0.04904
[  4, 13001] loss: 0.01821
[  4, 13051] loss: 0.01346
[  4, 13101] loss: 0.12195
[  4, 13151] loss: 0.17462
[  4, 13201] loss: 0.30120
[  4, 13251] loss: 0.14609
[  4, 13301] loss: 0.01515
[  4, 13351] loss: 0.00967
[  4, 13401] loss: 0.02150
[  4, 13451] loss: 0.37327
[  4, 13501] loss: 0.63090
[  4, 13551] loss: 0.38992
[  4, 13601] loss: 0.00425
[  4, 13651] loss: 0.00267
[  4, 13701] loss: 0.01812
[  4, 13751] loss: 0.57948
[  4, 13801] loss: 0.68617
[  4, 13851] loss: 0.21803
[  4, 13901] loss: 0.06718
[  4, 13951] loss: 0.04359
[  4, 14001] loss: 0.02646
[  4, 14051] loss: 0.06124
[  4, 14101] loss: 0.21634
[  4, 14151] loss: 0.68178
[  4, 14201] loss: 0.48509
[  4, 14251] loss: 0.06697
[  4, 14301] loss: 0.01316
[  4, 14351] loss: 0.12588
[  4, 14401] loss: 0.32466
[  4, 14451] loss: 0.53162
[  4, 14501] loss: 0.31632
[  4, 14551] loss: 0.22111
[  4, 14601] loss: 0.05556
[  4, 14651] loss: 0.01745
[  4, 14701] loss: 0.02519
[  4, 14751] loss: 0.20350
[  4, 14801] loss: 0.36171
[  4, 14851] loss: 0.29580
[  4, 14901] loss: 0.18465
[  4, 14951] loss: 0.12960
[  4, 15001] loss: 0.06801
[  4, 15051] loss: 0.53668
[  4, 15101] loss: 0.00670
[  4, 15151] loss: 0.18122
[  4, 15201] loss: 0.46308
[  4, 15251] loss: 1.16133
[  4, 15301] loss: 0.53146
[  4, 15351] loss: 0.15370
[  4, 15401] loss: 0.00239
[  4, 15451] loss: 0.32416
[  4, 15501] loss: 0.49075
[  4, 15551] loss: 1.15586
[  4, 15601] loss: 0.31398
[  4, 15651] loss: 0.09210
[  4, 15701] loss: 0.00751
[  4, 15751] loss: 0.00867
[  4, 15801] loss: 0.02588
[  4, 15851] loss: 0.05584
[  4, 15901] loss: 0.21775
[  4, 15951] loss: 0.45935
[  4, 16001] loss: 0.90440
[  4, 16051] loss: 0.26819
[  4, 16101] loss: 0.04263
[  4, 16151] loss: 0.53728
[  4, 16201] loss: 0.24307
[  4, 16251] loss: 0.04206
[  4, 16301] loss: 0.08544
[  4, 16351] loss: 0.17572
[  4, 16401] loss: 0.41785
[  4, 16451] loss: 0.43864
[  4, 16501] loss: 0.17053
[  4, 16551] loss: 0.01578
[  4, 16601] loss: 0.00367
[  4, 16651] loss: 0.70392
[  4, 16701] loss: 0.26115
[  4, 16751] loss: 1.26347
[  4, 16801] loss: 0.41336
[  4, 16851] loss: 0.08148
[  4, 16901] loss: 0.02915
[  4, 16951] loss: 0.03909
[  4, 17001] loss: 0.51766
[  4, 17051] loss: 0.73448
[  4, 17101] loss: 0.71154
[  4, 17151] loss: 0.33988
[  4, 17201] loss: 0.17116
[  4, 17251] loss: 0.01319
[  4, 17301] loss: 0.02205
[  4, 17351] loss: 0.24242
[  4, 17401] loss: 0.46069
[  4, 17451] loss: 0.60040
[  4, 17501] loss: 0.24874
[  4, 17551] loss: 0.14895
[  4, 17601] loss: 0.04086
[  4, 17651] loss: 0.08702
[  4, 17701] loss: 0.41441
[  4, 17751] loss: 0.38007
[  4, 17801] loss: 0.74441
[  4, 17851] loss: 0.15738
[  4, 17901] loss: 0.35706
[  4, 17951] loss: 0.02490
[  4, 18001] loss: 0.09993
[  4, 18051] loss: 0.10515
[  4, 18101] loss: 0.48311
[  4, 18151] loss: 0.31042
[  4, 18201] loss: 0.40749
[  4, 18251] loss: 0.08240
[  4, 18301] loss: 0.01760
[  4, 18351] loss: 0.04814
[  4, 18401] loss: 0.14947
[  4, 18451] loss: 0.21545
[  4, 18501] loss: 0.27868
[  4, 18551] loss: 0.78868
[  4, 18601] loss: 0.05135
[  4, 18651] loss: 0.03862
[  4, 18701] loss: 0.03545
[  4, 18751] loss: 0.07733
[  4, 18801] loss: 0.10951
[  4, 18851] loss: 0.80617
[  4, 18901] loss: 0.06890
[  4, 18951] loss: 0.02433
[  4, 19001] loss: 0.03077
[  4, 19051] loss: 0.04720
[  4, 19101] loss: 0.01710
[  4, 19151] loss: 0.01655
[  4, 19201] loss: 0.02269
[  4, 19251] loss: 0.04403
[  4, 19301] loss: 0.02548
[  4, 19351] loss: 0.00764
[  4, 19401] loss: 0.03168
[  4, 19451] loss: 0.04720
[  4, 19501] loss: 0.13826
[  4, 19551] loss: 0.21558
[  4, 19601] loss: 0.29248
[  4, 19651] loss: 0.04901
[  4, 19701] loss: 0.00474
[  4, 19751] loss: 0.08100
[  4, 19801] loss: 0.34070
[  4, 19851] loss: 0.84631
[  4, 19901] loss: 0.25622
[  4, 19951] loss: 0.04686
[  4, 20001] loss: 0.06234
[  4, 20051] loss: 0.07325
[  4, 20101] loss: 0.55484
[  4, 20151] loss: 0.58935
[  4, 20201] loss: 0.62593
[  4, 20251] loss: 0.07089
[  4, 20301] loss: 0.01384
[  4, 20351] loss: 0.01983
[  4, 20401] loss: 0.15914
[  4, 20451] loss: 0.20907
[  4, 20501] loss: 0.01559
[  4, 20551] loss: 0.00442
[  4, 20601] loss: 0.00326
[  4, 20651] loss: 0.02910
[  4, 20701] loss: 0.00470
[  4, 20751] loss: 0.00047
[  4, 20801] loss: 0.00923
[  4, 20851] loss: 0.01379
[  4, 20901] loss: 0.02832
[  4, 20951] loss: 0.01670
[  4, 21001] loss: 0.00393
[  4, 21051] loss: 0.01664
[  4, 21101] loss: 0.00331
[  4, 21151] loss: 0.02316
[  4, 21201] loss: 0.06765
[  4, 21251] loss: 0.01123
[  4, 21301] loss: 0.00465
[  4, 21351] loss: 0.01065
[  4, 21401] loss: 0.02329
[  4, 21451] loss: 0.01064
[  4, 21501] loss: 0.02681
[  4, 21551] loss: 0.03311
[  4, 21601] loss: 0.03948
[  4, 21651] loss: 0.03956
[  4, 21701] loss: 0.02213
[  4, 21751] loss: 0.10570
[  4, 21801] loss: 0.41398
[  4, 21851] loss: 0.03850
[  4, 21901] loss: 0.01300
[  4, 21951] loss: 0.91567
[  4, 22001] loss: 0.02756
[  4, 22051] loss: 0.18839
[  4, 22101] loss: 0.01777
[  4, 22151] loss: 0.02499
[  4, 22201] loss: 0.03294
[  4, 22251] loss: 0.04016
[  4, 22301] loss: 0.02866
[  4, 22351] loss: 0.01120
[  4, 22401] loss: 0.02235
[  4, 22451] loss: 0.02639
[  4, 22501] loss: 0.01801
[  4, 22551] loss: 0.05774
[  4, 22601] loss: 0.02354
[  4, 22651] loss: 0.05200
[  4, 22701] loss: 0.03888
[  4, 22751] loss: 0.07790
[  4, 22801] loss: 0.01388
[  4, 22851] loss: 0.00809
[  4, 22901] loss: 0.03626
[  4, 22951] loss: 0.00851
[  4, 23001] loss: 0.03160
[  4, 23051] loss: 0.01821
[  4, 23101] loss: 0.02695
[  4, 23151] loss: 0.00993
[  4, 23201] loss: 0.41733
[  4, 23251] loss: 0.04383
[  4, 23301] loss: 0.02684
[  4, 23351] loss: 0.06802
[  4, 23401] loss: 0.02368
[  4, 23451] loss: 0.01013
[  4, 23501] loss: 0.04082
[  4, 23551] loss: 0.02616
[  4, 23601] loss: 0.04455
[  4, 23651] loss: 0.03728
[  4, 23701] loss: 0.01615
[  4, 23751] loss: 0.03773
[  4, 23801] loss: 0.04448
[  4, 23851] loss: 0.02051
[  4, 23901] loss: 0.02058
[  4, 23951] loss: 0.72018
[  4, 24001] loss: 0.02714
[  4, 24051] loss: 0.02242
[  4, 24101] loss: 0.02414
[  4, 24151] loss: 0.02688
[  4, 24201] loss: 0.01816
[  4, 24251] loss: 0.03267
[  4, 24301] loss: 0.04205
[  4, 24351] loss: 0.02192
[  4, 24401] loss: 0.02571
[  4, 24451] loss: 0.04000
[  4, 24501] loss: 0.03040
[  4, 24551] loss: 0.03213
[  4, 24601] loss: 0.01330
[  4, 24651] loss: 0.00921
[  4, 24701] loss: 0.01959
[  4, 24751] loss: 0.02551
[  4, 24801] loss: 0.00421
[  4, 24851] loss: 0.00784
[  4, 24901] loss: 0.02714
[  4, 24951] loss: 0.02199
[  5,     1] loss: 0.68248
[  5,    51] loss: 0.00510
[  5,   101] loss: 0.00793
[  5,   151] loss: 0.03599
[  5,   201] loss: 0.01739
[  5,   251] loss: 0.01840
[  5,   301] loss: 0.01400
[  5,   351] loss: 0.02887
[  5,   401] loss: 0.01977
[  5,   451] loss: 0.00644
[  5,   501] loss: 0.01038
[  5,   551] loss: 0.02153
[  5,   601] loss: 0.02677
[  5,   651] loss: 0.03556
[  5,   701] loss: 0.05172
[  5,   751] loss: 0.06071
[  5,   801] loss: 0.01184
[  5,   851] loss: 0.00655
[  5,   901] loss: 0.00647
[  5,   951] loss: 0.03709
[  5,  1001] loss: 0.03742
[  5,  1051] loss: 0.01827
[  5,  1101] loss: 0.81441
[  5,  1151] loss: 0.07264
[  5,  1201] loss: 0.04396
[  5,  1251] loss: 0.00965
[  5,  1301] loss: 0.04088
[  5,  1351] loss: 0.01613
[  5,  1401] loss: 0.00564
[  5,  1451] loss: 0.00271
[  5,  1501] loss: 0.05307
[  5,  1551] loss: 0.08483
[  5,  1601] loss: 0.15209
[  5,  1651] loss: 0.78703
[  5,  1701] loss: 0.00127
[  5,  1751] loss: 0.00092
[  5,  1801] loss: 0.00921
[  5,  1851] loss: 0.02950
[  5,  1901] loss: 0.11354
[  5,  1951] loss: 0.21020
[  5,  2001] loss: 0.07039
[  5,  2051] loss: 0.01222
[  5,  2101] loss: 0.58555
[  5,  2151] loss: 0.11081
[  5,  2201] loss: 0.02979
[  5,  2251] loss: 0.04228
[  5,  2301] loss: 0.14335
[  5,  2351] loss: 0.53624
[  5,  2401] loss: 0.23302
[  5,  2451] loss: 0.01609
[  5,  2501] loss: 0.01902
[  5,  2551] loss: 0.04009
[  5,  2601] loss: 0.08310
[  5,  2651] loss: 0.03510
[  5,  2701] loss: 0.10699
[  5,  2751] loss: 0.02826
[  5,  2801] loss: 0.14562
[  5,  2851] loss: 0.03835
[  5,  2901] loss: 0.00741
[  5,  2951] loss: 0.01040
[  5,  3001] loss: 0.01659
[  5,  3051] loss: 0.32550
[  5,  3101] loss: 0.45036
[  5,  3151] loss: 0.05625
[  5,  3201] loss: 0.02881
[  5,  3251] loss: 0.02668
[  5,  3301] loss: 0.01178
[  5,  3351] loss: 0.00991
[  5,  3401] loss: 0.02870
[  5,  3451] loss: 0.01522
[  5,  3501] loss: 0.01283
[  5,  3551] loss: 0.50467
[  5,  3601] loss: 0.00111
[  5,  3651] loss: 0.00684
[  5,  3701] loss: 0.00297
[  5,  3751] loss: 0.06916
[  5,  3801] loss: 0.15570
[  5,  3851] loss: 0.02291
[  5,  3901] loss: 0.00556
[  5,  3951] loss: 0.00098
[  5,  4001] loss: 0.00169
[  5,  4051] loss: 0.00617
[  5,  4101] loss: 0.01462
[  5,  4151] loss: 0.00730
[  5,  4201] loss: 0.01411
[  5,  4251] loss: 0.67362
[  5,  4301] loss: 0.18189
[  5,  4351] loss: 0.22292
[  5,  4401] loss: 0.01484
[  5,  4451] loss: 0.02616
[  5,  4501] loss: 0.00595
[  5,  4551] loss: 0.00309
[  5,  4601] loss: 0.82108
[  5,  4651] loss: 1.13230
[  5,  4701] loss: 0.66903
[  5,  4751] loss: 0.43431
[  5,  4801] loss: 0.10057
[  5,  4851] loss: 0.01030
[  5,  4901] loss: 0.00913
[  5,  4951] loss: 0.71377
[  5,  5001] loss: 1.36416
[  5,  5051] loss: 0.62527
[  5,  5101] loss: 0.23552
[  5,  5151] loss: 0.24207
[  5,  5201] loss: 0.00174
[  5,  5251] loss: 0.04506
[  5,  5301] loss: 0.26129
[  5,  5351] loss: 0.57701
[  5,  5401] loss: 0.14540
[  5,  5451] loss: 0.32369
[  5,  5501] loss: 0.00554
[  5,  5551] loss: 0.01463
[  5,  5601] loss: 0.10409
[  5,  5651] loss: 0.02384
[  5,  5701] loss: 0.00592
[  5,  5751] loss: 0.00265
[  5,  5801] loss: 0.04243
[  5,  5851] loss: 0.14543
[  5,  5901] loss: 0.13048
[  5,  5951] loss: 0.08332
[  5,  6001] loss: 0.05756
[  5,  6051] loss: 0.09758
[  5,  6101] loss: 0.04452
[  5,  6151] loss: 0.65358
[  5,  6201] loss: 0.00831
[  5,  6251] loss: 0.63970
[  5,  6301] loss: 0.02521
[  5,  6351] loss: 0.07156
[  5,  6401] loss: 0.32000
[  5,  6451] loss: 0.06752
[  5,  6501] loss: 0.05472
[  5,  6551] loss: 0.01350
[  5,  6601] loss: 0.86350
[  5,  6651] loss: 0.01165
[  5,  6701] loss: 0.81031
[  5,  6751] loss: 0.17550
[  5,  6801] loss: 0.17708
[  5,  6851] loss: 0.13681
[  5,  6901] loss: 0.04539
[  5,  6951] loss: 0.01257
[  5,  7001] loss: 0.00769
[  5,  7051] loss: 0.02294
[  5,  7101] loss: 0.25418
[  5,  7151] loss: 0.21921
[  5,  7201] loss: 0.28557
[  5,  7251] loss: 0.10425
[  5,  7301] loss: 0.36509
[  5,  7351] loss: 0.01228
[  5,  7401] loss: 0.05811
[  5,  7451] loss: 0.21238
[  5,  7501] loss: 0.20130
[  5,  7551] loss: 0.85684
[  5,  7601] loss: 0.21026
[  5,  7651] loss: 0.04344
[  5,  7701] loss: 0.02582
[  5,  7751] loss: 0.01304
[  5,  7801] loss: 0.03624
[  5,  7851] loss: 0.03918
[  5,  7901] loss: 0.15232
[  5,  7951] loss: 0.14089
[  5,  8001] loss: 0.25085
[  5,  8051] loss: 0.06813
[  5,  8101] loss: 0.03363
[  5,  8151] loss: 0.03341
[  5,  8201] loss: 1.06580
[  5,  8251] loss: 0.52201
[  5,  8301] loss: 0.00730
[  5,  8351] loss: 0.06177
[  5,  8401] loss: 0.06423
[  5,  8451] loss: 0.09241
[  5,  8501] loss: 0.06264
[  5,  8551] loss: 0.09633
[  5,  8601] loss: 0.06275
[  5,  8651] loss: 0.05107
[  5,  8701] loss: 0.13825
[  5,  8751] loss: 0.02460
[  5,  8801] loss: 0.01345
[  5,  8851] loss: 0.06784
[  5,  8901] loss: 0.01137
[  5,  8951] loss: 0.00284
[  5,  9001] loss: 0.03820
[  5,  9051] loss: 1.29737
[  5,  9101] loss: 0.61601
[  5,  9151] loss: 0.11296
[  5,  9201] loss: 0.01011
[  5,  9251] loss: 1.02369
[  5,  9301] loss: 0.00038
[  5,  9351] loss: 0.09172
[  5,  9401] loss: 1.37154
[  5,  9451] loss: 1.07891
[  5,  9501] loss: 0.66703
[  5,  9551] loss: 0.00149
[  5,  9601] loss: 0.00277
[  5,  9651] loss: 0.01899
[  5,  9701] loss: 0.95297
[  5,  9751] loss: 2.54798
[  5,  9801] loss: 0.88671
[  5,  9851] loss: 0.01086
[  5,  9901] loss: 0.00012
[  5,  9951] loss: 0.00250
[  5, 10001] loss: 0.14661
[  5, 10051] loss: 0.57435
[  5, 10101] loss: 0.10860
[  5, 10151] loss: 0.06352
[  5, 10201] loss: 0.15067
[  5, 10251] loss: 0.21301
[  5, 10301] loss: 0.37041
[  5, 10351] loss: 0.05512
[  5, 10401] loss: 0.00529
[  5, 10451] loss: 0.01316
[  5, 10501] loss: 0.16379
[  5, 10551] loss: 0.31037
[  5, 10601] loss: 1.28579
[  5, 10651] loss: 0.55553
[  5, 10701] loss: 0.05608
[  5, 10751] loss: 0.02173
[  5, 10801] loss: 0.00968
[  5, 10851] loss: 0.02065
[  5, 10901] loss: 0.09815
[  5, 10951] loss: 0.18143
[  5, 11001] loss: 0.20904
[  5, 11051] loss: 0.32517
[  5, 11101] loss: 0.27471
[  5, 11151] loss: 0.03140
[  5, 11201] loss: 0.01013
[  5, 11251] loss: 0.02258
[  5, 11301] loss: 0.15707
[  5, 11351] loss: 1.31307
[  5, 11401] loss: 0.20160
[  5, 11451] loss: 0.12142
[  5, 11501] loss: 0.21027
[  5, 11551] loss: 0.08953
[  5, 11601] loss: 0.00450
[  5, 11651] loss: 0.85769
[  5, 11701] loss: 0.00755
[  5, 11751] loss: 0.03213
[  5, 11801] loss: 0.32081
[  5, 11851] loss: 0.43676
[  5, 11901] loss: 0.22006
[  5, 11951] loss: 0.07777
[  5, 12001] loss: 0.04761
[  5, 12051] loss: 0.00055
[  5, 12101] loss: 0.45665
[  5, 12151] loss: 0.04597
[  5, 12201] loss: 0.06547
[  5, 12251] loss: 0.07379
[  5, 12301] loss: 0.00040
[  5, 12351] loss: 0.01290
[  5, 12401] loss: 0.00210
[  5, 12451] loss: 0.20838
[  5, 12501] loss: 0.47849
[  5, 12551] loss: 0.23070
[  5, 12601] loss: 0.07072
[  5, 12651] loss: 0.00303
[  5, 12701] loss: 0.00074
[  5, 12751] loss: 0.17502
[  5, 12801] loss: 0.48339
[  5, 12851] loss: 0.37617
[  5, 12901] loss: 0.23572
[  5, 12951] loss: 0.06574
[  5, 13001] loss: 0.01167
[  5, 13051] loss: 0.00979
[  5, 13101] loss: 0.03743
[  5, 13151] loss: 0.02896
[  5, 13201] loss: 0.04310
[  5, 13251] loss: 0.24210
[  5, 13301] loss: 0.64722
[  5, 13351] loss: 0.43663
[  5, 13401] loss: 0.03647
[  5, 13451] loss: 0.00392
[  5, 13501] loss: 0.00021
[  5, 13551] loss: 0.02263
[  5, 13601] loss: 0.44626
[  5, 13651] loss: 0.51782
[  5, 13701] loss: 0.85414
[  5, 13751] loss: 0.21153
[  5, 13801] loss: 0.01548
[  5, 13851] loss: 0.00032
[  5, 13901] loss: 0.02528
[  5, 13951] loss: 0.23140
[  5, 14001] loss: 1.00075
[  5, 14051] loss: 0.52070
[  5, 14101] loss: 0.02697
[  5, 14151] loss: 0.03113
[  5, 14201] loss: 0.00734
[  5, 14251] loss: 0.03470
[  5, 14301] loss: 0.42420
[  5, 14351] loss: 0.42169
[  5, 14401] loss: 0.29828
[  5, 14451] loss: 0.14270
[  5, 14501] loss: 0.00992
[  5, 14551] loss: 0.01817
[  5, 14601] loss: 0.29806
[  5, 14651] loss: 0.68086
[  5, 14701] loss: 0.34167
[  5, 14751] loss: 0.14354
[  5, 14801] loss: 0.02264
[  5, 14851] loss: 0.03359
[  5, 14901] loss: 0.01439
[  5, 14951] loss: 0.04886
[  5, 15001] loss: 0.47380
[  5, 15051] loss: 1.43415
[  5, 15101] loss: 0.42103
[  5, 15151] loss: 0.48254
[  5, 15201] loss: 0.00113
[  5, 15251] loss: 0.00073
[  5, 15301] loss: 0.00283
[  5, 15351] loss: 0.34504
[  5, 15401] loss: 0.64907
[  5, 15451] loss: 1.07232
[  5, 15501] loss: 0.30201
[  5, 15551] loss: 0.09482
[  5, 15601] loss: 0.00131
[  5, 15651] loss: 0.00335
[  5, 15701] loss: 0.14872
[  5, 15751] loss: 0.38483
[  5, 15801] loss: 0.81478
[  5, 15851] loss: 0.41918
[  5, 15901] loss: 0.04611
[  5, 15951] loss: 0.00440
[  5, 16001] loss: 0.45508
[  5, 16051] loss: 0.04362
[  5, 16101] loss: 0.82547
[  5, 16151] loss: 1.45108
[  5, 16201] loss: 0.85018
[  5, 16251] loss: 0.93676
[  5, 16301] loss: 0.00858
[  5, 16351] loss: 0.02566
[  5, 16401] loss: 0.04206
[  5, 16451] loss: 0.15971
[  5, 16501] loss: 1.30443
[  5, 16551] loss: 2.69177
[  5, 16601] loss: 0.85353
[  5, 16651] loss: 0.62943
[  5, 16701] loss: 0.06051
[  5, 16751] loss: 0.48628
[  5, 16801] loss: 0.10426
[  5, 16851] loss: 0.66429
[  5, 16901] loss: 1.53156
[  5, 16951] loss: 2.83895
[  5, 17001] loss: 1.20765
[  5, 17051] loss: 0.41474
[  5, 17101] loss: 0.00521
[  5, 17151] loss: 0.06475
[  5, 17201] loss: 1.26746
[  5, 17251] loss: 2.58746
[  5, 17301] loss: 1.88693
[  5, 17351] loss: 1.74563
[  5, 17401] loss: 0.43408
[  5, 17451] loss: 0.00546
[  5, 17501] loss: 0.08465
[  5, 17551] loss: 1.17251
[  5, 17601] loss: 3.09698
[  5, 17651] loss: 2.81071
[  5, 17701] loss: 1.70013
[  5, 17751] loss: 0.94218
[  5, 17801] loss: 0.31955
[  5, 17851] loss: 0.13547
[  5, 17901] loss: 1.90692
[  5, 17951] loss: 1.26880
[  5, 18001] loss: 2.07844
[  5, 18051] loss: 2.10111
[  5, 18101] loss: 0.95095
[  5, 18151] loss: 0.02072
[  5, 18201] loss: 0.01199
[  5, 18251] loss: 1.17898
[  5, 18301] loss: 2.54862
[  5, 18351] loss: 2.19778
[  5, 18401] loss: 1.58785
[  5, 18451] loss: 1.02252
[  5, 18501] loss: 0.02064
[  5, 18551] loss: 0.69451
[  5, 18601] loss: 0.49574
[  5, 18651] loss: 1.34683
[  5, 18701] loss: 1.54559
[  5, 18751] loss: 1.37344
[  5, 18801] loss: 0.76494
[  5, 18851] loss: 0.61087
[  5, 18901] loss: 0.06928
[  5, 18951] loss: 0.27326
[  5, 19001] loss: 0.51482
[  5, 19051] loss: 0.71705
[  5, 19101] loss: 0.90360
[  5, 19151] loss: 0.68350
[  5, 19201] loss: 0.20292
[  5, 19251] loss: 0.12717
[  5, 19301] loss: 0.18846
[  5, 19351] loss: 0.08683
[  5, 19401] loss: 0.10846
[  5, 19451] loss: 0.94773
[  5, 19501] loss: 0.42866
[  5, 19551] loss: 0.46821
[  5, 19601] loss: 0.24096
[  5, 19651] loss: 0.39743
[  5, 19701] loss: 0.12475
[  5, 19751] loss: 0.09872
[  5, 19801] loss: 0.07121
[  5, 19851] loss: 0.06711
[  5, 19901] loss: 0.35834
[  5, 19951] loss: 1.18315
[  5, 20001] loss: 1.45176
[  5, 20051] loss: 1.68463
[  5, 20101] loss: 0.45568
[  5, 20151] loss: 0.03182
[  5, 20201] loss: 0.34987
[  5, 20251] loss: 0.75798
[  5, 20301] loss: 0.93164
[  5, 20351] loss: 0.97345
[  5, 20401] loss: 1.08640
[  5, 20451] loss: 0.09038
[  5, 20501] loss: 0.00100
[  5, 20551] loss: 0.01001
[  5, 20601] loss: 0.02004
[  5, 20651] loss: 0.19381
[  5, 20701] loss: 0.17319
[  5, 20751] loss: 0.06789
[  5, 20801] loss: 0.08688
[  5, 20851] loss: 0.45286
[  5, 20901] loss: 0.43418
[  5, 20951] loss: 0.53088
[  5, 21001] loss: 0.11763
[  5, 21051] loss: 0.04946
[  5, 21101] loss: 0.07391
[  5, 21151] loss: 0.16846
[  5, 21201] loss: 0.22622
[  5, 21251] loss: 0.10777
[  5, 21301] loss: 0.10883
[  5, 21351] loss: 0.08097
[  5, 21401] loss: 0.12038
[  5, 21451] loss: 0.15342
[  5, 21501] loss: 0.12514
[  5, 21551] loss: 0.02394
[  5, 21601] loss: 0.02845
[  5, 21651] loss: 0.02253
[  5, 21701] loss: 0.02276
[  5, 21751] loss: 0.10199
[  5, 21801] loss: 0.53231
[  5, 21851] loss: 0.07069
[  5, 21901] loss: 0.07632
[  5, 21951] loss: 0.86072
[  5, 22001] loss: 0.05480
[  5, 22051] loss: 0.25489
[  5, 22101] loss: 0.04364
[  5, 22151] loss: 0.07345
[  5, 22201] loss: 0.02640
[  5, 22251] loss: 0.08676
[  5, 22301] loss: 0.01701
[  5, 22351] loss: 0.06100
[  5, 22401] loss: 0.01641
[  5, 22451] loss: 0.03839
[  5, 22501] loss: 0.05531
[  5, 22551] loss: 0.10214
[  5, 22601] loss: 0.11100
[  5, 22651] loss: 0.07527
[  5, 22701] loss: 0.08844
[  5, 22751] loss: 0.02183
[  5, 22801] loss: 0.05434
[  5, 22851] loss: 0.02943
[  5, 22901] loss: 0.07512
[  5, 22951] loss: 0.02531
[  5, 23001] loss: 0.10143
[  5, 23051] loss: 0.08239
[  5, 23101] loss: 0.04677
[  5, 23151] loss: 0.05928
[  5, 23201] loss: 0.43067
[  5, 23251] loss: 0.05416
[  5, 23301] loss: 0.02848
[  5, 23351] loss: 0.03459
[  5, 23401] loss: 0.12250
[  5, 23451] loss: 0.04242
[  5, 23501] loss: 0.10641
[  5, 23551] loss: 0.12501
[  5, 23601] loss: 0.04109
[  5, 23651] loss: 0.06246
[  5, 23701] loss: 0.10368
[  5, 23751] loss: 0.09566
[  5, 23801] loss: 0.09128
[  5, 23851] loss: 0.11973
[  5, 23901] loss: 0.07925
[  5, 23951] loss: 0.74896
[  5, 24001] loss: 0.18418
[  5, 24051] loss: 0.05190
[  5, 24101] loss: 0.04160
[  5, 24151] loss: 0.04394
[  5, 24201] loss: 0.10895
[  5, 24251] loss: 0.05867
[  5, 24301] loss: 0.03425
[  5, 24351] loss: 0.03460
[  5, 24401] loss: 0.09501
[  5, 24451] loss: 0.09650
[  5, 24501] loss: 0.03630
[  5, 24551] loss: 0.06178
[  5, 24601] loss: 0.04250
[  5, 24651] loss: 0.06511
[  5, 24701] loss: 0.04189
[  5, 24751] loss: 0.03702
[  5, 24801] loss: 0.03539
[  5, 24851] loss: 0.10452
[  5, 24901] loss: 0.05475
[  5, 24951] loss: 0.05728
Finished training
Accuracy on train: 0.99260
Accuracy on test: 0.65544
