{'word_context': 29, 'word_embed_size': 50, 'word_conv_units': 300, 'hidden_units': 10, 'drop_amount': 0.2, 'dropout': True, 'batch_size': 50}
train set done
test set done
<bound method MixedNet.parameters of MixedNet (
  (W_wrd): DataParallel (
    (module): Embedding(89528, 50)
  )
  (word_level_conv): DataParallel (
    (module): Conv2d(1, 300, kernel_size=(50, 29), stride=(1, 1), padding=(0, 14))
  )
  (word_level_maxpool): DataParallel (
    (module): AdaptiveMaxPool2d (output_size=(300, 1))
  )
  (fc1): DataParallel (
    (module): Linear (300 -> 10)
  )
  (fc2): DataParallel (
    (module): Linear (10 -> 2)
  )
  (dropout): DataParallel (
    (module): Dropout (p = 0.2)
  )
)>
[  1,     1] loss: 0.72943
[  1,    51] loss: 0.75524
[  1,   101] loss: 0.69112
[  1,   151] loss: 0.74039
[  1,   201] loss: 0.70891
[  1,   251] loss: 0.76382
[  1,   301] loss: 0.70374
[  1,   351] loss: 0.70753
[  1,   401] loss: 0.68035
[  1,   451] loss: 0.69370
[  1,   501] loss: 0.69217
[  1,   551] loss: 0.68713
[  1,   601] loss: 0.69524
[  1,   651] loss: 0.67792
[  1,   701] loss: 0.67864
[  1,   751] loss: 0.67840
[  1,   801] loss: 0.69219
[  1,   851] loss: 0.73328
[  1,   901] loss: 0.71202
[  1,   951] loss: 0.68743
[  1,  1001] loss: 0.68808
[  1,  1051] loss: 0.69914
[  1,  1101] loss: 0.69512
[  1,  1151] loss: 0.69983
[  1,  1201] loss: 0.68836
[  1,  1251] loss: 0.68009
[  1,  1301] loss: 0.69868
[  1,  1351] loss: 0.69210
[  1,  1401] loss: 0.68039
[  1,  1451] loss: 0.69231
[  1,  1501] loss: 0.67629
[  1,  1551] loss: 0.69170
[  1,  1601] loss: 0.69087
[  1,  1651] loss: 0.68110
[  1,  1701] loss: 0.67804
[  1,  1751] loss: 0.68476
[  1,  1801] loss: 0.70366
[  1,  1851] loss: 0.66879
[  1,  1901] loss: 0.68348
[  1,  1951] loss: 0.68987
[  1,  2001] loss: 0.70766
[  1,  2051] loss: 0.71120
[  1,  2101] loss: 0.67932
[  1,  2151] loss: 0.67845
[  1,  2201] loss: 0.68461
[  1,  2251] loss: 0.69398
[  1,  2301] loss: 0.68173
[  1,  2351] loss: 0.69477
[  1,  2401] loss: 0.70267
[  1,  2451] loss: 0.68085
[  1,  2501] loss: 0.67585
[  1,  2551] loss: 0.71072
[  1,  2601] loss: 0.70032
[  1,  2651] loss: 0.69097
[  1,  2701] loss: 0.68312
[  1,  2751] loss: 0.68200
[  1,  2801] loss: 0.69531
[  1,  2851] loss: 0.67148
[  1,  2901] loss: 0.68248
[  1,  2951] loss: 0.71929
[  1,  3001] loss: 0.68331
[  1,  3051] loss: 0.67994
[  1,  3101] loss: 0.69418
[  1,  3151] loss: 0.68036
[  1,  3201] loss: 0.69069
[  1,  3251] loss: 0.67768
[  1,  3301] loss: 0.66938
[  1,  3351] loss: 0.69015
[  1,  3401] loss: 0.68007
[  1,  3451] loss: 0.69655
[  1,  3501] loss: 0.68341
[  1,  3551] loss: 0.68780
[  1,  3601] loss: 0.69079
[  1,  3651] loss: 0.71012
[  1,  3701] loss: 0.70547
[  1,  3751] loss: 0.69011
[  1,  3801] loss: 0.70159
[  1,  3851] loss: 0.70827
[  1,  3901] loss: 0.69072
[  1,  3951] loss: 0.70052
[  1,  4001] loss: 0.68322
[  1,  4051] loss: 0.67918
[  1,  4101] loss: 0.67895
[  1,  4151] loss: 0.65226
[  1,  4201] loss: 0.69402
[  1,  4251] loss: 0.72581
[  1,  4301] loss: 0.73309
[  1,  4351] loss: 0.68180
[  1,  4401] loss: 0.68483
[  1,  4451] loss: 0.70309
[  1,  4501] loss: 0.69966
[  1,  4551] loss: 0.70191
[  1,  4601] loss: 0.70190
[  1,  4651] loss: 0.69486
[  1,  4701] loss: 0.69252
[  1,  4751] loss: 0.67854
[  1,  4801] loss: 0.69484
[  1,  4851] loss: 0.70648
[  1,  4901] loss: 0.69483
[  1,  4951] loss: 0.69250
[  1,  5001] loss: 0.68328
[  1,  5051] loss: 0.69020
[  1,  5101] loss: 0.68560
[  1,  5151] loss: 0.69020
[  1,  5201] loss: 0.68330
[  1,  5251] loss: 0.68789
[  1,  5301] loss: 0.68327
[  1,  5351] loss: 0.69482
[  1,  5401] loss: 0.70644
[  1,  5451] loss: 0.69019
[  1,  5501] loss: 0.69947
[  1,  5551] loss: 0.67860
[  1,  5601] loss: 0.69715
[  1,  5651] loss: 0.69946
[  1,  5701] loss: 0.69251
[  1,  5751] loss: 0.69250
[  1,  5801] loss: 0.69250
[  1,  5851] loss: 0.68789
[  1,  5901] loss: 0.68790
[  1,  5951] loss: 0.69020
[  1,  6001] loss: 0.69250
[  1,  6051] loss: 0.69250
[  1,  6101] loss: 0.67640
[  1,  6151] loss: 0.68558
[  1,  6201] loss: 0.70871
[  1,  6251] loss: 0.69482
[  1,  6301] loss: 0.71332
[  1,  6351] loss: 0.68560
[  1,  6401] loss: 0.68561
[  1,  6451] loss: 0.69020
[  1,  6501] loss: 0.68106
[  1,  6551] loss: 0.70165
[  1,  6601] loss: 0.70164
[  1,  6651] loss: 0.68337
[  1,  6701] loss: 0.70615
[  1,  6751] loss: 0.68795
[  1,  6801] loss: 0.69248
[  1,  6851] loss: 0.68797
[  1,  6901] loss: 0.68122
[  1,  6951] loss: 0.67896
[  1,  7001] loss: 0.69248
[  1,  7051] loss: 0.68342
[  1,  7101] loss: 0.68112
[  1,  7151] loss: 0.69935
[  1,  7201] loss: 0.69708
[  1,  7251] loss: 0.69480
[  1,  7301] loss: 0.69250
[  1,  7351] loss: 0.68790
[  1,  7401] loss: 0.68328
[  1,  7451] loss: 0.70175
[  1,  7501] loss: 0.68788
[  1,  7551] loss: 0.69714
[  1,  7601] loss: 0.69714
[  1,  7651] loss: 0.70639
[  1,  7701] loss: 0.70172
[  1,  7751] loss: 0.70855
[  1,  7801] loss: 0.71296
[  1,  7851] loss: 0.68348
[  1,  7901] loss: 0.69470
[  1,  7951] loss: 0.69467
[  1,  8001] loss: 0.69465
[  1,  8051] loss: 0.70549
[  1,  8101] loss: 0.69029
[  1,  8151] loss: 0.68604
[  1,  8201] loss: 0.70724
[  1,  8251] loss: 0.69871
[  1,  8301] loss: 0.67583
[  1,  8351] loss: 0.69653
[  1,  8401] loss: 0.69036
[  1,  8451] loss: 0.69648
[  1,  8501] loss: 0.70050
[  1,  8551] loss: 0.69441
[  1,  8601] loss: 0.68841
[  1,  8651] loss: 0.70230
[  1,  8701] loss: 0.70615
[  1,  8751] loss: 0.68849
[  1,  8801] loss: 0.69431
[  1,  8851] loss: 0.69811
[  1,  8901] loss: 0.69427
[  1,  8951] loss: 0.68862
[  1,  9001] loss: 0.69423
[  1,  9051] loss: 0.69606
[  1,  9101] loss: 0.68687
[  1,  9151] loss: 0.70693
[  1,  9201] loss: 0.69056
[  1,  9251] loss: 0.69593
[  1,  9301] loss: 0.69945
[  1,  9351] loss: 0.68534
[  1,  9401] loss: 0.69584
[  1,  9451] loss: 0.69581
[  1,  9501] loss: 0.69407
[  1,  9551] loss: 0.69405
[  1,  9601] loss: 0.69066
[  1,  9651] loss: 0.69738
[  1,  9701] loss: 0.69235
[  1,  9751] loss: 0.68905
[  1,  9801] loss: 0.69892
[  1,  9851] loss: 0.70376
[  1,  9901] loss: 0.69073
[  1,  9951] loss: 0.68596
[  1, 10001] loss: 0.68600
[  1, 10051] loss: 0.69076
[  1, 10101] loss: 0.70183
[  1, 10151] loss: 0.69235
[  1, 10201] loss: 0.68766
[  1, 10251] loss: 0.68767
[  1, 10301] loss: 0.69858
[  1, 10351] loss: 0.70012
[  1, 10401] loss: 0.70316
[  1, 10451] loss: 0.69388
[  1, 10501] loss: 0.69689
[  1, 10551] loss: 0.70134
[  1, 10601] loss: 0.69383
[  1, 10651] loss: 0.69381
[  1, 10701] loss: 0.69668
[  1, 10751] loss: 0.69662
[  1, 10801] loss: 0.68256
[  1, 10851] loss: 0.69791
[  1, 10901] loss: 0.69374
[  1, 10951] loss: 0.68692
[  1, 11001] loss: 0.69237
[  1, 11051] loss: 0.69237
[  1, 11101] loss: 0.70175
[  1, 11151] loss: 0.69635
[  1, 11201] loss: 0.68975
[  1, 11251] loss: 0.69758
[  1, 11301] loss: 0.69238
[  1, 11351] loss: 0.69621
[  1, 11401] loss: 0.69870
[  1, 11451] loss: 0.69114
[  1, 11501] loss: 0.69609
[  1, 11551] loss: 0.69483
[  1, 11601] loss: 0.70080
[  1, 11651] loss: 0.68414
[  1, 11701] loss: 0.69357
[  1, 11751] loss: 0.69009
[  1, 11801] loss: 0.69471
[  1, 11851] loss: 0.69241
[  1, 11901] loss: 0.69355
[  1, 11951] loss: 0.68904
[  1, 12001] loss: 0.69130
[  1, 12051] loss: 0.69354
[  1, 12101] loss: 0.69577
[  1, 12151] loss: 0.69465
[  1, 12201] loss: 0.69242
[  1, 12251] loss: 0.69793
[  1, 12301] loss: 0.69352
[  1, 12351] loss: 0.68918
[  1, 12401] loss: 0.69243
[  1, 12451] loss: 0.68921
[  1, 12501] loss: 0.69351
[  1, 12551] loss: 0.69673
[  1, 12601] loss: 0.69457
[  1, 12651] loss: 0.69881
[  1, 12701] loss: 0.69034
[  1, 12751] loss: 0.69453
[  1, 12801] loss: 0.69348
[  1, 12851] loss: 0.69040
[  1, 12901] loss: 0.69551
[  1, 12951] loss: 0.69448
[  1, 13001] loss: 0.69748
[  1, 13051] loss: 0.69147
[  1, 13101] loss: 0.69050
[  1, 13151] loss: 0.69247
[  1, 13201] loss: 0.69247
[  1, 13251] loss: 0.69537
[  1, 13301] loss: 0.69344
[  1, 13351] loss: 0.68485
[  1, 13401] loss: 0.68769
[  1, 13451] loss: 0.69440
[  1, 13501] loss: 0.68762
[  1, 13551] loss: 0.69443
[  1, 13601] loss: 0.69543
[  1, 13651] loss: 0.68848
[  1, 13701] loss: 0.69647
[  1, 13751] loss: 0.68944
[  1, 13801] loss: 0.68941
[  1, 13851] loss: 0.68835
[  1, 13901] loss: 0.69452
[  1, 13951] loss: 0.69139
[  1, 14001] loss: 0.69244
[  1, 14051] loss: 0.70527
[  1, 14101] loss: 0.70203
[  1, 14151] loss: 0.69666
[  1, 14201] loss: 0.68828
[  1, 14251] loss: 0.69658
[  1, 14301] loss: 0.68939
[  1, 14351] loss: 0.68739
[  1, 14401] loss: 0.69448
[  1, 14451] loss: 0.69549
[  1, 14501] loss: 0.69447
[  1, 14551] loss: 0.70046
[  1, 14601] loss: 0.69345
[  1, 14651] loss: 0.69052
[  1, 14701] loss: 0.70117
[  1, 14751] loss: 0.69058
[  1, 14801] loss: 0.69155
[  1, 14851] loss: 0.69527
[  1, 14901] loss: 0.69249
[  1, 14951] loss: 0.68707
[  1, 15001] loss: 0.69430
[  1, 15051] loss: 0.69700
[  1, 15101] loss: 0.69340
[  1, 15151] loss: 0.69516
[  1, 15201] loss: 0.69513
[  1, 15251] loss: 0.69942
[  1, 15301] loss: 0.69506
[  1, 15351] loss: 0.69336
[  1, 15401] loss: 0.69012
[  1, 15451] loss: 0.69255
[  1, 15501] loss: 0.69334
[  1, 15551] loss: 0.69644
[  1, 15601] loss: 0.69257
[  1, 15651] loss: 0.69257
[  1, 15701] loss: 0.69554
[  1, 15751] loss: 0.69113
[  1, 15801] loss: 0.69259
[  1, 15851] loss: 0.68761
[  1, 15901] loss: 0.69117
[  1, 15951] loss: 0.69116
[  1, 16001] loss: 0.69403
[  1, 16051] loss: 0.69695
[  1, 16101] loss: 0.69186
[  1, 16151] loss: 0.69404
[  1, 16201] loss: 0.69403
[  1, 16251] loss: 0.69835
[  1, 16301] loss: 0.69259
[  1, 16351] loss: 0.69681
[  1, 16401] loss: 0.68848
[  1, 16451] loss: 0.69056
[  1, 16501] loss: 0.69329
[  1, 16551] loss: 0.69601
[  1, 16601] loss: 0.69598
[  1, 16651] loss: 0.69395
[  1, 16701] loss: 0.69132
[  1, 16751] loss: 0.69263
[  1, 16801] loss: 0.69712
[  1, 16851] loss: 0.69201
[  1, 16901] loss: 0.69203
[  1, 16951] loss: 0.69204
[  1, 17001] loss: 0.69265
[  1, 17051] loss: 0.69083
[  1, 17101] loss: 0.69265
[  1, 17151] loss: 0.69326
[  1, 17201] loss: 0.69694
[  1, 17251] loss: 0.69205
[  1, 17301] loss: 0.69447
[  1, 17351] loss: 0.69206
[  1, 17401] loss: 0.69147
[  1, 17451] loss: 0.69623
[  1, 17501] loss: 0.69678
[  1, 17551] loss: 0.69325
[  1, 17601] loss: 0.69720
[  1, 17651] loss: 0.69379
[  1, 17701] loss: 0.69377
[  1, 17751] loss: 0.69426
[  1, 17801] loss: 0.69322
[  1, 17851] loss: 0.69418
[  1, 17901] loss: 0.69414
[  1, 17951] loss: 0.69632
[  1, 18001] loss: 0.69362
[  1, 18051] loss: 0.69041
[  1, 18101] loss: 0.69242
[  1, 18151] loss: 0.69169
[  1, 18201] loss: 0.69282
[  1, 18251] loss: 0.69282
[  1, 18301] loss: 0.69392
[  1, 18351] loss: 0.69319
[  1, 18401] loss: 0.69248
[  1, 18451] loss: 0.69178
[  1, 18501] loss: 0.69177
[  1, 18551] loss: 0.69355
[  1, 18601] loss: 0.69319
[  1, 18651] loss: 0.69466
[  1, 18701] loss: 0.69465
[  1, 18751] loss: 0.69355
[  1, 18801] loss: 0.69425
[  1, 18851] loss: 0.69387
[  1, 18901] loss: 0.69251
[  1, 18951] loss: 0.69285
[  1, 19001] loss: 0.69254
[  1, 19051] loss: 0.69191
[  1, 19101] loss: 0.69572
[  1, 19151] loss: 0.69256
[  1, 19201] loss: 0.69409
[  1, 19251] loss: 0.69258
[  1, 19301] loss: 0.69434
[  1, 19351] loss: 0.69289
[  1, 19401] loss: 0.69180
[  1, 19451] loss: 0.69426
[  1, 19501] loss: 0.69237
[  1, 19551] loss: 0.69423
[  1, 19601] loss: 0.69240
[  1, 19651] loss: 0.69266
[  1, 19701] loss: 0.69190
[  1, 19751] loss: 0.69395
[  1, 19801] loss: 0.69343
[  1, 19851] loss: 0.69421
[  1, 19901] loss: 0.69291
[  1, 19951] loss: 0.69367
[  1, 20001] loss: 0.69415
[  1, 20051] loss: 0.69411
[  1, 20101] loss: 0.69361
[  1, 20151] loss: 0.69316
[  1, 20201] loss: 0.69198
[  1, 20251] loss: 0.69335
[  1, 20301] loss: 0.69279
[  1, 20351] loss: 0.69188
[  1, 20401] loss: 0.69372
[  1, 20451] loss: 0.69391
[  1, 20501] loss: 0.69260
[  1, 20551] loss: 0.69279
[  1, 20601] loss: 0.69204
[  1, 20651] loss: 0.69316
[  1, 20701] loss: 0.69456
[  1, 20751] loss: 0.69276
[  1, 20801] loss: 0.69216
[  1, 20851] loss: 0.69295
[  1, 20901] loss: 0.69422
[  1, 20951] loss: 0.69337
[  1, 21001] loss: 0.69337
[  1, 21051] loss: 0.69212
[  1, 21101] loss: 0.69337
[  1, 21151] loss: 0.69380
[  1, 21201] loss: 0.69316
[  1, 21251] loss: 0.69295
[  1, 21301] loss: 0.69421
[  1, 21351] loss: 0.69296
[  1, 21401] loss: 0.69296
[  1, 21451] loss: 0.69355
[  1, 21501] loss: 0.69278
[  1, 21551] loss: 0.69278
[  1, 21601] loss: 0.69297
[  1, 21651] loss: 0.69259
[  1, 21701] loss: 0.69277
[  1, 21751] loss: 0.69375
[  1, 21801] loss: 0.69356
[  1, 21851] loss: 0.69217
[  1, 21901] loss: 0.69215
[  1, 21951] loss: 0.69210
[  1, 22001] loss: 0.69249
[  1, 22051] loss: 0.69293
[  1, 22101] loss: 0.69419
[  1, 22151] loss: 0.69317
[  1, 22201] loss: 0.69344
[  1, 22251] loss: 0.69372
[  1, 22301] loss: 0.69373
[  1, 22351] loss: 0.69345
[  1, 22401] loss: 0.69345
[  1, 22451] loss: 0.69152
[  1, 22501] loss: 0.69485
[  1, 22551] loss: 0.69289
[  1, 22601] loss: 0.69372
[  1, 22651] loss: 0.69344
[  1, 22701] loss: 0.69157
[  1, 22751] loss: 0.69371
[  1, 22801] loss: 0.69290
[  1, 22851] loss: 0.69344
[  1, 22901] loss: 0.69585
[  1, 22951] loss: 0.69342
[  1, 23001] loss: 0.69145
[  1, 23051] loss: 0.69389
[  1, 23101] loss: 0.69269
[  1, 23151] loss: 0.69224
[  1, 23201] loss: 0.69432
[  1, 23251] loss: 0.69157
[  1, 23301] loss: 0.69432
[  1, 23351] loss: 0.69362
[  1, 23401] loss: 0.69294
[  1, 23451] loss: 0.69360
[  1, 23501] loss: 0.69466
[  1, 23551] loss: 0.69356
[  1, 23601] loss: 0.69335
[  1, 23651] loss: 0.69333
[  1, 23701] loss: 0.69267
[  1, 23751] loss: 0.69331
[  1, 23801] loss: 0.69359
[  1, 23851] loss: 0.69329
[  1, 23901] loss: 0.69315
[  1, 23951] loss: 0.69315
[  1, 24001] loss: 0.69325
[  1, 24051] loss: 0.69260
[  1, 24101] loss: 0.69315
[  1, 24151] loss: 0.69332
[  1, 24201] loss: 0.69356
[  1, 24251] loss: 0.69293
[  1, 24301] loss: 0.69301
[  1, 24351] loss: 0.69335
[  1, 24401] loss: 0.69363
[  1, 24451] loss: 0.69291
[  1, 24501] loss: 0.69319
[  1, 24551] loss: 0.69311
[  1, 24601] loss: 0.69331
[  1, 24651] loss: 0.69323
[  1, 24701] loss: 0.69315
[  1, 24751] loss: 0.69318
[  1, 24801] loss: 0.69312
[  1, 24851] loss: 0.69310
[  1, 24901] loss: 0.69337
[  1, 24951] loss: 0.69302
[  2,     1] loss: 0.69315
[  2,    51] loss: 0.69299
[  2,   101] loss: 0.69297
[  2,   151] loss: 0.69305
[  2,   201] loss: 0.69348
[  2,   251] loss: 0.69407
[  2,   301] loss: 0.69237
[  2,   351] loss: 0.69280
[  2,   401] loss: 0.69352
[  2,   451] loss: 0.69290
[  2,   501] loss: 0.69302
[  2,   551] loss: 0.69329
[  2,   601] loss: 0.69343
[  2,   651] loss: 0.69287
[  2,   701] loss: 0.69200
[  2,   751] loss: 0.69393
[  2,   801] loss: 0.69299
[  2,   851] loss: 0.69382
[  2,   901] loss: 0.69365
[  2,   951] loss: 0.69316
[  2,  1001] loss: 0.69316
[  2,  1051] loss: 0.69300
[  2,  1101] loss: 0.69284
[  2,  1151] loss: 0.69269
[  2,  1201] loss: 0.69331
[  2,  1251] loss: 0.69316
[  2,  1301] loss: 0.69234
[  2,  1351] loss: 0.69384
[  2,  1401] loss: 0.69367
[  2,  1451] loss: 0.69281
[  2,  1501] loss: 0.69316
[  2,  1551] loss: 0.69401
[  2,  1601] loss: 0.69332
[  2,  1651] loss: 0.69203
[  2,  1701] loss: 0.69202
[  2,  1751] loss: 0.69316
[  2,  1801] loss: 0.69334
[  2,  1851] loss: 0.69316
[  2,  1901] loss: 0.69297
[  2,  1951] loss: 0.69237
[  2,  2001] loss: 0.69275
[  2,  2051] loss: 0.69404
[  2,  2101] loss: 0.69339
[  2,  2151] loss: 0.69316
[  2,  2201] loss: 0.69454
[  2,  2251] loss: 0.69384
[  2,  2301] loss: 0.69316
[  2,  2351] loss: 0.69295
[  2,  2401] loss: 0.69233
[  2,  2451] loss: 0.69399
[  2,  2501] loss: 0.69356
[  2,  2551] loss: 0.69179
[  2,  2601] loss: 0.69178
[  2,  2651] loss: 0.69357
[  2,  2701] loss: 0.69337
[  2,  2751] loss: 0.69208
[  2,  2801] loss: 0.69384
[  2,  2851] loss: 0.69454
[  2,  2901] loss: 0.69384
[  2,  2951] loss: 0.69294
[  2,  3001] loss: 0.69295
[  2,  3051] loss: 0.69316
[  2,  3101] loss: 0.69211
[  2,  3151] loss: 0.69337
[  2,  3201] loss: 0.69316
[  2,  3251] loss: 0.69295
[  2,  3301] loss: 0.69316
[  2,  3351] loss: 0.69382
[  2,  3401] loss: 0.69294
[  2,  3451] loss: 0.69273
[  2,  3501] loss: 0.69403
[  2,  3551] loss: 0.69338
[  2,  3601] loss: 0.69316
[  2,  3651] loss: 0.69193
[  2,  3701] loss: 0.69170
[  2,  3751] loss: 0.69338
[  2,  3801] loss: 0.69248
[  2,  3851] loss: 0.69198
[  2,  3901] loss: 0.69367
[  2,  3951] loss: 0.69212
[  2,  4001] loss: 0.69399
[  2,  4051] loss: 0.69317
[  2,  4101] loss: 0.69376
[  2,  4151] loss: 0.69406
[  2,  4201] loss: 0.69377
[  2,  4251] loss: 0.69465
[  2,  4301] loss: 0.69404
[  2,  4351] loss: 0.69289
[  2,  4401] loss: 0.69317
[  2,  4451] loss: 0.69238
[  2,  4501] loss: 0.69343
[  2,  4551] loss: 0.69240
[  2,  4601] loss: 0.69241
[  2,  4651] loss: 0.69317
[  2,  4701] loss: 0.69343
[  2,  4751] loss: 0.69497
[  2,  4801] loss: 0.69317
[  2,  4851] loss: 0.69195
[  2,  4901] loss: 0.69317
[  2,  4951] loss: 0.69341
[  2,  5001] loss: 0.69436
[  2,  5051] loss: 0.69363
[  2,  5101] loss: 0.69405
[  2,  5151] loss: 0.69358
[  2,  5201] loss: 0.69414
[  2,  5251] loss: 0.69369
[  2,  5301] loss: 0.69394
[  2,  5351] loss: 0.69315
[  2,  5401] loss: 0.69258
[  2,  5451] loss: 0.69335
[  2,  5501] loss: 0.69298
[  2,  5551] loss: 0.69367
[  2,  5601] loss: 0.69309
[  2,  5651] loss: 0.69306
[  2,  5701] loss: 0.69318
[  2,  5751] loss: 0.69317
[  2,  5801] loss: 0.69316
[  2,  5851] loss: 0.69314
[  2,  5901] loss: 0.69310
[  2,  5951] loss: 0.69309
[  2,  6001] loss: 0.69310
[  2,  6051] loss: 0.69309
[  2,  6101] loss: 0.69254
[  2,  6151] loss: 0.69276
[  2,  6201] loss: 0.69389
[  2,  6251] loss: 0.69315
[  2,  6301] loss: 0.69437
[  2,  6351] loss: 0.69253
[  2,  6401] loss: 0.69251
[  2,  6451] loss: 0.69281
[  2,  6501] loss: 0.69205
[  2,  6551] loss: 0.69376
[  2,  6601] loss: 0.69380
[  2,  6651] loss: 0.69206
[  2,  6701] loss: 0.69433
[  2,  6751] loss: 0.69245
[  2,  6801] loss: 0.69292
[  2,  6851] loss: 0.69241
[  2,  6901] loss: 0.69159
[  2,  6951] loss: 0.69122
[  2,  7001] loss: 0.69288
[  2,  7051] loss: 0.69158
[  2,  7101] loss: 0.69112
[  2,  7151] loss: 0.69393
[  2,  7201] loss: 0.69359
[  2,  7251] loss: 0.69320
[  2,  7301] loss: 0.69278
[  2,  7351] loss: 0.69188
[  2,  7401] loss: 0.69091
[  2,  7451] loss: 0.69466
[  2,  7501] loss: 0.69174
[  2,  7551] loss: 0.69374
[  2,  7601] loss: 0.69376
[  2,  7651] loss: 0.69591
[  2,  7701] loss: 0.69485
[  2,  7751] loss: 0.69647
[  2,  7801] loss: 0.69748
[  2,  7851] loss: 0.69065
[  2,  7901] loss: 0.69323
[  2,  7951] loss: 0.69322
[  2,  8001] loss: 0.69322
[  2,  8051] loss: 0.69563
[  2,  8101] loss: 0.69228
[  2,  8151] loss: 0.69137
[  2,  8201] loss: 0.69595
[  2,  8251] loss: 0.69410
[  2,  8301] loss: 0.68930
[  2,  8351] loss: 0.69364
[  2,  8401] loss: 0.69235
[  2,  8451] loss: 0.69363
[  2,  8501] loss: 0.69449
[  2,  8551] loss: 0.69320
[  2,  8601] loss: 0.69195
[  2,  8651] loss: 0.69486
[  2,  8701] loss: 0.69566
[  2,  8751] loss: 0.69200
[  2,  8801] loss: 0.69319
[  2,  8851] loss: 0.69396
[  2,  8901] loss: 0.69319
[  2,  8951] loss: 0.69210
[  2,  9001] loss: 0.69319
[  2,  9051] loss: 0.69354
[  2,  9101] loss: 0.69179
[  2,  9151] loss: 0.69563
[  2,  9201] loss: 0.69250
[  2,  9251] loss: 0.69352
[  2,  9301] loss: 0.69417
[  2,  9351] loss: 0.69158
[  2,  9401] loss: 0.69349
[  2,  9451] loss: 0.69349
[  2,  9501] loss: 0.69318
[  2,  9551] loss: 0.69318
[  2,  9601] loss: 0.69258
[  2,  9651] loss: 0.69377
[  2,  9701] loss: 0.69288
[  2,  9751] loss: 0.69231
[  2,  9801] loss: 0.69404
[  2,  9851] loss: 0.69489
[  2,  9901] loss: 0.69262
[  2,  9951] loss: 0.69182
[  2, 10001] loss: 0.69182
[  2, 10051] loss: 0.69262
[  2, 10101] loss: 0.69458
[  2, 10151] loss: 0.69289
[  2, 10201] loss: 0.69205
[  2, 10251] loss: 0.69203
[  2, 10301] loss: 0.69406
[  2, 10351] loss: 0.69437
[  2, 10401] loss: 0.69497
[  2, 10451] loss: 0.69317
[  2, 10501] loss: 0.69374
[  2, 10551] loss: 0.69455
[  2, 10601] loss: 0.69317
[  2, 10651] loss: 0.69317
[  2, 10701] loss: 0.69364
[  2, 10751] loss: 0.69362
[  2, 10801] loss: 0.69145
[  2, 10851] loss: 0.69379
[  2, 10901] loss: 0.69316
[  2, 10951] loss: 0.69217
[  2, 11001] loss: 0.69296
[  2, 11051] loss: 0.69296
[  2, 11101] loss: 0.69436
[  2, 11151] loss: 0.69355
[  2, 11201] loss: 0.69260
[  2, 11251] loss: 0.69371
[  2, 11301] loss: 0.69298
[  2, 11351] loss: 0.69350
[  2, 11401] loss: 0.69383
[  2, 11451] loss: 0.69284
[  2, 11501] loss: 0.69345
[  2, 11551] loss: 0.69329
[  2, 11601] loss: 0.69394
[  2, 11651] loss: 0.69221
[  2, 11701] loss: 0.69315
[  2, 11751] loss: 0.69283
[  2, 11801] loss: 0.69326
[  2, 11851] loss: 0.69304
[  2, 11901] loss: 0.69315
[  2, 11951] loss: 0.69273
[  2, 12001] loss: 0.69293
[  2, 12051] loss: 0.69315
[  2, 12101] loss: 0.69339
[  2, 12151] loss: 0.69327
[  2, 12201] loss: 0.69303
[  2, 12251] loss: 0.69365
[  2, 12301] loss: 0.69315
[  2, 12351] loss: 0.69268
[  2, 12401] loss: 0.69303
[  2, 12451] loss: 0.69266
[  2, 12501] loss: 0.69315
[  2, 12551] loss: 0.69356
[  2, 12601] loss: 0.69329
[  2, 12651] loss: 0.69384
[  2, 12701] loss: 0.69276
[  2, 12751] loss: 0.69328
[  2, 12801] loss: 0.69315
[  2, 12851] loss: 0.69277
[  2, 12901] loss: 0.69341
[  2, 12951] loss: 0.69328
[  2, 13001] loss: 0.69365
[  2, 13051] loss: 0.69292
[  2, 13101] loss: 0.69281
[  2, 13151] loss: 0.69304
[  2, 13201] loss: 0.69304
[  2, 13251] loss: 0.69338
[  2, 13301] loss: 0.69315
[  2, 13351] loss: 0.69212
[  2, 13401] loss: 0.69241
[  2, 13451] loss: 0.69329
[  2, 13501] loss: 0.69225
[  2, 13551] loss: 0.69332
[  2, 13601] loss: 0.69352
[  2, 13651] loss: 0.69219
[  2, 13701] loss: 0.69379
[  2, 13751] loss: 0.69229
[  2, 13801] loss: 0.69223
[  2, 13851] loss: 0.69192
[  2, 13901] loss: 0.69344
[  2, 13951] loss: 0.69260
[  2, 14001] loss: 0.69287
[  2, 14051] loss: 0.69668
[  2, 14101] loss: 0.69574
[  2, 14151] loss: 0.69412
[  2, 14201] loss: 0.69166
[  2, 14251] loss: 0.69408
[  2, 14301] loss: 0.69200
[  2, 14351] loss: 0.69142
[  2, 14401] loss: 0.69347
[  2, 14451] loss: 0.69377
[  2, 14501] loss: 0.69348
[  2, 14551] loss: 0.69527
[  2, 14601] loss: 0.69317
[  2, 14651] loss: 0.69233
[  2, 14701] loss: 0.69539
[  2, 14751] loss: 0.69237
[  2, 14801] loss: 0.69265
[  2, 14851] loss: 0.69367
[  2, 14901] loss: 0.69292
[  2, 14951] loss: 0.69150
[  2, 15001] loss: 0.69341
[  2, 15051] loss: 0.69413
[  2, 15101] loss: 0.69316
[  2, 15151] loss: 0.69363
[  2, 15201] loss: 0.69362
[  2, 15251] loss: 0.69471
[  2, 15301] loss: 0.69357
[  2, 15351] loss: 0.69316
[  2, 15401] loss: 0.69244
[  2, 15451] loss: 0.69299
[  2, 15501] loss: 0.69316
[  2, 15551] loss: 0.69379
[  2, 15601] loss: 0.69301
[  2, 15651] loss: 0.69301
[  2, 15701] loss: 0.69355
[  2, 15751] loss: 0.69278
[  2, 15801] loss: 0.69303
[  2, 15851] loss: 0.69221
[  2, 15901] loss: 0.69278
[  2, 15951] loss: 0.69276
[  2, 16001] loss: 0.69330
[  2, 16051] loss: 0.69391
[  2, 16101] loss: 0.69285
[  2, 16151] loss: 0.69331
[  2, 16201] loss: 0.69331
[  2, 16251] loss: 0.69427
[  2, 16301] loss: 0.69300
[  2, 16351] loss: 0.69389
[  2, 16401] loss: 0.69219
[  2, 16451] loss: 0.69261
[  2, 16501] loss: 0.69315
[  2, 16551] loss: 0.69371
[  2, 16601] loss: 0.69371
[  2, 16651] loss: 0.69328
[  2, 16701] loss: 0.69278
[  2, 16751] loss: 0.69303
[  2, 16801] loss: 0.69387
[  2, 16851] loss: 0.69293
[  2, 16901] loss: 0.69294
[  2, 16951] loss: 0.69294
[  2, 17001] loss: 0.69305
[  2, 17051] loss: 0.69274
[  2, 17101] loss: 0.69304
[  2, 17151] loss: 0.69315
[  2, 17201] loss: 0.69386
[  2, 17251] loss: 0.69292
[  2, 17301] loss: 0.69338
[  2, 17351] loss: 0.69292
[  2, 17401] loss: 0.69281
[  2, 17451] loss: 0.69374
[  2, 17501] loss: 0.69384
[  2, 17551] loss: 0.69315
[  2, 17601] loss: 0.69384
[  2, 17651] loss: 0.69323
[  2, 17701] loss: 0.69322
[  2, 17751] loss: 0.69326
[  2, 17801] loss: 0.69315
[  2, 17851] loss: 0.69320
[  2, 17901] loss: 0.69317
[  2, 17951] loss: 0.69311
[  2, 18001] loss: 0.69312
[  2, 18051] loss: 0.69347
[  2, 18101] loss: 0.69326
[  2, 18151] loss: 0.69340
[  2, 18201] loss: 0.69321
[  2, 18251] loss: 0.69322
[  2, 18301] loss: 0.69302
[  2, 18351] loss: 0.69315
[  2, 18401] loss: 0.69329
[  2, 18451] loss: 0.69343
[  2, 18501] loss: 0.69340
[  2, 18551] loss: 0.69309
[  2, 18601] loss: 0.69315
[  2, 18651] loss: 0.69298
[  2, 18701] loss: 0.69299
[  2, 18751] loss: 0.69310
[  2, 18801] loss: 0.69301
[  2, 18851] loss: 0.69304
[  2, 18901] loss: 0.69327
[  2, 18951] loss: 0.69322
[  2, 19001] loss: 0.69329
[  2, 19051] loss: 0.69343
[  2, 19101] loss: 0.69261
[  2, 19151] loss: 0.69329
[  2, 19201] loss: 0.69292
[  2, 19251] loss: 0.69331
[  2, 19301] loss: 0.69281
[  2, 19351] loss: 0.69324
[  2, 19401] loss: 0.69363
[  2, 19451] loss: 0.69277
[  2, 19501] loss: 0.69345
[  2, 19551] loss: 0.69276
[  2, 19601] loss: 0.69346
[  2, 19651] loss: 0.69336
[  2, 19701] loss: 0.69365
[  2, 19751] loss: 0.69287
[  2, 19801] loss: 0.69306
[  2, 19851] loss: 0.69280
[  2, 19901] loss: 0.69324
[  2, 19951] loss: 0.69297
[  2, 20001] loss: 0.69277
[  2, 20051] loss: 0.69274
[  2, 20101] loss: 0.69293
[  2, 20151] loss: 0.69315
[  2, 20201] loss: 0.69396
[  2, 20251] loss: 0.69302
[  2, 20301] loss: 0.69344
[  2, 20351] loss: 0.69415
[  2, 20401] loss: 0.69275
[  2, 20451] loss: 0.69263
[  2, 20501] loss: 0.69355
[  2, 20551] loss: 0.69341
[  2, 20601] loss: 0.69391
[  2, 20651] loss: 0.69315
[  2, 20701] loss: 0.69240
[  2, 20751] loss: 0.69336
[  2, 20801] loss: 0.69367
[  2, 20851] loss: 0.69324
[  2, 20901] loss: 0.69272
[  2, 20951] loss: 0.69307
[  2, 21001] loss: 0.69307
[  2, 21051] loss: 0.69356
[  2, 21101] loss: 0.69307
[  2, 21151] loss: 0.69293
[  2, 21201] loss: 0.69315
[  2, 21251] loss: 0.69322
[  2, 21301] loss: 0.69279
[  2, 21351] loss: 0.69322
[  2, 21401] loss: 0.69323
[  2, 21451] loss: 0.69299
[  2, 21501] loss: 0.69332
[  2, 21551] loss: 0.69332
[  2, 21601] loss: 0.69323
[  2, 21651] loss: 0.69339
[  2, 21701] loss: 0.69330
[  2, 21751] loss: 0.69295
[  2, 21801] loss: 0.69302
[  2, 21851] loss: 0.69346
[  2, 21901] loss: 0.69342
[  2, 21951] loss: 0.69337
[  2, 22001] loss: 0.69323
[  2, 22051] loss: 0.69316
[  2, 22101] loss: 0.69317
[  2, 22151] loss: 0.69315
[  2, 22201] loss: 0.69317
[  2, 22251] loss: 0.69322
[  2, 22301] loss: 0.69323
[  2, 22351] loss: 0.69319
[  2, 22401] loss: 0.69319
[  2, 22451] loss: 0.69290
[  2, 22501] loss: 0.69343
[  2, 22551] loss: 0.69310
[  2, 22601] loss: 0.69324
[  2, 22651] loss: 0.69319
[  2, 22701] loss: 0.69291
[  2, 22751] loss: 0.69324
[  2, 22801] loss: 0.69310
[  2, 22851] loss: 0.69319
[  2, 22901] loss: 0.69362
[  2, 22951] loss: 0.69318
[  2, 23001] loss: 0.69296
[  2, 23051] loss: 0.69322
[  2, 23101] loss: 0.69311
[  2, 23151] loss: 0.69308
[  2, 23201] loss: 0.69325
[  2, 23251] loss: 0.69303
[  2, 23301] loss: 0.69326
[  2, 23351] loss: 0.69319
[  2, 23401] loss: 0.69313
[  2, 23451] loss: 0.69318
[  2, 23501] loss: 0.69322
[  2, 23551] loss: 0.69315
[  2, 23601] loss: 0.69313
[  2, 23651] loss: 0.69312
[  2, 23701] loss: 0.69326
[  2, 23751] loss: 0.69310
[  2, 23801] loss: 0.69299
[  2, 23851] loss: 0.69309
[  2, 23901] loss: 0.69315
[  2, 23951] loss: 0.69315
[  2, 24001] loss: 0.69306
[  2, 24051] loss: 0.69375
[  2, 24101] loss: 0.69315
[  2, 24151] loss: 0.69295
[  2, 24201] loss: 0.69263
[  2, 24251] loss: 0.69349
[  2, 24301] loss: 0.69338
[  2, 24351] loss: 0.69280
[  2, 24401] loss: 0.69218
[  2, 24451] loss: 0.69382
[  2, 24501] loss: 0.69301
[  2, 24551] loss: 0.69330
[  2, 24601] loss: 0.69225
[  2, 24651] loss: 0.69235
[  2, 24701] loss: 0.69263
[  2, 24751] loss: 0.69354
[  2, 24801] loss: 0.69296
[  2, 24851] loss: 0.69295
[  2, 24901] loss: 0.69408
[  2, 24951] loss: 0.69270
[  3,     1] loss: 0.69317
[  3,    51] loss: 0.69267
[  3,   101] loss: 0.69265
[  3,   151] loss: 0.69290
[  3,   201] loss: 0.69400
[  3,   251] loss: 0.69541
[  3,   301] loss: 0.69124
[  3,   351] loss: 0.69233
[  3,   401] loss: 0.69403
[  3,   451] loss: 0.69260
[  3,   501] loss: 0.69288
[  3,   551] loss: 0.69347
[  3,   601] loss: 0.69377
[  3,   651] loss: 0.69258
[  3,   701] loss: 0.69078
[  3,   751] loss: 0.69473
[  3,   801] loss: 0.69286
[  3,   851] loss: 0.69445
[  3,   901] loss: 0.69413
[  3,   951] loss: 0.69318
[  3,  1001] loss: 0.69318
[  3,  1051] loss: 0.69287
[  3,  1101] loss: 0.69257
[  3,  1151] loss: 0.69227
[  3,  1201] loss: 0.69348
[  3,  1251] loss: 0.69318
[  3,  1301] loss: 0.69165
[  3,  1351] loss: 0.69443
[  3,  1401] loss: 0.69412
[  3,  1451] loss: 0.69256
[  3,  1501] loss: 0.69318
[  3,  1551] loss: 0.69472
[  3,  1601] loss: 0.69348
[  3,  1651] loss: 0.69111
[  3,  1701] loss: 0.69110
[  3,  1751] loss: 0.69318
[  3,  1801] loss: 0.69349
[  3,  1851] loss: 0.69318
[  3,  1901] loss: 0.69286
[  3,  1951] loss: 0.69187
[  3,  2001] loss: 0.69251
[  3,  2051] loss: 0.69457
[  3,  2101] loss: 0.69354
[  3,  2151] loss: 0.69319
[  3,  2201] loss: 0.69532
[  3,  2251] loss: 0.69424
[  3,  2301] loss: 0.69318
[  3,  2351] loss: 0.69285
[  3,  2401] loss: 0.69187
[  3,  2451] loss: 0.69449
[  3,  2501] loss: 0.69382
[  3,  2551] loss: 0.69098
[  3,  2601] loss: 0.69097
[  3,  2651] loss: 0.69383
[  3,  2701] loss: 0.69351
[  3,  2751] loss: 0.69152
[  3,  2801] loss: 0.69420
[  3,  2851] loss: 0.69524
[  3,  2901] loss: 0.69420
[  3,  2951] loss: 0.69285
[  3,  3001] loss: 0.69285
[  3,  3051] loss: 0.69318
[  3,  3101] loss: 0.69158
[  3,  3151] loss: 0.69350
[  3,  3201] loss: 0.69318
[  3,  3251] loss: 0.69286
[  3,  3301] loss: 0.69318
[  3,  3351] loss: 0.69416
[  3,  3401] loss: 0.69286
[  3,  3451] loss: 0.69254
[  3,  3501] loss: 0.69446
[  3,  3551] loss: 0.69350
[  3,  3601] loss: 0.69318
[  3,  3651] loss: 0.69134
[  3,  3701] loss: 0.69101
[  3,  3751] loss: 0.69350
[  3,  3801] loss: 0.69220
[  3,  3851] loss: 0.69151
[  3,  3901] loss: 0.69388
[  3,  3951] loss: 0.69175
[  3,  4001] loss: 0.69431
[  3,  4051] loss: 0.69319
[  3,  4101] loss: 0.69397
[  3,  4151] loss: 0.69437
[  3,  4201] loss: 0.69398
[  3,  4251] loss: 0.69514
[  3,  4301] loss: 0.69434
[  3,  4351] loss: 0.69282
[  3,  4401] loss: 0.69319
[  3,  4451] loss: 0.69213
[  3,  4501] loss: 0.69353
[  3,  4551] loss: 0.69215
[  3,  4601] loss: 0.69216
[  3,  4651] loss: 0.69318
[  3,  4701] loss: 0.69353
[  3,  4751] loss: 0.69560
[  3,  4801] loss: 0.69318
[  3,  4851] loss: 0.69154
[  3,  4901] loss: 0.69318
[  3,  4951] loss: 0.69351
[  3,  5001] loss: 0.69479
[  3,  5051] loss: 0.69381
[  3,  5101] loss: 0.69439
[  3,  5151] loss: 0.69375
[  3,  5201] loss: 0.69455
[  3,  5251] loss: 0.69394
[  3,  5301] loss: 0.69435
[  3,  5351] loss: 0.69316
[  3,  5401] loss: 0.69221
[  3,  5451] loss: 0.69351
[  3,  5501] loss: 0.69283
[  3,  5551] loss: 0.69420
[  3,  5601] loss: 0.69302
[  3,  5651] loss: 0.69292
[  3,  5701] loss: 0.69325
[  3,  5751] loss: 0.69324
[  3,  5801] loss: 0.69323
[  3,  5851] loss: 0.69335
[  3,  5901] loss: 0.69331
[  3,  5951] loss: 0.69322
[  3,  6001] loss: 0.69317
[  3,  6051] loss: 0.69315
[  3,  6101] loss: 0.69306
[  3,  6151] loss: 0.69301
[  3,  6201] loss: 0.69350
[  3,  6251] loss: 0.69315
[  3,  6301] loss: 0.69386
[  3,  6351] loss: 0.69278
[  3,  6401] loss: 0.69275
[  3,  6451] loss: 0.69293
[  3,  6501] loss: 0.69241
[  3,  6551] loss: 0.69358
[  3,  6601] loss: 0.69362
[  3,  6651] loss: 0.69234
[  3,  6701] loss: 0.69403
[  3,  6751] loss: 0.69262
[  3,  6801] loss: 0.69297
[  3,  6851] loss: 0.69257
[  3,  6901] loss: 0.69191
[  3,  6951] loss: 0.69160
[  3,  7001] loss: 0.69292
[  3,  7051] loss: 0.69184
[  3,  7101] loss: 0.69143
[  3,  7151] loss: 0.69382
[  3,  7201] loss: 0.69353
[  3,  7251] loss: 0.69319
[  3,  7301] loss: 0.69281
[  3,  7351] loss: 0.69201
[  3,  7401] loss: 0.69114
[  3,  7451] loss: 0.69451
[  3,  7501] loss: 0.69186
[  3,  7551] loss: 0.69368
[  3,  7601] loss: 0.69370
[  3,  7651] loss: 0.69567
[  3,  7701] loss: 0.69471
[  3,  7751] loss: 0.69619
[  3,  7801] loss: 0.69712
[  3,  7851] loss: 0.69086
[  3,  7901] loss: 0.69321
[  3,  7951] loss: 0.69321
[  3,  8001] loss: 0.69321
[  3,  8051] loss: 0.69541
[  3,  8101] loss: 0.69235
[  3,  8151] loss: 0.69153
[  3,  8201] loss: 0.69568
[  3,  8251] loss: 0.69400
[  3,  8301] loss: 0.68967
[  3,  8351] loss: 0.69358
[  3,  8401] loss: 0.69242
[  3,  8451] loss: 0.69358
[  3,  8501] loss: 0.69435
[  3,  8551] loss: 0.69319
[  3,  8601] loss: 0.69206
[  3,  8651] loss: 0.69469
[  3,  8701] loss: 0.69540
[  3,  8751] loss: 0.69212
[  3,  8801] loss: 0.69319
[  3,  8851] loss: 0.69387
[  3,  8901] loss: 0.69318
[  3,  8951] loss: 0.69221
[  3,  9001] loss: 0.69318
[  3,  9051] loss: 0.69349
[  3,  9101] loss: 0.69193
[  3,  9151] loss: 0.69535
[  3,  9201] loss: 0.69257
[  3,  9251] loss: 0.69347
[  3,  9301] loss: 0.69404
[  3,  9351] loss: 0.69177
[  3,  9401] loss: 0.69345
[  3,  9451] loss: 0.69345
[  3,  9501] loss: 0.69317
[  3,  9551] loss: 0.69317
[  3,  9601] loss: 0.69265
[  3,  9651] loss: 0.69369
[  3,  9701] loss: 0.69291
[  3,  9751] loss: 0.69241
[  3,  9801] loss: 0.69393
[  3,  9851] loss: 0.69467
[  3,  9901] loss: 0.69268
[  3,  9951] loss: 0.69199
[  3, 10001] loss: 0.69199
[  3, 10051] loss: 0.69269
[  3, 10101] loss: 0.69440
[  3, 10151] loss: 0.69292
[  3, 10201] loss: 0.69218
[  3, 10251] loss: 0.69216
[  3, 10301] loss: 0.69395
[  3, 10351] loss: 0.69423
[  3, 10401] loss: 0.69476
[  3, 10451] loss: 0.69317
[  3, 10501] loss: 0.69367
[  3, 10551] loss: 0.69438
[  3, 10601] loss: 0.69316
[  3, 10651] loss: 0.69316
[  3, 10701] loss: 0.69357
[  3, 10751] loss: 0.69355
[  3, 10801] loss: 0.69171
[  3, 10851] loss: 0.69369
[  3, 10901] loss: 0.69316
[  3, 10951] loss: 0.69233
[  3, 11001] loss: 0.69299
[  3, 11051] loss: 0.69299
[  3, 11101] loss: 0.69417
[  3, 11151] loss: 0.69348
[  3, 11201] loss: 0.69268
[  3, 11251] loss: 0.69362
[  3, 11301] loss: 0.69301
[  3, 11351] loss: 0.69344
[  3, 11401] loss: 0.69370
[  3, 11451] loss: 0.69290
[  3, 11501] loss: 0.69339
[  3, 11551] loss: 0.69326
[  3, 11601] loss: 0.69376
[  3, 11651] loss: 0.69245
[  3, 11701] loss: 0.69315
[  3, 11751] loss: 0.69291
[  3, 11801] loss: 0.69323
[  3, 11851] loss: 0.69307
[  3, 11901] loss: 0.69315
[  3, 11951] loss: 0.69285
[  3, 12001] loss: 0.69299
[  3, 12051] loss: 0.69315
[  3, 12101] loss: 0.69333
[  3, 12151] loss: 0.69324
[  3, 12201] loss: 0.69306
[  3, 12251] loss: 0.69353
[  3, 12301] loss: 0.69315
[  3, 12351] loss: 0.69279
[  3, 12401] loss: 0.69306
[  3, 12451] loss: 0.69277
[  3, 12501] loss: 0.69315
[  3, 12551] loss: 0.69348
[  3, 12601] loss: 0.69326
[  3, 12651] loss: 0.69371
[  3, 12701] loss: 0.69283
[  3, 12751] loss: 0.69326
[  3, 12801] loss: 0.69315
[  3, 12851] loss: 0.69285
[  3, 12901] loss: 0.69336
[  3, 12951] loss: 0.69325
[  3, 13001] loss: 0.69355
[  3, 13051] loss: 0.69296
[  3, 13101] loss: 0.69288
[  3, 13151] loss: 0.69306
[  3, 13201] loss: 0.69306
[  3, 13251] loss: 0.69334
[  3, 13301] loss: 0.69315
[  3, 13351] loss: 0.69233
[  3, 13401] loss: 0.69254
[  3, 13451] loss: 0.69327
[  3, 13501] loss: 0.69238
[  3, 13551] loss: 0.69330
[  3, 13601] loss: 0.69348
[  3, 13651] loss: 0.69229
[  3, 13701] loss: 0.69372
[  3, 13751] loss: 0.69237
[  3, 13801] loss: 0.69231
[  3, 13851] loss: 0.69202
[  3, 13901] loss: 0.69342
[  3, 13951] loss: 0.69264
[  3, 14001] loss: 0.69289
[  3, 14051] loss: 0.69647
[  3, 14101] loss: 0.69559
[  3, 14151] loss: 0.69406
[  3, 14201] loss: 0.69175
[  3, 14251] loss: 0.69402
[  3, 14301] loss: 0.69207
[  3, 14351] loss: 0.69153
[  3, 14401] loss: 0.69345
[  3, 14451] loss: 0.69374
[  3, 14501] loss: 0.69345
[  3, 14551] loss: 0.69514
[  3, 14601] loss: 0.69317
[  3, 14651] loss: 0.69238
[  3, 14701] loss: 0.69525
[  3, 14751] loss: 0.69242
[  3, 14801] loss: 0.69269
[  3, 14851] loss: 0.69363
[  3, 14901] loss: 0.69294
[  3, 14951] loss: 0.69162
[  3, 15001] loss: 0.69339
[  3, 15051] loss: 0.69406
[  3, 15101] loss: 0.69316
[  3, 15151] loss: 0.69360
[  3, 15201] loss: 0.69358
[  3, 15251] loss: 0.69459
[  3, 15301] loss: 0.69354
[  3, 15351] loss: 0.69316
[  3, 15401] loss: 0.69251
[  3, 15451] loss: 0.69300
[  3, 15501] loss: 0.69315
[  3, 15551] loss: 0.69372
[  3, 15601] loss: 0.69302
[  3, 15651] loss: 0.69303
[  3, 15701] loss: 0.69350
[  3, 15751] loss: 0.69283
[  3, 15801] loss: 0.69305
[  3, 15851] loss: 0.69235
[  3, 15901] loss: 0.69283
[  3, 15951] loss: 0.69281
[  3, 16001] loss: 0.69328
[  3, 16051] loss: 0.69383
[  3, 16101] loss: 0.69288
[  3, 16151] loss: 0.69329
[  3, 16201] loss: 0.69330
[  3, 16251] loss: 0.69416
[  3, 16301] loss: 0.69302
[  3, 16351] loss: 0.69381
[  3, 16401] loss: 0.69230
[  3, 16451] loss: 0.69267
[  3, 16501] loss: 0.69315
[  3, 16551] loss: 0.69365
[  3, 16601] loss: 0.69365
[  3, 16651] loss: 0.69327
[  3, 16701] loss: 0.69282
[  3, 16751] loss: 0.69304
[  3, 16801] loss: 0.69378
[  3, 16851] loss: 0.69296
[  3, 16901] loss: 0.69297
[  3, 16951] loss: 0.69297
[  3, 17001] loss: 0.69306
[  3, 17051] loss: 0.69279
[  3, 17101] loss: 0.69306
[  3, 17151] loss: 0.69315
[  3, 17201] loss: 0.69378
[  3, 17251] loss: 0.69295
[  3, 17301] loss: 0.69336
[  3, 17351] loss: 0.69295
[  3, 17401] loss: 0.69285
[  3, 17451] loss: 0.69367
[  3, 17501] loss: 0.69376
[  3, 17551] loss: 0.69315
[  3, 17601] loss: 0.69374
[  3, 17651] loss: 0.69322
[  3, 17701] loss: 0.69320
[  3, 17751] loss: 0.69323
[  3, 17801] loss: 0.69315
[  3, 17851] loss: 0.69317
[  3, 17901] loss: 0.69314
[  3, 17951] loss: 0.69302
[  3, 18001] loss: 0.69311
[  3, 18051] loss: 0.69357
[  3, 18101] loss: 0.69329
[  3, 18151] loss: 0.69346
[  3, 18201] loss: 0.69323
[  3, 18251] loss: 0.69323
[  3, 18301] loss: 0.69299
[  3, 18351] loss: 0.69315
[  3, 18401] loss: 0.69332
[  3, 18451] loss: 0.69348
[  3, 18501] loss: 0.69346
[  3, 18551] loss: 0.69308
[  3, 18601] loss: 0.69315
[  3, 18651] loss: 0.69293
[  3, 18701] loss: 0.69294
[  3, 18751] loss: 0.69309
[  3, 18801] loss: 0.69297
[  3, 18851] loss: 0.69302
[  3, 18901] loss: 0.69330
[  3, 18951] loss: 0.69323
[  3, 19001] loss: 0.69331
[  3, 19051] loss: 0.69348
[  3, 19101] loss: 0.69251
[  3, 19151] loss: 0.69332
[  3, 19201] loss: 0.69289
[  3, 19251] loss: 0.69334
[  3, 19301] loss: 0.69277
[  3, 19351] loss: 0.69325
[  3, 19401] loss: 0.69369
[  3, 19451] loss: 0.69272
[  3, 19501] loss: 0.69348
[  3, 19551] loss: 0.69271
[  3, 19601] loss: 0.69349
[  3, 19651] loss: 0.69338
[  3, 19701] loss: 0.69371
[  3, 19751] loss: 0.69284
[  3, 19801] loss: 0.69305
[  3, 19851] loss: 0.69276
[  3, 19901] loss: 0.69325
[  3, 19951] loss: 0.69295
[  3, 20001] loss: 0.69273
[  3, 20051] loss: 0.69270
[  3, 20101] loss: 0.69291
[  3, 20151] loss: 0.69315
[  3, 20201] loss: 0.69403
[  3, 20251] loss: 0.69301
[  3, 20301] loss: 0.69346
[  3, 20351] loss: 0.69422
[  3, 20401] loss: 0.69272
[  3, 20451] loss: 0.69258
[  3, 20501] loss: 0.69359
[  3, 20551] loss: 0.69344
[  3, 20601] loss: 0.69398
[  3, 20651] loss: 0.69315
[  3, 20701] loss: 0.69233
[  3, 20751] loss: 0.69338
[  3, 20801] loss: 0.69372
[  3, 20851] loss: 0.69326
[  3, 20901] loss: 0.69267
[  3, 20951] loss: 0.69306
[  3, 21001] loss: 0.69306
[  3, 21051] loss: 0.69361
[  3, 21101] loss: 0.69306
[  3, 21151] loss: 0.69290
[  3, 21201] loss: 0.69315
[  3, 21251] loss: 0.69323
[  3, 21301] loss: 0.69275
[  3, 21351] loss: 0.69323
[  3, 21401] loss: 0.69324
[  3, 21451] loss: 0.69297
[  3, 21501] loss: 0.69333
[  3, 21551] loss: 0.69333
[  3, 21601] loss: 0.69324
[  3, 21651] loss: 0.69341
[  3, 21701] loss: 0.69331
[  3, 21751] loss: 0.69293
[  3, 21801] loss: 0.69301
[  3, 21851] loss: 0.69350
[  3, 21901] loss: 0.69347
[  3, 21951] loss: 0.69341
[  3, 22001] loss: 0.69326
[  3, 22051] loss: 0.69317
[  3, 22101] loss: 0.69314
[  3, 22151] loss: 0.69315
[  3, 22201] loss: 0.69317
[  3, 22251] loss: 0.69320
[  3, 22301] loss: 0.69321
[  3, 22351] loss: 0.69318
[  3, 22401] loss: 0.69318
[  3, 22451] loss: 0.69294
[  3, 22501] loss: 0.69339
[  3, 22551] loss: 0.69311
[  3, 22601] loss: 0.69323
[  3, 22651] loss: 0.69318
[  3, 22701] loss: 0.69295
[  3, 22751] loss: 0.69322
[  3, 22801] loss: 0.69311
[  3, 22851] loss: 0.69319
[  3, 22901] loss: 0.69356
[  3, 22951] loss: 0.69318
[  3, 23001] loss: 0.69300
[  3, 23051] loss: 0.69320
[  3, 23101] loss: 0.69312
[  3, 23151] loss: 0.69310
[  3, 23201] loss: 0.69322
[  3, 23251] loss: 0.69307
[  3, 23301] loss: 0.69323
[  3, 23351] loss: 0.69318
[  3, 23401] loss: 0.69314
[  3, 23451] loss: 0.69317
[  3, 23501] loss: 0.69318
[  3, 23551] loss: 0.69314
[  3, 23601] loss: 0.69313
[  3, 23651] loss: 0.69312
[  3, 23701] loss: 0.69328
[  3, 23751] loss: 0.69310
[  3, 23801] loss: 0.69297
[  3, 23851] loss: 0.69308
[  3, 23901] loss: 0.69315
[  3, 23951] loss: 0.69315
[  3, 24001] loss: 0.69305
[  3, 24051] loss: 0.69378
[  3, 24101] loss: 0.69315
[  3, 24151] loss: 0.69294
[  3, 24201] loss: 0.69260
[  3, 24251] loss: 0.69351
[  3, 24301] loss: 0.69340
[  3, 24351] loss: 0.69278
[  3, 24401] loss: 0.69213
[  3, 24451] loss: 0.69385
[  3, 24501] loss: 0.69301
[  3, 24551] loss: 0.69331
[  3, 24601] loss: 0.69222
[  3, 24651] loss: 0.69232
[  3, 24701] loss: 0.69261
[  3, 24751] loss: 0.69356
[  3, 24801] loss: 0.69295
[  3, 24851] loss: 0.69294
[  3, 24901] loss: 0.69410
[  3, 24951] loss: 0.69268
[  4,     1] loss: 0.69317
[  4,    51] loss: 0.69266
[  4,   101] loss: 0.69264
[  4,   151] loss: 0.69290
[  4,   201] loss: 0.69402
[  4,   251] loss: 0.69547
[  4,   301] loss: 0.69120
[  4,   351] loss: 0.69232
[  4,   401] loss: 0.69405
[  4,   451] loss: 0.69259
[  4,   501] loss: 0.69288
[  4,   551] loss: 0.69348
[  4,   601] loss: 0.69378
[  4,   651] loss: 0.69257
[  4,   701] loss: 0.69073
[  4,   751] loss: 0.69476
[  4,   801] loss: 0.69286
[  4,   851] loss: 0.69448
[  4,   901] loss: 0.69415
[  4,   951] loss: 0.69318
[  4,  1001] loss: 0.69318
[  4,  1051] loss: 0.69287
[  4,  1101] loss: 0.69256
[  4,  1151] loss: 0.69225
[  4,  1201] loss: 0.69349
[  4,  1251] loss: 0.69318
[  4,  1301] loss: 0.69162
[  4,  1351] loss: 0.69445
[  4,  1401] loss: 0.69414
[  4,  1451] loss: 0.69255
[  4,  1501] loss: 0.69318
[  4,  1551] loss: 0.69475
[  4,  1601] loss: 0.69349
[  4,  1651] loss: 0.69107
[  4,  1701] loss: 0.69106
[  4,  1751] loss: 0.69318
[  4,  1801] loss: 0.69350
[  4,  1851] loss: 0.69318
[  4,  1901] loss: 0.69285
[  4,  1951] loss: 0.69185
[  4,  2001] loss: 0.69250
[  4,  2051] loss: 0.69460
[  4,  2101] loss: 0.69354
[  4,  2151] loss: 0.69319
[  4,  2201] loss: 0.69536
[  4,  2251] loss: 0.69425
[  4,  2301] loss: 0.69318
[  4,  2351] loss: 0.69284
[  4,  2401] loss: 0.69185
[  4,  2451] loss: 0.69451
[  4,  2501] loss: 0.69383
[  4,  2551] loss: 0.69094
[  4,  2601] loss: 0.69094
[  4,  2651] loss: 0.69384
[  4,  2701] loss: 0.69352
[  4,  2751] loss: 0.69150
[  4,  2801] loss: 0.69422
[  4,  2851] loss: 0.69527
[  4,  2901] loss: 0.69422
[  4,  2951] loss: 0.69284
[  4,  3001] loss: 0.69285
[  4,  3051] loss: 0.69318
[  4,  3101] loss: 0.69155
[  4,  3151] loss: 0.69351
[  4,  3201] loss: 0.69318
[  4,  3251] loss: 0.69285
[  4,  3301] loss: 0.69318
[  4,  3351] loss: 0.69417
[  4,  3401] loss: 0.69285
[  4,  3451] loss: 0.69253
[  4,  3501] loss: 0.69448
[  4,  3551] loss: 0.69350
[  4,  3601] loss: 0.69318
[  4,  3651] loss: 0.69131
[  4,  3701] loss: 0.69099
[  4,  3751] loss: 0.69350
[  4,  3801] loss: 0.69219
[  4,  3851] loss: 0.69149
[  4,  3901] loss: 0.69389
[  4,  3951] loss: 0.69174
[  4,  4001] loss: 0.69432
[  4,  4051] loss: 0.69319
[  4,  4101] loss: 0.69398
[  4,  4151] loss: 0.69438
[  4,  4201] loss: 0.69399
[  4,  4251] loss: 0.69516
[  4,  4301] loss: 0.69435
[  4,  4351] loss: 0.69282
[  4,  4401] loss: 0.69319
[  4,  4451] loss: 0.69212
[  4,  4501] loss: 0.69354
[  4,  4551] loss: 0.69214
[  4,  4601] loss: 0.69215
[  4,  4651] loss: 0.69318
[  4,  4701] loss: 0.69353
[  4,  4751] loss: 0.69562
[  4,  4801] loss: 0.69318
[  4,  4851] loss: 0.69152
[  4,  4901] loss: 0.69318
[  4,  4951] loss: 0.69351
[  4,  5001] loss: 0.69481
[  4,  5051] loss: 0.69381
[  4,  5101] loss: 0.69441
[  4,  5151] loss: 0.69376
[  4,  5201] loss: 0.69457
[  4,  5251] loss: 0.69395
[  4,  5301] loss: 0.69436
[  4,  5351] loss: 0.69316
[  4,  5401] loss: 0.69220
[  4,  5451] loss: 0.69351
[  4,  5501] loss: 0.69283
[  4,  5551] loss: 0.69421
[  4,  5601] loss: 0.69302
[  4,  5651] loss: 0.69292
[  4,  5701] loss: 0.69326
[  4,  5751] loss: 0.69324
[  4,  5801] loss: 0.69323
[  4,  5851] loss: 0.69336
[  4,  5901] loss: 0.69331
[  4,  5951] loss: 0.69323
[  4,  6001] loss: 0.69317
[  4,  6051] loss: 0.69315
[  4,  6101] loss: 0.69307
[  4,  6151] loss: 0.69302
[  4,  6201] loss: 0.69350
[  4,  6251] loss: 0.69315
[  4,  6301] loss: 0.69385
[  4,  6351] loss: 0.69278
[  4,  6401] loss: 0.69275
[  4,  6451] loss: 0.69293
[  4,  6501] loss: 0.69241
[  4,  6551] loss: 0.69358
[  4,  6601] loss: 0.69362
[  4,  6651] loss: 0.69234
[  4,  6701] loss: 0.69403
[  4,  6751] loss: 0.69262
[  4,  6801] loss: 0.69297
[  4,  6851] loss: 0.69257
[  4,  6901] loss: 0.69191
[  4,  6951] loss: 0.69159
[  4,  7001] loss: 0.69292
[  4,  7051] loss: 0.69183
[  4,  7101] loss: 0.69142
[  4,  7151] loss: 0.69382
[  4,  7201] loss: 0.69353
[  4,  7251] loss: 0.69319
[  4,  7301] loss: 0.69281
[  4,  7351] loss: 0.69201
[  4,  7401] loss: 0.69113
[  4,  7451] loss: 0.69451
[  4,  7501] loss: 0.69186
[  4,  7551] loss: 0.69368
[  4,  7601] loss: 0.69370
[  4,  7651] loss: 0.69568
[  4,  7701] loss: 0.69471
[  4,  7751] loss: 0.69620
[  4,  7801] loss: 0.69713
[  4,  7851] loss: 0.69085
[  4,  7901] loss: 0.69321
[  4,  7951] loss: 0.69321
[  4,  8001] loss: 0.69321
[  4,  8051] loss: 0.69541
[  4,  8101] loss: 0.69235
[  4,  8151] loss: 0.69152
[  4,  8201] loss: 0.69569
[  4,  8251] loss: 0.69401
[  4,  8301] loss: 0.68966
[  4,  8351] loss: 0.69359
[  4,  8401] loss: 0.69242
[  4,  8451] loss: 0.69358
[  4,  8501] loss: 0.69435
[  4,  8551] loss: 0.69319
[  4,  8601] loss: 0.69206
[  4,  8651] loss: 0.69469
[  4,  8701] loss: 0.69541
[  4,  8751] loss: 0.69211
[  4,  8801] loss: 0.69319
[  4,  8851] loss: 0.69387
[  4,  8901] loss: 0.69318
[  4,  8951] loss: 0.69221
[  4,  9001] loss: 0.69318
[  4,  9051] loss: 0.69349
[  4,  9101] loss: 0.69193
[  4,  9151] loss: 0.69535
[  4,  9201] loss: 0.69257
[  4,  9251] loss: 0.69347
[  4,  9301] loss: 0.69405
[  4,  9351] loss: 0.69176
[  4,  9401] loss: 0.69345
[  4,  9451] loss: 0.69345
[  4,  9501] loss: 0.69317
[  4,  9551] loss: 0.69317
[  4,  9601] loss: 0.69265
[  4,  9651] loss: 0.69369
[  4,  9701] loss: 0.69291
[  4,  9751] loss: 0.69241
[  4,  9801] loss: 0.69393
[  4,  9851] loss: 0.69467
[  4,  9901] loss: 0.69268
[  4,  9951] loss: 0.69199
[  4, 10001] loss: 0.69199
[  4, 10051] loss: 0.69269
[  4, 10101] loss: 0.69440
[  4, 10151] loss: 0.69292
[  4, 10201] loss: 0.69218
[  4, 10251] loss: 0.69216
[  4, 10301] loss: 0.69395
[  4, 10351] loss: 0.69423
[  4, 10401] loss: 0.69476
[  4, 10451] loss: 0.69317
[  4, 10501] loss: 0.69367
[  4, 10551] loss: 0.69438
[  4, 10601] loss: 0.69316
[  4, 10651] loss: 0.69316
[  4, 10701] loss: 0.69357
[  4, 10751] loss: 0.69355
[  4, 10801] loss: 0.69171
[  4, 10851] loss: 0.69369
[  4, 10901] loss: 0.69316
[  4, 10951] loss: 0.69233
[  4, 11001] loss: 0.69299
[  4, 11051] loss: 0.69299
[  4, 11101] loss: 0.69416
[  4, 11151] loss: 0.69348
[  4, 11201] loss: 0.69269
[  4, 11251] loss: 0.69361
[  4, 11301] loss: 0.69301
[  4, 11351] loss: 0.69344
[  4, 11401] loss: 0.69370
[  4, 11451] loss: 0.69290
[  4, 11501] loss: 0.69339
[  4, 11551] loss: 0.69326
[  4, 11601] loss: 0.69376
[  4, 11651] loss: 0.69246
[  4, 11701] loss: 0.69315
[  4, 11751] loss: 0.69292
[  4, 11801] loss: 0.69323
[  4, 11851] loss: 0.69307
[  4, 11901] loss: 0.69315
[  4, 11951] loss: 0.69285
[  4, 12001] loss: 0.69299
[  4, 12051] loss: 0.69315
[  4, 12101] loss: 0.69333
[  4, 12151] loss: 0.69324
[  4, 12201] loss: 0.69306
[  4, 12251] loss: 0.69353
[  4, 12301] loss: 0.69315
[  4, 12351] loss: 0.69279
[  4, 12401] loss: 0.69306
[  4, 12451] loss: 0.69277
[  4, 12501] loss: 0.69315
[  4, 12551] loss: 0.69348
[  4, 12601] loss: 0.69326
[  4, 12651] loss: 0.69371
[  4, 12701] loss: 0.69283
[  4, 12751] loss: 0.69326
[  4, 12801] loss: 0.69315
[  4, 12851] loss: 0.69285
[  4, 12901] loss: 0.69335
[  4, 12951] loss: 0.69325
[  4, 13001] loss: 0.69355
[  4, 13051] loss: 0.69296
[  4, 13101] loss: 0.69288
[  4, 13151] loss: 0.69306
[  4, 13201] loss: 0.69306
[  4, 13251] loss: 0.69333
[  4, 13301] loss: 0.69315
[  4, 13351] loss: 0.69233
[  4, 13401] loss: 0.69255
[  4, 13451] loss: 0.69327
[  4, 13501] loss: 0.69238
[  4, 13551] loss: 0.69330
[  4, 13601] loss: 0.69348
[  4, 13651] loss: 0.69230
[  4, 13701] loss: 0.69372
[  4, 13751] loss: 0.69237
[  4, 13801] loss: 0.69231
[  4, 13851] loss: 0.69202
[  4, 13901] loss: 0.69342
[  4, 13951] loss: 0.69264
[  4, 14001] loss: 0.69289
[  4, 14051] loss: 0.69647
[  4, 14101] loss: 0.69559
[  4, 14151] loss: 0.69406
[  4, 14201] loss: 0.69174
[  4, 14251] loss: 0.69402
[  4, 14301] loss: 0.69207
[  4, 14351] loss: 0.69153
[  4, 14401] loss: 0.69345
[  4, 14451] loss: 0.69374
[  4, 14501] loss: 0.69345
[  4, 14551] loss: 0.69514
[  4, 14601] loss: 0.69317
[  4, 14651] loss: 0.69238
[  4, 14701] loss: 0.69525
[  4, 14751] loss: 0.69242
[  4, 14801] loss: 0.69269
[  4, 14851] loss: 0.69363
[  4, 14901] loss: 0.69294
[  4, 14951] loss: 0.69162
[  4, 15001] loss: 0.69339
[  4, 15051] loss: 0.69406
[  4, 15101] loss: 0.69316
[  4, 15151] loss: 0.69360
[  4, 15201] loss: 0.69358
[  4, 15251] loss: 0.69459
[  4, 15301] loss: 0.69354
[  4, 15351] loss: 0.69316
[  4, 15401] loss: 0.69251
[  4, 15451] loss: 0.69300
[  4, 15501] loss: 0.69315
[  4, 15551] loss: 0.69371
[  4, 15601] loss: 0.69302
[  4, 15651] loss: 0.69303
[  4, 15701] loss: 0.69350
[  4, 15751] loss: 0.69283
[  4, 15801] loss: 0.69305
[  4, 15851] loss: 0.69235
[  4, 15901] loss: 0.69283
[  4, 15951] loss: 0.69281
[  4, 16001] loss: 0.69328
[  4, 16051] loss: 0.69382
[  4, 16101] loss: 0.69288
[  4, 16151] loss: 0.69329
[  4, 16201] loss: 0.69330
[  4, 16251] loss: 0.69416
[  4, 16301] loss: 0.69302
[  4, 16351] loss: 0.69381
[  4, 16401] loss: 0.69230
[  4, 16451] loss: 0.69267
[  4, 16501] loss: 0.69315
[  4, 16551] loss: 0.69365
[  4, 16601] loss: 0.69364
[  4, 16651] loss: 0.69327
[  4, 16701] loss: 0.69282
[  4, 16751] loss: 0.69304
[  4, 16801] loss: 0.69377
[  4, 16851] loss: 0.69296
[  4, 16901] loss: 0.69297
[  4, 16951] loss: 0.69297
[  4, 17001] loss: 0.69306
[  4, 17051] loss: 0.69280
[  4, 17101] loss: 0.69306
[  4, 17151] loss: 0.69315
[  4, 17201] loss: 0.69378
[  4, 17251] loss: 0.69295
[  4, 17301] loss: 0.69335
[  4, 17351] loss: 0.69295
[  4, 17401] loss: 0.69285
[  4, 17451] loss: 0.69367
[  4, 17501] loss: 0.69376
[  4, 17551] loss: 0.69315
[  4, 17601] loss: 0.69374
[  4, 17651] loss: 0.69322
[  4, 17701] loss: 0.69320
[  4, 17751] loss: 0.69323
[  4, 17801] loss: 0.69315
[  4, 17851] loss: 0.69317
[  4, 17901] loss: 0.69314
[  4, 17951] loss: 0.69301
[  4, 18001] loss: 0.69311
[  4, 18051] loss: 0.69358
[  4, 18101] loss: 0.69329
[  4, 18151] loss: 0.69347
[  4, 18201] loss: 0.69323
[  4, 18251] loss: 0.69323
[  4, 18301] loss: 0.69299
[  4, 18351] loss: 0.69315
[  4, 18401] loss: 0.69332
[  4, 18451] loss: 0.69349
[  4, 18501] loss: 0.69346
[  4, 18551] loss: 0.69308
[  4, 18601] loss: 0.69315
[  4, 18651] loss: 0.69293
[  4, 18701] loss: 0.69293
[  4, 18751] loss: 0.69309
[  4, 18801] loss: 0.69297
[  4, 18851] loss: 0.69301
[  4, 18901] loss: 0.69330
[  4, 18951] loss: 0.69323
[  4, 19001] loss: 0.69332
[  4, 19051] loss: 0.69349
[  4, 19101] loss: 0.69250
[  4, 19151] loss: 0.69332
[  4, 19201] loss: 0.69288
[  4, 19251] loss: 0.69334
[  4, 19301] loss: 0.69276
[  4, 19351] loss: 0.69325
[  4, 19401] loss: 0.69370
[  4, 19451] loss: 0.69272
[  4, 19501] loss: 0.69349
[  4, 19551] loss: 0.69271
[  4, 19601] loss: 0.69350
[  4, 19651] loss: 0.69338
[  4, 19701] loss: 0.69372
[  4, 19751] loss: 0.69283
[  4, 19801] loss: 0.69305
[  4, 19851] loss: 0.69275
[  4, 19901] loss: 0.69325
[  4, 19951] loss: 0.69294
[  4, 20001] loss: 0.69272
[  4, 20051] loss: 0.69270
[  4, 20101] loss: 0.69290
[  4, 20151] loss: 0.69315
[  4, 20201] loss: 0.69404
[  4, 20251] loss: 0.69300
[  4, 20301] loss: 0.69346
[  4, 20351] loss: 0.69423
[  4, 20401] loss: 0.69271
[  4, 20451] loss: 0.69258
[  4, 20501] loss: 0.69359
[  4, 20551] loss: 0.69344
[  4, 20601] loss: 0.69399
[  4, 20651] loss: 0.69315
[  4, 20701] loss: 0.69232
[  4, 20751] loss: 0.69339
[  4, 20801] loss: 0.69372
[  4, 20851] loss: 0.69326
[  4, 20901] loss: 0.69267
[  4, 20951] loss: 0.69306
[  4, 21001] loss: 0.69306
[  4, 21051] loss: 0.69362
[  4, 21101] loss: 0.69306
[  4, 21151] loss: 0.69290
[  4, 21201] loss: 0.69315
[  4, 21251] loss: 0.69323
[  4, 21301] loss: 0.69274
[  4, 21351] loss: 0.69324
[  4, 21401] loss: 0.69324
[  4, 21451] loss: 0.69297
[  4, 21501] loss: 0.69334
[  4, 21551] loss: 0.69334
[  4, 21601] loss: 0.69324
[  4, 21651] loss: 0.69342
[  4, 21701] loss: 0.69331
[  4, 21751] loss: 0.69292
[  4, 21801] loss: 0.69301
[  4, 21851] loss: 0.69350
[  4, 21901] loss: 0.69347
[  4, 21951] loss: 0.69341
[  4, 22001] loss: 0.69326
[  4, 22051] loss: 0.69317
[  4, 22101] loss: 0.69314
[  4, 22151] loss: 0.69315
[  4, 22201] loss: 0.69317
[  4, 22251] loss: 0.69320
[  4, 22301] loss: 0.69321
[  4, 22351] loss: 0.69318
[  4, 22401] loss: 0.69318
[  4, 22451] loss: 0.69295
[  4, 22501] loss: 0.69339
[  4, 22551] loss: 0.69311
[  4, 22601] loss: 0.69323
[  4, 22651] loss: 0.69318
[  4, 22701] loss: 0.69295
[  4, 22751] loss: 0.69322
[  4, 22801] loss: 0.69311
[  4, 22851] loss: 0.69319
[  4, 22901] loss: 0.69356
[  4, 22951] loss: 0.69318
[  4, 23001] loss: 0.69300
[  4, 23051] loss: 0.69320
[  4, 23101] loss: 0.69312
[  4, 23151] loss: 0.69310
[  4, 23201] loss: 0.69322
[  4, 23251] loss: 0.69307
[  4, 23301] loss: 0.69322
[  4, 23351] loss: 0.69318
[  4, 23401] loss: 0.69314
[  4, 23451] loss: 0.69317
[  4, 23501] loss: 0.69318
[  4, 23551] loss: 0.69313
[  4, 23601] loss: 0.69313
[  4, 23651] loss: 0.69312
[  4, 23701] loss: 0.69328
[  4, 23751] loss: 0.69310
[  4, 23801] loss: 0.69297
[  4, 23851] loss: 0.69308
[  4, 23901] loss: 0.69315
[  4, 23951] loss: 0.69315
[  4, 24001] loss: 0.69305
[  4, 24051] loss: 0.69379
[  4, 24101] loss: 0.69315
[  4, 24151] loss: 0.69293
[  4, 24201] loss: 0.69260
[  4, 24251] loss: 0.69351
[  4, 24301] loss: 0.69340
[  4, 24351] loss: 0.69278
[  4, 24401] loss: 0.69213
[  4, 24451] loss: 0.69386
[  4, 24501] loss: 0.69301
[  4, 24551] loss: 0.69331
[  4, 24601] loss: 0.69221
[  4, 24651] loss: 0.69232
[  4, 24701] loss: 0.69261
[  4, 24751] loss: 0.69356
[  4, 24801] loss: 0.69295
[  4, 24851] loss: 0.69294
[  4, 24901] loss: 0.69411
[  4, 24951] loss: 0.69268
[  5,     1] loss: 0.69317
[  5,    51] loss: 0.69265
[  5,   101] loss: 0.69264
[  5,   151] loss: 0.69290
[  5,   201] loss: 0.69402
[  5,   251] loss: 0.69548
[  5,   301] loss: 0.69119
[  5,   351] loss: 0.69231
[  5,   401] loss: 0.69405
[  5,   451] loss: 0.69258
[  5,   501] loss: 0.69288
[  5,   551] loss: 0.69348
[  5,   601] loss: 0.69379
[  5,   651] loss: 0.69257
[  5,   701] loss: 0.69072
[  5,   751] loss: 0.69477
[  5,   801] loss: 0.69286
[  5,   851] loss: 0.69448
[  5,   901] loss: 0.69415
[  5,   951] loss: 0.69318
[  5,  1001] loss: 0.69318
[  5,  1051] loss: 0.69287
[  5,  1101] loss: 0.69256
[  5,  1151] loss: 0.69225
[  5,  1201] loss: 0.69349
[  5,  1251] loss: 0.69318
[  5,  1301] loss: 0.69161
[  5,  1351] loss: 0.69446
[  5,  1401] loss: 0.69414
[  5,  1451] loss: 0.69254
[  5,  1501] loss: 0.69318
[  5,  1551] loss: 0.69476
[  5,  1601] loss: 0.69349
[  5,  1651] loss: 0.69106
[  5,  1701] loss: 0.69105
[  5,  1751] loss: 0.69318
[  5,  1801] loss: 0.69350
[  5,  1851] loss: 0.69318
[  5,  1901] loss: 0.69285
[  5,  1951] loss: 0.69184
[  5,  2001] loss: 0.69250
[  5,  2051] loss: 0.69460
[  5,  2101] loss: 0.69355
[  5,  2151] loss: 0.69319
[  5,  2201] loss: 0.69536
[  5,  2251] loss: 0.69426
[  5,  2301] loss: 0.69319
[  5,  2351] loss: 0.69284
[  5,  2401] loss: 0.69184
[  5,  2451] loss: 0.69452
[  5,  2501] loss: 0.69384
[  5,  2551] loss: 0.69094
[  5,  2601] loss: 0.69093
[  5,  2651] loss: 0.69384
[  5,  2701] loss: 0.69352
[  5,  2751] loss: 0.69150
[  5,  2801] loss: 0.69422
[  5,  2851] loss: 0.69528
[  5,  2901] loss: 0.69422
[  5,  2951] loss: 0.69284
[  5,  3001] loss: 0.69285
[  5,  3051] loss: 0.69318
[  5,  3101] loss: 0.69155
[  5,  3151] loss: 0.69351
[  5,  3201] loss: 0.69318
[  5,  3251] loss: 0.69285
[  5,  3301] loss: 0.69318
[  5,  3351] loss: 0.69417
[  5,  3401] loss: 0.69285
[  5,  3451] loss: 0.69253
[  5,  3501] loss: 0.69449
[  5,  3551] loss: 0.69350
[  5,  3601] loss: 0.69318
[  5,  3651] loss: 0.69131
[  5,  3701] loss: 0.69098
[  5,  3751] loss: 0.69350
[  5,  3801] loss: 0.69219
[  5,  3851] loss: 0.69148
[  5,  3901] loss: 0.69389
[  5,  3951] loss: 0.69173
[  5,  4001] loss: 0.69432
[  5,  4051] loss: 0.69319
[  5,  4101] loss: 0.69398
[  5,  4151] loss: 0.69439
[  5,  4201] loss: 0.69399
[  5,  4251] loss: 0.69517
[  5,  4301] loss: 0.69435
[  5,  4351] loss: 0.69282
[  5,  4401] loss: 0.69319
[  5,  4451] loss: 0.69211
[  5,  4501] loss: 0.69354
[  5,  4551] loss: 0.69214
[  5,  4601] loss: 0.69214
[  5,  4651] loss: 0.69319
[  5,  4701] loss: 0.69353
[  5,  4751] loss: 0.69563
[  5,  4801] loss: 0.69318
[  5,  4851] loss: 0.69152
[  5,  4901] loss: 0.69318
[  5,  4951] loss: 0.69351
[  5,  5001] loss: 0.69481
[  5,  5051] loss: 0.69382
[  5,  5101] loss: 0.69441
[  5,  5151] loss: 0.69376
[  5,  5201] loss: 0.69457
[  5,  5251] loss: 0.69395
[  5,  5301] loss: 0.69436
[  5,  5351] loss: 0.69316
[  5,  5401] loss: 0.69219
[  5,  5451] loss: 0.69351
[  5,  5501] loss: 0.69283
[  5,  5551] loss: 0.69421
[  5,  5601] loss: 0.69302
[  5,  5651] loss: 0.69292
[  5,  5701] loss: 0.69326
[  5,  5751] loss: 0.69324
[  5,  5801] loss: 0.69323
[  5,  5851] loss: 0.69336
[  5,  5901] loss: 0.69331
[  5,  5951] loss: 0.69323
[  5,  6001] loss: 0.69317
[  5,  6051] loss: 0.69315
[  5,  6101] loss: 0.69307
[  5,  6151] loss: 0.69302
[  5,  6201] loss: 0.69350
[  5,  6251] loss: 0.69315
[  5,  6301] loss: 0.69386
[  5,  6351] loss: 0.69278
[  5,  6401] loss: 0.69275
[  5,  6451] loss: 0.69293
[  5,  6501] loss: 0.69241
[  5,  6551] loss: 0.69358
[  5,  6601] loss: 0.69362
[  5,  6651] loss: 0.69234
[  5,  6701] loss: 0.69403
[  5,  6751] loss: 0.69261
[  5,  6801] loss: 0.69297
[  5,  6851] loss: 0.69257
[  5,  6901] loss: 0.69191
[  5,  6951] loss: 0.69159
[  5,  7001] loss: 0.69292
[  5,  7051] loss: 0.69183
[  5,  7101] loss: 0.69142
[  5,  7151] loss: 0.69382
[  5,  7201] loss: 0.69353
[  5,  7251] loss: 0.69319
[  5,  7301] loss: 0.69281
[  5,  7351] loss: 0.69201
[  5,  7401] loss: 0.69113
[  5,  7451] loss: 0.69451
[  5,  7501] loss: 0.69186
[  5,  7551] loss: 0.69368
[  5,  7601] loss: 0.69370
[  5,  7651] loss: 0.69569
[  5,  7701] loss: 0.69472
[  5,  7751] loss: 0.69621
[  5,  7801] loss: 0.69714
[  5,  7851] loss: 0.69084
[  5,  7901] loss: 0.69322
[  5,  7951] loss: 0.69321
[  5,  8001] loss: 0.69321
[  5,  8051] loss: 0.69542
[  5,  8101] loss: 0.69235
[  5,  8151] loss: 0.69152
[  5,  8201] loss: 0.69570
[  5,  8251] loss: 0.69401
[  5,  8301] loss: 0.68966
[  5,  8351] loss: 0.69359
[  5,  8401] loss: 0.69242
[  5,  8451] loss: 0.69358
[  5,  8501] loss: 0.69436
[  5,  8551] loss: 0.69319
[  5,  8601] loss: 0.69206
[  5,  8651] loss: 0.69470
[  5,  8701] loss: 0.69541
[  5,  8751] loss: 0.69211
[  5,  8801] loss: 0.69319
[  5,  8851] loss: 0.69387
[  5,  8901] loss: 0.69318
[  5,  8951] loss: 0.69220
[  5,  9001] loss: 0.69318
[  5,  9051] loss: 0.69350
[  5,  9101] loss: 0.69193
[  5,  9151] loss: 0.69536
[  5,  9201] loss: 0.69257
[  5,  9251] loss: 0.69347
[  5,  9301] loss: 0.69405
[  5,  9351] loss: 0.69176
[  5,  9401] loss: 0.69345
[  5,  9451] loss: 0.69345
[  5,  9501] loss: 0.69317
[  5,  9551] loss: 0.69317
[  5,  9601] loss: 0.69265
[  5,  9651] loss: 0.69369
[  5,  9701] loss: 0.69291
[  5,  9751] loss: 0.69241
[  5,  9801] loss: 0.69393
[  5,  9851] loss: 0.69467
[  5,  9901] loss: 0.69268
[  5,  9951] loss: 0.69199
[  5, 10001] loss: 0.69199
[  5, 10051] loss: 0.69269
[  5, 10101] loss: 0.69440
[  5, 10151] loss: 0.69292
[  5, 10201] loss: 0.69218
[  5, 10251] loss: 0.69215
[  5, 10301] loss: 0.69396
[  5, 10351] loss: 0.69424
[  5, 10401] loss: 0.69477
[  5, 10451] loss: 0.69317
[  5, 10501] loss: 0.69367
[  5, 10551] loss: 0.69438
[  5, 10601] loss: 0.69316
[  5, 10651] loss: 0.69316
[  5, 10701] loss: 0.69357
[  5, 10751] loss: 0.69355
[  5, 10801] loss: 0.69171
[  5, 10851] loss: 0.69369
[  5, 10901] loss: 0.69316
[  5, 10951] loss: 0.69233
[  5, 11001] loss: 0.69299
[  5, 11051] loss: 0.69299
[  5, 11101] loss: 0.69417
[  5, 11151] loss: 0.69348
[  5, 11201] loss: 0.69269
[  5, 11251] loss: 0.69361
[  5, 11301] loss: 0.69301
[  5, 11351] loss: 0.69344
[  5, 11401] loss: 0.69370
[  5, 11451] loss: 0.69290
[  5, 11501] loss: 0.69339
[  5, 11551] loss: 0.69326
[  5, 11601] loss: 0.69376
[  5, 11651] loss: 0.69246
[  5, 11701] loss: 0.69315
[  5, 11751] loss: 0.69292
[  5, 11801] loss: 0.69323
[  5, 11851] loss: 0.69307
[  5, 11901] loss: 0.69315
[  5, 11951] loss: 0.69285
[  5, 12001] loss: 0.69299
[  5, 12051] loss: 0.69315
[  5, 12101] loss: 0.69333
[  5, 12151] loss: 0.69324
[  5, 12201] loss: 0.69306
[  5, 12251] loss: 0.69353
[  5, 12301] loss: 0.69315
[  5, 12351] loss: 0.69279
[  5, 12401] loss: 0.69306
[  5, 12451] loss: 0.69277
[  5, 12501] loss: 0.69315
[  5, 12551] loss: 0.69348
[  5, 12601] loss: 0.69326
[  5, 12651] loss: 0.69371
[  5, 12701] loss: 0.69283
[  5, 12751] loss: 0.69326
[  5, 12801] loss: 0.69315
[  5, 12851] loss: 0.69285
[  5, 12901] loss: 0.69335
[  5, 12951] loss: 0.69325
[  5, 13001] loss: 0.69355
[  5, 13051] loss: 0.69297
[  5, 13101] loss: 0.69288
[  5, 13151] loss: 0.69306
[  5, 13201] loss: 0.69306
[  5, 13251] loss: 0.69333
[  5, 13301] loss: 0.69315
[  5, 13351] loss: 0.69233
[  5, 13401] loss: 0.69255
[  5, 13451] loss: 0.69327
[  5, 13501] loss: 0.69238
[  5, 13551] loss: 0.69330
[  5, 13601] loss: 0.69348
[  5, 13651] loss: 0.69230
[  5, 13701] loss: 0.69372
[  5, 13751] loss: 0.69237
[  5, 13801] loss: 0.69231
[  5, 13851] loss: 0.69202
[  5, 13901] loss: 0.69342
[  5, 13951] loss: 0.69264
[  5, 14001] loss: 0.69289
[  5, 14051] loss: 0.69648
[  5, 14101] loss: 0.69560
[  5, 14151] loss: 0.69406
[  5, 14201] loss: 0.69174
[  5, 14251] loss: 0.69402
[  5, 14301] loss: 0.69207
[  5, 14351] loss: 0.69153
[  5, 14401] loss: 0.69345
[  5, 14451] loss: 0.69374
[  5, 14501] loss: 0.69345
[  5, 14551] loss: 0.69514
[  5, 14601] loss: 0.69317
[  5, 14651] loss: 0.69238
[  5, 14701] loss: 0.69525
[  5, 14751] loss: 0.69242
[  5, 14801] loss: 0.69269
[  5, 14851] loss: 0.69363
[  5, 14901] loss: 0.69294
[  5, 14951] loss: 0.69162
[  5, 15001] loss: 0.69339
[  5, 15051] loss: 0.69406
[  5, 15101] loss: 0.69316
[  5, 15151] loss: 0.69360
[  5, 15201] loss: 0.69358
[  5, 15251] loss: 0.69459
[  5, 15301] loss: 0.69354
[  5, 15351] loss: 0.69316
[  5, 15401] loss: 0.69251
[  5, 15451] loss: 0.69300
[  5, 15501] loss: 0.69315
[  5, 15551] loss: 0.69371
[  5, 15601] loss: 0.69302
[  5, 15651] loss: 0.69303
[  5, 15701] loss: 0.69350
[  5, 15751] loss: 0.69283
[  5, 15801] loss: 0.69305
[  5, 15851] loss: 0.69236
[  5, 15901] loss: 0.69283
[  5, 15951] loss: 0.69281
[  5, 16001] loss: 0.69328
[  5, 16051] loss: 0.69382
[  5, 16101] loss: 0.69288
[  5, 16151] loss: 0.69329
[  5, 16201] loss: 0.69330
[  5, 16251] loss: 0.69416
[  5, 16301] loss: 0.69302
[  5, 16351] loss: 0.69381
[  5, 16401] loss: 0.69230
[  5, 16451] loss: 0.69267
[  5, 16501] loss: 0.69315
[  5, 16551] loss: 0.69365
[  5, 16601] loss: 0.69364
[  5, 16651] loss: 0.69327
[  5, 16701] loss: 0.69282
[  5, 16751] loss: 0.69304
[  5, 16801] loss: 0.69377
[  5, 16851] loss: 0.69296
[  5, 16901] loss: 0.69297
[  5, 16951] loss: 0.69297
[  5, 17001] loss: 0.69306
[  5, 17051] loss: 0.69280
[  5, 17101] loss: 0.69306
[  5, 17151] loss: 0.69315
[  5, 17201] loss: 0.69377
[  5, 17251] loss: 0.69295
[  5, 17301] loss: 0.69335
[  5, 17351] loss: 0.69295
[  5, 17401] loss: 0.69285
[  5, 17451] loss: 0.69367
[  5, 17501] loss: 0.69376
[  5, 17551] loss: 0.69315
[  5, 17601] loss: 0.69374
[  5, 17651] loss: 0.69322
[  5, 17701] loss: 0.69320
[  5, 17751] loss: 0.69323
[  5, 17801] loss: 0.69315
[  5, 17851] loss: 0.69317
[  5, 17901] loss: 0.69314
[  5, 17951] loss: 0.69301
[  5, 18001] loss: 0.69311
[  5, 18051] loss: 0.69358
[  5, 18101] loss: 0.69329
[  5, 18151] loss: 0.69347
[  5, 18201] loss: 0.69323
[  5, 18251] loss: 0.69323
[  5, 18301] loss: 0.69298
[  5, 18351] loss: 0.69315
[  5, 18401] loss: 0.69332
[  5, 18451] loss: 0.69349
[  5, 18501] loss: 0.69347
[  5, 18551] loss: 0.69308
[  5, 18601] loss: 0.69315
[  5, 18651] loss: 0.69292
[  5, 18701] loss: 0.69293
[  5, 18751] loss: 0.69309
[  5, 18801] loss: 0.69296
[  5, 18851] loss: 0.69301
[  5, 18901] loss: 0.69330
[  5, 18951] loss: 0.69323
[  5, 19001] loss: 0.69332
[  5, 19051] loss: 0.69349
[  5, 19101] loss: 0.69250
[  5, 19151] loss: 0.69332
[  5, 19201] loss: 0.69288
[  5, 19251] loss: 0.69334
[  5, 19301] loss: 0.69276
[  5, 19351] loss: 0.69326
[  5, 19401] loss: 0.69370
[  5, 19451] loss: 0.69272
[  5, 19501] loss: 0.69349
[  5, 19551] loss: 0.69270
[  5, 19601] loss: 0.69350
[  5, 19651] loss: 0.69338
[  5, 19701] loss: 0.69372
[  5, 19751] loss: 0.69283
[  5, 19801] loss: 0.69305
[  5, 19851] loss: 0.69275
[  5, 19901] loss: 0.69325
[  5, 19951] loss: 0.69294
[  5, 20001] loss: 0.69272
[  5, 20051] loss: 0.69269
[  5, 20101] loss: 0.69290
[  5, 20151] loss: 0.69315
[  5, 20201] loss: 0.69404
[  5, 20251] loss: 0.69300
[  5, 20301] loss: 0.69346
[  5, 20351] loss: 0.69424
[  5, 20401] loss: 0.69271
[  5, 20451] loss: 0.69258
[  5, 20501] loss: 0.69359
[  5, 20551] loss: 0.69344
[  5, 20601] loss: 0.69399
[  5, 20651] loss: 0.69315
[  5, 20701] loss: 0.69232
[  5, 20751] loss: 0.69339
[  5, 20801] loss: 0.69373
[  5, 20851] loss: 0.69326
[  5, 20901] loss: 0.69266
[  5, 20951] loss: 0.69306
[  5, 21001] loss: 0.69306
[  5, 21051] loss: 0.69362
[  5, 21101] loss: 0.69306
[  5, 21151] loss: 0.69290
[  5, 21201] loss: 0.69315
[  5, 21251] loss: 0.69323
[  5, 21301] loss: 0.69274
[  5, 21351] loss: 0.69324
[  5, 21401] loss: 0.69324
[  5, 21451] loss: 0.69297
[  5, 21501] loss: 0.69334
[  5, 21551] loss: 0.69334
[  5, 21601] loss: 0.69324
[  5, 21651] loss: 0.69342
[  5, 21701] loss: 0.69332
[  5, 21751] loss: 0.69292
[  5, 21801] loss: 0.69300
[  5, 21851] loss: 0.69350
[  5, 21901] loss: 0.69347
[  5, 21951] loss: 0.69341
[  5, 22001] loss: 0.69326
[  5, 22051] loss: 0.69317
[  5, 22101] loss: 0.69314
[  5, 22151] loss: 0.69315
[  5, 22201] loss: 0.69317
[  5, 22251] loss: 0.69320
[  5, 22301] loss: 0.69321
[  5, 22351] loss: 0.69318
[  5, 22401] loss: 0.69318
[  5, 22451] loss: 0.69295
[  5, 22501] loss: 0.69339
[  5, 22551] loss: 0.69311
[  5, 22601] loss: 0.69322
[  5, 22651] loss: 0.69318
[  5, 22701] loss: 0.69295
[  5, 22751] loss: 0.69322
[  5, 22801] loss: 0.69311
[  5, 22851] loss: 0.69319
[  5, 22901] loss: 0.69356
[  5, 22951] loss: 0.69318
[  5, 23001] loss: 0.69301
[  5, 23051] loss: 0.69320
[  5, 23101] loss: 0.69312
[  5, 23151] loss: 0.69310
[  5, 23201] loss: 0.69322
[  5, 23251] loss: 0.69307
[  5, 23301] loss: 0.69322
[  5, 23351] loss: 0.69318
[  5, 23401] loss: 0.69314
[  5, 23451] loss: 0.69316
[  5, 23501] loss: 0.69318
[  5, 23551] loss: 0.69313
[  5, 23601] loss: 0.69313
[  5, 23651] loss: 0.69312
[  5, 23701] loss: 0.69328
[  5, 23751] loss: 0.69310
[  5, 23801] loss: 0.69297
[  5, 23851] loss: 0.69308
[  5, 23901] loss: 0.69315
[  5, 23951] loss: 0.69315
[  5, 24001] loss: 0.69305
[  5, 24051] loss: 0.69379
[  5, 24101] loss: 0.69315
[  5, 24151] loss: 0.69293
[  5, 24201] loss: 0.69260
[  5, 24251] loss: 0.69351
[  5, 24301] loss: 0.69340
[  5, 24351] loss: 0.69278
[  5, 24401] loss: 0.69212
[  5, 24451] loss: 0.69386
[  5, 24501] loss: 0.69301
[  5, 24551] loss: 0.69331
[  5, 24601] loss: 0.69221
[  5, 24651] loss: 0.69232
[  5, 24701] loss: 0.69261
[  5, 24751] loss: 0.69356
[  5, 24801] loss: 0.69295
[  5, 24851] loss: 0.69294
[  5, 24901] loss: 0.69411
[  5, 24951] loss: 0.69268
Finished training
Accuracy on train: 0.50000
Accuracy on test: 0.50000
