{'word_context': 5, 'word_embed_size': 100, 'word_conv_units': 10, 'hidden_units': 0, 'dropout': False, 'batch_size': 50}
train set done
test set done
<bound method MixedNet.parameters of MixedNet (
  (W_wrd): DataParallel (
    (module): Embedding(89528, 100)
  )
  (word_level_conv): DataParallel (
    (module): Conv2d(1, 10, kernel_size=(100, 5), stride=(1, 1), padding=(0, 2))
  )
  (word_level_maxpool): DataParallel (
    (module): AdaptiveMaxPool2d (output_size=(10, 1))
  )
  (fc1): DataParallel (
    (module): Linear (10 -> 2)
  )
)>
[  1,     1] loss: 0.67472
[  1,    51] loss: 0.76642
[  1,   101] loss: 0.82385
[  1,   151] loss: 0.65668
[  1,   201] loss: 0.73168
[  1,   251] loss: 0.72616
[  1,   301] loss: 0.70373
[  1,   351] loss: 0.76599
[  1,   401] loss: 0.72174
[  1,   451] loss: 0.67635
[  1,   501] loss: 0.71333
[  1,   551] loss: 0.67645
[  1,   601] loss: 0.67834
[  1,   651] loss: 0.69576
[  1,   701] loss: 0.68081
[  1,   751] loss: 0.68518
[  1,   801] loss: 0.72726
[  1,   851] loss: 0.74319
[  1,   901] loss: 0.71475
[  1,   951] loss: 0.73997
[  1,  1001] loss: 0.69298
[  1,  1051] loss: 0.71509
[  1,  1101] loss: 0.69946
[  1,  1151] loss: 0.72307
[  1,  1201] loss: 0.70165
[  1,  1251] loss: 0.70753
[  1,  1301] loss: 0.68263
[  1,  1351] loss: 0.70503
[  1,  1401] loss: 0.72362
[  1,  1451] loss: 0.69264
[  1,  1501] loss: 0.69505
[  1,  1551] loss: 0.69166
[  1,  1601] loss: 0.71189
[  1,  1651] loss: 0.72352
[  1,  1701] loss: 0.69190
[  1,  1751] loss: 0.66935
[  1,  1801] loss: 0.70788
[  1,  1851] loss: 0.69267
[  1,  1901] loss: 0.72553
[  1,  1951] loss: 0.71660
[  1,  2001] loss: 0.68507
[  1,  2051] loss: 0.73343
[  1,  2101] loss: 0.68602
[  1,  2151] loss: 0.67896
[  1,  2201] loss: 0.71870
[  1,  2251] loss: 0.71106
[  1,  2301] loss: 0.72857
[  1,  2351] loss: 0.68725
[  1,  2401] loss: 0.71485
[  1,  2451] loss: 0.70074
[  1,  2501] loss: 0.70474
[  1,  2551] loss: 0.71789
[  1,  2601] loss: 0.72080
[  1,  2651] loss: 0.68347
[  1,  2701] loss: 0.69328
[  1,  2751] loss: 0.71081
[  1,  2801] loss: 0.65268
[  1,  2851] loss: 0.65164
[  1,  2901] loss: 0.69617
[  1,  2951] loss: 0.69115
[  1,  3001] loss: 0.71726
[  1,  3051] loss: 0.72171
[  1,  3101] loss: 0.69850
[  1,  3151] loss: 0.69971
[  1,  3201] loss: 0.66542
[  1,  3251] loss: 0.69158
[  1,  3301] loss: 0.70491
[  1,  3351] loss: 0.63724
[  1,  3401] loss: 0.67131
[  1,  3451] loss: 0.66907
[  1,  3501] loss: 0.70338
[  1,  3551] loss: 0.70818
[  1,  3601] loss: 0.68075
[  1,  3651] loss: 0.66329
[  1,  3701] loss: 0.71223
[  1,  3751] loss: 0.66850
[  1,  3801] loss: 0.65004
[  1,  3851] loss: 0.68014
[  1,  3901] loss: 0.70641
[  1,  3951] loss: 0.69151
[  1,  4001] loss: 0.63089
[  1,  4051] loss: 0.71863
[  1,  4101] loss: 0.64542
[  1,  4151] loss: 0.69991
[  1,  4201] loss: 0.68821
[  1,  4251] loss: 0.73807
[  1,  4301] loss: 0.63111
[  1,  4351] loss: 0.72185
[  1,  4401] loss: 0.68351
[  1,  4451] loss: 0.66325
[  1,  4501] loss: 0.65931
[  1,  4551] loss: 0.71530
[  1,  4601] loss: 0.69433
[  1,  4651] loss: 0.66710
[  1,  4701] loss: 0.68469
[  1,  4751] loss: 0.68543
[  1,  4801] loss: 0.68391
[  1,  4851] loss: 0.66389
[  1,  4901] loss: 0.70289
[  1,  4951] loss: 0.67778
[  1,  5001] loss: 0.68775
[  1,  5051] loss: 0.67894
[  1,  5101] loss: 0.63022
[  1,  5151] loss: 0.63543
[  1,  5201] loss: 0.64911
[  1,  5251] loss: 0.63716
[  1,  5301] loss: 0.73029
[  1,  5351] loss: 0.64736
[  1,  5401] loss: 0.69483
[  1,  5451] loss: 0.65806
[  1,  5501] loss: 0.60473
[  1,  5551] loss: 0.64366
[  1,  5601] loss: 0.67379
[  1,  5651] loss: 0.74207
[  1,  5701] loss: 0.64613
[  1,  5751] loss: 0.64961
[  1,  5801] loss: 0.67298
[  1,  5851] loss: 0.69814
[  1,  5901] loss: 0.68589
[  1,  5951] loss: 0.64236
[  1,  6001] loss: 0.71000
[  1,  6051] loss: 0.65421
[  1,  6101] loss: 0.67123
[  1,  6151] loss: 0.69816
[  1,  6201] loss: 0.69753
[  1,  6251] loss: 0.63262
[  1,  6301] loss: 0.65624
[  1,  6351] loss: 0.61828
[  1,  6401] loss: 0.62613
[  1,  6451] loss: 0.67495
[  1,  6501] loss: 0.68844
[  1,  6551] loss: 0.66899
[  1,  6601] loss: 0.69430
[  1,  6651] loss: 0.68298
[  1,  6701] loss: 0.70955
[  1,  6751] loss: 0.66598
[  1,  6801] loss: 0.66875
[  1,  6851] loss: 0.64852
[  1,  6901] loss: 0.72226
[  1,  6951] loss: 0.64961
[  1,  7001] loss: 0.59421
[  1,  7051] loss: 0.68421
[  1,  7101] loss: 0.65704
[  1,  7151] loss: 0.63483
[  1,  7201] loss: 0.62777
[  1,  7251] loss: 0.65028
[  1,  7301] loss: 0.63892
[  1,  7351] loss: 0.63227
[  1,  7401] loss: 0.66925
[  1,  7451] loss: 0.64572
[  1,  7501] loss: 0.60506
[  1,  7551] loss: 0.67391
[  1,  7601] loss: 0.63861
[  1,  7651] loss: 0.64514
[  1,  7701] loss: 0.70601
[  1,  7751] loss: 0.64188
[  1,  7801] loss: 0.65085
[  1,  7851] loss: 0.63034
[  1,  7901] loss: 0.65703
[  1,  7951] loss: 0.65088
[  1,  8001] loss: 0.60018
[  1,  8051] loss: 0.76696
[  1,  8101] loss: 0.59851
[  1,  8151] loss: 0.63234
[  1,  8201] loss: 0.61085
[  1,  8251] loss: 0.62577
[  1,  8301] loss: 0.58239
[  1,  8351] loss: 0.68883
[  1,  8401] loss: 0.71982
[  1,  8451] loss: 0.64692
[  1,  8501] loss: 0.63734
[  1,  8551] loss: 0.74696
[  1,  8601] loss: 0.59116
[  1,  8651] loss: 0.71612
[  1,  8701] loss: 0.62114
[  1,  8751] loss: 0.62574
[  1,  8801] loss: 0.69453
[  1,  8851] loss: 0.69355
[  1,  8901] loss: 0.61709
[  1,  8951] loss: 0.71990
[  1,  9001] loss: 0.63794
[  1,  9051] loss: 0.63679
[  1,  9101] loss: 0.63498
[  1,  9151] loss: 0.72445
[  1,  9201] loss: 0.66372
[  1,  9251] loss: 0.60721
[  1,  9301] loss: 0.65832
[  1,  9351] loss: 0.62657
[  1,  9401] loss: 0.72890
[  1,  9451] loss: 0.68124
[  1,  9501] loss: 0.63896
[  1,  9551] loss: 0.73932
[  1,  9601] loss: 0.71731
[  1,  9651] loss: 0.62088
[  1,  9701] loss: 0.62359
[  1,  9751] loss: 0.63925
[  1,  9801] loss: 0.60606
[  1,  9851] loss: 0.65807
[  1,  9901] loss: 0.67266
[  1,  9951] loss: 0.62757
[  1, 10001] loss: 0.62139
[  1, 10051] loss: 0.64047
[  1, 10101] loss: 0.66625
[  1, 10151] loss: 0.63039
[  1, 10201] loss: 0.60105
[  1, 10251] loss: 0.67793
[  1, 10301] loss: 0.60092
[  1, 10351] loss: 0.67102
[  1, 10401] loss: 0.66366
[  1, 10451] loss: 0.65256
[  1, 10501] loss: 0.69398
[  1, 10551] loss: 0.63795
[  1, 10601] loss: 0.61441
[  1, 10651] loss: 0.74433
[  1, 10701] loss: 0.70798
[  1, 10751] loss: 0.66128
[  1, 10801] loss: 0.63343
[  1, 10851] loss: 0.65046
[  1, 10901] loss: 0.68799
[  1, 10951] loss: 0.67530
[  1, 11001] loss: 0.65867
[  1, 11051] loss: 0.69623
[  1, 11101] loss: 0.72619
[  1, 11151] loss: 0.69068
[  1, 11201] loss: 0.67915
[  1, 11251] loss: 0.64126
[  1, 11301] loss: 0.60591
[  1, 11351] loss: 0.64180
[  1, 11401] loss: 0.59073
[  1, 11451] loss: 0.65328
[  1, 11501] loss: 0.64879
[  1, 11551] loss: 0.65002
[  1, 11601] loss: 0.58199
[  1, 11651] loss: 0.68774
[  1, 11701] loss: 0.69490
[  1, 11751] loss: 0.67871
[  1, 11801] loss: 0.64244
[  1, 11851] loss: 0.66089
[  1, 11901] loss: 0.71410
[  1, 11951] loss: 0.62099
[  1, 12001] loss: 0.71098
[  1, 12051] loss: 0.66942
[  1, 12101] loss: 0.65842
[  1, 12151] loss: 0.62414
[  1, 12201] loss: 0.65815
[  1, 12251] loss: 0.69863
[  1, 12301] loss: 0.68847
[  1, 12351] loss: 0.62332
[  1, 12401] loss: 0.60270
[  1, 12451] loss: 0.65492
[  1, 12501] loss: 0.66479
[  1, 12551] loss: 0.63238
[  1, 12601] loss: 0.73658
[  1, 12651] loss: 0.61091
[  1, 12701] loss: 0.61761
[  1, 12751] loss: 0.69994
[  1, 12801] loss: 0.70793
[  1, 12851] loss: 0.65187
[  1, 12901] loss: 0.66156
[  1, 12951] loss: 0.68054
[  1, 13001] loss: 0.63353
[  1, 13051] loss: 0.72670
[  1, 13101] loss: 0.69622
[  1, 13151] loss: 0.71206
[  1, 13201] loss: 0.59893
[  1, 13251] loss: 0.59808
[  1, 13301] loss: 0.65286
[  1, 13351] loss: 0.72648
[  1, 13401] loss: 0.64011
[  1, 13451] loss: 0.66954
[  1, 13501] loss: 0.63461
[  1, 13551] loss: 0.64033
[  1, 13601] loss: 0.62790
[  1, 13651] loss: 0.64145
[  1, 13701] loss: 0.60356
[  1, 13751] loss: 0.68183
[  1, 13801] loss: 0.61483
[  1, 13851] loss: 0.73495
[  1, 13901] loss: 0.63746
[  1, 13951] loss: 0.71369
[  1, 14001] loss: 0.63327
[  1, 14051] loss: 0.58631
[  1, 14101] loss: 0.62652
[  1, 14151] loss: 0.62554
[  1, 14201] loss: 0.67435
[  1, 14251] loss: 0.70232
[  1, 14301] loss: 0.62176
[  1, 14351] loss: 0.62341
[  1, 14401] loss: 0.68330
[  1, 14451] loss: 0.60857
[  1, 14501] loss: 0.67865
[  1, 14551] loss: 0.66346
[  1, 14601] loss: 0.64949
[  1, 14651] loss: 0.70709
[  1, 14701] loss: 0.63931
[  1, 14751] loss: 0.72506
[  1, 14801] loss: 0.63827
[  1, 14851] loss: 0.73244
[  1, 14901] loss: 0.70726
[  1, 14951] loss: 0.57659
[  1, 15001] loss: 0.69256
[  1, 15051] loss: 0.64704
[  1, 15101] loss: 0.62495
[  1, 15151] loss: 0.66702
[  1, 15201] loss: 0.62533
[  1, 15251] loss: 0.74221
[  1, 15301] loss: 0.70041
[  1, 15351] loss: 0.68714
[  1, 15401] loss: 0.67423
[  1, 15451] loss: 0.67015
[  1, 15501] loss: 0.66906
[  1, 15551] loss: 0.67647
[  1, 15601] loss: 0.66939
[  1, 15651] loss: 0.71104
[  1, 15701] loss: 0.68892
[  1, 15751] loss: 0.62073
[  1, 15801] loss: 0.53690
[  1, 15851] loss: 0.64809
[  1, 15901] loss: 0.64533
[  1, 15951] loss: 0.66325
[  1, 16001] loss: 0.67443
[  1, 16051] loss: 0.65541
[  1, 16101] loss: 0.61895
[  1, 16151] loss: 0.64985
[  1, 16201] loss: 0.67238
[  1, 16251] loss: 0.68725
[  1, 16301] loss: 0.72857
[  1, 16351] loss: 0.65399
[  1, 16401] loss: 0.68048
[  1, 16451] loss: 0.69493
[  1, 16501] loss: 0.66692
[  1, 16551] loss: 0.66115
[  1, 16601] loss: 0.70423
[  1, 16651] loss: 0.59313
[  1, 16701] loss: 0.62792
[  1, 16751] loss: 0.58573
[  1, 16801] loss: 0.62736
[  1, 16851] loss: 0.71121
[  1, 16901] loss: 0.72253
[  1, 16951] loss: 0.66673
[  1, 17001] loss: 0.60436
[  1, 17051] loss: 0.60055
[  1, 17101] loss: 0.64287
[  1, 17151] loss: 0.62021
[  1, 17201] loss: 0.68689
[  1, 17251] loss: 0.58840
[  1, 17301] loss: 0.70297
[  1, 17351] loss: 0.56543
[  1, 17401] loss: 0.73674
[  1, 17451] loss: 0.64874
[  1, 17501] loss: 0.65494
[  1, 17551] loss: 0.65516
[  1, 17601] loss: 0.64786
[  1, 17651] loss: 0.62810
[  1, 17701] loss: 0.65697
[  1, 17751] loss: 0.65969
[  1, 17801] loss: 0.62121
[  1, 17851] loss: 0.66747
[  1, 17901] loss: 0.64934
[  1, 17951] loss: 0.61437
[  1, 18001] loss: 0.65538
[  1, 18051] loss: 0.63797
[  1, 18101] loss: 0.66225
[  1, 18151] loss: 0.66662
[  1, 18201] loss: 0.59938
[  1, 18251] loss: 0.58328
[  1, 18301] loss: 0.64375
[  1, 18351] loss: 0.63630
[  1, 18401] loss: 0.69053
[  1, 18451] loss: 0.61059
[  1, 18501] loss: 0.74520
[  1, 18551] loss: 0.71096
[  1, 18601] loss: 0.68466
[  1, 18651] loss: 0.69013
[  1, 18701] loss: 0.63398
[  1, 18751] loss: 0.55627
[  1, 18801] loss: 0.69123
[  1, 18851] loss: 0.69114
[  1, 18901] loss: 0.59029
[  1, 18951] loss: 0.62020
[  1, 19001] loss: 0.70100
[  1, 19051] loss: 0.66022
[  1, 19101] loss: 0.61684
[  1, 19151] loss: 0.59870
[  1, 19201] loss: 0.60468
[  1, 19251] loss: 0.64834
[  1, 19301] loss: 0.64548
[  1, 19351] loss: 0.73208
[  1, 19401] loss: 0.62611
[  1, 19451] loss: 0.69062
[  1, 19501] loss: 0.61322
[  1, 19551] loss: 0.65266
[  1, 19601] loss: 0.69040
[  1, 19651] loss: 0.73248
[  1, 19701] loss: 0.67307
[  1, 19751] loss: 0.67099
[  1, 19801] loss: 0.71717
[  1, 19851] loss: 0.71734
[  1, 19901] loss: 0.64341
[  1, 19951] loss: 0.65553
[  1, 20001] loss: 0.70366
[  1, 20051] loss: 0.63313
[  1, 20101] loss: 0.61922
[  1, 20151] loss: 0.57368
[  1, 20201] loss: 0.51707
[  1, 20251] loss: 0.61107
[  1, 20301] loss: 0.64748
[  1, 20351] loss: 0.66995
[  1, 20401] loss: 0.64044
[  1, 20451] loss: 0.59987
[  1, 20501] loss: 0.63984
[  1, 20551] loss: 0.57237
[  1, 20601] loss: 0.67567
[  1, 20651] loss: 0.62101
[  1, 20701] loss: 0.53762
[  1, 20751] loss: 0.62984
[  1, 20801] loss: 0.69200
[  1, 20851] loss: 0.71798
[  1, 20901] loss: 0.59927
[  1, 20951] loss: 0.68803
[  1, 21001] loss: 0.56225
[  1, 21051] loss: 0.64298
[  1, 21101] loss: 0.61786
[  1, 21151] loss: 0.64554
[  1, 21201] loss: 0.56554
[  1, 21251] loss: 0.68243
[  1, 21301] loss: 0.61061
[  1, 21351] loss: 0.70290
[  1, 21401] loss: 0.61446
[  1, 21451] loss: 0.71826
[  1, 21501] loss: 0.70669
[  1, 21551] loss: 0.61063
[  1, 21601] loss: 0.66666
[  1, 21651] loss: 0.55467
[  1, 21701] loss: 0.63600
[  1, 21751] loss: 0.62925
[  1, 21801] loss: 0.60496
[  1, 21851] loss: 0.71802
[  1, 21901] loss: 0.64407
[  1, 21951] loss: 0.67124
[  1, 22001] loss: 0.63207
[  1, 22051] loss: 0.62967
[  1, 22101] loss: 0.68561
[  1, 22151] loss: 0.59047
[  1, 22201] loss: 0.59334
[  1, 22251] loss: 0.65943
[  1, 22301] loss: 0.68338
[  1, 22351] loss: 0.64230
[  1, 22401] loss: 0.67665
[  1, 22451] loss: 0.63475
[  1, 22501] loss: 0.68555
[  1, 22551] loss: 0.62452
[  1, 22601] loss: 0.65733
[  1, 22651] loss: 0.68741
[  1, 22701] loss: 0.55597
[  1, 22751] loss: 0.67229
[  1, 22801] loss: 0.76965
[  1, 22851] loss: 0.74263
[  1, 22901] loss: 0.66873
[  1, 22951] loss: 0.63481
[  1, 23001] loss: 0.63755
[  1, 23051] loss: 0.56209
[  1, 23101] loss: 0.59625
[  1, 23151] loss: 0.66187
[  1, 23201] loss: 0.64503
[  1, 23251] loss: 0.61265
[  1, 23301] loss: 0.66956
[  1, 23351] loss: 0.68352
[  1, 23401] loss: 0.61848
[  1, 23451] loss: 0.61533
[  1, 23501] loss: 0.60328
[  1, 23551] loss: 0.66634
[  1, 23601] loss: 0.63986
[  1, 23651] loss: 0.70995
[  1, 23701] loss: 0.63604
[  1, 23751] loss: 0.66911
[  1, 23801] loss: 0.68743
[  1, 23851] loss: 0.58911
[  1, 23901] loss: 0.64713
[  1, 23951] loss: 0.67735
[  1, 24001] loss: 0.63278
[  1, 24051] loss: 0.60150
[  1, 24101] loss: 0.61152
[  1, 24151] loss: 0.68316
[  1, 24201] loss: 0.58038
[  1, 24251] loss: 0.60547
[  1, 24301] loss: 0.55679
[  1, 24351] loss: 0.55406
[  1, 24401] loss: 0.59409
[  1, 24451] loss: 0.53814
[  1, 24501] loss: 0.70062
[  1, 24551] loss: 0.63798
[  1, 24601] loss: 0.69348
[  1, 24651] loss: 0.58685
[  1, 24701] loss: 0.66825
[  1, 24751] loss: 0.60566
[  1, 24801] loss: 0.60649
[  1, 24851] loss: 0.59299
[  1, 24901] loss: 0.72439
[  1, 24951] loss: 0.68377
[  2,     1] loss: 0.77125
[  2,    51] loss: 0.53475
[  2,   101] loss: 0.70103
[  2,   151] loss: 0.59169
[  2,   201] loss: 0.57503
[  2,   251] loss: 0.67764
[  2,   301] loss: 0.70540
[  2,   351] loss: 0.71220
[  2,   401] loss: 0.67858
[  2,   451] loss: 0.62122
[  2,   501] loss: 0.62053
[  2,   551] loss: 0.67562
[  2,   601] loss: 0.65406
[  2,   651] loss: 0.65586
[  2,   701] loss: 0.65680
[  2,   751] loss: 0.64090
[  2,   801] loss: 0.68412
[  2,   851] loss: 0.61625
[  2,   901] loss: 0.55555
[  2,   951] loss: 0.65999
[  2,  1001] loss: 0.69723
[  2,  1051] loss: 0.64989
[  2,  1101] loss: 0.58397
[  2,  1151] loss: 0.62668
[  2,  1201] loss: 0.65038
[  2,  1251] loss: 0.66899
[  2,  1301] loss: 0.62794
[  2,  1351] loss: 0.66108
[  2,  1401] loss: 0.65572
[  2,  1451] loss: 0.69399
[  2,  1501] loss: 0.62093
[  2,  1551] loss: 0.61444
[  2,  1601] loss: 0.67412
[  2,  1651] loss: 0.60898
[  2,  1701] loss: 0.64439
[  2,  1751] loss: 0.69959
[  2,  1801] loss: 0.64761
[  2,  1851] loss: 0.74272
[  2,  1901] loss: 0.68476
[  2,  1951] loss: 0.60379
[  2,  2001] loss: 0.60962
[  2,  2051] loss: 0.64797
[  2,  2101] loss: 0.63375
[  2,  2151] loss: 0.62193
[  2,  2201] loss: 0.68347
[  2,  2251] loss: 0.63893
[  2,  2301] loss: 0.59122
[  2,  2351] loss: 0.62453
[  2,  2401] loss: 0.66687
[  2,  2451] loss: 0.62327
[  2,  2501] loss: 0.64816
[  2,  2551] loss: 0.59663
[  2,  2601] loss: 0.59012
[  2,  2651] loss: 0.52703
[  2,  2701] loss: 0.62720
[  2,  2751] loss: 0.64560
[  2,  2801] loss: 0.51960
[  2,  2851] loss: 0.60918
[  2,  2901] loss: 0.69536
[  2,  2951] loss: 0.63281
[  2,  3001] loss: 0.64319
[  2,  3051] loss: 0.70420
[  2,  3101] loss: 0.53856
[  2,  3151] loss: 0.56309
[  2,  3201] loss: 0.58839
[  2,  3251] loss: 0.62798
[  2,  3301] loss: 0.58894
[  2,  3351] loss: 0.54696
[  2,  3401] loss: 0.53629
[  2,  3451] loss: 0.62290
[  2,  3501] loss: 0.66181
[  2,  3551] loss: 0.62238
[  2,  3601] loss: 0.60291
[  2,  3651] loss: 0.62017
[  2,  3701] loss: 0.62665
[  2,  3751] loss: 0.60366
[  2,  3801] loss: 0.60194
[  2,  3851] loss: 0.55190
[  2,  3901] loss: 0.63947
[  2,  3951] loss: 0.57613
[  2,  4001] loss: 0.61627
[  2,  4051] loss: 0.68508
[  2,  4101] loss: 0.60486
[  2,  4151] loss: 0.66643
[  2,  4201] loss: 0.71909
[  2,  4251] loss: 0.71452
[  2,  4301] loss: 0.56672
[  2,  4351] loss: 0.62922
[  2,  4401] loss: 0.58664
[  2,  4451] loss: 0.62211
[  2,  4501] loss: 0.56666
[  2,  4551] loss: 0.66654
[  2,  4601] loss: 0.72076
[  2,  4651] loss: 0.62325
[  2,  4701] loss: 0.62788
[  2,  4751] loss: 0.69760
[  2,  4801] loss: 0.57709
[  2,  4851] loss: 0.56662
[  2,  4901] loss: 0.61144
[  2,  4951] loss: 0.63965
[  2,  5001] loss: 0.59366
[  2,  5051] loss: 0.68196
[  2,  5101] loss: 0.58099
[  2,  5151] loss: 0.54474
[  2,  5201] loss: 0.58624
[  2,  5251] loss: 0.58810
[  2,  5301] loss: 0.65883
[  2,  5351] loss: 0.55742
[  2,  5401] loss: 0.67229
[  2,  5451] loss: 0.57771
[  2,  5501] loss: 0.55429
[  2,  5551] loss: 0.56529
[  2,  5601] loss: 0.63033
[  2,  5651] loss: 0.68264
[  2,  5701] loss: 0.68170
[  2,  5751] loss: 0.56873
[  2,  5801] loss: 0.56217
[  2,  5851] loss: 0.70047
[  2,  5901] loss: 0.61510
[  2,  5951] loss: 0.61469
[  2,  6001] loss: 0.68999
[  2,  6051] loss: 0.60713
[  2,  6101] loss: 0.63993
[  2,  6151] loss: 0.61139
[  2,  6201] loss: 0.64572
[  2,  6251] loss: 0.56008
[  2,  6301] loss: 0.55478
[  2,  6351] loss: 0.52961
[  2,  6401] loss: 0.51747
[  2,  6451] loss: 0.70330
[  2,  6501] loss: 0.61498
[  2,  6551] loss: 0.56433
[  2,  6601] loss: 0.66114
[  2,  6651] loss: 0.57256
[  2,  6701] loss: 0.58819
[  2,  6751] loss: 0.59040
[  2,  6801] loss: 0.65955
[  2,  6851] loss: 0.60964
[  2,  6901] loss: 0.68467
[  2,  6951] loss: 0.64249
[  2,  7001] loss: 0.57116
[  2,  7051] loss: 0.62379
[  2,  7101] loss: 0.62994
[  2,  7151] loss: 0.53227
[  2,  7201] loss: 0.61341
[  2,  7251] loss: 0.69259
[  2,  7301] loss: 0.62652
[  2,  7351] loss: 0.49564
[  2,  7401] loss: 0.59570
[  2,  7451] loss: 0.56446
[  2,  7501] loss: 0.58833
[  2,  7551] loss: 0.55140
[  2,  7601] loss: 0.60623
[  2,  7651] loss: 0.58054
[  2,  7701] loss: 0.62560
[  2,  7751] loss: 0.61181
[  2,  7801] loss: 0.62743
[  2,  7851] loss: 0.50073
[  2,  7901] loss: 0.55077
[  2,  7951] loss: 0.61772
[  2,  8001] loss: 0.54041
[  2,  8051] loss: 0.74799
[  2,  8101] loss: 0.51753
[  2,  8151] loss: 0.57071
[  2,  8201] loss: 0.67167
[  2,  8251] loss: 0.62811
[  2,  8301] loss: 0.53461
[  2,  8351] loss: 0.60544
[  2,  8401] loss: 0.68315
[  2,  8451] loss: 0.61691
[  2,  8501] loss: 0.58766
[  2,  8551] loss: 0.69164
[  2,  8601] loss: 0.60214
[  2,  8651] loss: 0.67747
[  2,  8701] loss: 0.57298
[  2,  8751] loss: 0.56979
[  2,  8801] loss: 0.62489
[  2,  8851] loss: 0.62090
[  2,  8901] loss: 0.54655
[  2,  8951] loss: 0.66029
[  2,  9001] loss: 0.60649
[  2,  9051] loss: 0.57513
[  2,  9101] loss: 0.58566
[  2,  9151] loss: 0.66884
[  2,  9201] loss: 0.58933
[  2,  9251] loss: 0.55082
[  2,  9301] loss: 0.56937
[  2,  9351] loss: 0.59367
[  2,  9401] loss: 0.70627
[  2,  9451] loss: 0.64316
[  2,  9501] loss: 0.57883
[  2,  9551] loss: 0.70599
[  2,  9601] loss: 0.70879
[  2,  9651] loss: 0.52896
[  2,  9701] loss: 0.56405
[  2,  9751] loss: 0.56648
[  2,  9801] loss: 0.48629
[  2,  9851] loss: 0.66531
[  2,  9901] loss: 0.64025
[  2,  9951] loss: 0.53754
[  2, 10001] loss: 0.54637
[  2, 10051] loss: 0.61511
[  2, 10101] loss: 0.60836
[  2, 10151] loss: 0.54178
[  2, 10201] loss: 0.49498
[  2, 10251] loss: 0.59466
[  2, 10301] loss: 0.54018
[  2, 10351] loss: 0.57837
[  2, 10401] loss: 0.60236
[  2, 10451] loss: 0.55110
[  2, 10501] loss: 0.64972
[  2, 10551] loss: 0.54809
[  2, 10601] loss: 0.53248
[  2, 10651] loss: 0.67662
[  2, 10701] loss: 0.64886
[  2, 10751] loss: 0.56550
[  2, 10801] loss: 0.59630
[  2, 10851] loss: 0.55450
[  2, 10901] loss: 0.61200
[  2, 10951] loss: 0.62148
[  2, 11001] loss: 0.61232
[  2, 11051] loss: 0.61470
[  2, 11101] loss: 0.69124
[  2, 11151] loss: 0.65064
[  2, 11201] loss: 0.61821
[  2, 11251] loss: 0.58064
[  2, 11301] loss: 0.50906
[  2, 11351] loss: 0.63572
[  2, 11401] loss: 0.49569
[  2, 11451] loss: 0.53068
[  2, 11501] loss: 0.60137
[  2, 11551] loss: 0.61228
[  2, 11601] loss: 0.55415
[  2, 11651] loss: 0.63414
[  2, 11701] loss: 0.62750
[  2, 11751] loss: 0.61990
[  2, 11801] loss: 0.56219
[  2, 11851] loss: 0.61596
[  2, 11901] loss: 0.70295
[  2, 11951] loss: 0.58547
[  2, 12001] loss: 0.68893
[  2, 12051] loss: 0.64216
[  2, 12101] loss: 0.57594
[  2, 12151] loss: 0.56204
[  2, 12201] loss: 0.59645
[  2, 12251] loss: 0.62105
[  2, 12301] loss: 0.62694
[  2, 12351] loss: 0.60696
[  2, 12401] loss: 0.55683
[  2, 12451] loss: 0.58634
[  2, 12501] loss: 0.63821
[  2, 12551] loss: 0.58071
[  2, 12601] loss: 0.64446
[  2, 12651] loss: 0.56288
[  2, 12701] loss: 0.60310
[  2, 12751] loss: 0.67774
[  2, 12801] loss: 0.64620
[  2, 12851] loss: 0.60162
[  2, 12901] loss: 0.59708
[  2, 12951] loss: 0.58321
[  2, 13001] loss: 0.57093
[  2, 13051] loss: 0.60963
[  2, 13101] loss: 0.59462
[  2, 13151] loss: 0.63405
[  2, 13201] loss: 0.53638
[  2, 13251] loss: 0.54925
[  2, 13301] loss: 0.58857
[  2, 13351] loss: 0.66257
[  2, 13401] loss: 0.58826
[  2, 13451] loss: 0.61443
[  2, 13501] loss: 0.58117
[  2, 13551] loss: 0.58020
[  2, 13601] loss: 0.55608
[  2, 13651] loss: 0.57018
[  2, 13701] loss: 0.55223
[  2, 13751] loss: 0.60830
[  2, 13801] loss: 0.54645
[  2, 13851] loss: 0.66011
[  2, 13901] loss: 0.58059
[  2, 13951] loss: 0.65570
[  2, 14001] loss: 0.54390
[  2, 14051] loss: 0.51509
[  2, 14101] loss: 0.52765
[  2, 14151] loss: 0.58158
[  2, 14201] loss: 0.66698
[  2, 14251] loss: 0.66587
[  2, 14301] loss: 0.57386
[  2, 14351] loss: 0.59627
[  2, 14401] loss: 0.64375
[  2, 14451] loss: 0.55034
[  2, 14501] loss: 0.59545
[  2, 14551] loss: 0.64624
[  2, 14601] loss: 0.59593
[  2, 14651] loss: 0.62410
[  2, 14701] loss: 0.55346
[  2, 14751] loss: 0.70698
[  2, 14801] loss: 0.58016
[  2, 14851] loss: 0.61967
[  2, 14901] loss: 0.67267
[  2, 14951] loss: 0.49866
[  2, 15001] loss: 0.65293
[  2, 15051] loss: 0.62654
[  2, 15101] loss: 0.56882
[  2, 15151] loss: 0.57459
[  2, 15201] loss: 0.57745
[  2, 15251] loss: 0.72063
[  2, 15301] loss: 0.68263
[  2, 15351] loss: 0.62668
[  2, 15401] loss: 0.65337
[  2, 15451] loss: 0.64988
[  2, 15501] loss: 0.62996
[  2, 15551] loss: 0.62576
[  2, 15601] loss: 0.57148
[  2, 15651] loss: 0.60781
[  2, 15701] loss: 0.61765
[  2, 15751] loss: 0.56956
[  2, 15801] loss: 0.47488
[  2, 15851] loss: 0.55866
[  2, 15901] loss: 0.58384
[  2, 15951] loss: 0.58948
[  2, 16001] loss: 0.61102
[  2, 16051] loss: 0.56698
[  2, 16101] loss: 0.55917
[  2, 16151] loss: 0.58065
[  2, 16201] loss: 0.61095
[  2, 16251] loss: 0.65012
[  2, 16301] loss: 0.70191
[  2, 16351] loss: 0.61744
[  2, 16401] loss: 0.64189
[  2, 16451] loss: 0.60318
[  2, 16501] loss: 0.56643
[  2, 16551] loss: 0.60409
[  2, 16601] loss: 0.67721
[  2, 16651] loss: 0.53248
[  2, 16701] loss: 0.53420
[  2, 16751] loss: 0.51461
[  2, 16801] loss: 0.58452
[  2, 16851] loss: 0.68264
[  2, 16901] loss: 0.64860
[  2, 16951] loss: 0.56757
[  2, 17001] loss: 0.52135
[  2, 17051] loss: 0.50857
[  2, 17101] loss: 0.58325
[  2, 17151] loss: 0.53783
[  2, 17201] loss: 0.60602
[  2, 17251] loss: 0.52281
[  2, 17301] loss: 0.67254
[  2, 17351] loss: 0.47455
[  2, 17401] loss: 0.67877
[  2, 17451] loss: 0.59072
[  2, 17501] loss: 0.58577
[  2, 17551] loss: 0.57544
[  2, 17601] loss: 0.59408
[  2, 17651] loss: 0.57189
[  2, 17701] loss: 0.56489
[  2, 17751] loss: 0.59685
[  2, 17801] loss: 0.53293
[  2, 17851] loss: 0.61884
[  2, 17901] loss: 0.57196
[  2, 17951] loss: 0.58419
[  2, 18001] loss: 0.60871
[  2, 18051] loss: 0.58628
[  2, 18101] loss: 0.60197
[  2, 18151] loss: 0.62908
[  2, 18201] loss: 0.53797
[  2, 18251] loss: 0.56273
[  2, 18301] loss: 0.58641
[  2, 18351] loss: 0.56930
[  2, 18401] loss: 0.64474
[  2, 18451] loss: 0.55865
[  2, 18501] loss: 0.70715
[  2, 18551] loss: 0.62471
[  2, 18601] loss: 0.64737
[  2, 18651] loss: 0.60849
[  2, 18701] loss: 0.55755
[  2, 18751] loss: 0.48574
[  2, 18801] loss: 0.60885
[  2, 18851] loss: 0.62806
[  2, 18901] loss: 0.50817
[  2, 18951] loss: 0.60264
[  2, 19001] loss: 0.63613
[  2, 19051] loss: 0.60414
[  2, 19101] loss: 0.52500
[  2, 19151] loss: 0.52330
[  2, 19201] loss: 0.52508
[  2, 19251] loss: 0.53855
[  2, 19301] loss: 0.61494
[  2, 19351] loss: 0.63408
[  2, 19401] loss: 0.57772
[  2, 19451] loss: 0.63667
[  2, 19501] loss: 0.56641
[  2, 19551] loss: 0.59226
[  2, 19601] loss: 0.65446
[  2, 19651] loss: 0.62921
[  2, 19701] loss: 0.63016
[  2, 19751] loss: 0.62831
[  2, 19801] loss: 0.69868
[  2, 19851] loss: 0.65406
[  2, 19901] loss: 0.58100
[  2, 19951] loss: 0.59915
[  2, 20001] loss: 0.66085
[  2, 20051] loss: 0.65256
[  2, 20101] loss: 0.56983
[  2, 20151] loss: 0.54619
[  2, 20201] loss: 0.47180
[  2, 20251] loss: 0.60683
[  2, 20301] loss: 0.61477
[  2, 20351] loss: 0.58565
[  2, 20401] loss: 0.61869
[  2, 20451] loss: 0.56672
[  2, 20501] loss: 0.58759
[  2, 20551] loss: 0.49751
[  2, 20601] loss: 0.63007
[  2, 20651] loss: 0.53868
[  2, 20701] loss: 0.45592
[  2, 20751] loss: 0.56995
[  2, 20801] loss: 0.66839
[  2, 20851] loss: 0.65790
[  2, 20901] loss: 0.58398
[  2, 20951] loss: 0.67544
[  2, 21001] loss: 0.50045
[  2, 21051] loss: 0.60713
[  2, 21101] loss: 0.55926
[  2, 21151] loss: 0.57577
[  2, 21201] loss: 0.49024
[  2, 21251] loss: 0.61975
[  2, 21301] loss: 0.51421
[  2, 21351] loss: 0.67375
[  2, 21401] loss: 0.52349
[  2, 21451] loss: 0.66072
[  2, 21501] loss: 0.65991
[  2, 21551] loss: 0.52337
[  2, 21601] loss: 0.59714
[  2, 21651] loss: 0.48977
[  2, 21701] loss: 0.56633
[  2, 21751] loss: 0.61675
[  2, 21801] loss: 0.54895
[  2, 21851] loss: 0.69191
[  2, 21901] loss: 0.57436
[  2, 21951] loss: 0.58809
[  2, 22001] loss: 0.59004
[  2, 22051] loss: 0.58943
[  2, 22101] loss: 0.65270
[  2, 22151] loss: 0.54466
[  2, 22201] loss: 0.50309
[  2, 22251] loss: 0.57440
[  2, 22301] loss: 0.65255
[  2, 22351] loss: 0.58581
[  2, 22401] loss: 0.60916
[  2, 22451] loss: 0.55388
[  2, 22501] loss: 0.62063
[  2, 22551] loss: 0.59760
[  2, 22601] loss: 0.58496
[  2, 22651] loss: 0.63678
[  2, 22701] loss: 0.46667
[  2, 22751] loss: 0.58636
[  2, 22801] loss: 0.70406
[  2, 22851] loss: 0.66295
[  2, 22901] loss: 0.61186
[  2, 22951] loss: 0.60640
[  2, 23001] loss: 0.58495
[  2, 23051] loss: 0.48680
[  2, 23101] loss: 0.48594
[  2, 23151] loss: 0.62828
[  2, 23201] loss: 0.56485
[  2, 23251] loss: 0.53795
[  2, 23301] loss: 0.66463
[  2, 23351] loss: 0.61849
[  2, 23401] loss: 0.56804
[  2, 23451] loss: 0.52815
[  2, 23501] loss: 0.57165
[  2, 23551] loss: 0.57637
[  2, 23601] loss: 0.61312
[  2, 23651] loss: 0.63101
[  2, 23701] loss: 0.54409
[  2, 23751] loss: 0.64607
[  2, 23801] loss: 0.64485
[  2, 23851] loss: 0.53142
[  2, 23901] loss: 0.58629
[  2, 23951] loss: 0.58500
[  2, 24001] loss: 0.55576
[  2, 24051] loss: 0.53887
[  2, 24101] loss: 0.54790
[  2, 24151] loss: 0.60344
[  2, 24201] loss: 0.52410
[  2, 24251] loss: 0.59292
[  2, 24301] loss: 0.50458
[  2, 24351] loss: 0.47568
[  2, 24401] loss: 0.56381
[  2, 24451] loss: 0.46167
[  2, 24501] loss: 0.61828
[  2, 24551] loss: 0.56063
[  2, 24601] loss: 0.60807
[  2, 24651] loss: 0.53535
[  2, 24701] loss: 0.61734
[  2, 24751] loss: 0.57751
[  2, 24801] loss: 0.55084
[  2, 24851] loss: 0.50349
[  2, 24901] loss: 0.70564
[  2, 24951] loss: 0.67158
[  3,     1] loss: 0.77489
[  3,    51] loss: 0.45163
[  3,   101] loss: 0.63931
[  3,   151] loss: 0.53484
[  3,   201] loss: 0.50658
[  3,   251] loss: 0.62436
[  3,   301] loss: 0.67370
[  3,   351] loss: 0.66011
[  3,   401] loss: 0.67610
[  3,   451] loss: 0.53738
[  3,   501] loss: 0.55807
[  3,   551] loss: 0.63711
[  3,   601] loss: 0.60606
[  3,   651] loss: 0.58474
[  3,   701] loss: 0.55221
[  3,   751] loss: 0.59939
[  3,   801] loss: 0.62297
[  3,   851] loss: 0.58796
[  3,   901] loss: 0.51489
[  3,   951] loss: 0.56987
[  3,  1001] loss: 0.60328
[  3,  1051] loss: 0.56843
[  3,  1101] loss: 0.52922
[  3,  1151] loss: 0.52021
[  3,  1201] loss: 0.56167
[  3,  1251] loss: 0.59182
[  3,  1301] loss: 0.56911
[  3,  1351] loss: 0.61682
[  3,  1401] loss: 0.61777
[  3,  1451] loss: 0.63665
[  3,  1501] loss: 0.51736
[  3,  1551] loss: 0.52593
[  3,  1601] loss: 0.66264
[  3,  1651] loss: 0.50174
[  3,  1701] loss: 0.62411
[  3,  1751] loss: 0.61597
[  3,  1801] loss: 0.56887
[  3,  1851] loss: 0.68303
[  3,  1901] loss: 0.65038
[  3,  1951] loss: 0.52969
[  3,  2001] loss: 0.50801
[  3,  2051] loss: 0.59530
[  3,  2101] loss: 0.56937
[  3,  2151] loss: 0.55970
[  3,  2201] loss: 0.63084
[  3,  2251] loss: 0.57985
[  3,  2301] loss: 0.49905
[  3,  2351] loss: 0.55896
[  3,  2401] loss: 0.59962
[  3,  2451] loss: 0.58547
[  3,  2501] loss: 0.59484
[  3,  2551] loss: 0.57620
[  3,  2601] loss: 0.53594
[  3,  2651] loss: 0.48453
[  3,  2701] loss: 0.60796
[  3,  2751] loss: 0.60388
[  3,  2801] loss: 0.43783
[  3,  2851] loss: 0.56242
[  3,  2901] loss: 0.65285
[  3,  2951] loss: 0.54881
[  3,  3001] loss: 0.55968
[  3,  3051] loss: 0.66390
[  3,  3101] loss: 0.48352
[  3,  3151] loss: 0.51076
[  3,  3201] loss: 0.49448
[  3,  3251] loss: 0.57787
[  3,  3301] loss: 0.53772
[  3,  3351] loss: 0.50641
[  3,  3401] loss: 0.47788
[  3,  3451] loss: 0.54982
[  3,  3501] loss: 0.62836
[  3,  3551] loss: 0.55977
[  3,  3601] loss: 0.55986
[  3,  3651] loss: 0.55638
[  3,  3701] loss: 0.52120
[  3,  3751] loss: 0.53885
[  3,  3801] loss: 0.55866
[  3,  3851] loss: 0.49572
[  3,  3901] loss: 0.59805
[  3,  3951] loss: 0.53023
[  3,  4001] loss: 0.56560
[  3,  4051] loss: 0.62156
[  3,  4101] loss: 0.57053
[  3,  4151] loss: 0.58690
[  3,  4201] loss: 0.72197
[  3,  4251] loss: 0.66996
[  3,  4301] loss: 0.50522
[  3,  4351] loss: 0.60942
[  3,  4401] loss: 0.52844
[  3,  4451] loss: 0.52708
[  3,  4501] loss: 0.45242
[  3,  4551] loss: 0.62252
[  3,  4601] loss: 0.66069
[  3,  4651] loss: 0.57413
[  3,  4701] loss: 0.56296
[  3,  4751] loss: 0.57391
[  3,  4801] loss: 0.49229
[  3,  4851] loss: 0.46387
[  3,  4901] loss: 0.55840
[  3,  4951] loss: 0.55657
[  3,  5001] loss: 0.54552
[  3,  5051] loss: 0.59358
[  3,  5101] loss: 0.50327
[  3,  5151] loss: 0.48014
[  3,  5201] loss: 0.54037
[  3,  5251] loss: 0.56187
[  3,  5301] loss: 0.61036
[  3,  5351] loss: 0.51145
[  3,  5401] loss: 0.60381
[  3,  5451] loss: 0.52600
[  3,  5501] loss: 0.48621
[  3,  5551] loss: 0.50004
[  3,  5601] loss: 0.57553
[  3,  5651] loss: 0.63054
[  3,  5701] loss: 0.61579
[  3,  5751] loss: 0.50185
[  3,  5801] loss: 0.48667
[  3,  5851] loss: 0.64559
[  3,  5901] loss: 0.57010
[  3,  5951] loss: 0.55733
[  3,  6001] loss: 0.60381
[  3,  6051] loss: 0.52513
[  3,  6101] loss: 0.58454
[  3,  6151] loss: 0.52442
[  3,  6201] loss: 0.60214
[  3,  6251] loss: 0.51370
[  3,  6301] loss: 0.47605
[  3,  6351] loss: 0.48515
[  3,  6401] loss: 0.43164
[  3,  6451] loss: 0.63144
[  3,  6501] loss: 0.57684
[  3,  6551] loss: 0.50090
[  3,  6601] loss: 0.59948
[  3,  6651] loss: 0.51994
[  3,  6701] loss: 0.52486
[  3,  6751] loss: 0.52765
[  3,  6801] loss: 0.59315
[  3,  6851] loss: 0.52442
[  3,  6901] loss: 0.65174
[  3,  6951] loss: 0.56577
[  3,  7001] loss: 0.50309
[  3,  7051] loss: 0.50712
[  3,  7101] loss: 0.62139
[  3,  7151] loss: 0.48049
[  3,  7201] loss: 0.53285
[  3,  7251] loss: 0.64739
[  3,  7301] loss: 0.54925
[  3,  7351] loss: 0.39412
[  3,  7401] loss: 0.54774
[  3,  7451] loss: 0.49414
[  3,  7501] loss: 0.52818
[  3,  7551] loss: 0.48957
[  3,  7601] loss: 0.54573
[  3,  7651] loss: 0.53954
[  3,  7701] loss: 0.57993
[  3,  7751] loss: 0.58210
[  3,  7801] loss: 0.60633
[  3,  7851] loss: 0.44116
[  3,  7901] loss: 0.48305
[  3,  7951] loss: 0.56042
[  3,  8001] loss: 0.48789
[  3,  8051] loss: 0.74710
[  3,  8101] loss: 0.46876
[  3,  8151] loss: 0.52534
[  3,  8201] loss: 0.66010
[  3,  8251] loss: 0.59625
[  3,  8301] loss: 0.47661
[  3,  8351] loss: 0.55036
[  3,  8401] loss: 0.60125
[  3,  8451] loss: 0.52866
[  3,  8501] loss: 0.53636
[  3,  8551] loss: 0.59742
[  3,  8601] loss: 0.53878
[  3,  8651] loss: 0.60762
[  3,  8701] loss: 0.50662
[  3,  8751] loss: 0.49932
[  3,  8801] loss: 0.56790
[  3,  8851] loss: 0.54574
[  3,  8901] loss: 0.48387
[  3,  8951] loss: 0.58733
[  3,  9001] loss: 0.54577
[  3,  9051] loss: 0.47530
[  3,  9101] loss: 0.51288
[  3,  9151] loss: 0.63093
[  3,  9201] loss: 0.54705
[  3,  9251] loss: 0.50236
[  3,  9301] loss: 0.55054
[  3,  9351] loss: 0.52913
[  3,  9401] loss: 0.69116
[  3,  9451] loss: 0.60349
[  3,  9501] loss: 0.46808
[  3,  9551] loss: 0.65185
[  3,  9601] loss: 0.66427
[  3,  9651] loss: 0.43800
[  3,  9701] loss: 0.51140
[  3,  9751] loss: 0.47957
[  3,  9801] loss: 0.39737
[  3,  9851] loss: 0.57799
[  3,  9901] loss: 0.57404
[  3,  9951] loss: 0.46626
[  3, 10001] loss: 0.46208
[  3, 10051] loss: 0.57664
[  3, 10101] loss: 0.55630
[  3, 10151] loss: 0.45679
[  3, 10201] loss: 0.43012
[  3, 10251] loss: 0.53153
[  3, 10301] loss: 0.50520
[  3, 10351] loss: 0.56605
[  3, 10401] loss: 0.54528
[  3, 10451] loss: 0.48089
[  3, 10501] loss: 0.60704
[  3, 10551] loss: 0.48257
[  3, 10601] loss: 0.47095
[  3, 10651] loss: 0.62758
[  3, 10701] loss: 0.57611
[  3, 10751] loss: 0.52004
[  3, 10801] loss: 0.53249
[  3, 10851] loss: 0.49150
[  3, 10901] loss: 0.57800
[  3, 10951] loss: 0.59483
[  3, 11001] loss: 0.52502
[  3, 11051] loss: 0.55019
[  3, 11101] loss: 0.66602
[  3, 11151] loss: 0.56338
[  3, 11201] loss: 0.57456
[  3, 11251] loss: 0.53740
[  3, 11301] loss: 0.44816
[  3, 11351] loss: 0.58567
[  3, 11401] loss: 0.47336
[  3, 11451] loss: 0.44700
[  3, 11501] loss: 0.54703
[  3, 11551] loss: 0.55016
[  3, 11601] loss: 0.50747
[  3, 11651] loss: 0.58196
[  3, 11701] loss: 0.56416
[  3, 11751] loss: 0.57562
[  3, 11801] loss: 0.45308
[  3, 11851] loss: 0.56423
[  3, 11901] loss: 0.68246
[  3, 11951] loss: 0.52508
[  3, 12001] loss: 0.60869
[  3, 12051] loss: 0.56795
[  3, 12101] loss: 0.47019
[  3, 12151] loss: 0.49600
[  3, 12201] loss: 0.53404
[  3, 12251] loss: 0.56798
[  3, 12301] loss: 0.60734
[  3, 12351] loss: 0.54498
[  3, 12401] loss: 0.52377
[  3, 12451] loss: 0.51738
[  3, 12501] loss: 0.59036
[  3, 12551] loss: 0.52687
[  3, 12601] loss: 0.56483
[  3, 12651] loss: 0.48055
[  3, 12701] loss: 0.55120
[  3, 12751] loss: 0.62595
[  3, 12801] loss: 0.54284
[  3, 12851] loss: 0.56129
[  3, 12901] loss: 0.55570
[  3, 12951] loss: 0.53029
[  3, 13001] loss: 0.53012
[  3, 13051] loss: 0.54009
[  3, 13101] loss: 0.52425
[  3, 13151] loss: 0.54634
[  3, 13201] loss: 0.45708
[  3, 13251] loss: 0.47704
[  3, 13301] loss: 0.52118
[  3, 13351] loss: 0.61372
[  3, 13401] loss: 0.50916
[  3, 13451] loss: 0.58098
[  3, 13501] loss: 0.53049
[  3, 13551] loss: 0.52808
[  3, 13601] loss: 0.49534
[  3, 13651] loss: 0.48013
[  3, 13701] loss: 0.48896
[  3, 13751] loss: 0.50631
[  3, 13801] loss: 0.51443
[  3, 13851] loss: 0.56774
[  3, 13901] loss: 0.50731
[  3, 13951] loss: 0.60879
[  3, 14001] loss: 0.45522
[  3, 14051] loss: 0.45801
[  3, 14101] loss: 0.42622
[  3, 14151] loss: 0.51316
[  3, 14201] loss: 0.61591
[  3, 14251] loss: 0.60174
[  3, 14301] loss: 0.50974
[  3, 14351] loss: 0.55988
[  3, 14401] loss: 0.56462
[  3, 14451] loss: 0.50148
[  3, 14501] loss: 0.53532
[  3, 14551] loss: 0.58885
[  3, 14601] loss: 0.50001
[  3, 14651] loss: 0.53021
[  3, 14701] loss: 0.45512
[  3, 14751] loss: 0.62942
[  3, 14801] loss: 0.51099
[  3, 14851] loss: 0.58109
[  3, 14901] loss: 0.62381
[  3, 14951] loss: 0.40838
[  3, 15001] loss: 0.59953
[  3, 15051] loss: 0.56142
[  3, 15101] loss: 0.47736
[  3, 15151] loss: 0.48788
[  3, 15201] loss: 0.50604
[  3, 15251] loss: 0.69996
[  3, 15301] loss: 0.66312
[  3, 15351] loss: 0.55324
[  3, 15401] loss: 0.61648
[  3, 15451] loss: 0.53870
[  3, 15501] loss: 0.58279
[  3, 15551] loss: 0.61212
[  3, 15601] loss: 0.52792
[  3, 15651] loss: 0.50420
[  3, 15701] loss: 0.53033
[  3, 15751] loss: 0.49628
[  3, 15801] loss: 0.39072
[  3, 15851] loss: 0.51461
[  3, 15901] loss: 0.53441
[  3, 15951] loss: 0.52108
[  3, 16001] loss: 0.52106
[  3, 16051] loss: 0.49375
[  3, 16101] loss: 0.49190
[  3, 16151] loss: 0.49509
[  3, 16201] loss: 0.56498
[  3, 16251] loss: 0.61616
[  3, 16301] loss: 0.64545
[  3, 16351] loss: 0.54262
[  3, 16401] loss: 0.58310
[  3, 16451] loss: 0.54572
[  3, 16501] loss: 0.50495
[  3, 16551] loss: 0.57100
[  3, 16601] loss: 0.62917
[  3, 16651] loss: 0.44321
[  3, 16701] loss: 0.46506
[  3, 16751] loss: 0.46136
[  3, 16801] loss: 0.52825
[  3, 16851] loss: 0.60899
[  3, 16901] loss: 0.54869
[  3, 16951] loss: 0.51905
[  3, 17001] loss: 0.44765
[  3, 17051] loss: 0.43202
[  3, 17101] loss: 0.51004
[  3, 17151] loss: 0.48151
[  3, 17201] loss: 0.54620
[  3, 17251] loss: 0.45149
[  3, 17301] loss: 0.62495
[  3, 17351] loss: 0.42907
[  3, 17401] loss: 0.59969
[  3, 17451] loss: 0.51479
[  3, 17501] loss: 0.48719
[  3, 17551] loss: 0.49744
[  3, 17601] loss: 0.51907
[  3, 17651] loss: 0.50069
[  3, 17701] loss: 0.49668
[  3, 17751] loss: 0.50937
[  3, 17801] loss: 0.43834
[  3, 17851] loss: 0.53248
[  3, 17901] loss: 0.50570
[  3, 17951] loss: 0.51103
[  3, 18001] loss: 0.57260
[  3, 18051] loss: 0.49428
[  3, 18101] loss: 0.55295
[  3, 18151] loss: 0.58148
[  3, 18201] loss: 0.51696
[  3, 18251] loss: 0.47067
[  3, 18301] loss: 0.50323
[  3, 18351] loss: 0.49650
[  3, 18401] loss: 0.58057
[  3, 18451] loss: 0.47664
[  3, 18501] loss: 0.62456
[  3, 18551] loss: 0.52297
[  3, 18601] loss: 0.58090
[  3, 18651] loss: 0.54096
[  3, 18701] loss: 0.47636
[  3, 18751] loss: 0.41526
[  3, 18801] loss: 0.53701
[  3, 18851] loss: 0.54940
[  3, 18901] loss: 0.43767
[  3, 18951] loss: 0.51318
[  3, 19001] loss: 0.53211
[  3, 19051] loss: 0.54273
[  3, 19101] loss: 0.42660
[  3, 19151] loss: 0.44053
[  3, 19201] loss: 0.43371
[  3, 19251] loss: 0.46858
[  3, 19301] loss: 0.53751
[  3, 19351] loss: 0.57305
[  3, 19401] loss: 0.52108
[  3, 19451] loss: 0.55660
[  3, 19501] loss: 0.47854
[  3, 19551] loss: 0.51502
[  3, 19601] loss: 0.58970
[  3, 19651] loss: 0.56397
[  3, 19701] loss: 0.54839
[  3, 19751] loss: 0.56820
[  3, 19801] loss: 0.63375
[  3, 19851] loss: 0.57704
[  3, 19901] loss: 0.49602
[  3, 19951] loss: 0.51400
[  3, 20001] loss: 0.56618
[  3, 20051] loss: 0.59835
[  3, 20101] loss: 0.46295
[  3, 20151] loss: 0.44735
[  3, 20201] loss: 0.39904
[  3, 20251] loss: 0.53719
[  3, 20301] loss: 0.52982
[  3, 20351] loss: 0.53466
[  3, 20401] loss: 0.53774
[  3, 20451] loss: 0.49995
[  3, 20501] loss: 0.52916
[  3, 20551] loss: 0.43384
[  3, 20601] loss: 0.56015
[  3, 20651] loss: 0.44032
[  3, 20701] loss: 0.35164
[  3, 20751] loss: 0.49666
[  3, 20801] loss: 0.61130
[  3, 20851] loss: 0.59126
[  3, 20901] loss: 0.51013
[  3, 20951] loss: 0.63411
[  3, 21001] loss: 0.39446
[  3, 21051] loss: 0.52526
[  3, 21101] loss: 0.48483
[  3, 21151] loss: 0.52336
[  3, 21201] loss: 0.39374
[  3, 21251] loss: 0.53175
[  3, 21301] loss: 0.43161
[  3, 21351] loss: 0.63017
[  3, 21401] loss: 0.44354
[  3, 21451] loss: 0.56831
[  3, 21501] loss: 0.60030
[  3, 21551] loss: 0.45143
[  3, 21601] loss: 0.52708
[  3, 21651] loss: 0.39092
[  3, 21701] loss: 0.47118
[  3, 21751] loss: 0.55899
[  3, 21801] loss: 0.46765
[  3, 21851] loss: 0.63821
[  3, 21901] loss: 0.50479
[  3, 21951] loss: 0.48088
[  3, 22001] loss: 0.49091
[  3, 22051] loss: 0.51783
[  3, 22101] loss: 0.56765
[  3, 22151] loss: 0.48469
[  3, 22201] loss: 0.41855
[  3, 22251] loss: 0.49572
[  3, 22301] loss: 0.58132
[  3, 22351] loss: 0.53558
[  3, 22401] loss: 0.50353
[  3, 22451] loss: 0.50955
[  3, 22501] loss: 0.50263
[  3, 22551] loss: 0.53357
[  3, 22601] loss: 0.48230
[  3, 22651] loss: 0.53888
[  3, 22701] loss: 0.39428
[  3, 22751] loss: 0.52402
[  3, 22801] loss: 0.61406
[  3, 22851] loss: 0.57887
[  3, 22901] loss: 0.53411
[  3, 22951] loss: 0.51667
[  3, 23001] loss: 0.52317
[  3, 23051] loss: 0.41463
[  3, 23101] loss: 0.41169
[  3, 23151] loss: 0.58273
[  3, 23201] loss: 0.50650
[  3, 23251] loss: 0.47612
[  3, 23301] loss: 0.59960
[  3, 23351] loss: 0.51215
[  3, 23401] loss: 0.50845
[  3, 23451] loss: 0.43730
[  3, 23501] loss: 0.52333
[  3, 23551] loss: 0.50852
[  3, 23601] loss: 0.54951
[  3, 23651] loss: 0.55007
[  3, 23701] loss: 0.47884
[  3, 23751] loss: 0.53733
[  3, 23801] loss: 0.57816
[  3, 23851] loss: 0.48950
[  3, 23901] loss: 0.50056
[  3, 23951] loss: 0.47418
[  3, 24001] loss: 0.47092
[  3, 24051] loss: 0.43925
[  3, 24101] loss: 0.50090
[  3, 24151] loss: 0.51340
[  3, 24201] loss: 0.41994
[  3, 24251] loss: 0.50607
[  3, 24301] loss: 0.44614
[  3, 24351] loss: 0.37962
[  3, 24401] loss: 0.50715
[  3, 24451] loss: 0.37636
[  3, 24501] loss: 0.52202
[  3, 24551] loss: 0.46180
[  3, 24601] loss: 0.53451
[  3, 24651] loss: 0.47188
[  3, 24701] loss: 0.55664
[  3, 24751] loss: 0.49721
[  3, 24801] loss: 0.47425
[  3, 24851] loss: 0.42029
[  3, 24901] loss: 0.61785
[  3, 24951] loss: 0.58390
[  4,     1] loss: 0.71069
[  4,    51] loss: 0.33705
[  4,   101] loss: 0.58986
[  4,   151] loss: 0.43732
[  4,   201] loss: 0.42307
[  4,   251] loss: 0.54539
[  4,   301] loss: 0.62406
[  4,   351] loss: 0.54021
[  4,   401] loss: 0.58162
[  4,   451] loss: 0.46452
[  4,   501] loss: 0.47524
[  4,   551] loss: 0.55974
[  4,   601] loss: 0.51141
[  4,   651] loss: 0.48322
[  4,   701] loss: 0.44106
[  4,   751] loss: 0.54209
[  4,   801] loss: 0.54593
[  4,   851] loss: 0.52066
[  4,   901] loss: 0.44609
[  4,   951] loss: 0.48421
[  4,  1001] loss: 0.53073
[  4,  1051] loss: 0.49205
[  4,  1101] loss: 0.43487
[  4,  1151] loss: 0.41983
[  4,  1201] loss: 0.46029
[  4,  1251] loss: 0.47839
[  4,  1301] loss: 0.52052
[  4,  1351] loss: 0.53183
[  4,  1401] loss: 0.52905
[  4,  1451] loss: 0.54080
[  4,  1501] loss: 0.37482
[  4,  1551] loss: 0.44753
[  4,  1601] loss: 0.59375
[  4,  1651] loss: 0.43551
[  4,  1701] loss: 0.58609
[  4,  1751] loss: 0.56387
[  4,  1801] loss: 0.50044
[  4,  1851] loss: 0.57084
[  4,  1901] loss: 0.59027
[  4,  1951] loss: 0.50325
[  4,  2001] loss: 0.42460
[  4,  2051] loss: 0.49703
[  4,  2101] loss: 0.50561
[  4,  2151] loss: 0.47754
[  4,  2201] loss: 0.52291
[  4,  2251] loss: 0.49549
[  4,  2301] loss: 0.41556
[  4,  2351] loss: 0.47219
[  4,  2401] loss: 0.55808
[  4,  2451] loss: 0.53199
[  4,  2501] loss: 0.51195
[  4,  2551] loss: 0.49280
[  4,  2601] loss: 0.48085
[  4,  2651] loss: 0.42878
[  4,  2701] loss: 0.55572
[  4,  2751] loss: 0.50928
[  4,  2801] loss: 0.35423
[  4,  2851] loss: 0.46522
[  4,  2901] loss: 0.55412
[  4,  2951] loss: 0.47966
[  4,  3001] loss: 0.48112
[  4,  3051] loss: 0.57363
[  4,  3101] loss: 0.42226
[  4,  3151] loss: 0.43382
[  4,  3201] loss: 0.39961
[  4,  3251] loss: 0.53383
[  4,  3301] loss: 0.46056
[  4,  3351] loss: 0.42662
[  4,  3401] loss: 0.41464
[  4,  3451] loss: 0.46193
[  4,  3501] loss: 0.57592
[  4,  3551] loss: 0.47196
[  4,  3601] loss: 0.47665
[  4,  3651] loss: 0.48008
[  4,  3701] loss: 0.43663
[  4,  3751] loss: 0.49035
[  4,  3801] loss: 0.44410
[  4,  3851] loss: 0.42698
[  4,  3901] loss: 0.50474
[  4,  3951] loss: 0.45448
[  4,  4001] loss: 0.48537
[  4,  4051] loss: 0.55971
[  4,  4101] loss: 0.46694
[  4,  4151] loss: 0.47300
[  4,  4201] loss: 0.62675
[  4,  4251] loss: 0.60008
[  4,  4301] loss: 0.42023
[  4,  4351] loss: 0.53829
[  4,  4401] loss: 0.46352
[  4,  4451] loss: 0.43998
[  4,  4501] loss: 0.36065
[  4,  4551] loss: 0.52201
[  4,  4601] loss: 0.57968
[  4,  4651] loss: 0.47109
[  4,  4701] loss: 0.50202
[  4,  4751] loss: 0.47150
[  4,  4801] loss: 0.39142
[  4,  4851] loss: 0.40361
[  4,  4901] loss: 0.52263
[  4,  4951] loss: 0.47360
[  4,  5001] loss: 0.43402
[  4,  5051] loss: 0.52531
[  4,  5101] loss: 0.44821
[  4,  5151] loss: 0.41902
[  4,  5201] loss: 0.47193
[  4,  5251] loss: 0.48837
[  4,  5301] loss: 0.51872
[  4,  5351] loss: 0.43368
[  4,  5401] loss: 0.55447
[  4,  5451] loss: 0.44478
[  4,  5501] loss: 0.38837
[  4,  5551] loss: 0.41142
[  4,  5601] loss: 0.47496
[  4,  5651] loss: 0.58839
[  4,  5701] loss: 0.52596
[  4,  5751] loss: 0.46586
[  4,  5801] loss: 0.37628
[  4,  5851] loss: 0.53100
[  4,  5901] loss: 0.54261
[  4,  5951] loss: 0.47138
[  4,  6001] loss: 0.50863
[  4,  6051] loss: 0.44570
[  4,  6101] loss: 0.50450
[  4,  6151] loss: 0.44857
[  4,  6201] loss: 0.53215
[  4,  6251] loss: 0.40072
[  4,  6301] loss: 0.39676
[  4,  6351] loss: 0.38935
[  4,  6401] loss: 0.34407
[  4,  6451] loss: 0.57476
[  4,  6501] loss: 0.49015
[  4,  6551] loss: 0.42867
[  4,  6601] loss: 0.57612
[  4,  6651] loss: 0.45459
[  4,  6701] loss: 0.46135
[  4,  6751] loss: 0.43504
[  4,  6801] loss: 0.49453
[  4,  6851] loss: 0.41959
[  4,  6901] loss: 0.56869
[  4,  6951] loss: 0.52393
[  4,  7001] loss: 0.41453
[  4,  7051] loss: 0.41490
[  4,  7101] loss: 0.56649
[  4,  7151] loss: 0.38230
[  4,  7201] loss: 0.45928
[  4,  7251] loss: 0.58834
[  4,  7301] loss: 0.48923
[  4,  7351] loss: 0.30411
[  4,  7401] loss: 0.46682
[  4,  7451] loss: 0.38654
[  4,  7501] loss: 0.49560
[  4,  7551] loss: 0.40156
[  4,  7601] loss: 0.48231
[  4,  7651] loss: 0.47156
[  4,  7701] loss: 0.45552
[  4,  7751] loss: 0.53855
[  4,  7801] loss: 0.51257
[  4,  7851] loss: 0.35281
[  4,  7901] loss: 0.40845
[  4,  7951] loss: 0.46821
[  4,  8001] loss: 0.41740
[  4,  8051] loss: 0.67635
[  4,  8101] loss: 0.37208
[  4,  8151] loss: 0.42202
[  4,  8201] loss: 0.59696
[  4,  8251] loss: 0.56156
[  4,  8301] loss: 0.41749
[  4,  8351] loss: 0.43936
[  4,  8401] loss: 0.51346
[  4,  8451] loss: 0.42043
[  4,  8501] loss: 0.46572
[  4,  8551] loss: 0.49254
[  4,  8601] loss: 0.44479
[  4,  8651] loss: 0.53350
[  4,  8701] loss: 0.41534
[  4,  8751] loss: 0.43420
[  4,  8801] loss: 0.49335
[  4,  8851] loss: 0.44150
[  4,  8901] loss: 0.41732
[  4,  8951] loss: 0.52672
[  4,  9001] loss: 0.47720
[  4,  9051] loss: 0.41193
[  4,  9101] loss: 0.42469
[  4,  9151] loss: 0.53121
[  4,  9201] loss: 0.46717
[  4,  9251] loss: 0.42880
[  4,  9301] loss: 0.47943
[  4,  9351] loss: 0.42788
[  4,  9401] loss: 0.62996
[  4,  9451] loss: 0.52253
[  4,  9501] loss: 0.37420
[  4,  9551] loss: 0.56963
[  4,  9601] loss: 0.57905
[  4,  9651] loss: 0.36861
[  4,  9701] loss: 0.39951
[  4,  9751] loss: 0.39148
[  4,  9801] loss: 0.31295
[  4,  9851] loss: 0.46455
[  4,  9901] loss: 0.46855
[  4,  9951] loss: 0.39358
[  4, 10001] loss: 0.36562
[  4, 10051] loss: 0.47498
[  4, 10101] loss: 0.46102
[  4, 10151] loss: 0.37045
[  4, 10201] loss: 0.34404
[  4, 10251] loss: 0.45305
[  4, 10301] loss: 0.42222
[  4, 10351] loss: 0.50126
[  4, 10401] loss: 0.48456
[  4, 10451] loss: 0.39821
[  4, 10501] loss: 0.49021
[  4, 10551] loss: 0.37449
[  4, 10601] loss: 0.38801
[  4, 10651] loss: 0.55954
[  4, 10701] loss: 0.48313
[  4, 10751] loss: 0.42560
[  4, 10801] loss: 0.47044
[  4, 10851] loss: 0.38503
[  4, 10901] loss: 0.47553
[  4, 10951] loss: 0.51787
[  4, 11001] loss: 0.42234
[  4, 11051] loss: 0.46485
[  4, 11101] loss: 0.55668
[  4, 11151] loss: 0.49341
[  4, 11201] loss: 0.52073
[  4, 11251] loss: 0.48743
[  4, 11301] loss: 0.34110
[  4, 11351] loss: 0.53126
[  4, 11401] loss: 0.38549
[  4, 11451] loss: 0.39132
[  4, 11501] loss: 0.45870
[  4, 11551] loss: 0.45149
[  4, 11601] loss: 0.45031
[  4, 11651] loss: 0.48087
[  4, 11701] loss: 0.46730
[  4, 11751] loss: 0.49276
[  4, 11801] loss: 0.37965
[  4, 11851] loss: 0.47546
[  4, 11901] loss: 0.58607
[  4, 11951] loss: 0.41301
[  4, 12001] loss: 0.51498
[  4, 12051] loss: 0.47524
[  4, 12101] loss: 0.38630
[  4, 12151] loss: 0.40261
[  4, 12201] loss: 0.45169
[  4, 12251] loss: 0.47686
[  4, 12301] loss: 0.57874
[  4, 12351] loss: 0.46094
[  4, 12401] loss: 0.43080
[  4, 12451] loss: 0.40752
[  4, 12501] loss: 0.49608
[  4, 12551] loss: 0.44069
[  4, 12601] loss: 0.47721
[  4, 12651] loss: 0.43222
[  4, 12701] loss: 0.49574
[  4, 12751] loss: 0.54750
[  4, 12801] loss: 0.43200
[  4, 12851] loss: 0.47068
[  4, 12901] loss: 0.45841
[  4, 12951] loss: 0.46806
[  4, 13001] loss: 0.43671
[  4, 13051] loss: 0.46552
[  4, 13101] loss: 0.44431
[  4, 13151] loss: 0.45907
[  4, 13201] loss: 0.38992
[  4, 13251] loss: 0.38834
[  4, 13301] loss: 0.42584
[  4, 13351] loss: 0.51875
[  4, 13401] loss: 0.43913
[  4, 13451] loss: 0.49437
[  4, 13501] loss: 0.45997
[  4, 13551] loss: 0.44558
[  4, 13601] loss: 0.41105
[  4, 13651] loss: 0.39124
[  4, 13701] loss: 0.40292
[  4, 13751] loss: 0.43138
[  4, 13801] loss: 0.44374
[  4, 13851] loss: 0.47946
[  4, 13901] loss: 0.41471
[  4, 13951] loss: 0.52004
[  4, 14001] loss: 0.38175
[  4, 14051] loss: 0.37769
[  4, 14101] loss: 0.33396
[  4, 14151] loss: 0.42340
[  4, 14201] loss: 0.56740
[  4, 14251] loss: 0.52561
[  4, 14301] loss: 0.42641
[  4, 14351] loss: 0.48073
[  4, 14401] loss: 0.52166
[  4, 14451] loss: 0.43360
[  4, 14501] loss: 0.43819
[  4, 14551] loss: 0.47325
[  4, 14601] loss: 0.41728
[  4, 14651] loss: 0.42859
[  4, 14701] loss: 0.38356
[  4, 14751] loss: 0.52131
[  4, 14801] loss: 0.42075
[  4, 14851] loss: 0.47507
[  4, 14901] loss: 0.54332
[  4, 14951] loss: 0.30566
[  4, 15001] loss: 0.48650
[  4, 15051] loss: 0.45662
[  4, 15101] loss: 0.38153
[  4, 15151] loss: 0.42777
[  4, 15201] loss: 0.43296
[  4, 15251] loss: 0.61305
[  4, 15301] loss: 0.56598
[  4, 15351] loss: 0.44116
[  4, 15401] loss: 0.54681
[  4, 15451] loss: 0.45161
[  4, 15501] loss: 0.52061
[  4, 15551] loss: 0.53597
[  4, 15601] loss: 0.46163
[  4, 15651] loss: 0.39473
[  4, 15701] loss: 0.44504
[  4, 15751] loss: 0.41703
[  4, 15801] loss: 0.32950
[  4, 15851] loss: 0.42437
[  4, 15901] loss: 0.45181
[  4, 15951] loss: 0.44008
[  4, 16001] loss: 0.40628
[  4, 16051] loss: 0.39214
[  4, 16101] loss: 0.39993
[  4, 16151] loss: 0.39769
[  4, 16201] loss: 0.49789
[  4, 16251] loss: 0.54094
[  4, 16301] loss: 0.57456
[  4, 16351] loss: 0.47466
[  4, 16401] loss: 0.46039
[  4, 16451] loss: 0.45586
[  4, 16501] loss: 0.44355
[  4, 16551] loss: 0.50694
[  4, 16601] loss: 0.51755
[  4, 16651] loss: 0.36898
[  4, 16701] loss: 0.40783
[  4, 16751] loss: 0.39212
[  4, 16801] loss: 0.44086
[  4, 16851] loss: 0.48845
[  4, 16901] loss: 0.41680
[  4, 16951] loss: 0.40538
[  4, 17001] loss: 0.34444
[  4, 17051] loss: 0.36229
[  4, 17101] loss: 0.43763
[  4, 17151] loss: 0.36464
[  4, 17201] loss: 0.47051
[  4, 17251] loss: 0.39596
[  4, 17301] loss: 0.59534
[  4, 17351] loss: 0.35209
[  4, 17401] loss: 0.49926
[  4, 17451] loss: 0.42200
[  4, 17501] loss: 0.38188
[  4, 17551] loss: 0.41603
[  4, 17601] loss: 0.43000
[  4, 17651] loss: 0.41297
[  4, 17701] loss: 0.41174
[  4, 17751] loss: 0.43483
[  4, 17801] loss: 0.36764
[  4, 17851] loss: 0.41499
[  4, 17901] loss: 0.39232
[  4, 17951] loss: 0.46736
[  4, 18001] loss: 0.45087
[  4, 18051] loss: 0.39502
[  4, 18101] loss: 0.44726
[  4, 18151] loss: 0.53767
[  4, 18201] loss: 0.43974
[  4, 18251] loss: 0.37459
[  4, 18301] loss: 0.41166
[  4, 18351] loss: 0.41549
[  4, 18401] loss: 0.51073
[  4, 18451] loss: 0.40760
[  4, 18501] loss: 0.53419
[  4, 18551] loss: 0.42269
[  4, 18601] loss: 0.47444
[  4, 18651] loss: 0.45338
[  4, 18701] loss: 0.36480
[  4, 18751] loss: 0.33660
[  4, 18801] loss: 0.42519
[  4, 18851] loss: 0.44328
[  4, 18901] loss: 0.37553
[  4, 18951] loss: 0.41418
[  4, 19001] loss: 0.43490
[  4, 19051] loss: 0.42462
[  4, 19101] loss: 0.31646
[  4, 19151] loss: 0.34320
[  4, 19201] loss: 0.33149
[  4, 19251] loss: 0.37751
[  4, 19301] loss: 0.45224
[  4, 19351] loss: 0.50370
[  4, 19401] loss: 0.45925
[  4, 19451] loss: 0.46527
[  4, 19501] loss: 0.40750
[  4, 19551] loss: 0.41697
[  4, 19601] loss: 0.51013
[  4, 19651] loss: 0.47794
[  4, 19701] loss: 0.43620
[  4, 19751] loss: 0.46648
[  4, 19801] loss: 0.53395
[  4, 19851] loss: 0.48438
[  4, 19901] loss: 0.40040
[  4, 19951] loss: 0.40305
[  4, 20001] loss: 0.47670
[  4, 20051] loss: 0.52356
[  4, 20101] loss: 0.34091
[  4, 20151] loss: 0.36345
[  4, 20201] loss: 0.33565
[  4, 20251] loss: 0.46614
[  4, 20301] loss: 0.41669
[  4, 20351] loss: 0.46019
[  4, 20401] loss: 0.43899
[  4, 20451] loss: 0.41242
[  4, 20501] loss: 0.46308
[  4, 20551] loss: 0.35045
[  4, 20601] loss: 0.43217
[  4, 20651] loss: 0.31798
[  4, 20701] loss: 0.27633
[  4, 20751] loss: 0.39339
[  4, 20801] loss: 0.47879
[  4, 20851] loss: 0.47583
[  4, 20901] loss: 0.41632
[  4, 20951] loss: 0.54476
[  4, 21001] loss: 0.31677
[  4, 21051] loss: 0.42046
[  4, 21101] loss: 0.39344
[  4, 21151] loss: 0.43995
[  4, 21201] loss: 0.31351
[  4, 21251] loss: 0.45177
[  4, 21301] loss: 0.35310
[  4, 21351] loss: 0.53304
[  4, 21401] loss: 0.36742
[  4, 21451] loss: 0.45405
[  4, 21501] loss: 0.51074
[  4, 21551] loss: 0.38821
[  4, 21601] loss: 0.43526
[  4, 21651] loss: 0.28983
[  4, 21701] loss: 0.36453
[  4, 21751] loss: 0.46246
[  4, 21801] loss: 0.38842
[  4, 21851] loss: 0.56650
[  4, 21901] loss: 0.39149
[  4, 21951] loss: 0.37844
[  4, 22001] loss: 0.37064
[  4, 22051] loss: 0.41610
[  4, 22101] loss: 0.45600
[  4, 22151] loss: 0.42432
[  4, 22201] loss: 0.32000
[  4, 22251] loss: 0.39437
[  4, 22301] loss: 0.48714
[  4, 22351] loss: 0.44415
[  4, 22401] loss: 0.40916
[  4, 22451] loss: 0.41671
[  4, 22501] loss: 0.40347
[  4, 22551] loss: 0.42770
[  4, 22601] loss: 0.34848
[  4, 22651] loss: 0.43332
[  4, 22701] loss: 0.32759
[  4, 22751] loss: 0.40836
[  4, 22801] loss: 0.49519
[  4, 22851] loss: 0.49413
[  4, 22901] loss: 0.40038
[  4, 22951] loss: 0.42180
[  4, 23001] loss: 0.44288
[  4, 23051] loss: 0.31380
[  4, 23101] loss: 0.29599
[  4, 23151] loss: 0.51017
[  4, 23201] loss: 0.39662
[  4, 23251] loss: 0.39445
[  4, 23301] loss: 0.51885
[  4, 23351] loss: 0.40694
[  4, 23401] loss: 0.41155
[  4, 23451] loss: 0.34723
[  4, 23501] loss: 0.47819
[  4, 23551] loss: 0.40664
[  4, 23601] loss: 0.43174
[  4, 23651] loss: 0.43583
[  4, 23701] loss: 0.41447
[  4, 23751] loss: 0.41805
[  4, 23801] loss: 0.46448
[  4, 23851] loss: 0.37734
[  4, 23901] loss: 0.39025
[  4, 23951] loss: 0.38540
[  4, 24001] loss: 0.38163
[  4, 24051] loss: 0.31703
[  4, 24101] loss: 0.42474
[  4, 24151] loss: 0.44194
[  4, 24201] loss: 0.31213
[  4, 24251] loss: 0.42646
[  4, 24301] loss: 0.34828
[  4, 24351] loss: 0.26247
[  4, 24401] loss: 0.44527
[  4, 24451] loss: 0.26258
[  4, 24501] loss: 0.40334
[  4, 24551] loss: 0.37263
[  4, 24601] loss: 0.45731
[  4, 24651] loss: 0.39791
[  4, 24701] loss: 0.44233
[  4, 24751] loss: 0.40652
[  4, 24801] loss: 0.38265
[  4, 24851] loss: 0.32256
[  4, 24901] loss: 0.51789
[  4, 24951] loss: 0.44882
[  5,     1] loss: 0.59088
[  5,    51] loss: 0.24327
[  5,   101] loss: 0.47015
[  5,   151] loss: 0.33937
[  5,   201] loss: 0.30746
[  5,   251] loss: 0.42654
[  5,   301] loss: 0.56700
[  5,   351] loss: 0.46012
[  5,   401] loss: 0.48989
[  5,   451] loss: 0.37804
[  5,   501] loss: 0.35887
[  5,   551] loss: 0.47424
[  5,   601] loss: 0.39342
[  5,   651] loss: 0.38820
[  5,   701] loss: 0.34609
[  5,   751] loss: 0.45197
[  5,   801] loss: 0.42941
[  5,   851] loss: 0.42162
[  5,   901] loss: 0.34811
[  5,   951] loss: 0.37766
[  5,  1001] loss: 0.42430
[  5,  1051] loss: 0.41237
[  5,  1101] loss: 0.30599
[  5,  1151] loss: 0.31754
[  5,  1201] loss: 0.35249
[  5,  1251] loss: 0.36509
[  5,  1301] loss: 0.43784
[  5,  1351] loss: 0.43492
[  5,  1401] loss: 0.46151
[  5,  1451] loss: 0.43885
[  5,  1501] loss: 0.29263
[  5,  1551] loss: 0.35038
[  5,  1601] loss: 0.49137
[  5,  1651] loss: 0.34457
[  5,  1701] loss: 0.55267
[  5,  1751] loss: 0.48677
[  5,  1801] loss: 0.37400
[  5,  1851] loss: 0.43226
[  5,  1901] loss: 0.46787
[  5,  1951] loss: 0.43316
[  5,  2001] loss: 0.33896
[  5,  2051] loss: 0.41509
[  5,  2101] loss: 0.41631
[  5,  2151] loss: 0.37784
[  5,  2201] loss: 0.39739
[  5,  2251] loss: 0.39678
[  5,  2301] loss: 0.31561
[  5,  2351] loss: 0.38548
[  5,  2401] loss: 0.49476
[  5,  2451] loss: 0.44320
[  5,  2501] loss: 0.40467
[  5,  2551] loss: 0.41028
[  5,  2601] loss: 0.37611
[  5,  2651] loss: 0.31877
[  5,  2701] loss: 0.44113
[  5,  2751] loss: 0.43561
[  5,  2801] loss: 0.27165
[  5,  2851] loss: 0.37527
[  5,  2901] loss: 0.44819
[  5,  2951] loss: 0.38191
[  5,  3001] loss: 0.38700
[  5,  3051] loss: 0.48111
[  5,  3101] loss: 0.32732
[  5,  3151] loss: 0.34051
[  5,  3201] loss: 0.30550
[  5,  3251] loss: 0.41633
[  5,  3301] loss: 0.36594
[  5,  3351] loss: 0.33375
[  5,  3401] loss: 0.35027
[  5,  3451] loss: 0.36334
[  5,  3501] loss: 0.46778
[  5,  3551] loss: 0.34627
[  5,  3601] loss: 0.37037
[  5,  3651] loss: 0.36816
[  5,  3701] loss: 0.32952
[  5,  3751] loss: 0.41403
[  5,  3801] loss: 0.35471
[  5,  3851] loss: 0.36477
[  5,  3901] loss: 0.40159
[  5,  3951] loss: 0.35616
[  5,  4001] loss: 0.35820
[  5,  4051] loss: 0.44241
[  5,  4101] loss: 0.36156
[  5,  4151] loss: 0.36930
[  5,  4201] loss: 0.52257
[  5,  4251] loss: 0.46643
[  5,  4301] loss: 0.31851
[  5,  4351] loss: 0.43213
[  5,  4401] loss: 0.37828
[  5,  4451] loss: 0.32981
[  5,  4501] loss: 0.26170
[  5,  4551] loss: 0.40033
[  5,  4601] loss: 0.46538
[  5,  4651] loss: 0.35405
[  5,  4701] loss: 0.42382
[  5,  4751] loss: 0.33123
[  5,  4801] loss: 0.27842
[  5,  4851] loss: 0.33294
[  5,  4901] loss: 0.44375
[  5,  4951] loss: 0.39806
[  5,  5001] loss: 0.33361
[  5,  5051] loss: 0.43302
[  5,  5101] loss: 0.36567
[  5,  5151] loss: 0.33965
[  5,  5201] loss: 0.36769
[  5,  5251] loss: 0.41270
[  5,  5301] loss: 0.37478
[  5,  5351] loss: 0.37168
[  5,  5401] loss: 0.49302
[  5,  5451] loss: 0.35957
[  5,  5501] loss: 0.29209
[  5,  5551] loss: 0.32500
[  5,  5601] loss: 0.41538
[  5,  5651] loss: 0.52539
[  5,  5701] loss: 0.39595
[  5,  5751] loss: 0.37124
[  5,  5801] loss: 0.27653
[  5,  5851] loss: 0.42340
[  5,  5901] loss: 0.46338
[  5,  5951] loss: 0.39584
[  5,  6001] loss: 0.43199
[  5,  6051] loss: 0.35254
[  5,  6101] loss: 0.40497
[  5,  6151] loss: 0.35725
[  5,  6201] loss: 0.44153
[  5,  6251] loss: 0.28646
[  5,  6301] loss: 0.31929
[  5,  6351] loss: 0.29333
[  5,  6401] loss: 0.23436
[  5,  6451] loss: 0.49034
[  5,  6501] loss: 0.38995
[  5,  6551] loss: 0.33705
[  5,  6601] loss: 0.49399
[  5,  6651] loss: 0.34127
[  5,  6701] loss: 0.36755
[  5,  6751] loss: 0.34338
[  5,  6801] loss: 0.39787
[  5,  6851] loss: 0.31211
[  5,  6901] loss: 0.47314
[  5,  6951] loss: 0.44021
[  5,  7001] loss: 0.32538
[  5,  7051] loss: 0.30858
[  5,  7101] loss: 0.49989
[  5,  7151] loss: 0.29591
[  5,  7201] loss: 0.33120
[  5,  7251] loss: 0.48544
[  5,  7301] loss: 0.39847
[  5,  7351] loss: 0.21328
[  5,  7401] loss: 0.37720
[  5,  7451] loss: 0.29701
[  5,  7501] loss: 0.41694
[  5,  7551] loss: 0.32223
[  5,  7601] loss: 0.41733
[  5,  7651] loss: 0.40344
[  5,  7701] loss: 0.34615
[  5,  7751] loss: 0.43485
[  5,  7801] loss: 0.39590
[  5,  7851] loss: 0.25492
[  5,  7901] loss: 0.31654
[  5,  7951] loss: 0.37546
[  5,  8001] loss: 0.34463
[  5,  8051] loss: 0.58446
[  5,  8101] loss: 0.29452
[  5,  8151] loss: 0.33295
[  5,  8201] loss: 0.50273
[  5,  8251] loss: 0.47610
[  5,  8301] loss: 0.32209
[  5,  8351] loss: 0.37745
[  5,  8401] loss: 0.38766
[  5,  8451] loss: 0.32196
[  5,  8501] loss: 0.38326
[  5,  8551] loss: 0.39767
[  5,  8601] loss: 0.34748
[  5,  8651] loss: 0.40518
[  5,  8701] loss: 0.29520
[  5,  8751] loss: 0.34709
[  5,  8801] loss: 0.39250
[  5,  8851] loss: 0.36298
[  5,  8901] loss: 0.34137
[  5,  8951] loss: 0.42103
[  5,  9001] loss: 0.35607
[  5,  9051] loss: 0.33603
[  5,  9101] loss: 0.34033
[  5,  9151] loss: 0.43032
[  5,  9201] loss: 0.40252
[  5,  9251] loss: 0.36089
[  5,  9301] loss: 0.39456
[  5,  9351] loss: 0.31944
[  5,  9401] loss: 0.55708
[  5,  9451] loss: 0.44465
[  5,  9501] loss: 0.28960
[  5,  9551] loss: 0.42134
[  5,  9601] loss: 0.44524
[  5,  9651] loss: 0.29069
[  5,  9701] loss: 0.28956
[  5,  9751] loss: 0.27735
[  5,  9801] loss: 0.22299
[  5,  9851] loss: 0.31766
[  5,  9901] loss: 0.33846
[  5,  9951] loss: 0.30794
[  5, 10001] loss: 0.28198
[  5, 10051] loss: 0.39449
[  5, 10101] loss: 0.37089
[  5, 10151] loss: 0.31615
[  5, 10201] loss: 0.24684
[  5, 10251] loss: 0.38373
[  5, 10301] loss: 0.33545
[  5, 10351] loss: 0.42117
[  5, 10401] loss: 0.43050
[  5, 10451] loss: 0.29779
[  5, 10501] loss: 0.37026
[  5, 10551] loss: 0.26709
[  5, 10601] loss: 0.30936
[  5, 10651] loss: 0.45627
[  5, 10701] loss: 0.36929
[  5, 10751] loss: 0.30663
[  5, 10801] loss: 0.35719
[  5, 10851] loss: 0.26763
[  5, 10901] loss: 0.35785
[  5, 10951] loss: 0.40305
[  5, 11001] loss: 0.30642
[  5, 11051] loss: 0.37394
[  5, 11101] loss: 0.43339
[  5, 11151] loss: 0.40411
[  5, 11201] loss: 0.41587
[  5, 11251] loss: 0.42547
[  5, 11301] loss: 0.28810
[  5, 11351] loss: 0.45301
[  5, 11401] loss: 0.29695
[  5, 11451] loss: 0.31756
[  5, 11501] loss: 0.34275
[  5, 11551] loss: 0.37850
[  5, 11601] loss: 0.40971
[  5, 11651] loss: 0.37842
[  5, 11701] loss: 0.32095
[  5, 11751] loss: 0.40673
[  5, 11801] loss: 0.26503
[  5, 11851] loss: 0.37370
[  5, 11901] loss: 0.49858
[  5, 11951] loss: 0.32018
[  5, 12001] loss: 0.40366
[  5, 12051] loss: 0.40302
[  5, 12101] loss: 0.28981
[  5, 12151] loss: 0.31751
[  5, 12201] loss: 0.35479
[  5, 12251] loss: 0.38022
[  5, 12301] loss: 0.51416
[  5, 12351] loss: 0.35000
[  5, 12401] loss: 0.31321
[  5, 12451] loss: 0.29662
[  5, 12501] loss: 0.39770
[  5, 12551] loss: 0.32907
[  5, 12601] loss: 0.36164
[  5, 12651] loss: 0.35477
[  5, 12701] loss: 0.37795
[  5, 12751] loss: 0.45742
[  5, 12801] loss: 0.32113
[  5, 12851] loss: 0.39548
[  5, 12901] loss: 0.32639
[  5, 12951] loss: 0.37665
[  5, 13001] loss: 0.34654
[  5, 13051] loss: 0.34397
[  5, 13101] loss: 0.36083
[  5, 13151] loss: 0.33704
[  5, 13201] loss: 0.32799
[  5, 13251] loss: 0.30649
[  5, 13301] loss: 0.35353
[  5, 13351] loss: 0.40457
[  5, 13401] loss: 0.33941
[  5, 13451] loss: 0.39560
[  5, 13501] loss: 0.39047
[  5, 13551] loss: 0.31487
[  5, 13601] loss: 0.34422
[  5, 13651] loss: 0.28765
[  5, 13701] loss: 0.29530
[  5, 13751] loss: 0.34124
[  5, 13801] loss: 0.32672
[  5, 13851] loss: 0.36922
[  5, 13901] loss: 0.32460
[  5, 13951] loss: 0.43475
[  5, 14001] loss: 0.31500
[  5, 14051] loss: 0.26486
[  5, 14101] loss: 0.22715
[  5, 14151] loss: 0.36806
[  5, 14201] loss: 0.47373
[  5, 14251] loss: 0.44616
[  5, 14301] loss: 0.34074
[  5, 14351] loss: 0.37733
[  5, 14401] loss: 0.45519
[  5, 14451] loss: 0.34408
[  5, 14501] loss: 0.33312
[  5, 14551] loss: 0.32524
[  5, 14601] loss: 0.33772
[  5, 14651] loss: 0.32222
[  5, 14701] loss: 0.27770
[  5, 14751] loss: 0.42035
[  5, 14801] loss: 0.33559
[  5, 14851] loss: 0.38841
[  5, 14901] loss: 0.44572
[  5, 14951] loss: 0.20738
[  5, 15001] loss: 0.36167
[  5, 15051] loss: 0.35889
[  5, 15101] loss: 0.27881
[  5, 15151] loss: 0.33854
[  5, 15201] loss: 0.35767
[  5, 15251] loss: 0.54052
[  5, 15301] loss: 0.44674
[  5, 15351] loss: 0.34401
[  5, 15401] loss: 0.43417
[  5, 15451] loss: 0.34209
[  5, 15501] loss: 0.41232
[  5, 15551] loss: 0.44835
[  5, 15601] loss: 0.37229
[  5, 15651] loss: 0.27688
[  5, 15701] loss: 0.33590
[  5, 15751] loss: 0.32487
[  5, 15801] loss: 0.28100
[  5, 15851] loss: 0.34297
[  5, 15901] loss: 0.34545
[  5, 15951] loss: 0.36004
[  5, 16001] loss: 0.27381
[  5, 16051] loss: 0.29497
[  5, 16101] loss: 0.28061
[  5, 16151] loss: 0.30331
[  5, 16201] loss: 0.37228
[  5, 16251] loss: 0.47191
[  5, 16301] loss: 0.47475
[  5, 16351] loss: 0.39305
[  5, 16401] loss: 0.34921
[  5, 16451] loss: 0.34796
[  5, 16501] loss: 0.36876
[  5, 16551] loss: 0.43587
[  5, 16601] loss: 0.42087
[  5, 16651] loss: 0.27742
[  5, 16701] loss: 0.31339
[  5, 16751] loss: 0.30918
[  5, 16801] loss: 0.34802
[  5, 16851] loss: 0.33774
[  5, 16901] loss: 0.30009
[  5, 16951] loss: 0.32998
[  5, 17001] loss: 0.23286
[  5, 17051] loss: 0.26650
[  5, 17101] loss: 0.32518
[  5, 17151] loss: 0.26275
[  5, 17201] loss: 0.38348
[  5, 17251] loss: 0.32418
[  5, 17301] loss: 0.52316
[  5, 17351] loss: 0.25517
[  5, 17401] loss: 0.37122
[  5, 17451] loss: 0.33333
[  5, 17501] loss: 0.24997
[  5, 17551] loss: 0.32772
[  5, 17601] loss: 0.35591
[  5, 17651] loss: 0.32610
[  5, 17701] loss: 0.31313
[  5, 17751] loss: 0.34444
[  5, 17801] loss: 0.30146
[  5, 17851] loss: 0.30568
[  5, 17901] loss: 0.29261
[  5, 17951] loss: 0.38189
[  5, 18001] loss: 0.33679
[  5, 18051] loss: 0.32183
[  5, 18101] loss: 0.34611
[  5, 18151] loss: 0.43400
[  5, 18201] loss: 0.34153
[  5, 18251] loss: 0.25024
[  5, 18301] loss: 0.34310
[  5, 18351] loss: 0.32380
[  5, 18401] loss: 0.42197
[  5, 18451] loss: 0.30290
[  5, 18501] loss: 0.39584
[  5, 18551] loss: 0.33380
[  5, 18601] loss: 0.36783
[  5, 18651] loss: 0.32436
[  5, 18701] loss: 0.27250
[  5, 18751] loss: 0.27276
[  5, 18801] loss: 0.31697
[  5, 18851] loss: 0.33868
[  5, 18901] loss: 0.30738
[  5, 18951] loss: 0.32876
[  5, 19001] loss: 0.31173
[  5, 19051] loss: 0.30535
[  5, 19101] loss: 0.22594
[  5, 19151] loss: 0.25803
[  5, 19201] loss: 0.20248
[  5, 19251] loss: 0.30144
[  5, 19301] loss: 0.34291
[  5, 19351] loss: 0.36841
[  5, 19401] loss: 0.36699
[  5, 19451] loss: 0.37074
[  5, 19501] loss: 0.31634
[  5, 19551] loss: 0.32459
[  5, 19601] loss: 0.42599
[  5, 19651] loss: 0.38717
[  5, 19701] loss: 0.33555
[  5, 19751] loss: 0.37630
[  5, 19801] loss: 0.40163
[  5, 19851] loss: 0.38355
[  5, 19901] loss: 0.29729
[  5, 19951] loss: 0.28868
[  5, 20001] loss: 0.36735
[  5, 20051] loss: 0.41368
[  5, 20101] loss: 0.23932
[  5, 20151] loss: 0.25604
[  5, 20201] loss: 0.24983
[  5, 20251] loss: 0.35293
[  5, 20301] loss: 0.30539
[  5, 20351] loss: 0.34290
[  5, 20401] loss: 0.34427
[  5, 20451] loss: 0.30226
[  5, 20501] loss: 0.37839
[  5, 20551] loss: 0.27086
[  5, 20601] loss: 0.27451
[  5, 20651] loss: 0.20493
[  5, 20701] loss: 0.21030
[  5, 20751] loss: 0.29902
[  5, 20801] loss: 0.35563
[  5, 20851] loss: 0.36231
[  5, 20901] loss: 0.32273
[  5, 20951] loss: 0.41294
[  5, 21001] loss: 0.24598
[  5, 21051] loss: 0.32464
[  5, 21101] loss: 0.29028
[  5, 21151] loss: 0.37322
[  5, 21201] loss: 0.22458
[  5, 21251] loss: 0.33731
[  5, 21301] loss: 0.25091
[  5, 21351] loss: 0.45494
[  5, 21401] loss: 0.29598
[  5, 21451] loss: 0.31349
[  5, 21501] loss: 0.41282
[  5, 21551] loss: 0.30314
[  5, 21601] loss: 0.33726
[  5, 21651] loss: 0.20274
[  5, 21701] loss: 0.25973
[  5, 21751] loss: 0.35847
[  5, 21801] loss: 0.32511
[  5, 21851] loss: 0.46222
[  5, 21901] loss: 0.30921
[  5, 21951] loss: 0.28688
[  5, 22001] loss: 0.26339
[  5, 22051] loss: 0.27951
[  5, 22101] loss: 0.36333
[  5, 22151] loss: 0.33827
[  5, 22201] loss: 0.22204
[  5, 22251] loss: 0.28088
[  5, 22301] loss: 0.38469
[  5, 22351] loss: 0.34859
[  5, 22401] loss: 0.29877
[  5, 22451] loss: 0.33359
[  5, 22501] loss: 0.29587
[  5, 22551] loss: 0.29842
[  5, 22601] loss: 0.22836
[  5, 22651] loss: 0.30998
[  5, 22701] loss: 0.26552
[  5, 22751] loss: 0.29510
[  5, 22801] loss: 0.35027
[  5, 22851] loss: 0.37338
[  5, 22901] loss: 0.29974
[  5, 22951] loss: 0.34526
[  5, 23001] loss: 0.34316
[  5, 23051] loss: 0.22446
[  5, 23101] loss: 0.22166
[  5, 23151] loss: 0.38207
[  5, 23201] loss: 0.27634
[  5, 23251] loss: 0.31346
[  5, 23301] loss: 0.41868
[  5, 23351] loss: 0.31963
[  5, 23401] loss: 0.31858
[  5, 23451] loss: 0.24679
[  5, 23501] loss: 0.41195
[  5, 23551] loss: 0.28004
[  5, 23601] loss: 0.29474
[  5, 23651] loss: 0.32369
[  5, 23701] loss: 0.30665
[  5, 23751] loss: 0.30353
[  5, 23801] loss: 0.37874
[  5, 23851] loss: 0.30335
[  5, 23901] loss: 0.28855
[  5, 23951] loss: 0.29572
[  5, 24001] loss: 0.28409
[  5, 24051] loss: 0.22794
[  5, 24101] loss: 0.32406
[  5, 24151] loss: 0.38952
[  5, 24201] loss: 0.20744
[  5, 24251] loss: 0.33571
[  5, 24301] loss: 0.26094
[  5, 24351] loss: 0.17354
[  5, 24401] loss: 0.36351
[  5, 24451] loss: 0.16407
[  5, 24501] loss: 0.29915
[  5, 24551] loss: 0.27619
[  5, 24601] loss: 0.35270
[  5, 24651] loss: 0.30559
[  5, 24701] loss: 0.36821
[  5, 24751] loss: 0.29908
[  5, 24801] loss: 0.26816
[  5, 24851] loss: 0.21550
[  5, 24901] loss: 0.42378
[  5, 24951] loss: 0.30035
Finished training
Accuracy on train: 0.87864
Accuracy on test: 0.62002
