{'word_context': 5, 'word_embed_size': 30, 'word_conv_units': 100, 'hidden_units': 0, 'dropout': False, 'batch_size': 50}
train set done
test set done
<bound method MixedNet.parameters of MixedNet (
  (W_wrd): DataParallel (
    (module): Embedding(89528, 30)
  )
  (word_level_conv): DataParallel (
    (module): Conv2d(1, 100, kernel_size=(30, 5), stride=(1, 1), padding=(0, 2))
  )
  (word_level_maxpool): DataParallel (
    (module): AdaptiveMaxPool2d (output_size=(100, 1))
  )
  (fc1): DataParallel (
    (module): Linear (100 -> 2)
  )
)>
[  1,     1] loss: 0.70934
[  1,    51] loss: 0.69544
[  1,   101] loss: 0.70796
[  1,   151] loss: 0.68980
[  1,   201] loss: 0.72562
[  1,   251] loss: 0.70336
[  1,   301] loss: 0.72209
[  1,   351] loss: 0.69880
[  1,   401] loss: 0.67825
[  1,   451] loss: 0.69517
[  1,   501] loss: 0.70116
[  1,   551] loss: 0.71055
[  1,   601] loss: 0.68865
[  1,   651] loss: 0.71929
[  1,   701] loss: 0.68710
[  1,   751] loss: 0.74449
[  1,   801] loss: 0.69039
[  1,   851] loss: 0.69867
[  1,   901] loss: 0.69439
[  1,   951] loss: 0.67237
[  1,  1001] loss: 0.67360
[  1,  1051] loss: 0.68067
[  1,  1101] loss: 0.73311
[  1,  1151] loss: 0.73066
[  1,  1201] loss: 0.68505
[  1,  1251] loss: 0.70609
[  1,  1301] loss: 0.69675
[  1,  1351] loss: 0.69716
[  1,  1401] loss: 0.70791
[  1,  1451] loss: 0.69652
[  1,  1501] loss: 0.69124
[  1,  1551] loss: 0.71267
[  1,  1601] loss: 0.70162
[  1,  1651] loss: 0.65006
[  1,  1701] loss: 0.71119
[  1,  1751] loss: 0.68167
[  1,  1801] loss: 0.67958
[  1,  1851] loss: 0.67683
[  1,  1901] loss: 0.69667
[  1,  1951] loss: 0.70117
[  1,  2001] loss: 0.67828
[  1,  2051] loss: 0.70328
[  1,  2101] loss: 0.68551
[  1,  2151] loss: 0.68249
[  1,  2201] loss: 0.69017
[  1,  2251] loss: 0.71854
[  1,  2301] loss: 0.72236
[  1,  2351] loss: 0.70619
[  1,  2401] loss: 0.71355
[  1,  2451] loss: 0.72701
[  1,  2501] loss: 0.69517
[  1,  2551] loss: 0.66940
[  1,  2601] loss: 0.70687
[  1,  2651] loss: 0.70736
[  1,  2701] loss: 0.71950
[  1,  2751] loss: 0.69082
[  1,  2801] loss: 0.71025
[  1,  2851] loss: 0.69024
[  1,  2901] loss: 0.71332
[  1,  2951] loss: 0.69665
[  1,  3001] loss: 0.68816
[  1,  3051] loss: 0.69893
[  1,  3101] loss: 0.69385
[  1,  3151] loss: 0.70825
[  1,  3201] loss: 0.70528
[  1,  3251] loss: 0.69804
[  1,  3301] loss: 0.69289
[  1,  3351] loss: 0.73384
[  1,  3401] loss: 0.70007
[  1,  3451] loss: 0.70174
[  1,  3501] loss: 0.68074
[  1,  3551] loss: 0.70335
[  1,  3601] loss: 0.67090
[  1,  3651] loss: 0.69676
[  1,  3701] loss: 0.68329
[  1,  3751] loss: 0.69550
[  1,  3801] loss: 0.68785
[  1,  3851] loss: 0.69019
[  1,  3901] loss: 0.69593
[  1,  3951] loss: 0.71133
[  1,  4001] loss: 0.66092
[  1,  4051] loss: 0.68402
[  1,  4101] loss: 0.67916
[  1,  4151] loss: 0.67289
[  1,  4201] loss: 0.67079
[  1,  4251] loss: 0.73165
[  1,  4301] loss: 0.69849
[  1,  4351] loss: 0.68263
[  1,  4401] loss: 0.64515
[  1,  4451] loss: 0.67046
[  1,  4501] loss: 0.69301
[  1,  4551] loss: 0.67854
[  1,  4601] loss: 0.69041
[  1,  4651] loss: 0.66807
[  1,  4701] loss: 0.70417
[  1,  4751] loss: 0.68966
[  1,  4801] loss: 0.69806
[  1,  4851] loss: 0.66189
[  1,  4901] loss: 0.68094
[  1,  4951] loss: 0.69760
[  1,  5001] loss: 0.67020
[  1,  5051] loss: 0.66125
[  1,  5101] loss: 0.64442
[  1,  5151] loss: 0.66991
[  1,  5201] loss: 0.69432
[  1,  5251] loss: 0.66218
[  1,  5301] loss: 0.69800
[  1,  5351] loss: 0.66624
[  1,  5401] loss: 0.70107
[  1,  5451] loss: 0.69100
[  1,  5501] loss: 0.68724
[  1,  5551] loss: 0.65438
[  1,  5601] loss: 0.68548
[  1,  5651] loss: 0.68498
[  1,  5701] loss: 0.69285
[  1,  5751] loss: 0.73374
[  1,  5801] loss: 0.68566
[  1,  5851] loss: 0.69360
[  1,  5901] loss: 0.65670
[  1,  5951] loss: 0.74227
[  1,  6001] loss: 0.66982
[  1,  6051] loss: 0.66921
[  1,  6101] loss: 0.72645
[  1,  6151] loss: 0.63286
[  1,  6201] loss: 0.66912
[  1,  6251] loss: 0.70829
[  1,  6301] loss: 0.67832
[  1,  6351] loss: 0.68603
[  1,  6401] loss: 0.67620
[  1,  6451] loss: 0.67876
[  1,  6501] loss: 0.69166
[  1,  6551] loss: 0.71266
[  1,  6601] loss: 0.67328
[  1,  6651] loss: 0.69970
[  1,  6701] loss: 0.68204
[  1,  6751] loss: 0.65415
[  1,  6801] loss: 0.69237
[  1,  6851] loss: 0.65056
[  1,  6901] loss: 0.65910
[  1,  6951] loss: 0.68474
[  1,  7001] loss: 0.67789
[  1,  7051] loss: 0.69282
[  1,  7101] loss: 0.65413
[  1,  7151] loss: 0.69776
[  1,  7201] loss: 0.70399
[  1,  7251] loss: 0.69284
[  1,  7301] loss: 0.71196
[  1,  7351] loss: 0.69041
[  1,  7401] loss: 0.66577
[  1,  7451] loss: 0.66571
[  1,  7501] loss: 0.71557
[  1,  7551] loss: 0.66324
[  1,  7601] loss: 0.69276
[  1,  7651] loss: 0.71674
[  1,  7701] loss: 0.74481
[  1,  7751] loss: 0.70067
[  1,  7801] loss: 0.68524
[  1,  7851] loss: 0.69334
[  1,  7901] loss: 0.68619
[  1,  7951] loss: 0.68230
[  1,  8001] loss: 0.67406
[  1,  8051] loss: 0.75111
[  1,  8101] loss: 0.68420
[  1,  8151] loss: 0.70766
[  1,  8201] loss: 0.64839
[  1,  8251] loss: 0.67942
[  1,  8301] loss: 0.64673
[  1,  8351] loss: 0.69165
[  1,  8401] loss: 0.70622
[  1,  8451] loss: 0.66819
[  1,  8501] loss: 0.70254
[  1,  8551] loss: 0.71828
[  1,  8601] loss: 0.65225
[  1,  8651] loss: 0.63860
[  1,  8701] loss: 0.62405
[  1,  8751] loss: 0.68195
[  1,  8801] loss: 0.65856
[  1,  8851] loss: 0.68613
[  1,  8901] loss: 0.65952
[  1,  8951] loss: 0.66731
[  1,  9001] loss: 0.63750
[  1,  9051] loss: 0.67520
[  1,  9101] loss: 0.65938
[  1,  9151] loss: 0.68332
[  1,  9201] loss: 0.63723
[  1,  9251] loss: 0.65332
[  1,  9301] loss: 0.66858
[  1,  9351] loss: 0.63722
[  1,  9401] loss: 0.78193
[  1,  9451] loss: 0.69384
[  1,  9501] loss: 0.65872
[  1,  9551] loss: 0.67129
[  1,  9601] loss: 0.68382
[  1,  9651] loss: 0.69158
[  1,  9701] loss: 0.69589
[  1,  9751] loss: 0.66887
[  1,  9801] loss: 0.61279
[  1,  9851] loss: 0.69040
[  1,  9901] loss: 0.64273
[  1,  9951] loss: 0.74779
[  1, 10001] loss: 0.64189
[  1, 10051] loss: 0.63801
[  1, 10101] loss: 0.59372
[  1, 10151] loss: 0.65646
[  1, 10201] loss: 0.63829
[  1, 10251] loss: 0.62787
[  1, 10301] loss: 0.65813
[  1, 10351] loss: 0.66176
[  1, 10401] loss: 0.68366
[  1, 10451] loss: 0.66868
[  1, 10501] loss: 0.69906
[  1, 10551] loss: 0.58374
[  1, 10601] loss: 0.68919
[  1, 10651] loss: 0.69355
[  1, 10701] loss: 0.65260
[  1, 10751] loss: 0.64869
[  1, 10801] loss: 0.64144
[  1, 10851] loss: 0.68745
[  1, 10901] loss: 0.68201
[  1, 10951] loss: 0.62097
[  1, 11001] loss: 0.66541
[  1, 11051] loss: 0.74323
[  1, 11101] loss: 0.68865
[  1, 11151] loss: 0.64056
[  1, 11201] loss: 0.71937
[  1, 11251] loss: 0.68448
[  1, 11301] loss: 0.64379
[  1, 11351] loss: 0.61606
[  1, 11401] loss: 0.64855
[  1, 11451] loss: 0.68740
[  1, 11501] loss: 0.69817
[  1, 11551] loss: 0.64808
[  1, 11601] loss: 0.66525
[  1, 11651] loss: 0.63258
[  1, 11701] loss: 0.68592
[  1, 11751] loss: 0.72274
[  1, 11801] loss: 0.65476
[  1, 11851] loss: 0.66879
[  1, 11901] loss: 0.67128
[  1, 11951] loss: 0.70195
[  1, 12001] loss: 0.65492
[  1, 12051] loss: 0.65438
[  1, 12101] loss: 0.63615
[  1, 12151] loss: 0.66675
[  1, 12201] loss: 0.62137
[  1, 12251] loss: 0.63903
[  1, 12301] loss: 0.64461
[  1, 12351] loss: 0.66811
[  1, 12401] loss: 0.63569
[  1, 12451] loss: 0.68177
[  1, 12501] loss: 0.64371
[  1, 12551] loss: 0.64036
[  1, 12601] loss: 0.66746
[  1, 12651] loss: 0.64899
[  1, 12701] loss: 0.64092
[  1, 12751] loss: 0.65942
[  1, 12801] loss: 0.69837
[  1, 12851] loss: 0.63229
[  1, 12901] loss: 0.64650
[  1, 12951] loss: 0.67395
[  1, 13001] loss: 0.66478
[  1, 13051] loss: 0.67103
[  1, 13101] loss: 0.68155
[  1, 13151] loss: 0.63505
[  1, 13201] loss: 0.60864
[  1, 13251] loss: 0.65296
[  1, 13301] loss: 0.64388
[  1, 13351] loss: 0.68866
[  1, 13401] loss: 0.69419
[  1, 13451] loss: 0.67132
[  1, 13501] loss: 0.68132
[  1, 13551] loss: 0.69666
[  1, 13601] loss: 0.69933
[  1, 13651] loss: 0.69323
[  1, 13701] loss: 0.61997
[  1, 13751] loss: 0.66931
[  1, 13801] loss: 0.66916
[  1, 13851] loss: 0.68609
[  1, 13901] loss: 0.65972
[  1, 13951] loss: 0.68999
[  1, 14001] loss: 0.69981
[  1, 14051] loss: 0.62778
[  1, 14101] loss: 0.69434
[  1, 14151] loss: 0.64995
[  1, 14201] loss: 0.66372
[  1, 14251] loss: 0.63557
[  1, 14301] loss: 0.61406
[  1, 14351] loss: 0.66822
[  1, 14401] loss: 0.67053
[  1, 14451] loss: 0.62833
[  1, 14501] loss: 0.69395
[  1, 14551] loss: 0.60991
[  1, 14601] loss: 0.70428
[  1, 14651] loss: 0.66639
[  1, 14701] loss: 0.64899
[  1, 14751] loss: 0.69103
[  1, 14801] loss: 0.53523
[  1, 14851] loss: 0.70073
[  1, 14901] loss: 0.62142
[  1, 14951] loss: 0.59055
[  1, 15001] loss: 0.62199
[  1, 15051] loss: 0.64229
[  1, 15101] loss: 0.67093
[  1, 15151] loss: 0.64274
[  1, 15201] loss: 0.65123
[  1, 15251] loss: 0.65914
[  1, 15301] loss: 0.60511
[  1, 15351] loss: 0.67671
[  1, 15401] loss: 0.69655
[  1, 15451] loss: 0.65688
[  1, 15501] loss: 0.62162
[  1, 15551] loss: 0.62058
[  1, 15601] loss: 0.59008
[  1, 15651] loss: 0.64429
[  1, 15701] loss: 0.67947
[  1, 15751] loss: 0.64611
[  1, 15801] loss: 0.64472
[  1, 15851] loss: 0.61317
[  1, 15901] loss: 0.67362
[  1, 15951] loss: 0.64060
[  1, 16001] loss: 0.62662
[  1, 16051] loss: 0.60743
[  1, 16101] loss: 0.59733
[  1, 16151] loss: 0.59400
[  1, 16201] loss: 0.63330
[  1, 16251] loss: 0.64744
[  1, 16301] loss: 0.59202
[  1, 16351] loss: 0.57266
[  1, 16401] loss: 0.59373
[  1, 16451] loss: 0.62096
[  1, 16501] loss: 0.61985
[  1, 16551] loss: 0.67344
[  1, 16601] loss: 0.64413
[  1, 16651] loss: 0.60553
[  1, 16701] loss: 0.60240
[  1, 16751] loss: 0.63695
[  1, 16801] loss: 0.59908
[  1, 16851] loss: 0.66259
[  1, 16901] loss: 0.67572
[  1, 16951] loss: 0.62999
[  1, 17001] loss: 0.63747
[  1, 17051] loss: 0.66324
[  1, 17101] loss: 0.55362
[  1, 17151] loss: 0.63214
[  1, 17201] loss: 0.64152
[  1, 17251] loss: 0.60301
[  1, 17301] loss: 0.62956
[  1, 17351] loss: 0.61494
[  1, 17401] loss: 0.66130
[  1, 17451] loss: 0.65724
[  1, 17501] loss: 0.60966
[  1, 17551] loss: 0.63015
[  1, 17601] loss: 0.61691
[  1, 17651] loss: 0.70714
[  1, 17701] loss: 0.63340
[  1, 17751] loss: 0.66200
[  1, 17801] loss: 0.59972
[  1, 17851] loss: 0.72755
[  1, 17901] loss: 0.68591
[  1, 17951] loss: 0.64864
[  1, 18001] loss: 0.60389
[  1, 18051] loss: 0.62278
[  1, 18101] loss: 0.68034
[  1, 18151] loss: 0.68093
[  1, 18201] loss: 0.67096
[  1, 18251] loss: 0.62316
[  1, 18301] loss: 0.61551
[  1, 18351] loss: 0.63619
[  1, 18401] loss: 0.64801
[  1, 18451] loss: 0.61860
[  1, 18501] loss: 0.65975
[  1, 18551] loss: 0.67184
[  1, 18601] loss: 0.62773
[  1, 18651] loss: 0.62394
[  1, 18701] loss: 0.59487
[  1, 18751] loss: 0.60690
[  1, 18801] loss: 0.63882
[  1, 18851] loss: 0.64295
[  1, 18901] loss: 0.62969
[  1, 18951] loss: 0.72794
[  1, 19001] loss: 0.69610
[  1, 19051] loss: 0.76407
[  1, 19101] loss: 0.59455
[  1, 19151] loss: 0.63485
[  1, 19201] loss: 0.62313
[  1, 19251] loss: 0.66445
[  1, 19301] loss: 0.60724
[  1, 19351] loss: 0.72846
[  1, 19401] loss: 0.65132
[  1, 19451] loss: 0.60754
[  1, 19501] loss: 0.61500
[  1, 19551] loss: 0.65550
[  1, 19601] loss: 0.58220
[  1, 19651] loss: 0.71512
[  1, 19701] loss: 0.58554
[  1, 19751] loss: 0.63859
[  1, 19801] loss: 0.60486
[  1, 19851] loss: 0.59345
[  1, 19901] loss: 0.64854
[  1, 19951] loss: 0.68132
[  1, 20001] loss: 0.68197
[  1, 20051] loss: 0.63274
[  1, 20101] loss: 0.73209
[  1, 20151] loss: 0.59446
[  1, 20201] loss: 0.67169
[  1, 20251] loss: 0.65621
[  1, 20301] loss: 0.59934
[  1, 20351] loss: 0.61462
[  1, 20401] loss: 0.63710
[  1, 20451] loss: 0.64799
[  1, 20501] loss: 0.64067
[  1, 20551] loss: 0.66155
[  1, 20601] loss: 0.63850
[  1, 20651] loss: 0.71395
[  1, 20701] loss: 0.64172
[  1, 20751] loss: 0.67368
[  1, 20801] loss: 0.65023
[  1, 20851] loss: 0.61776
[  1, 20901] loss: 0.69079
[  1, 20951] loss: 0.55957
[  1, 21001] loss: 0.57959
[  1, 21051] loss: 0.61861
[  1, 21101] loss: 0.60455
[  1, 21151] loss: 0.64570
[  1, 21201] loss: 0.66325
[  1, 21251] loss: 0.68913
[  1, 21301] loss: 0.68503
[  1, 21351] loss: 0.61435
[  1, 21401] loss: 0.60846
[  1, 21451] loss: 0.70257
[  1, 21501] loss: 0.65522
[  1, 21551] loss: 0.64427
[  1, 21601] loss: 0.58737
[  1, 21651] loss: 0.66141
[  1, 21701] loss: 0.61306
[  1, 21751] loss: 0.58224
[  1, 21801] loss: 0.65292
[  1, 21851] loss: 0.61792
[  1, 21901] loss: 0.65560
[  1, 21951] loss: 0.59795
[  1, 22001] loss: 0.62531
[  1, 22051] loss: 0.56268
[  1, 22101] loss: 0.63623
[  1, 22151] loss: 0.58324
[  1, 22201] loss: 0.72309
[  1, 22251] loss: 0.63905
[  1, 22301] loss: 0.59695
[  1, 22351] loss: 0.67217
[  1, 22401] loss: 0.61644
[  1, 22451] loss: 0.68514
[  1, 22501] loss: 0.66268
[  1, 22551] loss: 0.66299
[  1, 22601] loss: 0.76388
[  1, 22651] loss: 0.66833
[  1, 22701] loss: 0.61842
[  1, 22751] loss: 0.63019
[  1, 22801] loss: 0.62302
[  1, 22851] loss: 0.62766
[  1, 22901] loss: 0.63532
[  1, 22951] loss: 0.75333
[  1, 23001] loss: 0.62563
[  1, 23051] loss: 0.60209
[  1, 23101] loss: 0.61192
[  1, 23151] loss: 0.62350
[  1, 23201] loss: 0.64026
[  1, 23251] loss: 0.64030
[  1, 23301] loss: 0.58218
[  1, 23351] loss: 0.63265
[  1, 23401] loss: 0.68896
[  1, 23451] loss: 0.62354
[  1, 23501] loss: 0.61251
[  1, 23551] loss: 0.60454
[  1, 23601] loss: 0.69644
[  1, 23651] loss: 0.62307
[  1, 23701] loss: 0.65000
[  1, 23751] loss: 0.65410
[  1, 23801] loss: 0.56415
[  1, 23851] loss: 0.63818
[  1, 23901] loss: 0.67903
[  1, 23951] loss: 0.67661
[  1, 24001] loss: 0.62724
[  1, 24051] loss: 0.64754
[  1, 24101] loss: 0.58920
[  1, 24151] loss: 0.72978
[  1, 24201] loss: 0.63209
[  1, 24251] loss: 0.62238
[  1, 24301] loss: 0.60271
[  1, 24351] loss: 0.73586
[  1, 24401] loss: 0.61777
[  1, 24451] loss: 0.61031
[  1, 24501] loss: 0.64486
[  1, 24551] loss: 0.66698
[  1, 24601] loss: 0.56849
[  1, 24651] loss: 0.59245
[  1, 24701] loss: 0.58403
[  1, 24751] loss: 0.67184
[  1, 24801] loss: 0.62211
[  1, 24851] loss: 0.61352
[  1, 24901] loss: 0.77561
[  1, 24951] loss: 0.68705
[  2,     1] loss: 0.63478
[  2,    51] loss: 0.53864
[  2,   101] loss: 0.66369
[  2,   151] loss: 0.61244
[  2,   201] loss: 0.67989
[  2,   251] loss: 0.67695
[  2,   301] loss: 0.65087
[  2,   351] loss: 0.54793
[  2,   401] loss: 0.63170
[  2,   451] loss: 0.58996
[  2,   501] loss: 0.56069
[  2,   551] loss: 0.56635
[  2,   601] loss: 0.63222
[  2,   651] loss: 0.64172
[  2,   701] loss: 0.64352
[  2,   751] loss: 0.60471
[  2,   801] loss: 0.60132
[  2,   851] loss: 0.63189
[  2,   901] loss: 0.59859
[  2,   951] loss: 0.54635
[  2,  1001] loss: 0.56617
[  2,  1051] loss: 0.60885
[  2,  1101] loss: 0.72186
[  2,  1151] loss: 0.64161
[  2,  1201] loss: 0.59065
[  2,  1251] loss: 0.60733
[  2,  1301] loss: 0.54216
[  2,  1351] loss: 0.65080
[  2,  1401] loss: 0.68766
[  2,  1451] loss: 0.66728
[  2,  1501] loss: 0.60518
[  2,  1551] loss: 0.66192
[  2,  1601] loss: 0.64797
[  2,  1651] loss: 0.57305
[  2,  1701] loss: 0.62525
[  2,  1751] loss: 0.63297
[  2,  1801] loss: 0.57508
[  2,  1851] loss: 0.60176
[  2,  1901] loss: 0.60820
[  2,  1951] loss: 0.68578
[  2,  2001] loss: 0.61539
[  2,  2051] loss: 0.62981
[  2,  2101] loss: 0.69532
[  2,  2151] loss: 0.57200
[  2,  2201] loss: 0.57629
[  2,  2251] loss: 0.54969
[  2,  2301] loss: 0.62171
[  2,  2351] loss: 0.55616
[  2,  2401] loss: 0.74599
[  2,  2451] loss: 0.62664
[  2,  2501] loss: 0.56494
[  2,  2551] loss: 0.56910
[  2,  2601] loss: 0.66475
[  2,  2651] loss: 0.60890
[  2,  2701] loss: 0.61491
[  2,  2751] loss: 0.58836
[  2,  2801] loss: 0.66341
[  2,  2851] loss: 0.59922
[  2,  2901] loss: 0.55226
[  2,  2951] loss: 0.59121
[  2,  3001] loss: 0.50649
[  2,  3051] loss: 0.67657
[  2,  3101] loss: 0.56539
[  2,  3151] loss: 0.68915
[  2,  3201] loss: 0.60237
[  2,  3251] loss: 0.55800
[  2,  3301] loss: 0.69674
[  2,  3351] loss: 0.68825
[  2,  3401] loss: 0.67888
[  2,  3451] loss: 0.61021
[  2,  3501] loss: 0.69006
[  2,  3551] loss: 0.62085
[  2,  3601] loss: 0.65468
[  2,  3651] loss: 0.57273
[  2,  3701] loss: 0.63721
[  2,  3751] loss: 0.65274
[  2,  3801] loss: 0.62672
[  2,  3851] loss: 0.50377
[  2,  3901] loss: 0.62807
[  2,  3951] loss: 0.59587
[  2,  4001] loss: 0.54180
[  2,  4051] loss: 0.62598
[  2,  4101] loss: 0.65233
[  2,  4151] loss: 0.57517
[  2,  4201] loss: 0.57278
[  2,  4251] loss: 0.62921
[  2,  4301] loss: 0.64020
[  2,  4351] loss: 0.55025
[  2,  4401] loss: 0.55889
[  2,  4451] loss: 0.56112
[  2,  4501] loss: 0.57736
[  2,  4551] loss: 0.61677
[  2,  4601] loss: 0.57263
[  2,  4651] loss: 0.61100
[  2,  4701] loss: 0.63239
[  2,  4751] loss: 0.54676
[  2,  4801] loss: 0.60595
[  2,  4851] loss: 0.57256
[  2,  4901] loss: 0.56336
[  2,  4951] loss: 0.60485
[  2,  5001] loss: 0.53815
[  2,  5051] loss: 0.52847
[  2,  5101] loss: 0.56957
[  2,  5151] loss: 0.64176
[  2,  5201] loss: 0.68741
[  2,  5251] loss: 0.55121
[  2,  5301] loss: 0.66084
[  2,  5351] loss: 0.59363
[  2,  5401] loss: 0.63865
[  2,  5451] loss: 0.58161
[  2,  5501] loss: 0.61845
[  2,  5551] loss: 0.67500
[  2,  5601] loss: 0.58459
[  2,  5651] loss: 0.59417
[  2,  5701] loss: 0.58142
[  2,  5751] loss: 0.72449
[  2,  5801] loss: 0.59300
[  2,  5851] loss: 0.60602
[  2,  5901] loss: 0.50821
[  2,  5951] loss: 0.71973
[  2,  6001] loss: 0.60125
[  2,  6051] loss: 0.61323
[  2,  6101] loss: 0.65971
[  2,  6151] loss: 0.49071
[  2,  6201] loss: 0.61574
[  2,  6251] loss: 0.66687
[  2,  6301] loss: 0.58428
[  2,  6351] loss: 0.56361
[  2,  6401] loss: 0.65367
[  2,  6451] loss: 0.58141
[  2,  6501] loss: 0.56513
[  2,  6551] loss: 0.60876
[  2,  6601] loss: 0.59162
[  2,  6651] loss: 0.65415
[  2,  6701] loss: 0.63163
[  2,  6751] loss: 0.56214
[  2,  6801] loss: 0.60041
[  2,  6851] loss: 0.57914
[  2,  6901] loss: 0.53097
[  2,  6951] loss: 0.60620
[  2,  7001] loss: 0.55850
[  2,  7051] loss: 0.59711
[  2,  7101] loss: 0.55965
[  2,  7151] loss: 0.56199
[  2,  7201] loss: 0.60630
[  2,  7251] loss: 0.53642
[  2,  7301] loss: 0.69777
[  2,  7351] loss: 0.60139
[  2,  7401] loss: 0.62684
[  2,  7451] loss: 0.61508
[  2,  7501] loss: 0.60907
[  2,  7551] loss: 0.56620
[  2,  7601] loss: 0.58258
[  2,  7651] loss: 0.64499
[  2,  7701] loss: 0.66942
[  2,  7751] loss: 0.59818
[  2,  7801] loss: 0.60165
[  2,  7851] loss: 0.63515
[  2,  7901] loss: 0.65574
[  2,  7951] loss: 0.63329
[  2,  8001] loss: 0.62760
[  2,  8051] loss: 0.68484
[  2,  8101] loss: 0.63041
[  2,  8151] loss: 0.62763
[  2,  8201] loss: 0.52842
[  2,  8251] loss: 0.55845
[  2,  8301] loss: 0.52461
[  2,  8351] loss: 0.60129
[  2,  8401] loss: 0.71147
[  2,  8451] loss: 0.62789
[  2,  8501] loss: 0.67057
[  2,  8551] loss: 0.61030
[  2,  8601] loss: 0.50018
[  2,  8651] loss: 0.51473
[  2,  8701] loss: 0.51272
[  2,  8751] loss: 0.63626
[  2,  8801] loss: 0.55445
[  2,  8851] loss: 0.61869
[  2,  8901] loss: 0.56271
[  2,  8951] loss: 0.63556
[  2,  9001] loss: 0.55431
[  2,  9051] loss: 0.57549
[  2,  9101] loss: 0.55253
[  2,  9151] loss: 0.57195
[  2,  9201] loss: 0.53208
[  2,  9251] loss: 0.60253
[  2,  9301] loss: 0.61400
[  2,  9351] loss: 0.51113
[  2,  9401] loss: 0.73248
[  2,  9451] loss: 0.62541
[  2,  9501] loss: 0.60045
[  2,  9551] loss: 0.61074
[  2,  9601] loss: 0.65396
[  2,  9651] loss: 0.62214
[  2,  9701] loss: 0.70948
[  2,  9751] loss: 0.57520
[  2,  9801] loss: 0.50676
[  2,  9851] loss: 0.61081
[  2,  9901] loss: 0.59908
[  2,  9951] loss: 0.67315
[  2, 10001] loss: 0.62465
[  2, 10051] loss: 0.57440
[  2, 10101] loss: 0.51306
[  2, 10151] loss: 0.54592
[  2, 10201] loss: 0.55642
[  2, 10251] loss: 0.55967
[  2, 10301] loss: 0.56801
[  2, 10351] loss: 0.61990
[  2, 10401] loss: 0.60129
[  2, 10451] loss: 0.62474
[  2, 10501] loss: 0.67123
[  2, 10551] loss: 0.46878
[  2, 10601] loss: 0.62559
[  2, 10651] loss: 0.66408
[  2, 10701] loss: 0.55517
[  2, 10751] loss: 0.61721
[  2, 10801] loss: 0.60963
[  2, 10851] loss: 0.68068
[  2, 10901] loss: 0.62932
[  2, 10951] loss: 0.51603
[  2, 11001] loss: 0.59092
[  2, 11051] loss: 0.74937
[  2, 11101] loss: 0.61232
[  2, 11151] loss: 0.57450
[  2, 11201] loss: 0.70430
[  2, 11251] loss: 0.59559
[  2, 11301] loss: 0.59723
[  2, 11351] loss: 0.53220
[  2, 11401] loss: 0.57243
[  2, 11451] loss: 0.60962
[  2, 11501] loss: 0.69077
[  2, 11551] loss: 0.61321
[  2, 11601] loss: 0.61146
[  2, 11651] loss: 0.53524
[  2, 11701] loss: 0.64147
[  2, 11751] loss: 0.68954
[  2, 11801] loss: 0.58826
[  2, 11851] loss: 0.56854
[  2, 11901] loss: 0.62458
[  2, 11951] loss: 0.67520
[  2, 12001] loss: 0.59524
[  2, 12051] loss: 0.62977
[  2, 12101] loss: 0.55344
[  2, 12151] loss: 0.61160
[  2, 12201] loss: 0.58001
[  2, 12251] loss: 0.57018
[  2, 12301] loss: 0.57631
[  2, 12351] loss: 0.61946
[  2, 12401] loss: 0.55508
[  2, 12451] loss: 0.64096
[  2, 12501] loss: 0.58987
[  2, 12551] loss: 0.58969
[  2, 12601] loss: 0.61155
[  2, 12651] loss: 0.57513
[  2, 12701] loss: 0.57960
[  2, 12751] loss: 0.60160
[  2, 12801] loss: 0.63246
[  2, 12851] loss: 0.58789
[  2, 12901] loss: 0.59459
[  2, 12951] loss: 0.62402
[  2, 13001] loss: 0.61679
[  2, 13051] loss: 0.60881
[  2, 13101] loss: 0.65022
[  2, 13151] loss: 0.53698
[  2, 13201] loss: 0.56905
[  2, 13251] loss: 0.58910
[  2, 13301] loss: 0.55204
[  2, 13351] loss: 0.64083
[  2, 13401] loss: 0.67142
[  2, 13451] loss: 0.54726
[  2, 13501] loss: 0.64345
[  2, 13551] loss: 0.66076
[  2, 13601] loss: 0.64125
[  2, 13651] loss: 0.62657
[  2, 13701] loss: 0.58227
[  2, 13751] loss: 0.62144
[  2, 13801] loss: 0.60558
[  2, 13851] loss: 0.61600
[  2, 13901] loss: 0.58715
[  2, 13951] loss: 0.61192
[  2, 14001] loss: 0.64190
[  2, 14051] loss: 0.57384
[  2, 14101] loss: 0.64143
[  2, 14151] loss: 0.58477
[  2, 14201] loss: 0.61266
[  2, 14251] loss: 0.55073
[  2, 14301] loss: 0.55966
[  2, 14351] loss: 0.61481
[  2, 14401] loss: 0.62159
[  2, 14451] loss: 0.60132
[  2, 14501] loss: 0.64147
[  2, 14551] loss: 0.56689
[  2, 14601] loss: 0.62807
[  2, 14651] loss: 0.63340
[  2, 14701] loss: 0.55326
[  2, 14751] loss: 0.65876
[  2, 14801] loss: 0.47292
[  2, 14851] loss: 0.66414
[  2, 14901] loss: 0.51851
[  2, 14951] loss: 0.51696
[  2, 15001] loss: 0.55958
[  2, 15051] loss: 0.57168
[  2, 15101] loss: 0.62940
[  2, 15151] loss: 0.58589
[  2, 15201] loss: 0.61969
[  2, 15251] loss: 0.59056
[  2, 15301] loss: 0.52185
[  2, 15351] loss: 0.63468
[  2, 15401] loss: 0.65288
[  2, 15451] loss: 0.60297
[  2, 15501] loss: 0.56894
[  2, 15551] loss: 0.55171
[  2, 15601] loss: 0.49725
[  2, 15651] loss: 0.56791
[  2, 15701] loss: 0.58507
[  2, 15751] loss: 0.57786
[  2, 15801] loss: 0.60601
[  2, 15851] loss: 0.56330
[  2, 15901] loss: 0.66709
[  2, 15951] loss: 0.56281
[  2, 16001] loss: 0.55397
[  2, 16051] loss: 0.51378
[  2, 16101] loss: 0.53383
[  2, 16151] loss: 0.52319
[  2, 16201] loss: 0.56823
[  2, 16251] loss: 0.59465
[  2, 16301] loss: 0.52362
[  2, 16351] loss: 0.50065
[  2, 16401] loss: 0.53744
[  2, 16451] loss: 0.53483
[  2, 16501] loss: 0.59325
[  2, 16551] loss: 0.64206
[  2, 16601] loss: 0.56949
[  2, 16651] loss: 0.55046
[  2, 16701] loss: 0.57592
[  2, 16751] loss: 0.56521
[  2, 16801] loss: 0.52649
[  2, 16851] loss: 0.58959
[  2, 16901] loss: 0.62924
[  2, 16951] loss: 0.56195
[  2, 17001] loss: 0.59076
[  2, 17051] loss: 0.61165
[  2, 17101] loss: 0.49453
[  2, 17151] loss: 0.58417
[  2, 17201] loss: 0.59362
[  2, 17251] loss: 0.53346
[  2, 17301] loss: 0.57545
[  2, 17351] loss: 0.54365
[  2, 17401] loss: 0.60660
[  2, 17451] loss: 0.60032
[  2, 17501] loss: 0.53926
[  2, 17551] loss: 0.54954
[  2, 17601] loss: 0.53024
[  2, 17651] loss: 0.63089
[  2, 17701] loss: 0.56971
[  2, 17751] loss: 0.62047
[  2, 17801] loss: 0.54413
[  2, 17851] loss: 0.68741
[  2, 17901] loss: 0.63192
[  2, 17951] loss: 0.57176
[  2, 18001] loss: 0.56305
[  2, 18051] loss: 0.55022
[  2, 18101] loss: 0.62351
[  2, 18151] loss: 0.59569
[  2, 18201] loss: 0.61815
[  2, 18251] loss: 0.56815
[  2, 18301] loss: 0.52160
[  2, 18351] loss: 0.57542
[  2, 18401] loss: 0.59986
[  2, 18451] loss: 0.55393
[  2, 18501] loss: 0.62815
[  2, 18551] loss: 0.61178
[  2, 18601] loss: 0.57619
[  2, 18651] loss: 0.56977
[  2, 18701] loss: 0.51058
[  2, 18751] loss: 0.50880
[  2, 18801] loss: 0.57662
[  2, 18851] loss: 0.56607
[  2, 18901] loss: 0.56230
[  2, 18951] loss: 0.65462
[  2, 19001] loss: 0.67555
[  2, 19051] loss: 0.74949
[  2, 19101] loss: 0.50383
[  2, 19151] loss: 0.59045
[  2, 19201] loss: 0.56573
[  2, 19251] loss: 0.61123
[  2, 19301] loss: 0.52754
[  2, 19351] loss: 0.66573
[  2, 19401] loss: 0.59317
[  2, 19451] loss: 0.56233
[  2, 19501] loss: 0.57047
[  2, 19551] loss: 0.59919
[  2, 19601] loss: 0.51534
[  2, 19651] loss: 0.64656
[  2, 19701] loss: 0.53313
[  2, 19751] loss: 0.59595
[  2, 19801] loss: 0.56137
[  2, 19851] loss: 0.52473
[  2, 19901] loss: 0.59077
[  2, 19951] loss: 0.63494
[  2, 20001] loss: 0.63445
[  2, 20051] loss: 0.58674
[  2, 20101] loss: 0.68121
[  2, 20151] loss: 0.54994
[  2, 20201] loss: 0.61785
[  2, 20251] loss: 0.60097
[  2, 20301] loss: 0.55049
[  2, 20351] loss: 0.55367
[  2, 20401] loss: 0.61644
[  2, 20451] loss: 0.58709
[  2, 20501] loss: 0.58929
[  2, 20551] loss: 0.60971
[  2, 20601] loss: 0.61104
[  2, 20651] loss: 0.66867
[  2, 20701] loss: 0.57476
[  2, 20751] loss: 0.59423
[  2, 20801] loss: 0.60045
[  2, 20851] loss: 0.55944
[  2, 20901] loss: 0.63670
[  2, 20951] loss: 0.48839
[  2, 21001] loss: 0.52430
[  2, 21051] loss: 0.56920
[  2, 21101] loss: 0.54794
[  2, 21151] loss: 0.58564
[  2, 21201] loss: 0.62192
[  2, 21251] loss: 0.61332
[  2, 21301] loss: 0.62548
[  2, 21351] loss: 0.56982
[  2, 21401] loss: 0.54143
[  2, 21451] loss: 0.68752
[  2, 21501] loss: 0.57707
[  2, 21551] loss: 0.55645
[  2, 21601] loss: 0.51710
[  2, 21651] loss: 0.61859
[  2, 21701] loss: 0.53130
[  2, 21751] loss: 0.52432
[  2, 21801] loss: 0.59047
[  2, 21851] loss: 0.57850
[  2, 21901] loss: 0.61996
[  2, 21951] loss: 0.55438
[  2, 22001] loss: 0.55604
[  2, 22051] loss: 0.48481
[  2, 22101] loss: 0.56080
[  2, 22151] loss: 0.50534
[  2, 22201] loss: 0.65639
[  2, 22251] loss: 0.57456
[  2, 22301] loss: 0.54745
[  2, 22351] loss: 0.62789
[  2, 22401] loss: 0.56968
[  2, 22451] loss: 0.65901
[  2, 22501] loss: 0.63345
[  2, 22551] loss: 0.62717
[  2, 22601] loss: 0.70023
[  2, 22651] loss: 0.58588
[  2, 22701] loss: 0.53253
[  2, 22751] loss: 0.58677
[  2, 22801] loss: 0.54773
[  2, 22851] loss: 0.56860
[  2, 22901] loss: 0.56243
[  2, 22951] loss: 0.70225
[  2, 23001] loss: 0.56236
[  2, 23051] loss: 0.56214
[  2, 23101] loss: 0.53624
[  2, 23151] loss: 0.58214
[  2, 23201] loss: 0.58017
[  2, 23251] loss: 0.59593
[  2, 23301] loss: 0.51475
[  2, 23351] loss: 0.56963
[  2, 23401] loss: 0.65437
[  2, 23451] loss: 0.58154
[  2, 23501] loss: 0.53805
[  2, 23551] loss: 0.52484
[  2, 23601] loss: 0.62034
[  2, 23651] loss: 0.59646
[  2, 23701] loss: 0.61771
[  2, 23751] loss: 0.62511
[  2, 23801] loss: 0.49449
[  2, 23851] loss: 0.58779
[  2, 23901] loss: 0.59718
[  2, 23951] loss: 0.63462
[  2, 24001] loss: 0.60055
[  2, 24051] loss: 0.59090
[  2, 24101] loss: 0.51911
[  2, 24151] loss: 0.68410
[  2, 24201] loss: 0.58634
[  2, 24251] loss: 0.53644
[  2, 24301] loss: 0.52763
[  2, 24351] loss: 0.69458
[  2, 24401] loss: 0.58722
[  2, 24451] loss: 0.54894
[  2, 24501] loss: 0.59247
[  2, 24551] loss: 0.61877
[  2, 24601] loss: 0.49728
[  2, 24651] loss: 0.50351
[  2, 24701] loss: 0.53807
[  2, 24751] loss: 0.63802
[  2, 24801] loss: 0.54587
[  2, 24851] loss: 0.55367
[  2, 24901] loss: 0.73856
[  2, 24951] loss: 0.62121
[  3,     1] loss: 0.58251
[  3,    51] loss: 0.47668
[  3,   101] loss: 0.61087
[  3,   151] loss: 0.57002
[  3,   201] loss: 0.60510
[  3,   251] loss: 0.64190
[  3,   301] loss: 0.59557
[  3,   351] loss: 0.50873
[  3,   401] loss: 0.57203
[  3,   451] loss: 0.51897
[  3,   501] loss: 0.50449
[  3,   551] loss: 0.51279
[  3,   601] loss: 0.59033
[  3,   651] loss: 0.57921
[  3,   701] loss: 0.60269
[  3,   751] loss: 0.56107
[  3,   801] loss: 0.51835
[  3,   851] loss: 0.58348
[  3,   901] loss: 0.54078
[  3,   951] loss: 0.48952
[  3,  1001] loss: 0.49872
[  3,  1051] loss: 0.54264
[  3,  1101] loss: 0.65292
[  3,  1151] loss: 0.60679
[  3,  1201] loss: 0.51364
[  3,  1251] loss: 0.55465
[  3,  1301] loss: 0.47513
[  3,  1351] loss: 0.60686
[  3,  1401] loss: 0.64845
[  3,  1451] loss: 0.61378
[  3,  1501] loss: 0.55410
[  3,  1551] loss: 0.60876
[  3,  1601] loss: 0.58670
[  3,  1651] loss: 0.53476
[  3,  1701] loss: 0.57014
[  3,  1751] loss: 0.58646
[  3,  1801] loss: 0.53032
[  3,  1851] loss: 0.56131
[  3,  1901] loss: 0.55888
[  3,  1951] loss: 0.62300
[  3,  2001] loss: 0.55829
[  3,  2051] loss: 0.58998
[  3,  2101] loss: 0.65968
[  3,  2151] loss: 0.53676
[  3,  2201] loss: 0.52854
[  3,  2251] loss: 0.52682
[  3,  2301] loss: 0.56266
[  3,  2351] loss: 0.50078
[  3,  2401] loss: 0.67410
[  3,  2451] loss: 0.57106
[  3,  2501] loss: 0.49501
[  3,  2551] loss: 0.49634
[  3,  2601] loss: 0.59287
[  3,  2651] loss: 0.56112
[  3,  2701] loss: 0.55322
[  3,  2751] loss: 0.54149
[  3,  2801] loss: 0.59816
[  3,  2851] loss: 0.56051
[  3,  2901] loss: 0.51575
[  3,  2951] loss: 0.53827
[  3,  3001] loss: 0.46699
[  3,  3051] loss: 0.61696
[  3,  3101] loss: 0.51322
[  3,  3151] loss: 0.62885
[  3,  3201] loss: 0.53972
[  3,  3251] loss: 0.49087
[  3,  3301] loss: 0.63292
[  3,  3351] loss: 0.63261
[  3,  3401] loss: 0.64026
[  3,  3451] loss: 0.54202
[  3,  3501] loss: 0.66371
[  3,  3551] loss: 0.55425
[  3,  3601] loss: 0.57794
[  3,  3651] loss: 0.52300
[  3,  3701] loss: 0.58986
[  3,  3751] loss: 0.56549
[  3,  3801] loss: 0.55599
[  3,  3851] loss: 0.45686
[  3,  3901] loss: 0.57512
[  3,  3951] loss: 0.53393
[  3,  4001] loss: 0.48359
[  3,  4051] loss: 0.55911
[  3,  4101] loss: 0.59825
[  3,  4151] loss: 0.51465
[  3,  4201] loss: 0.51591
[  3,  4251] loss: 0.58588
[  3,  4301] loss: 0.55211
[  3,  4351] loss: 0.48547
[  3,  4401] loss: 0.49278
[  3,  4451] loss: 0.47589
[  3,  4501] loss: 0.54580
[  3,  4551] loss: 0.56733
[  3,  4601] loss: 0.48743
[  3,  4651] loss: 0.55987
[  3,  4701] loss: 0.56594
[  3,  4751] loss: 0.47744
[  3,  4801] loss: 0.56485
[  3,  4851] loss: 0.50279
[  3,  4901] loss: 0.50337
[  3,  4951] loss: 0.57056
[  3,  5001] loss: 0.46843
[  3,  5051] loss: 0.47281
[  3,  5101] loss: 0.50287
[  3,  5151] loss: 0.59463
[  3,  5201] loss: 0.61931
[  3,  5251] loss: 0.49891
[  3,  5301] loss: 0.59484
[  3,  5351] loss: 0.54106
[  3,  5401] loss: 0.59658
[  3,  5451] loss: 0.53216
[  3,  5501] loss: 0.57938
[  3,  5551] loss: 0.61247
[  3,  5601] loss: 0.54575
[  3,  5651] loss: 0.52387
[  3,  5701] loss: 0.51947
[  3,  5751] loss: 0.68606
[  3,  5801] loss: 0.55086
[  3,  5851] loss: 0.56003
[  3,  5901] loss: 0.43949
[  3,  5951] loss: 0.67261
[  3,  6001] loss: 0.54514
[  3,  6051] loss: 0.56958
[  3,  6101] loss: 0.58889
[  3,  6151] loss: 0.43358
[  3,  6201] loss: 0.53916
[  3,  6251] loss: 0.62152
[  3,  6301] loss: 0.52276
[  3,  6351] loss: 0.52082
[  3,  6401] loss: 0.59796
[  3,  6451] loss: 0.52953
[  3,  6501] loss: 0.51981
[  3,  6551] loss: 0.55008
[  3,  6601] loss: 0.54105
[  3,  6651] loss: 0.56790
[  3,  6701] loss: 0.57326
[  3,  6751] loss: 0.49989
[  3,  6801] loss: 0.56449
[  3,  6851] loss: 0.53141
[  3,  6901] loss: 0.48430
[  3,  6951] loss: 0.54146
[  3,  7001] loss: 0.52674
[  3,  7051] loss: 0.51395
[  3,  7101] loss: 0.50621
[  3,  7151] loss: 0.49862
[  3,  7201] loss: 0.53093
[  3,  7251] loss: 0.48960
[  3,  7301] loss: 0.65928
[  3,  7351] loss: 0.53067
[  3,  7401] loss: 0.56591
[  3,  7451] loss: 0.58821
[  3,  7501] loss: 0.52257
[  3,  7551] loss: 0.55552
[  3,  7601] loss: 0.51657
[  3,  7651] loss: 0.57752
[  3,  7701] loss: 0.61876
[  3,  7751] loss: 0.52621
[  3,  7801] loss: 0.54244
[  3,  7851] loss: 0.58419
[  3,  7901] loss: 0.60238
[  3,  7951] loss: 0.58866
[  3,  8001] loss: 0.59975
[  3,  8051] loss: 0.61304
[  3,  8101] loss: 0.58646
[  3,  8151] loss: 0.55023
[  3,  8201] loss: 0.48125
[  3,  8251] loss: 0.52121
[  3,  8301] loss: 0.47629
[  3,  8351] loss: 0.56842
[  3,  8401] loss: 0.68707
[  3,  8451] loss: 0.55995
[  3,  8501] loss: 0.58967
[  3,  8551] loss: 0.56457
[  3,  8601] loss: 0.44273
[  3,  8651] loss: 0.44257
[  3,  8701] loss: 0.48148
[  3,  8751] loss: 0.57385
[  3,  8801] loss: 0.47625
[  3,  8851] loss: 0.56377
[  3,  8901] loss: 0.52868
[  3,  8951] loss: 0.58087
[  3,  9001] loss: 0.49486
[  3,  9051] loss: 0.51521
[  3,  9101] loss: 0.48341
[  3,  9151] loss: 0.49410
[  3,  9201] loss: 0.48091
[  3,  9251] loss: 0.54661
[  3,  9301] loss: 0.56991
[  3,  9351] loss: 0.45182
[  3,  9401] loss: 0.63517
[  3,  9451] loss: 0.56878
[  3,  9501] loss: 0.56218
[  3,  9551] loss: 0.53974
[  3,  9601] loss: 0.62193
[  3,  9651] loss: 0.56413
[  3,  9701] loss: 0.64748
[  3,  9751] loss: 0.50512
[  3,  9801] loss: 0.46195
[  3,  9851] loss: 0.57030
[  3,  9901] loss: 0.54451
[  3,  9951] loss: 0.60386
[  3, 10001] loss: 0.56086
[  3, 10051] loss: 0.52317
[  3, 10101] loss: 0.44746
[  3, 10151] loss: 0.51096
[  3, 10201] loss: 0.48149
[  3, 10251] loss: 0.50118
[  3, 10301] loss: 0.52348
[  3, 10351] loss: 0.56167
[  3, 10401] loss: 0.54429
[  3, 10451] loss: 0.56501
[  3, 10501] loss: 0.61884
[  3, 10551] loss: 0.43688
[  3, 10601] loss: 0.55489
[  3, 10651] loss: 0.59280
[  3, 10701] loss: 0.48199
[  3, 10751] loss: 0.57212
[  3, 10801] loss: 0.56166
[  3, 10851] loss: 0.62301
[  3, 10901] loss: 0.58815
[  3, 10951] loss: 0.46583
[  3, 11001] loss: 0.52172
[  3, 11051] loss: 0.65599
[  3, 11101] loss: 0.54511
[  3, 11151] loss: 0.52367
[  3, 11201] loss: 0.65296
[  3, 11251] loss: 0.55354
[  3, 11301] loss: 0.52409
[  3, 11351] loss: 0.45354
[  3, 11401] loss: 0.51241
[  3, 11451] loss: 0.50970
[  3, 11501] loss: 0.65265
[  3, 11551] loss: 0.53685
[  3, 11601] loss: 0.55643
[  3, 11651] loss: 0.44966
[  3, 11701] loss: 0.57837
[  3, 11751] loss: 0.62965
[  3, 11801] loss: 0.52326
[  3, 11851] loss: 0.49115
[  3, 11901] loss: 0.59062
[  3, 11951] loss: 0.63659
[  3, 12001] loss: 0.52231
[  3, 12051] loss: 0.58460
[  3, 12101] loss: 0.49833
[  3, 12151] loss: 0.55004
[  3, 12201] loss: 0.50272
[  3, 12251] loss: 0.52717
[  3, 12301] loss: 0.52145
[  3, 12351] loss: 0.56294
[  3, 12401] loss: 0.47894
[  3, 12451] loss: 0.56623
[  3, 12501] loss: 0.52957
[  3, 12551] loss: 0.54380
[  3, 12601] loss: 0.55602
[  3, 12651] loss: 0.51404
[  3, 12701] loss: 0.52037
[  3, 12751] loss: 0.53223
[  3, 12801] loss: 0.57680
[  3, 12851] loss: 0.56296
[  3, 12901] loss: 0.52925
[  3, 12951] loss: 0.53822
[  3, 13001] loss: 0.54949
[  3, 13051] loss: 0.52266
[  3, 13101] loss: 0.56085
[  3, 13151] loss: 0.46285
[  3, 13201] loss: 0.51210
[  3, 13251] loss: 0.51248
[  3, 13301] loss: 0.47985
[  3, 13351] loss: 0.59930
[  3, 13401] loss: 0.61140
[  3, 13451] loss: 0.46703
[  3, 13501] loss: 0.57082
[  3, 13551] loss: 0.59320
[  3, 13601] loss: 0.58583
[  3, 13651] loss: 0.57577
[  3, 13701] loss: 0.52838
[  3, 13751] loss: 0.52843
[  3, 13801] loss: 0.54410
[  3, 13851] loss: 0.52580
[  3, 13901] loss: 0.52739
[  3, 13951] loss: 0.52620
[  3, 14001] loss: 0.59680
[  3, 14051] loss: 0.52000
[  3, 14101] loss: 0.58068
[  3, 14151] loss: 0.51696
[  3, 14201] loss: 0.55831
[  3, 14251] loss: 0.45902
[  3, 14301] loss: 0.52435
[  3, 14351] loss: 0.54209
[  3, 14401] loss: 0.56078
[  3, 14451] loss: 0.54681
[  3, 14501] loss: 0.56510
[  3, 14551] loss: 0.49850
[  3, 14601] loss: 0.54219
[  3, 14651] loss: 0.56823
[  3, 14701] loss: 0.47138
[  3, 14751] loss: 0.61033
[  3, 14801] loss: 0.41105
[  3, 14851] loss: 0.60432
[  3, 14901] loss: 0.43131
[  3, 14951] loss: 0.45095
[  3, 15001] loss: 0.50652
[  3, 15051] loss: 0.48895
[  3, 15101] loss: 0.57613
[  3, 15151] loss: 0.53133
[  3, 15201] loss: 0.56342
[  3, 15251] loss: 0.53613
[  3, 15301] loss: 0.44216
[  3, 15351] loss: 0.57326
[  3, 15401] loss: 0.60156
[  3, 15451] loss: 0.52506
[  3, 15501] loss: 0.53512
[  3, 15551] loss: 0.47514
[  3, 15601] loss: 0.40674
[  3, 15651] loss: 0.49267
[  3, 15701] loss: 0.47410
[  3, 15751] loss: 0.51053
[  3, 15801] loss: 0.54106
[  3, 15851] loss: 0.51164
[  3, 15901] loss: 0.63670
[  3, 15951] loss: 0.49725
[  3, 16001] loss: 0.49259
[  3, 16051] loss: 0.45491
[  3, 16101] loss: 0.45673
[  3, 16151] loss: 0.45580
[  3, 16201] loss: 0.49293
[  3, 16251] loss: 0.54318
[  3, 16301] loss: 0.43809
[  3, 16351] loss: 0.44869
[  3, 16401] loss: 0.49184
[  3, 16451] loss: 0.45853
[  3, 16501] loss: 0.57100
[  3, 16551] loss: 0.57181
[  3, 16601] loss: 0.51171
[  3, 16651] loss: 0.49824
[  3, 16701] loss: 0.55472
[  3, 16751] loss: 0.50612
[  3, 16801] loss: 0.46492
[  3, 16851] loss: 0.51910
[  3, 16901] loss: 0.54522
[  3, 16951] loss: 0.49162
[  3, 17001] loss: 0.51555
[  3, 17051] loss: 0.55867
[  3, 17101] loss: 0.46538
[  3, 17151] loss: 0.50146
[  3, 17201] loss: 0.50765
[  3, 17251] loss: 0.47498
[  3, 17301] loss: 0.51172
[  3, 17351] loss: 0.45904
[  3, 17401] loss: 0.52750
[  3, 17451] loss: 0.55434
[  3, 17501] loss: 0.45223
[  3, 17551] loss: 0.49316
[  3, 17601] loss: 0.43052
[  3, 17651] loss: 0.55251
[  3, 17701] loss: 0.51556
[  3, 17751] loss: 0.53544
[  3, 17801] loss: 0.47745
[  3, 17851] loss: 0.59245
[  3, 17901] loss: 0.57113
[  3, 17951] loss: 0.50131
[  3, 18001] loss: 0.49783
[  3, 18051] loss: 0.51270
[  3, 18101] loss: 0.56615
[  3, 18151] loss: 0.51899
[  3, 18201] loss: 0.54712
[  3, 18251] loss: 0.49677
[  3, 18301] loss: 0.44559
[  3, 18351] loss: 0.50901
[  3, 18401] loss: 0.56369
[  3, 18451] loss: 0.49209
[  3, 18501] loss: 0.57750
[  3, 18551] loss: 0.54479
[  3, 18601] loss: 0.53297
[  3, 18651] loss: 0.50152
[  3, 18701] loss: 0.41920
[  3, 18751] loss: 0.43150
[  3, 18801] loss: 0.51830
[  3, 18851] loss: 0.49585
[  3, 18901] loss: 0.51580
[  3, 18951] loss: 0.59157
[  3, 19001] loss: 0.61634
[  3, 19051] loss: 0.69629
[  3, 19101] loss: 0.43692
[  3, 19151] loss: 0.53335
[  3, 19201] loss: 0.50905
[  3, 19251] loss: 0.54688
[  3, 19301] loss: 0.43971
[  3, 19351] loss: 0.58134
[  3, 19401] loss: 0.54283
[  3, 19451] loss: 0.51131
[  3, 19501] loss: 0.50118
[  3, 19551] loss: 0.53722
[  3, 19601] loss: 0.43890
[  3, 19651] loss: 0.58035
[  3, 19701] loss: 0.47139
[  3, 19751] loss: 0.52940
[  3, 19801] loss: 0.46882
[  3, 19851] loss: 0.45255
[  3, 19901] loss: 0.51174
[  3, 19951] loss: 0.58129
[  3, 20001] loss: 0.55088
[  3, 20051] loss: 0.52769
[  3, 20101] loss: 0.62172
[  3, 20151] loss: 0.50368
[  3, 20201] loss: 0.55736
[  3, 20251] loss: 0.51619
[  3, 20301] loss: 0.47094
[  3, 20351] loss: 0.48416
[  3, 20401] loss: 0.56173
[  3, 20451] loss: 0.51026
[  3, 20501] loss: 0.52593
[  3, 20551] loss: 0.55940
[  3, 20601] loss: 0.54707
[  3, 20651] loss: 0.59591
[  3, 20701] loss: 0.51726
[  3, 20751] loss: 0.51670
[  3, 20801] loss: 0.52031
[  3, 20851] loss: 0.50919
[  3, 20901] loss: 0.56663
[  3, 20951] loss: 0.41982
[  3, 21001] loss: 0.48358
[  3, 21051] loss: 0.52272
[  3, 21101] loss: 0.46292
[  3, 21151] loss: 0.52071
[  3, 21201] loss: 0.55042
[  3, 21251] loss: 0.54119
[  3, 21301] loss: 0.56106
[  3, 21351] loss: 0.51872
[  3, 21401] loss: 0.48167
[  3, 21451] loss: 0.62015
[  3, 21501] loss: 0.52175
[  3, 21551] loss: 0.47141
[  3, 21601] loss: 0.43497
[  3, 21651] loss: 0.57244
[  3, 21701] loss: 0.47166
[  3, 21751] loss: 0.45275
[  3, 21801] loss: 0.49872
[  3, 21851] loss: 0.50789
[  3, 21901] loss: 0.54660
[  3, 21951] loss: 0.48195
[  3, 22001] loss: 0.49449
[  3, 22051] loss: 0.43548
[  3, 22101] loss: 0.47561
[  3, 22151] loss: 0.44103
[  3, 22201] loss: 0.56899
[  3, 22251] loss: 0.50037
[  3, 22301] loss: 0.50089
[  3, 22351] loss: 0.58473
[  3, 22401] loss: 0.49967
[  3, 22451] loss: 0.56914
[  3, 22501] loss: 0.57395
[  3, 22551] loss: 0.56540
[  3, 22601] loss: 0.60971
[  3, 22651] loss: 0.48647
[  3, 22701] loss: 0.45860
[  3, 22751] loss: 0.51347
[  3, 22801] loss: 0.48240
[  3, 22851] loss: 0.50876
[  3, 22901] loss: 0.48686
[  3, 22951] loss: 0.61717
[  3, 23001] loss: 0.47752
[  3, 23051] loss: 0.51265
[  3, 23101] loss: 0.46950
[  3, 23151] loss: 0.51458
[  3, 23201] loss: 0.50933
[  3, 23251] loss: 0.51328
[  3, 23301] loss: 0.42174
[  3, 23351] loss: 0.46786
[  3, 23401] loss: 0.55714
[  3, 23451] loss: 0.51494
[  3, 23501] loss: 0.46830
[  3, 23551] loss: 0.45368
[  3, 23601] loss: 0.52770
[  3, 23651] loss: 0.56221
[  3, 23701] loss: 0.50706
[  3, 23751] loss: 0.56685
[  3, 23801] loss: 0.42576
[  3, 23851] loss: 0.52016
[  3, 23901] loss: 0.51352
[  3, 23951] loss: 0.56804
[  3, 24001] loss: 0.55878
[  3, 24051] loss: 0.56164
[  3, 24101] loss: 0.43913
[  3, 24151] loss: 0.58966
[  3, 24201] loss: 0.49805
[  3, 24251] loss: 0.44195
[  3, 24301] loss: 0.45977
[  3, 24351] loss: 0.61346
[  3, 24401] loss: 0.50822
[  3, 24451] loss: 0.48368
[  3, 24501] loss: 0.53634
[  3, 24551] loss: 0.53387
[  3, 24601] loss: 0.42327
[  3, 24651] loss: 0.43865
[  3, 24701] loss: 0.46123
[  3, 24751] loss: 0.58595
[  3, 24801] loss: 0.45837
[  3, 24851] loss: 0.45688
[  3, 24901] loss: 0.65496
[  3, 24951] loss: 0.53012
[  4,     1] loss: 0.49975
[  4,    51] loss: 0.40040
[  4,   101] loss: 0.54315
[  4,   151] loss: 0.50189
[  4,   201] loss: 0.53239
[  4,   251] loss: 0.55995
[  4,   301] loss: 0.53413
[  4,   351] loss: 0.43410
[  4,   401] loss: 0.50920
[  4,   451] loss: 0.46880
[  4,   501] loss: 0.43575
[  4,   551] loss: 0.45008
[  4,   601] loss: 0.52911
[  4,   651] loss: 0.50280
[  4,   701] loss: 0.54570
[  4,   751] loss: 0.50058
[  4,   801] loss: 0.44371
[  4,   851] loss: 0.51356
[  4,   901] loss: 0.44979
[  4,   951] loss: 0.43259
[  4,  1001] loss: 0.41831
[  4,  1051] loss: 0.45980
[  4,  1101] loss: 0.53798
[  4,  1151] loss: 0.56995
[  4,  1201] loss: 0.42484
[  4,  1251] loss: 0.45622
[  4,  1301] loss: 0.39941
[  4,  1351] loss: 0.54251
[  4,  1401] loss: 0.54836
[  4,  1451] loss: 0.52157
[  4,  1501] loss: 0.46683
[  4,  1551] loss: 0.51733
[  4,  1601] loss: 0.52134
[  4,  1651] loss: 0.42814
[  4,  1701] loss: 0.50167
[  4,  1751] loss: 0.50506
[  4,  1801] loss: 0.46294
[  4,  1851] loss: 0.49574
[  4,  1901] loss: 0.50249
[  4,  1951] loss: 0.53124
[  4,  2001] loss: 0.48090
[  4,  2051] loss: 0.50795
[  4,  2101] loss: 0.55422
[  4,  2151] loss: 0.44869
[  4,  2201] loss: 0.46671
[  4,  2251] loss: 0.48801
[  4,  2301] loss: 0.47953
[  4,  2351] loss: 0.43625
[  4,  2401] loss: 0.61543
[  4,  2451] loss: 0.53060
[  4,  2501] loss: 0.39191
[  4,  2551] loss: 0.42705
[  4,  2601] loss: 0.53746
[  4,  2651] loss: 0.50795
[  4,  2701] loss: 0.48332
[  4,  2751] loss: 0.50369
[  4,  2801] loss: 0.51325
[  4,  2851] loss: 0.49197
[  4,  2901] loss: 0.45466
[  4,  2951] loss: 0.47900
[  4,  3001] loss: 0.40983
[  4,  3051] loss: 0.53524
[  4,  3101] loss: 0.43869
[  4,  3151] loss: 0.54343
[  4,  3201] loss: 0.45402
[  4,  3251] loss: 0.40933
[  4,  3301] loss: 0.55349
[  4,  3351] loss: 0.55646
[  4,  3401] loss: 0.55558
[  4,  3451] loss: 0.46674
[  4,  3501] loss: 0.60348
[  4,  3551] loss: 0.46235
[  4,  3601] loss: 0.50680
[  4,  3651] loss: 0.44147
[  4,  3701] loss: 0.50649
[  4,  3751] loss: 0.46769
[  4,  3801] loss: 0.43735
[  4,  3851] loss: 0.38456
[  4,  3901] loss: 0.48283
[  4,  3951] loss: 0.44383
[  4,  4001] loss: 0.40014
[  4,  4051] loss: 0.46166
[  4,  4101] loss: 0.52870
[  4,  4151] loss: 0.44758
[  4,  4201] loss: 0.41606
[  4,  4251] loss: 0.52556
[  4,  4301] loss: 0.44934
[  4,  4351] loss: 0.40452
[  4,  4401] loss: 0.40643
[  4,  4451] loss: 0.37925
[  4,  4501] loss: 0.48211
[  4,  4551] loss: 0.47612
[  4,  4601] loss: 0.38281
[  4,  4651] loss: 0.47117
[  4,  4701] loss: 0.49565
[  4,  4751] loss: 0.38609
[  4,  4801] loss: 0.49583
[  4,  4851] loss: 0.42284
[  4,  4901] loss: 0.41624
[  4,  4951] loss: 0.48150
[  4,  5001] loss: 0.37096
[  4,  5051] loss: 0.40872
[  4,  5101] loss: 0.42537
[  4,  5151] loss: 0.51965
[  4,  5201] loss: 0.50671
[  4,  5251] loss: 0.43340
[  4,  5301] loss: 0.51714
[  4,  5351] loss: 0.49788
[  4,  5401] loss: 0.53531
[  4,  5451] loss: 0.46220
[  4,  5501] loss: 0.50587
[  4,  5551] loss: 0.53196
[  4,  5601] loss: 0.47901
[  4,  5651] loss: 0.43544
[  4,  5701] loss: 0.44207
[  4,  5751] loss: 0.61306
[  4,  5801] loss: 0.46954
[  4,  5851] loss: 0.49992
[  4,  5901] loss: 0.36881
[  4,  5951] loss: 0.58889
[  4,  6001] loss: 0.48613
[  4,  6051] loss: 0.48821
[  4,  6101] loss: 0.49030
[  4,  6151] loss: 0.34598
[  4,  6201] loss: 0.45824
[  4,  6251] loss: 0.56830
[  4,  6301] loss: 0.44024
[  4,  6351] loss: 0.43112
[  4,  6401] loss: 0.49643
[  4,  6451] loss: 0.46795
[  4,  6501] loss: 0.46834
[  4,  6551] loss: 0.48476
[  4,  6601] loss: 0.48857
[  4,  6651] loss: 0.48423
[  4,  6701] loss: 0.47489
[  4,  6751] loss: 0.40513
[  4,  6801] loss: 0.50897
[  4,  6851] loss: 0.48683
[  4,  6901] loss: 0.44366
[  4,  6951] loss: 0.44423
[  4,  7001] loss: 0.45144
[  4,  7051] loss: 0.46084
[  4,  7101] loss: 0.44419
[  4,  7151] loss: 0.42034
[  4,  7201] loss: 0.45772
[  4,  7251] loss: 0.42392
[  4,  7301] loss: 0.59849
[  4,  7351] loss: 0.45106
[  4,  7401] loss: 0.50441
[  4,  7451] loss: 0.51694
[  4,  7501] loss: 0.40610
[  4,  7551] loss: 0.52509
[  4,  7601] loss: 0.42569
[  4,  7651] loss: 0.50176
[  4,  7701] loss: 0.50201
[  4,  7751] loss: 0.44221
[  4,  7801] loss: 0.45211
[  4,  7851] loss: 0.46953
[  4,  7901] loss: 0.51427
[  4,  7951] loss: 0.50732
[  4,  8001] loss: 0.52833
[  4,  8051] loss: 0.48495
[  4,  8101] loss: 0.51530
[  4,  8151] loss: 0.47110
[  4,  8201] loss: 0.41097
[  4,  8251] loss: 0.49888
[  4,  8301] loss: 0.39719
[  4,  8351] loss: 0.50861
[  4,  8401] loss: 0.61307
[  4,  8451] loss: 0.47756
[  4,  8501] loss: 0.50407
[  4,  8551] loss: 0.49479
[  4,  8601] loss: 0.39182
[  4,  8651] loss: 0.35757
[  4,  8701] loss: 0.42543
[  4,  8751] loss: 0.51195
[  4,  8801] loss: 0.38075
[  4,  8851] loss: 0.49946
[  4,  8901] loss: 0.49851
[  4,  8951] loss: 0.49267
[  4,  9001] loss: 0.43046
[  4,  9051] loss: 0.42067
[  4,  9101] loss: 0.38337
[  4,  9151] loss: 0.42915
[  4,  9201] loss: 0.43519
[  4,  9251] loss: 0.46856
[  4,  9301] loss: 0.52722
[  4,  9351] loss: 0.37186
[  4,  9401] loss: 0.53443
[  4,  9451] loss: 0.47879
[  4,  9501] loss: 0.48270
[  4,  9551] loss: 0.44761
[  4,  9601] loss: 0.54730
[  4,  9651] loss: 0.47328
[  4,  9701] loss: 0.55474
[  4,  9751] loss: 0.42988
[  4,  9801] loss: 0.41436
[  4,  9851] loss: 0.50831
[  4,  9901] loss: 0.44967
[  4,  9951] loss: 0.54127
[  4, 10001] loss: 0.47327
[  4, 10051] loss: 0.47688
[  4, 10101] loss: 0.36843
[  4, 10151] loss: 0.46466
[  4, 10201] loss: 0.36620
[  4, 10251] loss: 0.41641
[  4, 10301] loss: 0.45682
[  4, 10351] loss: 0.46979
[  4, 10401] loss: 0.48076
[  4, 10451] loss: 0.47082
[  4, 10501] loss: 0.52870
[  4, 10551] loss: 0.37977
[  4, 10601] loss: 0.45152
[  4, 10651] loss: 0.49667
[  4, 10701] loss: 0.39937
[  4, 10751] loss: 0.49188
[  4, 10801] loss: 0.47271
[  4, 10851] loss: 0.52699
[  4, 10901] loss: 0.50585
[  4, 10951] loss: 0.36900
[  4, 11001] loss: 0.42069
[  4, 11051] loss: 0.55768
[  4, 11101] loss: 0.46001
[  4, 11151] loss: 0.41188
[  4, 11201] loss: 0.55448
[  4, 11251] loss: 0.47861
[  4, 11301] loss: 0.45134
[  4, 11351] loss: 0.38257
[  4, 11401] loss: 0.46476
[  4, 11451] loss: 0.37669
[  4, 11501] loss: 0.55331
[  4, 11551] loss: 0.45433
[  4, 11601] loss: 0.46578
[  4, 11651] loss: 0.35034
[  4, 11701] loss: 0.50187
[  4, 11751] loss: 0.53999
[  4, 11801] loss: 0.44637
[  4, 11851] loss: 0.41668
[  4, 11901] loss: 0.48457
[  4, 11951] loss: 0.55418
[  4, 12001] loss: 0.41894
[  4, 12051] loss: 0.52220
[  4, 12101] loss: 0.43978
[  4, 12151] loss: 0.47955
[  4, 12201] loss: 0.41222
[  4, 12251] loss: 0.44842
[  4, 12301] loss: 0.41674
[  4, 12351] loss: 0.46628
[  4, 12401] loss: 0.40023
[  4, 12451] loss: 0.49184
[  4, 12501] loss: 0.42931
[  4, 12551] loss: 0.47498
[  4, 12601] loss: 0.46801
[  4, 12651] loss: 0.45866
[  4, 12701] loss: 0.42777
[  4, 12751] loss: 0.44022
[  4, 12801] loss: 0.48696
[  4, 12851] loss: 0.50301
[  4, 12901] loss: 0.44180
[  4, 12951] loss: 0.42298
[  4, 13001] loss: 0.45482
[  4, 13051] loss: 0.41131
[  4, 13101] loss: 0.43885
[  4, 13151] loss: 0.39758
[  4, 13201] loss: 0.42644
[  4, 13251] loss: 0.42412
[  4, 13301] loss: 0.39595
[  4, 13351] loss: 0.54389
[  4, 13401] loss: 0.49468
[  4, 13451] loss: 0.37709
[  4, 13501] loss: 0.47774
[  4, 13551] loss: 0.50111
[  4, 13601] loss: 0.51261
[  4, 13651] loss: 0.52271
[  4, 13701] loss: 0.42570
[  4, 13751] loss: 0.40685
[  4, 13801] loss: 0.46444
[  4, 13851] loss: 0.40263
[  4, 13901] loss: 0.44541
[  4, 13951] loss: 0.42743
[  4, 14001] loss: 0.52173
[  4, 14051] loss: 0.45170
[  4, 14101] loss: 0.49310
[  4, 14151] loss: 0.42566
[  4, 14201] loss: 0.47550
[  4, 14251] loss: 0.36577
[  4, 14301] loss: 0.46461
[  4, 14351] loss: 0.42758
[  4, 14401] loss: 0.46669
[  4, 14451] loss: 0.48178
[  4, 14501] loss: 0.49252
[  4, 14551] loss: 0.39621
[  4, 14601] loss: 0.46041
[  4, 14651] loss: 0.45680
[  4, 14701] loss: 0.38208
[  4, 14751] loss: 0.54713
[  4, 14801] loss: 0.33888
[  4, 14851] loss: 0.50894
[  4, 14901] loss: 0.33549
[  4, 14951] loss: 0.36817
[  4, 15001] loss: 0.44043
[  4, 15051] loss: 0.38883
[  4, 15101] loss: 0.45765
[  4, 15151] loss: 0.45941
[  4, 15201] loss: 0.46546
[  4, 15251] loss: 0.45396
[  4, 15301] loss: 0.37362
[  4, 15351] loss: 0.48946
[  4, 15401] loss: 0.52598
[  4, 15451] loss: 0.41537
[  4, 15501] loss: 0.48942
[  4, 15551] loss: 0.38037
[  4, 15601] loss: 0.31705
[  4, 15651] loss: 0.41733
[  4, 15701] loss: 0.37220
[  4, 15751] loss: 0.44556
[  4, 15801] loss: 0.44982
[  4, 15851] loss: 0.41367
[  4, 15901] loss: 0.54519
[  4, 15951] loss: 0.41271
[  4, 16001] loss: 0.43149
[  4, 16051] loss: 0.37063
[  4, 16101] loss: 0.38092
[  4, 16151] loss: 0.36928
[  4, 16201] loss: 0.38716
[  4, 16251] loss: 0.48138
[  4, 16301] loss: 0.33586
[  4, 16351] loss: 0.36233
[  4, 16401] loss: 0.41404
[  4, 16451] loss: 0.37077
[  4, 16501] loss: 0.49776
[  4, 16551] loss: 0.48854
[  4, 16601] loss: 0.42665
[  4, 16651] loss: 0.41961
[  4, 16701] loss: 0.49698
[  4, 16751] loss: 0.42546
[  4, 16801] loss: 0.37945
[  4, 16851] loss: 0.42826
[  4, 16901] loss: 0.42835
[  4, 16951] loss: 0.39543
[  4, 17001] loss: 0.41559
[  4, 17051] loss: 0.44881
[  4, 17101] loss: 0.38682
[  4, 17151] loss: 0.40977
[  4, 17201] loss: 0.41769
[  4, 17251] loss: 0.40934
[  4, 17301] loss: 0.42303
[  4, 17351] loss: 0.36947
[  4, 17401] loss: 0.41180
[  4, 17451] loss: 0.45648
[  4, 17501] loss: 0.35864
[  4, 17551] loss: 0.42849
[  4, 17601] loss: 0.33968
[  4, 17651] loss: 0.45506
[  4, 17701] loss: 0.41840
[  4, 17751] loss: 0.45320
[  4, 17801] loss: 0.39130
[  4, 17851] loss: 0.47552
[  4, 17901] loss: 0.48559
[  4, 17951] loss: 0.41030
[  4, 18001] loss: 0.43954
[  4, 18051] loss: 0.43699
[  4, 18101] loss: 0.47966
[  4, 18151] loss: 0.41047
[  4, 18201] loss: 0.45839
[  4, 18251] loss: 0.42219
[  4, 18301] loss: 0.36857
[  4, 18351] loss: 0.42164
[  4, 18401] loss: 0.48359
[  4, 18451] loss: 0.42417
[  4, 18501] loss: 0.47492
[  4, 18551] loss: 0.45228
[  4, 18601] loss: 0.44922
[  4, 18651] loss: 0.42857
[  4, 18701] loss: 0.31512
[  4, 18751] loss: 0.33316
[  4, 18801] loss: 0.44099
[  4, 18851] loss: 0.39494
[  4, 18901] loss: 0.41747
[  4, 18951] loss: 0.51534
[  4, 19001] loss: 0.55087
[  4, 19051] loss: 0.57098
[  4, 19101] loss: 0.35022
[  4, 19151] loss: 0.44817
[  4, 19201] loss: 0.44299
[  4, 19251] loss: 0.44985
[  4, 19301] loss: 0.35417
[  4, 19351] loss: 0.49094
[  4, 19401] loss: 0.43975
[  4, 19451] loss: 0.41631
[  4, 19501] loss: 0.40724
[  4, 19551] loss: 0.42671
[  4, 19601] loss: 0.36674
[  4, 19651] loss: 0.51492
[  4, 19701] loss: 0.39975
[  4, 19751] loss: 0.44464
[  4, 19801] loss: 0.38453
[  4, 19851] loss: 0.35832
[  4, 19901] loss: 0.40086
[  4, 19951] loss: 0.49505
[  4, 20001] loss: 0.46124
[  4, 20051] loss: 0.44433
[  4, 20101] loss: 0.54417
[  4, 20151] loss: 0.44706
[  4, 20201] loss: 0.43486
[  4, 20251] loss: 0.42352
[  4, 20301] loss: 0.38899
[  4, 20351] loss: 0.39871
[  4, 20401] loss: 0.47741
[  4, 20451] loss: 0.41852
[  4, 20501] loss: 0.45043
[  4, 20551] loss: 0.46115
[  4, 20601] loss: 0.44634
[  4, 20651] loss: 0.49916
[  4, 20701] loss: 0.43315
[  4, 20751] loss: 0.43302
[  4, 20801] loss: 0.44047
[  4, 20851] loss: 0.45436
[  4, 20901] loss: 0.47400
[  4, 20951] loss: 0.33321
[  4, 21001] loss: 0.42006
[  4, 21051] loss: 0.42788
[  4, 21101] loss: 0.37734
[  4, 21151] loss: 0.44542
[  4, 21201] loss: 0.46425
[  4, 21251] loss: 0.44494
[  4, 21301] loss: 0.44857
[  4, 21351] loss: 0.44436
[  4, 21401] loss: 0.39176
[  4, 21451] loss: 0.49974
[  4, 21501] loss: 0.41461
[  4, 21551] loss: 0.35887
[  4, 21601] loss: 0.35197
[  4, 21651] loss: 0.49276
[  4, 21701] loss: 0.39234
[  4, 21751] loss: 0.34355
[  4, 21801] loss: 0.40654
[  4, 21851] loss: 0.42636
[  4, 21901] loss: 0.45714
[  4, 21951] loss: 0.42099
[  4, 22001] loss: 0.41408
[  4, 22051] loss: 0.34248
[  4, 22101] loss: 0.39940
[  4, 22151] loss: 0.33056
[  4, 22201] loss: 0.46236
[  4, 22251] loss: 0.41206
[  4, 22301] loss: 0.43395
[  4, 22351] loss: 0.50871
[  4, 22401] loss: 0.40619
[  4, 22451] loss: 0.48867
[  4, 22501] loss: 0.48920
[  4, 22551] loss: 0.49963
[  4, 22601] loss: 0.49756
[  4, 22651] loss: 0.37023
[  4, 22701] loss: 0.35944
[  4, 22751] loss: 0.42172
[  4, 22801] loss: 0.39737
[  4, 22851] loss: 0.38494
[  4, 22901] loss: 0.36767
[  4, 22951] loss: 0.47793
[  4, 23001] loss: 0.38422
[  4, 23051] loss: 0.42825
[  4, 23101] loss: 0.37962
[  4, 23151] loss: 0.42179
[  4, 23201] loss: 0.42009
[  4, 23251] loss: 0.39875
[  4, 23301] loss: 0.31919
[  4, 23351] loss: 0.37102
[  4, 23401] loss: 0.43602
[  4, 23451] loss: 0.40830
[  4, 23501] loss: 0.35129
[  4, 23551] loss: 0.36520
[  4, 23601] loss: 0.40930
[  4, 23651] loss: 0.50357
[  4, 23701] loss: 0.40370
[  4, 23751] loss: 0.48780
[  4, 23801] loss: 0.34452
[  4, 23851] loss: 0.43758
[  4, 23901] loss: 0.41632
[  4, 23951] loss: 0.49523
[  4, 24001] loss: 0.47649
[  4, 24051] loss: 0.48835
[  4, 24101] loss: 0.33355
[  4, 24151] loss: 0.46158
[  4, 24201] loss: 0.39420
[  4, 24251] loss: 0.34317
[  4, 24301] loss: 0.37196
[  4, 24351] loss: 0.49256
[  4, 24401] loss: 0.41077
[  4, 24451] loss: 0.40013
[  4, 24501] loss: 0.44610
[  4, 24551] loss: 0.43068
[  4, 24601] loss: 0.32990
[  4, 24651] loss: 0.37375
[  4, 24701] loss: 0.38415
[  4, 24751] loss: 0.51602
[  4, 24801] loss: 0.33071
[  4, 24851] loss: 0.35959
[  4, 24901] loss: 0.56555
[  4, 24951] loss: 0.46015
[  5,     1] loss: 0.39464
[  5,    51] loss: 0.31347
[  5,   101] loss: 0.43661
[  5,   151] loss: 0.41983
[  5,   201] loss: 0.42021
[  5,   251] loss: 0.45181
[  5,   301] loss: 0.44666
[  5,   351] loss: 0.34911
[  5,   401] loss: 0.38275
[  5,   451] loss: 0.39473
[  5,   501] loss: 0.36544
[  5,   551] loss: 0.39054
[  5,   601] loss: 0.46097
[  5,   651] loss: 0.40066
[  5,   701] loss: 0.44794
[  5,   751] loss: 0.40798
[  5,   801] loss: 0.34522
[  5,   851] loss: 0.43166
[  5,   901] loss: 0.34438
[  5,   951] loss: 0.34017
[  5,  1001] loss: 0.30642
[  5,  1051] loss: 0.36308
[  5,  1101] loss: 0.41329
[  5,  1151] loss: 0.47599
[  5,  1201] loss: 0.32277
[  5,  1251] loss: 0.35833
[  5,  1301] loss: 0.32854
[  5,  1351] loss: 0.43450
[  5,  1401] loss: 0.44729
[  5,  1451] loss: 0.41515
[  5,  1501] loss: 0.37694
[  5,  1551] loss: 0.41590
[  5,  1601] loss: 0.42912
[  5,  1651] loss: 0.34523
[  5,  1701] loss: 0.39926
[  5,  1751] loss: 0.39990
[  5,  1801] loss: 0.37905
[  5,  1851] loss: 0.41772
[  5,  1901] loss: 0.41846
[  5,  1951] loss: 0.40995
[  5,  2001] loss: 0.37483
[  5,  2051] loss: 0.39940
[  5,  2101] loss: 0.41731
[  5,  2151] loss: 0.36296
[  5,  2201] loss: 0.36604
[  5,  2251] loss: 0.41483
[  5,  2301] loss: 0.38041
[  5,  2351] loss: 0.35184
[  5,  2401] loss: 0.54243
[  5,  2451] loss: 0.44923
[  5,  2501] loss: 0.29533
[  5,  2551] loss: 0.31786
[  5,  2601] loss: 0.44127
[  5,  2651] loss: 0.40163
[  5,  2701] loss: 0.38662
[  5,  2751] loss: 0.47267
[  5,  2801] loss: 0.39735
[  5,  2851] loss: 0.38945
[  5,  2901] loss: 0.35901
[  5,  2951] loss: 0.40612
[  5,  3001] loss: 0.32965
[  5,  3051] loss: 0.44288
[  5,  3101] loss: 0.33214
[  5,  3151] loss: 0.42770
[  5,  3201] loss: 0.37020
[  5,  3251] loss: 0.32215
[  5,  3301] loss: 0.45820
[  5,  3351] loss: 0.45410
[  5,  3401] loss: 0.43047
[  5,  3451] loss: 0.37923
[  5,  3501] loss: 0.48486
[  5,  3551] loss: 0.36260
[  5,  3601] loss: 0.38444
[  5,  3651] loss: 0.34188
[  5,  3701] loss: 0.40028
[  5,  3751] loss: 0.33064
[  5,  3801] loss: 0.31667
[  5,  3851] loss: 0.29354
[  5,  3901] loss: 0.37765
[  5,  3951] loss: 0.35027
[  5,  4001] loss: 0.31135
[  5,  4051] loss: 0.34415
[  5,  4101] loss: 0.41730
[  5,  4151] loss: 0.38406
[  5,  4201] loss: 0.33797
[  5,  4251] loss: 0.41230
[  5,  4301] loss: 0.33696
[  5,  4351] loss: 0.30771
[  5,  4401] loss: 0.31393
[  5,  4451] loss: 0.26572
[  5,  4501] loss: 0.38415
[  5,  4551] loss: 0.37237
[  5,  4601] loss: 0.25586
[  5,  4651] loss: 0.36245
[  5,  4701] loss: 0.40273
[  5,  4751] loss: 0.30370
[  5,  4801] loss: 0.38430
[  5,  4851] loss: 0.32871
[  5,  4901] loss: 0.32976
[  5,  4951] loss: 0.39914
[  5,  5001] loss: 0.25791
[  5,  5051] loss: 0.33754
[  5,  5101] loss: 0.34215
[  5,  5151] loss: 0.41281
[  5,  5201] loss: 0.38268
[  5,  5251] loss: 0.34127
[  5,  5301] loss: 0.39438
[  5,  5351] loss: 0.40478
[  5,  5401] loss: 0.45713
[  5,  5451] loss: 0.37079
[  5,  5501] loss: 0.40864
[  5,  5551] loss: 0.42397
[  5,  5601] loss: 0.38642
[  5,  5651] loss: 0.32630
[  5,  5701] loss: 0.32846
[  5,  5751] loss: 0.48836
[  5,  5801] loss: 0.35683
[  5,  5851] loss: 0.40277
[  5,  5901] loss: 0.28693
[  5,  5951] loss: 0.45947
[  5,  6001] loss: 0.39508
[  5,  6051] loss: 0.38876
[  5,  6101] loss: 0.36945
[  5,  6151] loss: 0.24937
[  5,  6201] loss: 0.35659
[  5,  6251] loss: 0.45277
[  5,  6301] loss: 0.31241
[  5,  6351] loss: 0.33880
[  5,  6401] loss: 0.39893
[  5,  6451] loss: 0.38314
[  5,  6501] loss: 0.38686
[  5,  6551] loss: 0.37659
[  5,  6601] loss: 0.41905
[  5,  6651] loss: 0.36713
[  5,  6701] loss: 0.36253
[  5,  6751] loss: 0.29747
[  5,  6801] loss: 0.39708
[  5,  6851] loss: 0.39365
[  5,  6901] loss: 0.36595
[  5,  6951] loss: 0.33746
[  5,  7001] loss: 0.36078
[  5,  7051] loss: 0.39337
[  5,  7101] loss: 0.35339
[  5,  7151] loss: 0.31579
[  5,  7201] loss: 0.32254
[  5,  7251] loss: 0.32091
[  5,  7301] loss: 0.46382
[  5,  7351] loss: 0.35926
[  5,  7401] loss: 0.40585
[  5,  7451] loss: 0.43245
[  5,  7501] loss: 0.29870
[  5,  7551] loss: 0.45349
[  5,  7601] loss: 0.33315
[  5,  7651] loss: 0.41072
[  5,  7701] loss: 0.40641
[  5,  7751] loss: 0.34309
[  5,  7801] loss: 0.34819
[  5,  7851] loss: 0.33363
[  5,  7901] loss: 0.39259
[  5,  7951] loss: 0.40501
[  5,  8001] loss: 0.43053
[  5,  8051] loss: 0.35813
[  5,  8101] loss: 0.42336
[  5,  8151] loss: 0.37641
[  5,  8201] loss: 0.31017
[  5,  8251] loss: 0.41650
[  5,  8301] loss: 0.30876
[  5,  8351] loss: 0.41613
[  5,  8401] loss: 0.49177
[  5,  8451] loss: 0.39002
[  5,  8501] loss: 0.38776
[  5,  8551] loss: 0.39100
[  5,  8601] loss: 0.30088
[  5,  8651] loss: 0.29068
[  5,  8701] loss: 0.34972
[  5,  8751] loss: 0.35783
[  5,  8801] loss: 0.29238
[  5,  8851] loss: 0.41384
[  5,  8901] loss: 0.44137
[  5,  8951] loss: 0.39824
[  5,  9001] loss: 0.34206
[  5,  9051] loss: 0.33840
[  5,  9101] loss: 0.29150
[  5,  9151] loss: 0.35473
[  5,  9201] loss: 0.35844
[  5,  9251] loss: 0.36886
[  5,  9301] loss: 0.42540
[  5,  9351] loss: 0.26907
[  5,  9401] loss: 0.40232
[  5,  9451] loss: 0.37037
[  5,  9501] loss: 0.36304
[  5,  9551] loss: 0.34089
[  5,  9601] loss: 0.43704
[  5,  9651] loss: 0.36114
[  5,  9701] loss: 0.42080
[  5,  9751] loss: 0.33268
[  5,  9801] loss: 0.33573
[  5,  9851] loss: 0.39895
[  5,  9901] loss: 0.35066
[  5,  9951] loss: 0.44096
[  5, 10001] loss: 0.36390
[  5, 10051] loss: 0.36575
[  5, 10101] loss: 0.29020
[  5, 10151] loss: 0.38784
[  5, 10201] loss: 0.26394
[  5, 10251] loss: 0.31667
[  5, 10301] loss: 0.36887
[  5, 10351] loss: 0.35297
[  5, 10401] loss: 0.38572
[  5, 10451] loss: 0.35101
[  5, 10501] loss: 0.43137
[  5, 10551] loss: 0.29915
[  5, 10601] loss: 0.33124
[  5, 10651] loss: 0.38051
[  5, 10701] loss: 0.31551
[  5, 10751] loss: 0.37026
[  5, 10801] loss: 0.36421
[  5, 10851] loss: 0.41748
[  5, 10901] loss: 0.38897
[  5, 10951] loss: 0.26498
[  5, 11001] loss: 0.31196
[  5, 11051] loss: 0.41915
[  5, 11101] loss: 0.33974
[  5, 11151] loss: 0.29816
[  5, 11201] loss: 0.41437
[  5, 11251] loss: 0.37767
[  5, 11301] loss: 0.34920
[  5, 11351] loss: 0.29032
[  5, 11401] loss: 0.37520
[  5, 11451] loss: 0.24184
[  5, 11501] loss: 0.42443
[  5, 11551] loss: 0.33395
[  5, 11601] loss: 0.35063
[  5, 11651] loss: 0.26420
[  5, 11701] loss: 0.39267
[  5, 11751] loss: 0.45125
[  5, 11801] loss: 0.34536
[  5, 11851] loss: 0.32587
[  5, 11901] loss: 0.37252
[  5, 11951] loss: 0.43916
[  5, 12001] loss: 0.31335
[  5, 12051] loss: 0.41785
[  5, 12101] loss: 0.34121
[  5, 12151] loss: 0.36604
[  5, 12201] loss: 0.29859
[  5, 12251] loss: 0.35687
[  5, 12301] loss: 0.30365
[  5, 12351] loss: 0.33674
[  5, 12401] loss: 0.31322
[  5, 12451] loss: 0.37985
[  5, 12501] loss: 0.30362
[  5, 12551] loss: 0.39210
[  5, 12601] loss: 0.34856
[  5, 12651] loss: 0.36292
[  5, 12701] loss: 0.33002
[  5, 12751] loss: 0.33455
[  5, 12801] loss: 0.35512
[  5, 12851] loss: 0.42527
[  5, 12901] loss: 0.32960
[  5, 12951] loss: 0.30648
[  5, 13001] loss: 0.32658
[  5, 13051] loss: 0.30625
[  5, 13101] loss: 0.30188
[  5, 13151] loss: 0.30752
[  5, 13201] loss: 0.31171
[  5, 13251] loss: 0.33254
[  5, 13301] loss: 0.30432
[  5, 13351] loss: 0.42235
[  5, 13401] loss: 0.37110
[  5, 13451] loss: 0.29493
[  5, 13501] loss: 0.36057
[  5, 13551] loss: 0.36928
[  5, 13601] loss: 0.40194
[  5, 13651] loss: 0.41717
[  5, 13701] loss: 0.31708
[  5, 13751] loss: 0.29713
[  5, 13801] loss: 0.39122
[  5, 13851] loss: 0.27949
[  5, 13901] loss: 0.36048
[  5, 13951] loss: 0.32423
[  5, 14001] loss: 0.43976
[  5, 14051] loss: 0.36584
[  5, 14101] loss: 0.38362
[  5, 14151] loss: 0.34919
[  5, 14201] loss: 0.35403
[  5, 14251] loss: 0.27461
[  5, 14301] loss: 0.35946
[  5, 14351] loss: 0.32369
[  5, 14401] loss: 0.34759
[  5, 14451] loss: 0.39507
[  5, 14501] loss: 0.39620
[  5, 14551] loss: 0.29538
[  5, 14601] loss: 0.35222
[  5, 14651] loss: 0.35144
[  5, 14701] loss: 0.28841
[  5, 14751] loss: 0.43872
[  5, 14801] loss: 0.25120
[  5, 14851] loss: 0.36660
[  5, 14901] loss: 0.24123
[  5, 14951] loss: 0.29074
[  5, 15001] loss: 0.33966
[  5, 15051] loss: 0.29809
[  5, 15101] loss: 0.34425
[  5, 15151] loss: 0.37740
[  5, 15201] loss: 0.35491
[  5, 15251] loss: 0.33975
[  5, 15301] loss: 0.27979
[  5, 15351] loss: 0.38296
[  5, 15401] loss: 0.42456
[  5, 15451] loss: 0.28747
[  5, 15501] loss: 0.39224
[  5, 15551] loss: 0.29577
[  5, 15601] loss: 0.22619
[  5, 15651] loss: 0.30765
[  5, 15701] loss: 0.27910
[  5, 15751] loss: 0.34030
[  5, 15801] loss: 0.32809
[  5, 15851] loss: 0.31470
[  5, 15901] loss: 0.44363
[  5, 15951] loss: 0.34364
[  5, 16001] loss: 0.34383
[  5, 16051] loss: 0.28665
[  5, 16101] loss: 0.29935
[  5, 16151] loss: 0.28214
[  5, 16201] loss: 0.27632
[  5, 16251] loss: 0.36151
[  5, 16301] loss: 0.23507
[  5, 16351] loss: 0.27920
[  5, 16401] loss: 0.32311
[  5, 16451] loss: 0.28016
[  5, 16501] loss: 0.39925
[  5, 16551] loss: 0.38723
[  5, 16601] loss: 0.33983
[  5, 16651] loss: 0.33047
[  5, 16701] loss: 0.40613
[  5, 16751] loss: 0.34641
[  5, 16801] loss: 0.27995
[  5, 16851] loss: 0.30601
[  5, 16901] loss: 0.31442
[  5, 16951] loss: 0.27471
[  5, 17001] loss: 0.29855
[  5, 17051] loss: 0.31654
[  5, 17101] loss: 0.31344
[  5, 17151] loss: 0.30264
[  5, 17201] loss: 0.30742
[  5, 17251] loss: 0.32761
[  5, 17301] loss: 0.33155
[  5, 17351] loss: 0.26294
[  5, 17401] loss: 0.28900
[  5, 17451] loss: 0.37241
[  5, 17501] loss: 0.26457
[  5, 17551] loss: 0.34405
[  5, 17601] loss: 0.24772
[  5, 17651] loss: 0.33678
[  5, 17701] loss: 0.32138
[  5, 17751] loss: 0.34343
[  5, 17801] loss: 0.30081
[  5, 17851] loss: 0.35057
[  5, 17901] loss: 0.39969
[  5, 17951] loss: 0.29440
[  5, 18001] loss: 0.34103
[  5, 18051] loss: 0.34202
[  5, 18101] loss: 0.38128
[  5, 18151] loss: 0.31781
[  5, 18201] loss: 0.35751
[  5, 18251] loss: 0.31383
[  5, 18301] loss: 0.27007
[  5, 18351] loss: 0.32048
[  5, 18401] loss: 0.37949
[  5, 18451] loss: 0.32921
[  5, 18501] loss: 0.36954
[  5, 18551] loss: 0.34914
[  5, 18601] loss: 0.36935
[  5, 18651] loss: 0.34167
[  5, 18701] loss: 0.21836
[  5, 18751] loss: 0.24936
[  5, 18801] loss: 0.34499
[  5, 18851] loss: 0.28597
[  5, 18901] loss: 0.32333
[  5, 18951] loss: 0.42300
[  5, 19001] loss: 0.44975
[  5, 19051] loss: 0.43546
[  5, 19101] loss: 0.24840
[  5, 19151] loss: 0.34047
[  5, 19201] loss: 0.36280
[  5, 19251] loss: 0.35724
[  5, 19301] loss: 0.27300
[  5, 19351] loss: 0.38208
[  5, 19401] loss: 0.33790
[  5, 19451] loss: 0.31841
[  5, 19501] loss: 0.30177
[  5, 19551] loss: 0.32593
[  5, 19601] loss: 0.27770
[  5, 19651] loss: 0.43081
[  5, 19701] loss: 0.30522
[  5, 19751] loss: 0.34003
[  5, 19801] loss: 0.28270
[  5, 19851] loss: 0.28253
[  5, 19901] loss: 0.29029
[  5, 19951] loss: 0.38654
[  5, 20001] loss: 0.34743
[  5, 20051] loss: 0.34514
[  5, 20101] loss: 0.43437
[  5, 20151] loss: 0.36003
[  5, 20201] loss: 0.29981
[  5, 20251] loss: 0.32523
[  5, 20301] loss: 0.30317
[  5, 20351] loss: 0.28755
[  5, 20401] loss: 0.37315
[  5, 20451] loss: 0.31906
[  5, 20501] loss: 0.38053
[  5, 20551] loss: 0.35133
[  5, 20601] loss: 0.34293
[  5, 20651] loss: 0.38012
[  5, 20701] loss: 0.32463
[  5, 20751] loss: 0.34456
[  5, 20801] loss: 0.32450
[  5, 20851] loss: 0.39187
[  5, 20901] loss: 0.36917
[  5, 20951] loss: 0.24162
[  5, 21001] loss: 0.34322
[  5, 21051] loss: 0.34139
[  5, 21101] loss: 0.28900
[  5, 21151] loss: 0.33762
[  5, 21201] loss: 0.36078
[  5, 21251] loss: 0.34905
[  5, 21301] loss: 0.33092
[  5, 21351] loss: 0.33548
[  5, 21401] loss: 0.31402
[  5, 21451] loss: 0.36738
[  5, 21501] loss: 0.31023
[  5, 21551] loss: 0.27277
[  5, 21601] loss: 0.25738
[  5, 21651] loss: 0.39357
[  5, 21701] loss: 0.30108
[  5, 21751] loss: 0.24231
[  5, 21801] loss: 0.29405
[  5, 21851] loss: 0.34238
[  5, 21901] loss: 0.36822
[  5, 21951] loss: 0.33558
[  5, 22001] loss: 0.30323
[  5, 22051] loss: 0.24960
[  5, 22101] loss: 0.32473
[  5, 22151] loss: 0.22361
[  5, 22201] loss: 0.33705
[  5, 22251] loss: 0.30921
[  5, 22301] loss: 0.33592
[  5, 22351] loss: 0.39700
[  5, 22401] loss: 0.29748
[  5, 22451] loss: 0.34640
[  5, 22501] loss: 0.37750
[  5, 22551] loss: 0.39829
[  5, 22601] loss: 0.38252
[  5, 22651] loss: 0.24647
[  5, 22701] loss: 0.24541
[  5, 22751] loss: 0.31366
[  5, 22801] loss: 0.29208
[  5, 22851] loss: 0.27962
[  5, 22901] loss: 0.23057
[  5, 22951] loss: 0.35185
[  5, 23001] loss: 0.28601
[  5, 23051] loss: 0.31983
[  5, 23101] loss: 0.28666
[  5, 23151] loss: 0.30320
[  5, 23201] loss: 0.29157
[  5, 23251] loss: 0.28809
[  5, 23301] loss: 0.21682
[  5, 23351] loss: 0.26654
[  5, 23401] loss: 0.30353
[  5, 23451] loss: 0.28427
[  5, 23501] loss: 0.24741
[  5, 23551] loss: 0.28187
[  5, 23601] loss: 0.28761
[  5, 23651] loss: 0.42757
[  5, 23701] loss: 0.28651
[  5, 23751] loss: 0.38874
[  5, 23801] loss: 0.26224
[  5, 23851] loss: 0.33865
[  5, 23901] loss: 0.30614
[  5, 23951] loss: 0.36980
[  5, 24001] loss: 0.37499
[  5, 24051] loss: 0.35607
[  5, 24101] loss: 0.23755
[  5, 24151] loss: 0.34772
[  5, 24201] loss: 0.28672
[  5, 24251] loss: 0.26873
[  5, 24301] loss: 0.28052
[  5, 24351] loss: 0.35784
[  5, 24401] loss: 0.31342
[  5, 24451] loss: 0.28303
[  5, 24501] loss: 0.32822
[  5, 24551] loss: 0.31749
[  5, 24601] loss: 0.25412
[  5, 24651] loss: 0.28158
[  5, 24701] loss: 0.28944
[  5, 24751] loss: 0.39642
[  5, 24801] loss: 0.23316
[  5, 24851] loss: 0.25366
[  5, 24901] loss: 0.43927
[  5, 24951] loss: 0.37522
Finished training
Accuracy on train: 0.93220
Accuracy on test: 0.64106
