{'word_context': 5, 'word_embed_size': 300, 'word_conv_units': 300, 'hidden_units': 1000, 'dropout': False, 'batch_size': 50}
2482
train set done
test set done
[  1,     1] loss: 0.85243
[  1,    51] loss: 7.41518
[  1,   101] loss: 0.67767
[  1,   151] loss: 0.74167
[  1,   201] loss: 0.91556
[  1,   251] loss: 0.99608
[  1,   301] loss: 0.72975
[  1,   351] loss: 0.68741
[  1,   401] loss: 0.71054
[  1,   451] loss: 0.72357
[  1,   501] loss: 0.70846
[  1,   551] loss: 0.69165
[  1,   601] loss: 0.68852
[  1,   651] loss: 0.74226
[  1,   701] loss: 0.73062
[  1,   751] loss: 0.71120
[  1,   801] loss: 0.67500
[  1,   851] loss: 0.72240
[  1,   901] loss: 0.69560
[  1,   951] loss: 0.70214
[  1,  1001] loss: 0.69969
[  1,  1051] loss: 0.69331
[  1,  1101] loss: 0.68969
[  1,  1151] loss: 0.66557
[  1,  1201] loss: 0.72704
[  1,  1251] loss: 0.69148
[  1,  1301] loss: 0.68629
[  1,  1351] loss: 0.69103
[  1,  1401] loss: 0.68923
[  1,  1451] loss: 0.65477
[  1,  1501] loss: 0.82348
[  1,  1551] loss: 0.68835
[  1,  1601] loss: 0.68902
[  1,  1651] loss: 0.68084
[  1,  1701] loss: 0.73010
[  1,  1751] loss: 0.66944
[  1,  1801] loss: 0.70467
[  1,  1851] loss: 0.69735
[  1,  1901] loss: 0.68774
[  1,  1951] loss: 0.69449
[  1,  2001] loss: 0.69202
[  1,  2051] loss: 0.68169
[  1,  2101] loss: 0.71080
[  1,  2151] loss: 0.68837
[  1,  2201] loss: 0.67463
[  1,  2251] loss: 0.69284
[  1,  2301] loss: 0.68724
[  1,  2351] loss: 0.68548
[  1,  2401] loss: 0.68637
[  1,  2451] loss: 0.68400
[  1,  2501] loss: 0.68535
[  1,  2551] loss: 0.68805
[  1,  2601] loss: 0.67668
[  1,  2651] loss: 0.74973
[  1,  2701] loss: 0.70225
[  1,  2751] loss: 0.70745
[  1,  2801] loss: 0.68591
[  1,  2851] loss: 0.68835
[  1,  2901] loss: 0.68019
[  1,  2951] loss: 0.67889
[  1,  3001] loss: 0.69643
[  1,  3051] loss: 0.67394
[  1,  3101] loss: 0.67647
[  1,  3151] loss: 0.69179
[  1,  3201] loss: 0.68250
[  1,  3251] loss: 0.68032
[  1,  3301] loss: 0.70233
[  1,  3351] loss: 0.67942
[  1,  3401] loss: 0.67925
[  1,  3451] loss: 0.67494
[  1,  3501] loss: 0.67328
[  1,  3551] loss: 0.68545
[  1,  3601] loss: 0.68484
[  1,  3651] loss: 0.68622
[  1,  3701] loss: 0.70585
[  1,  3751] loss: 0.70013
[  1,  3801] loss: 0.71468
[  1,  3851] loss: 0.69925
[  1,  3901] loss: 0.68019
[  1,  3951] loss: 0.68101
[  1,  4001] loss: 0.72281
[  1,  4051] loss: 0.67784
[  1,  4101] loss: 0.70393
[  1,  4151] loss: 0.67495
[  1,  4201] loss: 0.67036
[  1,  4251] loss: 0.67377
[  1,  4301] loss: 0.67431
[  1,  4351] loss: 0.69708
[  1,  4401] loss: 0.66839
[  1,  4451] loss: 0.64417
[  1,  4501] loss: 0.67135
[  1,  4551] loss: 0.69510
[  1,  4601] loss: 0.71714
[  1,  4651] loss: 0.68391
[  1,  4701] loss: 0.71755
[  1,  4751] loss: 0.68586
[  1,  4801] loss: 0.69323
[  1,  4851] loss: 0.68348
[  1,  4901] loss: 0.66652
[  1,  4951] loss: 0.66759
[  1,  5001] loss: 0.66025
[  1,  5051] loss: 0.66180
[  1,  5101] loss: 0.68107
[  1,  5151] loss: 0.72251
[  1,  5201] loss: 0.69251
[  1,  5251] loss: 0.70201
[  1,  5301] loss: 0.66973
[  1,  5351] loss: 0.69309
[  1,  5401] loss: 0.67224
[  1,  5451] loss: 0.67786
[  1,  5501] loss: 0.66266
[  1,  5551] loss: 0.66839
[  1,  5601] loss: 0.67595
[  1,  5651] loss: 0.62865
[  1,  5701] loss: 0.68714
[  1,  5751] loss: 0.79328
[  1,  5801] loss: 0.67609
[  1,  5851] loss: 0.67065
[  1,  5901] loss: 0.70956
[  1,  5951] loss: 0.71318
[  1,  6001] loss: 0.67489
[  1,  6051] loss: 0.63410
[  1,  6101] loss: 0.72296
[  1,  6151] loss: 0.67649
[  1,  6201] loss: 0.68097
[  1,  6251] loss: 0.68147
[  1,  6301] loss: 0.69687
[  1,  6351] loss: 0.68023
[  1,  6401] loss: 0.67552
[  1,  6451] loss: 0.68481
[  1,  6501] loss: 0.67835
[  1,  6551] loss: 0.66650
[  1,  6601] loss: 0.65594
[  1,  6651] loss: 0.65238
[  1,  6701] loss: 0.70159
[  1,  6751] loss: 0.67310
[  1,  6801] loss: 0.67294
[  1,  6851] loss: 0.70597
[  1,  6901] loss: 0.66383
[  1,  6951] loss: 0.64465
[  1,  7001] loss: 0.66191
[  1,  7051] loss: 0.76343
[  1,  7101] loss: 0.72097
[  1,  7151] loss: 0.67729
[  1,  7201] loss: 0.74502
[  1,  7251] loss: 0.66781
[  1,  7301] loss: 0.68633
[  1,  7351] loss: 0.64523
[  1,  7401] loss: 0.68409
[  1,  7451] loss: 0.66915
[  1,  7501] loss: 0.67026
[  1,  7551] loss: 0.66268
[  1,  7601] loss: 0.63432
[  1,  7651] loss: 0.68627
[  1,  7701] loss: 0.68638
[  1,  7751] loss: 0.68347
[  1,  7801] loss: 0.69847
[  1,  7851] loss: 0.69214
[  1,  7901] loss: 0.64721
[  1,  7951] loss: 0.64695
[  1,  8001] loss: 0.76553
[  1,  8051] loss: 0.66699
[  1,  8101] loss: 0.69603
[  1,  8151] loss: 0.70275
[  1,  8201] loss: 0.65364
[  1,  8251] loss: 0.66718
[  1,  8301] loss: 0.65223
[  1,  8351] loss: 0.67188
[  1,  8401] loss: 0.67439
[  1,  8451] loss: 0.65551
[  1,  8501] loss: 0.67426
[  1,  8551] loss: 0.66749
[  1,  8601] loss: 0.68079
[  1,  8651] loss: 0.67071
[  1,  8701] loss: 0.65738
[  1,  8751] loss: 0.68090
[  1,  8801] loss: 0.67569
[  1,  8851] loss: 0.66282
[  1,  8901] loss: 0.67660
[  1,  8951] loss: 0.65837
[  1,  9001] loss: 0.64390
[  1,  9051] loss: 0.70101
[  1,  9101] loss: 0.64889
[  1,  9151] loss: 0.66994
[  1,  9201] loss: 0.66091
[  1,  9251] loss: 0.68906
[  1,  9301] loss: 0.76615
[  1,  9351] loss: 0.68635
[  1,  9401] loss: 0.71372
[  1,  9451] loss: 0.70528
[  1,  9501] loss: 0.66289
[  1,  9551] loss: 0.68048
[  1,  9601] loss: 0.64405
[  1,  9651] loss: 0.65499
[  1,  9701] loss: 0.67872
[  1,  9751] loss: 0.67354
[  1,  9801] loss: 0.63939
[  1,  9851] loss: 0.62790
[  1,  9901] loss: 0.81074
[  1,  9951] loss: 0.75758
[  1, 10001] loss: 0.69204
[  1, 10051] loss: 0.70391
[  1, 10101] loss: 0.66612
[  1, 10151] loss: 0.69336
[  1, 10201] loss: 0.72820
[  1, 10251] loss: 0.67119
[  1, 10301] loss: 0.66914
[  1, 10351] loss: 0.66637
[  1, 10401] loss: 0.67071
[  1, 10451] loss: 0.65696
[  1, 10501] loss: 0.66521
[  1, 10551] loss: 0.63641
[  1, 10601] loss: 0.67734
[  1, 10651] loss: 0.66764
[  1, 10701] loss: 0.67903
[  1, 10751] loss: 0.69277
[  1, 10801] loss: 0.69010
[  1, 10851] loss: 0.69659
[  1, 10901] loss: 0.66792
[  1, 10951] loss: 0.63882
[  1, 11001] loss: 0.74376
[  1, 11051] loss: 0.66402
[  1, 11101] loss: 0.67145
[  1, 11151] loss: 0.71443
[  1, 11201] loss: 0.70573
[  1, 11251] loss: 0.68213
[  1, 11301] loss: 0.67068
[  1, 11351] loss: 0.65958
[  1, 11401] loss: 0.62213
[  1, 11451] loss: 0.68380
[  1, 11501] loss: 0.67662
[  1, 11551] loss: 0.65143
[  1, 11601] loss: 0.63646
[  1, 11651] loss: 0.70467
[  1, 11701] loss: 0.67442
[  1, 11751] loss: 0.65269
[  1, 11801] loss: 0.62902
[  1, 11851] loss: 0.67756
[  1, 11901] loss: 0.66361
[  1, 11951] loss: 0.64723
[  1, 12001] loss: 0.65249
[  1, 12051] loss: 0.66196
[  1, 12101] loss: 0.62154
[  1, 12151] loss: 0.68621
[  1, 12201] loss: 0.77629
[  1, 12251] loss: 0.70951
[  1, 12301] loss: 0.66254
[  1, 12351] loss: 0.63951
[  1, 12401] loss: 0.69457
[  1, 12451] loss: 0.72057
[  1, 12501] loss: 0.62792
[  1, 12551] loss: 0.65656
[  1, 12601] loss: 0.63954
[  1, 12651] loss: 0.65578
[  1, 12701] loss: 0.68553
[  1, 12751] loss: 0.68456
[  1, 12801] loss: 0.63833
[  1, 12851] loss: 0.68312
[  1, 12901] loss: 0.66572
[  1, 12951] loss: 0.65807
[  1, 13001] loss: 0.63862
[  1, 13051] loss: 0.66634
[  1, 13101] loss: 0.69513
[  1, 13151] loss: 0.63390
[  1, 13201] loss: 0.68904
[  1, 13251] loss: 0.69239
[  1, 13301] loss: 0.63503
[  1, 13351] loss: 0.69924
[  1, 13401] loss: 0.73546
[  1, 13451] loss: 0.68069
[  1, 13501] loss: 0.66488
[  1, 13551] loss: 0.64334
[  1, 13601] loss: 0.64707
[  1, 13651] loss: 0.65731
[  1, 13701] loss: 0.64704
[  1, 13751] loss: 0.61897
[  1, 13801] loss: 0.73251
[  1, 13851] loss: 0.84750
[  1, 13901] loss: 0.68744
[  1, 13951] loss: 0.68503
[  1, 14001] loss: 0.65740
[  1, 14051] loss: 0.67008
[  1, 14101] loss: 0.66940
[  1, 14151] loss: 0.71740
[  1, 14201] loss: 0.61675
[  1, 14251] loss: 0.63076
[  1, 14301] loss: 0.64157
[  1, 14351] loss: 0.63242
[  1, 14401] loss: 0.63455
[  1, 14451] loss: 0.66190
[  1, 14501] loss: 0.65303
[  1, 14551] loss: 0.64397
[  1, 14601] loss: 0.72739
[  1, 14651] loss: 0.69701
[  1, 14701] loss: 0.64630
[  1, 14751] loss: 0.67650
[  1, 14801] loss: 0.64266
[  1, 14851] loss: 0.64487
[  1, 14901] loss: 0.65685
[  1, 14951] loss: 0.64504
[  1, 15001] loss: 0.66526
[  1, 15051] loss: 0.64468
[  1, 15101] loss: 0.63671
[  1, 15151] loss: 0.65053
[  1, 15201] loss: 0.64024
[  1, 15251] loss: 0.65793
[  1, 15301] loss: 0.64109
[  1, 15351] loss: 0.72411
[  1, 15401] loss: 0.76300
[  1, 15451] loss: 0.65687
[  1, 15501] loss: 0.65110
[  1, 15551] loss: 0.79665
[  1, 15601] loss: 0.64267
[  1, 15651] loss: 0.62869
[  1, 15701] loss: 0.65802
[  1, 15751] loss: 0.66313
[  1, 15801] loss: 0.63335
[  1, 15851] loss: 0.66773
[  1, 15901] loss: 0.64171
[  1, 15951] loss: 0.67835
[  1, 16001] loss: 0.65696
[  1, 16051] loss: 0.66168
[  1, 16101] loss: 0.74408
[  1, 16151] loss: 0.71021
[  1, 16201] loss: 0.66750
[  1, 16251] loss: 0.64430
[  1, 16301] loss: 0.66376
[  1, 16351] loss: 0.74793
[  1, 16401] loss: 0.63826
[  1, 16451] loss: 0.68706
[  1, 16501] loss: 0.62748
[  1, 16551] loss: 0.63294
[  1, 16601] loss: 0.64940
[  1, 16651] loss: 0.66014
[  1, 16701] loss: 0.68171
[  1, 16751] loss: 0.68336
[  1, 16801] loss: 0.69357
[  1, 16851] loss: 0.63658
[  1, 16901] loss: 0.64413
[  1, 16951] loss: 0.65723
[  1, 17001] loss: 0.66433
[  1, 17051] loss: 0.68661
[  1, 17101] loss: 0.67378
[  1, 17151] loss: 0.70903
[  1, 17201] loss: 0.62261
[  1, 17251] loss: 0.63100
[  1, 17301] loss: 0.69767
[  1, 17351] loss: 0.66108
[  1, 17401] loss: 0.63794
[  1, 17451] loss: 0.66177
[  1, 17501] loss: 0.64377
[  1, 17551] loss: 0.62761
[  1, 17601] loss: 0.62648
[  1, 17651] loss: 0.65458
[  1, 17701] loss: 0.63030
[  1, 17751] loss: 0.61424
[  1, 17801] loss: 0.59814
[  1, 17851] loss: 0.68662
[  1, 17901] loss: 0.65217
[  1, 17951] loss: 0.91862
[  1, 18001] loss: 0.66654
[  1, 18051] loss: 0.63721
[  1, 18101] loss: 0.66956
[  1, 18151] loss: 0.69815
[  1, 18201] loss: 0.67916
[  1, 18251] loss: 0.64720
[  1, 18301] loss: 0.64124
[  1, 18351] loss: 0.66313
[  1, 18401] loss: 0.68899
[  1, 18451] loss: 0.64990
[  1, 18501] loss: 0.67221
[  1, 18551] loss: 0.65926
[  1, 18601] loss: 0.66880
[  1, 18651] loss: 0.80868
[  1, 18701] loss: 0.66032
[  1, 18751] loss: 0.62873
[  1, 18801] loss: 0.71330
[  1, 18851] loss: 0.74400
[  1, 18901] loss: 0.67552
[  1, 18951] loss: 0.64285
[  1, 19001] loss: 0.65568
[  1, 19051] loss: 0.64855
[  1, 19101] loss: 0.64972
[  1, 19151] loss: 0.67121
[  1, 19201] loss: 0.68993
[  1, 19251] loss: 0.64922
[  1, 19301] loss: 0.67890
[  1, 19351] loss: 0.63878
[  1, 19401] loss: 0.64415
[  1, 19451] loss: 0.64030
[  1, 19501] loss: 0.68323
[  1, 19551] loss: 0.70876
[  1, 19601] loss: 0.66730
[  1, 19651] loss: 0.66178
[  1, 19701] loss: 0.63532
[  1, 19751] loss: 0.63080
[  1, 19801] loss: 0.61735
[  1, 19851] loss: 0.69019
[  1, 19901] loss: 0.70279
[  1, 19951] loss: 0.65585
[  1, 20001] loss: 0.63777
[  1, 20051] loss: 0.66485
[  1, 20101] loss: 0.67609
[  1, 20151] loss: 0.67033
[  1, 20201] loss: 0.65108
[  1, 20251] loss: 0.65612
[  1, 20301] loss: 0.68751
[  1, 20351] loss: 0.63438
[  1, 20401] loss: 0.64758
[  1, 20451] loss: 0.67113
[  1, 20501] loss: 0.73174
[  1, 20551] loss: 0.65431
[  1, 20601] loss: 0.63841
[  1, 20651] loss: 0.67482
[  1, 20701] loss: 0.63204
[  1, 20751] loss: 0.62966
[  1, 20801] loss: 0.71947
[  1, 20851] loss: 0.66518
[  1, 20901] loss: 0.68111
[  1, 20951] loss: 0.66369
[  1, 21001] loss: 0.64708
[  1, 21051] loss: 0.64282
[  1, 21101] loss: 0.66941
[  1, 21151] loss: 0.62668
[  1, 21201] loss: 0.66363
[  1, 21251] loss: 0.68432
[  1, 21301] loss: 0.64832
[  1, 21351] loss: 0.64036
[  1, 21401] loss: 0.66018
[  1, 21451] loss: 0.66547
[  1, 21501] loss: 0.66434
[  1, 21551] loss: 0.65691
[  1, 21601] loss: 0.63720
[  1, 21651] loss: 0.65059
[  1, 21701] loss: 0.62333
[  1, 21751] loss: 0.58138
[  1, 21801] loss: 0.70618
[  1, 21851] loss: 0.67609
[  1, 21901] loss: 0.69987
[  1, 21951] loss: 0.67969
[  1, 22001] loss: 0.65328
[  1, 22051] loss: 0.67431
[  1, 22101] loss: 0.66680
[  1, 22151] loss: 0.60974
[  1, 22201] loss: 0.68882
[  1, 22251] loss: 0.63266
[  1, 22301] loss: 0.67353
[  1, 22351] loss: 0.68372
[  1, 22401] loss: 0.66900
[  1, 22451] loss: 0.66340
[  1, 22501] loss: 0.65353
[  1, 22551] loss: 0.67937
[  1, 22601] loss: 0.65638
[  1, 22651] loss: 0.64200
[  1, 22701] loss: 0.69478
[  1, 22751] loss: 0.69355
[  1, 22801] loss: 0.66973
[  1, 22851] loss: 0.66844
[  1, 22901] loss: 0.66455
[  1, 22951] loss: 0.68584
[  1, 23001] loss: 0.67157
[  1, 23051] loss: 0.63366
[  1, 23101] loss: 0.70416
[  1, 23151] loss: 0.68617
[  1, 23201] loss: 0.74505
[  1, 23251] loss: 0.70594
[  1, 23301] loss: 0.66917
[  1, 23351] loss: 0.64398
[  1, 23401] loss: 0.70958
[  1, 23451] loss: 0.63562
[  1, 23501] loss: 0.64662
[  1, 23551] loss: 0.66307
[  1, 23601] loss: 0.65717
[  1, 23651] loss: 0.69723
[  1, 23701] loss: 0.67441
[  1, 23751] loss: 0.62832
[  1, 23801] loss: 0.67030
[  1, 23851] loss: 0.65022
[  1, 23901] loss: 0.63593
[  1, 23951] loss: 0.69757
[  1, 24001] loss: 0.68093
[  1, 24051] loss: 0.63542
[  1, 24101] loss: 0.60893
[  1, 24151] loss: 0.62272
[  1, 24201] loss: 0.71042
[  1, 24251] loss: 0.62595
[  1, 24301] loss: 0.65636
[  1, 24351] loss: 0.65404
[  1, 24401] loss: 0.62664
[  1, 24451] loss: 0.67894
[  1, 24501] loss: 0.64102
[  1, 24551] loss: 0.66628
[  1, 24601] loss: 0.64062
[  1, 24651] loss: 0.69903
[  1, 24701] loss: 0.68059
[  1, 24751] loss: 0.66307
[  1, 24801] loss: 0.65125
[  1, 24851] loss: 0.62144
[  1, 24901] loss: 0.61361
[  1, 24951] loss: 0.71550
[  2,     1] loss: 0.67156
[  2,    51] loss: 0.67155
[  2,   101] loss: 0.59955
[  2,   151] loss: 0.66152
[  2,   201] loss: 0.67165
[  2,   251] loss: 0.64713
[  2,   301] loss: 0.62822
[  2,   351] loss: 0.67623
[  2,   401] loss: 0.64948
[  2,   451] loss: 0.66111
[  2,   501] loss: 0.67456
[  2,   551] loss: 0.62362
[  2,   601] loss: 0.66864
[  2,   651] loss: 0.69953
[  2,   701] loss: 0.67160
[  2,   751] loss: 0.67686
[  2,   801] loss: 0.65506
[  2,   851] loss: 0.70768
[  2,   901] loss: 0.65675
[  2,   951] loss: 0.68087
[  2,  1001] loss: 0.65671
[  2,  1051] loss: 0.66208
[  2,  1101] loss: 0.61613
[  2,  1151] loss: 0.62038
[  2,  1201] loss: 0.64533
[  2,  1251] loss: 0.60235
[  2,  1301] loss: 0.58029
[  2,  1351] loss: 0.68678
[  2,  1401] loss: 0.67344
[  2,  1451] loss: 0.56330
[  2,  1501] loss: 0.78292
[  2,  1551] loss: 0.60991
[  2,  1601] loss: 0.64082
[  2,  1651] loss: 0.62823
[  2,  1701] loss: 0.68604
[  2,  1751] loss: 0.67640
[  2,  1801] loss: 0.70133
[  2,  1851] loss: 0.66751
[  2,  1901] loss: 0.66812
[  2,  1951] loss: 0.67197
[  2,  2001] loss: 0.63349
[  2,  2051] loss: 0.60889
[  2,  2101] loss: 0.68770
[  2,  2151] loss: 0.66468
[  2,  2201] loss: 0.61693
[  2,  2251] loss: 0.66637
[  2,  2301] loss: 0.60403
[  2,  2351] loss: 0.62626
[  2,  2401] loss: 0.63377
[  2,  2451] loss: 0.66440
[  2,  2501] loss: 0.65141
[  2,  2551] loss: 0.66487
[  2,  2601] loss: 0.61160
[  2,  2651] loss: 0.70369
[  2,  2701] loss: 0.71996
[  2,  2751] loss: 0.71662
[  2,  2801] loss: 0.64726
[  2,  2851] loss: 0.68994
[  2,  2901] loss: 0.62398
[  2,  2951] loss: 0.63253
[  2,  3001] loss: 0.69232
[  2,  3051] loss: 0.62388
[  2,  3101] loss: 0.64027
[  2,  3151] loss: 0.66423
[  2,  3201] loss: 0.65293
[  2,  3251] loss: 0.67011
[  2,  3301] loss: 0.68699
[  2,  3351] loss: 0.66809
[  2,  3401] loss: 0.64176
[  2,  3451] loss: 0.65244
[  2,  3501] loss: 0.63437
[  2,  3551] loss: 0.65183
[  2,  3601] loss: 0.64490
[  2,  3651] loss: 0.63854
[  2,  3701] loss: 0.64024
[  2,  3751] loss: 0.65766
[  2,  3801] loss: 0.68622
[  2,  3851] loss: 0.69576
[  2,  3901] loss: 0.63912
[  2,  3951] loss: 0.67277
[  2,  4001] loss: 0.67543
[  2,  4051] loss: 0.65800
[  2,  4101] loss: 0.70194
[  2,  4151] loss: 0.65227
[  2,  4201] loss: 0.64438
[  2,  4251] loss: 0.64883
[  2,  4301] loss: 0.63162
[  2,  4351] loss: 0.68723
[  2,  4401] loss: 0.63609
[  2,  4451] loss: 0.62665
[  2,  4501] loss: 0.65039
[  2,  4551] loss: 0.64817
[  2,  4601] loss: 0.65034
[  2,  4651] loss: 0.63815
[  2,  4701] loss: 0.71179
[  2,  4751] loss: 0.67748
[  2,  4801] loss: 0.70236
[  2,  4851] loss: 0.65884
[  2,  4901] loss: 0.62185
[  2,  4951] loss: 0.63291
[  2,  5001] loss: 0.63257
[  2,  5051] loss: 0.62902
[  2,  5101] loss: 0.64605
[  2,  5151] loss: 0.68990
[  2,  5201] loss: 0.64433
[  2,  5251] loss: 0.71982
[  2,  5301] loss: 0.64732
[  2,  5351] loss: 0.69334
[  2,  5401] loss: 0.62920
[  2,  5451] loss: 0.63896
[  2,  5501] loss: 0.61492
[  2,  5551] loss: 0.61592
[  2,  5601] loss: 0.64754
[  2,  5651] loss: 0.59711
[  2,  5701] loss: 0.68200
[  2,  5751] loss: 0.68828
[  2,  5801] loss: 0.64463
[  2,  5851] loss: 0.62488
[  2,  5901] loss: 0.70814
[  2,  5951] loss: 0.67559
[  2,  6001] loss: 0.64359
[  2,  6051] loss: 0.61123
[  2,  6101] loss: 0.70203
[  2,  6151] loss: 0.64703
[  2,  6201] loss: 0.65398
[  2,  6251] loss: 0.64949
[  2,  6301] loss: 0.70078
[  2,  6351] loss: 0.65366
[  2,  6401] loss: 0.65957
[  2,  6451] loss: 0.66104
[  2,  6501] loss: 0.64439
[  2,  6551] loss: 0.61615
[  2,  6601] loss: 0.65020
[  2,  6651] loss: 0.63153
[  2,  6701] loss: 0.64793
[  2,  6751] loss: 0.63533
[  2,  6801] loss: 0.62676
[  2,  6851] loss: 0.65185
[  2,  6901] loss: 0.60910
[  2,  6951] loss: 0.56801
[  2,  7001] loss: 0.64571
[  2,  7051] loss: 0.65461
[  2,  7101] loss: 0.67550
[  2,  7151] loss: 0.68416
[  2,  7201] loss: 0.82111
[  2,  7251] loss: 0.64917
[  2,  7301] loss: 0.68583
[  2,  7351] loss: 0.60956
[  2,  7401] loss: 0.68923
[  2,  7451] loss: 0.62001
[  2,  7501] loss: 0.63694
[  2,  7551] loss: 0.63428
[  2,  7601] loss: 0.59906
[  2,  7651] loss: 0.67792
[  2,  7701] loss: 0.69115
[  2,  7751] loss: 0.69847
[  2,  7801] loss: 0.69584
[  2,  7851] loss: 0.69450
[  2,  7901] loss: 0.60297
[  2,  7951] loss: 0.63785
[  2,  8001] loss: 0.75346
[  2,  8051] loss: 0.60809
[  2,  8101] loss: 0.68021
[  2,  8151] loss: 0.65290
[  2,  8201] loss: 0.60524
[  2,  8251] loss: 0.67236
[  2,  8301] loss: 0.66526
[  2,  8351] loss: 0.64757
[  2,  8401] loss: 0.71073
[  2,  8451] loss: 0.64870
[  2,  8501] loss: 0.69034
[  2,  8551] loss: 0.65483
[  2,  8601] loss: 0.68157
[  2,  8651] loss: 0.62380
[  2,  8701] loss: 0.65324
[  2,  8751] loss: 0.68818
[  2,  8801] loss: 0.63872
[  2,  8851] loss: 0.64806
[  2,  8901] loss: 0.67544
[  2,  8951] loss: 0.66551
[  2,  9001] loss: 0.65872
[  2,  9051] loss: 0.72438
[  2,  9101] loss: 0.63916
[  2,  9151] loss: 0.69537
[  2,  9201] loss: 0.66636
[  2,  9251] loss: 0.62004
[  2,  9301] loss: 0.67085
[  2,  9351] loss: 0.64616
[  2,  9401] loss: 0.73514
[  2,  9451] loss: 0.65186
[  2,  9501] loss: 0.63850
[  2,  9551] loss: 0.69126
[  2,  9601] loss: 0.62018
[  2,  9651] loss: 0.65085
[  2,  9701] loss: 0.67843
[  2,  9751] loss: 0.67809
[  2,  9801] loss: 0.63221
[  2,  9851] loss: 0.61265
[  2,  9901] loss: 0.73986
[  2,  9951] loss: 0.71033
[  2, 10001] loss: 0.70148
[  2, 10051] loss: 0.71530
[  2, 10101] loss: 0.63524
[  2, 10151] loss: 0.67177
[  2, 10201] loss: 0.71250
[  2, 10251] loss: 0.63991
[  2, 10301] loss: 0.64549
[  2, 10351] loss: 0.64458
[  2, 10401] loss: 0.67802
[  2, 10451] loss: 0.61194
[  2, 10501] loss: 0.68644
[  2, 10551] loss: 0.58351
[  2, 10601] loss: 0.66008
[  2, 10651] loss: 0.61245
[  2, 10701] loss: 0.67226
[  2, 10751] loss: 0.68694
[  2, 10801] loss: 0.68328
[  2, 10851] loss: 0.64095
[  2, 10901] loss: 0.66344
[  2, 10951] loss: 0.64583
[  2, 11001] loss: 0.70334
[  2, 11051] loss: 0.62751
[  2, 11101] loss: 0.66293
[  2, 11151] loss: 0.71715
[  2, 11201] loss: 0.70669
[  2, 11251] loss: 0.69543
[  2, 11301] loss: 0.68759
[  2, 11351] loss: 0.64197
[  2, 11401] loss: 0.61088
[  2, 11451] loss: 0.70799
[  2, 11501] loss: 0.63330
[  2, 11551] loss: 0.64395
[  2, 11601] loss: 0.62679
[  2, 11651] loss: 0.71368
[  2, 11701] loss: 0.64037
[  2, 11751] loss: 0.64915
[  2, 11801] loss: 0.62801
[  2, 11851] loss: 0.70119
[  2, 11901] loss: 0.66460
[  2, 11951] loss: 0.64504
[  2, 12001] loss: 0.66045
[  2, 12051] loss: 0.65266
[  2, 12101] loss: 0.63597
[  2, 12151] loss: 0.70999
[  2, 12201] loss: 0.68646
[  2, 12251] loss: 0.67984
[  2, 12301] loss: 0.65712
[  2, 12351] loss: 0.67020
[  2, 12401] loss: 0.69233
[  2, 12451] loss: 0.66484
[  2, 12501] loss: 0.64137
[  2, 12551] loss: 0.66258
[  2, 12601] loss: 0.65476
[  2, 12651] loss: 0.64902
[  2, 12701] loss: 0.68032
[  2, 12751] loss: 0.68917
[  2, 12801] loss: 0.63299
[  2, 12851] loss: 0.70191
[  2, 12901] loss: 0.64266
[  2, 12951] loss: 0.64397
[  2, 13001] loss: 0.65402
[  2, 13051] loss: 0.67501
[  2, 13101] loss: 0.68600
[  2, 13151] loss: 0.65227
[  2, 13201] loss: 0.65097
[  2, 13251] loss: 0.67452
[  2, 13301] loss: 0.61300
[  2, 13351] loss: 0.67993
[  2, 13401] loss: 0.70001
[  2, 13451] loss: 0.66345
[  2, 13501] loss: 0.66555
[  2, 13551] loss: 0.64819
[  2, 13601] loss: 0.64665
[  2, 13651] loss: 0.66524
[  2, 13701] loss: 0.63769
[  2, 13751] loss: 0.61255
[  2, 13801] loss: 0.75632
[  2, 13851] loss: 0.70077
[  2, 13901] loss: 0.67280
[  2, 13951] loss: 0.67189
[  2, 14001] loss: 0.62998
[  2, 14051] loss: 0.67829
[  2, 14101] loss: 0.66001
[  2, 14151] loss: 0.69013
[  2, 14201] loss: 0.62032
[  2, 14251] loss: 0.60965
[  2, 14301] loss: 0.64071
[  2, 14351] loss: 0.63426
[  2, 14401] loss: 0.63861
[  2, 14451] loss: 0.63950
[  2, 14501] loss: 0.65327
[  2, 14551] loss: 0.66571
[  2, 14601] loss: 0.70013
[  2, 14651] loss: 0.64342
[  2, 14701] loss: 0.64101
[  2, 14751] loss: 0.65461
[  2, 14801] loss: 0.62471
[  2, 14851] loss: 0.65383
[  2, 14901] loss: 0.68130
[  2, 14951] loss: 0.65351
[  2, 15001] loss: 0.67950
[  2, 15051] loss: 0.64889
[  2, 15101] loss: 0.65133
[  2, 15151] loss: 0.64718
[  2, 15201] loss: 0.69162
[  2, 15251] loss: 0.68420
[  2, 15301] loss: 0.65738
[  2, 15351] loss: 0.73000
[  2, 15401] loss: 0.64958
[  2, 15451] loss: 0.65835
[  2, 15501] loss: 0.66695
[  2, 15551] loss: 0.70119
[  2, 15601] loss: 0.63511
[  2, 15651] loss: 0.63809
[  2, 15701] loss: 0.65775
[  2, 15751] loss: 0.68223
[  2, 15801] loss: 0.64775
[  2, 15851] loss: 0.70101
[  2, 15901] loss: 0.66098
[  2, 15951] loss: 0.68250
[  2, 16001] loss: 0.67649
[  2, 16051] loss: 0.67113
[  2, 16101] loss: 0.68236
[  2, 16151] loss: 0.65100
[  2, 16201] loss: 0.62594
[  2, 16251] loss: 0.65988
[  2, 16301] loss: 0.64914
[  2, 16351] loss: 0.73932
[  2, 16401] loss: 0.65516
[  2, 16451] loss: 0.67878
[  2, 16501] loss: 0.66892
[  2, 16551] loss: 0.64539
[  2, 16601] loss: 0.65763
[  2, 16651] loss: 0.67219
[  2, 16701] loss: 0.64462
[  2, 16751] loss: 0.68716
[  2, 16801] loss: 0.67993
[  2, 16851] loss: 0.61893
[  2, 16901] loss: 0.65371
[  2, 16951] loss: 0.65465
[  2, 17001] loss: 0.67599
[  2, 17051] loss: 0.72344
[  2, 17101] loss: 0.66317
[  2, 17151] loss: 0.68125
[  2, 17201] loss: 0.62471
[  2, 17251] loss: 0.62791
[  2, 17301] loss: 0.69638
[  2, 17351] loss: 0.65725
[  2, 17401] loss: 0.64043
[  2, 17451] loss: 0.67920
[  2, 17501] loss: 0.64808
[  2, 17551] loss: 0.65602
[  2, 17601] loss: 0.64191
[  2, 17651] loss: 0.66343
[  2, 17701] loss: 0.64574
[  2, 17751] loss: 0.62770
[  2, 17801] loss: 0.63748
[  2, 17851] loss: 0.67710
[  2, 17901] loss: 0.67165
[  2, 17951] loss: 0.70768
[  2, 18001] loss: 0.63581
[  2, 18051] loss: 0.63587
[  2, 18101] loss: 0.63668
[  2, 18151] loss: 0.66158
[  2, 18201] loss: 0.66608
[  2, 18251] loss: 0.65978
[  2, 18301] loss: 0.61554
[  2, 18351] loss: 0.60503
[  2, 18401] loss: 0.72691
[  2, 18451] loss: 0.64767
[  2, 18501] loss: 0.68733
[  2, 18551] loss: 0.67177
[  2, 18601] loss: 0.67500
[  2, 18651] loss: 0.70075
[  2, 18701] loss: 0.64864
[  2, 18751] loss: 0.61924
[  2, 18801] loss: 0.68017
[  2, 18851] loss: 0.72122
[  2, 18901] loss: 0.66667
[  2, 18951] loss: 0.64562
[  2, 19001] loss: 0.66499
[  2, 19051] loss: 0.65892
[  2, 19101] loss: 0.64815
[  2, 19151] loss: 0.66357
[  2, 19201] loss: 0.66466
[  2, 19251] loss: 0.64131
[  2, 19301] loss: 0.64910
[  2, 19351] loss: 0.62633
[  2, 19401] loss: 0.62443
[  2, 19451] loss: 0.64725
[  2, 19501] loss: 0.69225
[  2, 19551] loss: 0.69504
[  2, 19601] loss: 0.67384
[  2, 19651] loss: 0.67438
[  2, 19701] loss: 0.65159
[  2, 19751] loss: 0.61949
[  2, 19801] loss: 0.61193
[  2, 19851] loss: 0.70262
[  2, 19901] loss: 0.62468
[  2, 19951] loss: 0.65319
[  2, 20001] loss: 0.66020
[  2, 20051] loss: 0.70377
[  2, 20101] loss: 0.67049
[  2, 20151] loss: 0.63015
[  2, 20201] loss: 0.65705
[  2, 20251] loss: 0.62799
[  2, 20301] loss: 0.69457
[  2, 20351] loss: 0.61666
[  2, 20401] loss: 0.66969
[  2, 20451] loss: 0.63871
[  2, 20501] loss: 0.71889
[  2, 20551] loss: 0.66617
[  2, 20601] loss: 0.64753
[  2, 20651] loss: 0.67449
[  2, 20701] loss: 0.60944
[  2, 20751] loss: 0.61127
[  2, 20801] loss: 0.69647
[  2, 20851] loss: 0.64238
[  2, 20901] loss: 0.70312
[  2, 20951] loss: 0.63392
[  2, 21001] loss: 0.65408
[  2, 21051] loss: 0.64245
[  2, 21101] loss: 0.65833
[  2, 21151] loss: 0.64222
[  2, 21201] loss: 0.66055
[  2, 21251] loss: 0.67996
[  2, 21301] loss: 0.65324
[  2, 21351] loss: 0.62220
[  2, 21401] loss: 0.66638
[  2, 21451] loss: 0.68796
[  2, 21501] loss: 0.67416
[  2, 21551] loss: 0.63083
[  2, 21601] loss: 0.63407
[  2, 21651] loss: 0.65447
[  2, 21701] loss: 0.63998
[  2, 21751] loss: 0.59252
[  2, 21801] loss: 0.69380
[  2, 21851] loss: 0.67248
[  2, 21901] loss: 0.68472
[  2, 21951] loss: 0.67676
[  2, 22001] loss: 0.66014
[  2, 22051] loss: 0.65443
[  2, 22101] loss: 0.67353
[  2, 22151] loss: 0.60608
[  2, 22201] loss: 0.68066
[  2, 22251] loss: 0.62244
[  2, 22301] loss: 0.67983
[  2, 22351] loss: 0.66227
[  2, 22401] loss: 0.65584
[  2, 22451] loss: 0.66424
[  2, 22501] loss: 0.67453
[  2, 22551] loss: 0.66332
[  2, 22601] loss: 0.66506
[  2, 22651] loss: 0.64745
[  2, 22701] loss: 0.71725
[  2, 22751] loss: 0.71048
[  2, 22801] loss: 0.68303
[  2, 22851] loss: 0.65467
[  2, 22901] loss: 0.68978
[  2, 22951] loss: 0.67707
[  2, 23001] loss: 0.69336
[  2, 23051] loss: 0.63255
[  2, 23101] loss: 0.72809
[  2, 23151] loss: 0.67651
[  2, 23201] loss: 0.66724
[  2, 23251] loss: 0.68312
[  2, 23301] loss: 0.68466
[  2, 23351] loss: 0.65728
[  2, 23401] loss: 0.68619
[  2, 23451] loss: 0.62662
[  2, 23501] loss: 0.63655
[  2, 23551] loss: 0.66922
[  2, 23601] loss: 0.66918
[  2, 23651] loss: 0.68261
[  2, 23701] loss: 0.66782
[  2, 23751] loss: 0.60988
[  2, 23801] loss: 0.66561
[  2, 23851] loss: 0.65392
[  2, 23901] loss: 0.63965
[  2, 23951] loss: 0.71723
[  2, 24001] loss: 0.67333
[  2, 24051] loss: 0.61173
[  2, 24101] loss: 0.59970
[  2, 24151] loss: 0.62993
[  2, 24201] loss: 0.70090
[  2, 24251] loss: 0.63631
[  2, 24301] loss: 0.65901
[  2, 24351] loss: 0.63915
[  2, 24401] loss: 0.62043
[  2, 24451] loss: 0.66411
[  2, 24501] loss: 0.61910
[  2, 24551] loss: 0.67154
[  2, 24601] loss: 0.65133
[  2, 24651] loss: 0.72074
[  2, 24701] loss: 0.68778
[  2, 24751] loss: 0.65056
[  2, 24801] loss: 0.65925
[  2, 24851] loss: 0.61582
[  2, 24901] loss: 0.61768
[  2, 24951] loss: 0.73855
[  3,     1] loss: 0.63519
[  3,    51] loss: 0.66190
[  3,   101] loss: 0.58074
[  3,   151] loss: 0.67196
[  3,   201] loss: 0.65505
[  3,   251] loss: 0.65758
[  3,   301] loss: 0.65003
[  3,   351] loss: 0.69433
[  3,   401] loss: 0.66722
[  3,   451] loss: 0.63899
[  3,   501] loss: 0.67819
[  3,   551] loss: 0.61915
[  3,   601] loss: 0.65577
[  3,   651] loss: 0.70499
[  3,   701] loss: 0.65476
[  3,   751] loss: 0.66607
[  3,   801] loss: 0.64942
[  3,   851] loss: 0.71886
[  3,   901] loss: 0.66917
[  3,   951] loss: 0.68596
[  3,  1001] loss: 0.62331
[  3,  1051] loss: 0.66761
[  3,  1101] loss: 0.61719
[  3,  1151] loss: 0.62886
[  3,  1201] loss: 0.62077
[  3,  1251] loss: 0.58868
[  3,  1301] loss: 0.56180
[  3,  1351] loss: 0.67469
[  3,  1401] loss: 0.66375
[  3,  1451] loss: 0.58682
[  3,  1501] loss: 0.71589
[  3,  1551] loss: 0.59630
[  3,  1601] loss: 0.63829
[  3,  1651] loss: 0.65393
[  3,  1701] loss: 0.65658
[  3,  1751] loss: 0.66773
[  3,  1801] loss: 0.69293
[  3,  1851] loss: 0.67418
[  3,  1901] loss: 0.67810
[  3,  1951] loss: 0.69480
[  3,  2001] loss: 0.64173
[  3,  2051] loss: 0.60664
[  3,  2101] loss: 0.68383
[  3,  2151] loss: 0.66807
[  3,  2201] loss: 0.63160
[  3,  2251] loss: 0.64576
[  3,  2301] loss: 0.60658
[  3,  2351] loss: 0.62623
[  3,  2401] loss: 0.62706
[  3,  2451] loss: 0.66362
[  3,  2501] loss: 0.66378
[  3,  2551] loss: 0.66563
[  3,  2601] loss: 0.60691
[  3,  2651] loss: 0.68987
[  3,  2701] loss: 0.66624
[  3,  2751] loss: 0.71524
[  3,  2801] loss: 0.63347
[  3,  2851] loss: 0.70210
[  3,  2901] loss: 0.61389
[  3,  2951] loss: 0.62294
[  3,  3001] loss: 0.70156
[  3,  3051] loss: 0.61656
[  3,  3101] loss: 0.63876
[  3,  3151] loss: 0.68349
[  3,  3201] loss: 0.65750
[  3,  3251] loss: 0.66671
[  3,  3301] loss: 0.70298
[  3,  3351] loss: 0.67233
[  3,  3401] loss: 0.64878
[  3,  3451] loss: 0.64534
[  3,  3501] loss: 0.64909
[  3,  3551] loss: 0.65543
[  3,  3601] loss: 0.65039
[  3,  3651] loss: 0.65746
[  3,  3701] loss: 0.61130
[  3,  3751] loss: 0.65032
[  3,  3801] loss: 0.68771
[  3,  3851] loss: 0.67556
[  3,  3901] loss: 0.63698
[  3,  3951] loss: 0.68629
[  3,  4001] loss: 0.64592
[  3,  4051] loss: 0.67770
[  3,  4101] loss: 0.67560
[  3,  4151] loss: 0.65737
[  3,  4201] loss: 0.62753
[  3,  4251] loss: 0.64606
[  3,  4301] loss: 0.62825
[  3,  4351] loss: 0.69768
[  3,  4401] loss: 0.62971
[  3,  4451] loss: 0.62720
[  3,  4501] loss: 0.65412
[  3,  4551] loss: 0.63858
[  3,  4601] loss: 0.66228
[  3,  4651] loss: 0.63398
[  3,  4701] loss: 0.70329
[  3,  4751] loss: 0.64935
[  3,  4801] loss: 0.71555
[  3,  4851] loss: 0.65766
[  3,  4901] loss: 0.60140
[  3,  4951] loss: 0.63250
[  3,  5001] loss: 0.64507
[  3,  5051] loss: 0.61525
[  3,  5101] loss: 0.67028
[  3,  5151] loss: 0.67523
[  3,  5201] loss: 0.67111
[  3,  5251] loss: 0.71012
[  3,  5301] loss: 0.65828
[  3,  5351] loss: 0.70281
[  3,  5401] loss: 0.63214
[  3,  5451] loss: 0.63819
[  3,  5501] loss: 0.61855
[  3,  5551] loss: 0.62051
[  3,  5601] loss: 0.66654
[  3,  5651] loss: 0.60803
[  3,  5701] loss: 0.69277
[  3,  5751] loss: 0.68731
[  3,  5801] loss: 0.62547
[  3,  5851] loss: 0.61669
[  3,  5901] loss: 0.71588
[  3,  5951] loss: 0.64193
[  3,  6001] loss: 0.62113
[  3,  6051] loss: 0.61467
[  3,  6101] loss: 0.66471
[  3,  6151] loss: 0.65291
[  3,  6201] loss: 0.66662
[  3,  6251] loss: 0.64018
[  3,  6301] loss: 0.68035
[  3,  6351] loss: 0.66749
[  3,  6401] loss: 0.67086
[  3,  6451] loss: 0.65687
[  3,  6501] loss: 0.63518
[  3,  6551] loss: 0.63678
[  3,  6601] loss: 0.66632
[  3,  6651] loss: 0.63921
[  3,  6701] loss: 0.64993
[  3,  6751] loss: 0.64378
[  3,  6801] loss: 0.63575
[  3,  6851] loss: 0.65756
[  3,  6901] loss: 0.60795
[  3,  6951] loss: 0.56110
[  3,  7001] loss: 0.63842
[  3,  7051] loss: 0.62261
[  3,  7101] loss: 0.66827
[  3,  7151] loss: 0.71779
[  3,  7201] loss: 0.74599
[  3,  7251] loss: 0.64282
[  3,  7301] loss: 0.66674
[  3,  7351] loss: 0.62547
[  3,  7401] loss: 0.67553
[  3,  7451] loss: 0.61933
[  3,  7501] loss: 0.64391
[  3,  7551] loss: 0.63288
[  3,  7601] loss: 0.60656
[  3,  7651] loss: 0.67966
[  3,  7701] loss: 0.70118
[  3,  7751] loss: 0.71148
[  3,  7801] loss: 0.70083
[  3,  7851] loss: 0.69487
[  3,  7901] loss: 0.59782
[  3,  7951] loss: 0.64073
[  3,  8001] loss: 0.74404
[  3,  8051] loss: 0.60198
[  3,  8101] loss: 0.67416
[  3,  8151] loss: 0.65798
[  3,  8201] loss: 0.62175
[  3,  8251] loss: 0.67425
[  3,  8301] loss: 0.67303
[  3,  8351] loss: 0.65166
[  3,  8401] loss: 0.72028
[  3,  8451] loss: 0.64950
[  3,  8501] loss: 0.69757
[  3,  8551] loss: 0.65879
[  3,  8601] loss: 0.67967
[  3,  8651] loss: 0.61117
[  3,  8701] loss: 0.65940
[  3,  8751] loss: 0.68933
[  3,  8801] loss: 0.62704
[  3,  8851] loss: 0.64185
[  3,  8901] loss: 0.66676
[  3,  8951] loss: 0.67146
[  3,  9001] loss: 0.66022
[  3,  9051] loss: 0.73235
[  3,  9101] loss: 0.63333
[  3,  9151] loss: 0.69576
[  3,  9201] loss: 0.68169
[  3,  9251] loss: 0.62352
[  3,  9301] loss: 0.66400
[  3,  9351] loss: 0.64085
[  3,  9401] loss: 0.73463
[  3,  9451] loss: 0.64489
[  3,  9501] loss: 0.64057
[  3,  9551] loss: 0.71610
[  3,  9601] loss: 0.62626
[  3,  9651] loss: 0.67226
[  3,  9701] loss: 0.68485
[  3,  9751] loss: 0.67101
[  3,  9801] loss: 0.63960
[  3,  9851] loss: 0.59760
[  3,  9901] loss: 0.72319
[  3,  9951] loss: 0.70468
[  3, 10001] loss: 0.70659
[  3, 10051] loss: 0.71313
[  3, 10101] loss: 0.64480
[  3, 10151] loss: 0.68795
[  3, 10201] loss: 0.69371
[  3, 10251] loss: 0.64281
[  3, 10301] loss: 0.65341
[  3, 10351] loss: 0.64766
[  3, 10401] loss: 0.68854
[  3, 10451] loss: 0.62584
[  3, 10501] loss: 0.69047
[  3, 10551] loss: 0.57345
[  3, 10601] loss: 0.67098
[  3, 10651] loss: 0.61382
[  3, 10701] loss: 0.68057
[  3, 10751] loss: 0.68624
[  3, 10801] loss: 0.67595
[  3, 10851] loss: 0.62976
[  3, 10901] loss: 0.66120
[  3, 10951] loss: 0.65214
[  3, 11001] loss: 0.68389
[  3, 11051] loss: 0.63088
[  3, 11101] loss: 0.65627
[  3, 11151] loss: 0.71064
[  3, 11201] loss: 0.71441
[  3, 11251] loss: 0.70878
[  3, 11301] loss: 0.71315
[  3, 11351] loss: 0.64778
[  3, 11401] loss: 0.62341
[  3, 11451] loss: 0.71921
[  3, 11501] loss: 0.65043
[  3, 11551] loss: 0.65550
[  3, 11601] loss: 0.62644
[  3, 11651] loss: 0.72066
[  3, 11701] loss: 0.64900
[  3, 11751] loss: 0.65708
[  3, 11801] loss: 0.63724
[  3, 11851] loss: 0.68321
[  3, 11901] loss: 0.66282
[  3, 11951] loss: 0.66592
[  3, 12001] loss: 0.65703
[  3, 12051] loss: 0.66174
[  3, 12101] loss: 0.63009
[  3, 12151] loss: 0.70250
[  3, 12201] loss: 0.69499
[  3, 12251] loss: 0.69785
[  3, 12301] loss: 0.66928
[  3, 12351] loss: 0.67587
[  3, 12401] loss: 0.67281
[  3, 12451] loss: 0.65515
[  3, 12501] loss: 0.64413
[  3, 12551] loss: 0.65543
[  3, 12601] loss: 0.65420
[  3, 12651] loss: 0.64551
[  3, 12701] loss: 0.68244
[  3, 12751] loss: 0.70254
[  3, 12801] loss: 0.63490
[  3, 12851] loss: 0.70155
[  3, 12901] loss: 0.63864
[  3, 12951] loss: 0.64738
[  3, 13001] loss: 0.66447
[  3, 13051] loss: 0.66895
[  3, 13101] loss: 0.68373
[  3, 13151] loss: 0.65505
[  3, 13201] loss: 0.65376
[  3, 13251] loss: 0.66818
[  3, 13301] loss: 0.61477
[  3, 13351] loss: 0.68741
[  3, 13401] loss: 0.68304
[  3, 13451] loss: 0.67507
[  3, 13501] loss: 0.65887
[  3, 13551] loss: 0.66004
[  3, 13601] loss: 0.64811
[  3, 13651] loss: 0.67732
[  3, 13701] loss: 0.63624
[  3, 13751] loss: 0.61722
[  3, 13801] loss: 0.72799
[  3, 13851] loss: 0.69091
[  3, 13901] loss: 0.67057
[  3, 13951] loss: 0.68006
[  3, 14001] loss: 0.63589
[  3, 14051] loss: 0.67447
[  3, 14101] loss: 0.66792
[  3, 14151] loss: 0.68133
[  3, 14201] loss: 0.61330
[  3, 14251] loss: 0.60782
[  3, 14301] loss: 0.63901
[  3, 14351] loss: 0.63183
[  3, 14401] loss: 0.64067
[  3, 14451] loss: 0.64050
[  3, 14501] loss: 0.64487
[  3, 14551] loss: 0.66494
[  3, 14601] loss: 0.68658
[  3, 14651] loss: 0.64421
[  3, 14701] loss: 0.63908
[  3, 14751] loss: 0.65039
[  3, 14801] loss: 0.62175
[  3, 14851] loss: 0.65557
[  3, 14901] loss: 0.68823
[  3, 14951] loss: 0.65664
[  3, 15001] loss: 0.67726
[  3, 15051] loss: 0.64819
[  3, 15101] loss: 0.66382
[  3, 15151] loss: 0.65692
[  3, 15201] loss: 0.68944
[  3, 15251] loss: 0.68209
[  3, 15301] loss: 0.66286
[  3, 15351] loss: 0.70674
[  3, 15401] loss: 0.64580
[  3, 15451] loss: 0.65948
[  3, 15501] loss: 0.68199
[  3, 15551] loss: 0.70597
[  3, 15601] loss: 0.62888
[  3, 15651] loss: 0.64558
[  3, 15701] loss: 0.66676
[  3, 15751] loss: 0.67855
[  3, 15801] loss: 0.65611
[  3, 15851] loss: 0.70070
[  3, 15901] loss: 0.65828
[  3, 15951] loss: 0.68026
[  3, 16001] loss: 0.68705
[  3, 16051] loss: 0.66699
[  3, 16101] loss: 0.66424
[  3, 16151] loss: 0.64669
[  3, 16201] loss: 0.62227
[  3, 16251] loss: 0.65913
[  3, 16301] loss: 0.65441
[  3, 16351] loss: 0.72507
[  3, 16401] loss: 0.65945
[  3, 16451] loss: 0.67895
[  3, 16501] loss: 0.67942
[  3, 16551] loss: 0.65144
[  3, 16601] loss: 0.66555
[  3, 16651] loss: 0.68312
[  3, 16701] loss: 0.64183
[  3, 16751] loss: 0.68785
[  3, 16801] loss: 0.67844
[  3, 16851] loss: 0.61250
[  3, 16901] loss: 0.65374
[  3, 16951] loss: 0.65777
[  3, 17001] loss: 0.67720
[  3, 17051] loss: 0.71884
[  3, 17101] loss: 0.65154
[  3, 17151] loss: 0.69045
[  3, 17201] loss: 0.62554
[  3, 17251] loss: 0.63373
[  3, 17301] loss: 0.69638
[  3, 17351] loss: 0.66200
[  3, 17401] loss: 0.64806
[  3, 17451] loss: 0.67356
[  3, 17501] loss: 0.65232
[  3, 17551] loss: 0.65874
[  3, 17601] loss: 0.64601
[  3, 17651] loss: 0.66848
[  3, 17701] loss: 0.66350
[  3, 17751] loss: 0.62971
[  3, 17801] loss: 0.65014
[  3, 17851] loss: 0.67139
[  3, 17901] loss: 0.66782
[  3, 17951] loss: 0.68939
[  3, 18001] loss: 0.63795
[  3, 18051] loss: 0.63480
[  3, 18101] loss: 0.63530
[  3, 18151] loss: 0.66902
[  3, 18201] loss: 0.66856
[  3, 18251] loss: 0.65040
[  3, 18301] loss: 0.61058
[  3, 18351] loss: 0.61754
[  3, 18401] loss: 0.73289
[  3, 18451] loss: 0.65096
[  3, 18501] loss: 0.69020
[  3, 18551] loss: 0.67495
[  3, 18601] loss: 0.66462
[  3, 18651] loss: 0.68528
[  3, 18701] loss: 0.64355
[  3, 18751] loss: 0.62085
[  3, 18801] loss: 0.67518
[  3, 18851] loss: 0.71982
[  3, 18901] loss: 0.66389
[  3, 18951] loss: 0.64699
[  3, 19001] loss: 0.66560
[  3, 19051] loss: 0.66420
[  3, 19101] loss: 0.65472
[  3, 19151] loss: 0.65539
[  3, 19201] loss: 0.66574
[  3, 19251] loss: 0.64335
[  3, 19301] loss: 0.64490
[  3, 19351] loss: 0.62429
[  3, 19401] loss: 0.62406
[  3, 19451] loss: 0.65075
[  3, 19501] loss: 0.68158
[  3, 19551] loss: 0.68476
[  3, 19601] loss: 0.68731
[  3, 19651] loss: 0.68509
[  3, 19701] loss: 0.65843
[  3, 19751] loss: 0.62342
[  3, 19801] loss: 0.61927
[  3, 19851] loss: 0.69652
[  3, 19901] loss: 0.61146
[  3, 19951] loss: 0.66395
[  3, 20001] loss: 0.65981
[  3, 20051] loss: 0.70628
[  3, 20101] loss: 0.67026
[  3, 20151] loss: 0.62753
[  3, 20201] loss: 0.66105
[  3, 20251] loss: 0.63457
[  3, 20301] loss: 0.68841
[  3, 20351] loss: 0.61422
[  3, 20401] loss: 0.66938
[  3, 20451] loss: 0.63337
[  3, 20501] loss: 0.71696
[  3, 20551] loss: 0.66084
[  3, 20601] loss: 0.65123
[  3, 20651] loss: 0.67478
[  3, 20701] loss: 0.61481
[  3, 20751] loss: 0.61657
[  3, 20801] loss: 0.69102
[  3, 20851] loss: 0.63592
[  3, 20901] loss: 0.69823
[  3, 20951] loss: 0.62906
[  3, 21001] loss: 0.65301
[  3, 21051] loss: 0.64264
[  3, 21101] loss: 0.65543
[  3, 21151] loss: 0.65495
[  3, 21201] loss: 0.65614
[  3, 21251] loss: 0.68039
[  3, 21301] loss: 0.65532
[  3, 21351] loss: 0.62313
[  3, 21401] loss: 0.66544
[  3, 21451] loss: 0.69085
[  3, 21501] loss: 0.67061
[  3, 21551] loss: 0.62968
[  3, 21601] loss: 0.63452
[  3, 21651] loss: 0.65565
[  3, 21701] loss: 0.63667
[  3, 21751] loss: 0.59286
[  3, 21801] loss: 0.69494
[  3, 21851] loss: 0.67301
[  3, 21901] loss: 0.67887
[  3, 21951] loss: 0.68076
[  3, 22001] loss: 0.65449
[  3, 22051] loss: 0.64727
[  3, 22101] loss: 0.67765
[  3, 22151] loss: 0.60419
[  3, 22201] loss: 0.67976
[  3, 22251] loss: 0.61856
[  3, 22301] loss: 0.67611
[  3, 22351] loss: 0.65882
[  3, 22401] loss: 0.65240
[  3, 22451] loss: 0.66230
[  3, 22501] loss: 0.67403
[  3, 22551] loss: 0.66727
[  3, 22601] loss: 0.66427
[  3, 22651] loss: 0.64248
[  3, 22701] loss: 0.71542
[  3, 22751] loss: 0.71122
[  3, 22801] loss: 0.68181
[  3, 22851] loss: 0.65797
[  3, 22901] loss: 0.68994
[  3, 22951] loss: 0.67868
[  3, 23001] loss: 0.69831
[  3, 23051] loss: 0.63334
[  3, 23101] loss: 0.72686
[  3, 23151] loss: 0.67610
[  3, 23201] loss: 0.65711
[  3, 23251] loss: 0.67671
[  3, 23301] loss: 0.68052
[  3, 23351] loss: 0.65951
[  3, 23401] loss: 0.67310
[  3, 23451] loss: 0.62871
[  3, 23501] loss: 0.63753
[  3, 23551] loss: 0.67096
[  3, 23601] loss: 0.67324
[  3, 23651] loss: 0.68596
[  3, 23701] loss: 0.66358
[  3, 23751] loss: 0.61144
[  3, 23801] loss: 0.66388
[  3, 23851] loss: 0.65751
[  3, 23901] loss: 0.63695
[  3, 23951] loss: 0.71338
[  3, 24001] loss: 0.67222
[  3, 24051] loss: 0.60162
[  3, 24101] loss: 0.59114
[  3, 24151] loss: 0.63088
[  3, 24201] loss: 0.69810
[  3, 24251] loss: 0.63370
[  3, 24301] loss: 0.66407
[  3, 24351] loss: 0.63425
[  3, 24401] loss: 0.61634
[  3, 24451] loss: 0.65707
[  3, 24501] loss: 0.61351
[  3, 24551] loss: 0.66857
[  3, 24601] loss: 0.64999
[  3, 24651] loss: 0.71328
[  3, 24701] loss: 0.68678
[  3, 24751] loss: 0.64991
[  3, 24801] loss: 0.65933
[  3, 24851] loss: 0.61012
[  3, 24901] loss: 0.61185
[  3, 24951] loss: 0.73484
[  4,     1] loss: 0.63670
[  4,    51] loss: 0.65795
[  4,   101] loss: 0.58432
[  4,   151] loss: 0.67615
[  4,   201] loss: 0.65333
[  4,   251] loss: 0.65887
[  4,   301] loss: 0.64875
[  4,   351] loss: 0.69548
[  4,   401] loss: 0.67186
[  4,   451] loss: 0.63421
[  4,   501] loss: 0.68310
[  4,   551] loss: 0.61198
[  4,   601] loss: 0.65630
[  4,   651] loss: 0.70483
[  4,   701] loss: 0.64749
[  4,   751] loss: 0.66117
[  4,   801] loss: 0.65273
[  4,   851] loss: 0.71116
[  4,   901] loss: 0.66724
[  4,   951] loss: 0.68763
[  4,  1001] loss: 0.62654
[  4,  1051] loss: 0.66925
[  4,  1101] loss: 0.61422
[  4,  1151] loss: 0.63325
[  4,  1201] loss: 0.61283
[  4,  1251] loss: 0.59034
[  4,  1301] loss: 0.56265
[  4,  1351] loss: 0.67580
[  4,  1401] loss: 0.67015
[  4,  1451] loss: 0.58487
[  4,  1501] loss: 0.70437
[  4,  1551] loss: 0.59209
[  4,  1601] loss: 0.63395
[  4,  1651] loss: 0.66323
[  4,  1701] loss: 0.64031
[  4,  1751] loss: 0.66199
[  4,  1801] loss: 0.68989
[  4,  1851] loss: 0.68236
[  4,  1901] loss: 0.67912
[  4,  1951] loss: 0.70244
[  4,  2001] loss: 0.64591
[  4,  2051] loss: 0.60478
[  4,  2101] loss: 0.68183
[  4,  2151] loss: 0.66792
[  4,  2201] loss: 0.63512
[  4,  2251] loss: 0.64416
[  4,  2301] loss: 0.59249
[  4,  2351] loss: 0.63389
[  4,  2401] loss: 0.63453
[  4,  2451] loss: 0.65962
[  4,  2501] loss: 0.66210
[  4,  2551] loss: 0.66154
[  4,  2601] loss: 0.60218
[  4,  2651] loss: 0.68115
[  4,  2701] loss: 0.66438
[  4,  2751] loss: 0.71980
[  4,  2801] loss: 0.63806
[  4,  2851] loss: 0.70131
[  4,  2901] loss: 0.62030
[  4,  2951] loss: 0.62622
[  4,  3001] loss: 0.70038
[  4,  3051] loss: 0.61742
[  4,  3101] loss: 0.63677
[  4,  3151] loss: 0.68075
[  4,  3201] loss: 0.66089
[  4,  3251] loss: 0.66572
[  4,  3301] loss: 0.70089
[  4,  3351] loss: 0.67249
[  4,  3401] loss: 0.65084
[  4,  3451] loss: 0.64612
[  4,  3501] loss: 0.64836
[  4,  3551] loss: 0.65170
[  4,  3601] loss: 0.65276
[  4,  3651] loss: 0.65289
[  4,  3701] loss: 0.60604
[  4,  3751] loss: 0.64823
[  4,  3801] loss: 0.67655
[  4,  3851] loss: 0.67530
[  4,  3901] loss: 0.63357
[  4,  3951] loss: 0.68202
[  4,  4001] loss: 0.64699
[  4,  4051] loss: 0.67610
[  4,  4101] loss: 0.67892
[  4,  4151] loss: 0.66139
[  4,  4201] loss: 0.62793
[  4,  4251] loss: 0.65023
[  4,  4301] loss: 0.62799
[  4,  4351] loss: 0.69580
[  4,  4401] loss: 0.62097
[  4,  4451] loss: 0.62813
[  4,  4501] loss: 0.65688
[  4,  4551] loss: 0.64677
[  4,  4601] loss: 0.65646
[  4,  4651] loss: 0.63617
[  4,  4701] loss: 0.70147
[  4,  4751] loss: 0.64211
[  4,  4801] loss: 0.71389
[  4,  4851] loss: 0.66060
[  4,  4901] loss: 0.60094
[  4,  4951] loss: 0.63891
[  4,  5001] loss: 0.64926
[  4,  5051] loss: 0.61247
[  4,  5101] loss: 0.66972
[  4,  5151] loss: 0.67701
[  4,  5201] loss: 0.67338
[  4,  5251] loss: 0.70937
[  4,  5301] loss: 0.66009
[  4,  5351] loss: 0.70229
[  4,  5401] loss: 0.63690
[  4,  5451] loss: 0.64074
[  4,  5501] loss: 0.61719
[  4,  5551] loss: 0.62478
[  4,  5601] loss: 0.66871
[  4,  5651] loss: 0.61323
[  4,  5701] loss: 0.69144
[  4,  5751] loss: 0.68566
[  4,  5801] loss: 0.61832
[  4,  5851] loss: 0.61709
[  4,  5901] loss: 0.70387
[  4,  5951] loss: 0.63808
[  4,  6001] loss: 0.62008
[  4,  6051] loss: 0.61293
[  4,  6101] loss: 0.66139
[  4,  6151] loss: 0.65473
[  4,  6201] loss: 0.66138
[  4,  6251] loss: 0.63230
[  4,  6301] loss: 0.67453
[  4,  6351] loss: 0.66504
[  4,  6401] loss: 0.67364
[  4,  6451] loss: 0.65330
[  4,  6501] loss: 0.63815
[  4,  6551] loss: 0.63836
[  4,  6601] loss: 0.66419
[  4,  6651] loss: 0.63948
[  4,  6701] loss: 0.65010
[  4,  6751] loss: 0.64742
[  4,  6801] loss: 0.63750
[  4,  6851] loss: 0.65660
[  4,  6901] loss: 0.60414
[  4,  6951] loss: 0.55880
[  4,  7001] loss: 0.64195
[  4,  7051] loss: 0.61672
[  4,  7101] loss: 0.66243
[  4,  7151] loss: 0.72739
[  4,  7201] loss: 0.72630
[  4,  7251] loss: 0.64563
[  4,  7301] loss: 0.66560
[  4,  7351] loss: 0.62623
[  4,  7401] loss: 0.67399
[  4,  7451] loss: 0.61256
[  4,  7501] loss: 0.63851
[  4,  7551] loss: 0.63210
[  4,  7601] loss: 0.60187
[  4,  7651] loss: 0.68100
[  4,  7701] loss: 0.70124
[  4,  7751] loss: 0.71364
[  4,  7801] loss: 0.70228
[  4,  7851] loss: 0.69981
[  4,  7901] loss: 0.59703
[  4,  7951] loss: 0.64292
[  4,  8001] loss: 0.74420
[  4,  8051] loss: 0.60193
[  4,  8101] loss: 0.67293
[  4,  8151] loss: 0.65186
[  4,  8201] loss: 0.62044
[  4,  8251] loss: 0.67462
[  4,  8301] loss: 0.67882
[  4,  8351] loss: 0.64474
[  4,  8401] loss: 0.72052
[  4,  8451] loss: 0.64825
[  4,  8501] loss: 0.70157
[  4,  8551] loss: 0.65969
[  4,  8601] loss: 0.68183
[  4,  8651] loss: 0.61392
[  4,  8701] loss: 0.65442
[  4,  8751] loss: 0.69049
[  4,  8801] loss: 0.62786
[  4,  8851] loss: 0.64685
[  4,  8901] loss: 0.66878
[  4,  8951] loss: 0.67411
[  4,  9001] loss: 0.66499
[  4,  9051] loss: 0.72541
[  4,  9101] loss: 0.63240
[  4,  9151] loss: 0.69633
[  4,  9201] loss: 0.68380
[  4,  9251] loss: 0.61996
[  4,  9301] loss: 0.66192
[  4,  9351] loss: 0.63711
[  4,  9401] loss: 0.72912
[  4,  9451] loss: 0.64667
[  4,  9501] loss: 0.64433
[  4,  9551] loss: 0.71800
[  4,  9601] loss: 0.62500
[  4,  9651] loss: 0.67409
[  4,  9701] loss: 0.68639
[  4,  9751] loss: 0.66978
[  4,  9801] loss: 0.63943
[  4,  9851] loss: 0.59810
[  4,  9901] loss: 0.72193
[  4,  9951] loss: 0.70416
[  4, 10001] loss: 0.70518
[  4, 10051] loss: 0.71969
[  4, 10101] loss: 0.64184
[  4, 10151] loss: 0.68567
[  4, 10201] loss: 0.68657
[  4, 10251] loss: 0.64251
[  4, 10301] loss: 0.65519
[  4, 10351] loss: 0.64753
[  4, 10401] loss: 0.69180
[  4, 10451] loss: 0.62396
[  4, 10501] loss: 0.69003
[  4, 10551] loss: 0.56774
[  4, 10601] loss: 0.66772
[  4, 10651] loss: 0.61405
[  4, 10701] loss: 0.68356
[  4, 10751] loss: 0.69097
[  4, 10801] loss: 0.67304
[  4, 10851] loss: 0.62537
[  4, 10901] loss: 0.65865
[  4, 10951] loss: 0.65207
[  4, 11001] loss: 0.68192
[  4, 11051] loss: 0.62685
[  4, 11101] loss: 0.65257
[  4, 11151] loss: 0.71201
[  4, 11201] loss: 0.71384
[  4, 11251] loss: 0.70895
[  4, 11301] loss: 0.71679
[  4, 11351] loss: 0.65299
[  4, 11401] loss: 0.62357
[  4, 11451] loss: 0.71902
[  4, 11501] loss: 0.64919
[  4, 11551] loss: 0.65182
[  4, 11601] loss: 0.62761
[  4, 11651] loss: 0.73074
[  4, 11701] loss: 0.65090
[  4, 11751] loss: 0.65469
[  4, 11801] loss: 0.63959
[  4, 11851] loss: 0.68781
[  4, 11901] loss: 0.66136
[  4, 11951] loss: 0.66763
[  4, 12001] loss: 0.65784
[  4, 12051] loss: 0.65720
[  4, 12101] loss: 0.62104
[  4, 12151] loss: 0.70065
[  4, 12201] loss: 0.69609
[  4, 12251] loss: 0.69931
[  4, 12301] loss: 0.67157
[  4, 12351] loss: 0.67908
[  4, 12401] loss: 0.67187
[  4, 12451] loss: 0.65531
[  4, 12501] loss: 0.64927
[  4, 12551] loss: 0.65588
[  4, 12601] loss: 0.65779
[  4, 12651] loss: 0.64399
[  4, 12701] loss: 0.68483
[  4, 12751] loss: 0.71192
[  4, 12801] loss: 0.62897
[  4, 12851] loss: 0.70335
[  4, 12901] loss: 0.63809
[  4, 12951] loss: 0.64650
[  4, 13001] loss: 0.66637
[  4, 13051] loss: 0.66748
[  4, 13101] loss: 0.67906
[  4, 13151] loss: 0.64915
[  4, 13201] loss: 0.64584
[  4, 13251] loss: 0.66575
[  4, 13301] loss: 0.61723
[  4, 13351] loss: 0.68960
[  4, 13401] loss: 0.67227
[  4, 13451] loss: 0.67940
[  4, 13501] loss: 0.65836
[  4, 13551] loss: 0.66014
[  4, 13601] loss: 0.64441
[  4, 13651] loss: 0.68239
[  4, 13701] loss: 0.63189
[  4, 13751] loss: 0.61278
[  4, 13801] loss: 0.72735
[  4, 13851] loss: 0.68412
[  4, 13901] loss: 0.66780
[  4, 13951] loss: 0.68428
[  4, 14001] loss: 0.63626
[  4, 14051] loss: 0.67630
[  4, 14101] loss: 0.66750
[  4, 14151] loss: 0.67995
[  4, 14201] loss: 0.61350
[  4, 14251] loss: 0.60662
[  4, 14301] loss: 0.63787
[  4, 14351] loss: 0.62665
[  4, 14401] loss: 0.63639
[  4, 14451] loss: 0.63881
[  4, 14501] loss: 0.63922
[  4, 14551] loss: 0.66804
[  4, 14601] loss: 0.68777
[  4, 14651] loss: 0.64197
[  4, 14701] loss: 0.63656
[  4, 14751] loss: 0.64742
[  4, 14801] loss: 0.61946
[  4, 14851] loss: 0.65510
[  4, 14901] loss: 0.68524
[  4, 14951] loss: 0.65286
[  4, 15001] loss: 0.67527
[  4, 15051] loss: 0.64830
[  4, 15101] loss: 0.66286
[  4, 15151] loss: 0.65475
[  4, 15201] loss: 0.69064
[  4, 15251] loss: 0.68589
[  4, 15301] loss: 0.66328
[  4, 15351] loss: 0.69709
[  4, 15401] loss: 0.64159
[  4, 15451] loss: 0.66059
[  4, 15501] loss: 0.67998
[  4, 15551] loss: 0.71209
[  4, 15601] loss: 0.62299
[  4, 15651] loss: 0.64562
[  4, 15701] loss: 0.67236
[  4, 15751] loss: 0.67761
[  4, 15801] loss: 0.65416
[  4, 15851] loss: 0.69870
[  4, 15901] loss: 0.65231
[  4, 15951] loss: 0.68041
[  4, 16001] loss: 0.68667
[  4, 16051] loss: 0.66707
[  4, 16101] loss: 0.65672
[  4, 16151] loss: 0.64837
[  4, 16201] loss: 0.62026
[  4, 16251] loss: 0.65844
[  4, 16301] loss: 0.65325
[  4, 16351] loss: 0.72302
[  4, 16401] loss: 0.65682
[  4, 16451] loss: 0.68015
[  4, 16501] loss: 0.67922
[  4, 16551] loss: 0.65087
[  4, 16601] loss: 0.66866
[  4, 16651] loss: 0.67851
[  4, 16701] loss: 0.64775
[  4, 16751] loss: 0.69613
[  4, 16801] loss: 0.68131
[  4, 16851] loss: 0.61393
[  4, 16901] loss: 0.65464
[  4, 16951] loss: 0.65601
[  4, 17001] loss: 0.67322
[  4, 17051] loss: 0.71584
[  4, 17101] loss: 0.64762
[  4, 17151] loss: 0.68745
[  4, 17201] loss: 0.62247
[  4, 17251] loss: 0.63424
[  4, 17301] loss: 0.69570
[  4, 17351] loss: 0.66323
[  4, 17401] loss: 0.64532
[  4, 17451] loss: 0.67337
[  4, 17501] loss: 0.65258
[  4, 17551] loss: 0.65266
[  4, 17601] loss: 0.65116
[  4, 17651] loss: 0.66501
[  4, 17701] loss: 0.66564
[  4, 17751] loss: 0.62779
[  4, 17801] loss: 0.64731
[  4, 17851] loss: 0.67497
[  4, 17901] loss: 0.66649
[  4, 17951] loss: 0.68411
[  4, 18001] loss: 0.64132
[  4, 18051] loss: 0.62984
[  4, 18101] loss: 0.63739
[  4, 18151] loss: 0.67372
[  4, 18201] loss: 0.66901
[  4, 18251] loss: 0.64736
[  4, 18301] loss: 0.60972
[  4, 18351] loss: 0.61285
[  4, 18401] loss: 0.73579
[  4, 18451] loss: 0.65400
[  4, 18501] loss: 0.69416
[  4, 18551] loss: 0.67500
[  4, 18601] loss: 0.65755
[  4, 18651] loss: 0.68769
[  4, 18701] loss: 0.63993
[  4, 18751] loss: 0.61848
[  4, 18801] loss: 0.67196
[  4, 18851] loss: 0.71533
[  4, 18901] loss: 0.66079
[  4, 18951] loss: 0.64617
[  4, 19001] loss: 0.66457
[  4, 19051] loss: 0.66633
[  4, 19101] loss: 0.65698
[  4, 19151] loss: 0.65329
[  4, 19201] loss: 0.66469
[  4, 19251] loss: 0.64165
[  4, 19301] loss: 0.64747
[  4, 19351] loss: 0.62460
[  4, 19401] loss: 0.62575
[  4, 19451] loss: 0.65170
[  4, 19501] loss: 0.67622
[  4, 19551] loss: 0.68360
[  4, 19601] loss: 0.68484
[  4, 19651] loss: 0.68693
[  4, 19701] loss: 0.66017
[  4, 19751] loss: 0.62694
[  4, 19801] loss: 0.62335
[  4, 19851] loss: 0.68953
[  4, 19901] loss: 0.61605
[  4, 19951] loss: 0.66091
[  4, 20001] loss: 0.65519
[  4, 20051] loss: 0.70709
[  4, 20101] loss: 0.67482
[  4, 20151] loss: 0.63279
[  4, 20201] loss: 0.65943
[  4, 20251] loss: 0.63156
[  4, 20301] loss: 0.68453
[  4, 20351] loss: 0.60866
[  4, 20401] loss: 0.66801
[  4, 20451] loss: 0.62388
[  4, 20501] loss: 0.71319
[  4, 20551] loss: 0.66333
[  4, 20601] loss: 0.64958
[  4, 20651] loss: 0.67032
[  4, 20701] loss: 0.61629
[  4, 20751] loss: 0.61819
[  4, 20801] loss: 0.68623
[  4, 20851] loss: 0.63603
[  4, 20901] loss: 0.69792
[  4, 20951] loss: 0.62608
[  4, 21001] loss: 0.65102
[  4, 21051] loss: 0.64223
[  4, 21101] loss: 0.65183
[  4, 21151] loss: 0.65320
[  4, 21201] loss: 0.65246
[  4, 21251] loss: 0.67524
[  4, 21301] loss: 0.64756
[  4, 21351] loss: 0.62278
[  4, 21401] loss: 0.66120
[  4, 21451] loss: 0.68369
[  4, 21501] loss: 0.66858
[  4, 21551] loss: 0.62921
[  4, 21601] loss: 0.63522
[  4, 21651] loss: 0.65099
[  4, 21701] loss: 0.63338
[  4, 21751] loss: 0.59452
[  4, 21801] loss: 0.68846
[  4, 21851] loss: 0.67042
[  4, 21901] loss: 0.67937
[  4, 21951] loss: 0.68032
[  4, 22001] loss: 0.64762
[  4, 22051] loss: 0.65019
[  4, 22101] loss: 0.67018
[  4, 22151] loss: 0.60284
[  4, 22201] loss: 0.67436
[  4, 22251] loss: 0.62063
[  4, 22301] loss: 0.67345
[  4, 22351] loss: 0.65038
[  4, 22401] loss: 0.65357
[  4, 22451] loss: 0.66004
[  4, 22501] loss: 0.67257
[  4, 22551] loss: 0.66964
[  4, 22601] loss: 0.66471
[  4, 22651] loss: 0.63834
[  4, 22701] loss: 0.71781
[  4, 22751] loss: 0.71022
[  4, 22801] loss: 0.68084
[  4, 22851] loss: 0.65533
[  4, 22901] loss: 0.68943
[  4, 22951] loss: 0.67352
[  4, 23001] loss: 0.69824
[  4, 23051] loss: 0.63181
[  4, 23101] loss: 0.72604
[  4, 23151] loss: 0.67692
[  4, 23201] loss: 0.64989
[  4, 23251] loss: 0.67255
[  4, 23301] loss: 0.67682
[  4, 23351] loss: 0.65882
[  4, 23401] loss: 0.66943
[  4, 23451] loss: 0.62219
[  4, 23501] loss: 0.63188
[  4, 23551] loss: 0.67739
[  4, 23601] loss: 0.67040
[  4, 23651] loss: 0.68016
[  4, 23701] loss: 0.66205
[  4, 23751] loss: 0.60572
[  4, 23801] loss: 0.66239
[  4, 23851] loss: 0.65612
[  4, 23901] loss: 0.62881
[  4, 23951] loss: 0.71135
[  4, 24001] loss: 0.67032
[  4, 24051] loss: 0.59032
[  4, 24101] loss: 0.58463
[  4, 24151] loss: 0.62369
[  4, 24201] loss: 0.69684
[  4, 24251] loss: 0.62557
[  4, 24301] loss: 0.66251
[  4, 24351] loss: 0.63459
[  4, 24401] loss: 0.61473
[  4, 24451] loss: 0.64974
[  4, 24501] loss: 0.61132
[  4, 24551] loss: 0.67140
[  4, 24601] loss: 0.64684
[  4, 24651] loss: 0.71167
[  4, 24701] loss: 0.68195
[  4, 24751] loss: 0.64339
[  4, 24801] loss: 0.66535
[  4, 24851] loss: 0.61122
[  4, 24901] loss: 0.60935
[  4, 24951] loss: 0.73573
[  5,     1] loss: 0.65464
[  5,    51] loss: 0.65638
[  5,   101] loss: 0.57963
[  5,   151] loss: 0.66914
[  5,   201] loss: 0.66141
[  5,   251] loss: 0.66075
[  5,   301] loss: 0.64515
[  5,   351] loss: 0.68127
[  5,   401] loss: 0.67467
[  5,   451] loss: 0.63081
[  5,   501] loss: 0.67826
[  5,   551] loss: 0.60236
[  5,   601] loss: 0.65337
[  5,   651] loss: 0.70500
[  5,   701] loss: 0.64124
[  5,   751] loss: 0.65231
[  5,   801] loss: 0.65528
[  5,   851] loss: 0.71879
[  5,   901] loss: 0.66860
[  5,   951] loss: 0.68697
[  5,  1001] loss: 0.62722
[  5,  1051] loss: 0.66385
[  5,  1101] loss: 0.60988
[  5,  1151] loss: 0.63799
[  5,  1201] loss: 0.60246
[  5,  1251] loss: 0.59075
[  5,  1301] loss: 0.55610
[  5,  1351] loss: 0.67767
[  5,  1401] loss: 0.67224
[  5,  1451] loss: 0.58662
[  5,  1501] loss: 0.69183
[  5,  1551] loss: 0.58561
[  5,  1601] loss: 0.63362
[  5,  1651] loss: 0.66076
[  5,  1701] loss: 0.63362
[  5,  1751] loss: 0.65852
[  5,  1801] loss: 0.69235
[  5,  1851] loss: 0.67888
[  5,  1901] loss: 0.68023
[  5,  1951] loss: 0.69937
[  5,  2001] loss: 0.64031
[  5,  2051] loss: 0.59864
[  5,  2101] loss: 0.67535
[  5,  2151] loss: 0.66664
[  5,  2201] loss: 0.63303
[  5,  2251] loss: 0.64358
[  5,  2301] loss: 0.59540
[  5,  2351] loss: 0.63324
[  5,  2401] loss: 0.63276
[  5,  2451] loss: 0.65506
[  5,  2501] loss: 0.66137
[  5,  2551] loss: 0.66060
[  5,  2601] loss: 0.60066
[  5,  2651] loss: 0.68211
[  5,  2701] loss: 0.66257
[  5,  2751] loss: 0.72238
[  5,  2801] loss: 0.63321
[  5,  2851] loss: 0.70555
[  5,  2901] loss: 0.61556
[  5,  2951] loss: 0.62269
[  5,  3001] loss: 0.69867
[  5,  3051] loss: 0.60988
[  5,  3101] loss: 0.63604
[  5,  3151] loss: 0.67947
[  5,  3201] loss: 0.65585
[  5,  3251] loss: 0.66498
[  5,  3301] loss: 0.70079
[  5,  3351] loss: 0.67364
[  5,  3401] loss: 0.64757
[  5,  3451] loss: 0.64211
[  5,  3501] loss: 0.65141
[  5,  3551] loss: 0.65520
[  5,  3601] loss: 0.64767
[  5,  3651] loss: 0.65057
[  5,  3701] loss: 0.60395
[  5,  3751] loss: 0.64361
[  5,  3801] loss: 0.67298
[  5,  3851] loss: 0.67046
[  5,  3901] loss: 0.63321
[  5,  3951] loss: 0.68141
[  5,  4001] loss: 0.64502
[  5,  4051] loss: 0.67361
[  5,  4101] loss: 0.67681
[  5,  4151] loss: 0.65789
[  5,  4201] loss: 0.63140
[  5,  4251] loss: 0.64709
[  5,  4301] loss: 0.61931
[  5,  4351] loss: 0.69322
[  5,  4401] loss: 0.62006
[  5,  4451] loss: 0.62874
[  5,  4501] loss: 0.65852
[  5,  4551] loss: 0.65400
[  5,  4601] loss: 0.64429
[  5,  4651] loss: 0.63461
[  5,  4701] loss: 0.69904
[  5,  4751] loss: 0.64379
[  5,  4801] loss: 0.71601
[  5,  4851] loss: 0.65670
[  5,  4901] loss: 0.59189
[  5,  4951] loss: 0.63085
[  5,  5001] loss: 0.65225
[  5,  5051] loss: 0.60679
[  5,  5101] loss: 0.66765
[  5,  5151] loss: 0.67561
[  5,  5201] loss: 0.67024
[  5,  5251] loss: 0.71400
[  5,  5301] loss: 0.65707
[  5,  5351] loss: 0.69625
[  5,  5401] loss: 0.63434
[  5,  5451] loss: 0.63925
[  5,  5501] loss: 0.60925
[  5,  5551] loss: 0.62747
[  5,  5601] loss: 0.65521
[  5,  5651] loss: 0.60883
[  5,  5701] loss: 0.68688
[  5,  5751] loss: 0.68400
[  5,  5801] loss: 0.61480
[  5,  5851] loss: 0.61727
[  5,  5901] loss: 0.69734
[  5,  5951] loss: 0.64280
[  5,  6001] loss: 0.61574
[  5,  6051] loss: 0.60178
[  5,  6101] loss: 0.64844
[  5,  6151] loss: 0.65631
[  5,  6201] loss: 0.65718
[  5,  6251] loss: 0.63640
[  5,  6301] loss: 0.66864
[  5,  6351] loss: 0.66132
[  5,  6401] loss: 0.66840
[  5,  6451] loss: 0.64584
[  5,  6501] loss: 0.63769
[  5,  6551] loss: 0.63620
[  5,  6601] loss: 0.65907
[  5,  6651] loss: 0.63884
[  5,  6701] loss: 0.64936
[  5,  6751] loss: 0.64594
[  5,  6801] loss: 0.63488
[  5,  6851] loss: 0.65366
[  5,  6901] loss: 0.59889
[  5,  6951] loss: 0.55613
[  5,  7001] loss: 0.63840
[  5,  7051] loss: 0.61096
[  5,  7101] loss: 0.66401
[  5,  7151] loss: 0.72739
[  5,  7201] loss: 0.72607
[  5,  7251] loss: 0.64393
[  5,  7301] loss: 0.66436
[  5,  7351] loss: 0.62402
[  5,  7401] loss: 0.66951
[  5,  7451] loss: 0.60619
[  5,  7501] loss: 0.63315
[  5,  7551] loss: 0.63163
[  5,  7601] loss: 0.59632
[  5,  7651] loss: 0.68707
[  5,  7701] loss: 0.70127
[  5,  7751] loss: 0.71990
[  5,  7801] loss: 0.70080
[  5,  7851] loss: 0.69795
[  5,  7901] loss: 0.59376
[  5,  7951] loss: 0.64443
[  5,  8001] loss: 0.73771
[  5,  8051] loss: 0.59268
[  5,  8101] loss: 0.66699
[  5,  8151] loss: 0.66332
[  5,  8201] loss: 0.62632
[  5,  8251] loss: 0.66840
[  5,  8301] loss: 0.67382
[  5,  8351] loss: 0.64996
[  5,  8401] loss: 0.71796
[  5,  8451] loss: 0.64163
[  5,  8501] loss: 0.69621
[  5,  8551] loss: 0.65499
[  5,  8601] loss: 0.67410
[  5,  8651] loss: 0.60742
[  5,  8701] loss: 0.64621
[  5,  8751] loss: 0.69363
[  5,  8801] loss: 0.62653
[  5,  8851] loss: 0.64930
[  5,  8901] loss: 0.67216
[  5,  8951] loss: 0.67298
[  5,  9001] loss: 0.66338
[  5,  9051] loss: 0.71918
[  5,  9101] loss: 0.63486
[  5,  9151] loss: 0.70251
[  5,  9201] loss: 0.67395
[  5,  9251] loss: 0.61588
[  5,  9301] loss: 0.66103
[  5,  9351] loss: 0.63075
[  5,  9401] loss: 0.72989
[  5,  9451] loss: 0.63261
[  5,  9501] loss: 0.63935
[  5,  9551] loss: 0.71386
[  5,  9601] loss: 0.62155
[  5,  9651] loss: 0.66857
[  5,  9701] loss: 0.66926
[  5,  9751] loss: 0.65761
[  5,  9801] loss: 0.63603
[  5,  9851] loss: 0.58723
[  5,  9901] loss: 0.73071
[  5,  9951] loss: 0.69892
[  5, 10001] loss: 0.69935
[  5, 10051] loss: 0.71481
[  5, 10101] loss: 0.63285
[  5, 10151] loss: 0.68220
[  5, 10201] loss: 0.68122
[  5, 10251] loss: 0.64177
[  5, 10301] loss: 0.65758
[  5, 10351] loss: 0.64136
[  5, 10401] loss: 0.68526
[  5, 10451] loss: 0.62772
[  5, 10501] loss: 0.69521
[  5, 10551] loss: 0.56169
[  5, 10601] loss: 0.65690
[  5, 10651] loss: 0.60816
[  5, 10701] loss: 0.68728
[  5, 10751] loss: 0.68767
[  5, 10801] loss: 0.67675
[  5, 10851] loss: 0.62643
[  5, 10901] loss: 0.65642
[  5, 10951] loss: 0.65517
[  5, 11001] loss: 0.67024
[  5, 11051] loss: 0.62471
[  5, 11101] loss: 0.64731
[  5, 11151] loss: 0.71537
[  5, 11201] loss: 0.71094
[  5, 11251] loss: 0.69997
[  5, 11301] loss: 0.70932
[  5, 11351] loss: 0.64535
[  5, 11401] loss: 0.61515
[  5, 11451] loss: 0.71636
[  5, 11501] loss: 0.64346
[  5, 11551] loss: 0.65281
[  5, 11601] loss: 0.61979
[  5, 11651] loss: 0.72037
[  5, 11701] loss: 0.64080
[  5, 11751] loss: 0.65027
[  5, 11801] loss: 0.63536
[  5, 11851] loss: 0.68734
[  5, 11901] loss: 0.65226
[  5, 11951] loss: 0.65844
[  5, 12001] loss: 0.65363
[  5, 12051] loss: 0.66017
[  5, 12101] loss: 0.61010
[  5, 12151] loss: 0.69449
[  5, 12201] loss: 0.68649
[  5, 12251] loss: 0.68846
[  5, 12301] loss: 0.66830
[  5, 12351] loss: 0.67367
[  5, 12401] loss: 0.67762
[  5, 12451] loss: 0.64804
[  5, 12501] loss: 0.64425
[  5, 12551] loss: 0.64776
[  5, 12601] loss: 0.65406
[  5, 12651] loss: 0.64370
[  5, 12701] loss: 0.68528
[  5, 12751] loss: 0.69607
[  5, 12801] loss: 0.62400
[  5, 12851] loss: 0.70245
[  5, 12901] loss: 0.63186
[  5, 12951] loss: 0.63675
[  5, 13001] loss: 0.66011
[  5, 13051] loss: 0.65897
[  5, 13101] loss: 0.68119
[  5, 13151] loss: 0.63936
[  5, 13201] loss: 0.64062
[  5, 13251] loss: 0.65798
[  5, 13301] loss: 0.61133
[  5, 13351] loss: 0.68554
[  5, 13401] loss: 0.68659
[  5, 13451] loss: 0.66701
[  5, 13501] loss: 0.65944
[  5, 13551] loss: 0.64828
[  5, 13601] loss: 0.64605
[  5, 13651] loss: 0.67779
[  5, 13701] loss: 0.62641
[  5, 13751] loss: 0.61759
[  5, 13801] loss: 0.70750
[  5, 13851] loss: 0.67683
[  5, 13901] loss: 0.65834
[  5, 13951] loss: 0.68132
[  5, 14001] loss: 0.62989
[  5, 14051] loss: 0.65831
[  5, 14101] loss: 0.67009
[  5, 14151] loss: 0.68088
[  5, 14201] loss: 0.61266
[  5, 14251] loss: 0.60226
[  5, 14301] loss: 0.62986
[  5, 14351] loss: 0.61320
[  5, 14401] loss: 0.63564
[  5, 14451] loss: 0.63615
[  5, 14501] loss: 0.63323
[  5, 14551] loss: 0.66625
[  5, 14601] loss: 0.67187
[  5, 14651] loss: 0.64185
[  5, 14701] loss: 0.62083
[  5, 14751] loss: 0.63377
[  5, 14801] loss: 0.60469
[  5, 14851] loss: 0.64183
[  5, 14901] loss: 0.67684
[  5, 14951] loss: 0.64759
[  5, 15001] loss: 0.67163
[  5, 15051] loss: 0.63324
[  5, 15101] loss: 0.66564
[  5, 15151] loss: 0.65324
[  5, 15201] loss: 0.69442
[  5, 15251] loss: 0.68043
[  5, 15301] loss: 0.67310
[  5, 15351] loss: 0.69300
[  5, 15401] loss: 0.63080
[  5, 15451] loss: 0.65735
[  5, 15501] loss: 0.68829
[  5, 15551] loss: 0.70821
[  5, 15601] loss: 0.62052
[  5, 15651] loss: 0.64007
[  5, 15701] loss: 0.67079
[  5, 15751] loss: 0.67983
[  5, 15801] loss: 0.64845
[  5, 15851] loss: 0.68731
[  5, 15901] loss: 0.64047
[  5, 15951] loss: 0.68209
[  5, 16001] loss: 0.68943
[  5, 16051] loss: 0.66371
[  5, 16101] loss: 0.65082
[  5, 16151] loss: 0.65159
[  5, 16201] loss: 0.62147
[  5, 16251] loss: 0.65242
[  5, 16301] loss: 0.64949
[  5, 16351] loss: 0.72548
[  5, 16401] loss: 0.65162
[  5, 16451] loss: 0.66848
[  5, 16501] loss: 0.67757
[  5, 16551] loss: 0.64880
[  5, 16601] loss: 0.66206
[  5, 16651] loss: 0.67132
[  5, 16701] loss: 0.64912
[  5, 16751] loss: 0.68767
[  5, 16801] loss: 0.68448
[  5, 16851] loss: 0.60302
[  5, 16901] loss: 0.64615
[  5, 16951] loss: 0.64097
[  5, 17001] loss: 0.66296
[  5, 17051] loss: 0.72050
[  5, 17101] loss: 0.63958
[  5, 17151] loss: 0.67793
[  5, 17201] loss: 0.61085
[  5, 17251] loss: 0.62935
[  5, 17301] loss: 0.69433
[  5, 17351] loss: 0.65792
[  5, 17401] loss: 0.63777
[  5, 17451] loss: 0.66938
[  5, 17501] loss: 0.65615
[  5, 17551] loss: 0.63796
[  5, 17601] loss: 0.64576
[  5, 17651] loss: 0.65284
[  5, 17701] loss: 0.66823
[  5, 17751] loss: 0.63213
[  5, 17801] loss: 0.64166
[  5, 17851] loss: 0.66779
[  5, 17901] loss: 0.64877
[  5, 17951] loss: 0.67282
[  5, 18001] loss: 0.63152
[  5, 18051] loss: 0.62403
[  5, 18101] loss: 0.62904
[  5, 18151] loss: 0.66645
[  5, 18201] loss: 0.67391
[  5, 18251] loss: 0.64859
[  5, 18301] loss: 0.60563
[  5, 18351] loss: 0.61506
[  5, 18401] loss: 0.71868
[  5, 18451] loss: 0.65213
[  5, 18501] loss: 0.68702
[  5, 18551] loss: 0.67035
[  5, 18601] loss: 0.64486
[  5, 18651] loss: 0.68550
[  5, 18701] loss: 0.62426
[  5, 18751] loss: 0.60685
[  5, 18801] loss: 0.67531
[  5, 18851] loss: 0.70611
[  5, 18901] loss: 0.65002
[  5, 18951] loss: 0.63874
[  5, 19001] loss: 0.66044
[  5, 19051] loss: 0.66162
[  5, 19101] loss: 0.66069
[  5, 19151] loss: 0.64417
[  5, 19201] loss: 0.65749
[  5, 19251] loss: 0.63968
[  5, 19301] loss: 0.65019
[  5, 19351] loss: 0.62865
[  5, 19401] loss: 0.61317
[  5, 19451] loss: 0.65500
[  5, 19501] loss: 0.66847
[  5, 19551] loss: 0.68155
[  5, 19601] loss: 0.68249
[  5, 19651] loss: 0.68435
[  5, 19701] loss: 0.66306
[  5, 19751] loss: 0.62473
[  5, 19801] loss: 0.61675
[  5, 19851] loss: 0.68401
[  5, 19901] loss: 0.60618
[  5, 19951] loss: 0.66098
[  5, 20001] loss: 0.65629
[  5, 20051] loss: 0.70114
[  5, 20101] loss: 0.67174
[  5, 20151] loss: 0.62978
[  5, 20201] loss: 0.66192
[  5, 20251] loss: 0.62840
[  5, 20301] loss: 0.67547
[  5, 20351] loss: 0.60079
[  5, 20401] loss: 0.66021
[  5, 20451] loss: 0.61180
[  5, 20501] loss: 0.70118
[  5, 20551] loss: 0.66226
[  5, 20601] loss: 0.64935
[  5, 20651] loss: 0.66022
[  5, 20701] loss: 0.60949
[  5, 20751] loss: 0.62770
[  5, 20801] loss: 0.68122
[  5, 20851] loss: 0.62703
[  5, 20901] loss: 0.70071
[  5, 20951] loss: 0.61852
[  5, 21001] loss: 0.63962
[  5, 21051] loss: 0.63481
[  5, 21101] loss: 0.64491
[  5, 21151] loss: 0.64419
[  5, 21201] loss: 0.62653
[  5, 21251] loss: 0.68070
[  5, 21301] loss: 0.64264
[  5, 21351] loss: 0.61595
[  5, 21401] loss: 0.66116
[  5, 21451] loss: 0.68131
[  5, 21501] loss: 0.66189
[  5, 21551] loss: 0.63777
[  5, 21601] loss: 0.63987
[  5, 21651] loss: 0.64971
[  5, 21701] loss: 0.61867
[  5, 21751] loss: 0.59354
[  5, 21801] loss: 0.68787
[  5, 21851] loss: 0.66798
[  5, 21901] loss: 0.68381
[  5, 21951] loss: 0.67381
[  5, 22001] loss: 0.65000
[  5, 22051] loss: 0.64975
[  5, 22101] loss: 0.66282
[  5, 22151] loss: 0.59526
[  5, 22201] loss: 0.66573
[  5, 22251] loss: 0.60907
[  5, 22301] loss: 0.66730
[  5, 22351] loss: 0.64505
[  5, 22401] loss: 0.64828
[  5, 22451] loss: 0.65631
[  5, 22501] loss: 0.67121
[  5, 22551] loss: 0.67555
[  5, 22601] loss: 0.65792
[  5, 22651] loss: 0.63095
[  5, 22701] loss: 0.72613
[  5, 22751] loss: 0.70731
[  5, 22801] loss: 0.67230
[  5, 22851] loss: 0.65571
[  5, 22901] loss: 0.69043
[  5, 22951] loss: 0.66301
[  5, 23001] loss: 0.68895
[  5, 23051] loss: 0.63167
[  5, 23101] loss: 0.72175
[  5, 23151] loss: 0.66853
[  5, 23201] loss: 0.63535
[  5, 23251] loss: 0.67241
[  5, 23301] loss: 0.67101
[  5, 23351] loss: 0.66003
[  5, 23401] loss: 0.65851
[  5, 23451] loss: 0.61196
[  5, 23501] loss: 0.61964
[  5, 23551] loss: 0.67781
[  5, 23601] loss: 0.65860
[  5, 23651] loss: 0.67379
[  5, 23701] loss: 0.66193
[  5, 23751] loss: 0.60249
[  5, 23801] loss: 0.65044
[  5, 23851] loss: 0.64803
[  5, 23901] loss: 0.63711
[  5, 23951] loss: 0.71455
[  5, 24001] loss: 0.66284
[  5, 24051] loss: 0.57728
[  5, 24101] loss: 0.56339
[  5, 24151] loss: 0.61379
[  5, 24201] loss: 0.69658
[  5, 24251] loss: 0.60654
[  5, 24301] loss: 0.65608
[  5, 24351] loss: 0.63497
[  5, 24401] loss: 0.61273
[  5, 24451] loss: 0.63964
[  5, 24501] loss: 0.59375
[  5, 24551] loss: 0.66763
[  5, 24601] loss: 0.65070
[  5, 24651] loss: 0.70433
[  5, 24701] loss: 0.67568
[  5, 24751] loss: 0.64292
[  5, 24801] loss: 0.66985
[  5, 24851] loss: 0.59546
[  5, 24901] loss: 0.58469
[  5, 24951] loss: 0.74133
Finished training
Accuracy on train: 0.62780
Accuracy on test: 0.55806
