{'word_context': 5, 'word_embed_size': 300, 'dropout': True, 'word_conv_units': 300, 'batch_size': 50}
2482
train set done
test set done
[  1,     1] loss: 1.07401
[  1,    51] loss: 2.21904
[  1,   101] loss: 1.09778
[  1,   151] loss: 1.75856
[  1,   201] loss: 3.06666
[  1,   251] loss: 1.85714
[  1,   301] loss: 2.28678
[  1,   351] loss: 3.16851
[  1,   401] loss: 2.31972
[  1,   451] loss: 1.82283
[  1,   501] loss: 1.73983
[  1,   551] loss: 1.63918
[  1,   601] loss: 1.11787
[  1,   651] loss: 0.96510
[  1,   701] loss: 0.82439
[  1,   751] loss: 1.12657
[  1,   801] loss: 1.22358
[  1,   851] loss: 2.10983
[  1,   901] loss: 2.93980
[  1,   951] loss: 1.76163
[  1,  1001] loss: 1.44022
[  1,  1051] loss: 0.97556
[  1,  1101] loss: 0.82527
[  1,  1151] loss: 1.17147
[  1,  1201] loss: 1.87548
[  1,  1251] loss: 2.05983
[  1,  1301] loss: 2.10988
[  1,  1351] loss: 1.52748
[  1,  1401] loss: 2.56332
[  1,  1451] loss: 1.37580
[  1,  1501] loss: 1.17972
[  1,  1551] loss: 1.25885
[  1,  1601] loss: 1.42955
[  1,  1651] loss: 1.55437
[  1,  1701] loss: 0.91858
[  1,  1751] loss: 1.21630
[  1,  1801] loss: 2.06470
[  1,  1851] loss: 1.72115
[  1,  1901] loss: 1.62890
[  1,  1951] loss: 1.48005
[  1,  2001] loss: 1.12665
[  1,  2051] loss: 1.04047
[  1,  2101] loss: 0.65767
[  1,  2151] loss: 0.82849
[  1,  2201] loss: 0.89792
[  1,  2251] loss: 1.19174
[  1,  2301] loss: 1.60085
[  1,  2351] loss: 1.58618
[  1,  2401] loss: 1.10999
[  1,  2451] loss: 0.97921
[  1,  2501] loss: 0.89041
[  1,  2551] loss: 1.21230
[  1,  2601] loss: 1.18257
[  1,  2651] loss: 1.27200
[  1,  2701] loss: 1.07195
[  1,  2751] loss: 1.17608
[  1,  2801] loss: 1.21299
[  1,  2851] loss: 1.26068
[  1,  2901] loss: 1.07174
[  1,  2951] loss: 1.05775
[  1,  3001] loss: 1.01168
[  1,  3051] loss: 0.94008
[  1,  3101] loss: 1.04201
[  1,  3151] loss: 1.86951
[  1,  3201] loss: 1.30234
[  1,  3251] loss: 0.91577
[  1,  3301] loss: 0.77992
[  1,  3351] loss: 0.72851
[  1,  3401] loss: 0.98777
[  1,  3451] loss: 0.87276
[  1,  3501] loss: 0.87448
[  1,  3551] loss: 1.03223
[  1,  3601] loss: 1.10077
[  1,  3651] loss: 1.22177
[  1,  3701] loss: 0.99292
[  1,  3751] loss: 0.86737
[  1,  3801] loss: 0.91738
[  1,  3851] loss: 0.77546
[  1,  3901] loss: 0.68830
[  1,  3951] loss: 0.86195
[  1,  4001] loss: 1.24238
[  1,  4051] loss: 1.68321
[  1,  4101] loss: 1.00825
[  1,  4151] loss: 0.93460
[  1,  4201] loss: 1.06939
[  1,  4251] loss: 1.64968
[  1,  4301] loss: 1.13362
[  1,  4351] loss: 1.01813
[  1,  4401] loss: 1.09369
[  1,  4451] loss: 1.36945
[  1,  4501] loss: 1.23320
[  1,  4551] loss: 1.34210
[  1,  4601] loss: 1.23971
[  1,  4651] loss: 0.99772
[  1,  4701] loss: 0.70538
[  1,  4751] loss: 0.73600
[  1,  4801] loss: 0.66817
[  1,  4851] loss: 0.69923
[  1,  4901] loss: 0.75227
[  1,  4951] loss: 0.62242
[  1,  5001] loss: 0.78976
[  1,  5051] loss: 0.75297
[  1,  5101] loss: 0.70383
[  1,  5151] loss: 0.79052
[  1,  5201] loss: 0.79550
[  1,  5251] loss: 0.72794
[  1,  5301] loss: 0.78303
[  1,  5351] loss: 1.07281
[  1,  5401] loss: 1.12604
[  1,  5451] loss: 0.99732
[  1,  5501] loss: 1.35034
[  1,  5551] loss: 1.11829
[  1,  5601] loss: 0.69682
[  1,  5651] loss: 0.79098
[  1,  5701] loss: 0.96677
[  1,  5751] loss: 1.20418
[  1,  5801] loss: 0.88563
[  1,  5851] loss: 0.80811
[  1,  5901] loss: 0.97663
[  1,  5951] loss: 1.24024
[  1,  6001] loss: 1.51235
[  1,  6051] loss: 1.59855
[  1,  6101] loss: 1.02655
[  1,  6151] loss: 0.90182
[  1,  6201] loss: 0.85756
[  1,  6251] loss: 0.94942
[  1,  6301] loss: 0.74804
[  1,  6351] loss: 0.67598
[  1,  6401] loss: 0.62263
[  1,  6451] loss: 0.77764
[  1,  6501] loss: 0.77502
[  1,  6551] loss: 0.90719
[  1,  6601] loss: 0.76516
[  1,  6651] loss: 0.80546
[  1,  6701] loss: 0.72010
[  1,  6751] loss: 0.70713
[  1,  6801] loss: 0.99050
[  1,  6851] loss: 0.92286
[  1,  6901] loss: 0.80712
[  1,  6951] loss: 0.90650
[  1,  7001] loss: 0.90180
[  1,  7051] loss: 0.85654
[  1,  7101] loss: 0.91617
[  1,  7151] loss: 1.19515
[  1,  7201] loss: 0.90086
[  1,  7251] loss: 0.97786
[  1,  7301] loss: 0.95372
[  1,  7351] loss: 0.86679
[  1,  7401] loss: 0.85252
[  1,  7451] loss: 1.14098
[  1,  7501] loss: 0.93101
[  1,  7551] loss: 0.89067
[  1,  7601] loss: 0.86528
[  1,  7651] loss: 0.73811
[  1,  7701] loss: 0.77412
[  1,  7751] loss: 0.91277
[  1,  7801] loss: 0.84701
[  1,  7851] loss: 0.78225
[  1,  7901] loss: 0.76575
[  1,  7951] loss: 0.75448
[  1,  8001] loss: 0.83457
[  1,  8051] loss: 0.96070
[  1,  8101] loss: 1.14772
[  1,  8151] loss: 0.77817
[  1,  8201] loss: 0.65930
[  1,  8251] loss: 0.70956
[  1,  8301] loss: 0.97523
[  1,  8351] loss: 0.70452
[  1,  8401] loss: 0.68542
[  1,  8451] loss: 0.76682
[  1,  8501] loss: 0.79945
[  1,  8551] loss: 0.86605
[  1,  8601] loss: 1.02392
[  1,  8651] loss: 1.03236
[  1,  8701] loss: 0.76502
[  1,  8751] loss: 0.67516
[  1,  8801] loss: 0.71720
[  1,  8851] loss: 0.70941
[  1,  8901] loss: 0.78538
[  1,  8951] loss: 0.84212
[  1,  9001] loss: 1.01025
[  1,  9051] loss: 1.04073
[  1,  9101] loss: 0.94036
[  1,  9151] loss: 0.78806
[  1,  9201] loss: 0.76499
[  1,  9251] loss: 0.67640
[  1,  9301] loss: 0.67960
[  1,  9351] loss: 0.68743
[  1,  9401] loss: 0.74288
[  1,  9451] loss: 0.72660
[  1,  9501] loss: 0.78806
[  1,  9551] loss: 0.88414
[  1,  9601] loss: 0.84011
[  1,  9651] loss: 0.70829
[  1,  9701] loss: 0.78982
[  1,  9751] loss: 0.76204
[  1,  9801] loss: 0.92934
[  1,  9851] loss: 1.22077
[  1,  9901] loss: 1.16830
[  1,  9951] loss: 0.86443
[  1, 10001] loss: 0.68682
[  1, 10051] loss: 0.75629
[  1, 10101] loss: 0.82967
[  1, 10151] loss: 1.02697
[  1, 10201] loss: 1.18669
[  1, 10251] loss: 0.76054
[  1, 10301] loss: 0.71957
[  1, 10351] loss: 0.69843
[  1, 10401] loss: 0.74446
[  1, 10451] loss: 0.70791
[  1, 10501] loss: 1.15580
[  1, 10551] loss: 0.70801
[  1, 10601] loss: 0.79579
[  1, 10651] loss: 1.25124
[  1, 10701] loss: 0.88869
[  1, 10751] loss: 0.91635
[  1, 10801] loss: 0.98907
[  1, 10851] loss: 0.77819
[  1, 10901] loss: 0.68640
[  1, 10951] loss: 0.67155
[  1, 11001] loss: 0.68270
[  1, 11051] loss: 0.76876
[  1, 11101] loss: 0.80981
[  1, 11151] loss: 0.69956
[  1, 11201] loss: 0.66054
[  1, 11251] loss: 0.78478
[  1, 11301] loss: 0.73712
[  1, 11351] loss: 0.68419
[  1, 11401] loss: 0.62536
[  1, 11451] loss: 0.76926
[  1, 11501] loss: 0.65984
[  1, 11551] loss: 0.71004
[  1, 11601] loss: 0.68642
[  1, 11651] loss: 0.65811
[  1, 11701] loss: 0.83631
[  1, 11751] loss: 1.18727
[  1, 11801] loss: 1.16641
[  1, 11851] loss: 0.86641
[  1, 11901] loss: 0.76719
[  1, 11951] loss: 0.78149
[  1, 12001] loss: 0.65700
[  1, 12051] loss: 0.67282
[  1, 12101] loss: 0.67492
[  1, 12151] loss: 0.68509
[  1, 12201] loss: 0.70723
[  1, 12251] loss: 0.91702
[  1, 12301] loss: 0.85443
[  1, 12351] loss: 0.73766
[  1, 12401] loss: 0.74731
[  1, 12451] loss: 0.96287
[  1, 12501] loss: 1.43252
[  1, 12551] loss: 0.94605
[  1, 12601] loss: 1.11898
[  1, 12651] loss: 1.09935
[  1, 12701] loss: 0.77957
[  1, 12751] loss: 0.78504
[  1, 12801] loss: 0.83259
[  1, 12851] loss: 0.71390
[  1, 12901] loss: 0.69555
[  1, 12951] loss: 0.67881
[  1, 13001] loss: 0.66018
[  1, 13051] loss: 0.75407
[  1, 13101] loss: 1.13994
[  1, 13151] loss: 0.88988
[  1, 13201] loss: 0.80580
[  1, 13251] loss: 0.81965
[  1, 13301] loss: 0.85126
[  1, 13351] loss: 0.77584
[  1, 13401] loss: 0.69946
[  1, 13451] loss: 0.69461
[  1, 13501] loss: 0.68342
[  1, 13551] loss: 0.71455
[  1, 13601] loss: 0.71368
[  1, 13651] loss: 0.68570
[  1, 13701] loss: 0.74309
[  1, 13751] loss: 0.83378
[  1, 13801] loss: 1.04221
[  1, 13851] loss: 0.96839
[  1, 13901] loss: 0.93976
[  1, 13951] loss: 1.00202
[  1, 14001] loss: 0.88222
[  1, 14051] loss: 0.67806
[  1, 14101] loss: 0.66234
[  1, 14151] loss: 0.64748
[  1, 14201] loss: 0.71521
[  1, 14251] loss: 0.66024
[  1, 14301] loss: 0.72234
[  1, 14351] loss: 0.78998
[  1, 14401] loss: 0.99649
[  1, 14451] loss: 1.12201
[  1, 14501] loss: 0.83541
[  1, 14551] loss: 0.74843
[  1, 14601] loss: 0.67068
[  1, 14651] loss: 0.70061
[  1, 14701] loss: 1.24982
[  1, 14751] loss: 0.91014
[  1, 14801] loss: 1.02503
[  1, 14851] loss: 0.92635
[  1, 14901] loss: 0.96115
[  1, 14951] loss: 0.81276
[  1, 15001] loss: 0.79306
[  1, 15051] loss: 0.75106
[  1, 15101] loss: 0.87469
[  1, 15151] loss: 0.95718
[  1, 15201] loss: 1.11703
[  1, 15251] loss: 1.07992
[  1, 15301] loss: 0.68052
[  1, 15351] loss: 0.69045
[  1, 15401] loss: 0.74093
[  1, 15451] loss: 0.66985
[  1, 15501] loss: 0.70476
[  1, 15551] loss: 0.69652
[  1, 15601] loss: 0.71560
[  1, 15651] loss: 0.65858
[  1, 15701] loss: 0.70123
[  1, 15751] loss: 0.68862
[  1, 15801] loss: 0.92696
[  1, 15851] loss: 0.97757
[  1, 15901] loss: 0.74349
[  1, 15951] loss: 0.78719
[  1, 16001] loss: 0.96294
[  1, 16051] loss: 0.98068
[  1, 16101] loss: 0.73845
[  1, 16151] loss: 0.66928
[  1, 16201] loss: 0.70123
[  1, 16251] loss: 0.78660
[  1, 16301] loss: 1.22244
[  1, 16351] loss: 1.39243
[  1, 16401] loss: 0.89472
[  1, 16451] loss: 0.81949
[  1, 16501] loss: 0.80663
[  1, 16551] loss: 0.77748
[  1, 16601] loss: 0.81509
[  1, 16651] loss: 0.84877
[  1, 16701] loss: 0.88511
[  1, 16751] loss: 0.95176
[  1, 16801] loss: 1.07744
[  1, 16851] loss: 1.03962
[  1, 16901] loss: 0.90979
[  1, 16951] loss: 0.64020
[  1, 17001] loss: 0.67913
[  1, 17051] loss: 0.71165
[  1, 17101] loss: 0.65764
[  1, 17151] loss: 0.63278
[  1, 17201] loss: 0.66616
[  1, 17251] loss: 0.74516
[  1, 17301] loss: 0.75179
[  1, 17351] loss: 0.77503
[  1, 17401] loss: 0.83842
[  1, 17451] loss: 0.94915
[  1, 17501] loss: 0.85319
[  1, 17551] loss: 0.76125
[  1, 17601] loss: 0.94560
[  1, 17651] loss: 1.15980
[  1, 17701] loss: 0.79841
[  1, 17751] loss: 0.71737
[  1, 17801] loss: 0.74901
[  1, 17851] loss: 0.61305
[  1, 17901] loss: 0.75939
[  1, 17951] loss: 0.92557
[  1, 18001] loss: 0.94962
[  1, 18051] loss: 0.75905
[  1, 18101] loss: 0.74086
[  1, 18151] loss: 0.69894
[  1, 18201] loss: 0.68826
[  1, 18251] loss: 0.71182
[  1, 18301] loss: 0.68237
[  1, 18351] loss: 0.69708
[  1, 18401] loss: 0.76030
[  1, 18451] loss: 0.81172
[  1, 18501] loss: 0.91384
[  1, 18551] loss: 0.83727
[  1, 18601] loss: 0.73541
[  1, 18651] loss: 0.69824
[  1, 18701] loss: 0.79000
[  1, 18751] loss: 0.87173
[  1, 18801] loss: 0.98659
[  1, 18851] loss: 0.98372
[  1, 18901] loss: 0.87202
[  1, 18951] loss: 0.72147
[  1, 19001] loss: 0.72285
[  1, 19051] loss: 0.96885
[  1, 19101] loss: 1.05290
[  1, 19151] loss: 0.81681
[  1, 19201] loss: 0.84247
[  1, 19251] loss: 0.85614
[  1, 19301] loss: 0.72498
[  1, 19351] loss: 0.61888
[  1, 19401] loss: 0.73622
[  1, 19451] loss: 0.72076
[  1, 19501] loss: 0.67609
[  1, 19551] loss: 0.66653
[  1, 19601] loss: 0.70972
[  1, 19651] loss: 0.69503
[  1, 19701] loss: 0.69050
[  1, 19751] loss: 0.71098
[  1, 19801] loss: 0.91010
[  1, 19851] loss: 0.90278
[  1, 19901] loss: 0.92712
[  1, 19951] loss: 0.81674
[  1, 20001] loss: 1.06349
[  1, 20051] loss: 1.11219
[  1, 20101] loss: 0.98272
[  1, 20151] loss: 1.04836
[  1, 20201] loss: 0.81618
[  1, 20251] loss: 0.87448
[  1, 20301] loss: 1.16290
[  1, 20351] loss: 0.76126
[  1, 20401] loss: 0.66272
[  1, 20451] loss: 0.75498
[  1, 20501] loss: 0.77463
[  1, 20551] loss: 0.80729
[  1, 20601] loss: 0.81199
[  1, 20651] loss: 0.93864
[  1, 20701] loss: 0.72139
[  1, 20751] loss: 0.66974
[  1, 20801] loss: 0.98663
[  1, 20851] loss: 1.03148
[  1, 20901] loss: 0.84107
[  1, 20951] loss: 0.68673
[  1, 21001] loss: 0.72605
[  1, 21051] loss: 0.64209
[  1, 21101] loss: 0.70275
[  1, 21151] loss: 0.67673
[  1, 21201] loss: 0.72808
[  1, 21251] loss: 0.82996
[  1, 21301] loss: 0.79820
[  1, 21351] loss: 0.63151
[  1, 21401] loss: 0.69412
[  1, 21451] loss: 0.82749
[  1, 21501] loss: 0.99129
[  1, 21551] loss: 0.81176
[  1, 21601] loss: 0.71958
[  1, 21651] loss: 0.70403
[  1, 21701] loss: 0.69517
[  1, 21751] loss: 0.70438
[  1, 21801] loss: 0.80841
[  1, 21851] loss: 0.67848
[  1, 21901] loss: 0.72470
[  1, 21951] loss: 0.70602
[  1, 22001] loss: 0.73538
[  1, 22051] loss: 0.74079
[  1, 22101] loss: 0.85434
[  1, 22151] loss: 1.01411
[  1, 22201] loss: 0.97899
[  1, 22251] loss: 1.12043
[  1, 22301] loss: 1.21605
[  1, 22351] loss: 0.89507
[  1, 22401] loss: 0.87902
[  1, 22451] loss: 0.84776
[  1, 22501] loss: 0.81180
[  1, 22551] loss: 0.80690
[  1, 22601] loss: 0.70215
[  1, 22651] loss: 0.68449
[  1, 22701] loss: 0.66571
[  1, 22751] loss: 0.66426
[  1, 22801] loss: 0.64729
[  1, 22851] loss: 0.66293
[  1, 22901] loss: 0.66572
[  1, 22951] loss: 0.67797
[  1, 23001] loss: 0.70669
[  1, 23051] loss: 0.66179
[  1, 23101] loss: 0.83491
[  1, 23151] loss: 0.64132
[  1, 23201] loss: 0.61149
[  1, 23251] loss: 0.65306
[  1, 23301] loss: 0.86198
[  1, 23351] loss: 1.02573
[  1, 23401] loss: 0.86052
[  1, 23451] loss: 1.05825
[  1, 23501] loss: 1.10499
[  1, 23551] loss: 0.75928
[  1, 23601] loss: 0.91647
[  1, 23651] loss: 1.08577
[  1, 23701] loss: 0.66190
[  1, 23751] loss: 0.70874
[  1, 23801] loss: 0.73410
[  1, 23851] loss: 0.81500
[  1, 23901] loss: 0.83484
[  1, 23951] loss: 0.71218
[  1, 24001] loss: 0.77896
[  1, 24051] loss: 0.88592
[  1, 24101] loss: 0.68728
[  1, 24151] loss: 0.63388
[  1, 24201] loss: 0.65614
[  1, 24251] loss: 0.78648
[  1, 24301] loss: 0.99899
[  1, 24351] loss: 1.21684
[  1, 24401] loss: 0.74917
[  1, 24451] loss: 0.96433
[  1, 24501] loss: 1.17676
[  1, 24551] loss: 0.67525
[  1, 24601] loss: 0.65009
[  1, 24651] loss: 0.77467
[  1, 24701] loss: 0.72876
[  1, 24751] loss: 0.63905
[  1, 24801] loss: 0.76688
[  1, 24851] loss: 1.08445
[  1, 24901] loss: 1.14077
[  1, 24951] loss: 1.10003
[  2,     1] loss: 1.12698
[  2,    51] loss: 1.09893
[  2,   101] loss: 0.62505
[  2,   151] loss: 0.65811
[  2,   201] loss: 0.65644
[  2,   251] loss: 0.65583
[  2,   301] loss: 0.63326
[  2,   351] loss: 0.79515
[  2,   401] loss: 0.88862
[  2,   451] loss: 0.81280
[  2,   501] loss: 0.82693
[  2,   551] loss: 0.68269
[  2,   601] loss: 0.68439
[  2,   651] loss: 0.83208
[  2,   701] loss: 1.44303
[  2,   751] loss: 0.84409
[  2,   801] loss: 0.71410
[  2,   851] loss: 0.70446
[  2,   901] loss: 0.79492
[  2,   951] loss: 0.85016
[  2,  1001] loss: 0.70342
[  2,  1051] loss: 0.62647
[  2,  1101] loss: 0.84098
[  2,  1151] loss: 0.72320
[  2,  1201] loss: 0.70647
[  2,  1251] loss: 0.78628
[  2,  1301] loss: 0.75122
[  2,  1351] loss: 0.66979
[  2,  1401] loss: 0.69779
[  2,  1451] loss: 0.65952
[  2,  1501] loss: 0.69504
[  2,  1551] loss: 0.73052
[  2,  1601] loss: 0.71918
[  2,  1651] loss: 0.69852
[  2,  1701] loss: 0.76640
[  2,  1751] loss: 0.78233
[  2,  1801] loss: 0.73641
[  2,  1851] loss: 0.73087
[  2,  1901] loss: 0.60182
[  2,  1951] loss: 0.69089
[  2,  2001] loss: 0.73077
[  2,  2051] loss: 0.72262
[  2,  2101] loss: 0.93144
[  2,  2151] loss: 0.87210
[  2,  2201] loss: 0.71531
[  2,  2251] loss: 0.74403
[  2,  2301] loss: 0.70917
[  2,  2351] loss: 0.86691
[  2,  2401] loss: 1.18793
[  2,  2451] loss: 1.23447
[  2,  2501] loss: 0.96849
[  2,  2551] loss: 0.65673
[  2,  2601] loss: 0.68679
[  2,  2651] loss: 0.75087
[  2,  2701] loss: 0.70750
[  2,  2751] loss: 1.08466
[  2,  2801] loss: 1.08270
[  2,  2851] loss: 0.76356
[  2,  2901] loss: 0.94000
[  2,  2951] loss: 0.87232
[  2,  3001] loss: 0.95634
[  2,  3051] loss: 1.04635
[  2,  3101] loss: 0.70306
[  2,  3151] loss: 0.74354
[  2,  3201] loss: 0.72440
[  2,  3251] loss: 0.61803
[  2,  3301] loss: 0.74574
[  2,  3351] loss: 0.98575
[  2,  3401] loss: 0.97782
[  2,  3451] loss: 0.61790
[  2,  3501] loss: 0.64599
[  2,  3551] loss: 0.65082
[  2,  3601] loss: 0.68854
[  2,  3651] loss: 0.61518
[  2,  3701] loss: 0.69411
[  2,  3751] loss: 0.62607
[  2,  3801] loss: 0.65275
[  2,  3851] loss: 0.75333
[  2,  3901] loss: 0.99919
[  2,  3951] loss: 1.04108
[  2,  4001] loss: 0.89661
[  2,  4051] loss: 0.95436
[  2,  4101] loss: 0.69373
[  2,  4151] loss: 0.74210
[  2,  4201] loss: 0.86936
[  2,  4251] loss: 0.97305
[  2,  4301] loss: 0.98442
[  2,  4351] loss: 0.75618
[  2,  4401] loss: 0.79461
[  2,  4451] loss: 0.87263
[  2,  4501] loss: 0.79768
[  2,  4551] loss: 0.81860
[  2,  4601] loss: 0.82742
[  2,  4651] loss: 0.78376
[  2,  4701] loss: 0.68487
[  2,  4751] loss: 0.71158
[  2,  4801] loss: 0.74174
[  2,  4851] loss: 0.82748
[  2,  4901] loss: 0.68775
[  2,  4951] loss: 0.69207
[  2,  5001] loss: 0.88124
[  2,  5051] loss: 0.80351
[  2,  5101] loss: 0.96228
[  2,  5151] loss: 0.83788
[  2,  5201] loss: 0.67101
[  2,  5251] loss: 0.70672
[  2,  5301] loss: 0.68969
[  2,  5351] loss: 0.67311
[  2,  5401] loss: 0.63739
[  2,  5451] loss: 0.61983
[  2,  5501] loss: 0.71344
[  2,  5551] loss: 0.73540
[  2,  5601] loss: 1.03194
[  2,  5651] loss: 1.04321
[  2,  5701] loss: 0.73684
[  2,  5751] loss: 0.72754
[  2,  5801] loss: 0.78532
[  2,  5851] loss: 0.94327
[  2,  5901] loss: 0.79608
[  2,  5951] loss: 0.67057
[  2,  6001] loss: 0.64295
[  2,  6051] loss: 0.91844
[  2,  6101] loss: 0.99617
[  2,  6151] loss: 0.81038
[  2,  6201] loss: 0.76152
[  2,  6251] loss: 0.88656
[  2,  6301] loss: 0.68437
[  2,  6351] loss: 0.60447
[  2,  6401] loss: 0.67321
[  2,  6451] loss: 0.90782
[  2,  6501] loss: 0.77556
[  2,  6551] loss: 0.75143
[  2,  6601] loss: 0.67659
[  2,  6651] loss: 0.86240
[  2,  6701] loss: 1.01732
[  2,  6751] loss: 1.22222
[  2,  6801] loss: 1.31950
[  2,  6851] loss: 0.79956
[  2,  6901] loss: 0.75982
[  2,  6951] loss: 0.66780
[  2,  7001] loss: 0.62804
[  2,  7051] loss: 0.73060
[  2,  7101] loss: 0.77754
[  2,  7151] loss: 0.75567
[  2,  7201] loss: 0.72166
[  2,  7251] loss: 0.77979
[  2,  7301] loss: 0.81347
[  2,  7351] loss: 0.67687
[  2,  7401] loss: 0.81344
[  2,  7451] loss: 0.98846
[  2,  7501] loss: 0.91920
[  2,  7551] loss: 0.80894
[  2,  7601] loss: 0.74172
[  2,  7651] loss: 0.64767
[  2,  7701] loss: 0.61365
[  2,  7751] loss: 0.70361
[  2,  7801] loss: 0.73147
[  2,  7851] loss: 0.66020
[  2,  7901] loss: 0.68038
[  2,  7951] loss: 0.68327
[  2,  8001] loss: 0.57299
[  2,  8051] loss: 0.72394
[  2,  8101] loss: 0.68289
[  2,  8151] loss: 0.63220
[  2,  8201] loss: 0.66716
[  2,  8251] loss: 1.18850
[  2,  8301] loss: 0.89479
[  2,  8351] loss: 0.60000
[  2,  8401] loss: 0.58005
[  2,  8451] loss: 0.72244
[  2,  8501] loss: 0.88667
[  2,  8551] loss: 0.67466
[  2,  8601] loss: 0.87353
[  2,  8651] loss: 0.99313
[  2,  8701] loss: 0.65828
[  2,  8751] loss: 0.62524
[  2,  8801] loss: 0.71056
[  2,  8851] loss: 0.78934
[  2,  8901] loss: 0.64897
[  2,  8951] loss: 0.72859
[  2,  9001] loss: 0.65388
[  2,  9051] loss: 0.67143
[  2,  9101] loss: 0.66331
[  2,  9151] loss: 0.64939
[  2,  9201] loss: 0.67733
[  2,  9251] loss: 1.08219
[  2,  9301] loss: 0.96721
[  2,  9351] loss: 0.63946
[  2,  9401] loss: 0.73225
[  2,  9451] loss: 0.88347
[  2,  9501] loss: 0.95984
[  2,  9551] loss: 0.66757
[  2,  9601] loss: 0.89934
[  2,  9651] loss: 1.14222
[  2,  9701] loss: 0.89307
[  2,  9751] loss: 1.01600
[  2,  9801] loss: 0.85894
[  2,  9851] loss: 0.68855
[  2,  9901] loss: 0.66628
[  2,  9951] loss: 0.67415
[  2, 10001] loss: 0.76654
[  2, 10051] loss: 0.86682
[  2, 10101] loss: 0.73430
[  2, 10151] loss: 0.67771
[  2, 10201] loss: 0.69332
[  2, 10251] loss: 0.64084
[  2, 10301] loss: 0.71733
[  2, 10351] loss: 0.74348
[  2, 10401] loss: 0.82169
[  2, 10451] loss: 0.67103
[  2, 10501] loss: 0.68664
[  2, 10551] loss: 0.70277
[  2, 10601] loss: 0.73879
[  2, 10651] loss: 1.04819
[  2, 10701] loss: 1.06674
[  2, 10751] loss: 0.77619
[  2, 10801] loss: 0.90077
[  2, 10851] loss: 0.71090
[  2, 10901] loss: 0.62733
[  2, 10951] loss: 0.64234
[  2, 11001] loss: 0.71843
[  2, 11051] loss: 0.93647
[  2, 11101] loss: 0.84465
[  2, 11151] loss: 0.65870
[  2, 11201] loss: 0.63777
[  2, 11251] loss: 0.64913
[  2, 11301] loss: 0.69249
[  2, 11351] loss: 0.75848
[  2, 11401] loss: 0.70520
[  2, 11451] loss: 0.95031
[  2, 11501] loss: 0.74330
[  2, 11551] loss: 0.63456
[  2, 11601] loss: 0.80023
[  2, 11651] loss: 0.70191
[  2, 11701] loss: 0.77693
[  2, 11751] loss: 0.89270
[  2, 11801] loss: 1.04237
[  2, 11851] loss: 0.84593
[  2, 11901] loss: 0.80681
[  2, 11951] loss: 0.64356
[  2, 12001] loss: 0.61077
[  2, 12051] loss: 0.68747
[  2, 12101] loss: 0.68176
[  2, 12151] loss: 0.74842
[  2, 12201] loss: 0.70879
[  2, 12251] loss: 0.92700
[  2, 12301] loss: 0.76548
[  2, 12351] loss: 0.62955
[  2, 12401] loss: 0.68408
[  2, 12451] loss: 0.93524
[  2, 12501] loss: 1.31963
[  2, 12551] loss: 0.80794
[  2, 12601] loss: 0.99964
[  2, 12651] loss: 0.98512
[  2, 12701] loss: 0.79347
[  2, 12751] loss: 0.63953
[  2, 12801] loss: 0.80418
[  2, 12851] loss: 0.62141
[  2, 12901] loss: 0.80892
[  2, 12951] loss: 0.83641
[  2, 13001] loss: 0.79831
[  2, 13051] loss: 0.67157
[  2, 13101] loss: 0.67424
[  2, 13151] loss: 0.65877
[  2, 13201] loss: 0.73188
[  2, 13251] loss: 0.81129
[  2, 13301] loss: 0.81073
[  2, 13351] loss: 0.83210
[  2, 13401] loss: 0.69307
[  2, 13451] loss: 0.68933
[  2, 13501] loss: 0.79855
[  2, 13551] loss: 1.01907
[  2, 13601] loss: 1.07538
[  2, 13651] loss: 0.62219
[  2, 13701] loss: 0.73870
[  2, 13751] loss: 0.79789
[  2, 13801] loss: 0.89085
[  2, 13851] loss: 1.02965
[  2, 13901] loss: 0.94565
[  2, 13951] loss: 1.00993
[  2, 14001] loss: 0.76048
[  2, 14051] loss: 0.70465
[  2, 14101] loss: 0.75691
[  2, 14151] loss: 0.60606
[  2, 14201] loss: 0.65693
[  2, 14251] loss: 0.65657
[  2, 14301] loss: 0.75626
[  2, 14351] loss: 0.86266
[  2, 14401] loss: 0.90749
[  2, 14451] loss: 0.90150
[  2, 14501] loss: 0.74804
[  2, 14551] loss: 0.69543
[  2, 14601] loss: 0.58437
[  2, 14651] loss: 0.58667
[  2, 14701] loss: 0.84745
[  2, 14751] loss: 0.96898
[  2, 14801] loss: 0.96958
[  2, 14851] loss: 0.91516
[  2, 14901] loss: 0.80406
[  2, 14951] loss: 0.66949
[  2, 15001] loss: 0.69789
[  2, 15051] loss: 0.61302
[  2, 15101] loss: 0.71359
[  2, 15151] loss: 0.73938
[  2, 15201] loss: 0.79600
[  2, 15251] loss: 1.06068
[  2, 15301] loss: 0.72777
[  2, 15351] loss: 0.67475
[  2, 15401] loss: 0.67062
[  2, 15451] loss: 0.75108
[  2, 15501] loss: 0.78010
[  2, 15551] loss: 0.73901
[  2, 15601] loss: 0.91789
[  2, 15651] loss: 0.71933
[  2, 15701] loss: 0.69342
[  2, 15751] loss: 0.66392
[  2, 15801] loss: 0.63330
[  2, 15851] loss: 0.79186
[  2, 15901] loss: 0.80247
[  2, 15951] loss: 0.90852
[  2, 16001] loss: 0.70296
[  2, 16051] loss: 0.58522
[  2, 16101] loss: 0.69990
[  2, 16151] loss: 0.71490
[  2, 16201] loss: 0.87553
[  2, 16251] loss: 1.25494
[  2, 16301] loss: 1.22893
[  2, 16351] loss: 1.31581
[  2, 16401] loss: 0.87496
[  2, 16451] loss: 0.84152
[  2, 16501] loss: 0.74802
[  2, 16551] loss: 0.72249
[  2, 16601] loss: 0.74940
[  2, 16651] loss: 0.79834
[  2, 16701] loss: 0.86802
[  2, 16751] loss: 0.92449
[  2, 16801] loss: 1.20125
[  2, 16851] loss: 1.18863
[  2, 16901] loss: 0.98574
[  2, 16951] loss: 0.66143
[  2, 17001] loss: 0.64680
[  2, 17051] loss: 0.66742
[  2, 17101] loss: 0.72932
[  2, 17151] loss: 0.57209
[  2, 17201] loss: 0.71835
[  2, 17251] loss: 0.72561
[  2, 17301] loss: 0.67641
[  2, 17351] loss: 0.66848
[  2, 17401] loss: 0.67991
[  2, 17451] loss: 0.72097
[  2, 17501] loss: 0.79466
[  2, 17551] loss: 0.71331
[  2, 17601] loss: 1.02297
[  2, 17651] loss: 1.23023
[  2, 17701] loss: 0.77443
[  2, 17751] loss: 0.71294
[  2, 17801] loss: 0.69910
[  2, 17851] loss: 0.60298
[  2, 17901] loss: 0.81097
[  2, 17951] loss: 0.89523
[  2, 18001] loss: 1.04433
[  2, 18051] loss: 0.78886
[  2, 18101] loss: 0.76056
[  2, 18151] loss: 0.64565
[  2, 18201] loss: 0.74874
[  2, 18251] loss: 0.73068
[  2, 18301] loss: 0.60971
[  2, 18351] loss: 0.68292
[  2, 18401] loss: 0.66053
[  2, 18451] loss: 0.82768
[  2, 18501] loss: 0.84030
[  2, 18551] loss: 0.71792
[  2, 18601] loss: 0.69161
[  2, 18651] loss: 0.71398
[  2, 18701] loss: 0.71017
[  2, 18751] loss: 0.74960
[  2, 18801] loss: 0.88284
[  2, 18851] loss: 0.90406
[  2, 18901] loss: 0.80632
[  2, 18951] loss: 0.72481
[  2, 19001] loss: 0.64850
[  2, 19051] loss: 0.70726
[  2, 19101] loss: 0.87552
[  2, 19151] loss: 0.87583
[  2, 19201] loss: 0.92959
[  2, 19251] loss: 0.93257
[  2, 19301] loss: 0.69288
[  2, 19351] loss: 0.67376
[  2, 19401] loss: 0.70650
[  2, 19451] loss: 0.74663
[  2, 19501] loss: 0.62893
[  2, 19551] loss: 0.76124
[  2, 19601] loss: 0.69590
[  2, 19651] loss: 0.61930
[  2, 19701] loss: 0.67366
[  2, 19751] loss: 0.69456
[  2, 19801] loss: 0.77494
[  2, 19851] loss: 0.77091
[  2, 19901] loss: 0.79954
[  2, 19951] loss: 0.75927
[  2, 20001] loss: 0.98227
[  2, 20051] loss: 1.14126
[  2, 20101] loss: 1.08690
[  2, 20151] loss: 0.97025
[  2, 20201] loss: 0.81864
[  2, 20251] loss: 0.73200
[  2, 20301] loss: 1.05404
[  2, 20351] loss: 0.77125
[  2, 20401] loss: 0.72733
[  2, 20451] loss: 0.72318
[  2, 20501] loss: 0.69164
[  2, 20551] loss: 0.76589
[  2, 20601] loss: 0.94875
[  2, 20651] loss: 1.11357
[  2, 20701] loss: 0.78042
[  2, 20751] loss: 0.64625
[  2, 20801] loss: 1.12459
[  2, 20851] loss: 1.14655
[  2, 20901] loss: 0.85982
[  2, 20951] loss: 0.72555
[  2, 21001] loss: 0.71723
[  2, 21051] loss: 0.80584
[  2, 21101] loss: 0.72420
[  2, 21151] loss: 0.69978
[  2, 21201] loss: 0.82893
[  2, 21251] loss: 1.11833
[  2, 21301] loss: 0.73983
[  2, 21351] loss: 0.57621
[  2, 21401] loss: 0.73542
[  2, 21451] loss: 0.82937
[  2, 21501] loss: 1.01754
[  2, 21551] loss: 0.88314
[  2, 21601] loss: 0.68420
[  2, 21651] loss: 0.72409
[  2, 21701] loss: 0.64506
[  2, 21751] loss: 0.67661
[  2, 21801] loss: 0.91304
[  2, 21851] loss: 0.66627
[  2, 21901] loss: 0.69265
[  2, 21951] loss: 0.63777
[  2, 22001] loss: 0.63642
[  2, 22051] loss: 0.66781
[  2, 22101] loss: 0.75103
[  2, 22151] loss: 0.84846
[  2, 22201] loss: 0.85336
[  2, 22251] loss: 1.00037
[  2, 22301] loss: 1.25374
[  2, 22351] loss: 0.90022
[  2, 22401] loss: 0.72359
[  2, 22451] loss: 0.67566
[  2, 22501] loss: 0.71847
[  2, 22551] loss: 0.77788
[  2, 22601] loss: 0.60006
[  2, 22651] loss: 0.61535
[  2, 22701] loss: 0.68487
[  2, 22751] loss: 0.67066
[  2, 22801] loss: 0.63185
[  2, 22851] loss: 0.67724
[  2, 22901] loss: 0.71236
[  2, 22951] loss: 0.70404
[  2, 23001] loss: 0.66036
[  2, 23051] loss: 0.66124
[  2, 23101] loss: 0.71246
[  2, 23151] loss: 0.92264
[  2, 23201] loss: 1.22246
[  2, 23251] loss: 0.64121
[  2, 23301] loss: 0.60394
[  2, 23351] loss: 0.75652
[  2, 23401] loss: 0.64422
[  2, 23451] loss: 0.72547
[  2, 23501] loss: 0.80956
[  2, 23551] loss: 0.77120
[  2, 23601] loss: 0.82582
[  2, 23651] loss: 0.94213
[  2, 23701] loss: 0.64218
[  2, 23751] loss: 0.64515
[  2, 23801] loss: 0.67342
[  2, 23851] loss: 0.88828
[  2, 23901] loss: 0.83815
[  2, 23951] loss: 0.76698
[  2, 24001] loss: 0.67427
[  2, 24051] loss: 0.78699
[  2, 24101] loss: 0.66238
[  2, 24151] loss: 0.61753
[  2, 24201] loss: 0.92807
[  2, 24251] loss: 0.94380
[  2, 24301] loss: 0.93432
[  2, 24351] loss: 1.14983
[  2, 24401] loss: 0.67812
[  2, 24451] loss: 0.76013
[  2, 24501] loss: 0.87290
[  2, 24551] loss: 0.65673
[  2, 24601] loss: 0.59868
[  2, 24651] loss: 0.66763
[  2, 24701] loss: 0.74078
[  2, 24751] loss: 0.68011
[  2, 24801] loss: 0.84255
[  2, 24851] loss: 1.34640
[  2, 24901] loss: 1.06508
[  2, 24951] loss: 1.02564
[  3,     1] loss: 1.04274
[  3,    51] loss: 0.98659
[  3,   101] loss: 0.62062
[  3,   151] loss: 0.65615
[  3,   201] loss: 0.72634
[  3,   251] loss: 0.65692
[  3,   301] loss: 0.64637
[  3,   351] loss: 0.76206
[  3,   401] loss: 0.93379
[  3,   451] loss: 0.82673
[  3,   501] loss: 0.79898
[  3,   551] loss: 0.61041
[  3,   601] loss: 0.71626
[  3,   651] loss: 0.82420
[  3,   701] loss: 1.37231
[  3,   751] loss: 0.72992
[  3,   801] loss: 0.67384
[  3,   851] loss: 0.67958
[  3,   901] loss: 0.74846
[  3,   951] loss: 0.68292
[  3,  1001] loss: 0.66534
[  3,  1051] loss: 0.59580
[  3,  1101] loss: 0.88498
[  3,  1151] loss: 0.74494
[  3,  1201] loss: 0.72964
[  3,  1251] loss: 0.73914
[  3,  1301] loss: 0.73373
[  3,  1351] loss: 0.70454
[  3,  1401] loss: 0.72410
[  3,  1451] loss: 0.80784
[  3,  1501] loss: 0.61576
[  3,  1551] loss: 0.74516
[  3,  1601] loss: 0.80659
[  3,  1651] loss: 0.74353
[  3,  1701] loss: 0.73561
[  3,  1751] loss: 0.63858
[  3,  1801] loss: 0.86475
[  3,  1851] loss: 0.97007
[  3,  1901] loss: 0.92006
[  3,  1951] loss: 1.06231
[  3,  2001] loss: 0.66263
[  3,  2051] loss: 0.60945
[  3,  2101] loss: 0.78462
[  3,  2151] loss: 0.70852
[  3,  2201] loss: 0.65521
[  3,  2251] loss: 0.66301
[  3,  2301] loss: 0.69593
[  3,  2351] loss: 0.69335
[  3,  2401] loss: 1.00632
[  3,  2451] loss: 1.17156
[  3,  2501] loss: 0.81271
[  3,  2551] loss: 0.68578
[  3,  2601] loss: 0.69377
[  3,  2651] loss: 0.82571
[  3,  2701] loss: 0.69918
[  3,  2751] loss: 0.88727
[  3,  2801] loss: 0.90949
[  3,  2851] loss: 0.70557
[  3,  2901] loss: 0.82580
[  3,  2951] loss: 0.85352
[  3,  3001] loss: 0.88329
[  3,  3051] loss: 0.80793
[  3,  3101] loss: 0.67445
[  3,  3151] loss: 0.71617
[  3,  3201] loss: 0.72104
[  3,  3251] loss: 0.63410
[  3,  3301] loss: 0.71615
[  3,  3351] loss: 0.97367
[  3,  3401] loss: 0.95933
[  3,  3451] loss: 0.58968
[  3,  3501] loss: 0.57972
[  3,  3551] loss: 0.67533
[  3,  3601] loss: 0.68620
[  3,  3651] loss: 0.53740
[  3,  3701] loss: 0.74182
[  3,  3751] loss: 0.76296
[  3,  3801] loss: 0.74238
[  3,  3851] loss: 0.70176
[  3,  3901] loss: 0.61819
[  3,  3951] loss: 0.68518
[  3,  4001] loss: 0.64983
[  3,  4051] loss: 0.77825
[  3,  4101] loss: 0.71962
[  3,  4151] loss: 0.76608
[  3,  4201] loss: 0.90839
[  3,  4251] loss: 1.06991
[  3,  4301] loss: 0.83734
[  3,  4351] loss: 0.70070
[  3,  4401] loss: 0.82379
[  3,  4451] loss: 0.75400
[  3,  4501] loss: 0.66805
[  3,  4551] loss: 0.71950
[  3,  4601] loss: 0.86275
[  3,  4651] loss: 0.75925
[  3,  4701] loss: 0.69220
[  3,  4751] loss: 0.68835
[  3,  4801] loss: 0.76492
[  3,  4851] loss: 0.82203
[  3,  4901] loss: 0.69233
[  3,  4951] loss: 0.68000
[  3,  5001] loss: 0.75947
[  3,  5051] loss: 0.81252
[  3,  5101] loss: 0.95337
[  3,  5151] loss: 0.84455
[  3,  5201] loss: 0.73648
[  3,  5251] loss: 0.69464
[  3,  5301] loss: 0.63566
[  3,  5351] loss: 0.60781
[  3,  5401] loss: 0.62482
[  3,  5451] loss: 0.79286
[  3,  5501] loss: 0.82059
[  3,  5551] loss: 0.85420
[  3,  5601] loss: 1.05735
[  3,  5651] loss: 1.05164
[  3,  5701] loss: 0.64890
[  3,  5751] loss: 0.65202
[  3,  5801] loss: 0.77396
[  3,  5851] loss: 0.88086
[  3,  5901] loss: 0.67680
[  3,  5951] loss: 0.66786
[  3,  6001] loss: 0.58663
[  3,  6051] loss: 0.92817
[  3,  6101] loss: 0.99478
[  3,  6151] loss: 0.79233
[  3,  6201] loss: 0.72450
[  3,  6251] loss: 0.76412
[  3,  6301] loss: 0.77805
[  3,  6351] loss: 0.63936
[  3,  6401] loss: 0.71715
[  3,  6451] loss: 0.90442
[  3,  6501] loss: 0.66572
[  3,  6551] loss: 0.66779
[  3,  6601] loss: 0.63134
[  3,  6651] loss: 0.75785
[  3,  6701] loss: 0.76398
[  3,  6751] loss: 1.07492
[  3,  6801] loss: 1.17522
[  3,  6851] loss: 0.76580
[  3,  6901] loss: 0.77256
[  3,  6951] loss: 0.79784
[  3,  7001] loss: 0.65296
[  3,  7051] loss: 0.78633
[  3,  7101] loss: 0.86464
[  3,  7151] loss: 0.72909
[  3,  7201] loss: 0.67540
[  3,  7251] loss: 0.72888
[  3,  7301] loss: 0.84233
[  3,  7351] loss: 0.62876
[  3,  7401] loss: 0.76132
[  3,  7451] loss: 0.92066
[  3,  7501] loss: 0.77377
[  3,  7551] loss: 0.76013
[  3,  7601] loss: 0.78393
[  3,  7651] loss: 0.61920
[  3,  7701] loss: 0.65938
[  3,  7751] loss: 0.67983
[  3,  7801] loss: 0.67041
[  3,  7851] loss: 0.65215
[  3,  7901] loss: 0.74551
[  3,  7951] loss: 0.70176
[  3,  8001] loss: 0.67222
[  3,  8051] loss: 0.78188
[  3,  8101] loss: 1.02453
[  3,  8151] loss: 0.74290
[  3,  8201] loss: 0.58792
[  3,  8251] loss: 0.62533
[  3,  8301] loss: 0.78063
[  3,  8351] loss: 0.59528
[  3,  8401] loss: 0.65088
[  3,  8451] loss: 0.76388
[  3,  8501] loss: 0.75519
[  3,  8551] loss: 0.65209
[  3,  8601] loss: 0.85320
[  3,  8651] loss: 0.85853
[  3,  8701] loss: 0.64270
[  3,  8751] loss: 0.65969
[  3,  8801] loss: 0.73675
[  3,  8851] loss: 0.73654
[  3,  8901] loss: 0.67370
[  3,  8951] loss: 0.66156
[  3,  9001] loss: 0.81416
[  3,  9051] loss: 0.71152
[  3,  9101] loss: 0.63846
[  3,  9151] loss: 0.77412
[  3,  9201] loss: 1.01951
[  3,  9251] loss: 0.87750
[  3,  9301] loss: 0.81820
[  3,  9351] loss: 0.75392
[  3,  9401] loss: 0.76004
[  3,  9451] loss: 0.79635
[  3,  9501] loss: 0.86579
[  3,  9551] loss: 0.66112
[  3,  9601] loss: 0.75810
[  3,  9651] loss: 0.91991
[  3,  9701] loss: 0.85162
[  3,  9751] loss: 1.12484
[  3,  9801] loss: 0.99713
[  3,  9851] loss: 0.63020
[  3,  9901] loss: 0.67761
[  3,  9951] loss: 0.67980
[  3, 10001] loss: 0.96855
[  3, 10051] loss: 0.98262
[  3, 10101] loss: 0.69433
[  3, 10151] loss: 0.62182
[  3, 10201] loss: 0.76834
[  3, 10251] loss: 0.66429
[  3, 10301] loss: 0.63152
[  3, 10351] loss: 0.59276
[  3, 10401] loss: 0.72684
[  3, 10451] loss: 0.62645
[  3, 10501] loss: 0.79169
[  3, 10551] loss: 0.64367
[  3, 10601] loss: 0.68979
[  3, 10651] loss: 0.79214
[  3, 10701] loss: 0.97443
[  3, 10751] loss: 0.82460
[  3, 10801] loss: 0.89842
[  3, 10851] loss: 0.60910
[  3, 10901] loss: 0.57497
[  3, 10951] loss: 0.65883
[  3, 11001] loss: 0.74867
[  3, 11051] loss: 0.78495
[  3, 11101] loss: 0.70067
[  3, 11151] loss: 0.51565
[  3, 11201] loss: 0.61405
[  3, 11251] loss: 0.63117
[  3, 11301] loss: 0.63467
[  3, 11351] loss: 0.81061
[  3, 11401] loss: 0.62716
[  3, 11451] loss: 0.80579
[  3, 11501] loss: 0.80106
[  3, 11551] loss: 0.64749
[  3, 11601] loss: 0.89086
[  3, 11651] loss: 0.64386
[  3, 11701] loss: 0.72562
[  3, 11751] loss: 0.79552
[  3, 11801] loss: 0.85432
[  3, 11851] loss: 0.84446
[  3, 11901] loss: 0.72669
[  3, 11951] loss: 0.72800
[  3, 12001] loss: 0.55868
[  3, 12051] loss: 0.69981
[  3, 12101] loss: 0.66715
[  3, 12151] loss: 0.59529
[  3, 12201] loss: 0.62279
[  3, 12251] loss: 0.71128
[  3, 12301] loss: 0.71091
[  3, 12351] loss: 0.66241
[  3, 12401] loss: 0.63153
[  3, 12451] loss: 0.70000
[  3, 12501] loss: 1.23238
[  3, 12551] loss: 0.91751
[  3, 12601] loss: 1.35408
[  3, 12651] loss: 1.04709
[  3, 12701] loss: 0.81372
[  3, 12751] loss: 0.90857
[  3, 12801] loss: 1.14096
[  3, 12851] loss: 0.74741
[  3, 12901] loss: 0.65452
[  3, 12951] loss: 0.62942
[  3, 13001] loss: 0.62236
[  3, 13051] loss: 0.59787
[  3, 13101] loss: 0.96272
[  3, 13151] loss: 0.85513
[  3, 13201] loss: 0.77234
[  3, 13251] loss: 0.80276
[  3, 13301] loss: 0.81801
[  3, 13351] loss: 0.82903
[  3, 13401] loss: 0.69359
[  3, 13451] loss: 0.57274
[  3, 13501] loss: 0.82461
[  3, 13551] loss: 0.96524
[  3, 13601] loss: 1.00921
[  3, 13651] loss: 0.65030
[  3, 13701] loss: 0.71604
[  3, 13751] loss: 0.64028
[  3, 13801] loss: 0.76491
[  3, 13851] loss: 0.78770
[  3, 13901] loss: 0.81622
[  3, 13951] loss: 1.00666
[  3, 14001] loss: 0.77416
[  3, 14051] loss: 0.60273
[  3, 14101] loss: 0.74089
[  3, 14151] loss: 0.66112
[  3, 14201] loss: 0.59718
[  3, 14251] loss: 0.55828
[  3, 14301] loss: 0.83816
[  3, 14351] loss: 0.83646
[  3, 14401] loss: 0.93035
[  3, 14451] loss: 1.04217
[  3, 14501] loss: 0.73753
[  3, 14551] loss: 0.75590
[  3, 14601] loss: 0.61803
[  3, 14651] loss: 0.94818
[  3, 14701] loss: 1.59451
[  3, 14751] loss: 0.84455
[  3, 14801] loss: 1.04299
[  3, 14851] loss: 0.86028
[  3, 14901] loss: 0.87610
[  3, 14951] loss: 0.59954
[  3, 15001] loss: 0.70933
[  3, 15051] loss: 0.67798
[  3, 15101] loss: 0.71562
[  3, 15151] loss: 0.73368
[  3, 15201] loss: 0.87493
[  3, 15251] loss: 0.99864
[  3, 15301] loss: 0.57605
[  3, 15351] loss: 0.70855
[  3, 15401] loss: 0.67946
[  3, 15451] loss: 0.76131
[  3, 15501] loss: 0.62548
[  3, 15551] loss: 0.68604
[  3, 15601] loss: 0.82182
[  3, 15651] loss: 0.64908
[  3, 15701] loss: 0.69066
[  3, 15751] loss: 0.83966
[  3, 15801] loss: 0.93768
[  3, 15851] loss: 0.80538
[  3, 15901] loss: 0.78095
[  3, 15951] loss: 0.79750
[  3, 16001] loss: 0.82044
[  3, 16051] loss: 0.96382
[  3, 16101] loss: 0.94931
[  3, 16151] loss: 0.70266
[  3, 16201] loss: 0.70327
[  3, 16251] loss: 0.60835
[  3, 16301] loss: 0.80791
[  3, 16351] loss: 1.00934
[  3, 16401] loss: 1.15342
[  3, 16451] loss: 0.82164
[  3, 16501] loss: 0.80603
[  3, 16551] loss: 0.79009
[  3, 16601] loss: 0.91347
[  3, 16651] loss: 1.03162
[  3, 16701] loss: 0.83204
[  3, 16751] loss: 0.79598
[  3, 16801] loss: 1.15151
[  3, 16851] loss: 1.21172
[  3, 16901] loss: 0.92766
[  3, 16951] loss: 0.61449
[  3, 17001] loss: 0.58293
[  3, 17051] loss: 0.66292
[  3, 17101] loss: 0.69823
[  3, 17151] loss: 0.62201
[  3, 17201] loss: 0.70125
[  3, 17251] loss: 0.71278
[  3, 17301] loss: 0.69996
[  3, 17351] loss: 0.86553
[  3, 17401] loss: 0.85405
[  3, 17451] loss: 0.88641
[  3, 17501] loss: 0.88262
[  3, 17551] loss: 0.81684
[  3, 17601] loss: 0.93043
[  3, 17651] loss: 1.13307
[  3, 17701] loss: 0.90510
[  3, 17751] loss: 0.61993
[  3, 17801] loss: 0.60188
[  3, 17851] loss: 0.56832
[  3, 17901] loss: 0.68525
[  3, 17951] loss: 0.81227
[  3, 18001] loss: 0.75905
[  3, 18051] loss: 0.81120
[  3, 18101] loss: 0.77588
[  3, 18151] loss: 0.60027
[  3, 18201] loss: 0.64406
[  3, 18251] loss: 0.56297
[  3, 18301] loss: 0.69120
[  3, 18351] loss: 0.68605
[  3, 18401] loss: 0.84822
[  3, 18451] loss: 0.89149
[  3, 18501] loss: 0.73791
[  3, 18551] loss: 0.75633
[  3, 18601] loss: 0.55923
[  3, 18651] loss: 0.60817
[  3, 18701] loss: 0.66920
[  3, 18751] loss: 0.78226
[  3, 18801] loss: 0.79571
[  3, 18851] loss: 0.89432
[  3, 18901] loss: 0.69094
[  3, 18951] loss: 0.72807
[  3, 19001] loss: 0.63726
[  3, 19051] loss: 0.69527
[  3, 19101] loss: 0.68964
[  3, 19151] loss: 0.78960
[  3, 19201] loss: 0.92916
[  3, 19251] loss: 0.82574
[  3, 19301] loss: 0.72236
[  3, 19351] loss: 0.61105
[  3, 19401] loss: 0.77709
[  3, 19451] loss: 0.72071
[  3, 19501] loss: 0.65047
[  3, 19551] loss: 0.68518
[  3, 19601] loss: 0.69429
[  3, 19651] loss: 0.63693
[  3, 19701] loss: 0.64608
[  3, 19751] loss: 0.59095
[  3, 19801] loss: 0.65302
[  3, 19851] loss: 0.70746
[  3, 19901] loss: 0.77724
[  3, 19951] loss: 0.71900
[  3, 20001] loss: 0.74241
[  3, 20051] loss: 0.90417
[  3, 20101] loss: 0.86377
[  3, 20151] loss: 0.77973
[  3, 20201] loss: 0.77882
[  3, 20251] loss: 0.62489
[  3, 20301] loss: 0.65242
[  3, 20351] loss: 0.63166
[  3, 20401] loss: 0.61049
[  3, 20451] loss: 0.79203
[  3, 20501] loss: 0.96621
[  3, 20551] loss: 0.86313
[  3, 20601] loss: 1.04251
[  3, 20651] loss: 1.18829
[  3, 20701] loss: 0.80908
[  3, 20751] loss: 0.68485
[  3, 20801] loss: 0.98019
[  3, 20851] loss: 1.05935
[  3, 20901] loss: 1.16196
[  3, 20951] loss: 0.81026
[  3, 21001] loss: 0.74894
[  3, 21051] loss: 0.79939
[  3, 21101] loss: 0.77000
[  3, 21151] loss: 0.65287
[  3, 21201] loss: 0.84103
[  3, 21251] loss: 1.19688
[  3, 21301] loss: 0.76454
[  3, 21351] loss: 0.63773
[  3, 21401] loss: 0.73165
[  3, 21451] loss: 0.86963
[  3, 21501] loss: 0.94557
[  3, 21551] loss: 0.68343
[  3, 21601] loss: 0.78570
[  3, 21651] loss: 0.65804
[  3, 21701] loss: 0.82018
[  3, 21751] loss: 1.08148
[  3, 21801] loss: 1.16345
[  3, 21851] loss: 0.62477
[  3, 21901] loss: 0.71061
[  3, 21951] loss: 0.61343
[  3, 22001] loss: 0.58181
[  3, 22051] loss: 0.61077
[  3, 22101] loss: 0.68534
[  3, 22151] loss: 0.74872
[  3, 22201] loss: 0.67736
[  3, 22251] loss: 0.72824
[  3, 22301] loss: 1.00601
[  3, 22351] loss: 0.95965
[  3, 22401] loss: 0.96208
[  3, 22451] loss: 0.96385
[  3, 22501] loss: 0.72224
[  3, 22551] loss: 0.87278
[  3, 22601] loss: 0.68489
[  3, 22651] loss: 0.76040
[  3, 22701] loss: 0.72339
[  3, 22751] loss: 0.63580
[  3, 22801] loss: 0.54140
[  3, 22851] loss: 0.57675
[  3, 22901] loss: 0.73298
[  3, 22951] loss: 0.80193
[  3, 23001] loss: 0.65331
[  3, 23051] loss: 0.62307
[  3, 23101] loss: 0.76589
[  3, 23151] loss: 0.64457
[  3, 23201] loss: 0.58329
[  3, 23251] loss: 0.58096
[  3, 23301] loss: 0.84517
[  3, 23351] loss: 0.89459
[  3, 23401] loss: 0.87366
[  3, 23451] loss: 0.84411
[  3, 23501] loss: 0.87027
[  3, 23551] loss: 0.71778
[  3, 23601] loss: 0.75292
[  3, 23651] loss: 0.90575
[  3, 23701] loss: 0.61198
[  3, 23751] loss: 0.66885
[  3, 23801] loss: 0.62648
[  3, 23851] loss: 0.88241
[  3, 23901] loss: 0.80612
[  3, 23951] loss: 0.64316
[  3, 24001] loss: 0.59454
[  3, 24051] loss: 0.70371
[  3, 24101] loss: 0.62256
[  3, 24151] loss: 0.74475
[  3, 24201] loss: 1.08075
[  3, 24251] loss: 1.02560
[  3, 24301] loss: 0.82998
[  3, 24351] loss: 1.10120
[  3, 24401] loss: 0.72746
[  3, 24451] loss: 0.83190
[  3, 24501] loss: 0.85610
[  3, 24551] loss: 0.68793
[  3, 24601] loss: 0.75149
[  3, 24651] loss: 0.67713
[  3, 24701] loss: 0.66303
[  3, 24751] loss: 0.66405
[  3, 24801] loss: 1.08789
[  3, 24851] loss: 1.36357
[  3, 24901] loss: 0.91535
[  3, 24951] loss: 1.00789
[  4,     1] loss: 0.96789
[  4,    51] loss: 1.01818
[  4,   101] loss: 0.59612
[  4,   151] loss: 0.55639
[  4,   201] loss: 0.70976
[  4,   251] loss: 0.67500
[  4,   301] loss: 0.63261
[  4,   351] loss: 0.91779
[  4,   401] loss: 0.96905
[  4,   451] loss: 0.79969
[  4,   501] loss: 0.71619
[  4,   551] loss: 0.61067
[  4,   601] loss: 0.64756
[  4,   651] loss: 1.13437
[  4,   701] loss: 1.35649
[  4,   751] loss: 0.69226
[  4,   801] loss: 0.63781
[  4,   851] loss: 0.60663
[  4,   901] loss: 0.71143
[  4,   951] loss: 0.80247
[  4,  1001] loss: 0.68388
[  4,  1051] loss: 0.66842
[  4,  1101] loss: 0.85586
[  4,  1151] loss: 0.69056
[  4,  1201] loss: 0.63209
[  4,  1251] loss: 0.67451
[  4,  1301] loss: 0.61143
[  4,  1351] loss: 0.57845
[  4,  1401] loss: 0.90058
[  4,  1451] loss: 0.91132
[  4,  1501] loss: 0.55362
[  4,  1551] loss: 0.74140
[  4,  1601] loss: 0.74164
[  4,  1651] loss: 0.56282
[  4,  1701] loss: 0.68807
[  4,  1751] loss: 0.68096
[  4,  1801] loss: 0.68941
[  4,  1851] loss: 0.65280
[  4,  1901] loss: 0.76261
[  4,  1951] loss: 0.86414
[  4,  2001] loss: 0.70037
[  4,  2051] loss: 0.74459
[  4,  2101] loss: 0.60174
[  4,  2151] loss: 0.60130
[  4,  2201] loss: 0.67587
[  4,  2251] loss: 0.56637
[  4,  2301] loss: 0.67965
[  4,  2351] loss: 0.75983
[  4,  2401] loss: 1.00485
[  4,  2451] loss: 1.15512
[  4,  2501] loss: 0.63008
[  4,  2551] loss: 0.59419
[  4,  2601] loss: 0.68847
[  4,  2651] loss: 0.80505
[  4,  2701] loss: 0.58184
[  4,  2751] loss: 0.71252
[  4,  2801] loss: 0.83210
[  4,  2851] loss: 0.61804
[  4,  2901] loss: 0.85121
[  4,  2951] loss: 0.81925
[  4,  3001] loss: 0.69919
[  4,  3051] loss: 0.77178
[  4,  3101] loss: 0.62976
[  4,  3151] loss: 0.69112
[  4,  3201] loss: 0.63373
[  4,  3251] loss: 0.57028
[  4,  3301] loss: 0.72020
[  4,  3351] loss: 0.83801
[  4,  3401] loss: 0.72896
[  4,  3451] loss: 0.58990
[  4,  3501] loss: 0.63877
[  4,  3551] loss: 0.71225
[  4,  3601] loss: 0.64584
[  4,  3651] loss: 0.63493
[  4,  3701] loss: 0.81239
[  4,  3751] loss: 0.67901
[  4,  3801] loss: 0.77749
[  4,  3851] loss: 0.97213
[  4,  3901] loss: 1.23699
[  4,  3951] loss: 1.10619
[  4,  4001] loss: 0.81968
[  4,  4051] loss: 0.95541
[  4,  4101] loss: 0.68654
[  4,  4151] loss: 0.73546
[  4,  4201] loss: 0.63753
[  4,  4251] loss: 0.87682
[  4,  4301] loss: 0.69251
[  4,  4351] loss: 0.56605
[  4,  4401] loss: 0.59849
[  4,  4451] loss: 0.63886
[  4,  4501] loss: 0.56478
[  4,  4551] loss: 0.64218
[  4,  4601] loss: 0.82626
[  4,  4651] loss: 0.66855
[  4,  4701] loss: 0.64725
[  4,  4751] loss: 0.79762
[  4,  4801] loss: 0.82271
[  4,  4851] loss: 0.83135
[  4,  4901] loss: 0.77816
[  4,  4951] loss: 0.71947
[  4,  5001] loss: 0.83888
[  4,  5051] loss: 0.72343
[  4,  5101] loss: 0.98816
[  4,  5151] loss: 0.87947
[  4,  5201] loss: 0.71101
[  4,  5251] loss: 0.62678
[  4,  5301] loss: 0.77239
[  4,  5351] loss: 0.66225
[  4,  5401] loss: 0.50565
[  4,  5451] loss: 0.72102
[  4,  5501] loss: 0.67257
[  4,  5551] loss: 0.70088
[  4,  5601] loss: 0.75568
[  4,  5651] loss: 0.73011
[  4,  5701] loss: 0.59658
[  4,  5751] loss: 0.64863
[  4,  5801] loss: 0.77147
[  4,  5851] loss: 0.97106
[  4,  5901] loss: 0.68873
[  4,  5951] loss: 0.60183
[  4,  6001] loss: 0.62482
[  4,  6051] loss: 0.88965
[  4,  6101] loss: 0.90816
[  4,  6151] loss: 0.72218
[  4,  6201] loss: 0.96236
[  4,  6251] loss: 0.95038
[  4,  6301] loss: 0.70944
[  4,  6351] loss: 0.55049
[  4,  6401] loss: 0.66030
[  4,  6451] loss: 0.96879
[  4,  6501] loss: 0.56902
[  4,  6551] loss: 0.72299
[  4,  6601] loss: 0.63389
[  4,  6651] loss: 0.69182
[  4,  6701] loss: 0.78597
[  4,  6751] loss: 1.09081
[  4,  6801] loss: 1.31294
[  4,  6851] loss: 0.70304
[  4,  6901] loss: 0.73804
[  4,  6951] loss: 0.80248
[  4,  7001] loss: 0.57539
[  4,  7051] loss: 0.71382
[  4,  7101] loss: 0.72806
[  4,  7151] loss: 0.73024
[  4,  7201] loss: 0.67293
[  4,  7251] loss: 0.66893
[  4,  7301] loss: 0.79716
[  4,  7351] loss: 0.65807
[  4,  7401] loss: 0.91672
[  4,  7451] loss: 1.12738
[  4,  7501] loss: 0.62790
[  4,  7551] loss: 0.62256
[  4,  7601] loss: 0.61004
[  4,  7651] loss: 0.59506
[  4,  7701] loss: 0.71263
[  4,  7751] loss: 0.62197
[  4,  7801] loss: 0.63436
[  4,  7851] loss: 0.75640
[  4,  7901] loss: 1.08672
[  4,  7951] loss: 0.97104
[  4,  8001] loss: 0.60603
[  4,  8051] loss: 0.72832
[  4,  8101] loss: 0.78837
[  4,  8151] loss: 0.61276
[  4,  8201] loss: 0.52357
[  4,  8251] loss: 0.78857
[  4,  8301] loss: 0.99066
[  4,  8351] loss: 0.62140
[  4,  8401] loss: 0.62413
[  4,  8451] loss: 0.81329
[  4,  8501] loss: 0.60067
[  4,  8551] loss: 0.48577
[  4,  8601] loss: 0.67884
[  4,  8651] loss: 0.72795
[  4,  8701] loss: 0.56522
[  4,  8751] loss: 0.57845
[  4,  8801] loss: 0.88715
[  4,  8851] loss: 0.73716
[  4,  8901] loss: 0.62506
[  4,  8951] loss: 0.70922
[  4,  9001] loss: 0.57847
[  4,  9051] loss: 0.60926
[  4,  9101] loss: 0.76942
[  4,  9151] loss: 0.61505
[  4,  9201] loss: 0.59008
[  4,  9251] loss: 0.67473
[  4,  9301] loss: 0.74585
[  4,  9351] loss: 0.52730
[  4,  9401] loss: 0.59846
[  4,  9451] loss: 0.56040
[  4,  9501] loss: 0.70103
[  4,  9551] loss: 0.62954
[  4,  9601] loss: 0.67458
[  4,  9651] loss: 0.98157
[  4,  9701] loss: 0.73971
[  4,  9751] loss: 0.67785
[  4,  9801] loss: 0.76691
[  4,  9851] loss: 0.67519
[  4,  9901] loss: 0.63401
[  4,  9951] loss: 0.65351
[  4, 10001] loss: 0.66766
[  4, 10051] loss: 0.74642
[  4, 10101] loss: 0.70806
[  4, 10151] loss: 0.90024
[  4, 10201] loss: 1.14557
[  4, 10251] loss: 0.84777
[  4, 10301] loss: 0.51927
[  4, 10351] loss: 0.53693
[  4, 10401] loss: 0.63635
[  4, 10451] loss: 0.53059
[  4, 10501] loss: 1.00590
[  4, 10551] loss: 0.65782
[  4, 10601] loss: 0.69679
[  4, 10651] loss: 0.88225
[  4, 10701] loss: 0.77290
[  4, 10751] loss: 0.73693
[  4, 10801] loss: 0.91740
[  4, 10851] loss: 0.57995
[  4, 10901] loss: 0.68801
[  4, 10951] loss: 0.69091
[  4, 11001] loss: 0.67222
[  4, 11051] loss: 0.80981
[  4, 11101] loss: 0.89752
[  4, 11151] loss: 0.61124
[  4, 11201] loss: 0.55042
[  4, 11251] loss: 0.56344
[  4, 11301] loss: 0.45758
[  4, 11351] loss: 0.72314
[  4, 11401] loss: 0.64602
[  4, 11451] loss: 0.80538
[  4, 11501] loss: 0.74011
[  4, 11551] loss: 0.71819
[  4, 11601] loss: 0.79261
[  4, 11651] loss: 0.58874
[  4, 11701] loss: 0.72359
[  4, 11751] loss: 0.97239
[  4, 11801] loss: 0.88285
[  4, 11851] loss: 0.84646
[  4, 11901] loss: 0.70159
[  4, 11951] loss: 0.62017
[  4, 12001] loss: 0.67325
[  4, 12051] loss: 0.89912
[  4, 12101] loss: 0.73447
[  4, 12151] loss: 0.67435
[  4, 12201] loss: 0.56329
[  4, 12251] loss: 0.76409
[  4, 12301] loss: 0.66254
[  4, 12351] loss: 0.50842
[  4, 12401] loss: 0.55172
[  4, 12451] loss: 0.70850
[  4, 12501] loss: 1.13163
[  4, 12551] loss: 0.82184
[  4, 12601] loss: 0.98522
[  4, 12651] loss: 1.08968
[  4, 12701] loss: 0.58975
[  4, 12751] loss: 0.64283
[  4, 12801] loss: 0.73851
[  4, 12851] loss: 0.71951
[  4, 12901] loss: 0.60844
[  4, 12951] loss: 0.63186
[  4, 13001] loss: 0.81956
[  4, 13051] loss: 0.84323
[  4, 13101] loss: 1.06968
[  4, 13151] loss: 0.86290
[  4, 13201] loss: 0.65359
[  4, 13251] loss: 0.84770
[  4, 13301] loss: 0.79924
[  4, 13351] loss: 0.64460
[  4, 13401] loss: 0.58314
[  4, 13451] loss: 0.76982
[  4, 13501] loss: 1.01044
[  4, 13551] loss: 0.62764
[  4, 13601] loss: 0.69527
[  4, 13651] loss: 1.09045
[  4, 13701] loss: 1.15526
[  4, 13751] loss: 0.92255
[  4, 13801] loss: 0.91529
[  4, 13851] loss: 0.85049
[  4, 13901] loss: 0.69352
[  4, 13951] loss: 0.76068
[  4, 14001] loss: 0.72282
[  4, 14051] loss: 0.59374
[  4, 14101] loss: 0.59181
[  4, 14151] loss: 0.66945
[  4, 14201] loss: 0.68562
[  4, 14251] loss: 0.54877
[  4, 14301] loss: 0.72502
[  4, 14351] loss: 0.55301
[  4, 14401] loss: 0.66462
[  4, 14451] loss: 0.64453
[  4, 14501] loss: 0.72516
[  4, 14551] loss: 0.75960
[  4, 14601] loss: 0.60969
[  4, 14651] loss: 0.81037
[  4, 14701] loss: 1.21053
[  4, 14751] loss: 0.84939
[  4, 14801] loss: 0.84110
[  4, 14851] loss: 0.71242
[  4, 14901] loss: 0.63167
[  4, 14951] loss: 0.56037
[  4, 15001] loss: 0.74160
[  4, 15051] loss: 0.74898
[  4, 15101] loss: 0.75873
[  4, 15151] loss: 0.71084
[  4, 15201] loss: 0.61577
[  4, 15251] loss: 0.60802
[  4, 15301] loss: 0.56676
[  4, 15351] loss: 0.94348
[  4, 15401] loss: 0.90229
[  4, 15451] loss: 0.86001
[  4, 15501] loss: 0.67267
[  4, 15551] loss: 0.60982
[  4, 15601] loss: 0.78143
[  4, 15651] loss: 0.63297
[  4, 15701] loss: 0.83439
[  4, 15751] loss: 0.96106
[  4, 15801] loss: 1.06432
[  4, 15851] loss: 0.95882
[  4, 15901] loss: 0.72015
[  4, 15951] loss: 0.89175
[  4, 16001] loss: 0.89161
[  4, 16051] loss: 0.79551
[  4, 16101] loss: 0.83995
[  4, 16151] loss: 0.63668
[  4, 16201] loss: 0.49888
[  4, 16251] loss: 0.71675
[  4, 16301] loss: 1.03477
[  4, 16351] loss: 1.51046
[  4, 16401] loss: 0.87776
[  4, 16451] loss: 0.83482
[  4, 16501] loss: 0.95424
[  4, 16551] loss: 0.87674
[  4, 16601] loss: 0.86970
[  4, 16651] loss: 0.75185
[  4, 16701] loss: 0.78393
[  4, 16751] loss: 1.09111
[  4, 16801] loss: 1.17273
[  4, 16851] loss: 1.09759
[  4, 16901] loss: 0.92945
[  4, 16951] loss: 0.70854
[  4, 17001] loss: 0.58758
[  4, 17051] loss: 0.79523
[  4, 17101] loss: 0.58960
[  4, 17151] loss: 0.57921
[  4, 17201] loss: 0.73286
[  4, 17251] loss: 0.74983
[  4, 17301] loss: 0.65350
[  4, 17351] loss: 0.76655
[  4, 17401] loss: 0.57461
[  4, 17451] loss: 0.62797
[  4, 17501] loss: 0.66104
[  4, 17551] loss: 0.85777
[  4, 17601] loss: 1.01337
[  4, 17651] loss: 1.26411
[  4, 17701] loss: 0.88111
[  4, 17751] loss: 0.78806
[  4, 17801] loss: 0.67546
[  4, 17851] loss: 0.62994
[  4, 17901] loss: 0.88703
[  4, 17951] loss: 0.80141
[  4, 18001] loss: 0.64495
[  4, 18051] loss: 0.61202
[  4, 18101] loss: 0.64577
[  4, 18151] loss: 0.65208
[  4, 18201] loss: 0.68477
[  4, 18251] loss: 0.66562
[  4, 18301] loss: 0.68703
[  4, 18351] loss: 0.86598
[  4, 18401] loss: 0.70131
[  4, 18451] loss: 0.86181
[  4, 18501] loss: 0.87703
[  4, 18551] loss: 0.67268
[  4, 18601] loss: 0.66680
[  4, 18651] loss: 0.56792
[  4, 18701] loss: 0.62977
[  4, 18751] loss: 0.69416
[  4, 18801] loss: 0.82030
[  4, 18851] loss: 0.68073
[  4, 18901] loss: 0.68276
[  4, 18951] loss: 0.56467
[  4, 19001] loss: 0.67921
[  4, 19051] loss: 0.76543
[  4, 19101] loss: 0.88917
[  4, 19151] loss: 0.79780
[  4, 19201] loss: 0.73818
[  4, 19251] loss: 0.70272
[  4, 19301] loss: 0.63705
[  4, 19351] loss: 0.64958
[  4, 19401] loss: 0.69606
[  4, 19451] loss: 0.70210
[  4, 19501] loss: 0.56477
[  4, 19551] loss: 0.59031
[  4, 19601] loss: 0.63100
[  4, 19651] loss: 0.60297
[  4, 19701] loss: 0.73535
[  4, 19751] loss: 0.62376
[  4, 19801] loss: 0.65496
[  4, 19851] loss: 0.68633
[  4, 19901] loss: 0.52397
[  4, 19951] loss: 0.60796
[  4, 20001] loss: 0.54822
[  4, 20051] loss: 0.66144
[  4, 20101] loss: 0.67067
[  4, 20151] loss: 0.88476
[  4, 20201] loss: 0.87254
[  4, 20251] loss: 0.82514
[  4, 20301] loss: 1.01992
[  4, 20351] loss: 0.66272
[  4, 20401] loss: 0.62866
[  4, 20451] loss: 0.58158
[  4, 20501] loss: 0.57101
[  4, 20551] loss: 0.77957
[  4, 20601] loss: 0.74710
[  4, 20651] loss: 0.69597
[  4, 20701] loss: 0.69578
[  4, 20751] loss: 0.65903
[  4, 20801] loss: 0.62555
[  4, 20851] loss: 0.69576
[  4, 20901] loss: 0.59760
[  4, 20951] loss: 0.52258
[  4, 21001] loss: 0.81762
[  4, 21051] loss: 0.90926
[  4, 21101] loss: 0.81963
[  4, 21151] loss: 0.75487
[  4, 21201] loss: 0.76177
[  4, 21251] loss: 0.69366
[  4, 21301] loss: 0.48644
[  4, 21351] loss: 0.77465
[  4, 21401] loss: 1.10542
[  4, 21451] loss: 0.91598
[  4, 21501] loss: 1.08672
[  4, 21551] loss: 0.89160
[  4, 21601] loss: 0.66917
[  4, 21651] loss: 0.80403
[  4, 21701] loss: 0.69534
[  4, 21751] loss: 0.55647
[  4, 21801] loss: 0.67679
[  4, 21851] loss: 0.79898
[  4, 21901] loss: 0.85774
[  4, 21951] loss: 0.72256
[  4, 22001] loss: 0.73279
[  4, 22051] loss: 0.63449
[  4, 22101] loss: 0.73117
[  4, 22151] loss: 0.67609
[  4, 22201] loss: 0.72463
[  4, 22251] loss: 0.70593
[  4, 22301] loss: 0.79162
[  4, 22351] loss: 0.80611
[  4, 22401] loss: 0.89807
[  4, 22451] loss: 0.86467
[  4, 22501] loss: 0.84062
[  4, 22551] loss: 0.89237
[  4, 22601] loss: 0.65779
[  4, 22651] loss: 0.77412
[  4, 22701] loss: 0.96686
[  4, 22751] loss: 0.64963
[  4, 22801] loss: 0.60833
[  4, 22851] loss: 0.69059
[  4, 22901] loss: 0.63725
[  4, 22951] loss: 0.66166
[  4, 23001] loss: 0.58836
[  4, 23051] loss: 0.53352
[  4, 23101] loss: 0.80720
[  4, 23151] loss: 0.57741
[  4, 23201] loss: 0.56581
[  4, 23251] loss: 0.68188
[  4, 23301] loss: 0.89512
[  4, 23351] loss: 0.87544
[  4, 23401] loss: 0.92151
[  4, 23451] loss: 0.94370
[  4, 23501] loss: 0.87383
[  4, 23551] loss: 0.68034
[  4, 23601] loss: 0.66944
[  4, 23651] loss: 0.69557
[  4, 23701] loss: 0.59240
[  4, 23751] loss: 0.64137
[  4, 23801] loss: 0.62417
[  4, 23851] loss: 0.85292
[  4, 23901] loss: 0.71977
[  4, 23951] loss: 0.62533
[  4, 24001] loss: 0.54449
[  4, 24051] loss: 0.85041
[  4, 24101] loss: 0.65546
[  4, 24151] loss: 0.56676
[  4, 24201] loss: 0.73858
[  4, 24251] loss: 0.65444
[  4, 24301] loss: 0.78677
[  4, 24351] loss: 0.95735
[  4, 24401] loss: 0.83719
[  4, 24451] loss: 0.98208
[  4, 24501] loss: 1.17199
[  4, 24551] loss: 0.55227
[  4, 24601] loss: 0.63235
[  4, 24651] loss: 0.70578
[  4, 24701] loss: 0.83791
[  4, 24751] loss: 0.62574
[  4, 24801] loss: 0.75417
[  4, 24851] loss: 0.69061
[  4, 24901] loss: 0.90778
[  4, 24951] loss: 1.19206
[  5,     1] loss: 1.24078
[  5,    51] loss: 1.38166
[  5,   101] loss: 0.69828
[  5,   151] loss: 0.70117
[  5,   201] loss: 0.68674
[  5,   251] loss: 0.73954
[  5,   301] loss: 0.51615
[  5,   351] loss: 0.58058
[  5,   401] loss: 0.74545
[  5,   451] loss: 1.12548
[  5,   501] loss: 0.69447
[  5,   551] loss: 0.72057
[  5,   601] loss: 1.05824
[  5,   651] loss: 1.16280
[  5,   701] loss: 1.18394
[  5,   751] loss: 0.86351
[  5,   801] loss: 0.54045
[  5,   851] loss: 0.60225
[  5,   901] loss: 0.69783
[  5,   951] loss: 0.68095
[  5,  1001] loss: 0.70503
[  5,  1051] loss: 0.55339
[  5,  1101] loss: 0.68047
[  5,  1151] loss: 0.60571
[  5,  1201] loss: 0.61871
[  5,  1251] loss: 0.70770
[  5,  1301] loss: 0.66398
[  5,  1351] loss: 0.67625
[  5,  1401] loss: 0.90187
[  5,  1451] loss: 0.70640
[  5,  1501] loss: 0.59044
[  5,  1551] loss: 0.58534
[  5,  1601] loss: 0.78112
[  5,  1651] loss: 0.50703
[  5,  1701] loss: 0.68806
[  5,  1751] loss: 0.68336
[  5,  1801] loss: 0.57205
[  5,  1851] loss: 0.59096
[  5,  1901] loss: 0.67243
[  5,  1951] loss: 0.94995
[  5,  2001] loss: 0.60507
[  5,  2051] loss: 0.60734
[  5,  2101] loss: 0.56669
[  5,  2151] loss: 0.55767
[  5,  2201] loss: 0.57466
[  5,  2251] loss: 0.55181
[  5,  2301] loss: 0.51562
[  5,  2351] loss: 0.88469
[  5,  2401] loss: 0.71721
[  5,  2451] loss: 0.69569
[  5,  2501] loss: 0.55852
[  5,  2551] loss: 0.61688
[  5,  2601] loss: 0.57281
[  5,  2651] loss: 0.82799
[  5,  2701] loss: 0.79536
[  5,  2751] loss: 0.74364
[  5,  2801] loss: 0.88358
[  5,  2851] loss: 0.82443
[  5,  2901] loss: 0.74273
[  5,  2951] loss: 0.88961
[  5,  3001] loss: 0.59673
[  5,  3051] loss: 0.72294
[  5,  3101] loss: 0.75322
[  5,  3151] loss: 1.05407
[  5,  3201] loss: 0.59384
[  5,  3251] loss: 0.65437
[  5,  3301] loss: 0.62843
[  5,  3351] loss: 0.65858
[  5,  3401] loss: 0.76489
[  5,  3451] loss: 0.55785
[  5,  3501] loss: 0.56967
[  5,  3551] loss: 0.51310
[  5,  3601] loss: 0.53758
[  5,  3651] loss: 0.61555
[  5,  3701] loss: 0.66257
[  5,  3751] loss: 0.58955
[  5,  3801] loss: 0.58137
[  5,  3851] loss: 0.72635
[  5,  3901] loss: 0.59292
[  5,  3951] loss: 0.62110
[  5,  4001] loss: 0.71826
[  5,  4051] loss: 0.82352
[  5,  4101] loss: 0.47766
[  5,  4151] loss: 0.58865
[  5,  4201] loss: 0.73095
[  5,  4251] loss: 0.84743
[  5,  4301] loss: 0.59587
[  5,  4351] loss: 0.58246
[  5,  4401] loss: 0.80696
[  5,  4451] loss: 0.74297
[  5,  4501] loss: 0.97027
[  5,  4551] loss: 0.79301
[  5,  4601] loss: 0.77813
[  5,  4651] loss: 0.64796
[  5,  4701] loss: 0.66697
[  5,  4751] loss: 0.63288
[  5,  4801] loss: 0.84989
[  5,  4851] loss: 0.80735
[  5,  4901] loss: 0.80928
[  5,  4951] loss: 0.55729
[  5,  5001] loss: 0.62901
[  5,  5051] loss: 0.66843
[  5,  5101] loss: 0.99573
[  5,  5151] loss: 0.91436
[  5,  5201] loss: 0.63572
[  5,  5251] loss: 0.65826
[  5,  5301] loss: 0.86030
[  5,  5351] loss: 0.61603
[  5,  5401] loss: 0.53324
[  5,  5451] loss: 0.92721
[  5,  5501] loss: 0.77335
[  5,  5551] loss: 0.81004
[  5,  5601] loss: 1.22814
[  5,  5651] loss: 0.80800
[  5,  5701] loss: 0.59821
[  5,  5751] loss: 0.67906
[  5,  5801] loss: 0.57799
[  5,  5851] loss: 0.67105
[  5,  5901] loss: 0.67266
[  5,  5951] loss: 0.57417
[  5,  6001] loss: 0.74910
[  5,  6051] loss: 1.50580
[  5,  6101] loss: 1.01191
[  5,  6151] loss: 0.70335
[  5,  6201] loss: 0.75682
[  5,  6251] loss: 0.85125
[  5,  6301] loss: 0.77341
[  5,  6351] loss: 0.55137
[  5,  6401] loss: 0.56413
[  5,  6451] loss: 0.57792
[  5,  6501] loss: 0.87419
[  5,  6551] loss: 0.81946
[  5,  6601] loss: 0.59324
[  5,  6651] loss: 0.65602
[  5,  6701] loss: 0.59086
[  5,  6751] loss: 0.83890
[  5,  6801] loss: 1.17542
[  5,  6851] loss: 0.72005
[  5,  6901] loss: 0.75146
[  5,  6951] loss: 0.47390
[  5,  7001] loss: 0.48640
[  5,  7051] loss: 0.49826
[  5,  7101] loss: 0.66996
[  5,  7151] loss: 0.73257
[  5,  7201] loss: 0.64460
[  5,  7251] loss: 0.64819
[  5,  7301] loss: 0.67375
[  5,  7351] loss: 0.59529
[  5,  7401] loss: 0.67797
[  5,  7451] loss: 0.67346
[  5,  7501] loss: 0.63309
[  5,  7551] loss: 0.56424
[  5,  7601] loss: 0.58693
[  5,  7651] loss: 0.71102
[  5,  7701] loss: 0.57682
[  5,  7751] loss: 0.74474
[  5,  7801] loss: 0.82135
[  5,  7851] loss: 0.73622
[  5,  7901] loss: 0.74850
[  5,  7951] loss: 0.68166
[  5,  8001] loss: 0.42782
[  5,  8051] loss: 0.65556
[  5,  8101] loss: 0.76042
[  5,  8151] loss: 0.77760
[  5,  8201] loss: 0.58162
[  5,  8251] loss: 0.49611
[  5,  8301] loss: 0.73380
[  5,  8351] loss: 0.55974
[  5,  8401] loss: 0.65054
[  5,  8451] loss: 0.70920
[  5,  8501] loss: 0.46543
[  5,  8551] loss: 0.53238
[  5,  8601] loss: 0.59190
[  5,  8651] loss: 0.55237
[  5,  8701] loss: 0.59355
[  5,  8751] loss: 0.94903
[  5,  8801] loss: 0.87989
[  5,  8851] loss: 0.56376
[  5,  8901] loss: 0.61763
[  5,  8951] loss: 0.62359
[  5,  9001] loss: 0.72887
[  5,  9051] loss: 0.51366
[  5,  9101] loss: 0.60824
[  5,  9151] loss: 0.50938
[  5,  9201] loss: 0.94014
[  5,  9251] loss: 0.77828
[  5,  9301] loss: 0.52770
[  5,  9351] loss: 0.47894
[  5,  9401] loss: 0.61728
[  5,  9451] loss: 0.58796
[  5,  9501] loss: 0.62693
[  5,  9551] loss: 0.65357
[  5,  9601] loss: 0.69670
[  5,  9651] loss: 0.88200
[  5,  9701] loss: 0.79344
[  5,  9751] loss: 1.01214
[  5,  9801] loss: 0.86704
[  5,  9851] loss: 0.59748
[  5,  9901] loss: 0.58021
[  5,  9951] loss: 0.81848
[  5, 10001] loss: 0.61352
[  5, 10051] loss: 0.64734
[  5, 10101] loss: 0.68158
[  5, 10151] loss: 0.77327
[  5, 10201] loss: 1.10400
[  5, 10251] loss: 0.80072
[  5, 10301] loss: 0.63088
[  5, 10351] loss: 0.49463
[  5, 10401] loss: 0.50870
[  5, 10451] loss: 0.58310
[  5, 10501] loss: 0.75417
[  5, 10551] loss: 0.57770
[  5, 10601] loss: 0.42616
[  5, 10651] loss: 0.55214
[  5, 10701] loss: 0.67380
[  5, 10751] loss: 0.76534
[  5, 10801] loss: 0.69294
[  5, 10851] loss: 0.44233
[  5, 10901] loss: 0.61940
[  5, 10951] loss: 0.86351
[  5, 11001] loss: 0.63050
[  5, 11051] loss: 0.80467
[  5, 11101] loss: 0.59278
[  5, 11151] loss: 0.63012
[  5, 11201] loss: 0.63145
[  5, 11251] loss: 0.57104
[  5, 11301] loss: 0.73045
[  5, 11351] loss: 1.16405
[  5, 11401] loss: 0.80853
[  5, 11451] loss: 0.83673
[  5, 11501] loss: 0.69118
[  5, 11551] loss: 0.55336
[  5, 11601] loss: 0.68977
[  5, 11651] loss: 0.57411
[  5, 11701] loss: 1.13115
[  5, 11751] loss: 0.97845
[  5, 11801] loss: 1.04543
[  5, 11851] loss: 0.61409
[  5, 11901] loss: 0.63036
[  5, 11951] loss: 0.63241
[  5, 12001] loss: 0.59221
[  5, 12051] loss: 0.58437
[  5, 12101] loss: 0.54918
[  5, 12151] loss: 0.58301
[  5, 12201] loss: 0.51796
[  5, 12251] loss: 0.67772
[  5, 12301] loss: 0.88506
[  5, 12351] loss: 0.71209
[  5, 12401] loss: 0.48553
[  5, 12451] loss: 0.51018
[  5, 12501] loss: 0.50800
[  5, 12551] loss: 0.40662
[  5, 12601] loss: 0.63847
[  5, 12651] loss: 0.55209
[  5, 12701] loss: 0.76704
[  5, 12751] loss: 0.68438
[  5, 12801] loss: 0.81735
[  5, 12851] loss: 0.61481
[  5, 12901] loss: 0.72985
[  5, 12951] loss: 0.80219
[  5, 13001] loss: 0.90276
[  5, 13051] loss: 0.64346
[  5, 13101] loss: 1.11647
[  5, 13151] loss: 0.63443
[  5, 13201] loss: 0.65698
[  5, 13251] loss: 0.67899
[  5, 13301] loss: 0.65474
[  5, 13351] loss: 0.59286
[  5, 13401] loss: 0.64858
[  5, 13451] loss: 0.73657
[  5, 13501] loss: 0.62869
[  5, 13551] loss: 0.51584
[  5, 13601] loss: 0.61429
[  5, 13651] loss: 0.60670
[  5, 13701] loss: 0.66798
[  5, 13751] loss: 0.47097
[  5, 13801] loss: 0.51181
[  5, 13851] loss: 0.46453
[  5, 13901] loss: 0.61005
[  5, 13951] loss: 0.80156
[  5, 14001] loss: 0.78160
[  5, 14051] loss: 0.65061
[  5, 14101] loss: 0.74963
[  5, 14151] loss: 0.71674
[  5, 14201] loss: 0.70916
[  5, 14251] loss: 0.48877
[  5, 14301] loss: 0.63006
[  5, 14351] loss: 0.84834
[  5, 14401] loss: 0.74487
[  5, 14451] loss: 0.81124
[  5, 14501] loss: 0.66309
[  5, 14551] loss: 0.58944
[  5, 14601] loss: 0.77421
[  5, 14651] loss: 0.58498
[  5, 14701] loss: 0.59004
[  5, 14751] loss: 0.67163
[  5, 14801] loss: 0.68152
[  5, 14851] loss: 0.74162
[  5, 14901] loss: 0.86975
[  5, 14951] loss: 1.02936
[  5, 15001] loss: 0.93299
[  5, 15051] loss: 0.56889
[  5, 15101] loss: 0.58953
[  5, 15151] loss: 0.71642
[  5, 15201] loss: 0.57822
[  5, 15251] loss: 0.90775
[  5, 15301] loss: 0.60377
[  5, 15351] loss: 0.89478
[  5, 15401] loss: 0.64070
[  5, 15451] loss: 0.79755
[  5, 15501] loss: 0.79735
[  5, 15551] loss: 0.56888
[  5, 15601] loss: 0.90463
[  5, 15651] loss: 0.70281
[  5, 15701] loss: 0.54937
[  5, 15751] loss: 0.70917
[  5, 15801] loss: 0.86726
[  5, 15851] loss: 0.68503
[  5, 15901] loss: 0.54838
[  5, 15951] loss: 0.67422
[  5, 16001] loss: 0.52415
[  5, 16051] loss: 0.44554
[  5, 16101] loss: 0.69878
[  5, 16151] loss: 1.41945
[  5, 16201] loss: 0.89598
[  5, 16251] loss: 1.17217
[  5, 16301] loss: 0.80787
[  5, 16351] loss: 1.05994
[  5, 16401] loss: 0.95927
[  5, 16451] loss: 0.74096
[  5, 16501] loss: 0.74697
[  5, 16551] loss: 0.77785
[  5, 16601] loss: 0.75956
[  5, 16651] loss: 0.87154
[  5, 16701] loss: 0.96568
[  5, 16751] loss: 0.62904
[  5, 16801] loss: 0.70341
[  5, 16851] loss: 0.66151
[  5, 16901] loss: 0.67634
[  5, 16951] loss: 0.67485
[  5, 17001] loss: 0.63717
[  5, 17051] loss: 0.57224
[  5, 17101] loss: 0.70451
[  5, 17151] loss: 0.67134
[  5, 17201] loss: 1.12559
[  5, 17251] loss: 0.59103
[  5, 17301] loss: 0.59732
[  5, 17351] loss: 0.68111
[  5, 17401] loss: 0.66235
[  5, 17451] loss: 0.79743
[  5, 17501] loss: 0.74088
[  5, 17551] loss: 0.62938
[  5, 17601] loss: 0.50074
[  5, 17651] loss: 0.67953
[  5, 17701] loss: 0.71773
[  5, 17751] loss: 0.63688
[  5, 17801] loss: 0.61510
[  5, 17851] loss: 0.49078
[  5, 17901] loss: 0.80336
[  5, 17951] loss: 0.74462
[  5, 18001] loss: 0.58983
[  5, 18051] loss: 0.63612
[  5, 18101] loss: 0.69398
[  5, 18151] loss: 0.41348
[  5, 18201] loss: 0.48885
[  5, 18251] loss: 0.53932
[  5, 18301] loss: 0.56577
[  5, 18351] loss: 0.54472
[  5, 18401] loss: 0.58453
[  5, 18451] loss: 0.69500
[  5, 18501] loss: 0.64468
[  5, 18551] loss: 0.83485
[  5, 18601] loss: 1.04125
[  5, 18651] loss: 0.74820
[  5, 18701] loss: 0.54365
[  5, 18751] loss: 0.54958
[  5, 18801] loss: 0.62741
[  5, 18851] loss: 0.78014
[  5, 18901] loss: 1.38682
[  5, 18951] loss: 0.91145
[  5, 19001] loss: 0.66123
[  5, 19051] loss: 0.64421
[  5, 19101] loss: 0.64093
[  5, 19151] loss: 1.14871
[  5, 19201] loss: 0.76944
[  5, 19251] loss: 0.56838
[  5, 19301] loss: 0.94673
[  5, 19351] loss: 1.02683
[  5, 19401] loss: 0.75558
[  5, 19451] loss: 0.72898
[  5, 19501] loss: 0.51325
[  5, 19551] loss: 0.64336
[  5, 19601] loss: 0.62968
[  5, 19651] loss: 0.60124
[  5, 19701] loss: 0.74980
[  5, 19751] loss: 0.72805
[  5, 19801] loss: 0.74125
[  5, 19851] loss: 0.54973
[  5, 19901] loss: 0.78009
[  5, 19951] loss: 0.65746
[  5, 20001] loss: 0.93610
[  5, 20051] loss: 1.00432
[  5, 20101] loss: 0.86537
[  5, 20151] loss: 0.84578
[  5, 20201] loss: 0.62123
[  5, 20251] loss: 0.64562
[  5, 20301] loss: 0.77829
[  5, 20351] loss: 0.64866
[  5, 20401] loss: 0.57865
[  5, 20451] loss: 0.56502
[  5, 20501] loss: 0.64349
[  5, 20551] loss: 0.60422
[  5, 20601] loss: 0.69900
[  5, 20651] loss: 1.10455
[  5, 20701] loss: 0.71203
[  5, 20751] loss: 0.69468
[  5, 20801] loss: 0.93870
[  5, 20851] loss: 1.05635
[  5, 20901] loss: 0.77269
[  5, 20951] loss: 0.80826
[  5, 21001] loss: 0.67773
[  5, 21051] loss: 0.95086
[  5, 21101] loss: 0.70660
[  5, 21151] loss: 0.70891
[  5, 21201] loss: 0.91280
[  5, 21251] loss: 1.23394
[  5, 21301] loss: 0.73107
[  5, 21351] loss: 0.62420
[  5, 21401] loss: 0.48849
[  5, 21451] loss: 0.57939
[  5, 21501] loss: 0.58256
[  5, 21551] loss: 0.70736
[  5, 21601] loss: 0.62590
[  5, 21651] loss: 0.70961
[  5, 21701] loss: 0.90704
[  5, 21751] loss: 1.22825
[  5, 21801] loss: 1.22358
[  5, 21851] loss: 0.78630
[  5, 21901] loss: 0.59372
[  5, 21951] loss: 0.76898
[  5, 22001] loss: 0.76447
[  5, 22051] loss: 1.05215
[  5, 22101] loss: 0.69988
[  5, 22151] loss: 0.86213
[  5, 22201] loss: 0.66893
[  5, 22251] loss: 0.92702
[  5, 22301] loss: 0.98788
[  5, 22351] loss: 0.73040
[  5, 22401] loss: 0.65645
[  5, 22451] loss: 0.76351
[  5, 22501] loss: 0.58496
[  5, 22551] loss: 0.67194
[  5, 22601] loss: 0.56454
[  5, 22651] loss: 0.41142
[  5, 22701] loss: 0.56011
[  5, 22751] loss: 0.72615
[  5, 22801] loss: 0.74507
[  5, 22851] loss: 0.56353
[  5, 22901] loss: 0.58554
[  5, 22951] loss: 0.46530
[  5, 23001] loss: 0.69299
[  5, 23051] loss: 0.65842
[  5, 23101] loss: 0.72522
[  5, 23151] loss: 1.18008
[  5, 23201] loss: 0.99165
[  5, 23251] loss: 0.55589
[  5, 23301] loss: 0.58866
[  5, 23351] loss: 0.55241
[  5, 23401] loss: 0.63699
[  5, 23451] loss: 0.64551
[  5, 23501] loss: 0.62234
[  5, 23551] loss: 0.81997
[  5, 23601] loss: 0.56934
[  5, 23651] loss: 0.65175
[  5, 23701] loss: 0.73015
[  5, 23751] loss: 0.65231
[  5, 23801] loss: 0.71688
[  5, 23851] loss: 1.03219
[  5, 23901] loss: 0.63688
[  5, 23951] loss: 0.61776
[  5, 24001] loss: 0.42975
[  5, 24051] loss: 0.69940
[  5, 24101] loss: 1.03715
[  5, 24151] loss: 1.07693
[  5, 24201] loss: 1.05274
[  5, 24251] loss: 0.77580
[  5, 24301] loss: 0.46479
[  5, 24351] loss: 0.74463
[  5, 24401] loss: 0.58621
[  5, 24451] loss: 0.80486
[  5, 24501] loss: 0.78833
[  5, 24551] loss: 0.66344
[  5, 24601] loss: 0.52403
[  5, 24651] loss: 0.55955
[  5, 24701] loss: 0.58995
[  5, 24751] loss: 0.50614
[  5, 24801] loss: 1.05025
[  5, 24851] loss: 0.96912
[  5, 24901] loss: 0.67327
[  5, 24951] loss: 0.66582
Finished training
Accuracy on train: 0.73788
Accuracy on test: 0.57084
