{'word_context': 29, 'word_embed_size': 50, 'word_conv_units': 300, 'hidden_units': 5, 'drop_amount': 0.2, 'dropout': True, 'batch_size': 50}
train set done
test set done
<bound method MixedNet.parameters of MixedNet (
  (W_wrd): DataParallel (
    (module): Embedding(89528, 50)
  )
  (word_level_conv): DataParallel (
    (module): Conv2d(1, 300, kernel_size=(50, 29), stride=(1, 1), padding=(0, 14))
  )
  (word_level_maxpool): DataParallel (
    (module): AdaptiveMaxPool2d (output_size=(300, 1))
  )
  (fc1): DataParallel (
    (module): Linear (300 -> 5)
  )
  (fc2): DataParallel (
    (module): Linear (5 -> 2)
  )
  (dropout): DataParallel (
    (module): Dropout (p = 0.2)
  )
)>
[  1,     1] loss: 0.68731
[  1,    51] loss: 0.73734
[  1,   101] loss: 0.71163
[  1,   151] loss: 0.66161
[  1,   201] loss: 0.68031
[  1,   251] loss: 0.71066
[  1,   301] loss: 0.70166
[  1,   351] loss: 0.71641
[  1,   401] loss: 0.71946
[  1,   451] loss: 0.69608
[  1,   501] loss: 0.70321
[  1,   551] loss: 0.79620
[  1,   601] loss: 0.72285
[  1,   651] loss: 0.72266
[  1,   701] loss: 0.73450
[  1,   751] loss: 0.69832
[  1,   801] loss: 0.68632
[  1,   851] loss: 0.71002
[  1,   901] loss: 0.69809
[  1,   951] loss: 0.69801
[  1,  1001] loss: 0.70379
[  1,  1051] loss: 0.73861
[  1,  1101] loss: 0.73833
[  1,  1151] loss: 0.71499
[  1,  1201] loss: 0.68045
[  1,  1251] loss: 0.69186
[  1,  1301] loss: 0.69749
[  1,  1351] loss: 0.69742
[  1,  1401] loss: 0.68051
[  1,  1451] loss: 0.68611
[  1,  1501] loss: 0.70281
[  1,  1551] loss: 0.69719
[  1,  1601] loss: 0.70266
[  1,  1651] loss: 0.70808
[  1,  1701] loss: 0.68606
[  1,  1751] loss: 0.67514
[  1,  1801] loss: 0.71324
[  1,  1851] loss: 0.68062
[  1,  1901] loss: 0.71303
[  1,  1951] loss: 0.71830
[  1,  2001] loss: 0.68066
[  1,  2051] loss: 0.68601
[  1,  2101] loss: 0.69664
[  1,  2151] loss: 0.74428
[  1,  2201] loss: 0.71763
[  1,  2251] loss: 0.69123
[  1,  2301] loss: 0.70687
[  1,  2351] loss: 0.70676
[  1,  2401] loss: 0.66529
[  1,  2451] loss: 0.67567
[  1,  2501] loss: 0.69109
[  1,  2551] loss: 0.71152
[  1,  2601] loss: 0.73179
[  1,  2651] loss: 0.68595
[  1,  2701] loss: 0.69604
[  1,  2751] loss: 0.71610
[  1,  2801] loss: 0.71095
[  1,  2851] loss: 0.70087
[  1,  2901] loss: 0.69089
[  1,  2951] loss: 0.71057
[  1,  3001] loss: 0.70554
[  1,  3051] loss: 0.67618
[  1,  3101] loss: 0.70049
[  1,  3151] loss: 0.68110
[  1,  3201] loss: 0.69074
[  1,  3251] loss: 0.68114
[  1,  3301] loss: 0.70026
[  1,  3351] loss: 0.67165
[  1,  3401] loss: 0.67169
[  1,  3451] loss: 0.70015
[  1,  3501] loss: 0.72848
[  1,  3551] loss: 0.69536
[  1,  3601] loss: 0.71410
[  1,  3651] loss: 0.70931
[  1,  3701] loss: 0.70921
[  1,  3751] loss: 0.68594
[  1,  3801] loss: 0.70899
[  1,  3851] loss: 0.70888
[  1,  3901] loss: 0.69051
[  1,  3951] loss: 0.70864
[  1,  4001] loss: 0.71304
[  1,  4051] loss: 0.72634
[  1,  4101] loss: 0.69043
[  1,  4151] loss: 0.72139
[  1,  4201] loss: 0.70357
[  1,  4251] loss: 0.70781
[  1,  4301] loss: 0.71199
[  1,  4351] loss: 0.69461
[  1,  4401] loss: 0.70309
[  1,  4451] loss: 0.66487
[  1,  4501] loss: 0.71973
[  1,  4551] loss: 0.69860
[  1,  4601] loss: 0.71931
[  1,  4651] loss: 0.70671
[  1,  4701] loss: 0.69019
[  1,  4751] loss: 0.69424
[  1,  4801] loss: 0.69420
[  1,  4851] loss: 0.69015
[  1,  4901] loss: 0.68215
[  1,  4951] loss: 0.69806
[  1,  5001] loss: 0.70591
[  1,  5051] loss: 0.67439
[  1,  5101] loss: 0.71356
[  1,  5151] loss: 0.69009
[  1,  5201] loss: 0.70557
[  1,  5251] loss: 0.68622
[  1,  5301] loss: 0.65940
[  1,  5351] loss: 0.70535
[  1,  5401] loss: 0.70149
[  1,  5451] loss: 0.69005
[  1,  5501] loss: 0.69383
[  1,  5551] loss: 0.69758
[  1,  5601] loss: 0.69004
[  1,  5651] loss: 0.69378
[  1,  5701] loss: 0.69003
[  1,  5751] loss: 0.71235
[  1,  5801] loss: 0.71225
[  1,  5851] loss: 0.69738
[  1,  5901] loss: 0.70101
[  1,  5951] loss: 0.69365
[  1,  6001] loss: 0.69725
[  1,  6051] loss: 0.70081
[  1,  6101] loss: 0.70433
[  1,  6151] loss: 0.70780
[  1,  6201] loss: 0.67936
[  1,  6251] loss: 0.67942
[  1,  6301] loss: 0.72501
[  1,  6351] loss: 0.70041
[  1,  6401] loss: 0.71764
[  1,  6451] loss: 0.68996
[  1,  6501] loss: 0.67292
[  1,  6551] loss: 0.70690
[  1,  6601] loss: 0.68995
[  1,  6651] loss: 0.68325
[  1,  6701] loss: 0.71329
[  1,  6751] loss: 0.68995
[  1,  6801] loss: 0.71963
[  1,  6851] loss: 0.69649
[  1,  6901] loss: 0.68344
[  1,  6951] loss: 0.69964
[  1,  7001] loss: 0.68031
[  1,  7051] loss: 0.66756
[  1,  7101] loss: 0.71546
[  1,  7151] loss: 0.69947
[  1,  7201] loss: 0.68994
[  1,  7251] loss: 0.68050
[  1,  7301] loss: 0.70250
[  1,  7351] loss: 0.69307
[  1,  7401] loss: 0.68995
[  1,  7451] loss: 0.72410
[  1,  7501] loss: 0.71155
[  1,  7551] loss: 0.69301
[  1,  7601] loss: 0.68387
[  1,  7651] loss: 0.69298
[  1,  7701] loss: 0.69297
[  1,  7751] loss: 0.71690
[  1,  7801] loss: 0.67807
[  1,  7851] loss: 0.69292
[  1,  7901] loss: 0.70762
[  1,  7951] loss: 0.68997
[  1,  8001] loss: 0.69579
[  1,  8051] loss: 0.69287
[  1,  8101] loss: 0.70148
[  1,  8151] loss: 0.68140
[  1,  8201] loss: 0.68998
[  1,  8251] loss: 0.70416
[  1,  8301] loss: 0.68153
[  1,  8351] loss: 0.70405
[  1,  8401] loss: 0.70958
[  1,  8451] loss: 0.70112
[  1,  8501] loss: 0.68448
[  1,  8551] loss: 0.70374
[  1,  8601] loss: 0.70093
[  1,  8651] loss: 0.69273
[  1,  8701] loss: 0.69810
[  1,  8751] loss: 0.68736
[  1,  8801] loss: 0.69269
[  1,  8851] loss: 0.70061
[  1,  8901] loss: 0.68742
[  1,  8951] loss: 0.69528
[  1,  9001] loss: 0.67966
[  1,  9051] loss: 0.67970
[  1,  9101] loss: 0.69782
[  1,  9151] loss: 0.70039
[  1,  9201] loss: 0.69779
[  1,  9251] loss: 0.69007
[  1,  9301] loss: 0.69519
[  1,  9351] loss: 0.69772
[  1,  9401] loss: 0.70022
[  1,  9451] loss: 0.69513
[  1,  9501] loss: 0.69009
[  1,  9551] loss: 0.70009
[  1,  9601] loss: 0.70502
[  1,  9651] loss: 0.68518
[  1,  9701] loss: 0.69257
[  1,  9751] loss: 0.69257
[  1,  9801] loss: 0.69256
[  1,  9851] loss: 0.69740
[  1,  9901] loss: 0.69737
[  1,  9951] loss: 0.69254
[  1, 10001] loss: 0.69015
[  1, 10051] loss: 0.69491
[  1, 10101] loss: 0.68780
[  1, 10151] loss: 0.69252
[  1, 10201] loss: 0.69956
[  1, 10251] loss: 0.70419
[  1, 10301] loss: 0.69483
[  1, 10351] loss: 0.71326
[  1, 10401] loss: 0.70620
[  1, 10451] loss: 0.69700
[  1, 10501] loss: 0.68130
[  1, 10551] loss: 0.70799
[  1, 10601] loss: 0.69026
[  1, 10651] loss: 0.70115
[  1, 10701] loss: 0.68814
[  1, 10751] loss: 0.69457
[  1, 10801] loss: 0.68185
[  1, 10851] loss: 0.69663
[  1, 10901] loss: 0.69661
[  1, 10951] loss: 0.69242
[  1, 11001] loss: 0.70481
[  1, 11051] loss: 0.69856
[  1, 11101] loss: 0.70053
[  1, 11151] loss: 0.68637
[  1, 11201] loss: 0.69439
[  1, 11251] loss: 0.70229
[  1, 11301] loss: 0.69827
[  1, 11351] loss: 0.70402
[  1, 11401] loss: 0.69238
[  1, 11451] loss: 0.70185
[  1, 11501] loss: 0.69986
[  1, 11551] loss: 0.69790
[  1, 11601] loss: 0.69054
[  1, 11651] loss: 0.69775
[  1, 11701] loss: 0.69591
[  1, 11751] loss: 0.68359
[  1, 11801] loss: 0.70624
[  1, 11851] loss: 0.69064
[  1, 11901] loss: 0.70252
[  1, 11951] loss: 0.70239
[  1, 12001] loss: 0.69564
[  1, 12051] loss: 0.69721
[  1, 12101] loss: 0.69394
[  1, 12151] loss: 0.70021
[  1, 12201] loss: 0.69854
[  1, 12251] loss: 0.69995
[  1, 12301] loss: 0.69832
[  1, 12351] loss: 0.70259
[  1, 12401] loss: 0.69236
[  1, 12451] loss: 0.69796
[  1, 12501] loss: 0.70195
[  1, 12551] loss: 0.69905
[  1, 12601] loss: 0.69888
[  1, 12651] loss: 0.68858
[  1, 12701] loss: 0.69363
[  1, 12751] loss: 0.69966
[  1, 12801] loss: 0.69240
[  1, 12851] loss: 0.69010
[  1, 12901] loss: 0.69015
[  1, 12951] loss: 0.69130
[  1, 13001] loss: 0.70124
[  1, 13051] loss: 0.69243
[  1, 13101] loss: 0.69563
[  1, 13151] loss: 0.69558
[  1, 13201] loss: 0.69040
[  1, 13251] loss: 0.69347
[  1, 13301] loss: 0.69246
[  1, 13351] loss: 0.69641
[  1, 13401] loss: 0.69247
[  1, 13451] loss: 0.69439
[  1, 13501] loss: 0.69059
[  1, 13551] loss: 0.68968
[  1, 13601] loss: 0.69156
[  1, 13651] loss: 0.69342
[  1, 13701] loss: 0.69341
[  1, 13751] loss: 0.69065
[  1, 13801] loss: 0.68790
[  1, 13851] loss: 0.69341
[  1, 13901] loss: 0.68879
[  1, 13951] loss: 0.69808
[  1, 14001] loss: 0.69155
[  1, 14051] loss: 0.69623
[  1, 14101] loss: 0.69155
[  1, 14151] loss: 0.69529
[  1, 14201] loss: 0.69808
[  1, 14251] loss: 0.69157
[  1, 14301] loss: 0.69341
[  1, 14351] loss: 0.69524
[  1, 14401] loss: 0.69431
[  1, 14451] loss: 0.69340
[  1, 14501] loss: 0.69874
[  1, 14551] loss: 0.68900
[  1, 14601] loss: 0.69425
[  1, 14651] loss: 0.69252
[  1, 14701] loss: 0.69594
[  1, 14751] loss: 0.69337
[  1, 14801] loss: 0.69169
[  1, 14851] loss: 0.69005
[  1, 14901] loss: 0.69006
[  1, 14951] loss: 0.69666
[  1, 15001] loss: 0.69994
[  1, 15051] loss: 0.69092
[  1, 15101] loss: 0.68933
[  1, 15151] loss: 0.69255
[  1, 15201] loss: 0.69095
[  1, 15251] loss: 0.69095
[  1, 15301] loss: 0.69816
[  1, 15351] loss: 0.69255
[  1, 15401] loss: 0.69334
[  1, 15451] loss: 0.69889
[  1, 15501] loss: 0.69647
[  1, 15551] loss: 0.69487
[  1, 15601] loss: 0.69559
[  1, 15651] loss: 0.69479
[  1, 15701] loss: 0.68826
[  1, 15751] loss: 0.69544
[  1, 15801] loss: 0.69400
[  1, 15851] loss: 0.69054
[  1, 15901] loss: 0.69398
[  1, 15951] loss: 0.69194
[  1, 16001] loss: 0.69597
[  1, 16051] loss: 0.69460
[  1, 16101] loss: 0.69393
[  1, 16151] loss: 0.69072
[  1, 16201] loss: 0.69770
[  1, 16251] loss: 0.69203
[  1, 16301] loss: 0.69143
[  1, 16351] loss: 0.69387
[  1, 16401] loss: 0.69326
[  1, 16451] loss: 0.69444
[  1, 16501] loss: 0.69093
[  1, 16551] loss: 0.69614
[  1, 16601] loss: 0.69382
[  1, 16651] loss: 0.68989
[  1, 16701] loss: 0.69380
[  1, 16751] loss: 0.69048
[  1, 16801] loss: 0.69324
[  1, 16851] loss: 0.69103
[  1, 16901] loss: 0.69213
[  1, 16951] loss: 0.69381
[  1, 17001] loss: 0.69268
[  1, 17051] loss: 0.69154
[  1, 17101] loss: 0.69440
[  1, 17151] loss: 0.69383
[  1, 17201] loss: 0.69383
[  1, 17251] loss: 0.69151
[  1, 17301] loss: 0.69267
[  1, 17351] loss: 0.69267
[  1, 17401] loss: 0.69090
[  1, 17451] loss: 0.69207
[  1, 17501] loss: 0.69628
[  1, 17551] loss: 0.69145
[  1, 17601] loss: 0.69387
[  1, 17651] loss: 0.69387
[  1, 17701] loss: 0.69754
[  1, 17751] loss: 0.69024
[  1, 17801] loss: 0.69567
[  1, 17851] loss: 0.69445
[  1, 17901] loss: 0.69208
[  1, 17951] loss: 0.69325
[  1, 18001] loss: 0.69441
[  1, 18051] loss: 0.69726
[  1, 18101] loss: 0.69548
[  1, 18151] loss: 0.68944
[  1, 18201] loss: 0.69270
[  1, 18251] loss: 0.69218
[  1, 18301] loss: 0.69428
[  1, 18351] loss: 0.69375
[  1, 18401] loss: 0.69323
[  1, 18451] loss: 0.69323
[  1, 18501] loss: 0.69322
[  1, 18551] loss: 0.69519
[  1, 18601] loss: 0.69467
[  1, 18651] loss: 0.69275
[  1, 18701] loss: 0.69045
[  1, 18751] loss: 0.69092
[  1, 18801] loss: 0.69505
[  1, 18851] loss: 0.69139
[  1, 18901] loss: 0.69138
[  1, 18951] loss: 0.69368
[  1, 19001] loss: 0.69508
[  1, 19051] loss: 0.69136
[  1, 19101] loss: 0.69322
[  1, 19151] loss: 0.69509
[  1, 19201] loss: 0.68903
[  1, 19251] loss: 0.68992
[  1, 19301] loss: 0.69516
[  1, 19351] loss: 0.69518
[  1, 19401] loss: 0.69372
[  1, 19451] loss: 0.69519
[  1, 19501] loss: 0.69078
[  1, 19551] loss: 0.69371
[  1, 19601] loss: 0.69518
[  1, 19651] loss: 0.69371
[  1, 19701] loss: 0.69274
[  1, 19751] loss: 0.69179
[  1, 19801] loss: 0.69322
[  1, 19851] loss: 0.69274
[  1, 19901] loss: 0.69133
[  1, 19951] loss: 0.69607
[  1, 20001] loss: 0.69322
[  1, 20051] loss: 0.69556
[  1, 20101] loss: 0.69367
[  1, 20151] loss: 0.69321
[  1, 20201] loss: 0.69588
[  1, 20251] loss: 0.69277
[  1, 20301] loss: 0.69362
[  1, 20351] loss: 0.69279
[  1, 20401] loss: 0.69200
[  1, 20451] loss: 0.69202
[  1, 20501] loss: 0.69514
[  1, 20551] loss: 0.69357
[  1, 20601] loss: 0.69132
[  1, 20651] loss: 0.69170
[  1, 20701] loss: 0.69170
[  1, 20751] loss: 0.69168
[  1, 20801] loss: 0.69242
[  1, 20851] loss: 0.69438
[  1, 20901] loss: 0.69480
[  1, 20951] loss: 0.68758
[  1, 21001] loss: 0.69279
[  1, 21051] loss: 0.69192
[  1, 21101] loss: 0.69277
[  1, 21151] loss: 0.69504
[  1, 21201] loss: 0.69461
[  1, 21251] loss: 0.69275
[  1, 21301] loss: 0.69274
[  1, 21351] loss: 0.69370
[  1, 21401] loss: 0.69177
[  1, 21451] loss: 0.68884
[  1, 21501] loss: 0.69122
[  1, 21551] loss: 0.69375
[  1, 21601] loss: 0.69694
[  1, 21651] loss: 0.69484
[  1, 21701] loss: 0.69377
[  1, 21751] loss: 0.68897
[  1, 21801] loss: 0.69216
[  1, 21851] loss: 0.69324
[  1, 21901] loss: 0.69324
[  1, 21951] loss: 0.69492
[  1, 22001] loss: 0.69325
[  1, 22051] loss: 0.69156
[  1, 22101] loss: 0.69551
[  1, 22151] loss: 0.69438
[  1, 22201] loss: 0.69437
[  1, 22251] loss: 0.69436
[  1, 22301] loss: 0.69159
[  1, 22351] loss: 0.68887
[  1, 22401] loss: 0.69600
[  1, 22451] loss: 0.69544
[  1, 22501] loss: 0.69215
[  1, 22551] loss: 0.69432
[  1, 22601] loss: 0.69056
[  1, 22651] loss: 0.69431
[  1, 22701] loss: 0.69270
[  1, 22751] loss: 0.69324
[  1, 22801] loss: 0.69165
[  1, 22851] loss: 0.69217
[  1, 22901] loss: 0.69803
[  1, 22951] loss: 0.69113
[  1, 23001] loss: 0.69533
[  1, 23051] loss: 0.69375
[  1, 23101] loss: 0.69323
[  1, 23151] loss: 0.69323
[  1, 23201] loss: 0.69273
[  1, 23251] loss: 0.69126
[  1, 23301] loss: 0.69371
[  1, 23351] loss: 0.69176
[  1, 23401] loss: 0.69127
[  1, 23451] loss: 0.69224
[  1, 23501] loss: 0.69123
[  1, 23551] loss: 0.69374
[  1, 23601] loss: 0.69426
[  1, 23651] loss: 0.69013
[  1, 23701] loss: 0.69218
[  1, 23751] loss: 0.69538
[  1, 23801] loss: 0.69540
[  1, 23851] loss: 0.69270
[  1, 23901] loss: 0.69432
[  1, 23951] loss: 0.68947
[  1, 24001] loss: 0.69433
[  1, 24051] loss: 0.69324
[  1, 24101] loss: 0.69324
[  1, 24151] loss: 0.69434
[  1, 24201] loss: 0.69106
[  1, 24251] loss: 0.68995
[  1, 24301] loss: 0.69324
[  1, 24351] loss: 0.69550
[  1, 24401] loss: 0.69325
[  1, 24451] loss: 0.69268
[  1, 24501] loss: 0.68928
[  1, 24551] loss: 0.69210
[  1, 24601] loss: 0.69618
[  1, 24651] loss: 0.69149
[  1, 24701] loss: 0.69207
[  1, 24751] loss: 0.69386
[  1, 24801] loss: 0.69206
[  1, 24851] loss: 0.69022
[  1, 24901] loss: 0.69574
[  1, 24951] loss: 0.69327
[  2,     1] loss: 0.69077
[  2,    51] loss: 0.69643
[  2,   101] loss: 0.69390
[  2,   151] loss: 0.68885
[  2,   201] loss: 0.69073
[  2,   251] loss: 0.69392
[  2,   301] loss: 0.69328
[  2,   351] loss: 0.69197
[  2,   401] loss: 0.69727
[  2,   451] loss: 0.69196
[  2,   501] loss: 0.69329
[  2,   551] loss: 0.70328
[  2,   601] loss: 0.69523
[  2,   651] loss: 0.69518
[  2,   701] loss: 0.69635
[  2,   751] loss: 0.69266
[  2,   801] loss: 0.69153
[  2,   851] loss: 0.69381
[  2,   901] loss: 0.69269
[  2,   951] loss: 0.69270
[  2,  1001] loss: 0.69323
[  2,  1051] loss: 0.69631
[  2,  1101] loss: 0.69621
[  2,  1151] loss: 0.69417
[  2,  1201] loss: 0.69138
[  2,  1251] loss: 0.69232
[  2,  1301] loss: 0.69277
[  2,  1351] loss: 0.69278
[  2,  1401] loss: 0.69154
[  2,  1451] loss: 0.69197
[  2,  1501] loss: 0.69320
[  2,  1551] loss: 0.69279
[  2,  1601] loss: 0.69320
[  2,  1651] loss: 0.69361
[  2,  1701] loss: 0.69197
[  2,  1751] loss: 0.69114
[  2,  1801] loss: 0.69404
[  2,  1851] loss: 0.69152
[  2,  1901] loss: 0.69406
[  2,  1951] loss: 0.69450
[  2,  2001] loss: 0.69148
[  2,  2051] loss: 0.69190
[  2,  2101] loss: 0.69277
[  2,  2151] loss: 0.69680
[  2,  2201] loss: 0.69455
[  2,  2251] loss: 0.69233
[  2,  2301] loss: 0.69364
[  2,  2351] loss: 0.69364
[  2,  2401] loss: 0.69021
[  2,  2451] loss: 0.69106
[  2,  2501] loss: 0.69233
[  2,  2551] loss: 0.69410
[  2,  2601] loss: 0.69590
[  2,  2651] loss: 0.69187
[  2,  2701] loss: 0.69276
[  2,  2751] loss: 0.69456
[  2,  2801] loss: 0.69410
[  2,  2851] loss: 0.69321
[  2,  2901] loss: 0.69233
[  2,  2951] loss: 0.69408
[  2,  3001] loss: 0.69364
[  2,  3051] loss: 0.69106
[  2,  3101] loss: 0.69320
[  2,  3151] loss: 0.69149
[  2,  3201] loss: 0.69234
[  2,  3251] loss: 0.69145
[  2,  3301] loss: 0.69321
[  2,  3351] loss: 0.69049
[  2,  3401] loss: 0.69041
[  2,  3451] loss: 0.69322
[  2,  3501] loss: 0.69622
[  2,  3551] loss: 0.69272
[  2,  3601] loss: 0.69477
[  2,  3651] loss: 0.69426
[  2,  3701] loss: 0.69426
[  2,  3751] loss: 0.69169
[  2,  3801] loss: 0.69426
[  2,  3851] loss: 0.69426
[  2,  3901] loss: 0.69221
[  2,  3951] loss: 0.69424
[  2,  4001] loss: 0.69474
[  2,  4051] loss: 0.69621
[  2,  4101] loss: 0.69225
[  2,  4151] loss: 0.69559
[  2,  4201] loss: 0.69367
[  2,  4251] loss: 0.69410
[  2,  4301] loss: 0.69450
[  2,  4351] loss: 0.69279
[  2,  4401] loss: 0.69360
[  2,  4451] loss: 0.69010
[  2,  4501] loss: 0.69510
[  2,  4551] loss: 0.69319
[  2,  4601] loss: 0.69500
[  2,  4651] loss: 0.69388
[  2,  4701] loss: 0.69251
[  2,  4751] loss: 0.69286
[  2,  4801] loss: 0.69286
[  2,  4851] loss: 0.69256
[  2,  4901] loss: 0.69196
[  2,  4951] loss: 0.69318
[  2,  5001] loss: 0.69378
[  2,  5051] loss: 0.69138
[  2,  5101] loss: 0.69439
[  2,  5151] loss: 0.69257
[  2,  5201] loss: 0.69378
[  2,  5251] loss: 0.69227
[  2,  5301] loss: 0.69016
[  2,  5351] loss: 0.69380
[  2,  5401] loss: 0.69350
[  2,  5451] loss: 0.69253
[  2,  5501] loss: 0.69285
[  2,  5551] loss: 0.69318
[  2,  5601] loss: 0.69249
[  2,  5651] loss: 0.69283
[  2,  5701] loss: 0.69246
[  2,  5751] loss: 0.69468
[  2,  5801] loss: 0.69469
[  2,  5851] loss: 0.69319
[  2,  5901] loss: 0.69356
[  2,  5951] loss: 0.69282
[  2,  6001] loss: 0.69319
[  2,  6051] loss: 0.69356
[  2,  6101] loss: 0.69392
[  2,  6151] loss: 0.69427
[  2,  6201] loss: 0.69142
[  2,  6251] loss: 0.69143
[  2,  6301] loss: 0.69602
[  2,  6351] loss: 0.69353
[  2,  6401] loss: 0.69524
[  2,  6451] loss: 0.69252
[  2,  6501] loss: 0.69093
[  2,  6551] loss: 0.69414
[  2,  6601] loss: 0.69255
[  2,  6651] loss: 0.69192
[  2,  6701] loss: 0.69476
[  2,  6751] loss: 0.69255
[  2,  6801] loss: 0.69536
[  2,  6851] loss: 0.69318
[  2,  6901] loss: 0.69199
[  2,  6951] loss: 0.69347
[  2,  7001] loss: 0.69173
[  2,  7051] loss: 0.69057
[  2,  7101] loss: 0.69497
[  2,  7151] loss: 0.69348
[  2,  7201] loss: 0.69257
[  2,  7251] loss: 0.69164
[  2,  7301] loss: 0.69381
[  2,  7351] loss: 0.69286
[  2,  7401] loss: 0.69253
[  2,  7451] loss: 0.69615
[  2,  7501] loss: 0.69481
[  2,  7551] loss: 0.69286
[  2,  7601] loss: 0.69193
[  2,  7651] loss: 0.69287
[  2,  7701] loss: 0.69287
[  2,  7751] loss: 0.69533
[  2,  7801] loss: 0.69138
[  2,  7851] loss: 0.69288
[  2,  7901] loss: 0.69437
[  2,  7951] loss: 0.69259
[  2,  8001] loss: 0.69317
[  2,  8051] loss: 0.69288
[  2,  8101] loss: 0.69375
[  2,  8151] loss: 0.69174
[  2,  8201] loss: 0.69260
[  2,  8251] loss: 0.69405
[  2,  8301] loss: 0.69171
[  2,  8351] loss: 0.69407
[  2,  8401] loss: 0.69467
[  2,  8451] loss: 0.69376
[  2,  8501] loss: 0.69202
[  2,  8551] loss: 0.69403
[  2,  8601] loss: 0.69374
[  2,  8651] loss: 0.69289
[  2,  8701] loss: 0.69344
[  2,  8751] loss: 0.69237
[  2,  8801] loss: 0.69291
[  2,  8851] loss: 0.69369
[  2,  8901] loss: 0.69239
[  2,  8951] loss: 0.69317
[  2,  9001] loss: 0.69161
[  2,  9051] loss: 0.69158
[  2,  9101] loss: 0.69345
[  2,  9151] loss: 0.69374
[  2,  9201] loss: 0.69347
[  2,  9251] loss: 0.69258
[  2,  9301] loss: 0.69318
[  2,  9351] loss: 0.69348
[  2,  9401] loss: 0.69379
[  2,  9451] loss: 0.69318
[  2,  9501] loss: 0.69256
[  2,  9551] loss: 0.69380
[  2,  9601] loss: 0.69442
[  2,  9651] loss: 0.69195
[  2,  9701] loss: 0.69287
[  2,  9751] loss: 0.69287
[  2,  9801] loss: 0.69287
[  2,  9851] loss: 0.69349
[  2,  9901] loss: 0.69349
[  2,  9951] loss: 0.69287
[  2, 10001] loss: 0.69256
[  2, 10051] loss: 0.69318
[  2, 10101] loss: 0.69224
[  2, 10151] loss: 0.69286
[  2, 10201] loss: 0.69383
[  2, 10251] loss: 0.69448
[  2, 10301] loss: 0.69318
[  2, 10351] loss: 0.69574
[  2, 10401] loss: 0.69472
[  2, 10451] loss: 0.69347
[  2, 10501] loss: 0.69149
[  2, 10551] loss: 0.69480
[  2, 10601] loss: 0.69265
[  2, 10651] loss: 0.69392
[  2, 10701] loss: 0.69245
[  2, 10751] loss: 0.69316
[  2, 10801] loss: 0.69183
[  2, 10851] loss: 0.69338
[  2, 10901] loss: 0.69338
[  2, 10951] loss: 0.69294
[  2, 11001] loss: 0.69424
[  2, 11051] loss: 0.69358
[  2, 11101] loss: 0.69376
[  2, 11151] loss: 0.69240
[  2, 11201] loss: 0.69316
[  2, 11251] loss: 0.69388
[  2, 11301] loss: 0.69350
[  2, 11351] loss: 0.69396
[  2, 11401] loss: 0.69301
[  2, 11451] loss: 0.69369
[  2, 11501] loss: 0.69351
[  2, 11551] loss: 0.69335
[  2, 11601] loss: 0.69298
[  2, 11651] loss: 0.69329
[  2, 11701] loss: 0.69320
[  2, 11751] loss: 0.69289
[  2, 11801] loss: 0.69340
[  2, 11851] loss: 0.69310
[  2, 11901] loss: 0.69321
[  2, 11951] loss: 0.69314
[  2, 12001] loss: 0.69313
[  2, 12051] loss: 0.69308
[  2, 12101] loss: 0.69315
[  2, 12151] loss: 0.69287
[  2, 12201] loss: 0.69289
[  2, 12251] loss: 0.69273
[  2, 12301] loss: 0.69277
[  2, 12351] loss: 0.69225
[  2, 12401] loss: 0.69333
[  2, 12451] loss: 0.69256
[  2, 12501] loss: 0.69182
[  2, 12551] loss: 0.69216
[  2, 12601] loss: 0.69205
[  2, 12651] loss: 0.69441
[  2, 12701] loss: 0.69318
[  2, 12751] loss: 0.69143
[  2, 12801] loss: 0.69357
[  2, 12851] loss: 0.69438
[  2, 12901] loss: 0.69442
[  2, 12951] loss: 0.69403
[  2, 13001] loss: 0.69025
[  2, 13051] loss: 0.69364
[  2, 13101] loss: 0.69232
[  2, 13151] loss: 0.69230
[  2, 13201] loss: 0.69461
[  2, 13251] loss: 0.69322
[  2, 13301] loss: 0.69370
[  2, 13351] loss: 0.69177
[  2, 13401] loss: 0.69371
[  2, 13451] loss: 0.69273
[  2, 13501] loss: 0.69472
[  2, 13551] loss: 0.69522
[  2, 13601] loss: 0.69421
[  2, 13651] loss: 0.69322
[  2, 13701] loss: 0.69322
[  2, 13751] loss: 0.69465
[  2, 13801] loss: 0.69603
[  2, 13851] loss: 0.69321
[  2, 13901] loss: 0.69542
[  2, 13951] loss: 0.69108
[  2, 14001] loss: 0.69403
[  2, 14051] loss: 0.69199
[  2, 14101] loss: 0.69398
[  2, 14151] loss: 0.69242
[  2, 14201] loss: 0.69130
[  2, 14251] loss: 0.69395
[  2, 14301] loss: 0.69319
[  2, 14351] loss: 0.69245
[  2, 14401] loss: 0.69282
[  2, 14451] loss: 0.69319
[  2, 14501] loss: 0.69097
[  2, 14551] loss: 0.69507
[  2, 14601] loss: 0.69282
[  2, 14651] loss: 0.69357
[  2, 14701] loss: 0.69207
[  2, 14751] loss: 0.69319
[  2, 14801] loss: 0.69395
[  2, 14851] loss: 0.69470
[  2, 14901] loss: 0.69468
[  2, 14951] loss: 0.69173
[  2, 15001] loss: 0.69031
[  2, 15051] loss: 0.69428
[  2, 15101] loss: 0.69501
[  2, 15151] loss: 0.69355
[  2, 15201] loss: 0.69425
[  2, 15251] loss: 0.69422
[  2, 15301] loss: 0.69118
[  2, 15351] loss: 0.69351
[  2, 15401] loss: 0.69318
[  2, 15451] loss: 0.69094
[  2, 15501] loss: 0.69189
[  2, 15551] loss: 0.69252
[  2, 15601] loss: 0.69217
[  2, 15651] loss: 0.69249
[  2, 15701] loss: 0.69570
[  2, 15751] loss: 0.69210
[  2, 15801] loss: 0.69282
[  2, 15851] loss: 0.69468
[  2, 15901] loss: 0.69282
[  2, 15951] loss: 0.69394
[  2, 16001] loss: 0.69170
[  2, 16051] loss: 0.69244
[  2, 16101] loss: 0.69281
[  2, 16151] loss: 0.69473
[  2, 16201] loss: 0.69051
[  2, 16251] loss: 0.69398
[  2, 16301] loss: 0.69438
[  2, 16351] loss: 0.69280
[  2, 16401] loss: 0.69320
[  2, 16451] loss: 0.69240
[  2, 16501] loss: 0.69479
[  2, 16551] loss: 0.69122
[  2, 16601] loss: 0.69280
[  2, 16651] loss: 0.69561
[  2, 16701] loss: 0.69280
[  2, 16751] loss: 0.69517
[  2, 16801] loss: 0.69319
[  2, 16851] loss: 0.69472
[  2, 16901] loss: 0.69393
[  2, 16951] loss: 0.69283
[  2, 17001] loss: 0.69353
[  2, 17051] loss: 0.69419
[  2, 17101] loss: 0.69253
[  2, 17151] loss: 0.69286
[  2, 17201] loss: 0.69287
[  2, 17251] loss: 0.69407
[  2, 17301] loss: 0.69346
[  2, 17351] loss: 0.69345
[  2, 17401] loss: 0.69426
[  2, 17451] loss: 0.69368
[  2, 17501] loss: 0.69194
[  2, 17551] loss: 0.69387
[  2, 17601] loss: 0.69294
[  2, 17651] loss: 0.69294
[  2, 17701] loss: 0.69168
[  2, 17751] loss: 0.69423
[  2, 17801] loss: 0.69233
[  2, 17851] loss: 0.69274
[  2, 17901] loss: 0.69358
[  2, 17951] loss: 0.69316
[  2, 18001] loss: 0.69274
[  2, 18051] loss: 0.69167
[  2, 18101] loss: 0.69227
[  2, 18151] loss: 0.69480
[  2, 18201] loss: 0.69340
[  2, 18251] loss: 0.69364
[  2, 18301] loss: 0.69269
[  2, 18351] loss: 0.69293
[  2, 18401] loss: 0.69317
[  2, 18451] loss: 0.69317
[  2, 18501] loss: 0.69317
[  2, 18551] loss: 0.69218
[  2, 18601] loss: 0.69241
[  2, 18651] loss: 0.69343
[  2, 18701] loss: 0.69476
[  2, 18751] loss: 0.69448
[  2, 18801] loss: 0.69214
[  2, 18851] loss: 0.69418
[  2, 18901] loss: 0.69416
[  2, 18951] loss: 0.69293
[  2, 19001] loss: 0.69225
[  2, 19051] loss: 0.69407
[  2, 19101] loss: 0.69316
[  2, 19151] loss: 0.69231
[  2, 19201] loss: 0.69505
[  2, 19251] loss: 0.69455
[  2, 19301] loss: 0.69244
[  2, 19351] loss: 0.69248
[  2, 19401] loss: 0.69299
[  2, 19451] loss: 0.69253
[  2, 19501] loss: 0.69393
[  2, 19551] loss: 0.69300
[  2, 19601] loss: 0.69257
[  2, 19651] loss: 0.69301
[  2, 19701] loss: 0.69330
[  2, 19751] loss: 0.69360
[  2, 19801] loss: 0.69315
[  2, 19851] loss: 0.69329
[  2, 19901] loss: 0.69370
[  2, 19951] loss: 0.69238
[  2, 20001] loss: 0.69315
[  2, 20051] loss: 0.69251
[  2, 20101] loss: 0.69302
[  2, 20151] loss: 0.69315
[  2, 20201] loss: 0.69230
[  2, 20251] loss: 0.69331
[  2, 20301] loss: 0.69299
[  2, 20351] loss: 0.69333
[  2, 20401] loss: 0.69368
[  2, 20451] loss: 0.69369
[  2, 20501] loss: 0.69228
[  2, 20551] loss: 0.69298
[  2, 20601] loss: 0.69408
[  2, 20651] loss: 0.69389
[  2, 20701] loss: 0.69387
[  2, 20751] loss: 0.69383
[  2, 20801] loss: 0.69347
[  2, 20851] loss: 0.69273
[  2, 20901] loss: 0.69262
[  2, 20951] loss: 0.69495
[  2, 21001] loss: 0.69326
[  2, 21051] loss: 0.69343
[  2, 21101] loss: 0.69322
[  2, 21151] loss: 0.69293
[  2, 21201] loss: 0.69302
[  2, 21251] loss: 0.69318
[  2, 21301] loss: 0.69317
[  2, 21351] loss: 0.69313
[  2, 21401] loss: 0.69318
[  2, 21451] loss: 0.69315
[  2, 21501] loss: 0.69308
[  2, 21551] loss: 0.69319
[  2, 21601] loss: 0.69353
[  2, 21651] loss: 0.69334
[  2, 21701] loss: 0.69322
[  2, 21751] loss: 0.69259
[  2, 21801] loss: 0.69299
[  2, 21851] loss: 0.69315
[  2, 21901] loss: 0.69315
[  2, 21951] loss: 0.69349
[  2, 22001] loss: 0.69315
[  2, 22051] loss: 0.69279
[  2, 22101] loss: 0.69367
[  2, 22151] loss: 0.69341
[  2, 22201] loss: 0.69341
[  2, 22251] loss: 0.69341
[  2, 22301] loss: 0.69278
[  2, 22351] loss: 0.69217
[  2, 22401] loss: 0.69380
[  2, 22451] loss: 0.69368
[  2, 22501] loss: 0.69290
[  2, 22551] loss: 0.69341
[  2, 22601] loss: 0.69253
[  2, 22651] loss: 0.69341
[  2, 22701] loss: 0.69302
[  2, 22751] loss: 0.69315
[  2, 22801] loss: 0.69276
[  2, 22851] loss: 0.69288
[  2, 22901] loss: 0.69441
[  2, 22951] loss: 0.69261
[  2, 23001] loss: 0.69369
[  2, 23051] loss: 0.69328
[  2, 23101] loss: 0.69315
[  2, 23151] loss: 0.69315
[  2, 23201] loss: 0.69303
[  2, 23251] loss: 0.69270
[  2, 23301] loss: 0.69327
[  2, 23351] loss: 0.69280
[  2, 23401] loss: 0.69267
[  2, 23451] loss: 0.69290
[  2, 23501] loss: 0.69261
[  2, 23551] loss: 0.69330
[  2, 23601] loss: 0.69347
[  2, 23651] loss: 0.69218
[  2, 23701] loss: 0.69281
[  2, 23751] loss: 0.69391
[  2, 23801] loss: 0.69394
[  2, 23851] loss: 0.69296
[  2, 23901] loss: 0.69356
[  2, 23951] loss: 0.69176
[  2, 24001] loss: 0.69358
[  2, 24051] loss: 0.69316
[  2, 24101] loss: 0.69316
[  2, 24151] loss: 0.69360
[  2, 24201] loss: 0.69228
[  2, 24251] loss: 0.69181
[  2, 24301] loss: 0.69316
[  2, 24351] loss: 0.69414
[  2, 24401] loss: 0.69317
[  2, 24451] loss: 0.69292
[  2, 24501] loss: 0.69138
[  2, 24551] loss: 0.69264
[  2, 24601] loss: 0.69456
[  2, 24651] loss: 0.69232
[  2, 24701] loss: 0.69259
[  2, 24751] loss: 0.69348
[  2, 24801] loss: 0.69256
[  2, 24851] loss: 0.69161
[  2, 24901] loss: 0.69449
[  2, 24951] loss: 0.69318
[  3,     1] loss: 0.69183
[  3,    51] loss: 0.69492
[  3,   101] loss: 0.69354
[  3,   151] loss: 0.69072
[  3,   201] loss: 0.69175
[  3,   251] loss: 0.69356
[  3,   301] loss: 0.69319
[  3,   351] loss: 0.69242
[  3,   401] loss: 0.69558
[  3,   451] loss: 0.69240
[  3,   501] loss: 0.69320
[  3,   551] loss: 0.69926
[  3,   601] loss: 0.69436
[  3,   651] loss: 0.69431
[  3,   701] loss: 0.69497
[  3,   751] loss: 0.69285
[  3,   801] loss: 0.69223
[  3,   851] loss: 0.69348
[  3,   901] loss: 0.69288
[  3,   951] loss: 0.69289
[  3,  1001] loss: 0.69317
[  3,  1051] loss: 0.69473
[  3,  1101] loss: 0.69464
[  3,  1151] loss: 0.69362
[  3,  1201] loss: 0.69233
[  3,  1251] loss: 0.69277
[  3,  1301] loss: 0.69297
[  3,  1351] loss: 0.69298
[  3,  1401] loss: 0.69248
[  3,  1451] loss: 0.69266
[  3,  1501] loss: 0.69316
[  3,  1551] loss: 0.69299
[  3,  1601] loss: 0.69316
[  3,  1651] loss: 0.69333
[  3,  1701] loss: 0.69264
[  3,  1751] loss: 0.69227
[  3,  1801] loss: 0.69353
[  3,  1851] loss: 0.69240
[  3,  1901] loss: 0.69356
[  3,  1951] loss: 0.69377
[  3,  2001] loss: 0.69234
[  3,  2051] loss: 0.69253
[  3,  2101] loss: 0.69294
[  3,  2151] loss: 0.69499
[  3,  2201] loss: 0.69384
[  3,  2251] loss: 0.69272
[  3,  2301] loss: 0.69338
[  3,  2351] loss: 0.69338
[  3,  2401] loss: 0.69166
[  3,  2451] loss: 0.69207
[  3,  2501] loss: 0.69271
[  3,  2551] loss: 0.69364
[  3,  2601] loss: 0.69462
[  3,  2651] loss: 0.69244
[  3,  2701] loss: 0.69292
[  3,  2751] loss: 0.69391
[  3,  2801] loss: 0.69366
[  3,  2851] loss: 0.69317
[  3,  2901] loss: 0.69268
[  3,  2951] loss: 0.69365
[  3,  3001] loss: 0.69340
[  3,  3051] loss: 0.69200
[  3,  3101] loss: 0.69316
[  3,  3151] loss: 0.69222
[  3,  3201] loss: 0.69268
[  3,  3251] loss: 0.69217
[  3,  3301] loss: 0.69317
[  3,  3351] loss: 0.69156
[  3,  3401] loss: 0.69147
[  3,  3451] loss: 0.69318
[  3,  3501] loss: 0.69510
[  3,  3551] loss: 0.69285
[  3,  3601] loss: 0.69419
[  3,  3651] loss: 0.69387
[  3,  3701] loss: 0.69387
[  3,  3751] loss: 0.69216
[  3,  3801] loss: 0.69387
[  3,  3851] loss: 0.69387
[  3,  3901] loss: 0.69250
[  3,  3951] loss: 0.69386
[  3,  4001] loss: 0.69420
[  3,  4051] loss: 0.69517
[  3,  4101] loss: 0.69254
[  3,  4151] loss: 0.69473
[  3,  4201] loss: 0.69347
[  3,  4251] loss: 0.69374
[  3,  4301] loss: 0.69398
[  3,  4351] loss: 0.69291
[  3,  4401] loss: 0.69340
[  3,  4451] loss: 0.69136
[  3,  4501] loss: 0.69427
[  3,  4551] loss: 0.69316
[  3,  4601] loss: 0.69418
[  3,  4651] loss: 0.69354
[  3,  4701] loss: 0.69280
[  3,  4751] loss: 0.69299
[  3,  4801] loss: 0.69300
[  3,  4851] loss: 0.69285
[  3,  4901] loss: 0.69256
[  3,  4951] loss: 0.69315
[  3,  5001] loss: 0.69345
[  3,  5051] loss: 0.69227
[  3,  5101] loss: 0.69376
[  3,  5151] loss: 0.69285
[  3,  5201] loss: 0.69346
[  3,  5251] loss: 0.69270
[  3,  5301] loss: 0.69160
[  3,  5351] loss: 0.69349
[  3,  5401] loss: 0.69333
[  3,  5451] loss: 0.69279
[  3,  5501] loss: 0.69297
[  3,  5551] loss: 0.69316
[  3,  5601] loss: 0.69274
[  3,  5651] loss: 0.69294
[  3,  5701] loss: 0.69271
[  3,  5751] loss: 0.69411
[  3,  5801] loss: 0.69413
[  3,  5851] loss: 0.69317
[  3,  5901] loss: 0.69341
[  3,  5951] loss: 0.69293
[  3,  6001] loss: 0.69317
[  3,  6051] loss: 0.69340
[  3,  6101] loss: 0.69364
[  3,  6151] loss: 0.69386
[  3,  6201] loss: 0.69204
[  3,  6251] loss: 0.69204
[  3,  6301] loss: 0.69499
[  3,  6351] loss: 0.69339
[  3,  6401] loss: 0.69447
[  3,  6451] loss: 0.69275
[  3,  6501] loss: 0.69177
[  3,  6551] loss: 0.69375
[  3,  6601] loss: 0.69277
[  3,  6651] loss: 0.69239
[  3,  6701] loss: 0.69414
[  3,  6751] loss: 0.69277
[  3,  6801] loss: 0.69451
[  3,  6851] loss: 0.69316
[  3,  6901] loss: 0.69245
[  3,  6951] loss: 0.69333
[  3,  7001] loss: 0.69230
[  3,  7051] loss: 0.69159
[  3,  7101] loss: 0.69427
[  3,  7151] loss: 0.69335
[  3,  7201] loss: 0.69278
[  3,  7251] loss: 0.69218
[  3,  7301] loss: 0.69357
[  3,  7351] loss: 0.69295
[  3,  7401] loss: 0.69273
[  3,  7451] loss: 0.69517
[  3,  7501] loss: 0.69426
[  3,  7551] loss: 0.69295
[  3,  7601] loss: 0.69234
[  3,  7651] loss: 0.69296
[  3,  7701] loss: 0.69296
[  3,  7751] loss: 0.69459
[  3,  7801] loss: 0.69198
[  3,  7851] loss: 0.69296
[  3,  7901] loss: 0.69395
[  3,  7951] loss: 0.69277
[  3,  8001] loss: 0.69316
[  3,  8051] loss: 0.69297
[  3,  8101] loss: 0.69354
[  3,  8151] loss: 0.69222
[  3,  8201] loss: 0.69278
[  3,  8251] loss: 0.69374
[  3,  8301] loss: 0.69218
[  3,  8351] loss: 0.69377
[  3,  8401] loss: 0.69418
[  3,  8451] loss: 0.69356
[  3,  8501] loss: 0.69238
[  3,  8551] loss: 0.69374
[  3,  8601] loss: 0.69354
[  3,  8651] loss: 0.69297
[  3,  8701] loss: 0.69334
[  3,  8751] loss: 0.69263
[  3,  8801] loss: 0.69298
[  3,  8851] loss: 0.69350
[  3,  8901] loss: 0.69265
[  3,  8951] loss: 0.69316
[  3,  9001] loss: 0.69213
[  3,  9051] loss: 0.69209
[  3,  9101] loss: 0.69335
[  3,  9151] loss: 0.69356
[  3,  9201] loss: 0.69337
[  3,  9251] loss: 0.69274
[  3,  9301] loss: 0.69316
[  3,  9351] loss: 0.69339
[  3,  9401] loss: 0.69362
[  3,  9451] loss: 0.69316
[  3,  9501] loss: 0.69271
[  3,  9551] loss: 0.69363
[  3,  9601] loss: 0.69409
[  3,  9651] loss: 0.69225
[  3,  9701] loss: 0.69294
[  3,  9751] loss: 0.69293
[  3,  9801] loss: 0.69293
[  3,  9851] loss: 0.69340
[  3,  9901] loss: 0.69340
[  3,  9951] loss: 0.69293
[  3, 10001] loss: 0.69269
[  3, 10051] loss: 0.69316
[  3, 10101] loss: 0.69244
[  3, 10151] loss: 0.69292
[  3, 10201] loss: 0.69367
[  3, 10251] loss: 0.69418
[  3, 10301] loss: 0.69317
[  3, 10351] loss: 0.69516
[  3, 10401] loss: 0.69436
[  3, 10451] loss: 0.69339
[  3, 10501] loss: 0.69191
[  3, 10551] loss: 0.69437
[  3, 10601] loss: 0.69278
[  3, 10651] loss: 0.69370
[  3, 10701] loss: 0.69265
[  3, 10751] loss: 0.69316
[  3, 10801] loss: 0.69224
[  3, 10851] loss: 0.69331
[  3, 10901] loss: 0.69331
[  3, 10951] loss: 0.69300
[  3, 11001] loss: 0.69390
[  3, 11051] loss: 0.69344
[  3, 11101] loss: 0.69355
[  3, 11151] loss: 0.69266
[  3, 11201] loss: 0.69315
[  3, 11251] loss: 0.69360
[  3, 11301] loss: 0.69336
[  3, 11351] loss: 0.69362
[  3, 11401] loss: 0.69307
[  3, 11451] loss: 0.69342
[  3, 11501] loss: 0.69331
[  3, 11551] loss: 0.69322
[  3, 11601] loss: 0.69311
[  3, 11651] loss: 0.69316
[  3, 11701] loss: 0.69314
[  3, 11751] loss: 0.69329
[  3, 11801] loss: 0.69294
[  3, 11851] loss: 0.69323
[  3, 11901] loss: 0.69289
[  3, 11951] loss: 0.69282
[  3, 12001] loss: 0.69307
[  3, 12051] loss: 0.69295
[  3, 12101] loss: 0.69315
[  3, 12151] loss: 0.69261
[  3, 12201] loss: 0.69269
[  3, 12251] loss: 0.69247
[  3, 12301] loss: 0.69257
[  3, 12351] loss: 0.69186
[  3, 12401] loss: 0.69341
[  3, 12451] loss: 0.69237
[  3, 12501] loss: 0.69143
[  3, 12551] loss: 0.69190
[  3, 12601] loss: 0.69179
[  3, 12651] loss: 0.69470
[  3, 12701] loss: 0.69320
[  3, 12751] loss: 0.69110
[  3, 12801] loss: 0.69365
[  3, 12851] loss: 0.69460
[  3, 12901] loss: 0.69465
[  3, 12951] loss: 0.69419
[  3, 13001] loss: 0.68978
[  3, 13051] loss: 0.69373
[  3, 13101] loss: 0.69220
[  3, 13151] loss: 0.69218
[  3, 13201] loss: 0.69484
[  3, 13251] loss: 0.69324
[  3, 13301] loss: 0.69379
[  3, 13351] loss: 0.69159
[  3, 13401] loss: 0.69380
[  3, 13451] loss: 0.69268
[  3, 13501] loss: 0.69494
[  3, 13551] loss: 0.69551
[  3, 13601] loss: 0.69437
[  3, 13651] loss: 0.69324
[  3, 13701] loss: 0.69324
[  3, 13751] loss: 0.69486
[  3, 13801] loss: 0.69643
[  3, 13851] loss: 0.69323
[  3, 13901] loss: 0.69575
[  3, 13951] loss: 0.69079
[  3, 14001] loss: 0.69417
[  3, 14051] loss: 0.69183
[  3, 14101] loss: 0.69412
[  3, 14151] loss: 0.69232
[  3, 14201] loss: 0.69103
[  3, 14251] loss: 0.69407
[  3, 14301] loss: 0.69321
[  3, 14351] loss: 0.69235
[  3, 14401] loss: 0.69278
[  3, 14451] loss: 0.69320
[  3, 14501] loss: 0.69066
[  3, 14551] loss: 0.69535
[  3, 14601] loss: 0.69278
[  3, 14651] loss: 0.69363
[  3, 14701] loss: 0.69192
[  3, 14751] loss: 0.69321
[  3, 14801] loss: 0.69407
[  3, 14851] loss: 0.69493
[  3, 14901] loss: 0.69490
[  3, 14951] loss: 0.69154
[  3, 15001] loss: 0.68992
[  3, 15051] loss: 0.69444
[  3, 15101] loss: 0.69527
[  3, 15151] loss: 0.69361
[  3, 15201] loss: 0.69440
[  3, 15251] loss: 0.69437
[  3, 15301] loss: 0.69091
[  3, 15351] loss: 0.69357
[  3, 15401] loss: 0.69319
[  3, 15451] loss: 0.69062
[  3, 15501] loss: 0.69171
[  3, 15551] loss: 0.69244
[  3, 15601] loss: 0.69204
[  3, 15651] loss: 0.69241
[  3, 15701] loss: 0.69603
[  3, 15751] loss: 0.69198
[  3, 15801] loss: 0.69279
[  3, 15851] loss: 0.69487
[  3, 15901] loss: 0.69278
[  3, 15951] loss: 0.69404
[  3, 16001] loss: 0.69154
[  3, 16051] loss: 0.69237
[  3, 16101] loss: 0.69278
[  3, 16151] loss: 0.69491
[  3, 16201] loss: 0.69022
[  3, 16251] loss: 0.69407
[  3, 16301] loss: 0.69452
[  3, 16351] loss: 0.69277
[  3, 16401] loss: 0.69321
[  3, 16451] loss: 0.69233
[  3, 16501] loss: 0.69497
[  3, 16551] loss: 0.69102
[  3, 16601] loss: 0.69277
[  3, 16651] loss: 0.69586
[  3, 16701] loss: 0.69277
[  3, 16751] loss: 0.69538
[  3, 16801] loss: 0.69320
[  3, 16851] loss: 0.69488
[  3, 16901] loss: 0.69402
[  3, 16951] loss: 0.69280
[  3, 17001] loss: 0.69358
[  3, 17051] loss: 0.69431
[  3, 17101] loss: 0.69247
[  3, 17151] loss: 0.69284
[  3, 17201] loss: 0.69284
[  3, 17251] loss: 0.69419
[  3, 17301] loss: 0.69351
[  3, 17351] loss: 0.69349
[  3, 17401] loss: 0.69440
[  3, 17451] loss: 0.69376
[  3, 17501] loss: 0.69179
[  3, 17551] loss: 0.69398
[  3, 17601] loss: 0.69291
[  3, 17651] loss: 0.69292
[  3, 17701] loss: 0.69147
[  3, 17751] loss: 0.69438
[  3, 17801] loss: 0.69221
[  3, 17851] loss: 0.69269
[  3, 17901] loss: 0.69365
[  3, 17951] loss: 0.69317
[  3, 18001] loss: 0.69268
[  3, 18051] loss: 0.69147
[  3, 18101] loss: 0.69216
[  3, 18151] loss: 0.69501
[  3, 18201] loss: 0.69344
[  3, 18251] loss: 0.69371
[  3, 18301] loss: 0.69264
[  3, 18351] loss: 0.69290
[  3, 18401] loss: 0.69317
[  3, 18451] loss: 0.69317
[  3, 18501] loss: 0.69317
[  3, 18551] loss: 0.69208
[  3, 18601] loss: 0.69234
[  3, 18651] loss: 0.69346
[  3, 18701] loss: 0.69492
[  3, 18751] loss: 0.69462
[  3, 18801] loss: 0.69204
[  3, 18851] loss: 0.69429
[  3, 18901] loss: 0.69427
[  3, 18951] loss: 0.69291
[  3, 19001] loss: 0.69215
[  3, 19051] loss: 0.69417
[  3, 19101] loss: 0.69317
[  3, 19151] loss: 0.69222
[  3, 19201] loss: 0.69527
[  3, 19251] loss: 0.69472
[  3, 19301] loss: 0.69235
[  3, 19351] loss: 0.69239
[  3, 19401] loss: 0.69297
[  3, 19451] loss: 0.69244
[  3, 19501] loss: 0.69405
[  3, 19551] loss: 0.69298
[  3, 19601] loss: 0.69249
[  3, 19651] loss: 0.69299
[  3, 19701] loss: 0.69333
[  3, 19751] loss: 0.69366
[  3, 19801] loss: 0.69316
[  3, 19851] loss: 0.69332
[  3, 19901] loss: 0.69379
[  3, 19951] loss: 0.69226
[  3, 20001] loss: 0.69315
[  3, 20051] loss: 0.69242
[  3, 20101] loss: 0.69300
[  3, 20151] loss: 0.69315
[  3, 20201] loss: 0.69219
[  3, 20251] loss: 0.69333
[  3, 20301] loss: 0.69298
[  3, 20351] loss: 0.69335
[  3, 20401] loss: 0.69374
[  3, 20451] loss: 0.69375
[  3, 20501] loss: 0.69218
[  3, 20551] loss: 0.69296
[  3, 20601] loss: 0.69418
[  3, 20651] loss: 0.69397
[  3, 20701] loss: 0.69395
[  3, 20751] loss: 0.69391
[  3, 20801] loss: 0.69350
[  3, 20851] loss: 0.69268
[  3, 20901] loss: 0.69255
[  3, 20951] loss: 0.69519
[  3, 21001] loss: 0.69328
[  3, 21051] loss: 0.69348
[  3, 21101] loss: 0.69324
[  3, 21151] loss: 0.69287
[  3, 21201] loss: 0.69298
[  3, 21251] loss: 0.69320
[  3, 21301] loss: 0.69319
[  3, 21351] loss: 0.69312
[  3, 21401] loss: 0.69322
[  3, 21451] loss: 0.69327
[  3, 21501] loss: 0.69313
[  3, 21551] loss: 0.69317
[  3, 21601] loss: 0.69345
[  3, 21651] loss: 0.69330
[  3, 21701] loss: 0.69320
[  3, 21751] loss: 0.69268
[  3, 21801] loss: 0.69301
[  3, 21851] loss: 0.69315
[  3, 21901] loss: 0.69315
[  3, 21951] loss: 0.69345
[  3, 22001] loss: 0.69315
[  3, 22051] loss: 0.69282
[  3, 22101] loss: 0.69363
[  3, 22151] loss: 0.69339
[  3, 22201] loss: 0.69339
[  3, 22251] loss: 0.69339
[  3, 22301] loss: 0.69281
[  3, 22351] loss: 0.69224
[  3, 22401] loss: 0.69376
[  3, 22451] loss: 0.69364
[  3, 22501] loss: 0.69291
[  3, 22551] loss: 0.69339
[  3, 22601] loss: 0.69257
[  3, 22651] loss: 0.69339
[  3, 22701] loss: 0.69303
[  3, 22751] loss: 0.69315
[  3, 22801] loss: 0.69279
[  3, 22851] loss: 0.69290
[  3, 22901] loss: 0.69434
[  3, 22951] loss: 0.69264
[  3, 23001] loss: 0.69366
[  3, 23051] loss: 0.69327
[  3, 23101] loss: 0.69315
[  3, 23151] loss: 0.69315
[  3, 23201] loss: 0.69304
[  3, 23251] loss: 0.69273
[  3, 23301] loss: 0.69326
[  3, 23351] loss: 0.69283
[  3, 23401] loss: 0.69270
[  3, 23451] loss: 0.69291
[  3, 23501] loss: 0.69264
[  3, 23551] loss: 0.69329
[  3, 23601] loss: 0.69345
[  3, 23651] loss: 0.69222
[  3, 23701] loss: 0.69282
[  3, 23751] loss: 0.69388
[  3, 23801] loss: 0.69391
[  3, 23851] loss: 0.69297
[  3, 23901] loss: 0.69355
[  3, 23951] loss: 0.69180
[  3, 24001] loss: 0.69356
[  3, 24051] loss: 0.69316
[  3, 24101] loss: 0.69316
[  3, 24151] loss: 0.69359
[  3, 24201] loss: 0.69230
[  3, 24251] loss: 0.69184
[  3, 24301] loss: 0.69316
[  3, 24351] loss: 0.69413
[  3, 24401] loss: 0.69317
[  3, 24451] loss: 0.69292
[  3, 24501] loss: 0.69140
[  3, 24551] loss: 0.69264
[  3, 24601] loss: 0.69455
[  3, 24651] loss: 0.69233
[  3, 24701] loss: 0.69260
[  3, 24751] loss: 0.69347
[  3, 24801] loss: 0.69257
[  3, 24851] loss: 0.69162
[  3, 24901] loss: 0.69448
[  3, 24951] loss: 0.69318
[  4,     1] loss: 0.69184
[  4,    51] loss: 0.69492
[  4,   101] loss: 0.69353
[  4,   151] loss: 0.69074
[  4,   201] loss: 0.69175
[  4,   251] loss: 0.69356
[  4,   301] loss: 0.69319
[  4,   351] loss: 0.69242
[  4,   401] loss: 0.69557
[  4,   451] loss: 0.69240
[  4,   501] loss: 0.69320
[  4,   551] loss: 0.69925
[  4,   601] loss: 0.69436
[  4,   651] loss: 0.69431
[  4,   701] loss: 0.69496
[  4,   751] loss: 0.69285
[  4,   801] loss: 0.69224
[  4,   851] loss: 0.69348
[  4,   901] loss: 0.69289
[  4,   951] loss: 0.69290
[  4,  1001] loss: 0.69317
[  4,  1051] loss: 0.69471
[  4,  1101] loss: 0.69462
[  4,  1151] loss: 0.69361
[  4,  1201] loss: 0.69235
[  4,  1251] loss: 0.69278
[  4,  1301] loss: 0.69298
[  4,  1351] loss: 0.69299
[  4,  1401] loss: 0.69250
[  4,  1451] loss: 0.69267
[  4,  1501] loss: 0.69316
[  4,  1551] loss: 0.69299
[  4,  1601] loss: 0.69316
[  4,  1651] loss: 0.69332
[  4,  1701] loss: 0.69265
[  4,  1751] loss: 0.69230
[  4,  1801] loss: 0.69352
[  4,  1851] loss: 0.69242
[  4,  1901] loss: 0.69355
[  4,  1951] loss: 0.69376
[  4,  2001] loss: 0.69235
[  4,  2051] loss: 0.69254
[  4,  2101] loss: 0.69295
[  4,  2151] loss: 0.69496
[  4,  2201] loss: 0.69383
[  4,  2251] loss: 0.69272
[  4,  2301] loss: 0.69338
[  4,  2351] loss: 0.69338
[  4,  2401] loss: 0.69169
[  4,  2451] loss: 0.69209
[  4,  2501] loss: 0.69272
[  4,  2551] loss: 0.69363
[  4,  2601] loss: 0.69460
[  4,  2651] loss: 0.69245
[  4,  2701] loss: 0.69292
[  4,  2751] loss: 0.69390
[  4,  2801] loss: 0.69365
[  4,  2851] loss: 0.69317
[  4,  2901] loss: 0.69269
[  4,  2951] loss: 0.69364
[  4,  3001] loss: 0.69340
[  4,  3051] loss: 0.69201
[  4,  3101] loss: 0.69316
[  4,  3151] loss: 0.69223
[  4,  3201] loss: 0.69269
[  4,  3251] loss: 0.69218
[  4,  3301] loss: 0.69317
[  4,  3351] loss: 0.69157
[  4,  3401] loss: 0.69148
[  4,  3451] loss: 0.69318
[  4,  3501] loss: 0.69509
[  4,  3551] loss: 0.69285
[  4,  3601] loss: 0.69419
[  4,  3651] loss: 0.69386
[  4,  3701] loss: 0.69387
[  4,  3751] loss: 0.69216
[  4,  3801] loss: 0.69387
[  4,  3851] loss: 0.69387
[  4,  3901] loss: 0.69250
[  4,  3951] loss: 0.69386
[  4,  4001] loss: 0.69419
[  4,  4051] loss: 0.69517
[  4,  4101] loss: 0.69254
[  4,  4151] loss: 0.69472
[  4,  4201] loss: 0.69347
[  4,  4251] loss: 0.69374
[  4,  4301] loss: 0.69397
[  4,  4351] loss: 0.69292
[  4,  4401] loss: 0.69340
[  4,  4451] loss: 0.69138
[  4,  4501] loss: 0.69425
[  4,  4551] loss: 0.69316
[  4,  4601] loss: 0.69416
[  4,  4651] loss: 0.69353
[  4,  4701] loss: 0.69281
[  4,  4751] loss: 0.69299
[  4,  4801] loss: 0.69300
[  4,  4851] loss: 0.69286
[  4,  4901] loss: 0.69258
[  4,  4951] loss: 0.69315
[  4,  5001] loss: 0.69344
[  4,  5051] loss: 0.69230
[  4,  5101] loss: 0.69374
[  4,  5151] loss: 0.69286
[  4,  5201] loss: 0.69345
[  4,  5251] loss: 0.69271
[  4,  5301] loss: 0.69164
[  4,  5351] loss: 0.69349
[  4,  5401] loss: 0.69333
[  4,  5451] loss: 0.69279
[  4,  5501] loss: 0.69297
[  4,  5551] loss: 0.69316
[  4,  5601] loss: 0.69275
[  4,  5651] loss: 0.69295
[  4,  5701] loss: 0.69271
[  4,  5751] loss: 0.69411
[  4,  5801] loss: 0.69413
[  4,  5851] loss: 0.69317
[  4,  5901] loss: 0.69340
[  4,  5951] loss: 0.69293
[  4,  6001] loss: 0.69316
[  4,  6051] loss: 0.69340
[  4,  6101] loss: 0.69363
[  4,  6151] loss: 0.69386
[  4,  6201] loss: 0.69205
[  4,  6251] loss: 0.69205
[  4,  6301] loss: 0.69498
[  4,  6351] loss: 0.69338
[  4,  6401] loss: 0.69446
[  4,  6451] loss: 0.69275
[  4,  6501] loss: 0.69179
[  4,  6551] loss: 0.69375
[  4,  6601] loss: 0.69277
[  4,  6651] loss: 0.69240
[  4,  6701] loss: 0.69413
[  4,  6751] loss: 0.69278
[  4,  6801] loss: 0.69449
[  4,  6851] loss: 0.69316
[  4,  6901] loss: 0.69246
[  4,  6951] loss: 0.69333
[  4,  7001] loss: 0.69231
[  4,  7051] loss: 0.69161
[  4,  7101] loss: 0.69426
[  4,  7151] loss: 0.69335
[  4,  7201] loss: 0.69278
[  4,  7251] loss: 0.69219
[  4,  7301] loss: 0.69356
[  4,  7351] loss: 0.69295
[  4,  7401] loss: 0.69273
[  4,  7451] loss: 0.69516
[  4,  7501] loss: 0.69426
[  4,  7551] loss: 0.69295
[  4,  7601] loss: 0.69235
[  4,  7651] loss: 0.69296
[  4,  7701] loss: 0.69296
[  4,  7751] loss: 0.69457
[  4,  7801] loss: 0.69199
[  4,  7851] loss: 0.69296
[  4,  7901] loss: 0.69394
[  4,  7951] loss: 0.69278
[  4,  8001] loss: 0.69316
[  4,  8051] loss: 0.69297
[  4,  8101] loss: 0.69353
[  4,  8151] loss: 0.69223
[  4,  8201] loss: 0.69278
[  4,  8251] loss: 0.69374
[  4,  8301] loss: 0.69219
[  4,  8351] loss: 0.69376
[  4,  8401] loss: 0.69417
[  4,  8451] loss: 0.69356
[  4,  8501] loss: 0.69239
[  4,  8551] loss: 0.69373
[  4,  8601] loss: 0.69353
[  4,  8651] loss: 0.69298
[  4,  8701] loss: 0.69333
[  4,  8751] loss: 0.69264
[  4,  8801] loss: 0.69299
[  4,  8851] loss: 0.69350
[  4,  8901] loss: 0.69265
[  4,  8951] loss: 0.69316
[  4,  9001] loss: 0.69214
[  4,  9051] loss: 0.69210
[  4,  9101] loss: 0.69335
[  4,  9151] loss: 0.69356
[  4,  9201] loss: 0.69337
[  4,  9251] loss: 0.69274
[  4,  9301] loss: 0.69316
[  4,  9351] loss: 0.69338
[  4,  9401] loss: 0.69362
[  4,  9451] loss: 0.69316
[  4,  9501] loss: 0.69271
[  4,  9551] loss: 0.69363
[  4,  9601] loss: 0.69409
[  4,  9651] loss: 0.69226
[  4,  9701] loss: 0.69294
[  4,  9751] loss: 0.69294
[  4,  9801] loss: 0.69293
[  4,  9851] loss: 0.69340
[  4,  9901] loss: 0.69340
[  4,  9951] loss: 0.69293
[  4, 10001] loss: 0.69269
[  4, 10051] loss: 0.69316
[  4, 10101] loss: 0.69245
[  4, 10151] loss: 0.69292
[  4, 10201] loss: 0.69367
[  4, 10251] loss: 0.69418
[  4, 10301] loss: 0.69317
[  4, 10351] loss: 0.69516
[  4, 10401] loss: 0.69436
[  4, 10451] loss: 0.69339
[  4, 10501] loss: 0.69191
[  4, 10551] loss: 0.69436
[  4, 10601] loss: 0.69278
[  4, 10651] loss: 0.69369
[  4, 10701] loss: 0.69266
[  4, 10751] loss: 0.69315
[  4, 10801] loss: 0.69225
[  4, 10851] loss: 0.69331
[  4, 10901] loss: 0.69330
[  4, 10951] loss: 0.69301
[  4, 11001] loss: 0.69389
[  4, 11051] loss: 0.69343
[  4, 11101] loss: 0.69355
[  4, 11151] loss: 0.69267
[  4, 11201] loss: 0.69315
[  4, 11251] loss: 0.69360
[  4, 11301] loss: 0.69335
[  4, 11351] loss: 0.69361
[  4, 11401] loss: 0.69307
[  4, 11451] loss: 0.69341
[  4, 11501] loss: 0.69330
[  4, 11551] loss: 0.69321
[  4, 11601] loss: 0.69312
[  4, 11651] loss: 0.69315
[  4, 11701] loss: 0.69313
[  4, 11751] loss: 0.69331
[  4, 11801] loss: 0.69291
[  4, 11851] loss: 0.69324
[  4, 11901] loss: 0.69286
[  4, 11951] loss: 0.69279
[  4, 12001] loss: 0.69306
[  4, 12051] loss: 0.69294
[  4, 12101] loss: 0.69315
[  4, 12151] loss: 0.69259
[  4, 12201] loss: 0.69268
[  4, 12251] loss: 0.69244
[  4, 12301] loss: 0.69256
[  4, 12351] loss: 0.69182
[  4, 12401] loss: 0.69342
[  4, 12451] loss: 0.69235
[  4, 12501] loss: 0.69139
[  4, 12551] loss: 0.69188
[  4, 12601] loss: 0.69177
[  4, 12651] loss: 0.69474
[  4, 12701] loss: 0.69320
[  4, 12751] loss: 0.69106
[  4, 12801] loss: 0.69366
[  4, 12851] loss: 0.69463
[  4, 12901] loss: 0.69468
[  4, 12951] loss: 0.69421
[  4, 13001] loss: 0.68972
[  4, 13051] loss: 0.69374
[  4, 13101] loss: 0.69219
[  4, 13151] loss: 0.69217
[  4, 13201] loss: 0.69487
[  4, 13251] loss: 0.69324
[  4, 13301] loss: 0.69380
[  4, 13351] loss: 0.69156
[  4, 13401] loss: 0.69381
[  4, 13451] loss: 0.69268
[  4, 13501] loss: 0.69497
[  4, 13551] loss: 0.69555
[  4, 13601] loss: 0.69439
[  4, 13651] loss: 0.69325
[  4, 13701] loss: 0.69324
[  4, 13751] loss: 0.69489
[  4, 13801] loss: 0.69649
[  4, 13851] loss: 0.69323
[  4, 13901] loss: 0.69579
[  4, 13951] loss: 0.69076
[  4, 14001] loss: 0.69418
[  4, 14051] loss: 0.69181
[  4, 14101] loss: 0.69413
[  4, 14151] loss: 0.69231
[  4, 14201] loss: 0.69100
[  4, 14251] loss: 0.69409
[  4, 14301] loss: 0.69321
[  4, 14351] loss: 0.69234
[  4, 14401] loss: 0.69277
[  4, 14451] loss: 0.69321
[  4, 14501] loss: 0.69062
[  4, 14551] loss: 0.69539
[  4, 14601] loss: 0.69277
[  4, 14651] loss: 0.69364
[  4, 14701] loss: 0.69190
[  4, 14751] loss: 0.69321
[  4, 14801] loss: 0.69408
[  4, 14851] loss: 0.69495
[  4, 14901] loss: 0.69493
[  4, 14951] loss: 0.69152
[  4, 15001] loss: 0.68988
[  4, 15051] loss: 0.69446
[  4, 15101] loss: 0.69530
[  4, 15151] loss: 0.69362
[  4, 15201] loss: 0.69442
[  4, 15251] loss: 0.69439
[  4, 15301] loss: 0.69088
[  4, 15351] loss: 0.69357
[  4, 15401] loss: 0.69319
[  4, 15451] loss: 0.69059
[  4, 15501] loss: 0.69169
[  4, 15551] loss: 0.69243
[  4, 15601] loss: 0.69203
[  4, 15651] loss: 0.69240
[  4, 15701] loss: 0.69607
[  4, 15751] loss: 0.69196
[  4, 15801] loss: 0.69278
[  4, 15851] loss: 0.69489
[  4, 15901] loss: 0.69278
[  4, 15951] loss: 0.69405
[  4, 16001] loss: 0.69152
[  4, 16051] loss: 0.69236
[  4, 16101] loss: 0.69278
[  4, 16151] loss: 0.69493
[  4, 16201] loss: 0.69018
[  4, 16251] loss: 0.69408
[  4, 16301] loss: 0.69453
[  4, 16351] loss: 0.69277
[  4, 16401] loss: 0.69321
[  4, 16451] loss: 0.69232
[  4, 16501] loss: 0.69499
[  4, 16551] loss: 0.69100
[  4, 16601] loss: 0.69276
[  4, 16651] loss: 0.69589
[  4, 16701] loss: 0.69277
[  4, 16751] loss: 0.69541
[  4, 16801] loss: 0.69321
[  4, 16851] loss: 0.69490
[  4, 16901] loss: 0.69403
[  4, 16951] loss: 0.69280
[  4, 17001] loss: 0.69358
[  4, 17051] loss: 0.69432
[  4, 17101] loss: 0.69246
[  4, 17151] loss: 0.69283
[  4, 17201] loss: 0.69284
[  4, 17251] loss: 0.69420
[  4, 17301] loss: 0.69351
[  4, 17351] loss: 0.69350
[  4, 17401] loss: 0.69441
[  4, 17451] loss: 0.69376
[  4, 17501] loss: 0.69178
[  4, 17551] loss: 0.69398
[  4, 17601] loss: 0.69291
[  4, 17651] loss: 0.69292
[  4, 17701] loss: 0.69145
[  4, 17751] loss: 0.69440
[  4, 17801] loss: 0.69220
[  4, 17851] loss: 0.69268
[  4, 17901] loss: 0.69365
[  4, 17951] loss: 0.69317
[  4, 18001] loss: 0.69268
[  4, 18051] loss: 0.69146
[  4, 18101] loss: 0.69215
[  4, 18151] loss: 0.69503
[  4, 18201] loss: 0.69344
[  4, 18251] loss: 0.69371
[  4, 18301] loss: 0.69263
[  4, 18351] loss: 0.69290
[  4, 18401] loss: 0.69317
[  4, 18451] loss: 0.69317
[  4, 18501] loss: 0.69317
[  4, 18551] loss: 0.69207
[  4, 18601] loss: 0.69233
[  4, 18651] loss: 0.69346
[  4, 18701] loss: 0.69494
[  4, 18751] loss: 0.69464
[  4, 18801] loss: 0.69203
[  4, 18851] loss: 0.69430
[  4, 18901] loss: 0.69427
[  4, 18951] loss: 0.69290
[  4, 19001] loss: 0.69214
[  4, 19051] loss: 0.69418
[  4, 19101] loss: 0.69317
[  4, 19151] loss: 0.69221
[  4, 19201] loss: 0.69528
[  4, 19251] loss: 0.69473
[  4, 19301] loss: 0.69234
[  4, 19351] loss: 0.69239
[  4, 19401] loss: 0.69297
[  4, 19451] loss: 0.69244
[  4, 19501] loss: 0.69405
[  4, 19551] loss: 0.69298
[  4, 19601] loss: 0.69248
[  4, 19651] loss: 0.69299
[  4, 19701] loss: 0.69333
[  4, 19751] loss: 0.69367
[  4, 19801] loss: 0.69316
[  4, 19851] loss: 0.69332
[  4, 19901] loss: 0.69379
[  4, 19951] loss: 0.69225
[  4, 20001] loss: 0.69315
[  4, 20051] loss: 0.69241
[  4, 20101] loss: 0.69300
[  4, 20151] loss: 0.69315
[  4, 20201] loss: 0.69218
[  4, 20251] loss: 0.69333
[  4, 20301] loss: 0.69298
[  4, 20351] loss: 0.69335
[  4, 20401] loss: 0.69375
[  4, 20451] loss: 0.69375
[  4, 20501] loss: 0.69218
[  4, 20551] loss: 0.69296
[  4, 20601] loss: 0.69419
[  4, 20651] loss: 0.69398
[  4, 20701] loss: 0.69395
[  4, 20751] loss: 0.69391
[  4, 20801] loss: 0.69351
[  4, 20851] loss: 0.69267
[  4, 20901] loss: 0.69255
[  4, 20951] loss: 0.69520
[  4, 21001] loss: 0.69328
[  4, 21051] loss: 0.69348
[  4, 21101] loss: 0.69324
[  4, 21151] loss: 0.69287
[  4, 21201] loss: 0.69298
[  4, 21251] loss: 0.69320
[  4, 21301] loss: 0.69319
[  4, 21351] loss: 0.69312
[  4, 21401] loss: 0.69321
[  4, 21451] loss: 0.69326
[  4, 21501] loss: 0.69312
[  4, 21551] loss: 0.69317
[  4, 21601] loss: 0.69346
[  4, 21651] loss: 0.69331
[  4, 21701] loss: 0.69321
[  4, 21751] loss: 0.69267
[  4, 21801] loss: 0.69301
[  4, 21851] loss: 0.69315
[  4, 21901] loss: 0.69315
[  4, 21951] loss: 0.69346
[  4, 22001] loss: 0.69315
[  4, 22051] loss: 0.69281
[  4, 22101] loss: 0.69364
[  4, 22151] loss: 0.69340
[  4, 22201] loss: 0.69340
[  4, 22251] loss: 0.69339
[  4, 22301] loss: 0.69280
[  4, 22351] loss: 0.69223
[  4, 22401] loss: 0.69377
[  4, 22451] loss: 0.69365
[  4, 22501] loss: 0.69291
[  4, 22551] loss: 0.69339
[  4, 22601] loss: 0.69256
[  4, 22651] loss: 0.69339
[  4, 22701] loss: 0.69303
[  4, 22751] loss: 0.69315
[  4, 22801] loss: 0.69278
[  4, 22851] loss: 0.69290
[  4, 22901] loss: 0.69436
[  4, 22951] loss: 0.69264
[  4, 23001] loss: 0.69367
[  4, 23051] loss: 0.69328
[  4, 23101] loss: 0.69315
[  4, 23151] loss: 0.69315
[  4, 23201] loss: 0.69304
[  4, 23251] loss: 0.69272
[  4, 23301] loss: 0.69326
[  4, 23351] loss: 0.69282
[  4, 23401] loss: 0.69270
[  4, 23451] loss: 0.69291
[  4, 23501] loss: 0.69263
[  4, 23551] loss: 0.69330
[  4, 23601] loss: 0.69346
[  4, 23651] loss: 0.69221
[  4, 23701] loss: 0.69281
[  4, 23751] loss: 0.69389
[  4, 23801] loss: 0.69392
[  4, 23851] loss: 0.69297
[  4, 23901] loss: 0.69355
[  4, 23951] loss: 0.69178
[  4, 24001] loss: 0.69357
[  4, 24051] loss: 0.69316
[  4, 24101] loss: 0.69316
[  4, 24151] loss: 0.69359
[  4, 24201] loss: 0.69229
[  4, 24251] loss: 0.69183
[  4, 24301] loss: 0.69316
[  4, 24351] loss: 0.69414
[  4, 24401] loss: 0.69317
[  4, 24451] loss: 0.69292
[  4, 24501] loss: 0.69138
[  4, 24551] loss: 0.69264
[  4, 24601] loss: 0.69456
[  4, 24651] loss: 0.69232
[  4, 24701] loss: 0.69259
[  4, 24751] loss: 0.69348
[  4, 24801] loss: 0.69256
[  4, 24851] loss: 0.69160
[  4, 24901] loss: 0.69449
[  4, 24951] loss: 0.69318
[  5,     1] loss: 0.69182
[  5,    51] loss: 0.69493
[  5,   101] loss: 0.69354
[  5,   151] loss: 0.69071
[  5,   201] loss: 0.69174
[  5,   251] loss: 0.69356
[  5,   301] loss: 0.69319
[  5,   351] loss: 0.69241
[  5,   401] loss: 0.69559
[  5,   451] loss: 0.69240
[  5,   501] loss: 0.69320
[  5,   551] loss: 0.69930
[  5,   601] loss: 0.69437
[  5,   651] loss: 0.69432
[  5,   701] loss: 0.69498
[  5,   751] loss: 0.69285
[  5,   801] loss: 0.69223
[  5,   851] loss: 0.69348
[  5,   901] loss: 0.69288
[  5,   951] loss: 0.69289
[  5,  1001] loss: 0.69317
[  5,  1051] loss: 0.69472
[  5,  1101] loss: 0.69463
[  5,  1151] loss: 0.69361
[  5,  1201] loss: 0.69235
[  5,  1251] loss: 0.69278
[  5,  1301] loss: 0.69298
[  5,  1351] loss: 0.69299
[  5,  1401] loss: 0.69250
[  5,  1451] loss: 0.69267
[  5,  1501] loss: 0.69316
[  5,  1551] loss: 0.69299
[  5,  1601] loss: 0.69316
[  5,  1651] loss: 0.69332
[  5,  1701] loss: 0.69265
[  5,  1751] loss: 0.69229
[  5,  1801] loss: 0.69352
[  5,  1851] loss: 0.69241
[  5,  1901] loss: 0.69355
[  5,  1951] loss: 0.69376
[  5,  2001] loss: 0.69235
[  5,  2051] loss: 0.69253
[  5,  2101] loss: 0.69294
[  5,  2151] loss: 0.69497
[  5,  2201] loss: 0.69384
[  5,  2251] loss: 0.69272
[  5,  2301] loss: 0.69338
[  5,  2351] loss: 0.69338
[  5,  2401] loss: 0.69168
[  5,  2451] loss: 0.69209
[  5,  2501] loss: 0.69271
[  5,  2551] loss: 0.69363
[  5,  2601] loss: 0.69461
[  5,  2651] loss: 0.69245
[  5,  2701] loss: 0.69292
[  5,  2751] loss: 0.69390
[  5,  2801] loss: 0.69366
[  5,  2851] loss: 0.69317
[  5,  2901] loss: 0.69269
[  5,  2951] loss: 0.69364
[  5,  3001] loss: 0.69340
[  5,  3051] loss: 0.69200
[  5,  3101] loss: 0.69316
[  5,  3151] loss: 0.69222
[  5,  3201] loss: 0.69268
[  5,  3251] loss: 0.69217
[  5,  3301] loss: 0.69317
[  5,  3351] loss: 0.69156
[  5,  3401] loss: 0.69147
[  5,  3451] loss: 0.69318
[  5,  3501] loss: 0.69510
[  5,  3551] loss: 0.69285
[  5,  3601] loss: 0.69420
[  5,  3651] loss: 0.69387
[  5,  3701] loss: 0.69387
[  5,  3751] loss: 0.69215
[  5,  3801] loss: 0.69388
[  5,  3851] loss: 0.69387
[  5,  3901] loss: 0.69250
[  5,  3951] loss: 0.69387
[  5,  4001] loss: 0.69420
[  5,  4051] loss: 0.69518
[  5,  4101] loss: 0.69254
[  5,  4151] loss: 0.69473
[  5,  4201] loss: 0.69347
[  5,  4251] loss: 0.69374
[  5,  4301] loss: 0.69398
[  5,  4351] loss: 0.69292
[  5,  4401] loss: 0.69340
[  5,  4451] loss: 0.69138
[  5,  4501] loss: 0.69426
[  5,  4551] loss: 0.69316
[  5,  4601] loss: 0.69417
[  5,  4651] loss: 0.69354
[  5,  4701] loss: 0.69281
[  5,  4751] loss: 0.69299
[  5,  4801] loss: 0.69300
[  5,  4851] loss: 0.69286
[  5,  4901] loss: 0.69258
[  5,  4951] loss: 0.69315
[  5,  5001] loss: 0.69344
[  5,  5051] loss: 0.69230
[  5,  5101] loss: 0.69375
[  5,  5151] loss: 0.69286
[  5,  5201] loss: 0.69345
[  5,  5251] loss: 0.69271
[  5,  5301] loss: 0.69164
[  5,  5351] loss: 0.69349
[  5,  5401] loss: 0.69333
[  5,  5451] loss: 0.69279
[  5,  5501] loss: 0.69297
[  5,  5551] loss: 0.69316
[  5,  5601] loss: 0.69275
[  5,  5651] loss: 0.69295
[  5,  5701] loss: 0.69271
[  5,  5751] loss: 0.69411
[  5,  5801] loss: 0.69413
[  5,  5851] loss: 0.69317
[  5,  5901] loss: 0.69341
[  5,  5951] loss: 0.69293
[  5,  6001] loss: 0.69316
[  5,  6051] loss: 0.69340
[  5,  6101] loss: 0.69363
[  5,  6151] loss: 0.69386
[  5,  6201] loss: 0.69204
[  5,  6251] loss: 0.69205
[  5,  6301] loss: 0.69498
[  5,  6351] loss: 0.69339
[  5,  6401] loss: 0.69446
[  5,  6451] loss: 0.69275
[  5,  6501] loss: 0.69179
[  5,  6551] loss: 0.69375
[  5,  6601] loss: 0.69277
[  5,  6651] loss: 0.69239
[  5,  6701] loss: 0.69413
[  5,  6751] loss: 0.69278
[  5,  6801] loss: 0.69450
[  5,  6851] loss: 0.69316
[  5,  6901] loss: 0.69245
[  5,  6951] loss: 0.69333
[  5,  7001] loss: 0.69231
[  5,  7051] loss: 0.69161
[  5,  7101] loss: 0.69426
[  5,  7151] loss: 0.69335
[  5,  7201] loss: 0.69278
[  5,  7251] loss: 0.69219
[  5,  7301] loss: 0.69357
[  5,  7351] loss: 0.69295
[  5,  7401] loss: 0.69273
[  5,  7451] loss: 0.69516
[  5,  7501] loss: 0.69426
[  5,  7551] loss: 0.69295
[  5,  7601] loss: 0.69234
[  5,  7651] loss: 0.69296
[  5,  7701] loss: 0.69296
[  5,  7751] loss: 0.69458
[  5,  7801] loss: 0.69199
[  5,  7851] loss: 0.69296
[  5,  7901] loss: 0.69394
[  5,  7951] loss: 0.69278
[  5,  8001] loss: 0.69316
[  5,  8051] loss: 0.69297
[  5,  8101] loss: 0.69353
[  5,  8151] loss: 0.69223
[  5,  8201] loss: 0.69278
[  5,  8251] loss: 0.69374
[  5,  8301] loss: 0.69219
[  5,  8351] loss: 0.69376
[  5,  8401] loss: 0.69417
[  5,  8451] loss: 0.69356
[  5,  8501] loss: 0.69239
[  5,  8551] loss: 0.69374
[  5,  8601] loss: 0.69353
[  5,  8651] loss: 0.69298
[  5,  8701] loss: 0.69333
[  5,  8751] loss: 0.69264
[  5,  8801] loss: 0.69299
[  5,  8851] loss: 0.69350
[  5,  8901] loss: 0.69265
[  5,  8951] loss: 0.69316
[  5,  9001] loss: 0.69214
[  5,  9051] loss: 0.69210
[  5,  9101] loss: 0.69335
[  5,  9151] loss: 0.69356
[  5,  9201] loss: 0.69337
[  5,  9251] loss: 0.69274
[  5,  9301] loss: 0.69316
[  5,  9351] loss: 0.69339
[  5,  9401] loss: 0.69362
[  5,  9451] loss: 0.69316
[  5,  9501] loss: 0.69271
[  5,  9551] loss: 0.69363
[  5,  9601] loss: 0.69409
[  5,  9651] loss: 0.69225
[  5,  9701] loss: 0.69294
[  5,  9751] loss: 0.69294
[  5,  9801] loss: 0.69293
[  5,  9851] loss: 0.69340
[  5,  9901] loss: 0.69340
[  5,  9951] loss: 0.69293
[  5, 10001] loss: 0.69269
[  5, 10051] loss: 0.69316
[  5, 10101] loss: 0.69244
[  5, 10151] loss: 0.69292
[  5, 10201] loss: 0.69367
[  5, 10251] loss: 0.69418
[  5, 10301] loss: 0.69317
[  5, 10351] loss: 0.69516
[  5, 10401] loss: 0.69436
[  5, 10451] loss: 0.69339
[  5, 10501] loss: 0.69191
[  5, 10551] loss: 0.69437
[  5, 10601] loss: 0.69278
[  5, 10651] loss: 0.69369
[  5, 10701] loss: 0.69266
[  5, 10751] loss: 0.69315
[  5, 10801] loss: 0.69225
[  5, 10851] loss: 0.69331
[  5, 10901] loss: 0.69330
[  5, 10951] loss: 0.69301
[  5, 11001] loss: 0.69389
[  5, 11051] loss: 0.69343
[  5, 11101] loss: 0.69355
[  5, 11151] loss: 0.69267
[  5, 11201] loss: 0.69315
[  5, 11251] loss: 0.69359
[  5, 11301] loss: 0.69335
[  5, 11351] loss: 0.69361
[  5, 11401] loss: 0.69307
[  5, 11451] loss: 0.69341
[  5, 11501] loss: 0.69329
[  5, 11551] loss: 0.69321
[  5, 11601] loss: 0.69312
[  5, 11651] loss: 0.69315
[  5, 11701] loss: 0.69313
[  5, 11751] loss: 0.69332
[  5, 11801] loss: 0.69290
[  5, 11851] loss: 0.69324
[  5, 11901] loss: 0.69286
[  5, 11951] loss: 0.69279
[  5, 12001] loss: 0.69306
[  5, 12051] loss: 0.69293
[  5, 12101] loss: 0.69315
[  5, 12151] loss: 0.69259
[  5, 12201] loss: 0.69267
[  5, 12251] loss: 0.69244
[  5, 12301] loss: 0.69255
[  5, 12351] loss: 0.69181
[  5, 12401] loss: 0.69342
[  5, 12451] loss: 0.69234
[  5, 12501] loss: 0.69137
[  5, 12551] loss: 0.69187
[  5, 12601] loss: 0.69175
[  5, 12651] loss: 0.69475
[  5, 12701] loss: 0.69320
[  5, 12751] loss: 0.69104
[  5, 12801] loss: 0.69367
[  5, 12851] loss: 0.69464
[  5, 12901] loss: 0.69469
[  5, 12951] loss: 0.69422
[  5, 13001] loss: 0.68970
[  5, 13051] loss: 0.69375
[  5, 13101] loss: 0.69218
[  5, 13151] loss: 0.69216
[  5, 13201] loss: 0.69489
[  5, 13251] loss: 0.69324
[  5, 13301] loss: 0.69381
[  5, 13351] loss: 0.69155
[  5, 13401] loss: 0.69382
[  5, 13451] loss: 0.69268
[  5, 13501] loss: 0.69499
[  5, 13551] loss: 0.69557
[  5, 13601] loss: 0.69440
[  5, 13651] loss: 0.69325
[  5, 13701] loss: 0.69325
[  5, 13751] loss: 0.69491
[  5, 13801] loss: 0.69651
[  5, 13851] loss: 0.69323
[  5, 13901] loss: 0.69581
[  5, 13951] loss: 0.69074
[  5, 14001] loss: 0.69419
[  5, 14051] loss: 0.69180
[  5, 14101] loss: 0.69414
[  5, 14151] loss: 0.69231
[  5, 14201] loss: 0.69098
[  5, 14251] loss: 0.69410
[  5, 14301] loss: 0.69321
[  5, 14351] loss: 0.69233
[  5, 14401] loss: 0.69277
[  5, 14451] loss: 0.69321
[  5, 14501] loss: 0.69061
[  5, 14551] loss: 0.69540
[  5, 14601] loss: 0.69277
[  5, 14651] loss: 0.69365
[  5, 14701] loss: 0.69190
[  5, 14751] loss: 0.69321
[  5, 14801] loss: 0.69409
[  5, 14851] loss: 0.69496
[  5, 14901] loss: 0.69494
[  5, 14951] loss: 0.69151
[  5, 15001] loss: 0.68986
[  5, 15051] loss: 0.69447
[  5, 15101] loss: 0.69531
[  5, 15151] loss: 0.69362
[  5, 15201] loss: 0.69443
[  5, 15251] loss: 0.69440
[  5, 15301] loss: 0.69086
[  5, 15351] loss: 0.69358
[  5, 15401] loss: 0.69319
[  5, 15451] loss: 0.69058
[  5, 15501] loss: 0.69169
[  5, 15551] loss: 0.69243
[  5, 15601] loss: 0.69202
[  5, 15651] loss: 0.69240
[  5, 15701] loss: 0.69609
[  5, 15751] loss: 0.69196
[  5, 15801] loss: 0.69278
[  5, 15851] loss: 0.69490
[  5, 15901] loss: 0.69278
[  5, 15951] loss: 0.69405
[  5, 16001] loss: 0.69151
[  5, 16051] loss: 0.69235
[  5, 16101] loss: 0.69278
[  5, 16151] loss: 0.69494
[  5, 16201] loss: 0.69017
[  5, 16251] loss: 0.69409
[  5, 16301] loss: 0.69454
[  5, 16351] loss: 0.69276
[  5, 16401] loss: 0.69321
[  5, 16451] loss: 0.69232
[  5, 16501] loss: 0.69500
[  5, 16551] loss: 0.69099
[  5, 16601] loss: 0.69276
[  5, 16651] loss: 0.69591
[  5, 16701] loss: 0.69276
[  5, 16751] loss: 0.69542
[  5, 16801] loss: 0.69321
[  5, 16851] loss: 0.69491
[  5, 16901] loss: 0.69403
[  5, 16951] loss: 0.69280
[  5, 17001] loss: 0.69358
[  5, 17051] loss: 0.69433
[  5, 17101] loss: 0.69246
[  5, 17151] loss: 0.69283
[  5, 17201] loss: 0.69284
[  5, 17251] loss: 0.69420
[  5, 17301] loss: 0.69351
[  5, 17351] loss: 0.69350
[  5, 17401] loss: 0.69441
[  5, 17451] loss: 0.69376
[  5, 17501] loss: 0.69177
[  5, 17551] loss: 0.69399
[  5, 17601] loss: 0.69291
[  5, 17651] loss: 0.69291
[  5, 17701] loss: 0.69145
[  5, 17751] loss: 0.69440
[  5, 17801] loss: 0.69220
[  5, 17851] loss: 0.69268
[  5, 17901] loss: 0.69365
[  5, 17951] loss: 0.69317
[  5, 18001] loss: 0.69268
[  5, 18051] loss: 0.69145
[  5, 18101] loss: 0.69215
[  5, 18151] loss: 0.69503
[  5, 18201] loss: 0.69344
[  5, 18251] loss: 0.69371
[  5, 18301] loss: 0.69263
[  5, 18351] loss: 0.69290
[  5, 18401] loss: 0.69317
[  5, 18451] loss: 0.69317
[  5, 18501] loss: 0.69317
[  5, 18551] loss: 0.69206
[  5, 18601] loss: 0.69233
[  5, 18651] loss: 0.69346
[  5, 18701] loss: 0.69494
[  5, 18751] loss: 0.69464
[  5, 18801] loss: 0.69203
[  5, 18851] loss: 0.69431
[  5, 18901] loss: 0.69428
[  5, 18951] loss: 0.69290
[  5, 19001] loss: 0.69214
[  5, 19051] loss: 0.69418
[  5, 19101] loss: 0.69317
[  5, 19151] loss: 0.69221
[  5, 19201] loss: 0.69529
[  5, 19251] loss: 0.69473
[  5, 19301] loss: 0.69234
[  5, 19351] loss: 0.69239
[  5, 19401] loss: 0.69297
[  5, 19451] loss: 0.69244
[  5, 19501] loss: 0.69405
[  5, 19551] loss: 0.69298
[  5, 19601] loss: 0.69248
[  5, 19651] loss: 0.69299
[  5, 19701] loss: 0.69333
[  5, 19751] loss: 0.69367
[  5, 19801] loss: 0.69316
[  5, 19851] loss: 0.69332
[  5, 19901] loss: 0.69379
[  5, 19951] loss: 0.69225
[  5, 20001] loss: 0.69315
[  5, 20051] loss: 0.69241
[  5, 20101] loss: 0.69300
[  5, 20151] loss: 0.69315
[  5, 20201] loss: 0.69218
[  5, 20251] loss: 0.69333
[  5, 20301] loss: 0.69298
[  5, 20351] loss: 0.69335
[  5, 20401] loss: 0.69375
[  5, 20451] loss: 0.69375
[  5, 20501] loss: 0.69217
[  5, 20551] loss: 0.69296
[  5, 20601] loss: 0.69419
[  5, 20651] loss: 0.69398
[  5, 20701] loss: 0.69395
[  5, 20751] loss: 0.69391
[  5, 20801] loss: 0.69351
[  5, 20851] loss: 0.69267
[  5, 20901] loss: 0.69255
[  5, 20951] loss: 0.69520
[  5, 21001] loss: 0.69328
[  5, 21051] loss: 0.69348
[  5, 21101] loss: 0.69324
[  5, 21151] loss: 0.69287
[  5, 21201] loss: 0.69298
[  5, 21251] loss: 0.69319
[  5, 21301] loss: 0.69319
[  5, 21351] loss: 0.69312
[  5, 21401] loss: 0.69321
[  5, 21451] loss: 0.69326
[  5, 21501] loss: 0.69312
[  5, 21551] loss: 0.69318
[  5, 21601] loss: 0.69347
[  5, 21651] loss: 0.69331
[  5, 21701] loss: 0.69321
[  5, 21751] loss: 0.69266
[  5, 21801] loss: 0.69301
[  5, 21851] loss: 0.69315
[  5, 21901] loss: 0.69315
[  5, 21951] loss: 0.69346
[  5, 22001] loss: 0.69315
[  5, 22051] loss: 0.69281
[  5, 22101] loss: 0.69364
[  5, 22151] loss: 0.69340
[  5, 22201] loss: 0.69340
[  5, 22251] loss: 0.69340
[  5, 22301] loss: 0.69280
[  5, 22351] loss: 0.69222
[  5, 22401] loss: 0.69377
[  5, 22451] loss: 0.69366
[  5, 22501] loss: 0.69291
[  5, 22551] loss: 0.69340
[  5, 22601] loss: 0.69255
[  5, 22651] loss: 0.69340
[  5, 22701] loss: 0.69303
[  5, 22751] loss: 0.69315
[  5, 22801] loss: 0.69278
[  5, 22851] loss: 0.69289
[  5, 22901] loss: 0.69437
[  5, 22951] loss: 0.69263
[  5, 23001] loss: 0.69367
[  5, 23051] loss: 0.69328
[  5, 23101] loss: 0.69315
[  5, 23151] loss: 0.69315
[  5, 23201] loss: 0.69304
[  5, 23251] loss: 0.69272
[  5, 23301] loss: 0.69326
[  5, 23351] loss: 0.69282
[  5, 23401] loss: 0.69269
[  5, 23451] loss: 0.69291
[  5, 23501] loss: 0.69263
[  5, 23551] loss: 0.69330
[  5, 23601] loss: 0.69346
[  5, 23651] loss: 0.69220
[  5, 23701] loss: 0.69281
[  5, 23751] loss: 0.69390
[  5, 23801] loss: 0.69393
[  5, 23851] loss: 0.69296
[  5, 23901] loss: 0.69355
[  5, 23951] loss: 0.69177
[  5, 24001] loss: 0.69357
[  5, 24051] loss: 0.69316
[  5, 24101] loss: 0.69316
[  5, 24151] loss: 0.69360
[  5, 24201] loss: 0.69229
[  5, 24251] loss: 0.69182
[  5, 24301] loss: 0.69316
[  5, 24351] loss: 0.69414
[  5, 24401] loss: 0.69317
[  5, 24451] loss: 0.69292
[  5, 24501] loss: 0.69137
[  5, 24551] loss: 0.69263
[  5, 24601] loss: 0.69457
[  5, 24651] loss: 0.69232
[  5, 24701] loss: 0.69259
[  5, 24751] loss: 0.69348
[  5, 24801] loss: 0.69256
[  5, 24851] loss: 0.69160
[  5, 24901] loss: 0.69450
[  5, 24951] loss: 0.69318
Finished training
Accuracy on train: 0.50000
Accuracy on test: 0.50000
