{'word_context': 5, 'word_embed_size': 30, 'word_conv_units': 300, 'hidden_units': 0, 'dropout': False, 'batch_size': 50}
train set done
test set done
<bound method MixedNet.parameters of MixedNet (
  (W_wrd): DataParallel (
    (module): Embedding(89528, 30)
  )
  (word_level_conv): DataParallel (
    (module): Conv2d(1, 300, kernel_size=(30, 5), stride=(1, 1), padding=(0, 2))
  )
  (word_level_maxpool): DataParallel (
    (module): AdaptiveMaxPool2d (output_size=(300, 1))
  )
  (fc1): DataParallel (
    (module): Linear (300 -> 2)
  )
)>
[  1,     1] loss: 0.90512
[  1,    51] loss: 0.69994
[  1,   101] loss: 0.79969
[  1,   151] loss: 0.81146
[  1,   201] loss: 0.81113
[  1,   251] loss: 0.72324
[  1,   301] loss: 0.69704
[  1,   351] loss: 0.73055
[  1,   401] loss: 0.78382
[  1,   451] loss: 0.70954
[  1,   501] loss: 0.67058
[  1,   551] loss: 0.66587
[  1,   601] loss: 0.69840
[  1,   651] loss: 0.70499
[  1,   701] loss: 0.74666
[  1,   751] loss: 0.67349
[  1,   801] loss: 0.71443
[  1,   851] loss: 0.70994
[  1,   901] loss: 0.69610
[  1,   951] loss: 0.66713
[  1,  1001] loss: 0.69824
[  1,  1051] loss: 0.68489
[  1,  1101] loss: 0.70415
[  1,  1151] loss: 0.68678
[  1,  1201] loss: 0.70319
[  1,  1251] loss: 0.65901
[  1,  1301] loss: 0.69605
[  1,  1351] loss: 0.68883
[  1,  1401] loss: 0.68193
[  1,  1451] loss: 0.70554
[  1,  1501] loss: 0.69730
[  1,  1551] loss: 0.68942
[  1,  1601] loss: 0.70686
[  1,  1651] loss: 0.67204
[  1,  1701] loss: 0.70800
[  1,  1751] loss: 0.68025
[  1,  1801] loss: 0.65547
[  1,  1851] loss: 0.68933
[  1,  1901] loss: 0.68773
[  1,  1951] loss: 0.68532
[  1,  2001] loss: 0.67392
[  1,  2051] loss: 0.69983
[  1,  2101] loss: 0.69693
[  1,  2151] loss: 0.65983
[  1,  2201] loss: 0.67150
[  1,  2251] loss: 0.69247
[  1,  2301] loss: 0.68959
[  1,  2351] loss: 0.67723
[  1,  2401] loss: 0.68913
[  1,  2451] loss: 0.66847
[  1,  2501] loss: 0.69648
[  1,  2551] loss: 0.67899
[  1,  2601] loss: 0.71751
[  1,  2651] loss: 0.67883
[  1,  2701] loss: 0.71245
[  1,  2751] loss: 0.67657
[  1,  2801] loss: 0.67602
[  1,  2851] loss: 0.69482
[  1,  2901] loss: 0.69570
[  1,  2951] loss: 0.72191
[  1,  3001] loss: 0.67475
[  1,  3051] loss: 0.67355
[  1,  3101] loss: 0.65395
[  1,  3151] loss: 0.68442
[  1,  3201] loss: 0.66255
[  1,  3251] loss: 0.68554
[  1,  3301] loss: 0.70470
[  1,  3351] loss: 0.67092
[  1,  3401] loss: 0.67314
[  1,  3451] loss: 0.68292
[  1,  3501] loss: 0.69216
[  1,  3551] loss: 0.66247
[  1,  3601] loss: 0.65755
[  1,  3651] loss: 0.68428
[  1,  3701] loss: 0.64932
[  1,  3751] loss: 0.72322
[  1,  3801] loss: 0.73823
[  1,  3851] loss: 0.64943
[  1,  3901] loss: 0.70105
[  1,  3951] loss: 0.68012
[  1,  4001] loss: 0.69213
[  1,  4051] loss: 0.69156
[  1,  4101] loss: 0.69363
[  1,  4151] loss: 0.68914
[  1,  4201] loss: 0.71645
[  1,  4251] loss: 0.71241
[  1,  4301] loss: 0.68415
[  1,  4351] loss: 0.66657
[  1,  4401] loss: 0.63006
[  1,  4451] loss: 0.67038
[  1,  4501] loss: 0.71346
[  1,  4551] loss: 0.64480
[  1,  4601] loss: 0.62166
[  1,  4651] loss: 0.67334
[  1,  4701] loss: 0.68243
[  1,  4751] loss: 0.65650
[  1,  4801] loss: 0.67074
[  1,  4851] loss: 0.66391
[  1,  4901] loss: 0.64169
[  1,  4951] loss: 0.67468
[  1,  5001] loss: 0.66528
[  1,  5051] loss: 0.67460
[  1,  5101] loss: 0.67186
[  1,  5151] loss: 0.73018
[  1,  5201] loss: 0.65677
[  1,  5251] loss: 0.69085
[  1,  5301] loss: 0.71162
[  1,  5351] loss: 0.66571
[  1,  5401] loss: 0.63406
[  1,  5451] loss: 0.68689
[  1,  5501] loss: 0.77059
[  1,  5551] loss: 0.73664
[  1,  5601] loss: 0.66959
[  1,  5651] loss: 0.61772
[  1,  5701] loss: 0.71477
[  1,  5751] loss: 0.78133
[  1,  5801] loss: 0.61035
[  1,  5851] loss: 0.66151
[  1,  5901] loss: 0.63455
[  1,  5951] loss: 0.70630
[  1,  6001] loss: 0.74107
[  1,  6051] loss: 0.67696
[  1,  6101] loss: 0.66358
[  1,  6151] loss: 0.72131
[  1,  6201] loss: 0.67534
[  1,  6251] loss: 0.68174
[  1,  6301] loss: 0.66392
[  1,  6351] loss: 0.69425
[  1,  6401] loss: 0.66256
[  1,  6451] loss: 0.62650
[  1,  6501] loss: 0.67145
[  1,  6551] loss: 0.61086
[  1,  6601] loss: 0.65081
[  1,  6651] loss: 0.70480
[  1,  6701] loss: 0.74019
[  1,  6751] loss: 0.64535
[  1,  6801] loss: 0.67907
[  1,  6851] loss: 0.68423
[  1,  6901] loss: 0.71383
[  1,  6951] loss: 0.65151
[  1,  7001] loss: 0.68420
[  1,  7051] loss: 0.64987
[  1,  7101] loss: 0.68328
[  1,  7151] loss: 0.63793
[  1,  7201] loss: 0.64857
[  1,  7251] loss: 0.71590
[  1,  7301] loss: 0.71029
[  1,  7351] loss: 0.69237
[  1,  7401] loss: 0.71656
[  1,  7451] loss: 0.58942
[  1,  7501] loss: 0.64374
[  1,  7551] loss: 0.68304
[  1,  7601] loss: 0.72648
[  1,  7651] loss: 0.70511
[  1,  7701] loss: 0.64831
[  1,  7751] loss: 0.70424
[  1,  7801] loss: 0.62277
[  1,  7851] loss: 0.71272
[  1,  7901] loss: 0.66700
[  1,  7951] loss: 0.70223
[  1,  8001] loss: 0.68016
[  1,  8051] loss: 0.66452
[  1,  8101] loss: 0.63365
[  1,  8151] loss: 0.71264
[  1,  8201] loss: 0.68695
[  1,  8251] loss: 0.64781
[  1,  8301] loss: 0.62589
[  1,  8351] loss: 0.69967
[  1,  8401] loss: 0.69117
[  1,  8451] loss: 0.67900
[  1,  8501] loss: 0.62289
[  1,  8551] loss: 0.68644
[  1,  8601] loss: 0.61351
[  1,  8651] loss: 0.62758
[  1,  8701] loss: 0.69585
[  1,  8751] loss: 0.62550
[  1,  8801] loss: 0.66885
[  1,  8851] loss: 0.65422
[  1,  8901] loss: 0.67515
[  1,  8951] loss: 0.67854
[  1,  9001] loss: 0.66181
[  1,  9051] loss: 0.64622
[  1,  9101] loss: 0.78426
[  1,  9151] loss: 0.69661
[  1,  9201] loss: 0.67088
[  1,  9251] loss: 0.64941
[  1,  9301] loss: 0.63817
[  1,  9351] loss: 0.66857
[  1,  9401] loss: 0.62982
[  1,  9451] loss: 0.63920
[  1,  9501] loss: 0.61430
[  1,  9551] loss: 0.63176
[  1,  9601] loss: 0.65413
[  1,  9651] loss: 0.72541
[  1,  9701] loss: 0.65806
[  1,  9751] loss: 0.64187
[  1,  9801] loss: 0.67899
[  1,  9851] loss: 0.63618
[  1,  9901] loss: 0.61479
[  1,  9951] loss: 0.63905
[  1, 10001] loss: 0.68893
[  1, 10051] loss: 0.69805
[  1, 10101] loss: 0.58197
[  1, 10151] loss: 0.67574
[  1, 10201] loss: 0.65698
[  1, 10251] loss: 0.71019
[  1, 10301] loss: 0.71603
[  1, 10351] loss: 0.66572
[  1, 10401] loss: 0.64381
[  1, 10451] loss: 0.68562
[  1, 10501] loss: 0.58278
[  1, 10551] loss: 0.71831
[  1, 10601] loss: 0.69046
[  1, 10651] loss: 0.67533
[  1, 10701] loss: 0.63200
[  1, 10751] loss: 0.66473
[  1, 10801] loss: 0.68681
[  1, 10851] loss: 0.58825
[  1, 10901] loss: 0.69620
[  1, 10951] loss: 0.67584
[  1, 11001] loss: 0.65194
[  1, 11051] loss: 0.65605
[  1, 11101] loss: 0.61691
[  1, 11151] loss: 0.66529
[  1, 11201] loss: 0.68954
[  1, 11251] loss: 0.64182
[  1, 11301] loss: 0.61151
[  1, 11351] loss: 0.61960
[  1, 11401] loss: 0.68178
[  1, 11451] loss: 0.70389
[  1, 11501] loss: 0.67331
[  1, 11551] loss: 0.65532
[  1, 11601] loss: 0.65723
[  1, 11651] loss: 0.65194
[  1, 11701] loss: 0.65289
[  1, 11751] loss: 0.66249
[  1, 11801] loss: 0.63840
[  1, 11851] loss: 0.63580
[  1, 11901] loss: 0.58607
[  1, 11951] loss: 0.65991
[  1, 12001] loss: 0.65636
[  1, 12051] loss: 0.70711
[  1, 12101] loss: 0.64914
[  1, 12151] loss: 0.65794
[  1, 12201] loss: 0.64412
[  1, 12251] loss: 0.63451
[  1, 12301] loss: 0.58470
[  1, 12351] loss: 0.65912
[  1, 12401] loss: 0.69767
[  1, 12451] loss: 0.68808
[  1, 12501] loss: 0.59773
[  1, 12551] loss: 0.61777
[  1, 12601] loss: 0.68237
[  1, 12651] loss: 0.63913
[  1, 12701] loss: 0.63518
[  1, 12751] loss: 0.62383
[  1, 12801] loss: 0.66306
[  1, 12851] loss: 0.63818
[  1, 12901] loss: 0.60853
[  1, 12951] loss: 0.70440
[  1, 13001] loss: 0.62695
[  1, 13051] loss: 0.63445
[  1, 13101] loss: 0.57283
[  1, 13151] loss: 0.69670
[  1, 13201] loss: 0.68744
[  1, 13251] loss: 0.63527
[  1, 13301] loss: 0.69354
[  1, 13351] loss: 0.57851
[  1, 13401] loss: 0.64193
[  1, 13451] loss: 0.64586
[  1, 13501] loss: 0.56051
[  1, 13551] loss: 0.68038
[  1, 13601] loss: 0.61096
[  1, 13651] loss: 0.62140
[  1, 13701] loss: 0.56000
[  1, 13751] loss: 0.71318
[  1, 13801] loss: 0.62765
[  1, 13851] loss: 0.63074
[  1, 13901] loss: 0.58086
[  1, 13951] loss: 0.67303
[  1, 14001] loss: 0.79679
[  1, 14051] loss: 0.61343
[  1, 14101] loss: 0.71378
[  1, 14151] loss: 0.56959
[  1, 14201] loss: 0.59152
[  1, 14251] loss: 0.68858
[  1, 14301] loss: 0.76408
[  1, 14351] loss: 0.59849
[  1, 14401] loss: 0.68524
[  1, 14451] loss: 0.63919
[  1, 14501] loss: 0.69799
[  1, 14551] loss: 0.55570
[  1, 14601] loss: 0.70384
[  1, 14651] loss: 0.73401
[  1, 14701] loss: 0.67102
[  1, 14751] loss: 0.53537
[  1, 14801] loss: 0.71677
[  1, 14851] loss: 0.61670
[  1, 14901] loss: 0.69461
[  1, 14951] loss: 0.68107
[  1, 15001] loss: 0.65809
[  1, 15051] loss: 0.59753
[  1, 15101] loss: 0.60045
[  1, 15151] loss: 0.61763
[  1, 15201] loss: 0.69811
[  1, 15251] loss: 0.71690
[  1, 15301] loss: 0.67040
[  1, 15351] loss: 0.57093
[  1, 15401] loss: 0.68112
[  1, 15451] loss: 0.64179
[  1, 15501] loss: 0.61666
[  1, 15551] loss: 0.70605
[  1, 15601] loss: 0.62666
[  1, 15651] loss: 0.59392
[  1, 15701] loss: 0.63207
[  1, 15751] loss: 0.66324
[  1, 15801] loss: 0.60325
[  1, 15851] loss: 0.58984
[  1, 15901] loss: 0.55671
[  1, 15951] loss: 0.65848
[  1, 16001] loss: 0.65276
[  1, 16051] loss: 0.58716
[  1, 16101] loss: 0.64769
[  1, 16151] loss: 0.59206
[  1, 16201] loss: 0.64349
[  1, 16251] loss: 0.60942
[  1, 16301] loss: 0.62621
[  1, 16351] loss: 0.52030
[  1, 16401] loss: 0.73200
[  1, 16451] loss: 0.59814
[  1, 16501] loss: 0.67061
[  1, 16551] loss: 0.63067
[  1, 16601] loss: 0.65203
[  1, 16651] loss: 0.68577
[  1, 16701] loss: 0.68055
[  1, 16751] loss: 0.62739
[  1, 16801] loss: 0.55523
[  1, 16851] loss: 0.61574
[  1, 16901] loss: 0.72904
[  1, 16951] loss: 0.56298
[  1, 17001] loss: 0.64363
[  1, 17051] loss: 0.67355
[  1, 17101] loss: 0.66012
[  1, 17151] loss: 0.60118
[  1, 17201] loss: 0.64405
[  1, 17251] loss: 0.62943
[  1, 17301] loss: 0.67355
[  1, 17351] loss: 0.63264
[  1, 17401] loss: 0.59208
[  1, 17451] loss: 0.60671
[  1, 17501] loss: 0.63773
[  1, 17551] loss: 0.69895
[  1, 17601] loss: 0.69487
[  1, 17651] loss: 0.62369
[  1, 17701] loss: 0.71320
[  1, 17751] loss: 0.56656
[  1, 17801] loss: 0.64531
[  1, 17851] loss: 0.63160
[  1, 17901] loss: 0.72584
[  1, 17951] loss: 0.65497
[  1, 18001] loss: 0.72597
[  1, 18051] loss: 0.67407
[  1, 18101] loss: 0.62401
[  1, 18151] loss: 0.68840
[  1, 18201] loss: 0.71193
[  1, 18251] loss: 0.69508
[  1, 18301] loss: 0.59749
[  1, 18351] loss: 0.57744
[  1, 18401] loss: 0.60473
[  1, 18451] loss: 0.69728
[  1, 18501] loss: 0.65841
[  1, 18551] loss: 0.64626
[  1, 18601] loss: 0.69512
[  1, 18651] loss: 0.65283
[  1, 18701] loss: 0.65332
[  1, 18751] loss: 0.64629
[  1, 18801] loss: 0.58527
[  1, 18851] loss: 0.56044
[  1, 18901] loss: 0.63226
[  1, 18951] loss: 0.65738
[  1, 19001] loss: 0.64140
[  1, 19051] loss: 0.58042
[  1, 19101] loss: 0.65036
[  1, 19151] loss: 0.62900
[  1, 19201] loss: 0.66937
[  1, 19251] loss: 0.63182
[  1, 19301] loss: 0.65267
[  1, 19351] loss: 0.58227
[  1, 19401] loss: 0.64078
[  1, 19451] loss: 0.61368
[  1, 19501] loss: 0.66946
[  1, 19551] loss: 0.67080
[  1, 19601] loss: 0.68967
[  1, 19651] loss: 0.68961
[  1, 19701] loss: 0.68886
[  1, 19751] loss: 0.69793
[  1, 19801] loss: 0.60174
[  1, 19851] loss: 0.66207
[  1, 19901] loss: 0.60850
[  1, 19951] loss: 0.59482
[  1, 20001] loss: 0.56063
[  1, 20051] loss: 0.59236
[  1, 20101] loss: 0.62948
[  1, 20151] loss: 0.58243
[  1, 20201] loss: 0.65882
[  1, 20251] loss: 0.67328
[  1, 20301] loss: 0.62335
[  1, 20351] loss: 0.66124
[  1, 20401] loss: 0.64434
[  1, 20451] loss: 0.66784
[  1, 20501] loss: 0.68031
[  1, 20551] loss: 0.63832
[  1, 20601] loss: 0.49519
[  1, 20651] loss: 0.70797
[  1, 20701] loss: 0.60897
[  1, 20751] loss: 0.53970
[  1, 20801] loss: 0.55404
[  1, 20851] loss: 0.59648
[  1, 20901] loss: 0.70293
[  1, 20951] loss: 0.63461
[  1, 21001] loss: 0.66156
[  1, 21051] loss: 0.62900
[  1, 21101] loss: 0.62006
[  1, 21151] loss: 0.54584
[  1, 21201] loss: 0.67074
[  1, 21251] loss: 0.66743
[  1, 21301] loss: 0.57619
[  1, 21351] loss: 0.62187
[  1, 21401] loss: 0.57680
[  1, 21451] loss: 0.61592
[  1, 21501] loss: 0.65993
[  1, 21551] loss: 0.63972
[  1, 21601] loss: 0.60387
[  1, 21651] loss: 0.52536
[  1, 21701] loss: 0.61269
[  1, 21751] loss: 0.56676
[  1, 21801] loss: 0.57060
[  1, 21851] loss: 0.55074
[  1, 21901] loss: 0.63428
[  1, 21951] loss: 0.62667
[  1, 22001] loss: 0.62723
[  1, 22051] loss: 0.60372
[  1, 22101] loss: 0.56930
[  1, 22151] loss: 0.63486
[  1, 22201] loss: 0.58004
[  1, 22251] loss: 0.61880
[  1, 22301] loss: 0.53134
[  1, 22351] loss: 0.68839
[  1, 22401] loss: 0.66165
[  1, 22451] loss: 0.59030
[  1, 22501] loss: 0.66859
[  1, 22551] loss: 0.60328
[  1, 22601] loss: 0.69811
[  1, 22651] loss: 0.63907
[  1, 22701] loss: 0.63916
[  1, 22751] loss: 0.59395
[  1, 22801] loss: 0.63203
[  1, 22851] loss: 0.58201
[  1, 22901] loss: 0.72206
[  1, 22951] loss: 0.64019
[  1, 23001] loss: 0.68092
[  1, 23051] loss: 0.72997
[  1, 23101] loss: 0.71646
[  1, 23151] loss: 0.67807
[  1, 23201] loss: 0.65193
[  1, 23251] loss: 0.72527
[  1, 23301] loss: 0.68133
[  1, 23351] loss: 0.53801
[  1, 23401] loss: 0.63629
[  1, 23451] loss: 0.58434
[  1, 23501] loss: 0.53806
[  1, 23551] loss: 0.72279
[  1, 23601] loss: 0.56003
[  1, 23651] loss: 0.61579
[  1, 23701] loss: 0.68914
[  1, 23751] loss: 0.55617
[  1, 23801] loss: 0.67831
[  1, 23851] loss: 0.64760
[  1, 23901] loss: 0.65248
[  1, 23951] loss: 0.60409
[  1, 24001] loss: 0.53461
[  1, 24051] loss: 0.62542
[  1, 24101] loss: 0.66196
[  1, 24151] loss: 0.74384
[  1, 24201] loss: 0.65119
[  1, 24251] loss: 0.60311
[  1, 24301] loss: 0.59430
[  1, 24351] loss: 0.59951
[  1, 24401] loss: 0.71512
[  1, 24451] loss: 0.63591
[  1, 24501] loss: 0.70473
[  1, 24551] loss: 0.69685
[  1, 24601] loss: 0.62520
[  1, 24651] loss: 0.68967
[  1, 24701] loss: 0.70984
[  1, 24751] loss: 0.66704
[  1, 24801] loss: 0.69632
[  1, 24851] loss: 0.67786
[  1, 24901] loss: 0.59219
[  1, 24951] loss: 0.66761
[  2,     1] loss: 0.61451
[  2,    51] loss: 0.56416
[  2,   101] loss: 0.58336
[  2,   151] loss: 0.60010
[  2,   201] loss: 0.59392
[  2,   251] loss: 0.60415
[  2,   301] loss: 0.70874
[  2,   351] loss: 0.63024
[  2,   401] loss: 0.53004
[  2,   451] loss: 0.56073
[  2,   501] loss: 0.53572
[  2,   551] loss: 0.55508
[  2,   601] loss: 0.68670
[  2,   651] loss: 0.65983
[  2,   701] loss: 0.59485
[  2,   751] loss: 0.62732
[  2,   801] loss: 0.58982
[  2,   851] loss: 0.69513
[  2,   901] loss: 0.70885
[  2,   951] loss: 0.55458
[  2,  1001] loss: 0.59082
[  2,  1051] loss: 0.55921
[  2,  1101] loss: 0.67645
[  2,  1151] loss: 0.50900
[  2,  1201] loss: 0.48566
[  2,  1251] loss: 0.59996
[  2,  1301] loss: 0.54495
[  2,  1351] loss: 0.57237
[  2,  1401] loss: 0.57216
[  2,  1451] loss: 0.60214
[  2,  1501] loss: 0.60853
[  2,  1551] loss: 0.59661
[  2,  1601] loss: 0.56539
[  2,  1651] loss: 0.59031
[  2,  1701] loss: 0.62213
[  2,  1751] loss: 0.61524
[  2,  1801] loss: 0.52852
[  2,  1851] loss: 0.54246
[  2,  1901] loss: 0.62336
[  2,  1951] loss: 0.59952
[  2,  2001] loss: 0.55411
[  2,  2051] loss: 0.65388
[  2,  2101] loss: 0.58233
[  2,  2151] loss: 0.49709
[  2,  2201] loss: 0.55775
[  2,  2251] loss: 0.62193
[  2,  2301] loss: 0.60666
[  2,  2351] loss: 0.56320
[  2,  2401] loss: 0.61490
[  2,  2451] loss: 0.49896
[  2,  2501] loss: 0.52619
[  2,  2551] loss: 0.57430
[  2,  2601] loss: 0.67078
[  2,  2651] loss: 0.68084
[  2,  2701] loss: 0.56506
[  2,  2751] loss: 0.59492
[  2,  2801] loss: 0.54622
[  2,  2851] loss: 0.63382
[  2,  2901] loss: 0.65399
[  2,  2951] loss: 0.58590
[  2,  3001] loss: 0.47934
[  2,  3051] loss: 0.52427
[  2,  3101] loss: 0.51470
[  2,  3151] loss: 0.69885
[  2,  3201] loss: 0.58710
[  2,  3251] loss: 0.65542
[  2,  3301] loss: 0.65127
[  2,  3351] loss: 0.62677
[  2,  3401] loss: 0.60098
[  2,  3451] loss: 0.58598
[  2,  3501] loss: 0.57333
[  2,  3551] loss: 0.60257
[  2,  3601] loss: 0.58704
[  2,  3651] loss: 0.63572
[  2,  3701] loss: 0.58497
[  2,  3751] loss: 0.61821
[  2,  3801] loss: 0.63756
[  2,  3851] loss: 0.52361
[  2,  3901] loss: 0.60120
[  2,  3951] loss: 0.58121
[  2,  4001] loss: 0.53523
[  2,  4051] loss: 0.61560
[  2,  4101] loss: 0.66736
[  2,  4151] loss: 0.62634
[  2,  4201] loss: 0.62563
[  2,  4251] loss: 0.65788
[  2,  4301] loss: 0.61870
[  2,  4351] loss: 0.52787
[  2,  4401] loss: 0.54430
[  2,  4451] loss: 0.52185
[  2,  4501] loss: 0.65122
[  2,  4551] loss: 0.50552
[  2,  4601] loss: 0.47370
[  2,  4651] loss: 0.56665
[  2,  4701] loss: 0.58089
[  2,  4751] loss: 0.56083
[  2,  4801] loss: 0.59491
[  2,  4851] loss: 0.56990
[  2,  4901] loss: 0.51091
[  2,  4951] loss: 0.56263
[  2,  5001] loss: 0.59839
[  2,  5051] loss: 0.61401
[  2,  5101] loss: 0.56821
[  2,  5151] loss: 0.58325
[  2,  5201] loss: 0.60251
[  2,  5251] loss: 0.60009
[  2,  5301] loss: 0.66293
[  2,  5351] loss: 0.58092
[  2,  5401] loss: 0.55056
[  2,  5451] loss: 0.56491
[  2,  5501] loss: 0.70861
[  2,  5551] loss: 0.63963
[  2,  5601] loss: 0.54431
[  2,  5651] loss: 0.51598
[  2,  5701] loss: 0.68730
[  2,  5751] loss: 0.70386
[  2,  5801] loss: 0.56894
[  2,  5851] loss: 0.60720
[  2,  5901] loss: 0.54947
[  2,  5951] loss: 0.64096
[  2,  6001] loss: 0.74706
[  2,  6051] loss: 0.60252
[  2,  6101] loss: 0.56912
[  2,  6151] loss: 0.70097
[  2,  6201] loss: 0.51951
[  2,  6251] loss: 0.59468
[  2,  6301] loss: 0.64772
[  2,  6351] loss: 0.62596
[  2,  6401] loss: 0.56613
[  2,  6451] loss: 0.58261
[  2,  6501] loss: 0.58966
[  2,  6551] loss: 0.51717
[  2,  6601] loss: 0.59799
[  2,  6651] loss: 0.63178
[  2,  6701] loss: 0.70181
[  2,  6751] loss: 0.58504
[  2,  6801] loss: 0.57651
[  2,  6851] loss: 0.61949
[  2,  6901] loss: 0.63658
[  2,  6951] loss: 0.50896
[  2,  7001] loss: 0.62012
[  2,  7051] loss: 0.54072
[  2,  7101] loss: 0.58106
[  2,  7151] loss: 0.53673
[  2,  7201] loss: 0.56287
[  2,  7251] loss: 0.59639
[  2,  7301] loss: 0.58437
[  2,  7351] loss: 0.63919
[  2,  7401] loss: 0.61769
[  2,  7451] loss: 0.48202
[  2,  7501] loss: 0.55041
[  2,  7551] loss: 0.59294
[  2,  7601] loss: 0.62772
[  2,  7651] loss: 0.61488
[  2,  7701] loss: 0.57606
[  2,  7751] loss: 0.69233
[  2,  7801] loss: 0.48774
[  2,  7851] loss: 0.60729
[  2,  7901] loss: 0.61391
[  2,  7951] loss: 0.61853
[  2,  8001] loss: 0.57222
[  2,  8051] loss: 0.59185
[  2,  8101] loss: 0.54038
[  2,  8151] loss: 0.59291
[  2,  8201] loss: 0.57190
[  2,  8251] loss: 0.54732
[  2,  8301] loss: 0.52680
[  2,  8351] loss: 0.57611
[  2,  8401] loss: 0.64652
[  2,  8451] loss: 0.60428
[  2,  8501] loss: 0.53796
[  2,  8551] loss: 0.54494
[  2,  8601] loss: 0.55449
[  2,  8651] loss: 0.54610
[  2,  8701] loss: 0.65179
[  2,  8751] loss: 0.56433
[  2,  8801] loss: 0.58601
[  2,  8851] loss: 0.59588
[  2,  8901] loss: 0.58558
[  2,  8951] loss: 0.59340
[  2,  9001] loss: 0.55149
[  2,  9051] loss: 0.58044
[  2,  9101] loss: 0.71632
[  2,  9151] loss: 0.63374
[  2,  9201] loss: 0.55565
[  2,  9251] loss: 0.56900
[  2,  9301] loss: 0.55476
[  2,  9351] loss: 0.61224
[  2,  9401] loss: 0.55957
[  2,  9451] loss: 0.58832
[  2,  9501] loss: 0.54116
[  2,  9551] loss: 0.55688
[  2,  9601] loss: 0.60241
[  2,  9651] loss: 0.63556
[  2,  9701] loss: 0.59980
[  2,  9751] loss: 0.54507
[  2,  9801] loss: 0.57348
[  2,  9851] loss: 0.59639
[  2,  9901] loss: 0.51510
[  2,  9951] loss: 0.58256
[  2, 10001] loss: 0.63662
[  2, 10051] loss: 0.63791
[  2, 10101] loss: 0.49227
[  2, 10151] loss: 0.59999
[  2, 10201] loss: 0.56881
[  2, 10251] loss: 0.63066
[  2, 10301] loss: 0.66327
[  2, 10351] loss: 0.59345
[  2, 10401] loss: 0.57418
[  2, 10451] loss: 0.63900
[  2, 10501] loss: 0.48081
[  2, 10551] loss: 0.65107
[  2, 10601] loss: 0.62856
[  2, 10651] loss: 0.61491
[  2, 10701] loss: 0.58016
[  2, 10751] loss: 0.57699
[  2, 10801] loss: 0.62150
[  2, 10851] loss: 0.50629
[  2, 10901] loss: 0.63622
[  2, 10951] loss: 0.62786
[  2, 11001] loss: 0.57137
[  2, 11051] loss: 0.57922
[  2, 11101] loss: 0.52008
[  2, 11151] loss: 0.59521
[  2, 11201] loss: 0.58088
[  2, 11251] loss: 0.54804
[  2, 11301] loss: 0.54260
[  2, 11351] loss: 0.54396
[  2, 11401] loss: 0.63449
[  2, 11451] loss: 0.62969
[  2, 11501] loss: 0.55818
[  2, 11551] loss: 0.55964
[  2, 11601] loss: 0.59817
[  2, 11651] loss: 0.60864
[  2, 11701] loss: 0.59172
[  2, 11751] loss: 0.57504
[  2, 11801] loss: 0.56604
[  2, 11851] loss: 0.56454
[  2, 11901] loss: 0.53696
[  2, 11951] loss: 0.61412
[  2, 12001] loss: 0.53012
[  2, 12051] loss: 0.59561
[  2, 12101] loss: 0.59602
[  2, 12151] loss: 0.61741
[  2, 12201] loss: 0.55836
[  2, 12251] loss: 0.54050
[  2, 12301] loss: 0.50121
[  2, 12351] loss: 0.62025
[  2, 12401] loss: 0.63609
[  2, 12451] loss: 0.63251
[  2, 12501] loss: 0.50843
[  2, 12551] loss: 0.55126
[  2, 12601] loss: 0.60996
[  2, 12651] loss: 0.56496
[  2, 12701] loss: 0.56588
[  2, 12751] loss: 0.54059
[  2, 12801] loss: 0.58579
[  2, 12851] loss: 0.54362
[  2, 12901] loss: 0.55235
[  2, 12951] loss: 0.63182
[  2, 13001] loss: 0.55246
[  2, 13051] loss: 0.52540
[  2, 13101] loss: 0.50628
[  2, 13151] loss: 0.62849
[  2, 13201] loss: 0.59006
[  2, 13251] loss: 0.58030
[  2, 13301] loss: 0.62999
[  2, 13351] loss: 0.49631
[  2, 13401] loss: 0.56506
[  2, 13451] loss: 0.56811
[  2, 13501] loss: 0.50176
[  2, 13551] loss: 0.59152
[  2, 13601] loss: 0.52224
[  2, 13651] loss: 0.54188
[  2, 13701] loss: 0.48049
[  2, 13751] loss: 0.60558
[  2, 13801] loss: 0.57232
[  2, 13851] loss: 0.55665
[  2, 13901] loss: 0.49453
[  2, 13951] loss: 0.59879
[  2, 14001] loss: 0.71415
[  2, 14051] loss: 0.55414
[  2, 14101] loss: 0.65413
[  2, 14151] loss: 0.49638
[  2, 14201] loss: 0.51531
[  2, 14251] loss: 0.58694
[  2, 14301] loss: 0.66728
[  2, 14351] loss: 0.51898
[  2, 14401] loss: 0.57990
[  2, 14451] loss: 0.59355
[  2, 14501] loss: 0.61358
[  2, 14551] loss: 0.48080
[  2, 14601] loss: 0.59546
[  2, 14651] loss: 0.64761
[  2, 14701] loss: 0.57993
[  2, 14751] loss: 0.44995
[  2, 14801] loss: 0.63640
[  2, 14851] loss: 0.51735
[  2, 14901] loss: 0.63971
[  2, 14951] loss: 0.60971
[  2, 15001] loss: 0.60840
[  2, 15051] loss: 0.54554
[  2, 15101] loss: 0.52520
[  2, 15151] loss: 0.55823
[  2, 15201] loss: 0.59277
[  2, 15251] loss: 0.62266
[  2, 15301] loss: 0.58173
[  2, 15351] loss: 0.48870
[  2, 15401] loss: 0.60714
[  2, 15451] loss: 0.52432
[  2, 15501] loss: 0.51991
[  2, 15551] loss: 0.61423
[  2, 15601] loss: 0.51001
[  2, 15651] loss: 0.51003
[  2, 15701] loss: 0.55588
[  2, 15751] loss: 0.60511
[  2, 15801] loss: 0.52740
[  2, 15851] loss: 0.50633
[  2, 15901] loss: 0.49837
[  2, 15951] loss: 0.58013
[  2, 16001] loss: 0.60002
[  2, 16051] loss: 0.52856
[  2, 16101] loss: 0.53667
[  2, 16151] loss: 0.50306
[  2, 16201] loss: 0.56277
[  2, 16251] loss: 0.54265
[  2, 16301] loss: 0.53294
[  2, 16351] loss: 0.43419
[  2, 16401] loss: 0.64961
[  2, 16451] loss: 0.53375
[  2, 16501] loss: 0.62114
[  2, 16551] loss: 0.55277
[  2, 16601] loss: 0.57731
[  2, 16651] loss: 0.61249
[  2, 16701] loss: 0.59892
[  2, 16751] loss: 0.56070
[  2, 16801] loss: 0.48499
[  2, 16851] loss: 0.52322
[  2, 16901] loss: 0.67352
[  2, 16951] loss: 0.50497
[  2, 17001] loss: 0.56210
[  2, 17051] loss: 0.60866
[  2, 17101] loss: 0.56166
[  2, 17151] loss: 0.53279
[  2, 17201] loss: 0.57156
[  2, 17251] loss: 0.57298
[  2, 17301] loss: 0.57139
[  2, 17351] loss: 0.55638
[  2, 17401] loss: 0.53572
[  2, 17451] loss: 0.54918
[  2, 17501] loss: 0.54100
[  2, 17551] loss: 0.61545
[  2, 17601] loss: 0.66244
[  2, 17651] loss: 0.56368
[  2, 17701] loss: 0.65068
[  2, 17751] loss: 0.48082
[  2, 17801] loss: 0.55711
[  2, 17851] loss: 0.56427
[  2, 17901] loss: 0.68726
[  2, 17951] loss: 0.56979
[  2, 18001] loss: 0.61141
[  2, 18051] loss: 0.65080
[  2, 18101] loss: 0.55578
[  2, 18151] loss: 0.62863
[  2, 18201] loss: 0.60878
[  2, 18251] loss: 0.65236
[  2, 18301] loss: 0.50137
[  2, 18351] loss: 0.51576
[  2, 18401] loss: 0.54478
[  2, 18451] loss: 0.63615
[  2, 18501] loss: 0.58193
[  2, 18551] loss: 0.60890
[  2, 18601] loss: 0.61689
[  2, 18651] loss: 0.55613
[  2, 18701] loss: 0.57546
[  2, 18751] loss: 0.56974
[  2, 18801] loss: 0.53151
[  2, 18851] loss: 0.47175
[  2, 18901] loss: 0.53277
[  2, 18951] loss: 0.55107
[  2, 19001] loss: 0.56335
[  2, 19051] loss: 0.49841
[  2, 19101] loss: 0.58903
[  2, 19151] loss: 0.55959
[  2, 19201] loss: 0.58322
[  2, 19251] loss: 0.53422
[  2, 19301] loss: 0.58208
[  2, 19351] loss: 0.51256
[  2, 19401] loss: 0.57343
[  2, 19451] loss: 0.52598
[  2, 19501] loss: 0.59019
[  2, 19551] loss: 0.60084
[  2, 19601] loss: 0.59965
[  2, 19651] loss: 0.59387
[  2, 19701] loss: 0.62669
[  2, 19751] loss: 0.63708
[  2, 19801] loss: 0.53069
[  2, 19851] loss: 0.58525
[  2, 19901] loss: 0.52323
[  2, 19951] loss: 0.49197
[  2, 20001] loss: 0.45876
[  2, 20051] loss: 0.51803
[  2, 20101] loss: 0.53920
[  2, 20151] loss: 0.47801
[  2, 20201] loss: 0.56191
[  2, 20251] loss: 0.59899
[  2, 20301] loss: 0.53704
[  2, 20351] loss: 0.58382
[  2, 20401] loss: 0.53957
[  2, 20451] loss: 0.57374
[  2, 20501] loss: 0.59684
[  2, 20551] loss: 0.57167
[  2, 20601] loss: 0.43302
[  2, 20651] loss: 0.61907
[  2, 20701] loss: 0.57524
[  2, 20751] loss: 0.44939
[  2, 20801] loss: 0.47240
[  2, 20851] loss: 0.51961
[  2, 20901] loss: 0.62437
[  2, 20951] loss: 0.55561
[  2, 21001] loss: 0.56890
[  2, 21051] loss: 0.57599
[  2, 21101] loss: 0.55031
[  2, 21151] loss: 0.48386
[  2, 21201] loss: 0.61323
[  2, 21251] loss: 0.56007
[  2, 21301] loss: 0.51833
[  2, 21351] loss: 0.52080
[  2, 21401] loss: 0.48249
[  2, 21451] loss: 0.55608
[  2, 21501] loss: 0.56415
[  2, 21551] loss: 0.56555
[  2, 21601] loss: 0.54431
[  2, 21651] loss: 0.46447
[  2, 21701] loss: 0.54211
[  2, 21751] loss: 0.50313
[  2, 21801] loss: 0.50415
[  2, 21851] loss: 0.48146
[  2, 21901] loss: 0.50574
[  2, 21951] loss: 0.51726
[  2, 22001] loss: 0.53789
[  2, 22051] loss: 0.49706
[  2, 22101] loss: 0.49510
[  2, 22151] loss: 0.53675
[  2, 22201] loss: 0.45206
[  2, 22251] loss: 0.50442
[  2, 22301] loss: 0.45972
[  2, 22351] loss: 0.65328
[  2, 22401] loss: 0.57474
[  2, 22451] loss: 0.52827
[  2, 22501] loss: 0.53899
[  2, 22551] loss: 0.55939
[  2, 22601] loss: 0.66362
[  2, 22651] loss: 0.56966
[  2, 22701] loss: 0.56559
[  2, 22751] loss: 0.48540
[  2, 22801] loss: 0.55980
[  2, 22851] loss: 0.50357
[  2, 22901] loss: 0.63402
[  2, 22951] loss: 0.54926
[  2, 23001] loss: 0.57937
[  2, 23051] loss: 0.62485
[  2, 23101] loss: 0.63673
[  2, 23151] loss: 0.58885
[  2, 23201] loss: 0.56621
[  2, 23251] loss: 0.66130
[  2, 23301] loss: 0.59626
[  2, 23351] loss: 0.48366
[  2, 23401] loss: 0.56138
[  2, 23451] loss: 0.47537
[  2, 23501] loss: 0.48578
[  2, 23551] loss: 0.62729
[  2, 23601] loss: 0.47201
[  2, 23651] loss: 0.53899
[  2, 23701] loss: 0.62370
[  2, 23751] loss: 0.48834
[  2, 23801] loss: 0.59049
[  2, 23851] loss: 0.54553
[  2, 23901] loss: 0.56786
[  2, 23951] loss: 0.52711
[  2, 24001] loss: 0.47614
[  2, 24051] loss: 0.53621
[  2, 24101] loss: 0.61299
[  2, 24151] loss: 0.68836
[  2, 24201] loss: 0.56259
[  2, 24251] loss: 0.54792
[  2, 24301] loss: 0.52056
[  2, 24351] loss: 0.52046
[  2, 24401] loss: 0.68654
[  2, 24451] loss: 0.54941
[  2, 24501] loss: 0.67729
[  2, 24551] loss: 0.61125
[  2, 24601] loss: 0.54993
[  2, 24651] loss: 0.61533
[  2, 24701] loss: 0.61483
[  2, 24751] loss: 0.61582
[  2, 24801] loss: 0.60824
[  2, 24851] loss: 0.59464
[  2, 24901] loss: 0.53346
[  2, 24951] loss: 0.62028
[  3,     1] loss: 0.54187
[  3,    51] loss: 0.49783
[  3,   101] loss: 0.48351
[  3,   151] loss: 0.52592
[  3,   201] loss: 0.55808
[  3,   251] loss: 0.52069
[  3,   301] loss: 0.65541
[  3,   351] loss: 0.55843
[  3,   401] loss: 0.46227
[  3,   451] loss: 0.48689
[  3,   501] loss: 0.48134
[  3,   551] loss: 0.50712
[  3,   601] loss: 0.58903
[  3,   651] loss: 0.54902
[  3,   701] loss: 0.55897
[  3,   751] loss: 0.53977
[  3,   801] loss: 0.56530
[  3,   851] loss: 0.64299
[  3,   901] loss: 0.60443
[  3,   951] loss: 0.46210
[  3,  1001] loss: 0.53256
[  3,  1051] loss: 0.55383
[  3,  1101] loss: 0.65503
[  3,  1151] loss: 0.44492
[  3,  1201] loss: 0.38674
[  3,  1251] loss: 0.54962
[  3,  1301] loss: 0.48564
[  3,  1351] loss: 0.51513
[  3,  1401] loss: 0.47408
[  3,  1451] loss: 0.53807
[  3,  1501] loss: 0.53562
[  3,  1551] loss: 0.53252
[  3,  1601] loss: 0.46852
[  3,  1651] loss: 0.51776
[  3,  1701] loss: 0.52599
[  3,  1751] loss: 0.57433
[  3,  1801] loss: 0.45784
[  3,  1851] loss: 0.47965
[  3,  1901] loss: 0.53067
[  3,  1951] loss: 0.52666
[  3,  2001] loss: 0.49667
[  3,  2051] loss: 0.58219
[  3,  2101] loss: 0.50889
[  3,  2151] loss: 0.42739
[  3,  2201] loss: 0.46653
[  3,  2251] loss: 0.57492
[  3,  2301] loss: 0.53739
[  3,  2351] loss: 0.46659
[  3,  2401] loss: 0.55644
[  3,  2451] loss: 0.41069
[  3,  2501] loss: 0.44136
[  3,  2551] loss: 0.48100
[  3,  2601] loss: 0.55756
[  3,  2651] loss: 0.60375
[  3,  2701] loss: 0.50451
[  3,  2751] loss: 0.51142
[  3,  2801] loss: 0.46435
[  3,  2851] loss: 0.54940
[  3,  2901] loss: 0.56422
[  3,  2951] loss: 0.52732
[  3,  3001] loss: 0.40823
[  3,  3051] loss: 0.45022
[  3,  3101] loss: 0.44603
[  3,  3151] loss: 0.65485
[  3,  3201] loss: 0.49762
[  3,  3251] loss: 0.56764
[  3,  3301] loss: 0.61444
[  3,  3351] loss: 0.54865
[  3,  3401] loss: 0.52506
[  3,  3451] loss: 0.54235
[  3,  3501] loss: 0.53151
[  3,  3551] loss: 0.53854
[  3,  3601] loss: 0.51922
[  3,  3651] loss: 0.58106
[  3,  3701] loss: 0.48856
[  3,  3751] loss: 0.58296
[  3,  3801] loss: 0.61402
[  3,  3851] loss: 0.42104
[  3,  3901] loss: 0.51551
[  3,  3951] loss: 0.51391
[  3,  4001] loss: 0.44871
[  3,  4051] loss: 0.53324
[  3,  4101] loss: 0.58937
[  3,  4151] loss: 0.55941
[  3,  4201] loss: 0.53160
[  3,  4251] loss: 0.56710
[  3,  4301] loss: 0.54281
[  3,  4351] loss: 0.46847
[  3,  4401] loss: 0.48397
[  3,  4451] loss: 0.44194
[  3,  4501] loss: 0.57171
[  3,  4551] loss: 0.42416
[  3,  4601] loss: 0.38550
[  3,  4651] loss: 0.47584
[  3,  4701] loss: 0.50005
[  3,  4751] loss: 0.48773
[  3,  4801] loss: 0.52200
[  3,  4851] loss: 0.47942
[  3,  4901] loss: 0.41681
[  3,  4951] loss: 0.48587
[  3,  5001] loss: 0.52539
[  3,  5051] loss: 0.53425
[  3,  5101] loss: 0.47693
[  3,  5151] loss: 0.50885
[  3,  5201] loss: 0.51341
[  3,  5251] loss: 0.52328
[  3,  5301] loss: 0.59795
[  3,  5351] loss: 0.48657
[  3,  5401] loss: 0.47438
[  3,  5451] loss: 0.46501
[  3,  5501] loss: 0.62324
[  3,  5551] loss: 0.52260
[  3,  5601] loss: 0.51486
[  3,  5651] loss: 0.45437
[  3,  5701] loss: 0.62878
[  3,  5751] loss: 0.59242
[  3,  5801] loss: 0.51397
[  3,  5851] loss: 0.56549
[  3,  5901] loss: 0.47813
[  3,  5951] loss: 0.53009
[  3,  6001] loss: 0.62306
[  3,  6051] loss: 0.48952
[  3,  6101] loss: 0.53597
[  3,  6151] loss: 0.65499
[  3,  6201] loss: 0.44444
[  3,  6251] loss: 0.52831
[  3,  6301] loss: 0.58417
[  3,  6351] loss: 0.54240
[  3,  6401] loss: 0.50602
[  3,  6451] loss: 0.56244
[  3,  6501] loss: 0.50781
[  3,  6551] loss: 0.46339
[  3,  6601] loss: 0.52497
[  3,  6651] loss: 0.53764
[  3,  6701] loss: 0.62682
[  3,  6751] loss: 0.51759
[  3,  6801] loss: 0.48068
[  3,  6851] loss: 0.54766
[  3,  6901] loss: 0.53638
[  3,  6951] loss: 0.42676
[  3,  7001] loss: 0.53576
[  3,  7051] loss: 0.46972
[  3,  7101] loss: 0.48191
[  3,  7151] loss: 0.45625
[  3,  7201] loss: 0.47796
[  3,  7251] loss: 0.50701
[  3,  7301] loss: 0.51513
[  3,  7351] loss: 0.54476
[  3,  7401] loss: 0.53700
[  3,  7451] loss: 0.42091
[  3,  7501] loss: 0.49305
[  3,  7551] loss: 0.51373
[  3,  7601] loss: 0.54543
[  3,  7651] loss: 0.48956
[  3,  7701] loss: 0.46063
[  3,  7751] loss: 0.64145
[  3,  7801] loss: 0.41364
[  3,  7851] loss: 0.54284
[  3,  7901] loss: 0.48942
[  3,  7951] loss: 0.51999
[  3,  8001] loss: 0.49694
[  3,  8051] loss: 0.52800
[  3,  8101] loss: 0.44608
[  3,  8151] loss: 0.49484
[  3,  8201] loss: 0.46815
[  3,  8251] loss: 0.48023
[  3,  8301] loss: 0.44747
[  3,  8351] loss: 0.48436
[  3,  8401] loss: 0.56322
[  3,  8451] loss: 0.47923
[  3,  8501] loss: 0.46589
[  3,  8551] loss: 0.45188
[  3,  8601] loss: 0.46760
[  3,  8651] loss: 0.45623
[  3,  8701] loss: 0.62749
[  3,  8751] loss: 0.47610
[  3,  8801] loss: 0.49027
[  3,  8851] loss: 0.52393
[  3,  8901] loss: 0.52516
[  3,  8951] loss: 0.50288
[  3,  9001] loss: 0.45105
[  3,  9051] loss: 0.51552
[  3,  9101] loss: 0.57655
[  3,  9151] loss: 0.56799
[  3,  9201] loss: 0.45733
[  3,  9251] loss: 0.48442
[  3,  9301] loss: 0.43286
[  3,  9351] loss: 0.53052
[  3,  9401] loss: 0.48523
[  3,  9451] loss: 0.50220
[  3,  9501] loss: 0.44721
[  3,  9551] loss: 0.46003
[  3,  9601] loss: 0.53570
[  3,  9651] loss: 0.54077
[  3,  9701] loss: 0.52280
[  3,  9751] loss: 0.45779
[  3,  9801] loss: 0.47805
[  3,  9851] loss: 0.54993
[  3,  9901] loss: 0.43474
[  3,  9951] loss: 0.50154
[  3, 10001] loss: 0.56737
[  3, 10051] loss: 0.61189
[  3, 10101] loss: 0.42439
[  3, 10151] loss: 0.50484
[  3, 10201] loss: 0.51355
[  3, 10251] loss: 0.56339
[  3, 10301] loss: 0.61901
[  3, 10351] loss: 0.49835
[  3, 10401] loss: 0.50863
[  3, 10451] loss: 0.59731
[  3, 10501] loss: 0.40360
[  3, 10551] loss: 0.56649
[  3, 10601] loss: 0.55874
[  3, 10651] loss: 0.56455
[  3, 10701] loss: 0.52451
[  3, 10751] loss: 0.48940
[  3, 10801] loss: 0.51399
[  3, 10851] loss: 0.39866
[  3, 10901] loss: 0.51891
[  3, 10951] loss: 0.53904
[  3, 11001] loss: 0.49111
[  3, 11051] loss: 0.47196
[  3, 11101] loss: 0.41246
[  3, 11151] loss: 0.49646
[  3, 11201] loss: 0.46305
[  3, 11251] loss: 0.46641
[  3, 11301] loss: 0.44645
[  3, 11351] loss: 0.46366
[  3, 11401] loss: 0.51133
[  3, 11451] loss: 0.51102
[  3, 11501] loss: 0.43786
[  3, 11551] loss: 0.47150
[  3, 11601] loss: 0.51512
[  3, 11651] loss: 0.52362
[  3, 11701] loss: 0.48141
[  3, 11751] loss: 0.48567
[  3, 11801] loss: 0.49222
[  3, 11851] loss: 0.47719
[  3, 11901] loss: 0.43195
[  3, 11951] loss: 0.53194
[  3, 12001] loss: 0.39601
[  3, 12051] loss: 0.49735
[  3, 12101] loss: 0.50379
[  3, 12151] loss: 0.49444
[  3, 12201] loss: 0.46680
[  3, 12251] loss: 0.41063
[  3, 12301] loss: 0.42437
[  3, 12351] loss: 0.53561
[  3, 12401] loss: 0.49991
[  3, 12451] loss: 0.49557
[  3, 12501] loss: 0.44732
[  3, 12551] loss: 0.53152
[  3, 12601] loss: 0.52892
[  3, 12651] loss: 0.47314
[  3, 12701] loss: 0.48485
[  3, 12751] loss: 0.45509
[  3, 12801] loss: 0.49962
[  3, 12851] loss: 0.43441
[  3, 12901] loss: 0.47163
[  3, 12951] loss: 0.54092
[  3, 13001] loss: 0.44487
[  3, 13051] loss: 0.42065
[  3, 13101] loss: 0.39678
[  3, 13151] loss: 0.55559
[  3, 13201] loss: 0.50522
[  3, 13251] loss: 0.44290
[  3, 13301] loss: 0.52401
[  3, 13351] loss: 0.39812
[  3, 13401] loss: 0.48167
[  3, 13451] loss: 0.47963
[  3, 13501] loss: 0.40977
[  3, 13551] loss: 0.49389
[  3, 13601] loss: 0.42425
[  3, 13651] loss: 0.44666
[  3, 13701] loss: 0.39260
[  3, 13751] loss: 0.49716
[  3, 13801] loss: 0.47270
[  3, 13851] loss: 0.48427
[  3, 13901] loss: 0.40010
[  3, 13951] loss: 0.51177
[  3, 14001] loss: 0.60022
[  3, 14051] loss: 0.48508
[  3, 14101] loss: 0.52782
[  3, 14151] loss: 0.42390
[  3, 14201] loss: 0.42289
[  3, 14251] loss: 0.48018
[  3, 14301] loss: 0.53735
[  3, 14351] loss: 0.42478
[  3, 14401] loss: 0.47462
[  3, 14451] loss: 0.53714
[  3, 14501] loss: 0.51188
[  3, 14551] loss: 0.38543
[  3, 14601] loss: 0.44889
[  3, 14651] loss: 0.54655
[  3, 14701] loss: 0.45884
[  3, 14751] loss: 0.34860
[  3, 14801] loss: 0.48901
[  3, 14851] loss: 0.38076
[  3, 14901] loss: 0.54716
[  3, 14951] loss: 0.51077
[  3, 15001] loss: 0.48661
[  3, 15051] loss: 0.46403
[  3, 15101] loss: 0.43264
[  3, 15151] loss: 0.48057
[  3, 15201] loss: 0.47653
[  3, 15251] loss: 0.51736
[  3, 15301] loss: 0.50916
[  3, 15351] loss: 0.36691
[  3, 15401] loss: 0.48976
[  3, 15451] loss: 0.41093
[  3, 15501] loss: 0.39600
[  3, 15551] loss: 0.52245
[  3, 15601] loss: 0.40429
[  3, 15651] loss: 0.40281
[  3, 15701] loss: 0.47193
[  3, 15751] loss: 0.55026
[  3, 15801] loss: 0.44635
[  3, 15851] loss: 0.42393
[  3, 15901] loss: 0.43603
[  3, 15951] loss: 0.49168
[  3, 16001] loss: 0.49210
[  3, 16051] loss: 0.44768
[  3, 16101] loss: 0.42237
[  3, 16151] loss: 0.39825
[  3, 16201] loss: 0.46299
[  3, 16251] loss: 0.44428
[  3, 16301] loss: 0.43292
[  3, 16351] loss: 0.35902
[  3, 16401] loss: 0.52903
[  3, 16451] loss: 0.46180
[  3, 16501] loss: 0.52640
[  3, 16551] loss: 0.46187
[  3, 16601] loss: 0.47572
[  3, 16651] loss: 0.49641
[  3, 16701] loss: 0.46932
[  3, 16751] loss: 0.44643
[  3, 16801] loss: 0.40691
[  3, 16851] loss: 0.39820
[  3, 16901] loss: 0.57757
[  3, 16951] loss: 0.42083
[  3, 17001] loss: 0.47754
[  3, 17051] loss: 0.50738
[  3, 17101] loss: 0.43332
[  3, 17151] loss: 0.44153
[  3, 17201] loss: 0.44989
[  3, 17251] loss: 0.50351
[  3, 17301] loss: 0.43307
[  3, 17351] loss: 0.48202
[  3, 17401] loss: 0.45873
[  3, 17451] loss: 0.47630
[  3, 17501] loss: 0.42547
[  3, 17551] loss: 0.48457
[  3, 17601] loss: 0.57249
[  3, 17651] loss: 0.44379
[  3, 17701] loss: 0.55543
[  3, 17751] loss: 0.38710
[  3, 17801] loss: 0.46971
[  3, 17851] loss: 0.44259
[  3, 17901] loss: 0.57519
[  3, 17951] loss: 0.46044
[  3, 18001] loss: 0.49425
[  3, 18051] loss: 0.57261
[  3, 18101] loss: 0.45989
[  3, 18151] loss: 0.49231
[  3, 18201] loss: 0.44200
[  3, 18251] loss: 0.56046
[  3, 18301] loss: 0.41268
[  3, 18351] loss: 0.41840
[  3, 18401] loss: 0.43210
[  3, 18451] loss: 0.50328
[  3, 18501] loss: 0.47275
[  3, 18551] loss: 0.50547
[  3, 18601] loss: 0.50884
[  3, 18651] loss: 0.44133
[  3, 18701] loss: 0.49219
[  3, 18751] loss: 0.46952
[  3, 18801] loss: 0.45985
[  3, 18851] loss: 0.38146
[  3, 18901] loss: 0.41042
[  3, 18951] loss: 0.41776
[  3, 19001] loss: 0.47232
[  3, 19051] loss: 0.39091
[  3, 19101] loss: 0.50944
[  3, 19151] loss: 0.46278
[  3, 19201] loss: 0.46737
[  3, 19251] loss: 0.41615
[  3, 19301] loss: 0.46475
[  3, 19351] loss: 0.40749
[  3, 19401] loss: 0.48036
[  3, 19451] loss: 0.41775
[  3, 19501] loss: 0.49151
[  3, 19551] loss: 0.49981
[  3, 19601] loss: 0.46101
[  3, 19651] loss: 0.45934
[  3, 19701] loss: 0.53120
[  3, 19751] loss: 0.53418
[  3, 19801] loss: 0.43199
[  3, 19851] loss: 0.47295
[  3, 19901] loss: 0.42648
[  3, 19951] loss: 0.40691
[  3, 20001] loss: 0.36905
[  3, 20051] loss: 0.41839
[  3, 20101] loss: 0.41817
[  3, 20151] loss: 0.36646
[  3, 20201] loss: 0.44296
[  3, 20251] loss: 0.52093
[  3, 20301] loss: 0.46670
[  3, 20351] loss: 0.46052
[  3, 20401] loss: 0.43126
[  3, 20451] loss: 0.46743
[  3, 20501] loss: 0.45058
[  3, 20551] loss: 0.49608
[  3, 20601] loss: 0.36275
[  3, 20651] loss: 0.50733
[  3, 20701] loss: 0.49012
[  3, 20751] loss: 0.35885
[  3, 20801] loss: 0.37456
[  3, 20851] loss: 0.40974
[  3, 20901] loss: 0.52151
[  3, 20951] loss: 0.43838
[  3, 21001] loss: 0.46287
[  3, 21051] loss: 0.47429
[  3, 21101] loss: 0.44161
[  3, 21151] loss: 0.41740
[  3, 21201] loss: 0.50852
[  3, 21251] loss: 0.42962
[  3, 21301] loss: 0.45825
[  3, 21351] loss: 0.38318
[  3, 21401] loss: 0.37499
[  3, 21451] loss: 0.46363
[  3, 21501] loss: 0.45239
[  3, 21551] loss: 0.46192
[  3, 21601] loss: 0.46181
[  3, 21651] loss: 0.37733
[  3, 21701] loss: 0.43997
[  3, 21751] loss: 0.42357
[  3, 21801] loss: 0.41791
[  3, 21851] loss: 0.39053
[  3, 21901] loss: 0.35376
[  3, 21951] loss: 0.42330
[  3, 22001] loss: 0.40464
[  3, 22051] loss: 0.37426
[  3, 22101] loss: 0.36467
[  3, 22151] loss: 0.43999
[  3, 22201] loss: 0.34208
[  3, 22251] loss: 0.39131
[  3, 22301] loss: 0.33710
[  3, 22351] loss: 0.54565
[  3, 22401] loss: 0.46444
[  3, 22451] loss: 0.42514
[  3, 22501] loss: 0.43135
[  3, 22551] loss: 0.48146
[  3, 22601] loss: 0.55199
[  3, 22651] loss: 0.48095
[  3, 22701] loss: 0.44830
[  3, 22751] loss: 0.37937
[  3, 22801] loss: 0.44765
[  3, 22851] loss: 0.42698
[  3, 22901] loss: 0.51423
[  3, 22951] loss: 0.44545
[  3, 23001] loss: 0.46769
[  3, 23051] loss: 0.50102
[  3, 23101] loss: 0.56539
[  3, 23151] loss: 0.44194
[  3, 23201] loss: 0.44293
[  3, 23251] loss: 0.56009
[  3, 23301] loss: 0.48916
[  3, 23351] loss: 0.39437
[  3, 23401] loss: 0.44116
[  3, 23451] loss: 0.33526
[  3, 23501] loss: 0.38856
[  3, 23551] loss: 0.48131
[  3, 23601] loss: 0.37501
[  3, 23651] loss: 0.41583
[  3, 23701] loss: 0.48980
[  3, 23751] loss: 0.43339
[  3, 23801] loss: 0.47620
[  3, 23851] loss: 0.40056
[  3, 23901] loss: 0.45142
[  3, 23951] loss: 0.40910
[  3, 24001] loss: 0.36656
[  3, 24051] loss: 0.44820
[  3, 24101] loss: 0.48903
[  3, 24151] loss: 0.59551
[  3, 24201] loss: 0.42504
[  3, 24251] loss: 0.44183
[  3, 24301] loss: 0.43730
[  3, 24351] loss: 0.44173
[  3, 24401] loss: 0.56564
[  3, 24451] loss: 0.46451
[  3, 24501] loss: 0.55184
[  3, 24551] loss: 0.50003
[  3, 24601] loss: 0.45102
[  3, 24651] loss: 0.50528
[  3, 24701] loss: 0.50833
[  3, 24751] loss: 0.50441
[  3, 24801] loss: 0.49845
[  3, 24851] loss: 0.47071
[  3, 24901] loss: 0.44425
[  3, 24951] loss: 0.51521
[  4,     1] loss: 0.42921
[  4,    51] loss: 0.39885
[  4,   101] loss: 0.39211
[  4,   151] loss: 0.43926
[  4,   201] loss: 0.44905
[  4,   251] loss: 0.41433
[  4,   301] loss: 0.56782
[  4,   351] loss: 0.45633
[  4,   401] loss: 0.36298
[  4,   451] loss: 0.41162
[  4,   501] loss: 0.39935
[  4,   551] loss: 0.41421
[  4,   601] loss: 0.46956
[  4,   651] loss: 0.42693
[  4,   701] loss: 0.46570
[  4,   751] loss: 0.40052
[  4,   801] loss: 0.45005
[  4,   851] loss: 0.52286
[  4,   901] loss: 0.47717
[  4,   951] loss: 0.36101
[  4,  1001] loss: 0.41955
[  4,  1051] loss: 0.50283
[  4,  1101] loss: 0.56359
[  4,  1151] loss: 0.33134
[  4,  1201] loss: 0.30797
[  4,  1251] loss: 0.42440
[  4,  1301] loss: 0.36676
[  4,  1351] loss: 0.38738
[  4,  1401] loss: 0.38870
[  4,  1451] loss: 0.43240
[  4,  1501] loss: 0.40274
[  4,  1551] loss: 0.39922
[  4,  1601] loss: 0.34966
[  4,  1651] loss: 0.40174
[  4,  1701] loss: 0.40731
[  4,  1751] loss: 0.48978
[  4,  1801] loss: 0.34385
[  4,  1851] loss: 0.38665
[  4,  1901] loss: 0.41790
[  4,  1951] loss: 0.43517
[  4,  2001] loss: 0.36923
[  4,  2051] loss: 0.42710
[  4,  2101] loss: 0.38592
[  4,  2151] loss: 0.33186
[  4,  2201] loss: 0.34366
[  4,  2251] loss: 0.47369
[  4,  2301] loss: 0.40613
[  4,  2351] loss: 0.34830
[  4,  2401] loss: 0.46816
[  4,  2451] loss: 0.32673
[  4,  2501] loss: 0.35371
[  4,  2551] loss: 0.36467
[  4,  2601] loss: 0.38324
[  4,  2651] loss: 0.49255
[  4,  2701] loss: 0.40538
[  4,  2751] loss: 0.41440
[  4,  2801] loss: 0.32941
[  4,  2851] loss: 0.43880
[  4,  2901] loss: 0.41952
[  4,  2951] loss: 0.42807
[  4,  3001] loss: 0.29895
[  4,  3051] loss: 0.33833
[  4,  3101] loss: 0.36181
[  4,  3151] loss: 0.53349
[  4,  3201] loss: 0.40918
[  4,  3251] loss: 0.44689
[  4,  3301] loss: 0.47912
[  4,  3351] loss: 0.40229
[  4,  3401] loss: 0.39022
[  4,  3451] loss: 0.43368
[  4,  3501] loss: 0.44401
[  4,  3551] loss: 0.44890
[  4,  3601] loss: 0.43107
[  4,  3651] loss: 0.48678
[  4,  3701] loss: 0.37783
[  4,  3751] loss: 0.44555
[  4,  3801] loss: 0.51646
[  4,  3851] loss: 0.30214
[  4,  3901] loss: 0.39491
[  4,  3951] loss: 0.41045
[  4,  4001] loss: 0.33793
[  4,  4051] loss: 0.41667
[  4,  4101] loss: 0.47650
[  4,  4151] loss: 0.45216
[  4,  4201] loss: 0.38047
[  4,  4251] loss: 0.41174
[  4,  4301] loss: 0.43757
[  4,  4351] loss: 0.39280
[  4,  4401] loss: 0.36475
[  4,  4451] loss: 0.32419
[  4,  4501] loss: 0.45061
[  4,  4551] loss: 0.32706
[  4,  4601] loss: 0.28418
[  4,  4651] loss: 0.34680
[  4,  4701] loss: 0.37566
[  4,  4751] loss: 0.37048
[  4,  4801] loss: 0.40946
[  4,  4851] loss: 0.36123
[  4,  4901] loss: 0.32983
[  4,  4951] loss: 0.37322
[  4,  5001] loss: 0.41598
[  4,  5051] loss: 0.42060
[  4,  5101] loss: 0.37174
[  4,  5151] loss: 0.38358
[  4,  5201] loss: 0.39162
[  4,  5251] loss: 0.40003
[  4,  5301] loss: 0.48096
[  4,  5351] loss: 0.35367
[  4,  5401] loss: 0.36339
[  4,  5451] loss: 0.33527
[  4,  5501] loss: 0.46926
[  4,  5551] loss: 0.39275
[  4,  5601] loss: 0.42808
[  4,  5651] loss: 0.34454
[  4,  5701] loss: 0.46619
[  4,  5751] loss: 0.42887
[  4,  5801] loss: 0.35170
[  4,  5851] loss: 0.43167
[  4,  5901] loss: 0.35892
[  4,  5951] loss: 0.38209
[  4,  6001] loss: 0.48743
[  4,  6051] loss: 0.36420
[  4,  6101] loss: 0.43022
[  4,  6151] loss: 0.51643
[  4,  6201] loss: 0.32526
[  4,  6251] loss: 0.39905
[  4,  6301] loss: 0.46818
[  4,  6351] loss: 0.43443
[  4,  6401] loss: 0.36709
[  4,  6451] loss: 0.43244
[  4,  6501] loss: 0.39274
[  4,  6551] loss: 0.36579
[  4,  6601] loss: 0.39701
[  4,  6651] loss: 0.39513
[  4,  6701] loss: 0.49874
[  4,  6751] loss: 0.38881
[  4,  6801] loss: 0.35881
[  4,  6851] loss: 0.42351
[  4,  6901] loss: 0.38788
[  4,  6951] loss: 0.32588
[  4,  7001] loss: 0.41448
[  4,  7051] loss: 0.37409
[  4,  7101] loss: 0.36009
[  4,  7151] loss: 0.34301
[  4,  7201] loss: 0.37801
[  4,  7251] loss: 0.36683
[  4,  7301] loss: 0.37644
[  4,  7351] loss: 0.43020
[  4,  7401] loss: 0.37796
[  4,  7451] loss: 0.34223
[  4,  7501] loss: 0.38582
[  4,  7551] loss: 0.39465
[  4,  7601] loss: 0.40364
[  4,  7651] loss: 0.35601
[  4,  7701] loss: 0.31552
[  4,  7751] loss: 0.52810
[  4,  7801] loss: 0.29940
[  4,  7851] loss: 0.41007
[  4,  7901] loss: 0.35988
[  4,  7951] loss: 0.38662
[  4,  8001] loss: 0.35679
[  4,  8051] loss: 0.40008
[  4,  8101] loss: 0.35091
[  4,  8151] loss: 0.35231
[  4,  8201] loss: 0.31891
[  4,  8251] loss: 0.35919
[  4,  8301] loss: 0.32995
[  4,  8351] loss: 0.31308
[  4,  8401] loss: 0.43088
[  4,  8451] loss: 0.35475
[  4,  8501] loss: 0.35236
[  4,  8551] loss: 0.34649
[  4,  8601] loss: 0.32017
[  4,  8651] loss: 0.33554
[  4,  8701] loss: 0.50945
[  4,  8751] loss: 0.35911
[  4,  8801] loss: 0.36460
[  4,  8851] loss: 0.39596
[  4,  8901] loss: 0.42191
[  4,  8951] loss: 0.37933
[  4,  9001] loss: 0.32196
[  4,  9051] loss: 0.38462
[  4,  9101] loss: 0.43768
[  4,  9151] loss: 0.43915
[  4,  9201] loss: 0.31926
[  4,  9251] loss: 0.37608
[  4,  9301] loss: 0.34661
[  4,  9351] loss: 0.41283
[  4,  9401] loss: 0.37319
[  4,  9451] loss: 0.35834
[  4,  9501] loss: 0.30754
[  4,  9551] loss: 0.31828
[  4,  9601] loss: 0.41466
[  4,  9651] loss: 0.40699
[  4,  9701] loss: 0.40510
[  4,  9751] loss: 0.32477
[  4,  9801] loss: 0.32389
[  4,  9851] loss: 0.42700
[  4,  9901] loss: 0.32867
[  4,  9951] loss: 0.37683
[  4, 10001] loss: 0.40628
[  4, 10051] loss: 0.48671
[  4, 10101] loss: 0.30720
[  4, 10151] loss: 0.35927
[  4, 10201] loss: 0.37578
[  4, 10251] loss: 0.42548
[  4, 10301] loss: 0.50210
[  4, 10351] loss: 0.39113
[  4, 10401] loss: 0.36710
[  4, 10451] loss: 0.49746
[  4, 10501] loss: 0.31540
[  4, 10551] loss: 0.47072
[  4, 10601] loss: 0.43162
[  4, 10651] loss: 0.44330
[  4, 10701] loss: 0.42369
[  4, 10751] loss: 0.37239
[  4, 10801] loss: 0.37246
[  4, 10851] loss: 0.29207
[  4, 10901] loss: 0.37461
[  4, 10951] loss: 0.37859
[  4, 11001] loss: 0.38851
[  4, 11051] loss: 0.35222
[  4, 11101] loss: 0.27060
[  4, 11151] loss: 0.37014
[  4, 11201] loss: 0.33858
[  4, 11251] loss: 0.36031
[  4, 11301] loss: 0.34353
[  4, 11351] loss: 0.33018
[  4, 11401] loss: 0.38552
[  4, 11451] loss: 0.35702
[  4, 11501] loss: 0.33572
[  4, 11551] loss: 0.33957
[  4, 11601] loss: 0.38494
[  4, 11651] loss: 0.41664
[  4, 11701] loss: 0.36317
[  4, 11751] loss: 0.34765
[  4, 11801] loss: 0.37139
[  4, 11851] loss: 0.34495
[  4, 11901] loss: 0.28852
[  4, 11951] loss: 0.42427
[  4, 12001] loss: 0.27293
[  4, 12051] loss: 0.36338
[  4, 12101] loss: 0.35088
[  4, 12151] loss: 0.35065
[  4, 12201] loss: 0.34698
[  4, 12251] loss: 0.28864
[  4, 12301] loss: 0.31526
[  4, 12351] loss: 0.36414
[  4, 12401] loss: 0.34840
[  4, 12451] loss: 0.36797
[  4, 12501] loss: 0.33060
[  4, 12551] loss: 0.40262
[  4, 12601] loss: 0.38755
[  4, 12651] loss: 0.34140
[  4, 12701] loss: 0.36987
[  4, 12751] loss: 0.32362
[  4, 12801] loss: 0.39686
[  4, 12851] loss: 0.30559
[  4, 12901] loss: 0.34716
[  4, 12951] loss: 0.38485
[  4, 13001] loss: 0.32630
[  4, 13051] loss: 0.29876
[  4, 13101] loss: 0.26119
[  4, 13151] loss: 0.39725
[  4, 13201] loss: 0.35172
[  4, 13251] loss: 0.29241
[  4, 13301] loss: 0.39016
[  4, 13351] loss: 0.27514
[  4, 13401] loss: 0.32090
[  4, 13451] loss: 0.32369
[  4, 13501] loss: 0.31380
[  4, 13551] loss: 0.36771
[  4, 13601] loss: 0.32421
[  4, 13651] loss: 0.31292
[  4, 13701] loss: 0.27576
[  4, 13751] loss: 0.34421
[  4, 13801] loss: 0.33920
[  4, 13851] loss: 0.37966
[  4, 13901] loss: 0.28838
[  4, 13951] loss: 0.37267
[  4, 14001] loss: 0.43582
[  4, 14051] loss: 0.36933
[  4, 14101] loss: 0.39499
[  4, 14151] loss: 0.30787
[  4, 14201] loss: 0.31185
[  4, 14251] loss: 0.34872
[  4, 14301] loss: 0.39096
[  4, 14351] loss: 0.31957
[  4, 14401] loss: 0.32079
[  4, 14451] loss: 0.42708
[  4, 14501] loss: 0.38137
[  4, 14551] loss: 0.26378
[  4, 14601] loss: 0.31254
[  4, 14651] loss: 0.39743
[  4, 14701] loss: 0.30646
[  4, 14751] loss: 0.24279
[  4, 14801] loss: 0.36180
[  4, 14851] loss: 0.28469
[  4, 14901] loss: 0.38826
[  4, 14951] loss: 0.36436
[  4, 15001] loss: 0.33846
[  4, 15051] loss: 0.33931
[  4, 15101] loss: 0.28223
[  4, 15151] loss: 0.36324
[  4, 15201] loss: 0.35577
[  4, 15251] loss: 0.35144
[  4, 15301] loss: 0.35602
[  4, 15351] loss: 0.25582
[  4, 15401] loss: 0.34165
[  4, 15451] loss: 0.27268
[  4, 15501] loss: 0.28208
[  4, 15551] loss: 0.38073
[  4, 15601] loss: 0.28388
[  4, 15651] loss: 0.28113
[  4, 15701] loss: 0.34427
[  4, 15751] loss: 0.43909
[  4, 15801] loss: 0.33495
[  4, 15851] loss: 0.30617
[  4, 15901] loss: 0.34388
[  4, 15951] loss: 0.37692
[  4, 16001] loss: 0.33385
[  4, 16051] loss: 0.31947
[  4, 16101] loss: 0.28213
[  4, 16151] loss: 0.28166
[  4, 16201] loss: 0.33691
[  4, 16251] loss: 0.32505
[  4, 16301] loss: 0.31112
[  4, 16351] loss: 0.26607
[  4, 16401] loss: 0.36007
[  4, 16451] loss: 0.36451
[  4, 16501] loss: 0.40899
[  4, 16551] loss: 0.33074
[  4, 16601] loss: 0.30868
[  4, 16651] loss: 0.33017
[  4, 16701] loss: 0.30630
[  4, 16751] loss: 0.30461
[  4, 16801] loss: 0.27356
[  4, 16851] loss: 0.25713
[  4, 16901] loss: 0.43280
[  4, 16951] loss: 0.30256
[  4, 17001] loss: 0.36948
[  4, 17051] loss: 0.37427
[  4, 17101] loss: 0.30837
[  4, 17151] loss: 0.32216
[  4, 17201] loss: 0.31170
[  4, 17251] loss: 0.35934
[  4, 17301] loss: 0.30308
[  4, 17351] loss: 0.37431
[  4, 17401] loss: 0.32643
[  4, 17451] loss: 0.36624
[  4, 17501] loss: 0.30379
[  4, 17551] loss: 0.34213
[  4, 17601] loss: 0.42815
[  4, 17651] loss: 0.31439
[  4, 17701] loss: 0.44276
[  4, 17751] loss: 0.25711
[  4, 17801] loss: 0.32879
[  4, 17851] loss: 0.29315
[  4, 17901] loss: 0.43792
[  4, 17951] loss: 0.32786
[  4, 18001] loss: 0.36329
[  4, 18051] loss: 0.43430
[  4, 18101] loss: 0.34300
[  4, 18151] loss: 0.32103
[  4, 18201] loss: 0.28238
[  4, 18251] loss: 0.42330
[  4, 18301] loss: 0.29368
[  4, 18351] loss: 0.28078
[  4, 18401] loss: 0.31412
[  4, 18451] loss: 0.34408
[  4, 18501] loss: 0.31977
[  4, 18551] loss: 0.34486
[  4, 18601] loss: 0.34916
[  4, 18651] loss: 0.29040
[  4, 18701] loss: 0.35248
[  4, 18751] loss: 0.32243
[  4, 18801] loss: 0.32855
[  4, 18851] loss: 0.26829
[  4, 18901] loss: 0.28694
[  4, 18951] loss: 0.26465
[  4, 19001] loss: 0.33247
[  4, 19051] loss: 0.26655
[  4, 19101] loss: 0.35796
[  4, 19151] loss: 0.32056
[  4, 19201] loss: 0.31290
[  4, 19251] loss: 0.28515
[  4, 19301] loss: 0.34323
[  4, 19351] loss: 0.30232
[  4, 19401] loss: 0.29812
[  4, 19451] loss: 0.29448
[  4, 19501] loss: 0.35544
[  4, 19551] loss: 0.36656
[  4, 19601] loss: 0.35089
[  4, 19651] loss: 0.32723
[  4, 19701] loss: 0.41139
[  4, 19751] loss: 0.40002
[  4, 19801] loss: 0.28442
[  4, 19851] loss: 0.34290
[  4, 19901] loss: 0.28658
[  4, 19951] loss: 0.31210
[  4, 20001] loss: 0.24827
[  4, 20051] loss: 0.29026
[  4, 20101] loss: 0.29345
[  4, 20151] loss: 0.24833
[  4, 20201] loss: 0.30050
[  4, 20251] loss: 0.38200
[  4, 20301] loss: 0.32754
[  4, 20351] loss: 0.31065
[  4, 20401] loss: 0.28390
[  4, 20451] loss: 0.33826
[  4, 20501] loss: 0.30508
[  4, 20551] loss: 0.37394
[  4, 20601] loss: 0.27174
[  4, 20651] loss: 0.34946
[  4, 20701] loss: 0.35812
[  4, 20751] loss: 0.25800
[  4, 20801] loss: 0.25800
[  4, 20851] loss: 0.28260
[  4, 20901] loss: 0.41760
[  4, 20951] loss: 0.28391
[  4, 21001] loss: 0.31058
[  4, 21051] loss: 0.33703
[  4, 21101] loss: 0.29650
[  4, 21151] loss: 0.31328
[  4, 21201] loss: 0.34268
[  4, 21251] loss: 0.28042
[  4, 21301] loss: 0.33735
[  4, 21351] loss: 0.26414
[  4, 21401] loss: 0.23449
[  4, 21451] loss: 0.32641
[  4, 21501] loss: 0.31279
[  4, 21551] loss: 0.30163
[  4, 21601] loss: 0.32727
[  4, 21651] loss: 0.27224
[  4, 21701] loss: 0.30991
[  4, 21751] loss: 0.30473
[  4, 21801] loss: 0.28168
[  4, 21851] loss: 0.28832
[  4, 21901] loss: 0.21499
[  4, 21951] loss: 0.30358
[  4, 22001] loss: 0.27301
[  4, 22051] loss: 0.24606
[  4, 22101] loss: 0.22965
[  4, 22151] loss: 0.30954
[  4, 22201] loss: 0.22475
[  4, 22251] loss: 0.26909
[  4, 22301] loss: 0.22684
[  4, 22351] loss: 0.38719
[  4, 22401] loss: 0.32212
[  4, 22451] loss: 0.30984
[  4, 22501] loss: 0.32253
[  4, 22551] loss: 0.33523
[  4, 22601] loss: 0.42872
[  4, 22651] loss: 0.33087
[  4, 22701] loss: 0.29176
[  4, 22751] loss: 0.27437
[  4, 22801] loss: 0.30368
[  4, 22851] loss: 0.31021
[  4, 22901] loss: 0.32999
[  4, 22951] loss: 0.30298
[  4, 23001] loss: 0.32015
[  4, 23051] loss: 0.30763
[  4, 23101] loss: 0.42902
[  4, 23151] loss: 0.27357
[  4, 23201] loss: 0.29960
[  4, 23251] loss: 0.42693
[  4, 23301] loss: 0.34394
[  4, 23351] loss: 0.27108
[  4, 23401] loss: 0.30589
[  4, 23451] loss: 0.23166
[  4, 23501] loss: 0.27138
[  4, 23551] loss: 0.31664
[  4, 23601] loss: 0.24700
[  4, 23651] loss: 0.30178
[  4, 23701] loss: 0.33636
[  4, 23751] loss: 0.30418
[  4, 23801] loss: 0.34659
[  4, 23851] loss: 0.25599
[  4, 23901] loss: 0.29413
[  4, 23951] loss: 0.28082
[  4, 24001] loss: 0.25005
[  4, 24051] loss: 0.32030
[  4, 24101] loss: 0.34121
[  4, 24151] loss: 0.42495
[  4, 24201] loss: 0.24355
[  4, 24251] loss: 0.28047
[  4, 24301] loss: 0.30218
[  4, 24351] loss: 0.31812
[  4, 24401] loss: 0.42262
[  4, 24451] loss: 0.33973
[  4, 24501] loss: 0.38029
[  4, 24551] loss: 0.35055
[  4, 24601] loss: 0.31454
[  4, 24651] loss: 0.37397
[  4, 24701] loss: 0.35013
[  4, 24751] loss: 0.29788
[  4, 24801] loss: 0.32443
[  4, 24851] loss: 0.33489
[  4, 24901] loss: 0.33161
[  4, 24951] loss: 0.34949
[  5,     1] loss: 0.28114
[  5,    51] loss: 0.29210
[  5,   101] loss: 0.33060
[  5,   151] loss: 0.32270
[  5,   201] loss: 0.26649
[  5,   251] loss: 0.28155
[  5,   301] loss: 0.46385
[  5,   351] loss: 0.37000
[  5,   401] loss: 0.25013
[  5,   451] loss: 0.28855
[  5,   501] loss: 0.29086
[  5,   551] loss: 0.30716
[  5,   601] loss: 0.40088
[  5,   651] loss: 0.28335
[  5,   701] loss: 0.31889
[  5,   751] loss: 0.25409
[  5,   801] loss: 0.31482
[  5,   851] loss: 0.40716
[  5,   901] loss: 0.31669
[  5,   951] loss: 0.27821
[  5,  1001] loss: 0.26954
[  5,  1051] loss: 0.37623
[  5,  1101] loss: 0.44911
[  5,  1151] loss: 0.23742
[  5,  1201] loss: 0.19957
[  5,  1251] loss: 0.26929
[  5,  1301] loss: 0.25372
[  5,  1351] loss: 0.30054
[  5,  1401] loss: 0.25047
[  5,  1451] loss: 0.28971
[  5,  1501] loss: 0.23056
[  5,  1551] loss: 0.29293
[  5,  1601] loss: 0.23602
[  5,  1651] loss: 0.25962
[  5,  1701] loss: 0.28513
[  5,  1751] loss: 0.39578
[  5,  1801] loss: 0.22448
[  5,  1851] loss: 0.30028
[  5,  1901] loss: 0.31160
[  5,  1951] loss: 0.28580
[  5,  2001] loss: 0.24219
[  5,  2051] loss: 0.31853
[  5,  2101] loss: 0.27928
[  5,  2151] loss: 0.20649
[  5,  2201] loss: 0.20776
[  5,  2251] loss: 0.35259
[  5,  2301] loss: 0.26278
[  5,  2351] loss: 0.23663
[  5,  2401] loss: 0.26649
[  5,  2451] loss: 0.21594
[  5,  2501] loss: 0.22689
[  5,  2551] loss: 0.25932
[  5,  2601] loss: 0.25545
[  5,  2651] loss: 0.30837
[  5,  2701] loss: 0.26724
[  5,  2751] loss: 0.27775
[  5,  2801] loss: 0.21498
[  5,  2851] loss: 0.30208
[  5,  2901] loss: 0.31733
[  5,  2951] loss: 0.30321
[  5,  3001] loss: 0.19525
[  5,  3051] loss: 0.24331
[  5,  3101] loss: 0.22008
[  5,  3151] loss: 0.38093
[  5,  3201] loss: 0.28613
[  5,  3251] loss: 0.28976
[  5,  3301] loss: 0.35255
[  5,  3351] loss: 0.27492
[  5,  3401] loss: 0.23609
[  5,  3451] loss: 0.29042
[  5,  3501] loss: 0.30817
[  5,  3551] loss: 0.30404
[  5,  3601] loss: 0.30223
[  5,  3651] loss: 0.32635
[  5,  3701] loss: 0.22011
[  5,  3751] loss: 0.29334
[  5,  3801] loss: 0.36505
[  5,  3851] loss: 0.19140
[  5,  3901] loss: 0.25187
[  5,  3951] loss: 0.28646
[  5,  4001] loss: 0.20999
[  5,  4051] loss: 0.29755
[  5,  4101] loss: 0.35483
[  5,  4151] loss: 0.29944
[  5,  4201] loss: 0.22809
[  5,  4251] loss: 0.25609
[  5,  4301] loss: 0.32757
[  5,  4351] loss: 0.25238
[  5,  4401] loss: 0.21047
[  5,  4451] loss: 0.18444
[  5,  4501] loss: 0.31110
[  5,  4551] loss: 0.19235
[  5,  4601] loss: 0.16684
[  5,  4651] loss: 0.22541
[  5,  4701] loss: 0.23944
[  5,  4751] loss: 0.24926
[  5,  4801] loss: 0.27143
[  5,  4851] loss: 0.22652
[  5,  4901] loss: 0.21879
[  5,  4951] loss: 0.25037
[  5,  5001] loss: 0.25393
[  5,  5051] loss: 0.27556
[  5,  5101] loss: 0.25380
[  5,  5151] loss: 0.24543
[  5,  5201] loss: 0.26553
[  5,  5251] loss: 0.31021
[  5,  5301] loss: 0.32677
[  5,  5351] loss: 0.21741
[  5,  5401] loss: 0.22696
[  5,  5451] loss: 0.22047
[  5,  5501] loss: 0.31169
[  5,  5551] loss: 0.29014
[  5,  5601] loss: 0.27162
[  5,  5651] loss: 0.22617
[  5,  5701] loss: 0.35193
[  5,  5751] loss: 0.31773
[  5,  5801] loss: 0.21662
[  5,  5851] loss: 0.25422
[  5,  5901] loss: 0.25438
[  5,  5951] loss: 0.23013
[  5,  6001] loss: 0.37355
[  5,  6051] loss: 0.24584
[  5,  6101] loss: 0.30668
[  5,  6151] loss: 0.33513
[  5,  6201] loss: 0.20117
[  5,  6251] loss: 0.26323
[  5,  6301] loss: 0.33846
[  5,  6351] loss: 0.29294
[  5,  6401] loss: 0.24777
[  5,  6451] loss: 0.31532
[  5,  6501] loss: 0.26698
[  5,  6551] loss: 0.21474
[  5,  6601] loss: 0.26290
[  5,  6651] loss: 0.24671
[  5,  6701] loss: 0.36613
[  5,  6751] loss: 0.24123
[  5,  6801] loss: 0.26388
[  5,  6851] loss: 0.26843
[  5,  6901] loss: 0.24642
[  5,  6951] loss: 0.21771
[  5,  7001] loss: 0.26040
[  5,  7051] loss: 0.26432
[  5,  7101] loss: 0.28414
[  5,  7151] loss: 0.28261
[  5,  7201] loss: 0.22687
[  5,  7251] loss: 0.24454
[  5,  7301] loss: 0.30252
[  5,  7351] loss: 0.35201
[  5,  7401] loss: 0.24239
[  5,  7451] loss: 0.24568
[  5,  7501] loss: 0.27380
[  5,  7551] loss: 0.32023
[  5,  7601] loss: 0.33130
[  5,  7651] loss: 0.23989
[  5,  7701] loss: 0.19222
[  5,  7751] loss: 0.37649
[  5,  7801] loss: 0.21986
[  5,  7851] loss: 0.35424
[  5,  7901] loss: 0.24815
[  5,  7951] loss: 0.22888
[  5,  8001] loss: 0.21703
[  5,  8051] loss: 0.29329
[  5,  8101] loss: 0.24822
[  5,  8151] loss: 0.23668
[  5,  8201] loss: 0.20227
[  5,  8251] loss: 0.24747
[  5,  8301] loss: 0.19466
[  5,  8351] loss: 0.22907
[  5,  8401] loss: 0.25946
[  5,  8451] loss: 0.24064
[  5,  8501] loss: 0.22072
[  5,  8551] loss: 0.23129
[  5,  8601] loss: 0.21636
[  5,  8651] loss: 0.24181
[  5,  8701] loss: 0.30867
[  5,  8751] loss: 0.23961
[  5,  8801] loss: 0.22639
[  5,  8851] loss: 0.25709
[  5,  8901] loss: 0.28420
[  5,  8951] loss: 0.27848
[  5,  9001] loss: 0.22943
[  5,  9051] loss: 0.26756
[  5,  9101] loss: 0.24967
[  5,  9151] loss: 0.29859
[  5,  9201] loss: 0.21072
[  5,  9251] loss: 0.29484
[  5,  9301] loss: 0.16998
[  5,  9351] loss: 0.27352
[  5,  9401] loss: 0.24954
[  5,  9451] loss: 0.20065
[  5,  9501] loss: 0.19833
[  5,  9551] loss: 0.18215
[  5,  9601] loss: 0.26527
[  5,  9651] loss: 0.24690
[  5,  9701] loss: 0.26265
[  5,  9751] loss: 0.21529
[  5,  9801] loss: 0.18272
[  5,  9851] loss: 0.25883
[  5,  9901] loss: 0.18869
[  5,  9951] loss: 0.22706
[  5, 10001] loss: 0.22153
[  5, 10051] loss: 0.30445
[  5, 10101] loss: 0.18486
[  5, 10151] loss: 0.24710
[  5, 10201] loss: 0.24137
[  5, 10251] loss: 0.24683
[  5, 10301] loss: 0.33788
[  5, 10351] loss: 0.31882
[  5, 10401] loss: 0.23614
[  5, 10451] loss: 0.33159
[  5, 10501] loss: 0.22556
[  5, 10551] loss: 0.39505
[  5, 10601] loss: 0.41606
[  5, 10651] loss: 0.34399
[  5, 10701] loss: 0.25044
[  5, 10751] loss: 0.26827
[  5, 10801] loss: 0.36246
[  5, 10851] loss: 0.28503
[  5, 10901] loss: 0.35161
[  5, 10951] loss: 0.20489
[  5, 11001] loss: 0.29777
[  5, 11051] loss: 0.33708
[  5, 11101] loss: 0.21902
[  5, 11151] loss: 0.29271
[  5, 11201] loss: 0.23227
[  5, 11251] loss: 0.25879
[  5, 11301] loss: 0.29884
[  5, 11351] loss: 0.24799
[  5, 11401] loss: 0.30992
[  5, 11451] loss: 0.21589
[  5, 11501] loss: 0.23615
[  5, 11551] loss: 0.29035
[  5, 11601] loss: 0.31794
[  5, 11651] loss: 0.26633
[  5, 11701] loss: 0.24719
[  5, 11751] loss: 0.24736
[  5, 11801] loss: 0.28854
[  5, 11851] loss: 0.27842
[  5, 11901] loss: 0.21617
[  5, 11951] loss: 0.24992
[  5, 12001] loss: 0.17432
[  5, 12051] loss: 0.28130
[  5, 12101] loss: 0.30322
[  5, 12151] loss: 0.22535
[  5, 12201] loss: 0.21269
[  5, 12251] loss: 0.15501
[  5, 12301] loss: 0.23647
[  5, 12351] loss: 0.26348
[  5, 12401] loss: 0.23751
[  5, 12451] loss: 0.26775
[  5, 12501] loss: 0.20887
[  5, 12551] loss: 0.29189
[  5, 12601] loss: 0.25454
[  5, 12651] loss: 0.23911
[  5, 12701] loss: 0.23105
[  5, 12751] loss: 0.20839
[  5, 12801] loss: 0.27904
[  5, 12851] loss: 0.18981
[  5, 12901] loss: 0.20110
[  5, 12951] loss: 0.23153
[  5, 13001] loss: 0.21388
[  5, 13051] loss: 0.17160
[  5, 13101] loss: 0.15697
[  5, 13151] loss: 0.26176
[  5, 13201] loss: 0.21130
[  5, 13251] loss: 0.17614
[  5, 13301] loss: 0.23808
[  5, 13351] loss: 0.16638
[  5, 13401] loss: 0.19218
[  5, 13451] loss: 0.20195
[  5, 13501] loss: 0.18201
[  5, 13551] loss: 0.25581
[  5, 13601] loss: 0.23241
[  5, 13651] loss: 0.18620
[  5, 13701] loss: 0.17165
[  5, 13751] loss: 0.25774
[  5, 13801] loss: 0.20354
[  5, 13851] loss: 0.24877
[  5, 13901] loss: 0.19969
[  5, 13951] loss: 0.22732
[  5, 14001] loss: 0.28206
[  5, 14051] loss: 0.30001
[  5, 14101] loss: 0.28691
[  5, 14151] loss: 0.16115
[  5, 14201] loss: 0.19440
[  5, 14251] loss: 0.24553
[  5, 14301] loss: 0.34668
[  5, 14351] loss: 0.23328
[  5, 14401] loss: 0.21911
[  5, 14451] loss: 0.27566
[  5, 14501] loss: 0.25578
[  5, 14551] loss: 0.17785
[  5, 14601] loss: 0.30358
[  5, 14651] loss: 0.31333
[  5, 14701] loss: 0.19781
[  5, 14751] loss: 0.15203
[  5, 14801] loss: 0.31403
[  5, 14851] loss: 0.26319
[  5, 14901] loss: 0.33580
[  5, 14951] loss: 0.25134
[  5, 15001] loss: 0.20967
[  5, 15051] loss: 0.24129
[  5, 15101] loss: 0.18730
[  5, 15151] loss: 0.27496
[  5, 15201] loss: 0.26561
[  5, 15251] loss: 0.20522
[  5, 15301] loss: 0.22578
[  5, 15351] loss: 0.17271
[  5, 15401] loss: 0.22458
[  5, 15451] loss: 0.17673
[  5, 15501] loss: 0.16613
[  5, 15551] loss: 0.24721
[  5, 15601] loss: 0.17869
[  5, 15651] loss: 0.16628
[  5, 15701] loss: 0.21847
[  5, 15751] loss: 0.27554
[  5, 15801] loss: 0.21815
[  5, 15851] loss: 0.18322
[  5, 15901] loss: 0.23421
[  5, 15951] loss: 0.24218
[  5, 16001] loss: 0.20526
[  5, 16051] loss: 0.18826
[  5, 16101] loss: 0.17419
[  5, 16151] loss: 0.16156
[  5, 16201] loss: 0.23070
[  5, 16251] loss: 0.20389
[  5, 16301] loss: 0.20978
[  5, 16351] loss: 0.15130
[  5, 16401] loss: 0.22007
[  5, 16451] loss: 0.23701
[  5, 16501] loss: 0.28603
[  5, 16551] loss: 0.19080
[  5, 16601] loss: 0.19743
[  5, 16651] loss: 0.21188
[  5, 16701] loss: 0.18134
[  5, 16751] loss: 0.20963
[  5, 16801] loss: 0.17385
[  5, 16851] loss: 0.13947
[  5, 16901] loss: 0.25512
[  5, 16951] loss: 0.19362
[  5, 17001] loss: 0.21060
[  5, 17051] loss: 0.22193
[  5, 17101] loss: 0.19732
[  5, 17151] loss: 0.21097
[  5, 17201] loss: 0.18414
[  5, 17251] loss: 0.25357
[  5, 17301] loss: 0.18151
[  5, 17351] loss: 0.23247
[  5, 17401] loss: 0.22359
[  5, 17451] loss: 0.22680
[  5, 17501] loss: 0.20354
[  5, 17551] loss: 0.18946
[  5, 17601] loss: 0.24870
[  5, 17651] loss: 0.21124
[  5, 17701] loss: 0.29962
[  5, 17751] loss: 0.14313
[  5, 17801] loss: 0.19921
[  5, 17851] loss: 0.17194
[  5, 17901] loss: 0.26879
[  5, 17951] loss: 0.20550
[  5, 18001] loss: 0.23786
[  5, 18051] loss: 0.22535
[  5, 18101] loss: 0.22139
[  5, 18151] loss: 0.20116
[  5, 18201] loss: 0.21229
[  5, 18251] loss: 0.28204
[  5, 18301] loss: 0.18476
[  5, 18351] loss: 0.18191
[  5, 18401] loss: 0.19229
[  5, 18451] loss: 0.24458
[  5, 18501] loss: 0.21438
[  5, 18551] loss: 0.20137
[  5, 18601] loss: 0.20970
[  5, 18651] loss: 0.17700
[  5, 18701] loss: 0.21919
[  5, 18751] loss: 0.19325
[  5, 18801] loss: 0.20542
[  5, 18851] loss: 0.16035
[  5, 18901] loss: 0.17068
[  5, 18951] loss: 0.12914
[  5, 19001] loss: 0.21114
[  5, 19051] loss: 0.17653
[  5, 19101] loss: 0.21713
[  5, 19151] loss: 0.18824
[  5, 19201] loss: 0.17013
[  5, 19251] loss: 0.17956
[  5, 19301] loss: 0.26513
[  5, 19351] loss: 0.23108
[  5, 19401] loss: 0.15814
[  5, 19451] loss: 0.15989
[  5, 19501] loss: 0.23292
[  5, 19551] loss: 0.30668
[  5, 19601] loss: 0.28189
[  5, 19651] loss: 0.23003
[  5, 19701] loss: 0.28311
[  5, 19751] loss: 0.27948
[  5, 19801] loss: 0.21518
[  5, 19851] loss: 0.22417
[  5, 19901] loss: 0.16347
[  5, 19951] loss: 0.17728
[  5, 20001] loss: 0.14966
[  5, 20051] loss: 0.17315
[  5, 20101] loss: 0.19657
[  5, 20151] loss: 0.13610
[  5, 20201] loss: 0.17893
[  5, 20251] loss: 0.23283
[  5, 20301] loss: 0.18743
[  5, 20351] loss: 0.16898
[  5, 20401] loss: 0.17294
[  5, 20451] loss: 0.20208
[  5, 20501] loss: 0.18986
[  5, 20551] loss: 0.26910
[  5, 20601] loss: 0.16902
[  5, 20651] loss: 0.20282
[  5, 20701] loss: 0.22205
[  5, 20751] loss: 0.16237
[  5, 20801] loss: 0.16039
[  5, 20851] loss: 0.16450
[  5, 20901] loss: 0.27130
[  5, 20951] loss: 0.18435
[  5, 21001] loss: 0.19580
[  5, 21051] loss: 0.20406
[  5, 21101] loss: 0.17572
[  5, 21151] loss: 0.21203
[  5, 21201] loss: 0.21405
[  5, 21251] loss: 0.17497
[  5, 21301] loss: 0.20619
[  5, 21351] loss: 0.15491
[  5, 21401] loss: 0.13286
[  5, 21451] loss: 0.19339
[  5, 21501] loss: 0.18422
[  5, 21551] loss: 0.17999
[  5, 21601] loss: 0.19099
[  5, 21651] loss: 0.16369
[  5, 21701] loss: 0.18575
[  5, 21751] loss: 0.20044
[  5, 21801] loss: 0.17271
[  5, 21851] loss: 0.16445
[  5, 21901] loss: 0.11146
[  5, 21951] loss: 0.18450
[  5, 22001] loss: 0.15743
[  5, 22051] loss: 0.14276
[  5, 22101] loss: 0.12093
[  5, 22151] loss: 0.18216
[  5, 22201] loss: 0.13394
[  5, 22251] loss: 0.16456
[  5, 22301] loss: 0.15299
[  5, 22351] loss: 0.23617
[  5, 22401] loss: 0.18904
[  5, 22451] loss: 0.19202
[  5, 22501] loss: 0.19870
[  5, 22551] loss: 0.21310
[  5, 22601] loss: 0.25692
[  5, 22651] loss: 0.20304
[  5, 22701] loss: 0.16489
[  5, 22751] loss: 0.20746
[  5, 22801] loss: 0.19443
[  5, 22851] loss: 0.17474
[  5, 22901] loss: 0.17797
[  5, 22951] loss: 0.17734
[  5, 23001] loss: 0.18994
[  5, 23051] loss: 0.20028
[  5, 23101] loss: 0.29588
[  5, 23151] loss: 0.16311
[  5, 23201] loss: 0.16603
[  5, 23251] loss: 0.28827
[  5, 23301] loss: 0.22146
[  5, 23351] loss: 0.19007
[  5, 23401] loss: 0.19105
[  5, 23451] loss: 0.13101
[  5, 23501] loss: 0.16110
[  5, 23551] loss: 0.17809
[  5, 23601] loss: 0.17587
[  5, 23651] loss: 0.20372
[  5, 23701] loss: 0.19192
[  5, 23751] loss: 0.17370
[  5, 23801] loss: 0.22748
[  5, 23851] loss: 0.14393
[  5, 23901] loss: 0.17734
[  5, 23951] loss: 0.16592
[  5, 24001] loss: 0.14521
[  5, 24051] loss: 0.17563
[  5, 24101] loss: 0.20111
[  5, 24151] loss: 0.26159
[  5, 24201] loss: 0.13917
[  5, 24251] loss: 0.15550
[  5, 24301] loss: 0.16360
[  5, 24351] loss: 0.17539
[  5, 24401] loss: 0.25212
[  5, 24451] loss: 0.21974
[  5, 24501] loss: 0.23026
[  5, 24551] loss: 0.19838
[  5, 24601] loss: 0.18157
[  5, 24651] loss: 0.29913
[  5, 24701] loss: 0.28225
[  5, 24751] loss: 0.10913
[  5, 24801] loss: 0.17221
[  5, 24851] loss: 0.27312
[  5, 24901] loss: 0.35986
[  5, 24951] loss: 0.32482
Finished training
Accuracy on train: 0.98668
Accuracy on test: 0.63912
