{'word_context': 17, 'word_embed_size': 100, 'word_conv_units': 300, 'hidden_units': 0, 'dropout': False, 'batch_size': 50}
train set done
test set done
<bound method MixedNet.parameters of MixedNet (
  (W_wrd): DataParallel (
    (module): Embedding(89528, 100)
  )
  (word_level_conv): DataParallel (
    (module): Conv2d(1, 300, kernel_size=(100, 17), stride=(1, 1), padding=(0, 8))
  )
  (word_level_maxpool): DataParallel (
    (module): AdaptiveMaxPool2d (output_size=(300, 1))
  )
  (fc1): DataParallel (
    (module): Linear (300 -> 2)
  )
)>
[  1,     1] loss: 0.66342
[  1,    51] loss: 0.67037
[  1,   101] loss: 0.70636
[  1,   151] loss: 0.95287
[  1,   201] loss: 0.74259
[  1,   251] loss: 0.75284
[  1,   301] loss: 0.80002
[  1,   351] loss: 0.67034
[  1,   401] loss: 0.62751
[  1,   451] loss: 0.69127
[  1,   501] loss: 0.66041
[  1,   551] loss: 0.65690
[  1,   601] loss: 0.70112
[  1,   651] loss: 0.71822
[  1,   701] loss: 0.68904
[  1,   751] loss: 0.70839
[  1,   801] loss: 0.69425
[  1,   851] loss: 0.70292
[  1,   901] loss: 0.74189
[  1,   951] loss: 0.67094
[  1,  1001] loss: 0.71458
[  1,  1051] loss: 0.72083
[  1,  1101] loss: 0.72502
[  1,  1151] loss: 0.69536
[  1,  1201] loss: 0.70332
[  1,  1251] loss: 0.67443
[  1,  1301] loss: 0.69925
[  1,  1351] loss: 0.69234
[  1,  1401] loss: 0.71522
[  1,  1451] loss: 0.67155
[  1,  1501] loss: 0.68803
[  1,  1551] loss: 0.75107
[  1,  1601] loss: 0.69820
[  1,  1651] loss: 0.71335
[  1,  1701] loss: 0.68672
[  1,  1751] loss: 0.63031
[  1,  1801] loss: 0.73955
[  1,  1851] loss: 0.77360
[  1,  1901] loss: 0.72965
[  1,  1951] loss: 0.66316
[  1,  2001] loss: 0.79687
[  1,  2051] loss: 0.67499
[  1,  2101] loss: 0.81312
[  1,  2151] loss: 0.71140
[  1,  2201] loss: 0.67461
[  1,  2251] loss: 0.70730
[  1,  2301] loss: 0.85944
[  1,  2351] loss: 0.75632
[  1,  2401] loss: 0.63125
[  1,  2451] loss: 0.61452
[  1,  2501] loss: 0.58966
[  1,  2551] loss: 0.67135
[  1,  2601] loss: 0.71874
[  1,  2651] loss: 0.81703
[  1,  2701] loss: 0.69215
[  1,  2751] loss: 0.64838
[  1,  2801] loss: 0.80137
[  1,  2851] loss: 0.95353
[  1,  2901] loss: 0.78906
[  1,  2951] loss: 0.74698
[  1,  3001] loss: 0.70831
[  1,  3051] loss: 0.68564
[  1,  3101] loss: 0.93840
[  1,  3151] loss: 0.83123
[  1,  3201] loss: 0.84856
[  1,  3251] loss: 0.67684
[  1,  3301] loss: 0.62392
[  1,  3351] loss: 0.76348
[  1,  3401] loss: 0.80888
[  1,  3451] loss: 0.72290
[  1,  3501] loss: 0.66242
[  1,  3551] loss: 0.68855
[  1,  3601] loss: 0.75908
[  1,  3651] loss: 0.63839
[  1,  3701] loss: 0.80411
[  1,  3751] loss: 0.64480
[  1,  3801] loss: 0.62450
[  1,  3851] loss: 0.72737
[  1,  3901] loss: 0.81526
[  1,  3951] loss: 0.71112
[  1,  4001] loss: 0.68227
[  1,  4051] loss: 0.65357
[  1,  4101] loss: 0.55623
[  1,  4151] loss: 0.66383
[  1,  4201] loss: 0.69509
[  1,  4251] loss: 0.67230
[  1,  4301] loss: 0.65456
[  1,  4351] loss: 0.67231
[  1,  4401] loss: 0.72823
[  1,  4451] loss: 0.60856
[  1,  4501] loss: 0.65153
[  1,  4551] loss: 0.70608
[  1,  4601] loss: 0.68727
[  1,  4651] loss: 0.66910
[  1,  4701] loss: 0.72867
[  1,  4751] loss: 0.68719
[  1,  4801] loss: 0.60440
[  1,  4851] loss: 0.68944
[  1,  4901] loss: 0.74553
[  1,  4951] loss: 0.69520
[  1,  5001] loss: 0.71583
[  1,  5051] loss: 0.73972
[  1,  5101] loss: 0.63636
[  1,  5151] loss: 0.63161
[  1,  5201] loss: 0.67914
[  1,  5251] loss: 0.70946
[  1,  5301] loss: 0.62646
[  1,  5351] loss: 0.60120
[  1,  5401] loss: 0.59096
[  1,  5451] loss: 0.66698
[  1,  5501] loss: 0.60049
[  1,  5551] loss: 0.70603
[  1,  5601] loss: 0.61591
[  1,  5651] loss: 0.69731
[  1,  5701] loss: 0.75622
[  1,  5751] loss: 0.64415
[  1,  5801] loss: 0.70743
[  1,  5851] loss: 0.65818
[  1,  5901] loss: 0.75942
[  1,  5951] loss: 0.75861
[  1,  6001] loss: 0.67110
[  1,  6051] loss: 0.64628
[  1,  6101] loss: 0.65101
[  1,  6151] loss: 0.70934
[  1,  6201] loss: 0.75353
[  1,  6251] loss: 0.72114
[  1,  6301] loss: 0.57291
[  1,  6351] loss: 0.67419
[  1,  6401] loss: 0.63127
[  1,  6451] loss: 0.58745
[  1,  6501] loss: 0.65160
[  1,  6551] loss: 0.62572
[  1,  6601] loss: 0.65206
[  1,  6651] loss: 0.66462
[  1,  6701] loss: 0.65898
[  1,  6751] loss: 0.59439
[  1,  6801] loss: 0.70618
[  1,  6851] loss: 0.64133
[  1,  6901] loss: 0.76837
[  1,  6951] loss: 0.63645
[  1,  7001] loss: 0.55278
[  1,  7051] loss: 0.61670
[  1,  7101] loss: 0.69529
[  1,  7151] loss: 0.68305
[  1,  7201] loss: 0.59849
[  1,  7251] loss: 0.68429
[  1,  7301] loss: 0.66798
[  1,  7351] loss: 0.64560
[  1,  7401] loss: 0.61437
[  1,  7451] loss: 0.71954
[  1,  7501] loss: 0.59547
[  1,  7551] loss: 0.67092
[  1,  7601] loss: 0.62051
[  1,  7651] loss: 0.57590
[  1,  7701] loss: 0.65107
[  1,  7751] loss: 0.68746
[  1,  7801] loss: 0.68857
[  1,  7851] loss: 0.63696
[  1,  7901] loss: 0.75700
[  1,  7951] loss: 0.70512
[  1,  8001] loss: 0.63351
[  1,  8051] loss: 0.58160
[  1,  8101] loss: 0.70672
[  1,  8151] loss: 0.72284
[  1,  8201] loss: 0.69205
[  1,  8251] loss: 0.62869
[  1,  8301] loss: 0.65162
[  1,  8351] loss: 0.58284
[  1,  8401] loss: 0.59011
[  1,  8451] loss: 0.64612
[  1,  8501] loss: 0.71386
[  1,  8551] loss: 0.72346
[  1,  8601] loss: 0.64464
[  1,  8651] loss: 0.61792
[  1,  8701] loss: 0.63149
[  1,  8751] loss: 0.71160
[  1,  8801] loss: 0.59913
[  1,  8851] loss: 0.70538
[  1,  8901] loss: 0.62975
[  1,  8951] loss: 0.78587
[  1,  9001] loss: 0.68197
[  1,  9051] loss: 0.65511
[  1,  9101] loss: 0.66512
[  1,  9151] loss: 0.73124
[  1,  9201] loss: 0.79542
[  1,  9251] loss: 0.78338
[  1,  9301] loss: 0.71259
[  1,  9351] loss: 0.74005
[  1,  9401] loss: 0.68703
[  1,  9451] loss: 0.47596
[  1,  9501] loss: 0.74483
[  1,  9551] loss: 0.64888
[  1,  9601] loss: 0.61076
[  1,  9651] loss: 0.66421
[  1,  9701] loss: 0.67715
[  1,  9751] loss: 0.67755
[  1,  9801] loss: 0.77777
[  1,  9851] loss: 0.67599
[  1,  9901] loss: 0.81783
[  1,  9951] loss: 0.69920
[  1, 10001] loss: 0.69407
[  1, 10051] loss: 0.65924
[  1, 10101] loss: 0.88412
[  1, 10151] loss: 0.73259
[  1, 10201] loss: 0.66463
[  1, 10251] loss: 0.63472
[  1, 10301] loss: 0.72509
[  1, 10351] loss: 0.69869
[  1, 10401] loss: 0.84819
[  1, 10451] loss: 0.70687
[  1, 10501] loss: 0.59677
[  1, 10551] loss: 0.81245
[  1, 10601] loss: 0.87515
[  1, 10651] loss: 0.71030
[  1, 10701] loss: 0.70559
[  1, 10751] loss: 0.63083
[  1, 10801] loss: 0.78705
[  1, 10851] loss: 0.75961
[  1, 10901] loss: 0.71789
[  1, 10951] loss: 0.59877
[  1, 11001] loss: 0.57516
[  1, 11051] loss: 0.64812
[  1, 11101] loss: 0.83142
[  1, 11151] loss: 0.72848
[  1, 11201] loss: 0.75570
[  1, 11251] loss: 0.64878
[  1, 11301] loss: 0.69766
[  1, 11351] loss: 0.93752
[  1, 11401] loss: 0.64352
[  1, 11451] loss: 0.58430
[  1, 11501] loss: 0.69124
[  1, 11551] loss: 0.64178
[  1, 11601] loss: 0.58274
[  1, 11651] loss: 0.60344
[  1, 11701] loss: 0.69927
[  1, 11751] loss: 0.65049
[  1, 11801] loss: 0.68219
[  1, 11851] loss: 0.71648
[  1, 11901] loss: 0.69735
[  1, 11951] loss: 0.66994
[  1, 12001] loss: 0.72955
[  1, 12051] loss: 0.67075
[  1, 12101] loss: 0.62805
[  1, 12151] loss: 0.62151
[  1, 12201] loss: 0.74369
[  1, 12251] loss: 0.67164
[  1, 12301] loss: 0.69357
[  1, 12351] loss: 0.61065
[  1, 12401] loss: 0.64976
[  1, 12451] loss: 0.66284
[  1, 12501] loss: 0.56171
[  1, 12551] loss: 0.68240
[  1, 12601] loss: 0.55666
[  1, 12651] loss: 0.66376
[  1, 12701] loss: 0.55984
[  1, 12751] loss: 0.62728
[  1, 12801] loss: 0.58905
[  1, 12851] loss: 0.70364
[  1, 12901] loss: 0.65706
[  1, 12951] loss: 0.68609
[  1, 13001] loss: 0.63368
[  1, 13051] loss: 0.68469
[  1, 13101] loss: 0.67879
[  1, 13151] loss: 0.61135
[  1, 13201] loss: 0.71398
[  1, 13251] loss: 0.62224
[  1, 13301] loss: 0.69849
[  1, 13351] loss: 0.71753
[  1, 13401] loss: 0.60538
[  1, 13451] loss: 0.64833
[  1, 13501] loss: 0.64639
[  1, 13551] loss: 0.62973
[  1, 13601] loss: 0.75770
[  1, 13651] loss: 0.63171
[  1, 13701] loss: 0.63517
[  1, 13751] loss: 0.64481
[  1, 13801] loss: 0.65990
[  1, 13851] loss: 0.68811
[  1, 13901] loss: 0.59799
[  1, 13951] loss: 0.57367
[  1, 14001] loss: 0.58552
[  1, 14051] loss: 0.66848
[  1, 14101] loss: 0.63068
[  1, 14151] loss: 0.52918
[  1, 14201] loss: 0.60650
[  1, 14251] loss: 0.68822
[  1, 14301] loss: 0.65145
[  1, 14351] loss: 0.67262
[  1, 14401] loss: 0.73124
[  1, 14451] loss: 0.75297
[  1, 14501] loss: 0.76836
[  1, 14551] loss: 0.73682
[  1, 14601] loss: 0.61447
[  1, 14651] loss: 0.76629
[  1, 14701] loss: 0.64395
[  1, 14751] loss: 0.64437
[  1, 14801] loss: 0.67000
[  1, 14851] loss: 0.68648
[  1, 14901] loss: 0.84102
[  1, 14951] loss: 0.54350
[  1, 15001] loss: 0.65573
[  1, 15051] loss: 0.69187
[  1, 15101] loss: 0.62291
[  1, 15151] loss: 0.60867
[  1, 15201] loss: 0.61454
[  1, 15251] loss: 0.67663
[  1, 15301] loss: 0.56428
[  1, 15351] loss: 0.57783
[  1, 15401] loss: 0.68616
[  1, 15451] loss: 0.74856
[  1, 15501] loss: 0.57389
[  1, 15551] loss: 0.73727
[  1, 15601] loss: 0.63741
[  1, 15651] loss: 0.64184
[  1, 15701] loss: 0.78184
[  1, 15751] loss: 0.84515
[  1, 15801] loss: 0.65495
[  1, 15851] loss: 0.53796
[  1, 15901] loss: 0.61968
[  1, 15951] loss: 0.63599
[  1, 16001] loss: 0.67138
[  1, 16051] loss: 0.62915
[  1, 16101] loss: 0.66373
[  1, 16151] loss: 0.65869
[  1, 16201] loss: 0.59045
[  1, 16251] loss: 0.68638
[  1, 16301] loss: 0.65090
[  1, 16351] loss: 0.55042
[  1, 16401] loss: 0.72854
[  1, 16451] loss: 0.70670
[  1, 16501] loss: 0.73486
[  1, 16551] loss: 0.67924
[  1, 16601] loss: 0.59451
[  1, 16651] loss: 0.64098
[  1, 16701] loss: 0.62293
[  1, 16751] loss: 0.53590
[  1, 16801] loss: 0.65697
[  1, 16851] loss: 0.74520
[  1, 16901] loss: 0.64062
[  1, 16951] loss: 0.71019
[  1, 17001] loss: 0.58389
[  1, 17051] loss: 0.56917
[  1, 17101] loss: 0.60958
[  1, 17151] loss: 0.55784
[  1, 17201] loss: 0.67379
[  1, 17251] loss: 0.63356
[  1, 17301] loss: 0.61470
[  1, 17351] loss: 0.62478
[  1, 17401] loss: 0.67533
[  1, 17451] loss: 0.60452
[  1, 17501] loss: 0.57407
[  1, 17551] loss: 0.52096
[  1, 17601] loss: 0.75425
[  1, 17651] loss: 0.61279
[  1, 17701] loss: 0.63188
[  1, 17751] loss: 0.63941
[  1, 17801] loss: 0.65018
[  1, 17851] loss: 0.57057
[  1, 17901] loss: 0.76807
[  1, 17951] loss: 0.63006
[  1, 18001] loss: 0.55654
[  1, 18051] loss: 0.61010
[  1, 18101] loss: 0.69642
[  1, 18151] loss: 0.78158
[  1, 18201] loss: 0.56249
[  1, 18251] loss: 0.66796
[  1, 18301] loss: 0.67658
[  1, 18351] loss: 0.80590
[  1, 18401] loss: 0.68910
[  1, 18451] loss: 0.58147
[  1, 18501] loss: 0.61215
[  1, 18551] loss: 0.82549
[  1, 18601] loss: 0.55443
[  1, 18651] loss: 0.60631
[  1, 18701] loss: 0.68854
[  1, 18751] loss: 0.70179
[  1, 18801] loss: 0.56777
[  1, 18851] loss: 0.67538
[  1, 18901] loss: 0.68778
[  1, 18951] loss: 0.62326
[  1, 19001] loss: 0.83209
[  1, 19051] loss: 0.53934
[  1, 19101] loss: 0.66255
[  1, 19151] loss: 0.70324
[  1, 19201] loss: 0.73195
[  1, 19251] loss: 0.63505
[  1, 19301] loss: 0.60814
[  1, 19351] loss: 0.58090
[  1, 19401] loss: 0.54258
[  1, 19451] loss: 0.61313
[  1, 19501] loss: 0.66346
[  1, 19551] loss: 0.68011
[  1, 19601] loss: 0.62560
[  1, 19651] loss: 0.72900
[  1, 19701] loss: 0.58413
[  1, 19751] loss: 0.61847
[  1, 19801] loss: 0.60841
[  1, 19851] loss: 0.76061
[  1, 19901] loss: 0.71946
[  1, 19951] loss: 0.61470
[  1, 20001] loss: 0.63640
[  1, 20051] loss: 0.63035
[  1, 20101] loss: 0.62868
[  1, 20151] loss: 0.76216
[  1, 20201] loss: 0.72056
[  1, 20251] loss: 0.69202
[  1, 20301] loss: 0.72807
[  1, 20351] loss: 0.60268
[  1, 20401] loss: 0.52988
[  1, 20451] loss: 0.57951
[  1, 20501] loss: 0.67618
[  1, 20551] loss: 0.71876
[  1, 20601] loss: 0.64316
[  1, 20651] loss: 0.72662
[  1, 20701] loss: 0.56851
[  1, 20751] loss: 0.72172
[  1, 20801] loss: 0.55679
[  1, 20851] loss: 0.60797
[  1, 20901] loss: 0.71093
[  1, 20951] loss: 0.71042
[  1, 21001] loss: 0.66375
[  1, 21051] loss: 0.75435
[  1, 21101] loss: 0.61560
[  1, 21151] loss: 0.64294
[  1, 21201] loss: 0.63210
[  1, 21251] loss: 0.63331
[  1, 21301] loss: 0.70471
[  1, 21351] loss: 0.69155
[  1, 21401] loss: 0.68390
[  1, 21451] loss: 0.81487
[  1, 21501] loss: 0.82011
[  1, 21551] loss: 0.70129
[  1, 21601] loss: 0.76595
[  1, 21651] loss: 0.72732
[  1, 21701] loss: 0.70572
[  1, 21751] loss: 0.65758
[  1, 21801] loss: 0.63185
[  1, 21851] loss: 0.65454
[  1, 21901] loss: 0.64987
[  1, 21951] loss: 0.63488
[  1, 22001] loss: 0.57063
[  1, 22051] loss: 0.68081
[  1, 22101] loss: 0.76106
[  1, 22151] loss: 0.73794
[  1, 22201] loss: 0.65662
[  1, 22251] loss: 0.59887
[  1, 22301] loss: 0.55517
[  1, 22351] loss: 0.56808
[  1, 22401] loss: 0.66863
[  1, 22451] loss: 0.57345
[  1, 22501] loss: 0.78429
[  1, 22551] loss: 0.67123
[  1, 22601] loss: 0.70315
[  1, 22651] loss: 0.54550
[  1, 22701] loss: 0.61509
[  1, 22751] loss: 0.70046
[  1, 22801] loss: 0.54932
[  1, 22851] loss: 0.58819
[  1, 22901] loss: 0.60295
[  1, 22951] loss: 0.77566
[  1, 23001] loss: 0.54357
[  1, 23051] loss: 0.64478
[  1, 23101] loss: 0.65204
[  1, 23151] loss: 0.73912
[  1, 23201] loss: 0.65882
[  1, 23251] loss: 0.61735
[  1, 23301] loss: 0.65234
[  1, 23351] loss: 0.70165
[  1, 23401] loss: 0.62793
[  1, 23451] loss: 0.73802
[  1, 23501] loss: 0.74192
[  1, 23551] loss: 0.66143
[  1, 23601] loss: 0.73273
[  1, 23651] loss: 0.59698
[  1, 23701] loss: 0.63627
[  1, 23751] loss: 0.63130
[  1, 23801] loss: 0.70081
[  1, 23851] loss: 0.55845
[  1, 23901] loss: 0.65874
[  1, 23951] loss: 0.64868
[  1, 24001] loss: 0.63900
[  1, 24051] loss: 0.57590
[  1, 24101] loss: 0.59791
[  1, 24151] loss: 0.59335
[  1, 24201] loss: 0.63741
[  1, 24251] loss: 0.64615
[  1, 24301] loss: 0.71426
[  1, 24351] loss: 0.63265
[  1, 24401] loss: 0.75244
[  1, 24451] loss: 0.54831
[  1, 24501] loss: 0.66457
[  1, 24551] loss: 0.64525
[  1, 24601] loss: 0.70960
[  1, 24651] loss: 0.74246
[  1, 24701] loss: 0.61695
[  1, 24751] loss: 0.80344
[  1, 24801] loss: 0.70102
[  1, 24851] loss: 0.56240
[  1, 24901] loss: 0.70920
[  1, 24951] loss: 0.68400
[  2,     1] loss: 0.48356
[  2,    51] loss: 0.47637
[  2,   101] loss: 0.51604
[  2,   151] loss: 0.53629
[  2,   201] loss: 0.60440
[  2,   251] loss: 0.62273
[  2,   301] loss: 0.61406
[  2,   351] loss: 0.49062
[  2,   401] loss: 0.52639
[  2,   451] loss: 0.63245
[  2,   501] loss: 0.73254
[  2,   551] loss: 0.53793
[  2,   601] loss: 0.56301
[  2,   651] loss: 0.68734
[  2,   701] loss: 0.63404
[  2,   751] loss: 0.70921
[  2,   801] loss: 0.50080
[  2,   851] loss: 0.58084
[  2,   901] loss: 0.78117
[  2,   951] loss: 0.55524
[  2,  1001] loss: 0.63535
[  2,  1051] loss: 0.61257
[  2,  1101] loss: 0.58701
[  2,  1151] loss: 0.65121
[  2,  1201] loss: 0.59308
[  2,  1251] loss: 0.58753
[  2,  1301] loss: 0.50598
[  2,  1351] loss: 0.56872
[  2,  1401] loss: 0.57243
[  2,  1451] loss: 0.51565
[  2,  1501] loss: 0.59460
[  2,  1551] loss: 0.63535
[  2,  1601] loss: 0.44986
[  2,  1651] loss: 0.59284
[  2,  1701] loss: 0.64745
[  2,  1751] loss: 0.44959
[  2,  1801] loss: 0.51491
[  2,  1851] loss: 0.50385
[  2,  1901] loss: 0.55023
[  2,  1951] loss: 0.55442
[  2,  2001] loss: 0.62655
[  2,  2051] loss: 0.56229
[  2,  2101] loss: 0.57246
[  2,  2151] loss: 0.57155
[  2,  2201] loss: 0.58112
[  2,  2251] loss: 0.57731
[  2,  2301] loss: 0.69486
[  2,  2351] loss: 0.61362
[  2,  2401] loss: 0.49140
[  2,  2451] loss: 0.51379
[  2,  2501] loss: 0.49543
[  2,  2551] loss: 0.46913
[  2,  2601] loss: 0.56191
[  2,  2651] loss: 0.50889
[  2,  2701] loss: 0.45317
[  2,  2751] loss: 0.51169
[  2,  2801] loss: 0.64393
[  2,  2851] loss: 0.68957
[  2,  2901] loss: 0.55386
[  2,  2951] loss: 0.47409
[  2,  3001] loss: 0.62583
[  2,  3051] loss: 0.58920
[  2,  3101] loss: 0.64363
[  2,  3151] loss: 0.54901
[  2,  3201] loss: 0.52024
[  2,  3251] loss: 0.67880
[  2,  3301] loss: 0.51309
[  2,  3351] loss: 0.50674
[  2,  3401] loss: 0.55918
[  2,  3451] loss: 0.49375
[  2,  3501] loss: 0.69157
[  2,  3551] loss: 0.52112
[  2,  3601] loss: 0.57345
[  2,  3651] loss: 0.66651
[  2,  3701] loss: 0.45868
[  2,  3751] loss: 0.45378
[  2,  3801] loss: 0.47659
[  2,  3851] loss: 0.52677
[  2,  3901] loss: 0.56030
[  2,  3951] loss: 0.57672
[  2,  4001] loss: 0.51605
[  2,  4051] loss: 0.54124
[  2,  4101] loss: 0.48352
[  2,  4151] loss: 0.49774
[  2,  4201] loss: 0.53832
[  2,  4251] loss: 0.50698
[  2,  4301] loss: 0.50722
[  2,  4351] loss: 0.51258
[  2,  4401] loss: 0.58057
[  2,  4451] loss: 0.52912
[  2,  4501] loss: 0.53153
[  2,  4551] loss: 0.55643
[  2,  4601] loss: 0.61412
[  2,  4651] loss: 0.56260
[  2,  4701] loss: 0.56296
[  2,  4751] loss: 0.47531
[  2,  4801] loss: 0.43161
[  2,  4851] loss: 0.47648
[  2,  4901] loss: 0.51980
[  2,  4951] loss: 0.55628
[  2,  5001] loss: 0.49521
[  2,  5051] loss: 0.53018
[  2,  5101] loss: 0.51581
[  2,  5151] loss: 0.46514
[  2,  5201] loss: 0.51107
[  2,  5251] loss: 0.60018
[  2,  5301] loss: 0.49175
[  2,  5351] loss: 0.43399
[  2,  5401] loss: 0.43225
[  2,  5451] loss: 0.54337
[  2,  5501] loss: 0.45965
[  2,  5551] loss: 0.50007
[  2,  5601] loss: 0.48068
[  2,  5651] loss: 0.53003
[  2,  5701] loss: 0.55766
[  2,  5751] loss: 0.46487
[  2,  5801] loss: 0.49575
[  2,  5851] loss: 0.53527
[  2,  5901] loss: 0.52465
[  2,  5951] loss: 0.51763
[  2,  6001] loss: 0.46833
[  2,  6051] loss: 0.44443
[  2,  6101] loss: 0.44852
[  2,  6151] loss: 0.49575
[  2,  6201] loss: 0.45631
[  2,  6251] loss: 0.51152
[  2,  6301] loss: 0.46673
[  2,  6351] loss: 0.46916
[  2,  6401] loss: 0.46686
[  2,  6451] loss: 0.40144
[  2,  6501] loss: 0.43938
[  2,  6551] loss: 0.51624
[  2,  6601] loss: 0.49188
[  2,  6651] loss: 0.48611
[  2,  6701] loss: 0.53206
[  2,  6751] loss: 0.47777
[  2,  6801] loss: 0.53901
[  2,  6851] loss: 0.45429
[  2,  6901] loss: 0.63035
[  2,  6951] loss: 0.47703
[  2,  7001] loss: 0.39892
[  2,  7051] loss: 0.39502
[  2,  7101] loss: 0.57385
[  2,  7151] loss: 0.51665
[  2,  7201] loss: 0.43690
[  2,  7251] loss: 0.56112
[  2,  7301] loss: 0.45162
[  2,  7351] loss: 0.44614
[  2,  7401] loss: 0.41960
[  2,  7451] loss: 0.53375
[  2,  7501] loss: 0.41882
[  2,  7551] loss: 0.47840
[  2,  7601] loss: 0.43562
[  2,  7651] loss: 0.40088
[  2,  7701] loss: 0.49234
[  2,  7751] loss: 0.47977
[  2,  7801] loss: 0.46769
[  2,  7851] loss: 0.44109
[  2,  7901] loss: 0.47777
[  2,  7951] loss: 0.46183
[  2,  8001] loss: 0.46205
[  2,  8051] loss: 0.44181
[  2,  8101] loss: 0.46207
[  2,  8151] loss: 0.49017
[  2,  8201] loss: 0.48597
[  2,  8251] loss: 0.40815
[  2,  8301] loss: 0.41895
[  2,  8351] loss: 0.48768
[  2,  8401] loss: 0.39522
[  2,  8451] loss: 0.42132
[  2,  8501] loss: 0.46996
[  2,  8551] loss: 0.48088
[  2,  8601] loss: 0.39060
[  2,  8651] loss: 0.47276
[  2,  8701] loss: 0.46725
[  2,  8751] loss: 0.49844
[  2,  8801] loss: 0.35501
[  2,  8851] loss: 0.45970
[  2,  8901] loss: 0.45537
[  2,  8951] loss: 0.57621
[  2,  9001] loss: 0.45065
[  2,  9051] loss: 0.46932
[  2,  9101] loss: 0.46118
[  2,  9151] loss: 0.50371
[  2,  9201] loss: 0.49399
[  2,  9251] loss: 0.46520
[  2,  9301] loss: 0.44415
[  2,  9351] loss: 0.51945
[  2,  9401] loss: 0.39717
[  2,  9451] loss: 0.35174
[  2,  9501] loss: 0.45153
[  2,  9551] loss: 0.43257
[  2,  9601] loss: 0.40837
[  2,  9651] loss: 0.45277
[  2,  9701] loss: 0.33519
[  2,  9751] loss: 0.39859
[  2,  9801] loss: 0.50767
[  2,  9851] loss: 0.39588
[  2,  9901] loss: 0.46293
[  2,  9951] loss: 0.54050
[  2, 10001] loss: 0.46137
[  2, 10051] loss: 0.36702
[  2, 10101] loss: 0.42845
[  2, 10151] loss: 0.47424
[  2, 10201] loss: 0.40166
[  2, 10251] loss: 0.44798
[  2, 10301] loss: 0.44542
[  2, 10351] loss: 0.38101
[  2, 10401] loss: 0.49119
[  2, 10451] loss: 0.38813
[  2, 10501] loss: 0.33350
[  2, 10551] loss: 0.47874
[  2, 10601] loss: 0.48633
[  2, 10651] loss: 0.43304
[  2, 10701] loss: 0.42130
[  2, 10751] loss: 0.43581
[  2, 10801] loss: 0.46899
[  2, 10851] loss: 0.36996
[  2, 10901] loss: 0.39569
[  2, 10951] loss: 0.36545
[  2, 11001] loss: 0.35885
[  2, 11051] loss: 0.38733
[  2, 11101] loss: 0.42290
[  2, 11151] loss: 0.46280
[  2, 11201] loss: 0.47907
[  2, 11251] loss: 0.36144
[  2, 11301] loss: 0.36673
[  2, 11351] loss: 0.46149
[  2, 11401] loss: 0.32124
[  2, 11451] loss: 0.31953
[  2, 11501] loss: 0.36342
[  2, 11551] loss: 0.37417
[  2, 11601] loss: 0.35509
[  2, 11651] loss: 0.29800
[  2, 11701] loss: 0.47823
[  2, 11751] loss: 0.40498
[  2, 11801] loss: 0.38931
[  2, 11851] loss: 0.40125
[  2, 11901] loss: 0.43172
[  2, 11951] loss: 0.36248
[  2, 12001] loss: 0.45174
[  2, 12051] loss: 0.38080
[  2, 12101] loss: 0.40071
[  2, 12151] loss: 0.33809
[  2, 12201] loss: 0.42958
[  2, 12251] loss: 0.44616
[  2, 12301] loss: 0.40291
[  2, 12351] loss: 0.35662
[  2, 12401] loss: 0.40404
[  2, 12451] loss: 0.42992
[  2, 12501] loss: 0.35624
[  2, 12551] loss: 0.36562
[  2, 12601] loss: 0.32718
[  2, 12651] loss: 0.31223
[  2, 12701] loss: 0.30519
[  2, 12751] loss: 0.35844
[  2, 12801] loss: 0.32457
[  2, 12851] loss: 0.39747
[  2, 12901] loss: 0.42555
[  2, 12951] loss: 0.39538
[  2, 13001] loss: 0.36600
[  2, 13051] loss: 0.39755
[  2, 13101] loss: 0.37143
[  2, 13151] loss: 0.35159
[  2, 13201] loss: 0.40292
[  2, 13251] loss: 0.36048
[  2, 13301] loss: 0.48011
[  2, 13351] loss: 0.45956
[  2, 13401] loss: 0.38554
[  2, 13451] loss: 0.37132
[  2, 13501] loss: 0.38754
[  2, 13551] loss: 0.33008
[  2, 13601] loss: 0.38273
[  2, 13651] loss: 0.32887
[  2, 13701] loss: 0.38309
[  2, 13751] loss: 0.32757
[  2, 13801] loss: 0.35885
[  2, 13851] loss: 0.41097
[  2, 13901] loss: 0.29732
[  2, 13951] loss: 0.27722
[  2, 14001] loss: 0.32320
[  2, 14051] loss: 0.33731
[  2, 14101] loss: 0.31813
[  2, 14151] loss: 0.26278
[  2, 14201] loss: 0.37515
[  2, 14251] loss: 0.38305
[  2, 14301] loss: 0.37273
[  2, 14351] loss: 0.36386
[  2, 14401] loss: 0.36479
[  2, 14451] loss: 0.42407
[  2, 14501] loss: 0.43391
[  2, 14551] loss: 0.40794
[  2, 14601] loss: 0.35653
[  2, 14651] loss: 0.40493
[  2, 14701] loss: 0.32945
[  2, 14751] loss: 0.39214
[  2, 14801] loss: 0.35001
[  2, 14851] loss: 0.37243
[  2, 14901] loss: 0.42506
[  2, 14951] loss: 0.30047
[  2, 15001] loss: 0.38545
[  2, 15051] loss: 0.28681
[  2, 15101] loss: 0.32916
[  2, 15151] loss: 0.42816
[  2, 15201] loss: 0.32008
[  2, 15251] loss: 0.44265
[  2, 15301] loss: 0.30290
[  2, 15351] loss: 0.33252
[  2, 15401] loss: 0.31319
[  2, 15451] loss: 0.47975
[  2, 15501] loss: 0.32398
[  2, 15551] loss: 0.45767
[  2, 15601] loss: 0.36033
[  2, 15651] loss: 0.42409
[  2, 15701] loss: 0.44887
[  2, 15751] loss: 0.44380
[  2, 15801] loss: 0.37264
[  2, 15851] loss: 0.27526
[  2, 15901] loss: 0.35559
[  2, 15951] loss: 0.33121
[  2, 16001] loss: 0.38077
[  2, 16051] loss: 0.29959
[  2, 16101] loss: 0.30298
[  2, 16151] loss: 0.36775
[  2, 16201] loss: 0.30222
[  2, 16251] loss: 0.36286
[  2, 16301] loss: 0.35170
[  2, 16351] loss: 0.28703
[  2, 16401] loss: 0.32631
[  2, 16451] loss: 0.35576
[  2, 16501] loss: 0.37747
[  2, 16551] loss: 0.38307
[  2, 16601] loss: 0.27727
[  2, 16651] loss: 0.36506
[  2, 16701] loss: 0.33996
[  2, 16751] loss: 0.24873
[  2, 16801] loss: 0.37341
[  2, 16851] loss: 0.35956
[  2, 16901] loss: 0.25294
[  2, 16951] loss: 0.38399
[  2, 17001] loss: 0.31865
[  2, 17051] loss: 0.29200
[  2, 17101] loss: 0.34096
[  2, 17151] loss: 0.25163
[  2, 17201] loss: 0.39875
[  2, 17251] loss: 0.37796
[  2, 17301] loss: 0.31687
[  2, 17351] loss: 0.35088
[  2, 17401] loss: 0.35599
[  2, 17451] loss: 0.31956
[  2, 17501] loss: 0.30190
[  2, 17551] loss: 0.30676
[  2, 17601] loss: 0.46538
[  2, 17651] loss: 0.27226
[  2, 17701] loss: 0.30442
[  2, 17751] loss: 0.32506
[  2, 17801] loss: 0.36720
[  2, 17851] loss: 0.27533
[  2, 17901] loss: 0.41575
[  2, 17951] loss: 0.30859
[  2, 18001] loss: 0.27198
[  2, 18051] loss: 0.32671
[  2, 18101] loss: 0.27487
[  2, 18151] loss: 0.37334
[  2, 18201] loss: 0.29741
[  2, 18251] loss: 0.39281
[  2, 18301] loss: 0.33860
[  2, 18351] loss: 0.43913
[  2, 18401] loss: 0.34076
[  2, 18451] loss: 0.27652
[  2, 18501] loss: 0.30373
[  2, 18551] loss: 0.41301
[  2, 18601] loss: 0.24893
[  2, 18651] loss: 0.28450
[  2, 18701] loss: 0.32913
[  2, 18751] loss: 0.37159
[  2, 18801] loss: 0.26769
[  2, 18851] loss: 0.28287
[  2, 18901] loss: 0.28806
[  2, 18951] loss: 0.29242
[  2, 19001] loss: 0.44855
[  2, 19051] loss: 0.29116
[  2, 19101] loss: 0.34874
[  2, 19151] loss: 0.40322
[  2, 19201] loss: 0.34216
[  2, 19251] loss: 0.34682
[  2, 19301] loss: 0.30121
[  2, 19351] loss: 0.36135
[  2, 19401] loss: 0.24162
[  2, 19451] loss: 0.31075
[  2, 19501] loss: 0.32977
[  2, 19551] loss: 0.46379
[  2, 19601] loss: 0.32331
[  2, 19651] loss: 0.36869
[  2, 19701] loss: 0.31193
[  2, 19751] loss: 0.29207
[  2, 19801] loss: 0.32144
[  2, 19851] loss: 0.38724
[  2, 19901] loss: 0.34034
[  2, 19951] loss: 0.30460
[  2, 20001] loss: 0.38260
[  2, 20051] loss: 0.37778
[  2, 20101] loss: 0.28440
[  2, 20151] loss: 0.37070
[  2, 20201] loss: 0.38117
[  2, 20251] loss: 0.32494
[  2, 20301] loss: 0.40367
[  2, 20351] loss: 0.31767
[  2, 20401] loss: 0.29102
[  2, 20451] loss: 0.25234
[  2, 20501] loss: 0.32392
[  2, 20551] loss: 0.46401
[  2, 20601] loss: 0.34112
[  2, 20651] loss: 0.40381
[  2, 20701] loss: 0.27754
[  2, 20751] loss: 0.34922
[  2, 20801] loss: 0.26221
[  2, 20851] loss: 0.29207
[  2, 20901] loss: 0.34690
[  2, 20951] loss: 0.36284
[  2, 21001] loss: 0.30084
[  2, 21051] loss: 0.35059
[  2, 21101] loss: 0.26834
[  2, 21151] loss: 0.28396
[  2, 21201] loss: 0.35378
[  2, 21251] loss: 0.33963
[  2, 21301] loss: 0.34079
[  2, 21351] loss: 0.31051
[  2, 21401] loss: 0.29667
[  2, 21451] loss: 0.39642
[  2, 21501] loss: 0.38000
[  2, 21551] loss: 0.34982
[  2, 21601] loss: 0.36039
[  2, 21651] loss: 0.37165
[  2, 21701] loss: 0.28188
[  2, 21751] loss: 0.25286
[  2, 21801] loss: 0.28206
[  2, 21851] loss: 0.32013
[  2, 21901] loss: 0.32878
[  2, 21951] loss: 0.28879
[  2, 22001] loss: 0.21418
[  2, 22051] loss: 0.34638
[  2, 22101] loss: 0.37045
[  2, 22151] loss: 0.40782
[  2, 22201] loss: 0.30093
[  2, 22251] loss: 0.26294
[  2, 22301] loss: 0.27988
[  2, 22351] loss: 0.26370
[  2, 22401] loss: 0.38343
[  2, 22451] loss: 0.22671
[  2, 22501] loss: 0.39777
[  2, 22551] loss: 0.37112
[  2, 22601] loss: 0.25915
[  2, 22651] loss: 0.23986
[  2, 22701] loss: 0.29816
[  2, 22751] loss: 0.34226
[  2, 22801] loss: 0.29063
[  2, 22851] loss: 0.30945
[  2, 22901] loss: 0.26737
[  2, 22951] loss: 0.35377
[  2, 23001] loss: 0.27927
[  2, 23051] loss: 0.30795
[  2, 23101] loss: 0.27577
[  2, 23151] loss: 0.36260
[  2, 23201] loss: 0.32119
[  2, 23251] loss: 0.34152
[  2, 23301] loss: 0.29026
[  2, 23351] loss: 0.34015
[  2, 23401] loss: 0.32291
[  2, 23451] loss: 0.34319
[  2, 23501] loss: 0.39115
[  2, 23551] loss: 0.37554
[  2, 23601] loss: 0.34759
[  2, 23651] loss: 0.26080
[  2, 23701] loss: 0.32080
[  2, 23751] loss: 0.32841
[  2, 23801] loss: 0.30688
[  2, 23851] loss: 0.22373
[  2, 23901] loss: 0.33431
[  2, 23951] loss: 0.32632
[  2, 24001] loss: 0.33640
[  2, 24051] loss: 0.27985
[  2, 24101] loss: 0.24954
[  2, 24151] loss: 0.32231
[  2, 24201] loss: 0.34738
[  2, 24251] loss: 0.27538
[  2, 24301] loss: 0.29927
[  2, 24351] loss: 0.28108
[  2, 24401] loss: 0.32332
[  2, 24451] loss: 0.27485
[  2, 24501] loss: 0.29388
[  2, 24551] loss: 0.33720
[  2, 24601] loss: 0.30998
[  2, 24651] loss: 0.38647
[  2, 24701] loss: 0.27861
[  2, 24751] loss: 0.34106
[  2, 24801] loss: 0.36143
[  2, 24851] loss: 0.26852
[  2, 24901] loss: 0.32966
[  2, 24951] loss: 0.34804
[  3,     1] loss: 0.21477
[  3,    51] loss: 0.24018
[  3,   101] loss: 0.24421
[  3,   151] loss: 0.20472
[  3,   201] loss: 0.30844
[  3,   251] loss: 0.23121
[  3,   301] loss: 0.27625
[  3,   351] loss: 0.33092
[  3,   401] loss: 0.20260
[  3,   451] loss: 0.34946
[  3,   501] loss: 0.46811
[  3,   551] loss: 0.21883
[  3,   601] loss: 0.24934
[  3,   651] loss: 0.41403
[  3,   701] loss: 0.21574
[  3,   751] loss: 0.31247
[  3,   801] loss: 0.18227
[  3,   851] loss: 0.29665
[  3,   901] loss: 0.28770
[  3,   951] loss: 0.20708
[  3,  1001] loss: 0.30246
[  3,  1051] loss: 0.29306
[  3,  1101] loss: 0.20488
[  3,  1151] loss: 0.36515
[  3,  1201] loss: 0.23097
[  3,  1251] loss: 0.33616
[  3,  1301] loss: 0.23364
[  3,  1351] loss: 0.29015
[  3,  1401] loss: 0.26499
[  3,  1451] loss: 0.21316
[  3,  1501] loss: 0.21997
[  3,  1551] loss: 0.33560
[  3,  1601] loss: 0.22093
[  3,  1651] loss: 0.29834
[  3,  1701] loss: 0.28983
[  3,  1751] loss: 0.15329
[  3,  1801] loss: 0.21584
[  3,  1851] loss: 0.22288
[  3,  1901] loss: 0.22375
[  3,  1951] loss: 0.22594
[  3,  2001] loss: 0.26246
[  3,  2051] loss: 0.24023
[  3,  2101] loss: 0.21542
[  3,  2151] loss: 0.22077
[  3,  2201] loss: 0.27418
[  3,  2251] loss: 0.24982
[  3,  2301] loss: 0.33395
[  3,  2351] loss: 0.27376
[  3,  2401] loss: 0.20911
[  3,  2451] loss: 0.19930
[  3,  2501] loss: 0.26791
[  3,  2551] loss: 0.21819
[  3,  2601] loss: 0.30639
[  3,  2651] loss: 0.18803
[  3,  2701] loss: 0.16015
[  3,  2751] loss: 0.26039
[  3,  2801] loss: 0.23573
[  3,  2851] loss: 0.35609
[  3,  2901] loss: 0.23418
[  3,  2951] loss: 0.18682
[  3,  3001] loss: 0.29509
[  3,  3051] loss: 0.26108
[  3,  3101] loss: 0.24192
[  3,  3151] loss: 0.20999
[  3,  3201] loss: 0.17428
[  3,  3251] loss: 0.23828
[  3,  3301] loss: 0.27870
[  3,  3351] loss: 0.22812
[  3,  3401] loss: 0.31068
[  3,  3451] loss: 0.19787
[  3,  3501] loss: 0.35591
[  3,  3551] loss: 0.22961
[  3,  3601] loss: 0.20811
[  3,  3651] loss: 0.44091
[  3,  3701] loss: 0.17694
[  3,  3751] loss: 0.18111
[  3,  3801] loss: 0.23320
[  3,  3851] loss: 0.21898
[  3,  3901] loss: 0.21775
[  3,  3951] loss: 0.20683
[  3,  4001] loss: 0.20041
[  3,  4051] loss: 0.19893
[  3,  4101] loss: 0.17203
[  3,  4151] loss: 0.20601
[  3,  4201] loss: 0.26585
[  3,  4251] loss: 0.16563
[  3,  4301] loss: 0.20297
[  3,  4351] loss: 0.17657
[  3,  4401] loss: 0.19936
[  3,  4451] loss: 0.24227
[  3,  4501] loss: 0.25581
[  3,  4551] loss: 0.19442
[  3,  4601] loss: 0.21203
[  3,  4651] loss: 0.23897
[  3,  4701] loss: 0.18810
[  3,  4751] loss: 0.15409
[  3,  4801] loss: 0.16298
[  3,  4851] loss: 0.18172
[  3,  4901] loss: 0.21020
[  3,  4951] loss: 0.32091
[  3,  5001] loss: 0.17758
[  3,  5051] loss: 0.26468
[  3,  5101] loss: 0.24496
[  3,  5151] loss: 0.15366
[  3,  5201] loss: 0.24056
[  3,  5251] loss: 0.18898
[  3,  5301] loss: 0.19383
[  3,  5351] loss: 0.16517
[  3,  5401] loss: 0.15594
[  3,  5451] loss: 0.17766
[  3,  5501] loss: 0.16359
[  3,  5551] loss: 0.18830
[  3,  5601] loss: 0.16115
[  3,  5651] loss: 0.21630
[  3,  5701] loss: 0.18103
[  3,  5751] loss: 0.30438
[  3,  5801] loss: 0.22685
[  3,  5851] loss: 0.18387
[  3,  5901] loss: 0.20778
[  3,  5951] loss: 0.22923
[  3,  6001] loss: 0.12452
[  3,  6051] loss: 0.14046
[  3,  6101] loss: 0.13054
[  3,  6151] loss: 0.25925
[  3,  6201] loss: 0.21678
[  3,  6251] loss: 0.19278
[  3,  6301] loss: 0.19700
[  3,  6351] loss: 0.18096
[  3,  6401] loss: 0.19467
[  3,  6451] loss: 0.20540
[  3,  6501] loss: 0.15340
[  3,  6551] loss: 0.23573
[  3,  6601] loss: 0.21016
[  3,  6651] loss: 0.27777
[  3,  6701] loss: 0.32685
[  3,  6751] loss: 0.18283
[  3,  6801] loss: 0.20366
[  3,  6851] loss: 0.13822
[  3,  6901] loss: 0.20323
[  3,  6951] loss: 0.19061
[  3,  7001] loss: 0.10729
[  3,  7051] loss: 0.13795
[  3,  7101] loss: 0.19775
[  3,  7151] loss: 0.21500
[  3,  7201] loss: 0.15557
[  3,  7251] loss: 0.14655
[  3,  7301] loss: 0.16654
[  3,  7351] loss: 0.16537
[  3,  7401] loss: 0.15346
[  3,  7451] loss: 0.15540
[  3,  7501] loss: 0.15402
[  3,  7551] loss: 0.25943
[  3,  7601] loss: 0.15183
[  3,  7651] loss: 0.11052
[  3,  7701] loss: 0.15555
[  3,  7751] loss: 0.21042
[  3,  7801] loss: 0.20115
[  3,  7851] loss: 0.14864
[  3,  7901] loss: 0.20864
[  3,  7951] loss: 0.20323
[  3,  8001] loss: 0.22189
[  3,  8051] loss: 0.32172
[  3,  8101] loss: 0.16323
[  3,  8151] loss: 0.19763
[  3,  8201] loss: 0.29121
[  3,  8251] loss: 0.10911
[  3,  8301] loss: 0.23361
[  3,  8351] loss: 0.23328
[  3,  8401] loss: 0.14890
[  3,  8451] loss: 0.09428
[  3,  8501] loss: 0.20058
[  3,  8551] loss: 0.26683
[  3,  8601] loss: 0.18262
[  3,  8651] loss: 0.13316
[  3,  8701] loss: 0.14862
[  3,  8751] loss: 0.24880
[  3,  8801] loss: 0.11068
[  3,  8851] loss: 0.14053
[  3,  8901] loss: 0.10803
[  3,  8951] loss: 0.22799
[  3,  9001] loss: 0.22235
[  3,  9051] loss: 0.28144
[  3,  9101] loss: 0.15459
[  3,  9151] loss: 0.18897
[  3,  9201] loss: 0.42616
[  3,  9251] loss: 0.37532
[  3,  9301] loss: 0.14674
[  3,  9351] loss: 0.18805
[  3,  9401] loss: 0.26997
[  3,  9451] loss: 0.24226
[  3,  9501] loss: 0.19556
[  3,  9551] loss: 0.11113
[  3,  9601] loss: 0.11770
[  3,  9651] loss: 0.33655
[  3,  9701] loss: 0.15410
[  3,  9751] loss: 0.09486
[  3,  9801] loss: 0.12696
[  3,  9851] loss: 0.10170
[  3,  9901] loss: 0.14662
[  3,  9951] loss: 0.19742
[  3, 10001] loss: 0.13127
[  3, 10051] loss: 0.12141
[  3, 10101] loss: 0.12527
[  3, 10151] loss: 0.18006
[  3, 10201] loss: 0.21143
[  3, 10251] loss: 0.22088
[  3, 10301] loss: 0.08330
[  3, 10351] loss: 0.20133
[  3, 10401] loss: 0.45277
[  3, 10451] loss: 0.27292
[  3, 10501] loss: 0.12835
[  3, 10551] loss: 0.21677
[  3, 10601] loss: 0.51945
[  3, 10651] loss: 0.45247
[  3, 10701] loss: 0.14931
[  3, 10751] loss: 0.18245
[  3, 10801] loss: 0.40645
[  3, 10851] loss: 0.44836
[  3, 10901] loss: 0.30048
[  3, 10951] loss: 0.11410
[  3, 11001] loss: 0.19207
[  3, 11051] loss: 0.40516
[  3, 11101] loss: 0.54670
[  3, 11151] loss: 0.19706
[  3, 11201] loss: 0.11815
[  3, 11251] loss: 0.25245
[  3, 11301] loss: 0.33936
[  3, 11351] loss: 0.20008
[  3, 11401] loss: 0.07182
[  3, 11451] loss: 0.09769
[  3, 11501] loss: 0.11891
[  3, 11551] loss: 0.19120
[  3, 11601] loss: 0.14450
[  3, 11651] loss: 0.08517
[  3, 11701] loss: 0.12856
[  3, 11751] loss: 0.15580
[  3, 11801] loss: 0.10996
[  3, 11851] loss: 0.23096
[  3, 11901] loss: 0.11147
[  3, 11951] loss: 0.07046
[  3, 12001] loss: 0.10351
[  3, 12051] loss: 0.09006
[  3, 12101] loss: 0.26961
[  3, 12151] loss: 0.14665
[  3, 12201] loss: 0.17623
[  3, 12251] loss: 0.10263
[  3, 12301] loss: 0.13031
[  3, 12351] loss: 0.17917
[  3, 12401] loss: 0.14078
[  3, 12451] loss: 0.10851
[  3, 12501] loss: 0.15561
[  3, 12551] loss: 0.19100
[  3, 12601] loss: 0.15623
[  3, 12651] loss: 0.08309
[  3, 12701] loss: 0.10746
[  3, 12751] loss: 0.13110
[  3, 12801] loss: 0.09083
[  3, 12851] loss: 0.13914
[  3, 12901] loss: 0.26150
[  3, 12951] loss: 0.07125
[  3, 13001] loss: 0.10629
[  3, 13051] loss: 0.17914
[  3, 13101] loss: 0.13957
[  3, 13151] loss: 0.12779
[  3, 13201] loss: 0.14102
[  3, 13251] loss: 0.24252
[  3, 13301] loss: 0.32169
[  3, 13351] loss: 0.14173
[  3, 13401] loss: 0.09711
[  3, 13451] loss: 0.12065
[  3, 13501] loss: 0.30255
[  3, 13551] loss: 0.20041
[  3, 13601] loss: 0.11619
[  3, 13651] loss: 0.07178
[  3, 13701] loss: 0.20638
[  3, 13751] loss: 0.18864
[  3, 13801] loss: 0.13336
[  3, 13851] loss: 0.06697
[  3, 13901] loss: 0.05796
[  3, 13951] loss: 0.13913
[  3, 14001] loss: 0.23631
[  3, 14051] loss: 0.11642
[  3, 14101] loss: 0.11212
[  3, 14151] loss: 0.06696
[  3, 14201] loss: 0.10179
[  3, 14251] loss: 0.09202
[  3, 14301] loss: 0.06332
[  3, 14351] loss: 0.12374
[  3, 14401] loss: 0.10781
[  3, 14451] loss: 0.06100
[  3, 14501] loss: 0.15002
[  3, 14551] loss: 0.07680
[  3, 14601] loss: 0.11113
[  3, 14651] loss: 0.09475
[  3, 14701] loss: 0.08663
[  3, 14751] loss: 0.17709
[  3, 14801] loss: 0.11920
[  3, 14851] loss: 0.11767
[  3, 14901] loss: 0.09340
[  3, 14951] loss: 0.11156
[  3, 15001] loss: 0.34011
[  3, 15051] loss: 0.12634
[  3, 15101] loss: 0.09006
[  3, 15151] loss: 0.10276
[  3, 15201] loss: 0.22993
[  3, 15251] loss: 0.48416
[  3, 15301] loss: 0.09003
[  3, 15351] loss: 0.07139
[  3, 15401] loss: 0.16605
[  3, 15451] loss: 0.29257
[  3, 15501] loss: 0.36333
[  3, 15551] loss: 0.13070
[  3, 15601] loss: 0.07416
[  3, 15651] loss: 0.37144
[  3, 15701] loss: 0.67057
[  3, 15751] loss: 0.74111
[  3, 15801] loss: 0.11535
[  3, 15851] loss: 0.16430
[  3, 15901] loss: 0.90077
[  3, 15951] loss: 1.06158
[  3, 16001] loss: 0.18935
[  3, 16051] loss: 0.07955
[  3, 16101] loss: 0.56633
[  3, 16151] loss: 0.68029
[  3, 16201] loss: 0.37940
[  3, 16251] loss: 0.07704
[  3, 16301] loss: 0.11630
[  3, 16351] loss: 0.31334
[  3, 16401] loss: 0.69077
[  3, 16451] loss: 0.31517
[  3, 16501] loss: 0.05426
[  3, 16551] loss: 0.14799
[  3, 16601] loss: 0.34230
[  3, 16651] loss: 0.26118
[  3, 16701] loss: 0.12214
[  3, 16751] loss: 0.06783
[  3, 16801] loss: 0.13074
[  3, 16851] loss: 0.16787
[  3, 16901] loss: 0.11629
[  3, 16951] loss: 0.15128
[  3, 17001] loss: 0.11389
[  3, 17051] loss: 0.09404
[  3, 17101] loss: 0.20987
[  3, 17151] loss: 0.17714
[  3, 17201] loss: 0.25420
[  3, 17251] loss: 0.16331
[  3, 17301] loss: 0.09506
[  3, 17351] loss: 0.20239
[  3, 17401] loss: 0.20808
[  3, 17451] loss: 0.06138
[  3, 17501] loss: 0.07930
[  3, 17551] loss: 0.05814
[  3, 17601] loss: 0.23649
[  3, 17651] loss: 0.05777
[  3, 17701] loss: 0.05858
[  3, 17751] loss: 0.07597
[  3, 17801] loss: 0.12265
[  3, 17851] loss: 0.15958
[  3, 17901] loss: 0.14562
[  3, 17951] loss: 0.08523
[  3, 18001] loss: 0.09244
[  3, 18051] loss: 0.12575
[  3, 18101] loss: 0.06473
[  3, 18151] loss: 0.15318
[  3, 18201] loss: 0.07111
[  3, 18251] loss: 0.18211
[  3, 18301] loss: 0.22063
[  3, 18351] loss: 0.08919
[  3, 18401] loss: 0.06168
[  3, 18451] loss: 0.18669
[  3, 18501] loss: 0.39402
[  3, 18551] loss: 0.30753
[  3, 18601] loss: 0.06933
[  3, 18651] loss: 0.21023
[  3, 18701] loss: 0.34218
[  3, 18751] loss: 0.42767
[  3, 18801] loss: 0.09074
[  3, 18851] loss: 0.11498
[  3, 18901] loss: 0.26491
[  3, 18951] loss: 0.40777
[  3, 19001] loss: 0.35543
[  3, 19051] loss: 0.10948
[  3, 19101] loss: 0.15943
[  3, 19151] loss: 0.26359
[  3, 19201] loss: 0.32632
[  3, 19251] loss: 0.11150
[  3, 19301] loss: 0.07461
[  3, 19351] loss: 0.16275
[  3, 19401] loss: 0.19182
[  3, 19451] loss: 0.14253
[  3, 19501] loss: 0.08267
[  3, 19551] loss: 0.57208
[  3, 19601] loss: 0.07066
[  3, 19651] loss: 0.15000
[  3, 19701] loss: 0.12150
[  3, 19751] loss: 0.23215
[  3, 19801] loss: 0.30481
[  3, 19851] loss: 0.10295
[  3, 19901] loss: 0.10060
[  3, 19951] loss: 0.33924
[  3, 20001] loss: 0.51840
[  3, 20051] loss: 0.30061
[  3, 20101] loss: 0.08465
[  3, 20151] loss: 0.12391
[  3, 20201] loss: 0.58961
[  3, 20251] loss: 0.46328
[  3, 20301] loss: 0.16776
[  3, 20351] loss: 0.06747
[  3, 20401] loss: 0.25763
[  3, 20451] loss: 0.73942
[  3, 20501] loss: 0.54518
[  3, 20551] loss: 0.37201
[  3, 20601] loss: 0.30680
[  3, 20651] loss: 0.46558
[  3, 20701] loss: 0.52949
[  3, 20751] loss: 0.24235
[  3, 20801] loss: 0.06891
[  3, 20851] loss: 0.10401
[  3, 20901] loss: 0.25832
[  3, 20951] loss: 0.30840
[  3, 21001] loss: 0.44360
[  3, 21051] loss: 0.04801
[  3, 21101] loss: 0.10456
[  3, 21151] loss: 0.59750
[  3, 21201] loss: 0.30867
[  3, 21251] loss: 0.20014
[  3, 21301] loss: 0.07806
[  3, 21351] loss: 0.39806
[  3, 21401] loss: 0.58548
[  3, 21451] loss: 0.27797
[  3, 21501] loss: 0.09062
[  3, 21551] loss: 0.58475
[  3, 21601] loss: 0.93132
[  3, 21651] loss: 0.73841
[  3, 21701] loss: 0.10192
[  3, 21751] loss: 0.19735
[  3, 21801] loss: 0.87002
[  3, 21851] loss: 1.12124
[  3, 21901] loss: 0.49896
[  3, 21951] loss: 0.06608
[  3, 22001] loss: 0.43495
[  3, 22051] loss: 1.16300
[  3, 22101] loss: 1.42364
[  3, 22151] loss: 0.25380
[  3, 22201] loss: 0.06906
[  3, 22251] loss: 0.56015
[  3, 22301] loss: 1.14618
[  3, 22351] loss: 0.96935
[  3, 22401] loss: 0.87215
[  3, 22451] loss: 0.05752
[  3, 22501] loss: 0.41566
[  3, 22551] loss: 1.14551
[  3, 22601] loss: 0.86247
[  3, 22651] loss: 0.32152
[  3, 22701] loss: 0.09947
[  3, 22751] loss: 0.10036
[  3, 22801] loss: 0.31492
[  3, 22851] loss: 0.57200
[  3, 22901] loss: 0.49224
[  3, 22951] loss: 0.41119
[  3, 23001] loss: 0.05682
[  3, 23051] loss: 0.10365
[  3, 23101] loss: 0.25949
[  3, 23151] loss: 0.45686
[  3, 23201] loss: 0.51183
[  3, 23251] loss: 0.20325
[  3, 23301] loss: 0.09611
[  3, 23351] loss: 0.15636
[  3, 23401] loss: 0.24128
[  3, 23451] loss: 0.75530
[  3, 23501] loss: 0.50407
[  3, 23551] loss: 0.14720
[  3, 23601] loss: 0.15026
[  3, 23651] loss: 0.49108
[  3, 23701] loss: 1.11932
[  3, 23751] loss: 0.52672
[  3, 23801] loss: 0.08467
[  3, 23851] loss: 0.25978
[  3, 23901] loss: 0.70691
[  3, 23951] loss: 0.54069
[  3, 24001] loss: 0.49629
[  3, 24051] loss: 0.08387
[  3, 24101] loss: 0.03980
[  3, 24151] loss: 0.13039
[  3, 24201] loss: 0.31869
[  3, 24251] loss: 0.48806
[  3, 24301] loss: 0.36377
[  3, 24351] loss: 0.08855
[  3, 24401] loss: 0.12159
[  3, 24451] loss: 0.17736
[  3, 24501] loss: 0.27393
[  3, 24551] loss: 0.22250
[  3, 24601] loss: 0.14320
[  3, 24651] loss: 0.12099
[  3, 24701] loss: 0.10106
[  3, 24751] loss: 0.12022
[  3, 24801] loss: 0.14359
[  3, 24851] loss: 0.31555
[  3, 24901] loss: 0.33722
[  3, 24951] loss: 0.25385
[  4,     1] loss: 0.09149
[  4,    51] loss: 0.20505
[  4,   101] loss: 0.87475
[  4,   151] loss: 0.46487
[  4,   201] loss: 0.22883
[  4,   251] loss: 0.11050
[  4,   301] loss: 0.36066
[  4,   351] loss: 1.04160
[  4,   401] loss: 0.61757
[  4,   451] loss: 0.19777
[  4,   501] loss: 0.08544
[  4,   551] loss: 0.57131
[  4,   601] loss: 1.45198
[  4,   651] loss: 0.47966
[  4,   701] loss: 0.18996
[  4,   751] loss: 0.22710
[  4,   801] loss: 0.87678
[  4,   851] loss: 1.10371
[  4,   901] loss: 0.52902
[  4,   951] loss: 0.10126
[  4,  1001] loss: 0.35207
[  4,  1051] loss: 0.81719
[  4,  1101] loss: 0.63018
[  4,  1151] loss: 0.56241
[  4,  1201] loss: 0.15678
[  4,  1251] loss: 0.26986
[  4,  1301] loss: 0.37834
[  4,  1351] loss: 0.45337
[  4,  1401] loss: 0.76757
[  4,  1451] loss: 0.24761
[  4,  1501] loss: 0.08739
[  4,  1551] loss: 0.20108
[  4,  1601] loss: 0.56397
[  4,  1651] loss: 0.93990
[  4,  1701] loss: 0.43120
[  4,  1751] loss: 0.11476
[  4,  1801] loss: 0.12920
[  4,  1851] loss: 0.62417
[  4,  1901] loss: 0.98766
[  4,  1951] loss: 0.61126
[  4,  2001] loss: 0.31004
[  4,  2051] loss: 0.13412
[  4,  2101] loss: 0.44809
[  4,  2151] loss: 1.11739
[  4,  2201] loss: 1.10382
[  4,  2251] loss: 0.53920
[  4,  2301] loss: 0.11806
[  4,  2351] loss: 0.21861
[  4,  2401] loss: 0.69592
[  4,  2451] loss: 0.97340
[  4,  2501] loss: 1.10191
[  4,  2551] loss: 0.15540
[  4,  2601] loss: 0.05735
[  4,  2651] loss: 0.40090
[  4,  2701] loss: 1.30268
[  4,  2751] loss: 1.42757
[  4,  2801] loss: 0.49169
[  4,  2851] loss: 0.17502
[  4,  2901] loss: 0.59034
[  4,  2951] loss: 1.59258
[  4,  3001] loss: 1.32317
[  4,  3051] loss: 0.81023
[  4,  3101] loss: 0.10739
[  4,  3151] loss: 0.41958
[  4,  3201] loss: 1.48276
[  4,  3251] loss: 1.31824
[  4,  3301] loss: 1.35449
[  4,  3351] loss: 0.19510
[  4,  3401] loss: 0.35468
[  4,  3451] loss: 0.81664
[  4,  3501] loss: 0.82673
[  4,  3551] loss: 1.15459
[  4,  3601] loss: 0.39224
[  4,  3651] loss: 0.36959
[  4,  3701] loss: 0.22224
[  4,  3751] loss: 0.27333
[  4,  3801] loss: 0.32712
[  4,  3851] loss: 0.32589
[  4,  3901] loss: 0.29210
[  4,  3951] loss: 0.23546
[  4,  4001] loss: 0.12592
[  4,  4051] loss: 0.16643
[  4,  4101] loss: 0.12324
[  4,  4151] loss: 0.11122
[  4,  4201] loss: 0.19448
[  4,  4251] loss: 0.15014
[  4,  4301] loss: 0.15178
[  4,  4351] loss: 0.17319
[  4,  4401] loss: 0.27220
[  4,  4451] loss: 0.08605
[  4,  4501] loss: 0.10713
[  4,  4551] loss: 0.26741
[  4,  4601] loss: 0.41555
[  4,  4651] loss: 0.26029
[  4,  4701] loss: 0.21730
[  4,  4751] loss: 0.08033
[  4,  4801] loss: 0.19810
[  4,  4851] loss: 0.64096
[  4,  4901] loss: 0.47642
[  4,  4951] loss: 0.20474
[  4,  5001] loss: 0.07054
[  4,  5051] loss: 0.34743
[  4,  5101] loss: 0.27035
[  4,  5151] loss: 0.16367
[  4,  5201] loss: 0.10302
[  4,  5251] loss: 0.10571
[  4,  5301] loss: 0.12784
[  4,  5351] loss: 0.18209
[  4,  5401] loss: 0.07900
[  4,  5451] loss: 0.16872
[  4,  5501] loss: 0.09328
[  4,  5551] loss: 0.20530
[  4,  5601] loss: 0.17505
[  4,  5651] loss: 0.06714
[  4,  5701] loss: 0.09631
[  4,  5751] loss: 0.40053
[  4,  5801] loss: 0.41269
[  4,  5851] loss: 0.16335
[  4,  5901] loss: 0.10899
[  4,  5951] loss: 0.13213
[  4,  6001] loss: 0.10211
[  4,  6051] loss: 0.44933
[  4,  6101] loss: 0.51262
[  4,  6151] loss: 0.26026
[  4,  6201] loss: 0.05659
[  4,  6251] loss: 0.26967
[  4,  6301] loss: 0.49464
[  4,  6351] loss: 0.49190
[  4,  6401] loss: 0.35063
[  4,  6451] loss: 0.11608
[  4,  6501] loss: 0.14130
[  4,  6551] loss: 0.34096
[  4,  6601] loss: 0.63416
[  4,  6651] loss: 0.37159
[  4,  6701] loss: 0.23091
[  4,  6751] loss: 0.07464
[  4,  6801] loss: 0.19540
[  4,  6851] loss: 0.35566
[  4,  6901] loss: 0.42602
[  4,  6951] loss: 0.05167
[  4,  7001] loss: 0.08967
[  4,  7051] loss: 0.05640
[  4,  7101] loss: 0.11705
[  4,  7151] loss: 0.14579
[  4,  7201] loss: 0.16602
[  4,  7251] loss: 0.13619
[  4,  7301] loss: 0.17141
[  4,  7351] loss: 0.07897
[  4,  7401] loss: 0.07008
[  4,  7451] loss: 0.38838
[  4,  7501] loss: 0.43472
[  4,  7551] loss: 0.13071
[  4,  7601] loss: 0.12424
[  4,  7651] loss: 0.13000
[  4,  7701] loss: 0.49445
[  4,  7751] loss: 0.46282
[  4,  7801] loss: 0.26138
[  4,  7851] loss: 0.13681
[  4,  7901] loss: 0.13650
[  4,  7951] loss: 0.23035
[  4,  8001] loss: 0.17770
[  4,  8051] loss: 0.31644
[  4,  8101] loss: 0.09285
[  4,  8151] loss: 0.13498
[  4,  8201] loss: 0.39091
[  4,  8251] loss: 0.09722
[  4,  8301] loss: 0.16056
[  4,  8351] loss: 0.07162
[  4,  8401] loss: 0.07365
[  4,  8451] loss: 0.09492
[  4,  8501] loss: 0.11680
[  4,  8551] loss: 0.07331
[  4,  8601] loss: 0.11316
[  4,  8651] loss: 0.21444
[  4,  8701] loss: 0.31957
[  4,  8751] loss: 0.15477
[  4,  8801] loss: 0.03426
[  4,  8851] loss: 0.08692
[  4,  8901] loss: 0.21160
[  4,  8951] loss: 0.18213
[  4,  9001] loss: 0.06997
[  4,  9051] loss: 0.11712
[  4,  9101] loss: 0.11623
[  4,  9151] loss: 0.39220
[  4,  9201] loss: 0.36560
[  4,  9251] loss: 0.15338
[  4,  9301] loss: 0.08552
[  4,  9351] loss: 0.56517
[  4,  9401] loss: 0.94493
[  4,  9451] loss: 0.47985
[  4,  9501] loss: 0.14207
[  4,  9551] loss: 0.19862
[  4,  9601] loss: 0.84792
[  4,  9651] loss: 1.14314
[  4,  9701] loss: 0.47985
[  4,  9751] loss: 0.09225
[  4,  9801] loss: 0.13110
[  4,  9851] loss: 0.74815
[  4,  9901] loss: 0.67533
[  4,  9951] loss: 0.58966
[  4, 10001] loss: 0.08670
[  4, 10051] loss: 0.14789
[  4, 10101] loss: 0.48004
[  4, 10151] loss: 1.11024
[  4, 10201] loss: 0.34508
[  4, 10251] loss: 0.12286
[  4, 10301] loss: 0.15392
[  4, 10351] loss: 0.51375
[  4, 10401] loss: 0.64065
[  4, 10451] loss: 0.19078
[  4, 10501] loss: 0.07637
[  4, 10551] loss: 0.30172
[  4, 10601] loss: 0.46847
[  4, 10651] loss: 0.26962
[  4, 10701] loss: 0.09533
[  4, 10751] loss: 0.14679
[  4, 10801] loss: 0.40502
[  4, 10851] loss: 0.44756
[  4, 10901] loss: 0.10027
[  4, 10951] loss: 0.11677
[  4, 11001] loss: 0.59263
[  4, 11051] loss: 0.69189
[  4, 11101] loss: 0.45801
[  4, 11151] loss: 0.10676
[  4, 11201] loss: 0.37809
[  4, 11251] loss: 0.84448
[  4, 11301] loss: 0.64319
[  4, 11351] loss: 0.20948
[  4, 11401] loss: 0.06830
[  4, 11451] loss: 0.27919
[  4, 11501] loss: 0.52003
[  4, 11551] loss: 0.69548
[  4, 11601] loss: 0.30800
[  4, 11651] loss: 0.09330
[  4, 11701] loss: 0.31456
[  4, 11751] loss: 0.58538
[  4, 11801] loss: 0.70358
[  4, 11851] loss: 0.50888
[  4, 11901] loss: 0.09367
[  4, 11951] loss: 0.22591
[  4, 12001] loss: 0.37716
[  4, 12051] loss: 0.42230
[  4, 12101] loss: 0.60742
[  4, 12151] loss: 0.13222
[  4, 12201] loss: 0.14105
[  4, 12251] loss: 0.22364
[  4, 12301] loss: 0.54163
[  4, 12351] loss: 0.27950
[  4, 12401] loss: 0.20048
[  4, 12451] loss: 0.13307
[  4, 12501] loss: 0.40147
[  4, 12551] loss: 0.34060
[  4, 12601] loss: 0.17331
[  4, 12651] loss: 0.27848
[  4, 12701] loss: 0.20798
[  4, 12751] loss: 0.08939
[  4, 12801] loss: 0.15476
[  4, 12851] loss: 0.09175
[  4, 12901] loss: 0.28633
[  4, 12951] loss: 0.17075
[  4, 13001] loss: 0.11805
[  4, 13051] loss: 0.14342
[  4, 13101] loss: 0.14285
[  4, 13151] loss: 0.06946
[  4, 13201] loss: 0.22261
[  4, 13251] loss: 0.26234
[  4, 13301] loss: 0.17663
[  4, 13351] loss: 0.08372
[  4, 13401] loss: 0.22181
[  4, 13451] loss: 0.28893
[  4, 13501] loss: 0.13160
[  4, 13551] loss: 0.08893
[  4, 13601] loss: 0.11141
[  4, 13651] loss: 0.15016
[  4, 13701] loss: 0.31434
[  4, 13751] loss: 0.16603
[  4, 13801] loss: 0.08923
[  4, 13851] loss: 0.08653
[  4, 13901] loss: 0.20566
[  4, 13951] loss: 0.20975
[  4, 14001] loss: 0.15745
[  4, 14051] loss: 0.24437
[  4, 14101] loss: 0.07756
[  4, 14151] loss: 0.09582
[  4, 14201] loss: 0.26654
[  4, 14251] loss: 0.28893
[  4, 14301] loss: 0.19428
[  4, 14351] loss: 0.07940
[  4, 14401] loss: 0.08453
[  4, 14451] loss: 0.19380
[  4, 14501] loss: 0.28303
[  4, 14551] loss: 0.19192
[  4, 14601] loss: 0.10879
[  4, 14651] loss: 0.08323
[  4, 14701] loss: 0.07792
[  4, 14751] loss: 0.12418
[  4, 14801] loss: 0.12328
[  4, 14851] loss: 0.27291
[  4, 14901] loss: 0.44016
[  4, 14951] loss: 0.21965
[  4, 15001] loss: 0.16442
[  4, 15051] loss: 0.13815
[  4, 15101] loss: 0.44190
[  4, 15151] loss: 0.84384
[  4, 15201] loss: 0.22436
[  4, 15251] loss: 0.31484
[  4, 15301] loss: 0.11824
[  4, 15351] loss: 0.70509
[  4, 15401] loss: 0.71606
[  4, 15451] loss: 0.24345
[  4, 15501] loss: 0.02972
[  4, 15551] loss: 0.30447
[  4, 15601] loss: 1.14716
[  4, 15651] loss: 0.88610
[  4, 15701] loss: 0.48172
[  4, 15751] loss: 0.03429
[  4, 15801] loss: 0.43615
[  4, 15851] loss: 1.15416
[  4, 15901] loss: 0.91674
[  4, 15951] loss: 0.34838
[  4, 16001] loss: 0.06738
[  4, 16051] loss: 0.60127
[  4, 16101] loss: 0.54380
[  4, 16151] loss: 0.95521
[  4, 16201] loss: 0.39303
[  4, 16251] loss: 0.13485
[  4, 16301] loss: 0.36815
[  4, 16351] loss: 0.52845
[  4, 16401] loss: 0.37970
[  4, 16451] loss: 0.40794
[  4, 16501] loss: 0.08435
[  4, 16551] loss: 0.21873
[  4, 16601] loss: 0.51949
[  4, 16651] loss: 0.41954
[  4, 16701] loss: 0.10776
[  4, 16751] loss: 0.06345
[  4, 16801] loss: 0.12650
[  4, 16851] loss: 0.36824
[  4, 16901] loss: 0.15834
[  4, 16951] loss: 0.14600
[  4, 17001] loss: 0.04157
[  4, 17051] loss: 0.07008
[  4, 17101] loss: 0.11241
[  4, 17151] loss: 0.11536
[  4, 17201] loss: 0.18300
[  4, 17251] loss: 0.19658
[  4, 17301] loss: 0.07881
[  4, 17351] loss: 0.04328
[  4, 17401] loss: 0.03638
[  4, 17451] loss: 0.05086
[  4, 17501] loss: 0.07669
[  4, 17551] loss: 0.04029
[  4, 17601] loss: 0.05735
[  4, 17651] loss: 0.05144
[  4, 17701] loss: 0.05554
[  4, 17751] loss: 0.11838
[  4, 17801] loss: 0.06345
[  4, 17851] loss: 0.20367
[  4, 17901] loss: 0.16662
[  4, 17951] loss: 0.06890
[  4, 18001] loss: 0.05384
[  4, 18051] loss: 0.06183
[  4, 18101] loss: 0.07004
[  4, 18151] loss: 0.23625
[  4, 18201] loss: 0.11585
[  4, 18251] loss: 0.08684
[  4, 18301] loss: 0.03753
[  4, 18351] loss: 0.03648
[  4, 18401] loss: 0.18077
[  4, 18451] loss: 0.19668
[  4, 18501] loss: 0.06212
[  4, 18551] loss: 0.18141
[  4, 18601] loss: 0.10109
[  4, 18651] loss: 0.23991
[  4, 18701] loss: 0.16362
[  4, 18751] loss: 0.07006
[  4, 18801] loss: 0.04410
[  4, 18851] loss: 0.09231
[  4, 18901] loss: 0.16401
[  4, 18951] loss: 0.05436
[  4, 19001] loss: 0.36863
[  4, 19051] loss: 0.20404
[  4, 19101] loss: 0.07081
[  4, 19151] loss: 0.09828
[  4, 19201] loss: 0.06355
[  4, 19251] loss: 0.07281
[  4, 19301] loss: 0.10029
[  4, 19351] loss: 0.31391
[  4, 19401] loss: 0.16282
[  4, 19451] loss: 0.12411
[  4, 19501] loss: 0.07641
[  4, 19551] loss: 0.61223
[  4, 19601] loss: 0.18189
[  4, 19651] loss: 0.13177
[  4, 19701] loss: 0.13898
[  4, 19751] loss: 0.02907
[  4, 19801] loss: 0.12451
[  4, 19851] loss: 0.27606
[  4, 19901] loss: 0.26670
[  4, 19951] loss: 0.31155
[  4, 20001] loss: 0.16417
[  4, 20051] loss: 0.06907
[  4, 20101] loss: 0.35973
[  4, 20151] loss: 0.63872
[  4, 20201] loss: 0.18540
[  4, 20251] loss: 0.07585
[  4, 20301] loss: 0.03548
[  4, 20351] loss: 0.38600
[  4, 20401] loss: 0.70135
[  4, 20451] loss: 0.24505
[  4, 20501] loss: 0.08914
[  4, 20551] loss: 0.34462
[  4, 20601] loss: 0.53622
[  4, 20651] loss: 0.24244
[  4, 20701] loss: 0.41705
[  4, 20751] loss: 0.17546
[  4, 20801] loss: 0.08344
[  4, 20851] loss: 0.21153
[  4, 20901] loss: 0.35273
[  4, 20951] loss: 0.36266
[  4, 21001] loss: 0.11364
[  4, 21051] loss: 0.04130
[  4, 21101] loss: 0.13240
[  4, 21151] loss: 0.13456
[  4, 21201] loss: 0.12027
[  4, 21251] loss: 0.06708
[  4, 21301] loss: 0.04722
[  4, 21351] loss: 0.03422
[  4, 21401] loss: 0.00982
[  4, 21451] loss: 0.02076
[  4, 21501] loss: 0.09060
[  4, 21551] loss: 0.25638
[  4, 21601] loss: 0.01599
[  4, 21651] loss: 0.01728
[  4, 21701] loss: 0.09739
[  4, 21751] loss: 0.33655
[  4, 21801] loss: 0.09547
[  4, 21851] loss: 0.21312
[  4, 21901] loss: 0.01734
[  4, 21951] loss: 0.24513
[  4, 22001] loss: 0.35607
[  4, 22051] loss: 0.06814
[  4, 22101] loss: 0.07751
[  4, 22151] loss: 0.03518
[  4, 22201] loss: 0.45155
[  4, 22251] loss: 0.51467
[  4, 22301] loss: 0.25386
[  4, 22351] loss: 0.03980
[  4, 22401] loss: 0.27389
[  4, 22451] loss: 0.58616
[  4, 22501] loss: 0.63479
[  4, 22551] loss: 0.37490
[  4, 22601] loss: 0.12299
[  4, 22651] loss: 0.02423
[  4, 22701] loss: 0.38592
[  4, 22751] loss: 1.42145
[  4, 22801] loss: 1.34106
[  4, 22851] loss: 0.60831
[  4, 22901] loss: 0.06037
[  4, 22951] loss: 0.10370
[  4, 23001] loss: 1.58024
[  4, 23051] loss: 2.99283
[  4, 23101] loss: 2.14482
[  4, 23151] loss: 1.30436
[  4, 23201] loss: 0.16200
[  4, 23251] loss: 0.24833
[  4, 23301] loss: 1.46821
[  4, 23351] loss: 2.76016
[  4, 23401] loss: 2.65154
[  4, 23451] loss: 0.67817
[  4, 23501] loss: 0.14171
[  4, 23551] loss: 0.19632
[  4, 23601] loss: 0.86266
[  4, 23651] loss: 1.11986
[  4, 23701] loss: 0.91842
[  4, 23751] loss: 0.27452
[  4, 23801] loss: 0.11749
[  4, 23851] loss: 0.16570
[  4, 23901] loss: 0.51917
[  4, 23951] loss: 0.54855
[  4, 24001] loss: 0.57896
[  4, 24051] loss: 0.14570
[  4, 24101] loss: 0.10391
[  4, 24151] loss: 0.13942
[  4, 24201] loss: 0.25442
[  4, 24251] loss: 0.21737
[  4, 24301] loss: 0.19638
[  4, 24351] loss: 0.09200
[  4, 24401] loss: 0.18990
[  4, 24451] loss: 0.25705
[  4, 24501] loss: 0.21068
[  4, 24551] loss: 0.24677
[  4, 24601] loss: 0.22962
[  4, 24651] loss: 0.07748
[  4, 24701] loss: 0.18802
[  4, 24751] loss: 0.48740
[  4, 24801] loss: 0.44178
[  4, 24851] loss: 0.18206
[  4, 24901] loss: 0.28813
[  4, 24951] loss: 0.09272
[  5,     1] loss: 0.44466
[  5,    51] loss: 0.37907
[  5,   101] loss: 0.11304
[  5,   151] loss: 0.27984
[  5,   201] loss: 0.02617
[  5,   251] loss: 0.26235
[  5,   301] loss: 0.28047
[  5,   351] loss: 0.33262
[  5,   401] loss: 0.01748
[  5,   451] loss: 0.04299
[  5,   501] loss: 0.09974
[  5,   551] loss: 0.05302
[  5,   601] loss: 0.04543
[  5,   651] loss: 0.01731
[  5,   701] loss: 0.03671
[  5,   751] loss: 0.06897
[  5,   801] loss: 0.02900
[  5,   851] loss: 0.01993
[  5,   901] loss: 0.16434
[  5,   951] loss: 0.10867
[  5,  1001] loss: 0.03221
[  5,  1051] loss: 0.13317
[  5,  1101] loss: 0.03334
[  5,  1151] loss: 0.21925
[  5,  1201] loss: 0.10090
[  5,  1251] loss: 0.52560
[  5,  1301] loss: 0.23400
[  5,  1351] loss: 0.07887
[  5,  1401] loss: 0.01493
[  5,  1451] loss: 0.03725
[  5,  1501] loss: 0.34244
[  5,  1551] loss: 0.44026
[  5,  1601] loss: 0.23478
[  5,  1651] loss: 0.08452
[  5,  1701] loss: 0.01858
[  5,  1751] loss: 0.14713
[  5,  1801] loss: 0.53701
[  5,  1851] loss: 0.36593
[  5,  1901] loss: 0.11602
[  5,  1951] loss: 0.08200
[  5,  2001] loss: 0.02651
[  5,  2051] loss: 0.39945
[  5,  2101] loss: 0.55375
[  5,  2151] loss: 0.19855
[  5,  2201] loss: 0.10708
[  5,  2251] loss: 0.01876
[  5,  2301] loss: 0.40789
[  5,  2351] loss: 0.76290
[  5,  2401] loss: 0.23321
[  5,  2451] loss: 0.05435
[  5,  2501] loss: 0.01934
[  5,  2551] loss: 0.06086
[  5,  2601] loss: 0.34738
[  5,  2651] loss: 0.31214
[  5,  2701] loss: 0.15099
[  5,  2751] loss: 0.08945
[  5,  2801] loss: 0.03221
[  5,  2851] loss: 0.28636
[  5,  2901] loss: 0.20291
[  5,  2951] loss: 0.02918
[  5,  3001] loss: 0.12722
[  5,  3051] loss: 0.02523
[  5,  3101] loss: 0.07829
[  5,  3151] loss: 0.07936
[  5,  3201] loss: 0.06031
[  5,  3251] loss: 0.15333
[  5,  3301] loss: 0.01220
[  5,  3351] loss: 0.02487
[  5,  3401] loss: 0.19997
[  5,  3451] loss: 0.05074
[  5,  3501] loss: 0.24322
[  5,  3551] loss: 0.05250
[  5,  3601] loss: 0.08022
[  5,  3651] loss: 0.28845
[  5,  3701] loss: 0.10551
[  5,  3751] loss: 0.31933
[  5,  3801] loss: 0.24949
[  5,  3851] loss: 0.20984
[  5,  3901] loss: 0.12523
[  5,  3951] loss: 0.04151
[  5,  4001] loss: 0.20191
[  5,  4051] loss: 0.43309
[  5,  4101] loss: 0.29114
[  5,  4151] loss: 0.26801
[  5,  4201] loss: 0.10961
[  5,  4251] loss: 0.05212
[  5,  4301] loss: 0.05410
[  5,  4351] loss: 0.27246
[  5,  4401] loss: 0.24067
[  5,  4451] loss: 0.43564
[  5,  4501] loss: 0.27213
[  5,  4551] loss: 0.11764
[  5,  4601] loss: 0.02749
[  5,  4651] loss: 0.06057
[  5,  4701] loss: 0.45428
[  5,  4751] loss: 0.81971
[  5,  4801] loss: 0.17385
[  5,  4851] loss: 0.32375
[  5,  4901] loss: 0.01822
[  5,  4951] loss: 0.30979
[  5,  5001] loss: 0.32281
[  5,  5051] loss: 0.40302
[  5,  5101] loss: 0.22665
[  5,  5151] loss: 0.17615
[  5,  5201] loss: 0.05891
[  5,  5251] loss: 0.04161
[  5,  5301] loss: 0.06269
[  5,  5351] loss: 0.12647
[  5,  5401] loss: 0.18319
[  5,  5451] loss: 0.25785
[  5,  5501] loss: 0.10409
[  5,  5551] loss: 0.09026
[  5,  5601] loss: 0.02536
[  5,  5651] loss: 0.05624
[  5,  5701] loss: 0.03741
[  5,  5751] loss: 0.37359
[  5,  5801] loss: 0.28771
[  5,  5851] loss: 0.12204
[  5,  5901] loss: 0.23254
[  5,  5951] loss: 0.14126
[  5,  6001] loss: 0.18704
[  5,  6051] loss: 0.07349
[  5,  6101] loss: 0.01253
[  5,  6151] loss: 0.24009
[  5,  6201] loss: 0.15319
[  5,  6251] loss: 0.52860
[  5,  6301] loss: 0.36441
[  5,  6351] loss: 0.06338
[  5,  6401] loss: 0.04578
[  5,  6451] loss: 0.17269
[  5,  6501] loss: 0.31447
[  5,  6551] loss: 0.48140
[  5,  6601] loss: 0.10338
[  5,  6651] loss: 0.28851
[  5,  6701] loss: 0.23261
[  5,  6751] loss: 0.11885
[  5,  6801] loss: 0.25840
[  5,  6851] loss: 0.15975
[  5,  6901] loss: 0.38166
[  5,  6951] loss: 0.10864
[  5,  7001] loss: 0.02695
[  5,  7051] loss: 0.04538
[  5,  7101] loss: 0.08043
[  5,  7151] loss: 0.18432
[  5,  7201] loss: 0.11241
[  5,  7251] loss: 0.13207
[  5,  7301] loss: 0.01405
[  5,  7351] loss: 0.02258
[  5,  7401] loss: 0.05317
[  5,  7451] loss: 0.04398
[  5,  7501] loss: 0.02755
[  5,  7551] loss: 0.01964
[  5,  7601] loss: 0.03649
[  5,  7651] loss: 0.09249
[  5,  7701] loss: 0.02273
[  5,  7751] loss: 0.01086
[  5,  7801] loss: 0.02187
[  5,  7851] loss: 0.05845
[  5,  7901] loss: 0.06238
[  5,  7951] loss: 0.04347
[  5,  8001] loss: 0.04679
[  5,  8051] loss: 0.25018
[  5,  8101] loss: 0.03158
[  5,  8151] loss: 0.03044
[  5,  8201] loss: 0.27781
[  5,  8251] loss: 0.07509
[  5,  8301] loss: 0.18191
[  5,  8351] loss: 0.03170
[  5,  8401] loss: 0.05847
[  5,  8451] loss: 0.02487
[  5,  8501] loss: 0.03642
[  5,  8551] loss: 0.07163
[  5,  8601] loss: 0.05300
[  5,  8651] loss: 0.05714
[  5,  8701] loss: 0.04287
[  5,  8751] loss: 0.03614
[  5,  8801] loss: 0.03677
[  5,  8851] loss: 0.04036
[  5,  8901] loss: 0.06913
[  5,  8951] loss: 0.04962
[  5,  9001] loss: 0.01851
[  5,  9051] loss: 0.04505
[  5,  9101] loss: 0.03706
[  5,  9151] loss: 0.02200
[  5,  9201] loss: 0.00911
[  5,  9251] loss: 0.02488
[  5,  9301] loss: 0.04709
[  5,  9351] loss: 0.01990
[  5,  9401] loss: 0.00373
[  5,  9451] loss: 0.01445
[  5,  9501] loss: 0.05271
[  5,  9551] loss: 0.11054
[  5,  9601] loss: 0.03815
[  5,  9651] loss: 0.28241
[  5,  9701] loss: 0.00629
[  5,  9751] loss: 0.03226
[  5,  9801] loss: 0.14564
[  5,  9851] loss: 0.08240
[  5,  9901] loss: 0.01922
[  5,  9951] loss: 0.02842
[  5, 10001] loss: 0.03085
[  5, 10051] loss: 0.08757
[  5, 10101] loss: 0.01347
[  5, 10151] loss: 0.06096
[  5, 10201] loss: 0.03057
[  5, 10251] loss: 0.02764
[  5, 10301] loss: 0.02609
[  5, 10351] loss: 0.00488
[  5, 10401] loss: 0.00617
[  5, 10451] loss: 0.02281
[  5, 10501] loss: 0.03425
[  5, 10551] loss: 0.00687
[  5, 10601] loss: 0.00373
[  5, 10651] loss: 0.02842
[  5, 10701] loss: 0.02317
[  5, 10751] loss: 0.02281
[  5, 10801] loss: 0.00824
[  5, 10851] loss: 0.00978
[  5, 10901] loss: 0.01550
[  5, 10951] loss: 0.04377
[  5, 11001] loss: 0.22699
[  5, 11051] loss: 0.00147
[  5, 11101] loss: 0.00286
[  5, 11151] loss: 0.04026
[  5, 11201] loss: 0.01404
[  5, 11251] loss: 0.00595
[  5, 11301] loss: 0.00212
[  5, 11351] loss: 0.01505
[  5, 11401] loss: 0.02565
[  5, 11451] loss: 0.03012
[  5, 11501] loss: 0.04011
[  5, 11551] loss: 0.00607
[  5, 11601] loss: 0.01135
[  5, 11651] loss: 0.02025
[  5, 11701] loss: 0.08316
[  5, 11751] loss: 0.02911
[  5, 11801] loss: 0.01841
[  5, 11851] loss: 0.20539
[  5, 11901] loss: 0.02521
[  5, 11951] loss: 0.06584
[  5, 12001] loss: 0.03931
[  5, 12051] loss: 0.04433
[  5, 12101] loss: 0.33914
[  5, 12151] loss: 0.01540
[  5, 12201] loss: 0.06206
[  5, 12251] loss: 0.08213
[  5, 12301] loss: 0.04345
[  5, 12351] loss: 0.01125
[  5, 12401] loss: 0.03498
[  5, 12451] loss: 0.03766
[  5, 12501] loss: 0.28542
[  5, 12551] loss: 0.04558
[  5, 12601] loss: 0.04748
[  5, 12651] loss: 0.02545
[  5, 12701] loss: 0.20657
[  5, 12751] loss: 0.03813
[  5, 12801] loss: 0.02028
[  5, 12851] loss: 0.02240
[  5, 12901] loss: 0.29141
[  5, 12951] loss: 0.08265
[  5, 13001] loss: 0.03998
[  5, 13051] loss: 0.01478
[  5, 13101] loss: 0.01920
[  5, 13151] loss: 0.04464
[  5, 13201] loss: 0.13626
[  5, 13251] loss: 0.27920
[  5, 13301] loss: 0.01511
[  5, 13351] loss: 0.07539
[  5, 13401] loss: 0.02887
[  5, 13451] loss: 0.01496
[  5, 13501] loss: 0.00938
[  5, 13551] loss: 0.02325
[  5, 13601] loss: 0.07393
[  5, 13651] loss: 0.01913
[  5, 13701] loss: 0.00811
[  5, 13751] loss: 0.01361
[  5, 13801] loss: 0.01789
[  5, 13851] loss: 0.03615
[  5, 13901] loss: 0.01571
[  5, 13951] loss: 0.02807
[  5, 14001] loss: 0.01103
[  5, 14051] loss: 0.01655
[  5, 14101] loss: 0.03041
[  5, 14151] loss: 0.00676
[  5, 14201] loss: 0.02009
[  5, 14251] loss: 0.01032
[  5, 14301] loss: 0.01993
[  5, 14351] loss: 0.02992
[  5, 14401] loss: 0.15989
[  5, 14451] loss: 0.07410
[  5, 14501] loss: 0.09963
[  5, 14551] loss: 0.04455
[  5, 14601] loss: 0.02652
[  5, 14651] loss: 0.06365
[  5, 14701] loss: 0.13634
[  5, 14751] loss: 0.21301
[  5, 14801] loss: 0.08224
[  5, 14851] loss: 0.04878
[  5, 14901] loss: 0.00951
[  5, 14951] loss: 0.04498
[  5, 15001] loss: 0.32666
[  5, 15051] loss: 0.19644
[  5, 15101] loss: 0.15990
[  5, 15151] loss: 0.04519
[  5, 15201] loss: 0.00580
[  5, 15251] loss: 0.29368
[  5, 15301] loss: 0.23859
[  5, 15351] loss: 0.16555
[  5, 15401] loss: 0.12165
[  5, 15451] loss: 0.02282
[  5, 15501] loss: 0.01350
[  5, 15551] loss: 0.02361
[  5, 15601] loss: 0.00595
[  5, 15651] loss: 0.00244
[  5, 15701] loss: 0.22301
[  5, 15751] loss: 0.00932
[  5, 15801] loss: 0.01195
[  5, 15851] loss: 0.00179
[  5, 15901] loss: 0.00080
[  5, 15951] loss: 0.01723
[  5, 16001] loss: 0.23452
[  5, 16051] loss: 0.12406
[  5, 16101] loss: 0.01638
[  5, 16151] loss: 0.00277
[  5, 16201] loss: 0.00324
[  5, 16251] loss: 0.02271
[  5, 16301] loss: 0.15362
[  5, 16351] loss: 0.00574
[  5, 16401] loss: 0.00570
[  5, 16451] loss: 0.04369
[  5, 16501] loss: 0.11920
[  5, 16551] loss: 0.07603
[  5, 16601] loss: 0.00722
[  5, 16651] loss: 0.00903
[  5, 16701] loss: 0.01799
[  5, 16751] loss: 0.02103
[  5, 16801] loss: 0.02569
[  5, 16851] loss: 0.02545
[  5, 16901] loss: 0.00552
[  5, 16951] loss: 0.01494
[  5, 17001] loss: 0.02203
[  5, 17051] loss: 0.03655
[  5, 17101] loss: 0.04221
[  5, 17151] loss: 0.07390
[  5, 17201] loss: 0.32530
[  5, 17251] loss: 0.20499
[  5, 17301] loss: 0.02537
[  5, 17351] loss: 0.00945
[  5, 17401] loss: 0.01220
[  5, 17451] loss: 0.05654
[  5, 17501] loss: 0.06554
[  5, 17551] loss: 0.14675
[  5, 17601] loss: 0.06734
[  5, 17651] loss: 0.04103
[  5, 17701] loss: 0.03960
[  5, 17751] loss: 0.02257
[  5, 17801] loss: 0.03718
[  5, 17851] loss: 0.17250
[  5, 17901] loss: 0.07498
[  5, 17951] loss: 0.08514
[  5, 18001] loss: 0.07810
[  5, 18051] loss: 0.03810
[  5, 18101] loss: 0.02079
[  5, 18151] loss: 0.14413
[  5, 18201] loss: 0.01746
[  5, 18251] loss: 0.01457
[  5, 18301] loss: 0.01695
[  5, 18351] loss: 0.03456
[  5, 18401] loss: 0.01606
[  5, 18451] loss: 0.00883
[  5, 18501] loss: 0.03029
[  5, 18551] loss: 0.21931
[  5, 18601] loss: 0.07061
[  5, 18651] loss: 0.02821
[  5, 18701] loss: 0.00395
[  5, 18751] loss: 0.01019
[  5, 18801] loss: 0.02414
[  5, 18851] loss: 0.02441
[  5, 18901] loss: 0.01130
[  5, 18951] loss: 0.02603
[  5, 19001] loss: 0.29176
[  5, 19051] loss: 0.20922
[  5, 19101] loss: 0.05861
[  5, 19151] loss: 0.04195
[  5, 19201] loss: 0.01404
[  5, 19251] loss: 0.01658
[  5, 19301] loss: 0.02565
[  5, 19351] loss: 0.20552
[  5, 19401] loss: 0.01369
[  5, 19451] loss: 0.02174
[  5, 19501] loss: 0.03973
[  5, 19551] loss: 0.58682
[  5, 19601] loss: 0.03800
[  5, 19651] loss: 0.06100
[  5, 19701] loss: 0.00662
[  5, 19751] loss: 0.00976
[  5, 19801] loss: 0.15009
[  5, 19851] loss: 0.02777
[  5, 19901] loss: 0.00526
[  5, 19951] loss: 0.00517
[  5, 20001] loss: 0.20595
[  5, 20051] loss: 0.01160
[  5, 20101] loss: 0.01171
[  5, 20151] loss: 0.00250
[  5, 20201] loss: 0.00237
[  5, 20251] loss: 0.01943
[  5, 20301] loss: 0.06915
[  5, 20351] loss: 0.06145
[  5, 20401] loss: 0.00143
[  5, 20451] loss: 0.00136
[  5, 20501] loss: 0.00442
[  5, 20551] loss: 0.28172
[  5, 20601] loss: 0.20352
[  5, 20651] loss: 0.00360
[  5, 20701] loss: 0.16706
[  5, 20751] loss: 0.01097
[  5, 20801] loss: 0.02311
[  5, 20851] loss: 0.01238
[  5, 20901] loss: 0.00497
[  5, 20951] loss: 0.00373
[  5, 21001] loss: 0.01367
[  5, 21051] loss: 0.04070
[  5, 21101] loss: 0.01808
[  5, 21151] loss: 0.00951
[  5, 21201] loss: 0.02407
[  5, 21251] loss: 0.01806
[  5, 21301] loss: 0.02368
[  5, 21351] loss: 0.01485
[  5, 21401] loss: 0.00521
[  5, 21451] loss: 0.01811
[  5, 21501] loss: 0.05945
[  5, 21551] loss: 0.28109
[  5, 21601] loss: 0.06537
[  5, 21651] loss: 0.03538
[  5, 21701] loss: 0.01552
[  5, 21751] loss: 0.00417
[  5, 21801] loss: 0.01392
[  5, 21851] loss: 0.26392
[  5, 21901] loss: 0.02323
[  5, 21951] loss: 0.03349
[  5, 22001] loss: 0.00138
[  5, 22051] loss: 0.00130
[  5, 22101] loss: 0.00539
[  5, 22151] loss: 0.01642
[  5, 22201] loss: 0.00546
[  5, 22251] loss: 0.00356
[  5, 22301] loss: 0.01343
[  5, 22351] loss: 0.05950
[  5, 22401] loss: 0.30279
[  5, 22451] loss: 0.02224
[  5, 22501] loss: 0.00147
[  5, 22551] loss: 0.00132
[  5, 22601] loss: 0.02823
[  5, 22651] loss: 0.06850
[  5, 22701] loss: 0.04943
[  5, 22751] loss: 0.00773
[  5, 22801] loss: 0.00085
[  5, 22851] loss: 0.00295
[  5, 22901] loss: 0.14635
[  5, 22951] loss: 0.14778
[  5, 23001] loss: 0.04820
[  5, 23051] loss: 0.00644
[  5, 23101] loss: 0.00146
[  5, 23151] loss: 0.00044
[  5, 23201] loss: 0.15218
[  5, 23251] loss: 0.29018
[  5, 23301] loss: 0.21921
[  5, 23351] loss: 0.10414
[  5, 23401] loss: 0.00261
[  5, 23451] loss: 0.00042
[  5, 23501] loss: 0.10284
[  5, 23551] loss: 0.23198
[  5, 23601] loss: 0.18168
[  5, 23651] loss: 0.00458
[  5, 23701] loss: 0.00366
[  5, 23751] loss: 0.02743
[  5, 23801] loss: 0.15981
[  5, 23851] loss: 0.00664
[  5, 23901] loss: 0.00065
[  5, 23951] loss: 0.00101
[  5, 24001] loss: 0.27136
[  5, 24051] loss: 0.06304
[  5, 24101] loss: 0.20626
[  5, 24151] loss: 0.04311
[  5, 24201] loss: 0.01401
[  5, 24251] loss: 0.00383
[  5, 24301] loss: 0.00451
[  5, 24351] loss: 0.01221
[  5, 24401] loss: 0.00713
[  5, 24451] loss: 0.00717
[  5, 24501] loss: 0.01733
[  5, 24551] loss: 0.04344
[  5, 24601] loss: 0.04801
[  5, 24651] loss: 0.11529
[  5, 24701] loss: 0.08346
[  5, 24751] loss: 0.17539
[  5, 24801] loss: 0.00590
[  5, 24851] loss: 0.00681
[  5, 24901] loss: 0.24037
[  5, 24951] loss: 0.23041
Finished training
Accuracy on train: 0.99796
Accuracy on test: 0.68582
