{'word_context': 5, 'word_embed_size': 300, 'dropout': False, 'word_conv_units': 300, 'batch_size': 50}
2482
train set done
test set done
[  1,     1] loss: 0.71130
[  1,    51] loss: 2.10392
[  1,   101] loss: 2.22436
[  1,   151] loss: 2.48211
[  1,   201] loss: 1.07909
[  1,   251] loss: 1.64766
[  1,   301] loss: 1.03917
[  1,   351] loss: 1.99047
[  1,   401] loss: 2.38198
[  1,   451] loss: 2.55493
[  1,   501] loss: 1.70229
[  1,   551] loss: 1.93762
[  1,   601] loss: 0.88360
[  1,   651] loss: 0.94605
[  1,   701] loss: 1.11924
[  1,   751] loss: 1.36666
[  1,   801] loss: 0.93397
[  1,   851] loss: 1.13728
[  1,   901] loss: 1.89285
[  1,   951] loss: 1.86219
[  1,  1001] loss: 1.94259
[  1,  1051] loss: 1.31419
[  1,  1101] loss: 1.56659
[  1,  1151] loss: 1.65861
[  1,  1201] loss: 1.28259
[  1,  1251] loss: 0.69434
[  1,  1301] loss: 0.70297
[  1,  1351] loss: 0.73306
[  1,  1401] loss: 0.87604
[  1,  1451] loss: 2.46492
[  1,  1501] loss: 1.61600
[  1,  1551] loss: 1.63161
[  1,  1601] loss: 1.20391
[  1,  1651] loss: 0.74352
[  1,  1701] loss: 0.95706
[  1,  1751] loss: 1.22521
[  1,  1801] loss: 0.97534
[  1,  1851] loss: 0.81852
[  1,  1901] loss: 0.84199
[  1,  1951] loss: 0.78439
[  1,  2001] loss: 1.05771
[  1,  2051] loss: 1.17774
[  1,  2101] loss: 1.72878
[  1,  2151] loss: 0.91772
[  1,  2201] loss: 0.88557
[  1,  2251] loss: 0.85777
[  1,  2301] loss: 1.20827
[  1,  2351] loss: 1.39270
[  1,  2401] loss: 1.40730
[  1,  2451] loss: 1.79250
[  1,  2501] loss: 1.46380
[  1,  2551] loss: 1.09032
[  1,  2601] loss: 1.06384
[  1,  2651] loss: 1.27079
[  1,  2701] loss: 1.16329
[  1,  2751] loss: 1.23610
[  1,  2801] loss: 1.03858
[  1,  2851] loss: 0.87251
[  1,  2901] loss: 1.22980
[  1,  2951] loss: 1.06384
[  1,  3001] loss: 1.02389
[  1,  3051] loss: 1.15807
[  1,  3101] loss: 1.15880
[  1,  3151] loss: 1.08331
[  1,  3201] loss: 1.65534
[  1,  3251] loss: 0.92082
[  1,  3301] loss: 0.68186
[  1,  3351] loss: 0.71886
[  1,  3401] loss: 0.83232
[  1,  3451] loss: 0.99149
[  1,  3501] loss: 1.12216
[  1,  3551] loss: 1.08114
[  1,  3601] loss: 0.95916
[  1,  3651] loss: 1.27843
[  1,  3701] loss: 1.23827
[  1,  3751] loss: 0.97046
[  1,  3801] loss: 0.96200
[  1,  3851] loss: 0.91232
[  1,  3901] loss: 0.95782
[  1,  3951] loss: 0.89207
[  1,  4001] loss: 0.74146
[  1,  4051] loss: 0.76407
[  1,  4101] loss: 0.72426
[  1,  4151] loss: 0.77713
[  1,  4201] loss: 0.83479
[  1,  4251] loss: 1.33840
[  1,  4301] loss: 1.26571
[  1,  4351] loss: 1.09050
[  1,  4401] loss: 1.26661
[  1,  4451] loss: 0.97107
[  1,  4501] loss: 1.07228
[  1,  4551] loss: 0.80427
[  1,  4601] loss: 0.80574
[  1,  4651] loss: 0.72840
[  1,  4701] loss: 0.72175
[  1,  4751] loss: 0.85655
[  1,  4801] loss: 0.99235
[  1,  4851] loss: 0.94590
[  1,  4901] loss: 1.05680
[  1,  4951] loss: 1.10889
[  1,  5001] loss: 0.96714
[  1,  5051] loss: 1.19942
[  1,  5101] loss: 1.06172
[  1,  5151] loss: 0.82599
[  1,  5201] loss: 0.95105
[  1,  5251] loss: 0.92601
[  1,  5301] loss: 0.81531
[  1,  5351] loss: 0.68110
[  1,  5401] loss: 0.70033
[  1,  5451] loss: 0.69478
[  1,  5501] loss: 1.00713
[  1,  5551] loss: 0.73596
[  1,  5601] loss: 0.67747
[  1,  5651] loss: 0.71413
[  1,  5701] loss: 0.60533
[  1,  5751] loss: 0.65121
[  1,  5801] loss: 0.66339
[  1,  5851] loss: 0.67080
[  1,  5901] loss: 0.68508
[  1,  5951] loss: 0.98172
[  1,  6001] loss: 0.89079
[  1,  6051] loss: 0.92083
[  1,  6101] loss: 1.41680
[  1,  6151] loss: 1.24608
[  1,  6201] loss: 0.73609
[  1,  6251] loss: 0.73616
[  1,  6301] loss: 0.73644
[  1,  6351] loss: 0.71033
[  1,  6401] loss: 0.68499
[  1,  6451] loss: 0.68989
[  1,  6501] loss: 0.76071
[  1,  6551] loss: 1.25430
[  1,  6601] loss: 1.33698
[  1,  6651] loss: 0.96924
[  1,  6701] loss: 1.14368
[  1,  6751] loss: 1.20312
[  1,  6801] loss: 0.81206
[  1,  6851] loss: 0.73592
[  1,  6901] loss: 0.65476
[  1,  6951] loss: 0.68592
[  1,  7001] loss: 0.65268
[  1,  7051] loss: 0.63099
[  1,  7101] loss: 0.63196
[  1,  7151] loss: 0.65961
[  1,  7201] loss: 0.63961
[  1,  7251] loss: 0.81194
[  1,  7301] loss: 0.93368
[  1,  7351] loss: 0.81815
[  1,  7401] loss: 0.98551
[  1,  7451] loss: 1.07526
[  1,  7501] loss: 0.88295
[  1,  7551] loss: 1.08594
[  1,  7601] loss: 1.06973
[  1,  7651] loss: 0.78827
[  1,  7701] loss: 0.69581
[  1,  7751] loss: 0.72698
[  1,  7801] loss: 0.90440
[  1,  7851] loss: 1.11657
[  1,  7901] loss: 0.76388
[  1,  7951] loss: 0.70659
[  1,  8001] loss: 0.78939
[  1,  8051] loss: 1.12733
[  1,  8101] loss: 0.97190
[  1,  8151] loss: 0.77633
[  1,  8201] loss: 0.73001
[  1,  8251] loss: 0.91943
[  1,  8301] loss: 1.41820
[  1,  8351] loss: 1.57807
[  1,  8401] loss: 0.92859
[  1,  8451] loss: 0.77005
[  1,  8501] loss: 0.70312
[  1,  8551] loss: 0.66646
[  1,  8601] loss: 0.62458
[  1,  8651] loss: 0.61559
[  1,  8701] loss: 0.67656
[  1,  8751] loss: 0.63643
[  1,  8801] loss: 0.77369
[  1,  8851] loss: 1.24706
[  1,  8901] loss: 0.95076
[  1,  8951] loss: 1.17459
[  1,  9001] loss: 1.12795
[  1,  9051] loss: 0.65234
[  1,  9101] loss: 0.61600
[  1,  9151] loss: 0.71487
[  1,  9201] loss: 0.73694
[  1,  9251] loss: 0.89934
[  1,  9301] loss: 0.80482
[  1,  9351] loss: 0.71451
[  1,  9401] loss: 0.68652
[  1,  9451] loss: 0.69487
[  1,  9501] loss: 0.99791
[  1,  9551] loss: 1.16081
[  1,  9601] loss: 0.75881
[  1,  9651] loss: 0.70151
[  1,  9701] loss: 0.78504
[  1,  9751] loss: 1.14329
[  1,  9801] loss: 0.94945
[  1,  9851] loss: 0.68788
[  1,  9901] loss: 0.64077
[  1,  9951] loss: 0.69580
[  1, 10001] loss: 0.65624
[  1, 10051] loss: 0.65435
[  1, 10101] loss: 0.65708
[  1, 10151] loss: 0.70674
[  1, 10201] loss: 0.75677
[  1, 10251] loss: 0.64279
[  1, 10301] loss: 0.69052
[  1, 10351] loss: 0.77205
[  1, 10401] loss: 0.88925
[  1, 10451] loss: 0.80250
[  1, 10501] loss: 0.72379
[  1, 10551] loss: 0.88456
[  1, 10601] loss: 0.90277
[  1, 10651] loss: 1.02195
[  1, 10701] loss: 0.79203
[  1, 10751] loss: 0.60802
[  1, 10801] loss: 0.63221
[  1, 10851] loss: 0.73388
[  1, 10901] loss: 0.67940
[  1, 10951] loss: 0.72334
[  1, 11001] loss: 0.77114
[  1, 11051] loss: 0.74971
[  1, 11101] loss: 0.86145
[  1, 11151] loss: 0.78561
[  1, 11201] loss: 0.85503
[  1, 11251] loss: 1.12240
[  1, 11301] loss: 1.14571
[  1, 11351] loss: 0.85853
[  1, 11401] loss: 0.84149
[  1, 11451] loss: 0.81291
[  1, 11501] loss: 1.25653
[  1, 11551] loss: 1.22689
[  1, 11601] loss: 1.07675
[  1, 11651] loss: 0.73203
[  1, 11701] loss: 0.72000
[  1, 11751] loss: 0.65567
[  1, 11801] loss: 0.71566
[  1, 11851] loss: 0.67888
[  1, 11901] loss: 0.68757
[  1, 11951] loss: 0.66516
[  1, 12001] loss: 0.65273
[  1, 12051] loss: 0.71283
[  1, 12101] loss: 0.66813
[  1, 12151] loss: 0.66011
[  1, 12201] loss: 0.67835
[  1, 12251] loss: 0.62279
[  1, 12301] loss: 0.62606
[  1, 12351] loss: 0.67507
[  1, 12401] loss: 0.62271
[  1, 12451] loss: 0.70111
[  1, 12501] loss: 0.64319
[  1, 12551] loss: 0.71178
[  1, 12601] loss: 0.98526
[  1, 12651] loss: 1.14808
[  1, 12701] loss: 0.93302
[  1, 12751] loss: 1.26715
[  1, 12801] loss: 0.84617
[  1, 12851] loss: 0.86898
[  1, 12901] loss: 0.88179
[  1, 12951] loss: 0.70880
[  1, 13001] loss: 0.74799
[  1, 13051] loss: 0.80811
[  1, 13101] loss: 1.14893
[  1, 13151] loss: 1.09883
[  1, 13201] loss: 0.69153
[  1, 13251] loss: 0.68519
[  1, 13301] loss: 0.62966
[  1, 13351] loss: 0.92134
[  1, 13401] loss: 0.99684
[  1, 13451] loss: 0.87613
[  1, 13501] loss: 1.19489
[  1, 13551] loss: 0.72750
[  1, 13601] loss: 0.69707
[  1, 13651] loss: 0.68318
[  1, 13701] loss: 0.70204
[  1, 13751] loss: 0.66478
[  1, 13801] loss: 0.68538
[  1, 13851] loss: 0.73169
[  1, 13901] loss: 0.69411
[  1, 13951] loss: 0.68928
[  1, 14001] loss: 0.67777
[  1, 14051] loss: 0.65792
[  1, 14101] loss: 0.63036
[  1, 14151] loss: 0.62880
[  1, 14201] loss: 0.70784
[  1, 14251] loss: 0.75083
[  1, 14301] loss: 0.78809
[  1, 14351] loss: 0.69097
[  1, 14401] loss: 0.61859
[  1, 14451] loss: 0.65063
[  1, 14501] loss: 0.64503
[  1, 14551] loss: 0.66032
[  1, 14601] loss: 0.60417
[  1, 14651] loss: 0.63273
[  1, 14701] loss: 0.62894
[  1, 14751] loss: 0.63295
[  1, 14801] loss: 0.72778
[  1, 14851] loss: 0.89603
[  1, 14901] loss: 0.82546
[  1, 14951] loss: 1.11618
[  1, 15001] loss: 0.87637
[  1, 15051] loss: 0.63194
[  1, 15101] loss: 0.88923
[  1, 15151] loss: 0.92478
[  1, 15201] loss: 0.67462
[  1, 15251] loss: 0.66759
[  1, 15301] loss: 0.65996
[  1, 15351] loss: 0.64787
[  1, 15401] loss: 0.63442
[  1, 15451] loss: 0.78702
[  1, 15501] loss: 0.87563
[  1, 15551] loss: 0.93787
[  1, 15601] loss: 0.94851
[  1, 15651] loss: 1.82308
[  1, 15701] loss: 1.06992
[  1, 15751] loss: 0.92166
[  1, 15801] loss: 0.91576
[  1, 15851] loss: 0.99592
[  1, 15901] loss: 0.99378
[  1, 15951] loss: 1.02936
[  1, 16001] loss: 0.85742
[  1, 16051] loss: 0.70792
[  1, 16101] loss: 0.75544
[  1, 16151] loss: 0.76926
[  1, 16201] loss: 0.60451
[  1, 16251] loss: 0.69222
[  1, 16301] loss: 0.76603
[  1, 16351] loss: 0.92111
[  1, 16401] loss: 0.77185
[  1, 16451] loss: 0.75232
[  1, 16501] loss: 0.71195
[  1, 16551] loss: 0.88559
[  1, 16601] loss: 0.96172
[  1, 16651] loss: 0.75707
[  1, 16701] loss: 0.67116
[  1, 16751] loss: 0.67551
[  1, 16801] loss: 0.85826
[  1, 16851] loss: 0.87246
[  1, 16901] loss: 0.80054
[  1, 16951] loss: 0.73876
[  1, 17001] loss: 0.67175
[  1, 17051] loss: 0.68126
[  1, 17101] loss: 0.63876
[  1, 17151] loss: 0.69778
[  1, 17201] loss: 0.99123
[  1, 17251] loss: 0.81209
[  1, 17301] loss: 0.65868
[  1, 17351] loss: 0.65194
[  1, 17401] loss: 0.60820
[  1, 17451] loss: 0.68533
[  1, 17501] loss: 0.91473
[  1, 17551] loss: 0.61241
[  1, 17601] loss: 0.73044
[  1, 17651] loss: 0.61341
[  1, 17701] loss: 0.66882
[  1, 17751] loss: 0.76540
[  1, 17801] loss: 0.66583
[  1, 17851] loss: 0.83929
[  1, 17901] loss: 0.96577
[  1, 17951] loss: 1.16317
[  1, 18001] loss: 1.01511
[  1, 18051] loss: 0.75554
[  1, 18101] loss: 0.65283
[  1, 18151] loss: 0.62777
[  1, 18201] loss: 0.78250
[  1, 18251] loss: 0.73895
[  1, 18301] loss: 0.73988
[  1, 18351] loss: 0.73450
[  1, 18401] loss: 0.66431
[  1, 18451] loss: 0.68535
[  1, 18501] loss: 0.62190
[  1, 18551] loss: 0.62867
[  1, 18601] loss: 0.68092
[  1, 18651] loss: 0.99225
[  1, 18701] loss: 0.95310
[  1, 18751] loss: 1.01857
[  1, 18801] loss: 0.92361
[  1, 18851] loss: 0.88233
[  1, 18901] loss: 0.92323
[  1, 18951] loss: 0.72739
[  1, 19001] loss: 0.53716
[  1, 19051] loss: 0.64318
[  1, 19101] loss: 0.66576
[  1, 19151] loss: 0.69388
[  1, 19201] loss: 0.65525
[  1, 19251] loss: 0.63966
[  1, 19301] loss: 0.73368
[  1, 19351] loss: 0.78139
[  1, 19401] loss: 0.69400
[  1, 19451] loss: 0.68405
[  1, 19501] loss: 0.73108
[  1, 19551] loss: 0.95803
[  1, 19601] loss: 0.68947
[  1, 19651] loss: 0.60796
[  1, 19701] loss: 0.72073
[  1, 19751] loss: 0.75389
[  1, 19801] loss: 0.60844
[  1, 19851] loss: 0.63921
[  1, 19901] loss: 0.66751
[  1, 19951] loss: 0.75664
[  1, 20001] loss: 0.78687
[  1, 20051] loss: 1.14839
[  1, 20101] loss: 1.17066
[  1, 20151] loss: 0.73242
[  1, 20201] loss: 0.88169
[  1, 20251] loss: 1.26619
[  1, 20301] loss: 0.86613
[  1, 20351] loss: 0.79281
[  1, 20401] loss: 0.60408
[  1, 20451] loss: 0.58702
[  1, 20501] loss: 0.66209
[  1, 20551] loss: 0.67736
[  1, 20601] loss: 0.64743
[  1, 20651] loss: 0.59937
[  1, 20701] loss: 0.72066
[  1, 20751] loss: 0.66743
[  1, 20801] loss: 0.68168
[  1, 20851] loss: 0.68219
[  1, 20901] loss: 0.66328
[  1, 20951] loss: 0.74445
[  1, 21001] loss: 0.84474
[  1, 21051] loss: 0.87671
[  1, 21101] loss: 0.87681
[  1, 21151] loss: 0.70627
[  1, 21201] loss: 0.70763
[  1, 21251] loss: 0.71068
[  1, 21301] loss: 0.67284
[  1, 21351] loss: 0.73108
[  1, 21401] loss: 0.67758
[  1, 21451] loss: 0.65396
[  1, 21501] loss: 0.82641
[  1, 21551] loss: 1.13753
[  1, 21601] loss: 1.07532
[  1, 21651] loss: 0.79910
[  1, 21701] loss: 0.67725
[  1, 21751] loss: 0.78821
[  1, 21801] loss: 0.87242
[  1, 21851] loss: 0.72614
[  1, 21901] loss: 0.82258
[  1, 21951] loss: 0.77871
[  1, 22001] loss: 0.54098
[  1, 22051] loss: 0.64633
[  1, 22101] loss: 0.69284
[  1, 22151] loss: 0.77447
[  1, 22201] loss: 0.90535
[  1, 22251] loss: 0.85539
[  1, 22301] loss: 0.75993
[  1, 22351] loss: 0.73216
[  1, 22401] loss: 0.67336
[  1, 22451] loss: 0.69523
[  1, 22501] loss: 0.75740
[  1, 22551] loss: 0.70912
[  1, 22601] loss: 0.60819
[  1, 22651] loss: 0.68228
[  1, 22701] loss: 0.82664
[  1, 22751] loss: 0.59415
[  1, 22801] loss: 0.69593
[  1, 22851] loss: 0.81023
[  1, 22901] loss: 0.75615
[  1, 22951] loss: 0.60080
[  1, 23001] loss: 0.71481
[  1, 23051] loss: 0.89519
[  1, 23101] loss: 0.81515
[  1, 23151] loss: 0.96308
[  1, 23201] loss: 0.76006
[  1, 23251] loss: 0.85698
[  1, 23301] loss: 1.17819
[  1, 23351] loss: 0.84132
[  1, 23401] loss: 0.61466
[  1, 23451] loss: 0.64274
[  1, 23501] loss: 0.58602
[  1, 23551] loss: 0.69037
[  1, 23601] loss: 0.60142
[  1, 23651] loss: 0.77946
[  1, 23701] loss: 0.70368
[  1, 23751] loss: 0.77046
[  1, 23801] loss: 0.87291
[  1, 23851] loss: 0.89630
[  1, 23901] loss: 1.07579
[  1, 23951] loss: 0.98261
[  1, 24001] loss: 0.71997
[  1, 24051] loss: 0.78542
[  1, 24101] loss: 0.82220
[  1, 24151] loss: 0.92145
[  1, 24201] loss: 0.79451
[  1, 24251] loss: 0.65214
[  1, 24301] loss: 0.76734
[  1, 24351] loss: 0.92413
[  1, 24401] loss: 0.96258
[  1, 24451] loss: 0.93060
[  1, 24501] loss: 0.81362
[  1, 24551] loss: 0.65953
[  1, 24601] loss: 0.58463
[  1, 24651] loss: 0.60339
[  1, 24701] loss: 0.81788
[  1, 24751] loss: 0.88062
[  1, 24801] loss: 0.98449
[  1, 24851] loss: 0.61795
[  1, 24901] loss: 0.59724
[  1, 24951] loss: 0.62470
[  2,     1] loss: 0.58308
[  2,    51] loss: 0.63603
[  2,   101] loss: 0.67602
[  2,   151] loss: 0.64789
[  2,   201] loss: 0.61313
[  2,   251] loss: 0.59973
[  2,   301] loss: 0.75317
[  2,   351] loss: 0.90885
[  2,   401] loss: 0.72389
[  2,   451] loss: 0.63603
[  2,   501] loss: 0.64692
[  2,   551] loss: 0.65845
[  2,   601] loss: 0.66287
[  2,   651] loss: 0.65296
[  2,   701] loss: 0.78008
[  2,   751] loss: 0.70260
[  2,   801] loss: 1.00387
[  2,   851] loss: 1.03676
[  2,   901] loss: 0.64627
[  2,   951] loss: 0.58631
[  2,  1001] loss: 0.63193
[  2,  1051] loss: 0.76777
[  2,  1101] loss: 0.76319
[  2,  1151] loss: 0.81545
[  2,  1201] loss: 0.70818
[  2,  1251] loss: 0.56228
[  2,  1301] loss: 0.82602
[  2,  1351] loss: 0.74600
[  2,  1401] loss: 0.57528
[  2,  1451] loss: 0.85912
[  2,  1501] loss: 0.93995
[  2,  1551] loss: 0.90194
[  2,  1601] loss: 0.70403
[  2,  1651] loss: 0.60361
[  2,  1701] loss: 0.59744
[  2,  1751] loss: 0.65930
[  2,  1801] loss: 0.62358
[  2,  1851] loss: 0.63893
[  2,  1901] loss: 0.54352
[  2,  1951] loss: 0.69125
[  2,  2001] loss: 0.69827
[  2,  2051] loss: 0.64821
[  2,  2101] loss: 0.59452
[  2,  2151] loss: 0.63318
[  2,  2201] loss: 0.64653
[  2,  2251] loss: 0.69730
[  2,  2301] loss: 0.68986
[  2,  2351] loss: 0.70795
[  2,  2401] loss: 0.66743
[  2,  2451] loss: 0.57222
[  2,  2501] loss: 0.65848
[  2,  2551] loss: 0.80432
[  2,  2601] loss: 0.97725
[  2,  2651] loss: 1.07353
[  2,  2701] loss: 0.91350
[  2,  2751] loss: 0.87572
[  2,  2801] loss: 0.77485
[  2,  2851] loss: 0.65094
[  2,  2901] loss: 0.94492
[  2,  2951] loss: 0.90566
[  2,  3001] loss: 0.98872
[  2,  3051] loss: 0.91606
[  2,  3101] loss: 0.82005
[  2,  3151] loss: 0.77777
[  2,  3201] loss: 1.18700
[  2,  3251] loss: 0.82888
[  2,  3301] loss: 0.61620
[  2,  3351] loss: 0.58856
[  2,  3401] loss: 0.66097
[  2,  3451] loss: 0.65225
[  2,  3501] loss: 0.75174
[  2,  3551] loss: 0.82340
[  2,  3601] loss: 0.74452
[  2,  3651] loss: 1.00009
[  2,  3701] loss: 1.03039
[  2,  3751] loss: 0.81489
[  2,  3801] loss: 0.73695
[  2,  3851] loss: 0.66403
[  2,  3901] loss: 0.71653
[  2,  3951] loss: 0.64108
[  2,  4001] loss: 0.59157
[  2,  4051] loss: 0.56533
[  2,  4101] loss: 0.59663
[  2,  4151] loss: 0.62341
[  2,  4201] loss: 0.60943
[  2,  4251] loss: 0.65841
[  2,  4301] loss: 0.72102
[  2,  4351] loss: 0.86950
[  2,  4401] loss: 0.99792
[  2,  4451] loss: 0.82948
[  2,  4501] loss: 0.86426
[  2,  4551] loss: 0.73720
[  2,  4601] loss: 0.75705
[  2,  4651] loss: 0.66149
[  2,  4701] loss: 0.64746
[  2,  4751] loss: 0.75650
[  2,  4801] loss: 0.83690
[  2,  4851] loss: 0.75600
[  2,  4901] loss: 0.81408
[  2,  4951] loss: 0.84030
[  2,  5001] loss: 0.71755
[  2,  5051] loss: 0.99010
[  2,  5101] loss: 0.97489
[  2,  5151] loss: 0.71156
[  2,  5201] loss: 0.84092
[  2,  5251] loss: 0.84092
[  2,  5301] loss: 0.73028
[  2,  5351] loss: 0.61333
[  2,  5401] loss: 0.57550
[  2,  5451] loss: 0.44184
[  2,  5501] loss: 0.59187
[  2,  5551] loss: 0.60063
[  2,  5601] loss: 0.58681
[  2,  5651] loss: 0.66788
[  2,  5701] loss: 0.77485
[  2,  5751] loss: 1.13357
[  2,  5801] loss: 0.66932
[  2,  5851] loss: 0.62124
[  2,  5901] loss: 0.62087
[  2,  5951] loss: 0.79568
[  2,  6001] loss: 0.62087
[  2,  6051] loss: 0.58844
[  2,  6101] loss: 0.63397
[  2,  6151] loss: 1.03123
[  2,  6201] loss: 0.72703
[  2,  6251] loss: 0.75470
[  2,  6301] loss: 0.71483
[  2,  6351] loss: 0.69176
[  2,  6401] loss: 0.65311
[  2,  6451] loss: 0.64046
[  2,  6501] loss: 0.71008
[  2,  6551] loss: 1.11128
[  2,  6601] loss: 1.15563
[  2,  6651] loss: 0.87287
[  2,  6701] loss: 0.94571
[  2,  6751] loss: 1.09345
[  2,  6801] loss: 0.64832
[  2,  6851] loss: 0.61384
[  2,  6901] loss: 0.54844
[  2,  6951] loss: 0.60458
[  2,  7001] loss: 0.55014
[  2,  7051] loss: 0.59302
[  2,  7101] loss: 0.56438
[  2,  7151] loss: 0.68346
[  2,  7201] loss: 0.63766
[  2,  7251] loss: 0.97792
[  2,  7301] loss: 0.78418
[  2,  7351] loss: 0.60419
[  2,  7401] loss: 0.65188
[  2,  7451] loss: 0.82414
[  2,  7501] loss: 0.71866
[  2,  7551] loss: 0.76423
[  2,  7601] loss: 0.89296
[  2,  7651] loss: 0.73831
[  2,  7701] loss: 0.58292
[  2,  7751] loss: 0.69366
[  2,  7801] loss: 0.72105
[  2,  7851] loss: 0.96689
[  2,  7901] loss: 0.75265
[  2,  7951] loss: 0.61288
[  2,  8001] loss: 0.74835
[  2,  8051] loss: 0.87951
[  2,  8101] loss: 0.80057
[  2,  8151] loss: 0.64371
[  2,  8201] loss: 0.70775
[  2,  8251] loss: 0.97129
[  2,  8301] loss: 1.34183
[  2,  8351] loss: 1.51822
[  2,  8401] loss: 0.86591
[  2,  8451] loss: 0.64897
[  2,  8501] loss: 0.65779
[  2,  8551] loss: 0.55667
[  2,  8601] loss: 0.55251
[  2,  8651] loss: 0.53400
[  2,  8701] loss: 0.62996
[  2,  8751] loss: 0.59258
[  2,  8801] loss: 0.69581
[  2,  8851] loss: 0.99650
[  2,  8901] loss: 0.87075
[  2,  8951] loss: 1.05420
[  2,  9001] loss: 1.22051
[  2,  9051] loss: 0.54476
[  2,  9101] loss: 0.51119
[  2,  9151] loss: 0.71522
[  2,  9201] loss: 0.64308
[  2,  9251] loss: 0.79315
[  2,  9301] loss: 0.78841
[  2,  9351] loss: 0.62183
[  2,  9401] loss: 0.60072
[  2,  9451] loss: 0.56636
[  2,  9501] loss: 0.87997
[  2,  9551] loss: 0.92540
[  2,  9601] loss: 0.71630
[  2,  9651] loss: 0.65724
[  2,  9701] loss: 0.72629
[  2,  9751] loss: 1.13628
[  2,  9801] loss: 0.92651
[  2,  9851] loss: 0.61238
[  2,  9901] loss: 0.59202
[  2,  9951] loss: 0.66422
[  2, 10001] loss: 0.69392
[  2, 10051] loss: 0.69844
[  2, 10101] loss: 0.76016
[  2, 10151] loss: 0.73477
[  2, 10201] loss: 0.78597
[  2, 10251] loss: 0.62267
[  2, 10301] loss: 0.57571
[  2, 10351] loss: 0.60252
[  2, 10401] loss: 0.65217
[  2, 10451] loss: 0.62585
[  2, 10501] loss: 0.55389
[  2, 10551] loss: 0.69136
[  2, 10601] loss: 0.76703
[  2, 10651] loss: 0.75714
[  2, 10701] loss: 0.72279
[  2, 10751] loss: 0.53173
[  2, 10801] loss: 0.53845
[  2, 10851] loss: 0.68303
[  2, 10901] loss: 0.63898
[  2, 10951] loss: 0.60140
[  2, 11001] loss: 0.55941
[  2, 11051] loss: 0.50974
[  2, 11101] loss: 0.65908
[  2, 11151] loss: 0.58738
[  2, 11201] loss: 0.59843
[  2, 11251] loss: 0.87550
[  2, 11301] loss: 1.06878
[  2, 11351] loss: 0.90850
[  2, 11401] loss: 0.76339
[  2, 11451] loss: 0.79242
[  2, 11501] loss: 1.12113
[  2, 11551] loss: 1.12485
[  2, 11601] loss: 1.04003
[  2, 11651] loss: 0.74028
[  2, 11701] loss: 0.68038
[  2, 11751] loss: 0.63524
[  2, 11801] loss: 0.72466
[  2, 11851] loss: 0.59093
[  2, 11901] loss: 0.59919
[  2, 11951] loss: 0.61260
[  2, 12001] loss: 0.56864
[  2, 12051] loss: 0.74192
[  2, 12101] loss: 0.67415
[  2, 12151] loss: 0.67144
[  2, 12201] loss: 0.70535
[  2, 12251] loss: 0.68744
[  2, 12301] loss: 0.59545
[  2, 12351] loss: 0.61693
[  2, 12401] loss: 0.73503
[  2, 12451] loss: 0.94406
[  2, 12501] loss: 0.62783
[  2, 12551] loss: 0.73592
[  2, 12601] loss: 1.07372
[  2, 12651] loss: 1.19487
[  2, 12701] loss: 0.85541
[  2, 12751] loss: 1.18556
[  2, 12801] loss: 0.79345
[  2, 12851] loss: 0.83604
[  2, 12901] loss: 0.78450
[  2, 12951] loss: 0.60702
[  2, 13001] loss: 0.66558
[  2, 13051] loss: 0.72929
[  2, 13101] loss: 0.88312
[  2, 13151] loss: 0.92301
[  2, 13201] loss: 0.63097
[  2, 13251] loss: 0.69192
[  2, 13301] loss: 0.58198
[  2, 13351] loss: 0.70481
[  2, 13401] loss: 0.76564
[  2, 13451] loss: 0.82458
[  2, 13501] loss: 1.19051
[  2, 13551] loss: 0.71269
[  2, 13601] loss: 0.62490
[  2, 13651] loss: 0.69373
[  2, 13701] loss: 0.72106
[  2, 13751] loss: 0.66713
[  2, 13801] loss: 0.75697
[  2, 13851] loss: 0.82282
[  2, 13901] loss: 0.73403
[  2, 13951] loss: 0.65871
[  2, 14001] loss: 0.63690
[  2, 14051] loss: 0.63141
[  2, 14101] loss: 0.56027
[  2, 14151] loss: 0.54410
[  2, 14201] loss: 0.66063
[  2, 14251] loss: 0.69067
[  2, 14301] loss: 0.74851
[  2, 14351] loss: 0.59745
[  2, 14401] loss: 0.54123
[  2, 14451] loss: 0.57705
[  2, 14501] loss: 0.60331
[  2, 14551] loss: 0.62906
[  2, 14601] loss: 0.52174
[  2, 14651] loss: 0.55790
[  2, 14701] loss: 0.59326
[  2, 14751] loss: 0.66820
[  2, 14801] loss: 0.68566
[  2, 14851] loss: 0.82374
[  2, 14901] loss: 0.69565
[  2, 14951] loss: 0.87726
[  2, 15001] loss: 0.87962
[  2, 15051] loss: 0.57018
[  2, 15101] loss: 0.85864
[  2, 15151] loss: 0.93290
[  2, 15201] loss: 0.63137
[  2, 15251] loss: 0.66290
[  2, 15301] loss: 0.59586
[  2, 15351] loss: 0.66356
[  2, 15401] loss: 0.73179
[  2, 15451] loss: 1.00389
[  2, 15501] loss: 0.81154
[  2, 15551] loss: 0.95496
[  2, 15601] loss: 0.82739
[  2, 15651] loss: 1.75424
[  2, 15701] loss: 0.93360
[  2, 15751] loss: 0.92363
[  2, 15801] loss: 0.88847
[  2, 15851] loss: 0.97515
[  2, 15901] loss: 0.84229
[  2, 15951] loss: 1.03879
[  2, 16001] loss: 0.96025
[  2, 16051] loss: 0.63817
[  2, 16101] loss: 0.75248
[  2, 16151] loss: 0.79708
[  2, 16201] loss: 0.46572
[  2, 16251] loss: 0.67552
[  2, 16301] loss: 0.75784
[  2, 16351] loss: 0.95365
[  2, 16401] loss: 0.79928
[  2, 16451] loss: 0.80674
[  2, 16501] loss: 0.79376
[  2, 16551] loss: 1.05212
[  2, 16601] loss: 0.95012
[  2, 16651] loss: 0.80645
[  2, 16701] loss: 0.63618
[  2, 16751] loss: 0.61110
[  2, 16801] loss: 0.79575
[  2, 16851] loss: 0.84759
[  2, 16901] loss: 0.82166
[  2, 16951] loss: 0.78739
[  2, 17001] loss: 0.78393
[  2, 17051] loss: 0.70895
[  2, 17101] loss: 0.68050
[  2, 17151] loss: 0.85119
[  2, 17201] loss: 1.42197
[  2, 17251] loss: 0.80070
[  2, 17301] loss: 0.62400
[  2, 17351] loss: 0.64251
[  2, 17401] loss: 0.53726
[  2, 17451] loss: 0.57658
[  2, 17501] loss: 0.70871
[  2, 17551] loss: 0.55232
[  2, 17601] loss: 0.63962
[  2, 17651] loss: 0.56334
[  2, 17701] loss: 0.72411
[  2, 17751] loss: 0.82086
[  2, 17801] loss: 0.64966
[  2, 17851] loss: 0.85268
[  2, 17901] loss: 0.95276
[  2, 17951] loss: 1.03519
[  2, 18001] loss: 1.03226
[  2, 18051] loss: 0.76490
[  2, 18101] loss: 0.64813
[  2, 18151] loss: 0.52873
[  2, 18201] loss: 0.70636
[  2, 18251] loss: 0.74194
[  2, 18301] loss: 0.76158
[  2, 18351] loss: 0.80930
[  2, 18401] loss: 0.65650
[  2, 18451] loss: 0.61778
[  2, 18501] loss: 0.56000
[  2, 18551] loss: 0.55938
[  2, 18601] loss: 0.64388
[  2, 18651] loss: 0.94134
[  2, 18701] loss: 0.91208
[  2, 18751] loss: 0.89833
[  2, 18801] loss: 0.84659
[  2, 18851] loss: 0.77298
[  2, 18901] loss: 0.93668
[  2, 18951] loss: 0.78335
[  2, 19001] loss: 0.50199
[  2, 19051] loss: 0.53689
[  2, 19101] loss: 0.61094
[  2, 19151] loss: 0.71283
[  2, 19201] loss: 0.80340
[  2, 19251] loss: 0.52685
[  2, 19301] loss: 0.57370
[  2, 19351] loss: 0.59691
[  2, 19401] loss: 0.49453
[  2, 19451] loss: 0.53052
[  2, 19501] loss: 0.63616
[  2, 19551] loss: 0.79070
[  2, 19601] loss: 0.70177
[  2, 19651] loss: 0.54763
[  2, 19701] loss: 0.60833
[  2, 19751] loss: 0.76745
[  2, 19801] loss: 0.50563
[  2, 19851] loss: 0.63972
[  2, 19901] loss: 0.75720
[  2, 19951] loss: 0.99410
[  2, 20001] loss: 1.04819
[  2, 20051] loss: 1.17707
[  2, 20101] loss: 1.25134
[  2, 20151] loss: 0.75127
[  2, 20201] loss: 0.96388
[  2, 20251] loss: 1.36017
[  2, 20301] loss: 0.91415
[  2, 20351] loss: 0.78726
[  2, 20401] loss: 0.56019
[  2, 20451] loss: 0.51867
[  2, 20501] loss: 0.56905
[  2, 20551] loss: 0.59494
[  2, 20601] loss: 0.56804
[  2, 20651] loss: 0.51169
[  2, 20701] loss: 0.87845
[  2, 20751] loss: 0.92964
[  2, 20801] loss: 0.70185
[  2, 20851] loss: 0.71913
[  2, 20901] loss: 0.66083
[  2, 20951] loss: 0.73264
[  2, 21001] loss: 0.73291
[  2, 21051] loss: 0.87196
[  2, 21101] loss: 0.77317
[  2, 21151] loss: 0.67352
[  2, 21201] loss: 0.69675
[  2, 21251] loss: 0.70284
[  2, 21301] loss: 0.61827
[  2, 21351] loss: 0.78850
[  2, 21401] loss: 0.67234
[  2, 21451] loss: 0.58447
[  2, 21501] loss: 0.82168
[  2, 21551] loss: 1.10649
[  2, 21601] loss: 1.12332
[  2, 21651] loss: 0.84853
[  2, 21701] loss: 0.64591
[  2, 21751] loss: 0.86967
[  2, 21801] loss: 1.03606
[  2, 21851] loss: 0.69723
[  2, 21901] loss: 0.79321
[  2, 21951] loss: 0.82211
[  2, 22001] loss: 0.47030
[  2, 22051] loss: 0.54935
[  2, 22101] loss: 0.57393
[  2, 22151] loss: 0.65767
[  2, 22201] loss: 0.89884
[  2, 22251] loss: 0.88385
[  2, 22301] loss: 0.66966
[  2, 22351] loss: 0.68588
[  2, 22401] loss: 0.71996
[  2, 22451] loss: 0.66633
[  2, 22501] loss: 0.76593
[  2, 22551] loss: 0.70658
[  2, 22601] loss: 0.61345
[  2, 22651] loss: 0.65683
[  2, 22701] loss: 0.84068
[  2, 22751] loss: 0.51993
[  2, 22801] loss: 0.65157
[  2, 22851] loss: 0.79182
[  2, 22901] loss: 0.75101
[  2, 22951] loss: 0.56267
[  2, 23001] loss: 0.75613
[  2, 23051] loss: 1.08619
[  2, 23101] loss: 0.78989
[  2, 23151] loss: 0.94637
[  2, 23201] loss: 0.72485
[  2, 23251] loss: 0.90694
[  2, 23301] loss: 1.37816
[  2, 23351] loss: 0.86561
[  2, 23401] loss: 0.54073
[  2, 23451] loss: 0.59769
[  2, 23501] loss: 0.48883
[  2, 23551] loss: 0.67595
[  2, 23601] loss: 0.65873
[  2, 23651] loss: 0.82376
[  2, 23701] loss: 0.67445
[  2, 23751] loss: 0.69184
[  2, 23801] loss: 0.83405
[  2, 23851] loss: 0.99873
[  2, 23901] loss: 1.16334
[  2, 23951] loss: 1.13723
[  2, 24001] loss: 0.65854
[  2, 24051] loss: 0.83635
[  2, 24101] loss: 0.77993
[  2, 24151] loss: 0.96076
[  2, 24201] loss: 0.88019
[  2, 24251] loss: 0.66717
[  2, 24301] loss: 0.68679
[  2, 24351] loss: 0.84601
[  2, 24401] loss: 0.99593
[  2, 24451] loss: 0.97430
[  2, 24501] loss: 0.79681
[  2, 24551] loss: 0.62880
[  2, 24601] loss: 0.49109
[  2, 24651] loss: 0.51268
[  2, 24701] loss: 0.77311
[  2, 24751] loss: 0.77020
[  2, 24801] loss: 1.08813
[  2, 24851] loss: 0.55237
[  2, 24901] loss: 0.56564
[  2, 24951] loss: 0.62093
[  3,     1] loss: 0.58084
[  3,    51] loss: 0.65255
[  3,   101] loss: 0.75280
[  3,   151] loss: 0.85211
[  3,   201] loss: 0.66621
[  3,   251] loss: 0.58550
[  3,   301] loss: 0.56894
[  3,   351] loss: 0.59282
[  3,   401] loss: 0.62708
[  3,   451] loss: 0.87798
[  3,   501] loss: 1.15014
[  3,   551] loss: 0.96841
[  3,   601] loss: 0.74495
[  3,   651] loss: 0.58314
[  3,   701] loss: 0.67599
[  3,   751] loss: 0.49293
[  3,   801] loss: 0.55959
[  3,   851] loss: 0.63260
[  3,   901] loss: 0.58983
[  3,   951] loss: 0.51632
[  3,  1001] loss: 0.53468
[  3,  1051] loss: 0.63637
[  3,  1101] loss: 0.67087
[  3,  1151] loss: 0.84713
[  3,  1201] loss: 0.67705
[  3,  1251] loss: 0.47276
[  3,  1301] loss: 0.66696
[  3,  1351] loss: 0.63182
[  3,  1401] loss: 0.53396
[  3,  1451] loss: 0.75928
[  3,  1501] loss: 0.86385
[  3,  1551] loss: 0.92990
[  3,  1601] loss: 0.74759
[  3,  1651] loss: 0.53208
[  3,  1701] loss: 0.52630
[  3,  1751] loss: 0.67158
[  3,  1801] loss: 0.58486
[  3,  1851] loss: 0.60755
[  3,  1901] loss: 0.51233
[  3,  1951] loss: 0.62174
[  3,  2001] loss: 0.65210
[  3,  2051] loss: 0.58343
[  3,  2101] loss: 0.58212
[  3,  2151] loss: 0.67987
[  3,  2201] loss: 0.69315
[  3,  2251] loss: 0.64619
[  3,  2301] loss: 0.98329
[  3,  2351] loss: 1.03148
[  3,  2401] loss: 1.13101
[  3,  2451] loss: 1.18694
[  3,  2501] loss: 1.04514
[  3,  2551] loss: 0.69762
[  3,  2601] loss: 0.90497
[  3,  2651] loss: 1.12136
[  3,  2701] loss: 0.81590
[  3,  2751] loss: 0.75763
[  3,  2801] loss: 0.76584
[  3,  2851] loss: 0.53742
[  3,  2901] loss: 0.92009
[  3,  2951] loss: 0.91427
[  3,  3001] loss: 1.05050
[  3,  3051] loss: 1.08651
[  3,  3101] loss: 0.78555
[  3,  3151] loss: 0.69565
[  3,  3201] loss: 1.14835
[  3,  3251] loss: 0.90701
[  3,  3301] loss: 0.61454
[  3,  3351] loss: 0.57996
[  3,  3401] loss: 0.63243
[  3,  3451] loss: 0.61043
[  3,  3501] loss: 0.74732
[  3,  3551] loss: 0.76415
[  3,  3601] loss: 0.75789
[  3,  3651] loss: 0.98008
[  3,  3701] loss: 0.92537
[  3,  3751] loss: 0.75811
[  3,  3801] loss: 0.64851
[  3,  3851] loss: 0.58482
[  3,  3901] loss: 0.63764
[  3,  3951] loss: 0.67464
[  3,  4001] loss: 0.67927
[  3,  4051] loss: 0.50856
[  3,  4101] loss: 0.49404
[  3,  4151] loss: 0.54723
[  3,  4201] loss: 0.56437
[  3,  4251] loss: 0.72698
[  3,  4301] loss: 0.68638
[  3,  4351] loss: 0.81357
[  3,  4401] loss: 0.96330
[  3,  4451] loss: 0.83452
[  3,  4501] loss: 0.89639
[  3,  4551] loss: 0.64851
[  3,  4601] loss: 0.70120
[  3,  4651] loss: 0.58233
[  3,  4701] loss: 0.56854
[  3,  4751] loss: 0.66731
[  3,  4801] loss: 0.60185
[  3,  4851] loss: 0.61641
[  3,  4901] loss: 0.51253
[  3,  4951] loss: 0.64498
[  3,  5001] loss: 0.63579
[  3,  5051] loss: 0.94177
[  3,  5101] loss: 1.02409
[  3,  5151] loss: 0.66121
[  3,  5201] loss: 0.77928
[  3,  5251] loss: 0.71352
[  3,  5301] loss: 0.65162
[  3,  5351] loss: 0.57864
[  3,  5401] loss: 0.47404
[  3,  5451] loss: 0.32187
[  3,  5501] loss: 0.48127
[  3,  5551] loss: 0.55599
[  3,  5601] loss: 0.74523
[  3,  5651] loss: 0.96075
[  3,  5701] loss: 0.98874
[  3,  5751] loss: 1.13194
[  3,  5801] loss: 0.52469
[  3,  5851] loss: 0.61855
[  3,  5901] loss: 0.60898
[  3,  5951] loss: 0.79492
[  3,  6001] loss: 0.53427
[  3,  6051] loss: 0.49835
[  3,  6101] loss: 0.52371
[  3,  6151] loss: 0.90628
[  3,  6201] loss: 0.72706
[  3,  6251] loss: 0.71727
[  3,  6301] loss: 0.68993
[  3,  6351] loss: 0.65565
[  3,  6401] loss: 0.55247
[  3,  6451] loss: 0.57764
[  3,  6501] loss: 0.66956
[  3,  6551] loss: 0.99110
[  3,  6601] loss: 1.01945
[  3,  6651] loss: 0.92333
[  3,  6701] loss: 1.01930
[  3,  6751] loss: 1.14778
[  3,  6801] loss: 0.57109
[  3,  6851] loss: 0.54724
[  3,  6901] loss: 0.44771
[  3,  6951] loss: 0.59662
[  3,  7001] loss: 0.51320
[  3,  7051] loss: 0.66053
[  3,  7101] loss: 0.49074
[  3,  7151] loss: 0.70827
[  3,  7201] loss: 0.62622
[  3,  7251] loss: 0.84718
[  3,  7301] loss: 0.68677
[  3,  7351] loss: 0.56853
[  3,  7401] loss: 0.52638
[  3,  7451] loss: 0.65534
[  3,  7501] loss: 0.47490
[  3,  7551] loss: 0.43767
[  3,  7601] loss: 0.55310
[  3,  7651] loss: 0.70134
[  3,  7701] loss: 0.43485
[  3,  7751] loss: 0.58788
[  3,  7801] loss: 0.56727
[  3,  7851] loss: 0.67139
[  3,  7901] loss: 0.62700
[  3,  7951] loss: 0.52138
[  3,  8001] loss: 0.78015
[  3,  8051] loss: 0.92038
[  3,  8101] loss: 0.78012
[  3,  8151] loss: 0.68556
[  3,  8201] loss: 0.82798
[  3,  8251] loss: 1.22384
[  3,  8301] loss: 1.34232
[  3,  8351] loss: 1.59769
[  3,  8401] loss: 0.91797
[  3,  8451] loss: 0.63114
[  3,  8501] loss: 0.66398
[  3,  8551] loss: 0.50884
[  3,  8601] loss: 0.45033
[  3,  8651] loss: 0.56638
[  3,  8701] loss: 0.71548
[  3,  8751] loss: 0.62697
[  3,  8801] loss: 0.54387
[  3,  8851] loss: 0.78966
[  3,  8901] loss: 0.77576
[  3,  8951] loss: 0.99510
[  3,  9001] loss: 1.39143
[  3,  9051] loss: 0.51342
[  3,  9101] loss: 0.50257
[  3,  9151] loss: 0.90793
[  3,  9201] loss: 0.87845
[  3,  9251] loss: 0.93727
[  3,  9301] loss: 0.74464
[  3,  9351] loss: 0.45077
[  3,  9401] loss: 0.49926
[  3,  9451] loss: 0.43758
[  3,  9501] loss: 0.61369
[  3,  9551] loss: 0.52639
[  3,  9601] loss: 0.71808
[  3,  9651] loss: 0.93650
[  3,  9701] loss: 0.54602
[  3,  9751] loss: 0.63931
[  3,  9801] loss: 0.74240
[  3,  9851] loss: 0.75304
[  3,  9901] loss: 1.01843
[  3,  9951] loss: 1.49403
[  3, 10001] loss: 0.72495
[  3, 10051] loss: 0.65887
[  3, 10101] loss: 0.62152
[  3, 10151] loss: 0.85070
[  3, 10201] loss: 1.13417
[  3, 10251] loss: 1.15947
[  3, 10301] loss: 1.13655
[  3, 10351] loss: 1.07564
[  3, 10401] loss: 0.85306
[  3, 10451] loss: 0.60750
[  3, 10501] loss: 0.45677
[  3, 10551] loss: 0.52649
[  3, 10601] loss: 0.64400
[  3, 10651] loss: 0.40425
[  3, 10701] loss: 0.44315
[  3, 10751] loss: 0.78795
[  3, 10801] loss: 1.14738
[  3, 10851] loss: 1.03835
[  3, 10901] loss: 0.53290
[  3, 10951] loss: 0.61863
[  3, 11001] loss: 0.58219
[  3, 11051] loss: 0.50455
[  3, 11101] loss: 0.66879
[  3, 11151] loss: 0.64483
[  3, 11201] loss: 0.52543
[  3, 11251] loss: 0.75058
[  3, 11301] loss: 0.85074
[  3, 11351] loss: 0.79326
[  3, 11401] loss: 0.57381
[  3, 11451] loss: 0.57730
[  3, 11501] loss: 0.50653
[  3, 11551] loss: 0.76944
[  3, 11601] loss: 0.80641
[  3, 11651] loss: 0.64262
[  3, 11701] loss: 0.57068
[  3, 11751] loss: 0.59710
[  3, 11801] loss: 0.66128
[  3, 11851] loss: 0.66788
[  3, 11901] loss: 0.80422
[  3, 11951] loss: 0.73731
[  3, 12001] loss: 0.63639
[  3, 12051] loss: 1.06496
[  3, 12101] loss: 0.80571
[  3, 12151] loss: 0.73314
[  3, 12201] loss: 0.97390
[  3, 12251] loss: 0.75740
[  3, 12301] loss: 0.48253
[  3, 12351] loss: 0.56411
[  3, 12401] loss: 0.50060
[  3, 12451] loss: 0.57273
[  3, 12501] loss: 0.52991
[  3, 12551] loss: 0.64458
[  3, 12601] loss: 0.65602
[  3, 12651] loss: 0.93139
[  3, 12701] loss: 0.78385
[  3, 12751] loss: 0.69086
[  3, 12801] loss: 0.87106
[  3, 12851] loss: 0.93488
[  3, 12901] loss: 0.75471
[  3, 12951] loss: 1.08952
[  3, 13001] loss: 1.37531
[  3, 13051] loss: 0.89763
[  3, 13101] loss: 0.52993
[  3, 13151] loss: 0.45089
[  3, 13201] loss: 0.49488
[  3, 13251] loss: 0.45593
[  3, 13301] loss: 0.63325
[  3, 13351] loss: 1.28914
[  3, 13401] loss: 1.26630
[  3, 13451] loss: 0.93924
[  3, 13501] loss: 1.18927
[  3, 13551] loss: 0.63206
[  3, 13601] loss: 0.52410
[  3, 13651] loss: 0.59349
[  3, 13701] loss: 0.60356
[  3, 13751] loss: 0.53768
[  3, 13801] loss: 0.53872
[  3, 13851] loss: 0.57548
[  3, 13901] loss: 0.57264
[  3, 13951] loss: 0.52455
[  3, 14001] loss: 0.55828
[  3, 14051] loss: 0.76729
[  3, 14101] loss: 0.74118
[  3, 14151] loss: 0.69272
[  3, 14201] loss: 0.76028
[  3, 14251] loss: 0.74809
[  3, 14301] loss: 0.65916
[  3, 14351] loss: 0.55635
[  3, 14401] loss: 0.39386
[  3, 14451] loss: 0.43088
[  3, 14501] loss: 0.47864
[  3, 14551] loss: 0.56266
[  3, 14601] loss: 0.49795
[  3, 14651] loss: 0.84350
[  3, 14701] loss: 1.05904
[  3, 14751] loss: 0.68239
[  3, 14801] loss: 0.47352
[  3, 14851] loss: 0.53872
[  3, 14901] loss: 0.82013
[  3, 14951] loss: 0.77972
[  3, 15001] loss: 0.92394
[  3, 15051] loss: 1.26359
[  3, 15101] loss: 0.79771
[  3, 15151] loss: 0.80449
[  3, 15201] loss: 1.52497
[  3, 15251] loss: 0.92475
[  3, 15301] loss: 0.85673
[  3, 15351] loss: 0.85181
[  3, 15401] loss: 0.74428
[  3, 15451] loss: 0.86864
[  3, 15501] loss: 0.67802
[  3, 15551] loss: 0.81940
[  3, 15601] loss: 0.53727
[  3, 15651] loss: 1.13035
[  3, 15701] loss: 0.85345
[  3, 15751] loss: 0.65689
[  3, 15801] loss: 0.70217
[  3, 15851] loss: 0.72526
[  3, 15901] loss: 0.57079
[  3, 15951] loss: 0.63259
[  3, 16001] loss: 0.84279
[  3, 16051] loss: 0.54294
[  3, 16101] loss: 0.58705
[  3, 16151] loss: 0.70199
[  3, 16201] loss: 0.33764
[  3, 16251] loss: 0.65485
[  3, 16301] loss: 0.80419
[  3, 16351] loss: 1.05153
[  3, 16401] loss: 0.83540
[  3, 16451] loss: 0.75548
[  3, 16501] loss: 0.78230
[  3, 16551] loss: 0.95512
[  3, 16601] loss: 0.97820
[  3, 16651] loss: 0.91262
[  3, 16701] loss: 0.57759
[  3, 16751] loss: 0.44226
[  3, 16801] loss: 0.68111
[  3, 16851] loss: 0.81408
[  3, 16901] loss: 0.73635
[  3, 16951] loss: 0.73291
[  3, 17001] loss: 0.76424
[  3, 17051] loss: 0.67654
[  3, 17101] loss: 0.62124
[  3, 17151] loss: 0.78495
[  3, 17201] loss: 1.26689
[  3, 17251] loss: 0.75074
[  3, 17301] loss: 0.53531
[  3, 17351] loss: 0.57952
[  3, 17401] loss: 0.45783
[  3, 17451] loss: 0.43845
[  3, 17501] loss: 0.56413
[  3, 17551] loss: 0.45361
[  3, 17601] loss: 0.56567
[  3, 17651] loss: 0.44164
[  3, 17701] loss: 0.48900
[  3, 17751] loss: 0.54735
[  3, 17801] loss: 0.41377
[  3, 17851] loss: 0.57395
[  3, 17901] loss: 0.52998
[  3, 17951] loss: 0.49114
[  3, 18001] loss: 0.59890
[  3, 18051] loss: 0.85397
[  3, 18101] loss: 1.00333
[  3, 18151] loss: 0.63577
[  3, 18201] loss: 0.63220
[  3, 18251] loss: 0.96465
[  3, 18301] loss: 1.09680
[  3, 18351] loss: 1.01103
[  3, 18401] loss: 0.90298
[  3, 18451] loss: 1.20095
[  3, 18501] loss: 1.04738
[  3, 18551] loss: 1.21562
[  3, 18601] loss: 0.73613
[  3, 18651] loss: 0.52715
[  3, 18701] loss: 0.56571
[  3, 18751] loss: 0.60575
[  3, 18801] loss: 0.52528
[  3, 18851] loss: 0.60205
[  3, 18901] loss: 0.90271
[  3, 18951] loss: 1.47118
[  3, 19001] loss: 1.25531
[  3, 19051] loss: 1.19824
[  3, 19101] loss: 0.53703
[  3, 19151] loss: 0.62300
[  3, 19201] loss: 0.43220
[  3, 19251] loss: 0.80994
[  3, 19301] loss: 1.08234
[  3, 19351] loss: 0.77406
[  3, 19401] loss: 0.58189
[  3, 19451] loss: 0.53804
[  3, 19501] loss: 0.51638
[  3, 19551] loss: 0.70159
[  3, 19601] loss: 0.52785
[  3, 19651] loss: 0.43224
[  3, 19701] loss: 0.47401
[  3, 19751] loss: 0.58734
[  3, 19801] loss: 0.38965
[  3, 19851] loss: 0.46245
[  3, 19901] loss: 0.58351
[  3, 19951] loss: 0.63847
[  3, 20001] loss: 0.52936
[  3, 20051] loss: 0.55072
[  3, 20101] loss: 0.46925
[  3, 20151] loss: 0.59951
[  3, 20201] loss: 0.57957
[  3, 20251] loss: 0.59503
[  3, 20301] loss: 0.74328
[  3, 20351] loss: 0.64746
[  3, 20401] loss: 0.38464
[  3, 20451] loss: 0.40156
[  3, 20501] loss: 0.53828
[  3, 20551] loss: 0.47583
[  3, 20601] loss: 0.52481
[  3, 20651] loss: 0.56990
[  3, 20701] loss: 0.64050
[  3, 20751] loss: 0.65255
[  3, 20801] loss: 1.19439
[  3, 20851] loss: 1.01408
[  3, 20901] loss: 0.79728
[  3, 20951] loss: 0.84312
[  3, 21001] loss: 1.04577
[  3, 21051] loss: 0.90487
[  3, 21101] loss: 0.75034
[  3, 21151] loss: 1.00753
[  3, 21201] loss: 1.13723
[  3, 21251] loss: 0.82730
[  3, 21301] loss: 0.84560
[  3, 21351] loss: 0.72884
[  3, 21401] loss: 1.10552
[  3, 21451] loss: 0.82877
[  3, 21501] loss: 0.74600
[  3, 21551] loss: 0.79342
[  3, 21601] loss: 0.82306
[  3, 21651] loss: 1.03293
[  3, 21701] loss: 1.07351
[  3, 21751] loss: 0.40239
[  3, 21801] loss: 0.55195
[  3, 21851] loss: 0.58319
[  3, 21901] loss: 0.57664
[  3, 21951] loss: 0.87206
[  3, 22001] loss: 0.83942
[  3, 22051] loss: 1.16946
[  3, 22101] loss: 0.66428
[  3, 22151] loss: 0.86571
[  3, 22201] loss: 0.93323
[  3, 22251] loss: 0.68953
[  3, 22301] loss: 0.52345
[  3, 22351] loss: 0.45918
[  3, 22401] loss: 0.70741
[  3, 22451] loss: 0.74128
[  3, 22501] loss: 0.75778
[  3, 22551] loss: 0.98059
[  3, 22601] loss: 1.24329
[  3, 22651] loss: 0.87141
[  3, 22701] loss: 0.74544
[  3, 22751] loss: 0.82452
[  3, 22801] loss: 0.88276
[  3, 22851] loss: 0.65256
[  3, 22901] loss: 0.59772
[  3, 22951] loss: 1.23826
[  3, 23001] loss: 0.84398
[  3, 23051] loss: 0.69130
[  3, 23101] loss: 0.75222
[  3, 23151] loss: 0.86073
[  3, 23201] loss: 0.81634
[  3, 23251] loss: 0.64165
[  3, 23301] loss: 0.64519
[  3, 23351] loss: 0.56247
[  3, 23401] loss: 0.67984
[  3, 23451] loss: 0.96645
[  3, 23501] loss: 0.71268
[  3, 23551] loss: 0.92303
[  3, 23601] loss: 0.61091
[  3, 23651] loss: 0.48865
[  3, 23701] loss: 0.48480
[  3, 23751] loss: 0.82468
[  3, 23801] loss: 0.94836
[  3, 23851] loss: 0.83301
[  3, 23901] loss: 0.53629
[  3, 23951] loss: 0.58220
[  3, 24001] loss: 0.91910
[  3, 24051] loss: 1.16428
[  3, 24101] loss: 0.83300
[  3, 24151] loss: 0.84322
[  3, 24201] loss: 0.81927
[  3, 24251] loss: 0.88735
[  3, 24301] loss: 0.54295
[  3, 24351] loss: 0.70755
[  3, 24401] loss: 0.45974
[  3, 24451] loss: 0.41646
[  3, 24501] loss: 0.48929
[  3, 24551] loss: 0.71817
[  3, 24601] loss: 0.87894
[  3, 24651] loss: 0.75767
[  3, 24701] loss: 0.67679
[  3, 24751] loss: 0.38171
[  3, 24801] loss: 0.55352
[  3, 24851] loss: 0.78491
[  3, 24901] loss: 1.07337
[  3, 24951] loss: 0.93734
[  4,     1] loss: 0.75416
[  4,    51] loss: 0.61103
[  4,   101] loss: 0.72137
[  4,   151] loss: 0.57688
[  4,   201] loss: 0.65053
[  4,   251] loss: 0.88377
[  4,   301] loss: 1.11167
[  4,   351] loss: 1.15943
[  4,   401] loss: 0.59832
[  4,   451] loss: 0.47675
[  4,   501] loss: 0.55467
[  4,   551] loss: 0.59085
[  4,   601] loss: 0.85138
[  4,   651] loss: 1.26876
[  4,   701] loss: 1.08833
[  4,   751] loss: 0.66939
[  4,   801] loss: 0.85310
[  4,   851] loss: 0.96197
[  4,   901] loss: 0.46600
[  4,   951] loss: 0.48808
[  4,  1001] loss: 0.54616
[  4,  1051] loss: 0.55654
[  4,  1101] loss: 0.53111
[  4,  1151] loss: 0.60311
[  4,  1201] loss: 0.44830
[  4,  1251] loss: 0.57962
[  4,  1301] loss: 0.81486
[  4,  1351] loss: 0.47827
[  4,  1401] loss: 0.54162
[  4,  1451] loss: 0.63037
[  4,  1501] loss: 0.61322
[  4,  1551] loss: 0.51719
[  4,  1601] loss: 0.38566
[  4,  1651] loss: 0.52279
[  4,  1701] loss: 0.41352
[  4,  1751] loss: 0.51462
[  4,  1801] loss: 0.59192
[  4,  1851] loss: 0.76005
[  4,  1901] loss: 0.58366
[  4,  1951] loss: 0.79140
[  4,  2001] loss: 0.70714
[  4,  2051] loss: 0.71384
[  4,  2101] loss: 0.45529
[  4,  2151] loss: 0.68920
[  4,  2201] loss: 0.95821
[  4,  2251] loss: 1.05976
[  4,  2301] loss: 0.71327
[  4,  2351] loss: 0.67513
[  4,  2401] loss: 0.64679
[  4,  2451] loss: 0.47710
[  4,  2501] loss: 0.51495
[  4,  2551] loss: 0.60051
[  4,  2601] loss: 0.71872
[  4,  2651] loss: 0.69411
[  4,  2701] loss: 0.55824
[  4,  2751] loss: 0.53410
[  4,  2801] loss: 0.90158
[  4,  2851] loss: 0.67040
[  4,  2901] loss: 0.57176
[  4,  2951] loss: 0.97163
[  4,  3001] loss: 1.12285
[  4,  3051] loss: 0.61026
[  4,  3101] loss: 0.67751
[  4,  3151] loss: 0.65436
[  4,  3201] loss: 0.46487
[  4,  3251] loss: 0.56520
[  4,  3301] loss: 0.86989
[  4,  3351] loss: 1.29735
[  4,  3401] loss: 0.85633
[  4,  3451] loss: 0.51657
[  4,  3501] loss: 0.49461
[  4,  3551] loss: 0.94697
[  4,  3601] loss: 1.19964
[  4,  3651] loss: 0.59621
[  4,  3701] loss: 0.51467
[  4,  3751] loss: 0.82609
[  4,  3801] loss: 0.94970
[  4,  3851] loss: 0.86845
[  4,  3901] loss: 0.62015
[  4,  3951] loss: 0.51945
[  4,  4001] loss: 0.69349
[  4,  4051] loss: 0.99752
[  4,  4101] loss: 0.97421
[  4,  4151] loss: 0.80912
[  4,  4201] loss: 0.62329
[  4,  4251] loss: 0.43342
[  4,  4301] loss: 0.39543
[  4,  4351] loss: 0.45199
[  4,  4401] loss: 0.40673
[  4,  4451] loss: 0.42894
[  4,  4501] loss: 0.55236
[  4,  4551] loss: 0.62780
[  4,  4601] loss: 0.77083
[  4,  4651] loss: 0.91374
[  4,  4701] loss: 1.11490
[  4,  4751] loss: 1.10364
[  4,  4801] loss: 0.96331
[  4,  4851] loss: 0.94725
[  4,  4901] loss: 0.55184
[  4,  4951] loss: 0.76628
[  4,  5001] loss: 0.87187
[  4,  5051] loss: 0.60347
[  4,  5101] loss: 0.84205
[  4,  5151] loss: 0.87816
[  4,  5201] loss: 0.56767
[  4,  5251] loss: 0.87095
[  4,  5301] loss: 0.88663
[  4,  5351] loss: 1.37396
[  4,  5401] loss: 0.86935
[  4,  5451] loss: 0.47010
[  4,  5501] loss: 0.35799
[  4,  5551] loss: 0.61401
[  4,  5601] loss: 0.96074
[  4,  5651] loss: 0.97965
[  4,  5701] loss: 0.58187
[  4,  5751] loss: 0.64768
[  4,  5801] loss: 0.44020
[  4,  5851] loss: 0.74370
[  4,  5901] loss: 0.70473
[  4,  5951] loss: 0.64255
[  4,  6001] loss: 0.50370
[  4,  6051] loss: 0.40638
[  4,  6101] loss: 0.35681
[  4,  6151] loss: 0.57017
[  4,  6201] loss: 0.63238
[  4,  6251] loss: 0.98017
[  4,  6301] loss: 1.10370
[  4,  6351] loss: 1.20153
[  4,  6401] loss: 1.01537
[  4,  6451] loss: 0.83614
[  4,  6501] loss: 0.38080
[  4,  6551] loss: 0.55614
[  4,  6601] loss: 0.72584
[  4,  6651] loss: 0.91093
[  4,  6701] loss: 0.64411
[  4,  6751] loss: 0.68680
[  4,  6801] loss: 0.76847
[  4,  6851] loss: 0.70173
[  4,  6901] loss: 0.77762
[  4,  6951] loss: 1.12792
[  4,  7001] loss: 0.41762
[  4,  7051] loss: 0.50235
[  4,  7101] loss: 0.38698
[  4,  7151] loss: 0.47561
[  4,  7201] loss: 0.52340
[  4,  7251] loss: 0.48345
[  4,  7301] loss: 0.78383
[  4,  7351] loss: 1.34099
[  4,  7401] loss: 0.81090
[  4,  7451] loss: 0.93286
[  4,  7501] loss: 0.98873
[  4,  7551] loss: 0.52679
[  4,  7601] loss: 0.62745
[  4,  7651] loss: 1.40503
[  4,  7701] loss: 0.93049
[  4,  7751] loss: 0.73582
[  4,  7801] loss: 0.54390
[  4,  7851] loss: 0.52927
[  4,  7901] loss: 0.65223
[  4,  7951] loss: 0.85352
[  4,  8001] loss: 0.76508
[  4,  8051] loss: 0.50653
[  4,  8101] loss: 0.81869
[  4,  8151] loss: 1.20815
[  4,  8201] loss: 1.10526
[  4,  8251] loss: 0.58332
[  4,  8301] loss: 0.48995
[  4,  8351] loss: 0.50717
[  4,  8401] loss: 0.69959
[  4,  8451] loss: 0.93097
[  4,  8501] loss: 0.91280
[  4,  8551] loss: 0.63060
[  4,  8601] loss: 0.97224
[  4,  8651] loss: 0.58421
[  4,  8701] loss: 0.46114
[  4,  8751] loss: 0.69284
[  4,  8801] loss: 1.06866
[  4,  8851] loss: 0.89176
[  4,  8901] loss: 0.51173
[  4,  8951] loss: 0.34364
[  4,  9001] loss: 0.58104
[  4,  9051] loss: 0.53860
[  4,  9101] loss: 0.52968
[  4,  9151] loss: 0.84348
[  4,  9201] loss: 0.61564
[  4,  9251] loss: 0.43988
[  4,  9301] loss: 0.59561
[  4,  9351] loss: 0.93401
[  4,  9401] loss: 1.39580
[  4,  9451] loss: 0.73740
[  4,  9501] loss: 0.52550
[  4,  9551] loss: 0.37283
[  4,  9601] loss: 0.44383
[  4,  9651] loss: 0.39401
[  4,  9701] loss: 0.52857
[  4,  9751] loss: 0.87780
[  4,  9801] loss: 0.75661
[  4,  9851] loss: 0.49067
[  4,  9901] loss: 0.53657
[  4,  9951] loss: 0.76748
[  4, 10001] loss: 0.85178
[  4, 10051] loss: 0.72126
[  4, 10101] loss: 0.65069
[  4, 10151] loss: 0.63339
[  4, 10201] loss: 0.65868
[  4, 10251] loss: 0.41560
[  4, 10301] loss: 0.37267
[  4, 10351] loss: 0.49742
[  4, 10401] loss: 0.45221
[  4, 10451] loss: 0.68459
[  4, 10501] loss: 0.75733
[  4, 10551] loss: 0.65364
[  4, 10601] loss: 0.63540
[  4, 10651] loss: 0.31746
[  4, 10701] loss: 0.33821
[  4, 10751] loss: 0.59730
[  4, 10801] loss: 0.68879
[  4, 10851] loss: 0.63935
[  4, 10901] loss: 0.40184
[  4, 10951] loss: 0.37604
[  4, 11001] loss: 0.35511
[  4, 11051] loss: 0.37750
[  4, 11101] loss: 0.63652
[  4, 11151] loss: 0.82237
[  4, 11201] loss: 0.57546
[  4, 11251] loss: 0.52812
[  4, 11301] loss: 0.67098
[  4, 11351] loss: 0.81396
[  4, 11401] loss: 0.77958
[  4, 11451] loss: 0.84490
[  4, 11501] loss: 0.43218
[  4, 11551] loss: 0.43954
[  4, 11601] loss: 0.53615
[  4, 11651] loss: 0.82424
[  4, 11701] loss: 1.43777
[  4, 11751] loss: 0.60301
[  4, 11801] loss: 0.53090
[  4, 11851] loss: 0.46989
[  4, 11901] loss: 0.42751
[  4, 11951] loss: 0.51115
[  4, 12001] loss: 0.49319
[  4, 12051] loss: 0.70587
[  4, 12101] loss: 1.19902
[  4, 12151] loss: 0.99150
[  4, 12201] loss: 0.74088
[  4, 12251] loss: 0.86521
[  4, 12301] loss: 1.38150
[  4, 12351] loss: 0.80037
[  4, 12401] loss: 0.64639
[  4, 12451] loss: 0.50680
[  4, 12501] loss: 0.69557
[  4, 12551] loss: 0.60928
[  4, 12601] loss: 0.34198
[  4, 12651] loss: 0.38951
[  4, 12701] loss: 0.58497
[  4, 12751] loss: 0.97217
[  4, 12801] loss: 0.68708
[  4, 12851] loss: 0.91790
[  4, 12901] loss: 0.87718
[  4, 12951] loss: 0.50393
[  4, 13001] loss: 0.59936
[  4, 13051] loss: 0.73299
[  4, 13101] loss: 1.04643
[  4, 13151] loss: 0.70406
[  4, 13201] loss: 0.34822
[  4, 13251] loss: 0.35944
[  4, 13301] loss: 0.45068
[  4, 13351] loss: 0.62962
[  4, 13401] loss: 0.57473
[  4, 13451] loss: 0.58297
[  4, 13501] loss: 0.51244
[  4, 13551] loss: 0.40691
[  4, 13601] loss: 0.51355
[  4, 13651] loss: 0.53566
[  4, 13701] loss: 0.42092
[  4, 13751] loss: 0.62718
[  4, 13801] loss: 0.85993
[  4, 13851] loss: 0.77015
[  4, 13901] loss: 0.85646
[  4, 13951] loss: 1.11228
[  4, 14001] loss: 0.58663
[  4, 14051] loss: 0.78566
[  4, 14101] loss: 0.40474
[  4, 14151] loss: 0.32311
[  4, 14201] loss: 0.37963
[  4, 14251] loss: 0.48025
[  4, 14301] loss: 0.70217
[  4, 14351] loss: 1.08778
[  4, 14401] loss: 0.94842
[  4, 14451] loss: 0.65636
[  4, 14501] loss: 0.69911
[  4, 14551] loss: 0.63556
[  4, 14601] loss: 0.56051
[  4, 14651] loss: 0.47389
[  4, 14701] loss: 0.42296
[  4, 14751] loss: 0.57285
[  4, 14801] loss: 0.68574
[  4, 14851] loss: 0.64996
[  4, 14901] loss: 0.35422
[  4, 14951] loss: 0.38225
[  4, 15001] loss: 0.40871
[  4, 15051] loss: 0.40334
[  4, 15101] loss: 1.02012
[  4, 15151] loss: 1.02643
[  4, 15201] loss: 0.35675
[  4, 15251] loss: 0.45030
[  4, 15301] loss: 0.49059
[  4, 15351] loss: 0.82362
[  4, 15401] loss: 0.64587
[  4, 15451] loss: 0.88854
[  4, 15501] loss: 0.57544
[  4, 15551] loss: 1.03172
[  4, 15601] loss: 0.78218
[  4, 15651] loss: 0.59852
[  4, 15701] loss: 0.24843
[  4, 15751] loss: 0.60252
[  4, 15801] loss: 0.90019
[  4, 15851] loss: 0.63467
[  4, 15901] loss: 0.61569
[  4, 15951] loss: 0.46040
[  4, 16001] loss: 0.67432
[  4, 16051] loss: 0.59933
[  4, 16101] loss: 0.54188
[  4, 16151] loss: 1.12314
[  4, 16201] loss: 1.64666
[  4, 16251] loss: 1.54295
[  4, 16301] loss: 0.73742
[  4, 16351] loss: 0.72186
[  4, 16401] loss: 0.40445
[  4, 16451] loss: 0.43257
[  4, 16501] loss: 0.55578
[  4, 16551] loss: 0.74968
[  4, 16601] loss: 0.90635
[  4, 16651] loss: 0.71573
[  4, 16701] loss: 0.95831
[  4, 16751] loss: 1.21075
[  4, 16801] loss: 0.89486
[  4, 16851] loss: 0.56269
[  4, 16901] loss: 0.42217
[  4, 16951] loss: 0.45751
[  4, 17001] loss: 0.61935
[  4, 17051] loss: 0.89499
[  4, 17101] loss: 0.70199
[  4, 17151] loss: 0.69573
[  4, 17201] loss: 0.63471
[  4, 17251] loss: 1.08975
[  4, 17301] loss: 1.41372
[  4, 17351] loss: 0.71036
[  4, 17401] loss: 0.40119
[  4, 17451] loss: 0.39963
[  4, 17501] loss: 0.31736
[  4, 17551] loss: 0.47073
[  4, 17601] loss: 0.47642
[  4, 17651] loss: 0.28599
[  4, 17701] loss: 0.43638
[  4, 17751] loss: 0.55614
[  4, 17801] loss: 0.34103
[  4, 17851] loss: 0.36379
[  4, 17901] loss: 0.36344
[  4, 17951] loss: 0.52864
[  4, 18001] loss: 0.73771
[  4, 18051] loss: 0.62233
[  4, 18101] loss: 0.66575
[  4, 18151] loss: 0.85097
[  4, 18201] loss: 1.02016
[  4, 18251] loss: 0.68108
[  4, 18301] loss: 0.74186
[  4, 18351] loss: 0.78931
[  4, 18401] loss: 0.59761
[  4, 18451] loss: 0.40320
[  4, 18501] loss: 0.56035
[  4, 18551] loss: 0.45883
[  4, 18601] loss: 0.71765
[  4, 18651] loss: 1.22156
[  4, 18701] loss: 0.56324
[  4, 18751] loss: 0.46406
[  4, 18801] loss: 0.55031
[  4, 18851] loss: 0.46463
[  4, 18901] loss: 0.84521
[  4, 18951] loss: 0.94076
[  4, 19001] loss: 0.43784
[  4, 19051] loss: 0.28507
[  4, 19101] loss: 0.48347
[  4, 19151] loss: 0.66502
[  4, 19201] loss: 0.62538
[  4, 19251] loss: 0.43020
[  4, 19301] loss: 0.45455
[  4, 19351] loss: 0.49939
[  4, 19401] loss: 0.56734
[  4, 19451] loss: 1.02740
[  4, 19501] loss: 0.78448
[  4, 19551] loss: 0.59852
[  4, 19601] loss: 0.51695
[  4, 19651] loss: 0.74740
[  4, 19701] loss: 0.42933
[  4, 19751] loss: 0.76494
[  4, 19801] loss: 1.05275
[  4, 19851] loss: 0.51030
[  4, 19901] loss: 0.59670
[  4, 19951] loss: 0.61386
[  4, 20001] loss: 0.50043
[  4, 20051] loss: 0.38550
[  4, 20101] loss: 0.34170
[  4, 20151] loss: 0.33464
[  4, 20201] loss: 0.43074
[  4, 20251] loss: 0.37236
[  4, 20301] loss: 0.42808
[  4, 20351] loss: 0.57328
[  4, 20401] loss: 0.64362
[  4, 20451] loss: 0.80757
[  4, 20501] loss: 0.86638
[  4, 20551] loss: 0.71303
[  4, 20601] loss: 0.56588
[  4, 20651] loss: 0.39596
[  4, 20701] loss: 0.44796
[  4, 20751] loss: 0.50889
[  4, 20801] loss: 0.52188
[  4, 20851] loss: 0.59533
[  4, 20901] loss: 0.96778
[  4, 20951] loss: 0.82188
[  4, 21001] loss: 0.63967
[  4, 21051] loss: 0.73848
[  4, 21101] loss: 0.69996
[  4, 21151] loss: 0.72733
[  4, 21201] loss: 0.70484
[  4, 21251] loss: 0.73919
[  4, 21301] loss: 0.42494
[  4, 21351] loss: 0.73145
[  4, 21401] loss: 0.66245
[  4, 21451] loss: 0.63118
[  4, 21501] loss: 1.00994
[  4, 21551] loss: 0.99984
[  4, 21601] loss: 1.29216
[  4, 21651] loss: 0.88090
[  4, 21701] loss: 0.58981
[  4, 21751] loss: 0.54949
[  4, 21801] loss: 0.72394
[  4, 21851] loss: 0.63043
[  4, 21901] loss: 0.52115
[  4, 21951] loss: 0.80669
[  4, 22001] loss: 0.52449
[  4, 22051] loss: 0.42567
[  4, 22101] loss: 0.57482
[  4, 22151] loss: 0.58296
[  4, 22201] loss: 0.73067
[  4, 22251] loss: 0.90849
[  4, 22301] loss: 0.98551
[  4, 22351] loss: 1.08857
[  4, 22401] loss: 1.23709
[  4, 22451] loss: 0.75118
[  4, 22501] loss: 0.46269
[  4, 22551] loss: 0.32652
[  4, 22601] loss: 0.33287
[  4, 22651] loss: 0.33492
[  4, 22701] loss: 0.42423
[  4, 22751] loss: 0.34289
[  4, 22801] loss: 0.43222
[  4, 22851] loss: 0.61792
[  4, 22901] loss: 0.78906
[  4, 22951] loss: 0.37278
[  4, 23001] loss: 0.49322
[  4, 23051] loss: 0.89956
[  4, 23101] loss: 0.84171
[  4, 23151] loss: 1.09946
[  4, 23201] loss: 0.66294
[  4, 23251] loss: 0.90133
[  4, 23301] loss: 1.17918
[  4, 23351] loss: 0.83546
[  4, 23401] loss: 0.43309
[  4, 23451] loss: 0.54549
[  4, 23501] loss: 0.54365
[  4, 23551] loss: 0.75690
[  4, 23601] loss: 1.30123
[  4, 23651] loss: 1.04251
[  4, 23701] loss: 0.58919
[  4, 23751] loss: 0.44003
[  4, 23801] loss: 0.84786
[  4, 23851] loss: 1.01658
[  4, 23901] loss: 1.11803
[  4, 23951] loss: 1.08546
[  4, 24001] loss: 0.54250
[  4, 24051] loss: 0.79080
[  4, 24101] loss: 0.93650
[  4, 24151] loss: 0.90918
[  4, 24201] loss: 0.80263
[  4, 24251] loss: 0.55502
[  4, 24301] loss: 0.38261
[  4, 24351] loss: 0.58396
[  4, 24401] loss: 0.74805
[  4, 24451] loss: 0.84552
[  4, 24501] loss: 0.68398
[  4, 24551] loss: 0.46628
[  4, 24601] loss: 0.43021
[  4, 24651] loss: 0.68188
[  4, 24701] loss: 0.78521
[  4, 24751] loss: 0.88915
[  4, 24801] loss: 1.08628
[  4, 24851] loss: 0.47144
[  4, 24901] loss: 0.62732
[  4, 24951] loss: 0.91365
[  5,     1] loss: 0.61497
[  5,    51] loss: 0.92509
[  5,   101] loss: 0.70365
[  5,   151] loss: 0.74183
[  5,   201] loss: 0.51925
[  5,   251] loss: 0.44702
[  5,   301] loss: 0.40309
[  5,   351] loss: 0.79335
[  5,   401] loss: 1.63423
[  5,   451] loss: 0.95428
[  5,   501] loss: 1.17577
[  5,   551] loss: 0.91333
[  5,   601] loss: 0.69293
[  5,   651] loss: 0.32109
[  5,   701] loss: 0.47803
[  5,   751] loss: 0.60450
[  5,   801] loss: 0.47052
[  5,   851] loss: 0.50642
[  5,   901] loss: 0.71136
[  5,   951] loss: 1.15195
[  5,  1001] loss: 0.58254
[  5,  1051] loss: 0.45260
[  5,  1101] loss: 0.35756
[  5,  1151] loss: 0.67832
[  5,  1201] loss: 0.92973
[  5,  1251] loss: 0.46233
[  5,  1301] loss: 0.49691
[  5,  1351] loss: 0.50977
[  5,  1401] loss: 0.42440
[  5,  1451] loss: 0.53943
[  5,  1501] loss: 0.33561
[  5,  1551] loss: 0.32092
[  5,  1601] loss: 0.37214
[  5,  1651] loss: 0.40960
[  5,  1701] loss: 0.25100
[  5,  1751] loss: 0.37925
[  5,  1801] loss: 0.30812
[  5,  1851] loss: 0.35405
[  5,  1901] loss: 0.31915
[  5,  1951] loss: 0.42120
[  5,  2001] loss: 0.46833
[  5,  2051] loss: 0.63820
[  5,  2101] loss: 0.66857
[  5,  2151] loss: 0.59279
[  5,  2201] loss: 0.55535
[  5,  2251] loss: 0.32146
[  5,  2301] loss: 0.58058
[  5,  2351] loss: 0.52157
[  5,  2401] loss: 0.57809
[  5,  2451] loss: 1.01869
[  5,  2501] loss: 0.95362
[  5,  2551] loss: 0.60059
[  5,  2601] loss: 1.02521
[  5,  2651] loss: 0.94647
[  5,  2701] loss: 0.47129
[  5,  2751] loss: 0.47459
[  5,  2801] loss: 0.51844
[  5,  2851] loss: 0.47782
[  5,  2901] loss: 0.80093
[  5,  2951] loss: 0.88363
[  5,  3001] loss: 1.18414
[  5,  3051] loss: 1.30107
[  5,  3101] loss: 0.63485
[  5,  3151] loss: 0.50788
[  5,  3201] loss: 1.05798
[  5,  3251] loss: 0.67419
[  5,  3301] loss: 0.47998
[  5,  3351] loss: 0.56782
[  5,  3401] loss: 1.12010
[  5,  3451] loss: 0.76794
[  5,  3501] loss: 0.62080
[  5,  3551] loss: 0.53638
[  5,  3601] loss: 0.70496
[  5,  3651] loss: 0.78779
[  5,  3701] loss: 0.63198
[  5,  3751] loss: 0.63554
[  5,  3801] loss: 0.47188
[  5,  3851] loss: 0.39292
[  5,  3901] loss: 0.39640
[  5,  3951] loss: 0.39235
[  5,  4001] loss: 0.37595
[  5,  4051] loss: 0.36542
[  5,  4101] loss: 0.42053
[  5,  4151] loss: 0.56023
[  5,  4201] loss: 0.80132
[  5,  4251] loss: 0.79685
[  5,  4301] loss: 0.26857
[  5,  4351] loss: 0.32378
[  5,  4401] loss: 0.35224
[  5,  4451] loss: 0.24448
[  5,  4501] loss: 0.35497
[  5,  4551] loss: 0.36998
[  5,  4601] loss: 0.38371
[  5,  4651] loss: 0.32182
[  5,  4701] loss: 0.39297
[  5,  4751] loss: 0.73378
[  5,  4801] loss: 0.66335
[  5,  4851] loss: 0.62626
[  5,  4901] loss: 0.92103
[  5,  4951] loss: 0.83847
[  5,  5001] loss: 0.45137
[  5,  5051] loss: 0.56473
[  5,  5101] loss: 0.71023
[  5,  5151] loss: 0.45659
[  5,  5201] loss: 0.47278
[  5,  5251] loss: 0.46718
[  5,  5301] loss: 0.51417
[  5,  5351] loss: 0.29618
[  5,  5401] loss: 0.20236
[  5,  5451] loss: 0.28119
[  5,  5501] loss: 0.40293
[  5,  5551] loss: 0.28092
[  5,  5601] loss: 0.40889
[  5,  5651] loss: 0.76654
[  5,  5701] loss: 0.41941
[  5,  5751] loss: 0.52541
[  5,  5801] loss: 0.92835
[  5,  5851] loss: 1.01789
[  5,  5901] loss: 0.51343
[  5,  5951] loss: 0.21388
[  5,  6001] loss: 0.38228
[  5,  6051] loss: 0.58999
[  5,  6101] loss: 0.28287
[  5,  6151] loss: 0.31766
[  5,  6201] loss: 0.37767
[  5,  6251] loss: 0.50660
[  5,  6301] loss: 0.31414
[  5,  6351] loss: 0.24992
[  5,  6401] loss: 0.22715
[  5,  6451] loss: 0.46256
[  5,  6501] loss: 0.38303
[  5,  6551] loss: 0.64933
[  5,  6601] loss: 0.58258
[  5,  6651] loss: 0.71507
[  5,  6701] loss: 0.67775
[  5,  6751] loss: 0.90135
[  5,  6801] loss: 0.44261
[  5,  6851] loss: 0.40714
[  5,  6901] loss: 0.28750
[  5,  6951] loss: 0.44294
[  5,  7001] loss: 0.40292
[  5,  7051] loss: 1.20226
[  5,  7101] loss: 0.79811
[  5,  7151] loss: 0.26538
[  5,  7201] loss: 0.34998
[  5,  7251] loss: 0.58549
[  5,  7301] loss: 0.35184
[  5,  7351] loss: 0.39336
[  5,  7401] loss: 0.82948
[  5,  7451] loss: 0.78500
[  5,  7501] loss: 0.38787
[  5,  7551] loss: 0.34564
[  5,  7601] loss: 0.34397
[  5,  7651] loss: 0.49305
[  5,  7701] loss: 0.23494
[  5,  7751] loss: 0.45486
[  5,  7801] loss: 0.56016
[  5,  7851] loss: 0.64099
[  5,  7901] loss: 0.35837
[  5,  7951] loss: 0.25796
[  5,  8001] loss: 0.42127
[  5,  8051] loss: 0.46296
[  5,  8101] loss: 0.37323
[  5,  8151] loss: 0.23155
[  5,  8201] loss: 0.35524
[  5,  8251] loss: 0.44622
[  5,  8301] loss: 0.67721
[  5,  8351] loss: 0.74941
[  5,  8401] loss: 0.36496
[  5,  8451] loss: 0.29897
[  5,  8501] loss: 0.51465
[  5,  8551] loss: 0.27604
[  5,  8601] loss: 0.24504
[  5,  8651] loss: 0.64142
[  5,  8701] loss: 0.85576
[  5,  8751] loss: 0.50787
[  5,  8801] loss: 0.26589
[  5,  8851] loss: 0.31020
[  5,  8901] loss: 0.39259
[  5,  8951] loss: 0.30351
[  5,  9001] loss: 0.55252
[  5,  9051] loss: 1.12226
[  5,  9101] loss: 0.52297
[  5,  9151] loss: 0.34897
[  5,  9201] loss: 0.23015
[  5,  9251] loss: 0.31496
[  5,  9301] loss: 0.30470
[  5,  9351] loss: 0.23357
[  5,  9401] loss: 0.35676
[  5,  9451] loss: 0.66122
[  5,  9501] loss: 1.01703
[  5,  9551] loss: 0.56065
[  5,  9601] loss: 0.33867
[  5,  9651] loss: 0.29391
[  5,  9701] loss: 0.26592
[  5,  9751] loss: 0.29844
[  5,  9801] loss: 0.33214
[  5,  9851] loss: 0.31157
[  5,  9901] loss: 0.42751
[  5,  9951] loss: 0.69812
[  5, 10001] loss: 0.57384
[  5, 10051] loss: 0.36148
[  5, 10101] loss: 0.36583
[  5, 10151] loss: 0.51699
[  5, 10201] loss: 0.60768
[  5, 10251] loss: 0.57429
[  5, 10301] loss: 0.38491
[  5, 10351] loss: 0.33480
[  5, 10401] loss: 0.19031
[  5, 10451] loss: 0.28473
[  5, 10501] loss: 0.16886
[  5, 10551] loss: 0.32227
[  5, 10601] loss: 0.54614
[  5, 10651] loss: 0.57082
[  5, 10701] loss: 0.37213
[  5, 10751] loss: 0.44444
[  5, 10801] loss: 0.42122
[  5, 10851] loss: 0.57658
[  5, 10901] loss: 0.70593
[  5, 10951] loss: 0.48283
[  5, 11001] loss: 0.32705
[  5, 11051] loss: 0.24151
[  5, 11101] loss: 0.49342
[  5, 11151] loss: 0.31566
[  5, 11201] loss: 0.23691
[  5, 11251] loss: 0.48307
[  5, 11301] loss: 0.49309
[  5, 11351] loss: 0.51736
[  5, 11401] loss: 0.38038
[  5, 11451] loss: 0.53698
[  5, 11501] loss: 0.86654
[  5, 11551] loss: 0.61588
[  5, 11601] loss: 0.50960
[  5, 11651] loss: 0.40018
[  5, 11701] loss: 0.34839
[  5, 11751] loss: 0.50155
[  5, 11801] loss: 0.80501
[  5, 11851] loss: 0.56949
[  5, 11901] loss: 0.51414
[  5, 11951] loss: 0.77676
[  5, 12001] loss: 0.48080
[  5, 12051] loss: 0.24366
[  5, 12101] loss: 0.30725
[  5, 12151] loss: 0.23231
[  5, 12201] loss: 0.43465
[  5, 12251] loss: 0.31441
[  5, 12301] loss: 0.25506
[  5, 12351] loss: 0.42501
[  5, 12401] loss: 0.79999
[  5, 12451] loss: 0.60822
[  5, 12501] loss: 0.29554
[  5, 12551] loss: 0.61626
[  5, 12601] loss: 1.69542
[  5, 12651] loss: 1.44734
[  5, 12701] loss: 0.57413
[  5, 12751] loss: 0.36956
[  5, 12801] loss: 0.32759
[  5, 12851] loss: 0.36888
[  5, 12901] loss: 0.40059
[  5, 12951] loss: 0.43526
[  5, 13001] loss: 0.45371
[  5, 13051] loss: 0.38926
[  5, 13101] loss: 0.48188
[  5, 13151] loss: 0.30086
[  5, 13201] loss: 0.59482
[  5, 13251] loss: 0.56789
[  5, 13301] loss: 0.72589
[  5, 13351] loss: 0.56107
[  5, 13401] loss: 0.18679
[  5, 13451] loss: 0.33083
[  5, 13501] loss: 0.39556
[  5, 13551] loss: 0.48875
[  5, 13601] loss: 0.40952
[  5, 13651] loss: 0.12391
[  5, 13701] loss: 0.21947
[  5, 13751] loss: 0.24555
[  5, 13801] loss: 0.36528
[  5, 13851] loss: 0.42635
[  5, 13901] loss: 0.45488
[  5, 13951] loss: 0.27859
[  5, 14001] loss: 0.22166
[  5, 14051] loss: 0.26019
[  5, 14101] loss: 0.61148
[  5, 14151] loss: 0.39565
[  5, 14201] loss: 0.29807
[  5, 14251] loss: 0.34494
[  5, 14301] loss: 0.27796
[  5, 14351] loss: 0.29999
[  5, 14401] loss: 0.23906
[  5, 14451] loss: 0.43467
[  5, 14501] loss: 0.54695
[  5, 14551] loss: 0.48542
[  5, 14601] loss: 0.40071
[  5, 14651] loss: 0.31663
[  5, 14701] loss: 0.46638
[  5, 14751] loss: 0.86535
[  5, 14801] loss: 0.54812
[  5, 14851] loss: 0.35853
[  5, 14901] loss: 0.40513
[  5, 14951] loss: 0.27652
[  5, 15001] loss: 0.22176
[  5, 15051] loss: 0.42565
[  5, 15101] loss: 0.32699
[  5, 15151] loss: 0.56314
[  5, 15201] loss: 1.06498
[  5, 15251] loss: 0.50187
[  5, 15301] loss: 0.45641
[  5, 15351] loss: 0.73795
[  5, 15401] loss: 0.75507
[  5, 15451] loss: 0.70580
[  5, 15501] loss: 0.51512
[  5, 15551] loss: 0.61623
[  5, 15601] loss: 0.56934
[  5, 15651] loss: 1.10320
[  5, 15701] loss: 0.45347
[  5, 15751] loss: 0.34781
[  5, 15801] loss: 0.50997
[  5, 15851] loss: 0.58495
[  5, 15901] loss: 0.97212
[  5, 15951] loss: 1.28958
[  5, 16001] loss: 1.17511
[  5, 16051] loss: 0.51902
[  5, 16101] loss: 0.40601
[  5, 16151] loss: 0.40068
[  5, 16201] loss: 0.09071
[  5, 16251] loss: 0.40601
[  5, 16301] loss: 0.32745
[  5, 16351] loss: 0.82143
[  5, 16401] loss: 0.88590
[  5, 16451] loss: 0.48961
[  5, 16501] loss: 0.24840
[  5, 16551] loss: 0.37335
[  5, 16601] loss: 0.27707
[  5, 16651] loss: 0.23803
[  5, 16701] loss: 0.27190
[  5, 16751] loss: 0.23645
[  5, 16801] loss: 0.37912
[  5, 16851] loss: 1.08737
[  5, 16901] loss: 0.73028
[  5, 16951] loss: 1.06322
[  5, 17001] loss: 0.74253
[  5, 17051] loss: 0.48156
[  5, 17101] loss: 0.25349
[  5, 17151] loss: 0.69853
[  5, 17201] loss: 0.98607
[  5, 17251] loss: 0.56368
[  5, 17301] loss: 0.50983
[  5, 17351] loss: 0.61753
[  5, 17401] loss: 0.56369
[  5, 17451] loss: 0.78972
[  5, 17501] loss: 0.80623
[  5, 17551] loss: 0.18187
[  5, 17601] loss: 0.34769
[  5, 17651] loss: 0.55711
[  5, 17701] loss: 0.51962
[  5, 17751] loss: 0.28072
[  5, 17801] loss: 0.23031
[  5, 17851] loss: 0.54355
[  5, 17901] loss: 0.29813
[  5, 17951] loss: 0.24632
[  5, 18001] loss: 0.31840
[  5, 18051] loss: 0.76416
[  5, 18101] loss: 0.63632
[  5, 18151] loss: 0.25214
[  5, 18201] loss: 0.28057
[  5, 18251] loss: 0.56681
[  5, 18301] loss: 0.41918
[  5, 18351] loss: 0.41616
[  5, 18401] loss: 0.20894
[  5, 18451] loss: 0.37066
[  5, 18501] loss: 0.50956
[  5, 18551] loss: 0.75824
[  5, 18601] loss: 0.57561
[  5, 18651] loss: 0.29222
[  5, 18701] loss: 0.56399
[  5, 18751] loss: 1.06649
[  5, 18801] loss: 0.65862
[  5, 18851] loss: 0.36520
[  5, 18901] loss: 0.69197
[  5, 18951] loss: 1.50643
[  5, 19001] loss: 1.62008
[  5, 19051] loss: 0.56955
[  5, 19101] loss: 0.19686
[  5, 19151] loss: 0.21942
[  5, 19201] loss: 0.29246
[  5, 19251] loss: 0.36646
[  5, 19301] loss: 0.49235
[  5, 19351] loss: 0.26524
[  5, 19401] loss: 0.26734
[  5, 19451] loss: 0.30857
[  5, 19501] loss: 0.20539
[  5, 19551] loss: 0.73182
[  5, 19601] loss: 0.20765
[  5, 19651] loss: 0.16574
[  5, 19701] loss: 0.54556
[  5, 19751] loss: 0.83396
[  5, 19801] loss: 0.38769
[  5, 19851] loss: 0.75842
[  5, 19901] loss: 0.83759
[  5, 19951] loss: 1.18122
[  5, 20001] loss: 0.77231
[  5, 20051] loss: 0.51384
[  5, 20101] loss: 0.49803
[  5, 20151] loss: 0.33013
[  5, 20201] loss: 0.58627
[  5, 20251] loss: 0.75931
[  5, 20301] loss: 0.41572
[  5, 20351] loss: 0.14253
[  5, 20401] loss: 0.25181
[  5, 20451] loss: 0.38594
[  5, 20501] loss: 0.37067
[  5, 20551] loss: 0.54940
[  5, 20601] loss: 0.63705
[  5, 20651] loss: 0.75611
[  5, 20701] loss: 1.37032
[  5, 20751] loss: 0.31438
[  5, 20801] loss: 0.35585
[  5, 20851] loss: 0.44844
[  5, 20901] loss: 0.24070
[  5, 20951] loss: 0.28080
[  5, 21001] loss: 0.48959
[  5, 21051] loss: 0.72216
[  5, 21101] loss: 0.51558
[  5, 21151] loss: 0.94072
[  5, 21201] loss: 0.68014
[  5, 21251] loss: 0.38229
[  5, 21301] loss: 0.31845
[  5, 21351] loss: 0.43780
[  5, 21401] loss: 0.77427
[  5, 21451] loss: 0.34010
[  5, 21501] loss: 0.39607
[  5, 21551] loss: 0.51051
[  5, 21601] loss: 0.67257
[  5, 21651] loss: 0.99525
[  5, 21701] loss: 0.78442
[  5, 21751] loss: 0.18144
[  5, 21801] loss: 0.37441
[  5, 21851] loss: 0.40777
[  5, 21901] loss: 0.36430
[  5, 21951] loss: 0.57566
[  5, 22001] loss: 0.55488
[  5, 22051] loss: 0.58707
[  5, 22101] loss: 0.22936
[  5, 22151] loss: 0.12930
[  5, 22201] loss: 0.21934
[  5, 22251] loss: 0.18469
[  5, 22301] loss: 0.21301
[  5, 22351] loss: 0.27372
[  5, 22401] loss: 0.89620
[  5, 22451] loss: 1.11456
[  5, 22501] loss: 0.83487
[  5, 22551] loss: 0.44765
[  5, 22601] loss: 0.33423
[  5, 22651] loss: 0.22749
[  5, 22701] loss: 0.19964
[  5, 22751] loss: 0.20318
[  5, 22801] loss: 0.24387
[  5, 22851] loss: 0.27192
[  5, 22901] loss: 0.10809
[  5, 22951] loss: 0.47169
[  5, 23001] loss: 0.69415
[  5, 23051] loss: 0.67476
[  5, 23101] loss: 0.65964
[  5, 23151] loss: 0.58896
[  5, 23201] loss: 0.46444
[  5, 23251] loss: 0.46290
[  5, 23301] loss: 0.33981
[  5, 23351] loss: 0.48129
[  5, 23401] loss: 0.56214
[  5, 23451] loss: 0.48202
[  5, 23501] loss: 0.32437
[  5, 23551] loss: 0.39240
[  5, 23601] loss: 0.40794
[  5, 23651] loss: 0.32975
[  5, 23701] loss: 0.45448
[  5, 23751] loss: 0.98752
[  5, 23801] loss: 0.40478
[  5, 23851] loss: 0.28172
[  5, 23901] loss: 0.24234
[  5, 23951] loss: 0.34645
[  5, 24001] loss: 0.83587
[  5, 24051] loss: 0.57441
[  5, 24101] loss: 0.70378
[  5, 24151] loss: 0.30387
[  5, 24201] loss: 0.55312
[  5, 24251] loss: 0.78325
[  5, 24301] loss: 0.34232
[  5, 24351] loss: 0.31683
[  5, 24401] loss: 0.20142
[  5, 24451] loss: 0.26400
[  5, 24501] loss: 0.35826
[  5, 24551] loss: 0.47016
[  5, 24601] loss: 0.52556
[  5, 24651] loss: 0.37050
[  5, 24701] loss: 0.31314
[  5, 24751] loss: 0.21542
[  5, 24801] loss: 0.27187
[  5, 24851] loss: 0.38267
[  5, 24901] loss: 0.57876
[  5, 24951] loss: 0.46693
Finished training
Accuracy on train: 0.83856
Accuracy on test: 0.64066
