{'word_context': 29, 'word_embed_size': 50, 'word_conv_units': 300, 'hidden_units': 100, 'drop_amount': 0.2, 'dropout': True, 'batch_size': 50}
train set done
test set done
<bound method MixedNet.parameters of MixedNet (
  (W_wrd): DataParallel (
    (module): Embedding(89528, 50)
  )
  (word_level_conv): DataParallel (
    (module): Conv2d(1, 300, kernel_size=(50, 29), stride=(1, 1), padding=(0, 14))
  )
  (word_level_maxpool): DataParallel (
    (module): AdaptiveMaxPool2d (output_size=(300, 1))
  )
  (fc1): DataParallel (
    (module): Linear (300 -> 100)
  )
  (fc2): DataParallel (
    (module): Linear (100 -> 2)
  )
  (dropout): DataParallel (
    (module): Dropout (p = 0.2)
  )
)>
[  1,     1] loss: 0.68376
[  1,    51] loss: 0.81046
[  1,   101] loss: 0.68723
[  1,   151] loss: 0.69251
[  1,   201] loss: 0.70128
[  1,   251] loss: 0.74330
[  1,   301] loss: 0.77703
[  1,   351] loss: 0.71335
[  1,   401] loss: 0.74346
[  1,   451] loss: 0.71119
[  1,   501] loss: 0.77436
[  1,   551] loss: 0.69111
[  1,   601] loss: 0.66620
[  1,   651] loss: 0.72492
[  1,   701] loss: 0.83306
[  1,   751] loss: 0.66217
[  1,   801] loss: 0.68487
[  1,   851] loss: 0.80562
[  1,   901] loss: 0.68864
[  1,   951] loss: 0.74341
[  1,  1001] loss: 0.75147
[  1,  1051] loss: 0.71718
[  1,  1101] loss: 0.72466
[  1,  1151] loss: 0.72599
[  1,  1201] loss: 0.67847
[  1,  1251] loss: 0.74575
[  1,  1301] loss: 0.73197
[  1,  1351] loss: 0.70931
[  1,  1401] loss: 0.67211
[  1,  1451] loss: 0.68451
[  1,  1501] loss: 0.67295
[  1,  1551] loss: 0.70092
[  1,  1601] loss: 0.67042
[  1,  1651] loss: 0.69002
[  1,  1701] loss: 0.69019
[  1,  1751] loss: 0.70377
[  1,  1801] loss: 0.73319
[  1,  1851] loss: 0.71537
[  1,  1901] loss: 0.72250
[  1,  1951] loss: 0.70001
[  1,  2001] loss: 0.70291
[  1,  2051] loss: 0.69592
[  1,  2101] loss: 0.72170
[  1,  2151] loss: 0.71036
[  1,  2201] loss: 0.68902
[  1,  2251] loss: 0.69669
[  1,  2301] loss: 0.68455
[  1,  2351] loss: 0.70798
[  1,  2401] loss: 0.71450
[  1,  2451] loss: 0.74788
[  1,  2501] loss: 0.68453
[  1,  2551] loss: 0.68760
[  1,  2601] loss: 0.71408
[  1,  2651] loss: 0.68356
[  1,  2701] loss: 0.68477
[  1,  2751] loss: 0.68183
[  1,  2801] loss: 0.67680
[  1,  2851] loss: 0.70584
[  1,  2901] loss: 0.68567
[  1,  2951] loss: 0.68127
[  1,  3001] loss: 0.68953
[  1,  3051] loss: 0.67661
[  1,  3101] loss: 0.68572
[  1,  3151] loss: 0.67179
[  1,  3201] loss: 0.72380
[  1,  3251] loss: 0.71304
[  1,  3301] loss: 0.73715
[  1,  3351] loss: 0.70280
[  1,  3401] loss: 0.68475
[  1,  3451] loss: 0.70767
[  1,  3501] loss: 0.65504
[  1,  3551] loss: 0.67077
[  1,  3601] loss: 0.70258
[  1,  3651] loss: 0.67587
[  1,  3701] loss: 0.72845
[  1,  3751] loss: 0.68501
[  1,  3801] loss: 0.67801
[  1,  3851] loss: 0.73082
[  1,  3901] loss: 0.67873
[  1,  3951] loss: 0.67888
[  1,  4001] loss: 0.70257
[  1,  4051] loss: 0.72501
[  1,  4101] loss: 0.72364
[  1,  4151] loss: 0.67958
[  1,  4201] loss: 0.69665
[  1,  4251] loss: 0.70172
[  1,  4301] loss: 0.68301
[  1,  4351] loss: 0.69364
[  1,  4401] loss: 0.68241
[  1,  4451] loss: 0.70448
[  1,  4501] loss: 0.69641
[  1,  4551] loss: 0.69526
[  1,  4601] loss: 0.69525
[  1,  4651] loss: 0.68992
[  1,  4701] loss: 0.68217
[  1,  4751] loss: 0.70777
[  1,  4801] loss: 0.68097
[  1,  4851] loss: 0.69686
[  1,  4901] loss: 0.68216
[  1,  4951] loss: 0.69176
[  1,  5001] loss: 0.69062
[  1,  5051] loss: 0.69212
[  1,  5101] loss: 0.69541
[  1,  5151] loss: 0.70039
[  1,  5201] loss: 0.69401
[  1,  5251] loss: 0.68800
[  1,  5301] loss: 0.66757
[  1,  5351] loss: 0.69953
[  1,  5401] loss: 0.69645
[  1,  5451] loss: 0.69204
[  1,  5501] loss: 0.69474
[  1,  5551] loss: 0.68129
[  1,  5601] loss: 0.68158
[  1,  5651] loss: 0.69158
[  1,  5701] loss: 0.68602
[  1,  5751] loss: 0.70547
[  1,  5801] loss: 0.68332
[  1,  5851] loss: 0.67276
[  1,  5901] loss: 0.64933
[  1,  5951] loss: 0.71415
[  1,  6001] loss: 0.71313
[  1,  6051] loss: 0.68473
[  1,  6101] loss: 0.70835
[  1,  6151] loss: 0.67089
[  1,  6201] loss: 0.68955
[  1,  6251] loss: 0.69186
[  1,  6301] loss: 0.68434
[  1,  6351] loss: 0.69515
[  1,  6401] loss: 0.69363
[  1,  6451] loss: 0.70082
[  1,  6501] loss: 0.68182
[  1,  6551] loss: 0.68684
[  1,  6601] loss: 0.67104
[  1,  6651] loss: 0.68692
[  1,  6701] loss: 0.68713
[  1,  6751] loss: 0.67335
[  1,  6801] loss: 0.69008
[  1,  6851] loss: 0.70536
[  1,  6901] loss: 0.71032
[  1,  6951] loss: 0.69537
[  1,  7001] loss: 0.69411
[  1,  7051] loss: 0.70504
[  1,  7101] loss: 0.69989
[  1,  7151] loss: 0.68993
[  1,  7201] loss: 0.70766
[  1,  7251] loss: 0.66821
[  1,  7301] loss: 0.69036
[  1,  7351] loss: 0.71408
[  1,  7401] loss: 0.71656
[  1,  7451] loss: 0.70222
[  1,  7501] loss: 0.69694
[  1,  7551] loss: 0.67443
[  1,  7601] loss: 0.68855
[  1,  7651] loss: 0.69008
[  1,  7701] loss: 0.68686
[  1,  7751] loss: 0.68486
[  1,  7801] loss: 0.69238
[  1,  7851] loss: 0.68102
[  1,  7901] loss: 0.68366
[  1,  7951] loss: 0.68799
[  1,  8001] loss: 0.68457
[  1,  8051] loss: 0.68898
[  1,  8101] loss: 0.68629
[  1,  8151] loss: 0.69395
[  1,  8201] loss: 0.67483
[  1,  8251] loss: 0.68240
[  1,  8301] loss: 0.69474
[  1,  8351] loss: 0.68649
[  1,  8401] loss: 0.69679
[  1,  8451] loss: 0.67548
[  1,  8501] loss: 0.68376
[  1,  8551] loss: 0.68179
[  1,  8601] loss: 0.67993
[  1,  8651] loss: 0.66759
[  1,  8701] loss: 0.69697
[  1,  8751] loss: 0.70163
[  1,  8801] loss: 0.69606
[  1,  8851] loss: 0.67869
[  1,  8901] loss: 0.68940
[  1,  8951] loss: 0.69009
[  1,  9001] loss: 0.67402
[  1,  9051] loss: 0.71133
[  1,  9101] loss: 0.69581
[  1,  9151] loss: 0.71224
[  1,  9201] loss: 0.68137
[  1,  9251] loss: 0.70556
[  1,  9301] loss: 0.68467
[  1,  9351] loss: 0.66675
[  1,  9401] loss: 0.68999
[  1,  9451] loss: 0.68655
[  1,  9501] loss: 0.69589
[  1,  9551] loss: 0.67490
[  1,  9601] loss: 0.67192
[  1,  9651] loss: 0.67850
[  1,  9701] loss: 0.65899
[  1,  9751] loss: 0.70604
[  1,  9801] loss: 0.69328
[  1,  9851] loss: 0.68762
[  1,  9901] loss: 0.70636
[  1,  9951] loss: 0.69226
[  1, 10001] loss: 0.72852
[  1, 10051] loss: 0.68873
[  1, 10101] loss: 0.69654
[  1, 10151] loss: 0.71373
[  1, 10201] loss: 0.70951
[  1, 10251] loss: 0.67836
[  1, 10301] loss: 0.68121
[  1, 10351] loss: 0.67672
[  1, 10401] loss: 0.68751
[  1, 10451] loss: 0.68262
[  1, 10501] loss: 0.69240
[  1, 10551] loss: 0.69370
[  1, 10601] loss: 0.67602
[  1, 10651] loss: 0.68865
[  1, 10701] loss: 0.68401
[  1, 10751] loss: 0.68664
[  1, 10801] loss: 0.68948
[  1, 10851] loss: 0.68288
[  1, 10901] loss: 0.69008
[  1, 10951] loss: 0.67714
[  1, 11001] loss: 0.68763
[  1, 11051] loss: 0.68821
[  1, 11101] loss: 0.65964
[  1, 11151] loss: 0.66801
[  1, 11201] loss: 0.65632
[  1, 11251] loss: 0.69583
[  1, 11301] loss: 0.67598
[  1, 11351] loss: 0.72744
[  1, 11401] loss: 0.67141
[  1, 11451] loss: 0.68007
[  1, 11501] loss: 0.68925
[  1, 11551] loss: 0.73416
[  1, 11601] loss: 0.68269
[  1, 11651] loss: 0.69690
[  1, 11701] loss: 0.66706
[  1, 11751] loss: 0.68444
[  1, 11801] loss: 0.71319
[  1, 11851] loss: 0.66109
[  1, 11901] loss: 0.68414
[  1, 11951] loss: 0.69047
[  1, 12001] loss: 0.67589
[  1, 12051] loss: 0.71173
[  1, 12101] loss: 0.66202
[  1, 12151] loss: 0.68216
[  1, 12201] loss: 0.69014
[  1, 12251] loss: 0.67121
[  1, 12301] loss: 0.67944
[  1, 12351] loss: 0.68469
[  1, 12401] loss: 0.67885
[  1, 12451] loss: 0.66651
[  1, 12501] loss: 0.68600
[  1, 12551] loss: 0.66218
[  1, 12601] loss: 0.65708
[  1, 12651] loss: 0.71108
[  1, 12701] loss: 0.66632
[  1, 12751] loss: 0.69213
[  1, 12801] loss: 0.68727
[  1, 12851] loss: 0.68687
[  1, 12901] loss: 0.67958
[  1, 12951] loss: 0.70425
[  1, 13001] loss: 0.68456
[  1, 13051] loss: 0.68887
[  1, 13101] loss: 0.66737
[  1, 13151] loss: 0.70092
[  1, 13201] loss: 0.69171
[  1, 13251] loss: 0.67940
[  1, 13301] loss: 0.69445
[  1, 13351] loss: 0.68143
[  1, 13401] loss: 0.69221
[  1, 13451] loss: 0.68514
[  1, 13501] loss: 0.65221
[  1, 13551] loss: 0.68261
[  1, 13601] loss: 0.66546
[  1, 13651] loss: 0.65739
[  1, 13701] loss: 0.70147
[  1, 13751] loss: 0.67509
[  1, 13801] loss: 0.68278
[  1, 13851] loss: 0.66344
[  1, 13901] loss: 0.67398
[  1, 13951] loss: 0.67893
[  1, 14001] loss: 0.71843
[  1, 14051] loss: 0.67811
[  1, 14101] loss: 0.67507
[  1, 14151] loss: 0.65868
[  1, 14201] loss: 0.68798
[  1, 14251] loss: 0.68871
[  1, 14301] loss: 0.67225
[  1, 14351] loss: 0.68684
[  1, 14401] loss: 0.70580
[  1, 14451] loss: 0.70358
[  1, 14501] loss: 0.69884
[  1, 14551] loss: 0.67010
[  1, 14601] loss: 0.67302
[  1, 14651] loss: 0.68100
[  1, 14701] loss: 0.68887
[  1, 14751] loss: 0.69399
[  1, 14801] loss: 0.68323
[  1, 14851] loss: 0.68545
[  1, 14901] loss: 0.69191
[  1, 14951] loss: 0.70894
[  1, 15001] loss: 0.68413
[  1, 15051] loss: 0.67301
[  1, 15101] loss: 0.68906
[  1, 15151] loss: 0.67336
[  1, 15201] loss: 0.70144
[  1, 15251] loss: 0.68309
[  1, 15301] loss: 0.69714
[  1, 15351] loss: 0.67310
[  1, 15401] loss: 0.69781
[  1, 15451] loss: 0.67785
[  1, 15501] loss: 0.67511
[  1, 15551] loss: 0.66724
[  1, 15601] loss: 0.68284
[  1, 15651] loss: 0.67357
[  1, 15701] loss: 0.69013
[  1, 15751] loss: 0.67667
[  1, 15801] loss: 0.67604
[  1, 15851] loss: 0.68381
[  1, 15901] loss: 0.69188
[  1, 15951] loss: 0.67265
[  1, 16001] loss: 0.69223
[  1, 16051] loss: 0.65490
[  1, 16101] loss: 0.67252
[  1, 16151] loss: 0.67204
[  1, 16201] loss: 0.69591
[  1, 16251] loss: 0.68556
[  1, 16301] loss: 0.67043
[  1, 16351] loss: 0.63118
[  1, 16401] loss: 0.66268
[  1, 16451] loss: 0.66221
[  1, 16501] loss: 0.70141
[  1, 16551] loss: 0.66371
[  1, 16601] loss: 0.67398
[  1, 16651] loss: 0.70706
[  1, 16701] loss: 0.67436
[  1, 16751] loss: 0.68689
[  1, 16801] loss: 0.63331
[  1, 16851] loss: 0.65339
[  1, 16901] loss: 0.68990
[  1, 16951] loss: 0.65421
[  1, 17001] loss: 0.62655
[  1, 17051] loss: 0.68576
[  1, 17101] loss: 0.62323
[  1, 17151] loss: 0.67612
[  1, 17201] loss: 0.73687
[  1, 17251] loss: 0.66831
[  1, 17301] loss: 0.71853
[  1, 17351] loss: 0.62927
[  1, 17401] loss: 0.70288
[  1, 17451] loss: 0.68904
[  1, 17501] loss: 0.68030
[  1, 17551] loss: 0.69751
[  1, 17601] loss: 0.66066
[  1, 17651] loss: 0.67767
[  1, 17701] loss: 0.65797
[  1, 17751] loss: 0.64551
[  1, 17801] loss: 0.71068
[  1, 17851] loss: 0.67129
[  1, 17901] loss: 0.68280
[  1, 17951] loss: 0.70342
[  1, 18001] loss: 0.66014
[  1, 18051] loss: 0.70351
[  1, 18101] loss: 0.65584
[  1, 18151] loss: 0.67499
[  1, 18201] loss: 0.63180
[  1, 18251] loss: 0.66754
[  1, 18301] loss: 0.67425
[  1, 18351] loss: 0.69039
[  1, 18401] loss: 0.67077
[  1, 18451] loss: 0.70838
[  1, 18501] loss: 0.67450
[  1, 18551] loss: 0.64246
[  1, 18601] loss: 0.75959
[  1, 18651] loss: 0.69957
[  1, 18701] loss: 0.70405
[  1, 18751] loss: 0.65512
[  1, 18801] loss: 0.64877
[  1, 18851] loss: 0.68856
[  1, 18901] loss: 0.66188
[  1, 18951] loss: 0.67403
[  1, 19001] loss: 0.68444
[  1, 19051] loss: 0.67238
[  1, 19101] loss: 0.68037
[  1, 19151] loss: 0.65937
[  1, 19201] loss: 0.66403
[  1, 19251] loss: 0.68580
[  1, 19301] loss: 0.66988
[  1, 19351] loss: 0.64770
[  1, 19401] loss: 0.64084
[  1, 19451] loss: 0.67956
[  1, 19501] loss: 0.66673
[  1, 19551] loss: 0.62405
[  1, 19601] loss: 0.65413
[  1, 19651] loss: 0.68622
[  1, 19701] loss: 0.65113
[  1, 19751] loss: 0.62277
[  1, 19801] loss: 0.76627
[  1, 19851] loss: 0.71208
[  1, 19901] loss: 0.71494
[  1, 19951] loss: 0.66093
[  1, 20001] loss: 0.64915
[  1, 20051] loss: 0.70826
[  1, 20101] loss: 0.60707
[  1, 20151] loss: 0.67378
[  1, 20201] loss: 0.65632
[  1, 20251] loss: 0.65249
[  1, 20301] loss: 0.70135
[  1, 20351] loss: 0.67876
[  1, 20401] loss: 0.67195
[  1, 20451] loss: 0.69865
[  1, 20501] loss: 0.61006
[  1, 20551] loss: 0.68654
[  1, 20601] loss: 0.75577
[  1, 20651] loss: 0.69246
[  1, 20701] loss: 0.68557
[  1, 20751] loss: 0.74757
[  1, 20801] loss: 0.66709
[  1, 20851] loss: 0.68588
[  1, 20901] loss: 0.68292
[  1, 20951] loss: 0.64454
[  1, 21001] loss: 0.67008
[  1, 21051] loss: 0.67535
[  1, 21101] loss: 0.68835
[  1, 21151] loss: 0.70039
[  1, 21201] loss: 0.67012
[  1, 21251] loss: 0.64005
[  1, 21301] loss: 0.70484
[  1, 21351] loss: 0.70625
[  1, 21401] loss: 0.66291
[  1, 21451] loss: 0.63607
[  1, 21501] loss: 0.69794
[  1, 21551] loss: 0.67181
[  1, 21601] loss: 0.64796
[  1, 21651] loss: 0.64094
[  1, 21701] loss: 0.66030
[  1, 21751] loss: 0.66459
[  1, 21801] loss: 0.65899
[  1, 21851] loss: 0.65073
[  1, 21901] loss: 0.69530
[  1, 21951] loss: 0.69500
[  1, 22001] loss: 0.77065
[  1, 22051] loss: 0.63988
[  1, 22101] loss: 0.70642
[  1, 22151] loss: 0.68955
[  1, 22201] loss: 0.66315
[  1, 22251] loss: 0.66967
[  1, 22301] loss: 0.65116
[  1, 22351] loss: 0.63826
[  1, 22401] loss: 0.68305
[  1, 22451] loss: 0.65914
[  1, 22501] loss: 0.68874
[  1, 22551] loss: 0.67996
[  1, 22601] loss: 0.67263
[  1, 22651] loss: 0.68030
[  1, 22701] loss: 0.68326
[  1, 22751] loss: 0.68280
[  1, 22801] loss: 0.67221
[  1, 22851] loss: 0.67699
[  1, 22901] loss: 0.66568
[  1, 22951] loss: 0.65090
[  1, 23001] loss: 0.67654
[  1, 23051] loss: 0.64856
[  1, 23101] loss: 0.67132
[  1, 23151] loss: 0.67867
[  1, 23201] loss: 0.67283
[  1, 23251] loss: 0.65102
[  1, 23301] loss: 0.65954
[  1, 23351] loss: 0.64443
[  1, 23401] loss: 0.69403
[  1, 23451] loss: 0.60634
[  1, 23501] loss: 0.66988
[  1, 23551] loss: 0.59274
[  1, 23601] loss: 0.64157
[  1, 23651] loss: 0.69222
[  1, 23701] loss: 0.74874
[  1, 23751] loss: 0.66140
[  1, 23801] loss: 0.63546
[  1, 23851] loss: 0.64292
[  1, 23901] loss: 0.66518
[  1, 23951] loss: 0.67607
[  1, 24001] loss: 0.64807
[  1, 24051] loss: 0.61642
[  1, 24101] loss: 0.67497
[  1, 24151] loss: 0.59204
[  1, 24201] loss: 0.67164
[  1, 24251] loss: 0.67655
[  1, 24301] loss: 0.57218
[  1, 24351] loss: 0.67208
[  1, 24401] loss: 0.71273
[  1, 24451] loss: 0.71618
[  1, 24501] loss: 0.72270
[  1, 24551] loss: 0.65251
[  1, 24601] loss: 0.71492
[  1, 24651] loss: 0.59857
[  1, 24701] loss: 0.65039
[  1, 24751] loss: 0.77673
[  1, 24801] loss: 0.78285
[  1, 24851] loss: 0.68705
[  1, 24901] loss: 0.63724
[  1, 24951] loss: 0.69775
[  2,     1] loss: 0.67412
[  2,    51] loss: 0.67766
[  2,   101] loss: 0.67466
[  2,   151] loss: 0.66474
[  2,   201] loss: 0.67852
[  2,   251] loss: 0.66656
[  2,   301] loss: 0.73205
[  2,   351] loss: 0.64869
[  2,   401] loss: 0.64957
[  2,   451] loss: 0.63462
[  2,   501] loss: 0.63097
[  2,   551] loss: 0.63759
[  2,   601] loss: 0.64268
[  2,   651] loss: 0.66410
[  2,   701] loss: 0.61601
[  2,   751] loss: 0.62712
[  2,   801] loss: 0.74899
[  2,   851] loss: 0.67426
[  2,   901] loss: 0.69363
[  2,   951] loss: 0.64787
[  2,  1001] loss: 0.67543
[  2,  1051] loss: 0.61573
[  2,  1101] loss: 0.64390
[  2,  1151] loss: 0.66993
[  2,  1201] loss: 0.68773
[  2,  1251] loss: 0.64263
[  2,  1301] loss: 0.64473
[  2,  1351] loss: 0.64023
[  2,  1401] loss: 0.67932
[  2,  1451] loss: 0.62985
[  2,  1501] loss: 0.64621
[  2,  1551] loss: 0.65249
[  2,  1601] loss: 0.65283
[  2,  1651] loss: 0.64203
[  2,  1701] loss: 0.65002
[  2,  1751] loss: 0.61266
[  2,  1801] loss: 0.71000
[  2,  1851] loss: 0.66735
[  2,  1901] loss: 0.66252
[  2,  1951] loss: 0.60149
[  2,  2001] loss: 0.63216
[  2,  2051] loss: 0.64617
[  2,  2101] loss: 0.66524
[  2,  2151] loss: 0.63967
[  2,  2201] loss: 0.62888
[  2,  2251] loss: 0.63036
[  2,  2301] loss: 0.66152
[  2,  2351] loss: 0.69378
[  2,  2401] loss: 0.68605
[  2,  2451] loss: 0.73120
[  2,  2501] loss: 0.69539
[  2,  2551] loss: 0.66160
[  2,  2601] loss: 0.66092
[  2,  2651] loss: 0.65837
[  2,  2701] loss: 0.67698
[  2,  2751] loss: 0.63442
[  2,  2801] loss: 0.60352
[  2,  2851] loss: 0.65179
[  2,  2901] loss: 0.62838
[  2,  2951] loss: 0.62479
[  2,  3001] loss: 0.60392
[  2,  3051] loss: 0.68655
[  2,  3101] loss: 0.63265
[  2,  3151] loss: 0.59443
[  2,  3201] loss: 0.69538
[  2,  3251] loss: 0.62262
[  2,  3301] loss: 0.63759
[  2,  3351] loss: 0.64703
[  2,  3401] loss: 0.69454
[  2,  3451] loss: 0.66452
[  2,  3501] loss: 0.56568
[  2,  3551] loss: 0.68321
[  2,  3601] loss: 0.66386
[  2,  3651] loss: 0.60536
[  2,  3701] loss: 0.66070
[  2,  3751] loss: 0.63343
[  2,  3801] loss: 0.62153
[  2,  3851] loss: 0.71153
[  2,  3901] loss: 0.67215
[  2,  3951] loss: 0.64962
[  2,  4001] loss: 0.70663
[  2,  4051] loss: 0.69481
[  2,  4101] loss: 0.61737
[  2,  4151] loss: 0.70800
[  2,  4201] loss: 0.65934
[  2,  4251] loss: 0.65188
[  2,  4301] loss: 0.59789
[  2,  4351] loss: 0.61563
[  2,  4401] loss: 0.65552
[  2,  4451] loss: 0.53944
[  2,  4501] loss: 0.68579
[  2,  4551] loss: 0.67241
[  2,  4601] loss: 0.62661
[  2,  4651] loss: 0.69683
[  2,  4701] loss: 0.59674
[  2,  4751] loss: 0.58467
[  2,  4801] loss: 0.59590
[  2,  4851] loss: 0.60423
[  2,  4901] loss: 0.59005
[  2,  4951] loss: 0.64997
[  2,  5001] loss: 0.61911
[  2,  5051] loss: 0.64846
[  2,  5101] loss: 0.66784
[  2,  5151] loss: 0.67243
[  2,  5201] loss: 0.74254
[  2,  5251] loss: 0.68869
[  2,  5301] loss: 0.63619
[  2,  5351] loss: 0.63208
[  2,  5401] loss: 0.69584
[  2,  5451] loss: 0.68481
[  2,  5501] loss: 0.63766
[  2,  5551] loss: 0.58048
[  2,  5601] loss: 0.66591
[  2,  5651] loss: 0.60346
[  2,  5701] loss: 0.62947
[  2,  5751] loss: 0.64069
[  2,  5801] loss: 0.60938
[  2,  5851] loss: 0.57825
[  2,  5901] loss: 0.57618
[  2,  5951] loss: 0.68503
[  2,  6001] loss: 0.67270
[  2,  6051] loss: 0.58908
[  2,  6101] loss: 0.64995
[  2,  6151] loss: 0.59070
[  2,  6201] loss: 0.66584
[  2,  6251] loss: 0.67664
[  2,  6301] loss: 0.61179
[  2,  6351] loss: 0.59073
[  2,  6401] loss: 0.59530
[  2,  6451] loss: 0.72112
[  2,  6501] loss: 0.69060
[  2,  6551] loss: 0.65020
[  2,  6601] loss: 0.60851
[  2,  6651] loss: 0.63232
[  2,  6701] loss: 0.62463
[  2,  6751] loss: 0.64421
[  2,  6801] loss: 0.62207
[  2,  6851] loss: 0.58402
[  2,  6901] loss: 0.63424
[  2,  6951] loss: 0.66761
[  2,  7001] loss: 0.58794
[  2,  7051] loss: 0.69648
[  2,  7101] loss: 0.61147
[  2,  7151] loss: 0.68405
[  2,  7201] loss: 0.74333
[  2,  7251] loss: 0.59961
[  2,  7301] loss: 0.66874
[  2,  7351] loss: 0.61044
[  2,  7401] loss: 0.66426
[  2,  7451] loss: 0.65298
[  2,  7501] loss: 0.70812
[  2,  7551] loss: 0.62984
[  2,  7601] loss: 0.59723
[  2,  7651] loss: 0.58403
[  2,  7701] loss: 0.61911
[  2,  7751] loss: 0.61978
[  2,  7801] loss: 0.67012
[  2,  7851] loss: 0.56448
[  2,  7901] loss: 0.59263
[  2,  7951] loss: 0.64563
[  2,  8001] loss: 0.65570
[  2,  8051] loss: 0.68480
[  2,  8101] loss: 0.67983
[  2,  8151] loss: 0.66503
[  2,  8201] loss: 0.63198
[  2,  8251] loss: 0.65264
[  2,  8301] loss: 0.67881
[  2,  8351] loss: 0.64838
[  2,  8401] loss: 0.65432
[  2,  8451] loss: 0.61967
[  2,  8501] loss: 0.65800
[  2,  8551] loss: 0.69898
[  2,  8601] loss: 0.69000
[  2,  8651] loss: 0.66090
[  2,  8701] loss: 0.62905
[  2,  8751] loss: 0.60220
[  2,  8801] loss: 0.70921
[  2,  8851] loss: 0.65810
[  2,  8901] loss: 0.65359
[  2,  8951] loss: 0.60136
[  2,  9001] loss: 0.68349
[  2,  9051] loss: 0.65752
[  2,  9101] loss: 0.66246
[  2,  9151] loss: 0.62716
[  2,  9201] loss: 0.55233
[  2,  9251] loss: 0.60917
[  2,  9301] loss: 0.53660
[  2,  9351] loss: 0.59758
[  2,  9401] loss: 0.65303
[  2,  9451] loss: 0.61877
[  2,  9501] loss: 0.57545
[  2,  9551] loss: 0.64246
[  2,  9601] loss: 0.63054
[  2,  9651] loss: 0.59574
[  2,  9701] loss: 0.56173
[  2,  9751] loss: 0.69286
[  2,  9801] loss: 0.60219
[  2,  9851] loss: 0.60243
[  2,  9901] loss: 0.59249
[  2,  9951] loss: 0.57762
[  2, 10001] loss: 0.75002
[  2, 10051] loss: 0.69010
[  2, 10101] loss: 0.68186
[  2, 10151] loss: 0.58432
[  2, 10201] loss: 0.63708
[  2, 10251] loss: 0.74293
[  2, 10301] loss: 0.68336
[  2, 10351] loss: 0.53338
[  2, 10401] loss: 0.57197
[  2, 10451] loss: 0.55953
[  2, 10501] loss: 0.58266
[  2, 10551] loss: 0.63055
[  2, 10601] loss: 0.63662
[  2, 10651] loss: 0.56545
[  2, 10701] loss: 0.70349
[  2, 10751] loss: 0.71240
[  2, 10801] loss: 0.63572
[  2, 10851] loss: 0.62880
[  2, 10901] loss: 0.64847
[  2, 10951] loss: 0.60311
[  2, 11001] loss: 0.60769
[  2, 11051] loss: 0.67197
[  2, 11101] loss: 0.53834
[  2, 11151] loss: 0.58043
[  2, 11201] loss: 0.52932
[  2, 11251] loss: 0.63787
[  2, 11301] loss: 0.63913
[  2, 11351] loss: 0.67087
[  2, 11401] loss: 0.62466
[  2, 11451] loss: 0.59153
[  2, 11501] loss: 0.64077
[  2, 11551] loss: 0.61500
[  2, 11601] loss: 0.63197
[  2, 11651] loss: 0.73156
[  2, 11701] loss: 0.58443
[  2, 11751] loss: 0.59384
[  2, 11801] loss: 0.58528
[  2, 11851] loss: 0.57696
[  2, 11901] loss: 0.63595
[  2, 11951] loss: 0.57901
[  2, 12001] loss: 0.59459
[  2, 12051] loss: 0.65786
[  2, 12101] loss: 0.59971
[  2, 12151] loss: 0.69462
[  2, 12201] loss: 0.63547
[  2, 12251] loss: 0.54928
[  2, 12301] loss: 0.66588
[  2, 12351] loss: 0.59887
[  2, 12401] loss: 0.53866
[  2, 12451] loss: 0.57244
[  2, 12501] loss: 0.63278
[  2, 12551] loss: 0.55379
[  2, 12601] loss: 0.62151
[  2, 12651] loss: 0.67347
[  2, 12701] loss: 0.57323
[  2, 12751] loss: 0.53715
[  2, 12801] loss: 0.60086
[  2, 12851] loss: 0.65440
[  2, 12901] loss: 0.58286
[  2, 12951] loss: 0.69429
[  2, 13001] loss: 0.57445
[  2, 13051] loss: 0.56471
[  2, 13101] loss: 0.61963
[  2, 13151] loss: 0.59843
[  2, 13201] loss: 0.54579
[  2, 13251] loss: 0.66869
[  2, 13301] loss: 0.59189
[  2, 13351] loss: 0.60298
[  2, 13401] loss: 0.61143
[  2, 13451] loss: 0.63023
[  2, 13501] loss: 0.52884
[  2, 13551] loss: 0.64635
[  2, 13601] loss: 0.54873
[  2, 13651] loss: 0.53969
[  2, 13701] loss: 0.59574
[  2, 13751] loss: 0.50501
[  2, 13801] loss: 0.64967
[  2, 13851] loss: 0.59098
[  2, 13901] loss: 0.58476
[  2, 13951] loss: 0.48707
[  2, 14001] loss: 0.61339
[  2, 14051] loss: 0.52471
[  2, 14101] loss: 0.59642
[  2, 14151] loss: 0.51225
[  2, 14201] loss: 0.50210
[  2, 14251] loss: 0.66922
[  2, 14301] loss: 0.59221
[  2, 14351] loss: 0.60953
[  2, 14401] loss: 0.60211
[  2, 14451] loss: 0.59248
[  2, 14501] loss: 0.64833
[  2, 14551] loss: 0.65143
[  2, 14601] loss: 0.62822
[  2, 14651] loss: 0.62696
[  2, 14701] loss: 0.60317
[  2, 14751] loss: 0.66219
[  2, 14801] loss: 0.62739
[  2, 14851] loss: 0.62244
[  2, 14901] loss: 0.64354
[  2, 14951] loss: 0.62476
[  2, 15001] loss: 0.61193
[  2, 15051] loss: 0.58196
[  2, 15101] loss: 0.59549
[  2, 15151] loss: 0.52793
[  2, 15201] loss: 0.58710
[  2, 15251] loss: 0.56572
[  2, 15301] loss: 0.57211
[  2, 15351] loss: 0.63116
[  2, 15401] loss: 0.61430
[  2, 15451] loss: 0.54416
[  2, 15501] loss: 0.62175
[  2, 15551] loss: 0.51688
[  2, 15601] loss: 0.60449
[  2, 15651] loss: 0.53482
[  2, 15701] loss: 0.72412
[  2, 15751] loss: 0.58187
[  2, 15801] loss: 0.58700
[  2, 15851] loss: 0.54064
[  2, 15901] loss: 0.61434
[  2, 15951] loss: 0.54107
[  2, 16001] loss: 0.58534
[  2, 16051] loss: 0.43811
[  2, 16101] loss: 0.52585
[  2, 16151] loss: 0.63923
[  2, 16201] loss: 0.59802
[  2, 16251] loss: 0.54495
[  2, 16301] loss: 0.71077
[  2, 16351] loss: 0.48324
[  2, 16401] loss: 0.58088
[  2, 16451] loss: 0.51579
[  2, 16501] loss: 0.62277
[  2, 16551] loss: 0.56000
[  2, 16601] loss: 0.55606
[  2, 16651] loss: 0.61330
[  2, 16701] loss: 0.52201
[  2, 16751] loss: 0.58609
[  2, 16801] loss: 0.55825
[  2, 16851] loss: 0.46327
[  2, 16901] loss: 0.62048
[  2, 16951] loss: 0.53443
[  2, 17001] loss: 0.53409
[  2, 17051] loss: 0.54675
[  2, 17101] loss: 0.48547
[  2, 17151] loss: 0.54840
[  2, 17201] loss: 0.58401
[  2, 17251] loss: 0.64507
[  2, 17301] loss: 0.56986
[  2, 17351] loss: 0.59141
[  2, 17401] loss: 0.68285
[  2, 17451] loss: 0.53538
[  2, 17501] loss: 0.59663
[  2, 17551] loss: 0.59151
[  2, 17601] loss: 0.56951
[  2, 17651] loss: 0.62860
[  2, 17701] loss: 0.56790
[  2, 17751] loss: 0.56418
[  2, 17801] loss: 0.59635
[  2, 17851] loss: 0.61293
[  2, 17901] loss: 0.52412
[  2, 17951] loss: 0.54646
[  2, 18001] loss: 0.48888
[  2, 18051] loss: 0.57767
[  2, 18101] loss: 0.50140
[  2, 18151] loss: 0.63402
[  2, 18201] loss: 0.40458
[  2, 18251] loss: 0.63508
[  2, 18301] loss: 0.62743
[  2, 18351] loss: 0.51511
[  2, 18401] loss: 0.52292
[  2, 18451] loss: 0.70186
[  2, 18501] loss: 0.49192
[  2, 18551] loss: 0.66663
[  2, 18601] loss: 0.67770
[  2, 18651] loss: 0.59082
[  2, 18701] loss: 0.52444
[  2, 18751] loss: 0.52595
[  2, 18801] loss: 0.49326
[  2, 18851] loss: 0.58568
[  2, 18901] loss: 0.46773
[  2, 18951] loss: 0.48805
[  2, 19001] loss: 0.53153
[  2, 19051] loss: 0.65032
[  2, 19101] loss: 0.58409
[  2, 19151] loss: 0.58928
[  2, 19201] loss: 0.48425
[  2, 19251] loss: 0.60433
[  2, 19301] loss: 0.66394
[  2, 19351] loss: 0.54079
[  2, 19401] loss: 0.55900
[  2, 19451] loss: 0.48192
[  2, 19501] loss: 0.55238
[  2, 19551] loss: 0.44420
[  2, 19601] loss: 0.48319
[  2, 19651] loss: 0.59938
[  2, 19701] loss: 0.50644
[  2, 19751] loss: 0.55754
[  2, 19801] loss: 0.62657
[  2, 19851] loss: 0.47006
[  2, 19901] loss: 0.64980
[  2, 19951] loss: 0.51753
[  2, 20001] loss: 0.55284
[  2, 20051] loss: 0.56860
[  2, 20101] loss: 0.62907
[  2, 20151] loss: 0.48266
[  2, 20201] loss: 0.49212
[  2, 20251] loss: 0.48535
[  2, 20301] loss: 0.59318
[  2, 20351] loss: 0.52248
[  2, 20401] loss: 0.57977
[  2, 20451] loss: 0.59400
[  2, 20501] loss: 0.50381
[  2, 20551] loss: 0.56781
[  2, 20601] loss: 0.78769
[  2, 20651] loss: 0.47405
[  2, 20701] loss: 0.51649
[  2, 20751] loss: 0.77119
[  2, 20801] loss: 0.55710
[  2, 20851] loss: 0.59554
[  2, 20901] loss: 0.64772
[  2, 20951] loss: 0.54456
[  2, 21001] loss: 0.59213
[  2, 21051] loss: 0.51610
[  2, 21101] loss: 0.55218
[  2, 21151] loss: 0.61229
[  2, 21201] loss: 0.60156
[  2, 21251] loss: 0.62657
[  2, 21301] loss: 0.67668
[  2, 21351] loss: 0.61822
[  2, 21401] loss: 0.57328
[  2, 21451] loss: 0.49816
[  2, 21501] loss: 0.63397
[  2, 21551] loss: 0.61297
[  2, 21601] loss: 0.67263
[  2, 21651] loss: 0.44128
[  2, 21701] loss: 0.55779
[  2, 21751] loss: 0.54653
[  2, 21801] loss: 0.54362
[  2, 21851] loss: 0.51459
[  2, 21901] loss: 0.58136
[  2, 21951] loss: 0.50186
[  2, 22001] loss: 0.62101
[  2, 22051] loss: 0.60346
[  2, 22101] loss: 0.59278
[  2, 22151] loss: 0.60922
[  2, 22201] loss: 0.38345
[  2, 22251] loss: 0.60151
[  2, 22301] loss: 0.61994
[  2, 22351] loss: 0.57864
[  2, 22401] loss: 0.57146
[  2, 22451] loss: 0.58799
[  2, 22501] loss: 0.63931
[  2, 22551] loss: 0.75498
[  2, 22601] loss: 0.60651
[  2, 22651] loss: 0.64840
[  2, 22701] loss: 0.50070
[  2, 22751] loss: 0.63902
[  2, 22801] loss: 0.68130
[  2, 22851] loss: 0.61679
[  2, 22901] loss: 0.54399
[  2, 22951] loss: 0.56381
[  2, 23001] loss: 0.59478
[  2, 23051] loss: 0.52419
[  2, 23101] loss: 0.53502
[  2, 23151] loss: 0.64826
[  2, 23201] loss: 0.55751
[  2, 23251] loss: 0.56164
[  2, 23301] loss: 0.56823
[  2, 23351] loss: 0.63087
[  2, 23401] loss: 0.59773
[  2, 23451] loss: 0.49321
[  2, 23501] loss: 0.57872
[  2, 23551] loss: 0.48326
[  2, 23601] loss: 0.53435
[  2, 23651] loss: 0.52803
[  2, 23701] loss: 0.67006
[  2, 23751] loss: 0.52037
[  2, 23801] loss: 0.58805
[  2, 23851] loss: 0.58078
[  2, 23901] loss: 0.50024
[  2, 23951] loss: 0.58881
[  2, 24001] loss: 0.60467
[  2, 24051] loss: 0.46285
[  2, 24101] loss: 0.57696
[  2, 24151] loss: 0.51677
[  2, 24201] loss: 0.51346
[  2, 24251] loss: 0.60939
[  2, 24301] loss: 0.47758
[  2, 24351] loss: 0.60846
[  2, 24401] loss: 0.57675
[  2, 24451] loss: 0.56977
[  2, 24501] loss: 0.58779
[  2, 24551] loss: 0.57076
[  2, 24601] loss: 0.63248
[  2, 24651] loss: 0.49623
[  2, 24701] loss: 0.58317
[  2, 24751] loss: 0.68100
[  2, 24801] loss: 0.65798
[  2, 24851] loss: 0.58330
[  2, 24901] loss: 0.56649
[  2, 24951] loss: 0.54636
[  3,     1] loss: 0.55412
[  3,    51] loss: 0.63336
[  3,   101] loss: 0.59248
[  3,   151] loss: 0.63851
[  3,   201] loss: 0.56415
[  3,   251] loss: 0.57149
[  3,   301] loss: 0.63356
[  3,   351] loss: 0.56373
[  3,   401] loss: 0.49840
[  3,   451] loss: 0.53029
[  3,   501] loss: 0.58413
[  3,   551] loss: 0.57095
[  3,   601] loss: 0.57164
[  3,   651] loss: 0.55858
[  3,   701] loss: 0.58214
[  3,   751] loss: 0.47602
[  3,   801] loss: 0.57749
[  3,   851] loss: 0.48948
[  3,   901] loss: 0.57013
[  3,   951] loss: 0.61231
[  3,  1001] loss: 0.61109
[  3,  1051] loss: 0.51850
[  3,  1101] loss: 0.42437
[  3,  1151] loss: 0.54249
[  3,  1201] loss: 0.64919
[  3,  1251] loss: 0.51153
[  3,  1301] loss: 0.60552
[  3,  1351] loss: 0.53383
[  3,  1401] loss: 0.62330
[  3,  1451] loss: 0.59984
[  3,  1501] loss: 0.52599
[  3,  1551] loss: 0.58935
[  3,  1601] loss: 0.46815
[  3,  1651] loss: 0.51294
[  3,  1701] loss: 0.57583
[  3,  1751] loss: 0.42035
[  3,  1801] loss: 0.50667
[  3,  1851] loss: 0.49759
[  3,  1901] loss: 0.65384
[  3,  1951] loss: 0.49484
[  3,  2001] loss: 0.51040
[  3,  2051] loss: 0.49403
[  3,  2101] loss: 0.46879
[  3,  2151] loss: 0.54850
[  3,  2201] loss: 0.38422
[  3,  2251] loss: 0.59604
[  3,  2301] loss: 0.57400
[  3,  2351] loss: 0.62815
[  3,  2401] loss: 0.69356
[  3,  2451] loss: 0.66548
[  3,  2501] loss: 0.65557
[  3,  2551] loss: 0.51752
[  3,  2601] loss: 0.55770
[  3,  2651] loss: 0.63497
[  3,  2701] loss: 0.66297
[  3,  2751] loss: 0.58494
[  3,  2801] loss: 0.60045
[  3,  2851] loss: 0.54720
[  3,  2901] loss: 0.52162
[  3,  2951] loss: 0.44690
[  3,  3001] loss: 0.51306
[  3,  3051] loss: 0.69845
[  3,  3101] loss: 0.55428
[  3,  3151] loss: 0.48009
[  3,  3201] loss: 0.61406
[  3,  3251] loss: 0.51708
[  3,  3301] loss: 0.55400
[  3,  3351] loss: 0.58295
[  3,  3401] loss: 0.63334
[  3,  3451] loss: 0.57296
[  3,  3501] loss: 0.50549
[  3,  3551] loss: 0.51463
[  3,  3601] loss: 0.53058
[  3,  3651] loss: 0.50103
[  3,  3701] loss: 0.58990
[  3,  3751] loss: 0.53663
[  3,  3801] loss: 0.47358
[  3,  3851] loss: 0.69553
[  3,  3901] loss: 0.60877
[  3,  3951] loss: 0.55089
[  3,  4001] loss: 0.61307
[  3,  4051] loss: 0.62501
[  3,  4101] loss: 0.51136
[  3,  4151] loss: 0.64639
[  3,  4201] loss: 0.47244
[  3,  4251] loss: 0.50364
[  3,  4301] loss: 0.49892
[  3,  4351] loss: 0.42578
[  3,  4401] loss: 0.52888
[  3,  4451] loss: 0.56594
[  3,  4501] loss: 0.58267
[  3,  4551] loss: 0.60806
[  3,  4601] loss: 0.45403
[  3,  4651] loss: 0.57677
[  3,  4701] loss: 0.65129
[  3,  4751] loss: 0.47093
[  3,  4801] loss: 0.45404
[  3,  4851] loss: 0.52206
[  3,  4901] loss: 0.43221
[  3,  4951] loss: 0.50244
[  3,  5001] loss: 0.44741
[  3,  5051] loss: 0.41954
[  3,  5101] loss: 0.35671
[  3,  5151] loss: 0.57094
[  3,  5201] loss: 0.68615
[  3,  5251] loss: 0.55973
[  3,  5301] loss: 0.48855
[  3,  5351] loss: 0.48877
[  3,  5401] loss: 0.56344
[  3,  5451] loss: 0.52134
[  3,  5501] loss: 0.46790
[  3,  5551] loss: 0.41390
[  3,  5601] loss: 0.57570
[  3,  5651] loss: 0.46766
[  3,  5701] loss: 0.47096
[  3,  5751] loss: 0.50605
[  3,  5801] loss: 0.42766
[  3,  5851] loss: 0.47540
[  3,  5901] loss: 0.42381
[  3,  5951] loss: 0.60921
[  3,  6001] loss: 0.51442
[  3,  6051] loss: 0.50913
[  3,  6101] loss: 0.51955
[  3,  6151] loss: 0.49095
[  3,  6201] loss: 0.57870
[  3,  6251] loss: 0.53459
[  3,  6301] loss: 0.44569
[  3,  6351] loss: 0.41777
[  3,  6401] loss: 0.44646
[  3,  6451] loss: 0.54681
[  3,  6501] loss: 0.57677
[  3,  6551] loss: 0.47412
[  3,  6601] loss: 0.52741
[  3,  6651] loss: 0.40713
[  3,  6701] loss: 0.50570
[  3,  6751] loss: 0.55180
[  3,  6801] loss: 0.50516
[  3,  6851] loss: 0.42818
[  3,  6901] loss: 0.50544
[  3,  6951] loss: 0.48046
[  3,  7001] loss: 0.48044
[  3,  7051] loss: 0.55800
[  3,  7101] loss: 0.40539
[  3,  7151] loss: 0.50101
[  3,  7201] loss: 0.68249
[  3,  7251] loss: 0.40232
[  3,  7301] loss: 0.50432
[  3,  7351] loss: 0.58661
[  3,  7401] loss: 0.55749
[  3,  7451] loss: 0.53577
[  3,  7501] loss: 0.49929
[  3,  7551] loss: 0.47081
[  3,  7601] loss: 0.41473
[  3,  7651] loss: 0.51203
[  3,  7701] loss: 0.48208
[  3,  7751] loss: 0.36335
[  3,  7801] loss: 0.37002
[  3,  7851] loss: 0.36660
[  3,  7901] loss: 0.53139
[  3,  7951] loss: 0.54934
[  3,  8001] loss: 0.42357
[  3,  8051] loss: 0.55381
[  3,  8101] loss: 0.59914
[  3,  8151] loss: 0.55728
[  3,  8201] loss: 0.49431
[  3,  8251] loss: 0.56699
[  3,  8301] loss: 0.60302
[  3,  8351] loss: 0.54064
[  3,  8401] loss: 0.60316
[  3,  8451] loss: 0.51941
[  3,  8501] loss: 0.51591
[  3,  8551] loss: 0.58563
[  3,  8601] loss: 0.49664
[  3,  8651] loss: 0.49811
[  3,  8701] loss: 0.43616
[  3,  8751] loss: 0.47099
[  3,  8801] loss: 0.58236
[  3,  8851] loss: 0.51319
[  3,  8901] loss: 0.49486
[  3,  8951] loss: 0.51377
[  3,  9001] loss: 0.52727
[  3,  9051] loss: 0.45949
[  3,  9101] loss: 0.48510
[  3,  9151] loss: 0.48218
[  3,  9201] loss: 0.45451
[  3,  9251] loss: 0.41928
[  3,  9301] loss: 0.33687
[  3,  9351] loss: 0.48177
[  3,  9401] loss: 0.47714
[  3,  9451] loss: 0.48728
[  3,  9501] loss: 0.43834
[  3,  9551] loss: 0.43185
[  3,  9601] loss: 0.43844
[  3,  9651] loss: 0.38933
[  3,  9701] loss: 0.46071
[  3,  9751] loss: 0.48118
[  3,  9801] loss: 0.39643
[  3,  9851] loss: 0.40157
[  3,  9901] loss: 0.46407
[  3,  9951] loss: 0.32615
[  3, 10001] loss: 0.44538
[  3, 10051] loss: 0.42821
[  3, 10101] loss: 0.41489
[  3, 10151] loss: 0.39754
[  3, 10201] loss: 0.38594
[  3, 10251] loss: 0.53416
[  3, 10301] loss: 0.57062
[  3, 10351] loss: 0.40052
[  3, 10401] loss: 0.39527
[  3, 10451] loss: 0.45926
[  3, 10501] loss: 0.39776
[  3, 10551] loss: 0.45877
[  3, 10601] loss: 0.44605
[  3, 10651] loss: 0.41420
[  3, 10701] loss: 0.49634
[  3, 10751] loss: 0.53964
[  3, 10801] loss: 0.44768
[  3, 10851] loss: 0.46300
[  3, 10901] loss: 0.43466
[  3, 10951] loss: 0.52177
[  3, 11001] loss: 0.44331
[  3, 11051] loss: 0.59058
[  3, 11101] loss: 0.41694
[  3, 11151] loss: 0.41215
[  3, 11201] loss: 0.42773
[  3, 11251] loss: 0.49104
[  3, 11301] loss: 0.38833
[  3, 11351] loss: 0.49212
[  3, 11401] loss: 0.35856
[  3, 11451] loss: 0.38042
[  3, 11501] loss: 0.42677
[  3, 11551] loss: 0.46460
[  3, 11601] loss: 0.39822
[  3, 11651] loss: 0.61306
[  3, 11701] loss: 0.56457
[  3, 11751] loss: 0.52044
[  3, 11801] loss: 0.35113
[  3, 11851] loss: 0.33812
[  3, 11901] loss: 0.46651
[  3, 11951] loss: 0.35835
[  3, 12001] loss: 0.42952
[  3, 12051] loss: 0.45794
[  3, 12101] loss: 0.44107
[  3, 12151] loss: 0.42920
[  3, 12201] loss: 0.48830
[  3, 12251] loss: 0.36694
[  3, 12301] loss: 0.38493
[  3, 12351] loss: 0.49179
[  3, 12401] loss: 0.36796
[  3, 12451] loss: 0.36182
[  3, 12501] loss: 0.42212
[  3, 12551] loss: 0.37371
[  3, 12601] loss: 0.38883
[  3, 12651] loss: 0.47763
[  3, 12701] loss: 0.28494
[  3, 12751] loss: 0.40634
[  3, 12801] loss: 0.43496
[  3, 12851] loss: 0.46527
[  3, 12901] loss: 0.39104
[  3, 12951] loss: 0.46017
[  3, 13001] loss: 0.35321
[  3, 13051] loss: 0.33869
[  3, 13101] loss: 0.41246
[  3, 13151] loss: 0.38625
[  3, 13201] loss: 0.36581
[  3, 13251] loss: 0.36149
[  3, 13301] loss: 0.40514
[  3, 13351] loss: 0.27881
[  3, 13401] loss: 0.63732
[  3, 13451] loss: 0.35655
[  3, 13501] loss: 0.31430
[  3, 13551] loss: 0.40018
[  3, 13601] loss: 0.26533
[  3, 13651] loss: 0.33498
[  3, 13701] loss: 0.36239
[  3, 13751] loss: 0.38760
[  3, 13801] loss: 0.29312
[  3, 13851] loss: 0.33610
[  3, 13901] loss: 0.27585
[  3, 13951] loss: 0.31663
[  3, 14001] loss: 0.48339
[  3, 14051] loss: 0.22639
[  3, 14101] loss: 0.33027
[  3, 14151] loss: 0.30345
[  3, 14201] loss: 0.31780
[  3, 14251] loss: 0.33801
[  3, 14301] loss: 0.31983
[  3, 14351] loss: 0.40456
[  3, 14401] loss: 0.37869
[  3, 14451] loss: 0.50136
[  3, 14501] loss: 0.49276
[  3, 14551] loss: 0.43540
[  3, 14601] loss: 0.44564
[  3, 14651] loss: 0.42150
[  3, 14701] loss: 0.35783
[  3, 14751] loss: 0.61240
[  3, 14801] loss: 0.44327
[  3, 14851] loss: 0.37640
[  3, 14901] loss: 0.47337
[  3, 14951] loss: 0.49215
[  3, 15001] loss: 0.39335
[  3, 15051] loss: 0.45939
[  3, 15101] loss: 0.37301
[  3, 15151] loss: 0.43946
[  3, 15201] loss: 0.40847
[  3, 15251] loss: 0.33034
[  3, 15301] loss: 0.22389
[  3, 15351] loss: 0.39719
[  3, 15401] loss: 0.48466
[  3, 15451] loss: 0.28573
[  3, 15501] loss: 0.36671
[  3, 15551] loss: 0.23300
[  3, 15601] loss: 0.41043
[  3, 15651] loss: 0.30647
[  3, 15701] loss: 0.27014
[  3, 15751] loss: 0.26398
[  3, 15801] loss: 0.39099
[  3, 15851] loss: 0.37647
[  3, 15901] loss: 0.31790
[  3, 15951] loss: 0.31085
[  3, 16001] loss: 0.44115
[  3, 16051] loss: 0.22535
[  3, 16101] loss: 0.27891
[  3, 16151] loss: 0.31670
[  3, 16201] loss: 0.39617
[  3, 16251] loss: 0.30614
[  3, 16301] loss: 0.38779
[  3, 16351] loss: 0.16205
[  3, 16401] loss: 0.24612
[  3, 16451] loss: 0.24627
[  3, 16501] loss: 0.38828
[  3, 16551] loss: 0.24856
[  3, 16601] loss: 0.31676
[  3, 16651] loss: 0.30748
[  3, 16701] loss: 0.32218
[  3, 16751] loss: 0.34929
[  3, 16801] loss: 0.26756
[  3, 16851] loss: 0.24213
[  3, 16901] loss: 0.37899
[  3, 16951] loss: 0.35482
[  3, 17001] loss: 0.30289
[  3, 17051] loss: 0.34404
[  3, 17101] loss: 0.22005
[  3, 17151] loss: 0.27949
[  3, 17201] loss: 0.24899
[  3, 17251] loss: 0.35929
[  3, 17301] loss: 0.25650
[  3, 17351] loss: 0.28934
[  3, 17401] loss: 0.29684
[  3, 17451] loss: 0.24527
[  3, 17501] loss: 0.30583
[  3, 17551] loss: 0.28967
[  3, 17601] loss: 0.31418
[  3, 17651] loss: 0.37444
[  3, 17701] loss: 0.53168
[  3, 17751] loss: 0.56494
[  3, 17801] loss: 0.39239
[  3, 17851] loss: 0.45314
[  3, 17901] loss: 0.34085
[  3, 17951] loss: 0.37722
[  3, 18001] loss: 0.29262
[  3, 18051] loss: 0.32190
[  3, 18101] loss: 0.27740
[  3, 18151] loss: 0.30700
[  3, 18201] loss: 0.24890
[  3, 18251] loss: 0.22526
[  3, 18301] loss: 0.23654
[  3, 18351] loss: 0.21881
[  3, 18401] loss: 0.16603
[  3, 18451] loss: 0.36786
[  3, 18501] loss: 0.21045
[  3, 18551] loss: 0.38091
[  3, 18601] loss: 0.49550
[  3, 18651] loss: 0.27708
[  3, 18701] loss: 0.24229
[  3, 18751] loss: 0.40039
[  3, 18801] loss: 0.31420
[  3, 18851] loss: 0.38909
[  3, 18901] loss: 0.40282
[  3, 18951] loss: 0.39066
[  3, 19001] loss: 0.38834
[  3, 19051] loss: 0.36148
[  3, 19101] loss: 0.34060
[  3, 19151] loss: 0.31392
[  3, 19201] loss: 0.37249
[  3, 19251] loss: 0.42865
[  3, 19301] loss: 0.21955
[  3, 19351] loss: 0.29632
[  3, 19401] loss: 0.29609
[  3, 19451] loss: 0.16437
[  3, 19501] loss: 0.23670
[  3, 19551] loss: 0.29573
[  3, 19601] loss: 0.39729
[  3, 19651] loss: 0.57552
[  3, 19701] loss: 0.25599
[  3, 19751] loss: 0.28676
[  3, 19801] loss: 0.32731
[  3, 19851] loss: 0.30848
[  3, 19901] loss: 0.32559
[  3, 19951] loss: 0.33726
[  3, 20001] loss: 0.33553
[  3, 20051] loss: 0.36311
[  3, 20101] loss: 0.33714
[  3, 20151] loss: 0.31294
[  3, 20201] loss: 0.27610
[  3, 20251] loss: 0.28971
[  3, 20301] loss: 0.35140
[  3, 20351] loss: 0.24912
[  3, 20401] loss: 0.29432
[  3, 20451] loss: 0.19067
[  3, 20501] loss: 0.28752
[  3, 20551] loss: 0.28405
[  3, 20601] loss: 0.40334
[  3, 20651] loss: 0.29842
[  3, 20701] loss: 0.16731
[  3, 20751] loss: 0.46160
[  3, 20801] loss: 0.39802
[  3, 20851] loss: 0.36977
[  3, 20901] loss: 0.66259
[  3, 20951] loss: 0.32938
[  3, 21001] loss: 0.43877
[  3, 21051] loss: 0.35143
[  3, 21101] loss: 0.37835
[  3, 21151] loss: 0.40899
[  3, 21201] loss: 0.37040
[  3, 21251] loss: 0.25688
[  3, 21301] loss: 0.45596
[  3, 21351] loss: 0.34512
[  3, 21401] loss: 0.33345
[  3, 21451] loss: 0.23754
[  3, 21501] loss: 0.27389
[  3, 21551] loss: 0.24476
[  3, 21601] loss: 0.24354
[  3, 21651] loss: 0.29696
[  3, 21701] loss: 0.37332
[  3, 21751] loss: 0.26957
[  3, 21801] loss: 0.31925
[  3, 21851] loss: 0.31822
[  3, 21901] loss: 0.39129
[  3, 21951] loss: 0.31048
[  3, 22001] loss: 0.21193
[  3, 22051] loss: 0.30659
[  3, 22101] loss: 0.31240
[  3, 22151] loss: 0.24284
[  3, 22201] loss: 0.21927
[  3, 22251] loss: 0.29022
[  3, 22301] loss: 0.25056
[  3, 22351] loss: 0.33137
[  3, 22401] loss: 0.43702
[  3, 22451] loss: 0.28443
[  3, 22501] loss: 0.30833
[  3, 22551] loss: 0.28782
[  3, 22601] loss: 0.35071
[  3, 22651] loss: 0.30625
[  3, 22701] loss: 0.25339
[  3, 22751] loss: 0.34591
[  3, 22801] loss: 0.47604
[  3, 22851] loss: 0.46913
[  3, 22901] loss: 0.43260
[  3, 22951] loss: 0.36817
[  3, 23001] loss: 0.30696
[  3, 23051] loss: 0.24115
[  3, 23101] loss: 0.26332
[  3, 23151] loss: 0.34426
[  3, 23201] loss: 0.23209
[  3, 23251] loss: 0.30991
[  3, 23301] loss: 0.28937
[  3, 23351] loss: 0.45233
[  3, 23401] loss: 0.42818
[  3, 23451] loss: 0.35436
[  3, 23501] loss: 0.34221
[  3, 23551] loss: 0.23155
[  3, 23601] loss: 0.21245
[  3, 23651] loss: 0.19682
[  3, 23701] loss: 0.30411
[  3, 23751] loss: 0.25543
[  3, 23801] loss: 0.23431
[  3, 23851] loss: 0.32847
[  3, 23901] loss: 0.26324
[  3, 23951] loss: 0.35967
[  3, 24001] loss: 0.27386
[  3, 24051] loss: 0.20569
[  3, 24101] loss: 0.31861
[  3, 24151] loss: 0.29337
[  3, 24201] loss: 0.39410
[  3, 24251] loss: 0.34651
[  3, 24301] loss: 0.12423
[  3, 24351] loss: 0.42546
[  3, 24401] loss: 0.41365
[  3, 24451] loss: 0.35664
[  3, 24501] loss: 0.42240
[  3, 24551] loss: 0.52927
[  3, 24601] loss: 0.44958
[  3, 24651] loss: 0.26203
[  3, 24701] loss: 0.32770
[  3, 24751] loss: 0.34387
[  3, 24801] loss: 0.34997
[  3, 24851] loss: 0.41851
[  3, 24901] loss: 0.37102
[  3, 24951] loss: 0.35845
[  4,     1] loss: 0.48009
[  4,    51] loss: 0.39040
[  4,   101] loss: 0.24077
[  4,   151] loss: 0.43929
[  4,   201] loss: 0.34486
[  4,   251] loss: 0.28160
[  4,   301] loss: 0.34152
[  4,   351] loss: 0.39195
[  4,   401] loss: 0.37547
[  4,   451] loss: 0.43800
[  4,   501] loss: 0.25839
[  4,   551] loss: 0.36187
[  4,   601] loss: 0.41721
[  4,   651] loss: 0.28953
[  4,   701] loss: 0.36571
[  4,   751] loss: 0.26066
[  4,   801] loss: 0.33002
[  4,   851] loss: 0.20799
[  4,   901] loss: 0.27107
[  4,   951] loss: 0.31728
[  4,  1001] loss: 0.31824
[  4,  1051] loss: 0.21795
[  4,  1101] loss: 0.32187
[  4,  1151] loss: 0.39256
[  4,  1201] loss: 0.32916
[  4,  1251] loss: 0.40634
[  4,  1301] loss: 0.24169
[  4,  1351] loss: 0.40055
[  4,  1401] loss: 0.30456
[  4,  1451] loss: 0.42188
[  4,  1501] loss: 0.39809
[  4,  1551] loss: 0.28017
[  4,  1601] loss: 0.18611
[  4,  1651] loss: 0.18796
[  4,  1701] loss: 0.22962
[  4,  1751] loss: 0.18381
[  4,  1801] loss: 0.21904
[  4,  1851] loss: 0.21613
[  4,  1901] loss: 0.33216
[  4,  1951] loss: 0.14844
[  4,  2001] loss: 0.25752
[  4,  2051] loss: 0.21597
[  4,  2101] loss: 0.13055
[  4,  2151] loss: 0.19874
[  4,  2201] loss: 0.21778
[  4,  2251] loss: 0.26281
[  4,  2301] loss: 0.23152
[  4,  2351] loss: 0.28930
[  4,  2401] loss: 0.34788
[  4,  2451] loss: 0.38011
[  4,  2501] loss: 0.33983
[  4,  2551] loss: 0.30970
[  4,  2601] loss: 0.35636
[  4,  2651] loss: 0.28366
[  4,  2701] loss: 0.29535
[  4,  2751] loss: 0.33026
[  4,  2801] loss: 0.22959
[  4,  2851] loss: 0.41432
[  4,  2901] loss: 0.31631
[  4,  2951] loss: 0.22901
[  4,  3001] loss: 0.27026
[  4,  3051] loss: 0.50109
[  4,  3101] loss: 0.28573
[  4,  3151] loss: 0.18553
[  4,  3201] loss: 0.32860
[  4,  3251] loss: 0.21503
[  4,  3301] loss: 0.25794
[  4,  3351] loss: 0.35775
[  4,  3401] loss: 0.40355
[  4,  3451] loss: 0.50336
[  4,  3501] loss: 0.22168
[  4,  3551] loss: 0.25128
[  4,  3601] loss: 0.35139
[  4,  3651] loss: 0.34183
[  4,  3701] loss: 0.41060
[  4,  3751] loss: 0.49594
[  4,  3801] loss: 0.41597
[  4,  3851] loss: 0.31928
[  4,  3901] loss: 0.36611
[  4,  3951] loss: 0.33320
[  4,  4001] loss: 0.32232
[  4,  4051] loss: 0.31515
[  4,  4101] loss: 0.24396
[  4,  4151] loss: 0.41941
[  4,  4201] loss: 0.17897
[  4,  4251] loss: 0.25963
[  4,  4301] loss: 0.23578
[  4,  4351] loss: 0.26802
[  4,  4401] loss: 0.37387
[  4,  4451] loss: 0.31206
[  4,  4501] loss: 0.22752
[  4,  4551] loss: 0.33158
[  4,  4601] loss: 0.23249
[  4,  4651] loss: 0.21011
[  4,  4701] loss: 0.26505
[  4,  4751] loss: 0.27011
[  4,  4801] loss: 0.30761
[  4,  4851] loss: 0.38922
[  4,  4901] loss: 0.27288
[  4,  4951] loss: 0.20431
[  4,  5001] loss: 0.28519
[  4,  5051] loss: 0.20050
[  4,  5101] loss: 0.26545
[  4,  5151] loss: 0.27103
[  4,  5201] loss: 0.26607
[  4,  5251] loss: 0.47992
[  4,  5301] loss: 0.35195
[  4,  5351] loss: 0.27508
[  4,  5401] loss: 0.31666
[  4,  5451] loss: 0.40631
[  4,  5501] loss: 0.35776
[  4,  5551] loss: 0.25976
[  4,  5601] loss: 0.25105
[  4,  5651] loss: 0.20819
[  4,  5701] loss: 0.21941
[  4,  5751] loss: 0.28970
[  4,  5801] loss: 0.22977
[  4,  5851] loss: 0.28446
[  4,  5901] loss: 0.30049
[  4,  5951] loss: 0.25302
[  4,  6001] loss: 0.35969
[  4,  6051] loss: 0.24460
[  4,  6101] loss: 0.54335
[  4,  6151] loss: 0.25044
[  4,  6201] loss: 0.31767
[  4,  6251] loss: 0.26960
[  4,  6301] loss: 0.32472
[  4,  6351] loss: 0.21856
[  4,  6401] loss: 0.28019
[  4,  6451] loss: 0.21609
[  4,  6501] loss: 0.36910
[  4,  6551] loss: 0.21416
[  4,  6601] loss: 0.23185
[  4,  6651] loss: 0.20121
[  4,  6701] loss: 0.23013
[  4,  6751] loss: 0.31935
[  4,  6801] loss: 0.37016
[  4,  6851] loss: 0.29304
[  4,  6901] loss: 0.23080
[  4,  6951] loss: 0.29112
[  4,  7001] loss: 0.32376
[  4,  7051] loss: 0.28033
[  4,  7101] loss: 0.20493
[  4,  7151] loss: 0.17144
[  4,  7201] loss: 0.26390
[  4,  7251] loss: 0.20245
[  4,  7301] loss: 0.31754
[  4,  7351] loss: 0.25083
[  4,  7401] loss: 0.42702
[  4,  7451] loss: 0.49020
[  4,  7501] loss: 0.30378
[  4,  7551] loss: 0.32936
[  4,  7601] loss: 0.28480
[  4,  7651] loss: 0.29143
[  4,  7701] loss: 0.28506
[  4,  7751] loss: 0.17815
[  4,  7801] loss: 0.32910
[  4,  7851] loss: 0.16389
[  4,  7901] loss: 0.23162
[  4,  7951] loss: 0.23202
[  4,  8001] loss: 0.25417
[  4,  8051] loss: 0.38213
[  4,  8101] loss: 0.22346
[  4,  8151] loss: 0.21159
[  4,  8201] loss: 0.32870
[  4,  8251] loss: 0.27338
[  4,  8301] loss: 0.31535
[  4,  8351] loss: 0.26833
[  4,  8401] loss: 0.35597
[  4,  8451] loss: 0.21348
[  4,  8501] loss: 0.34228
[  4,  8551] loss: 0.29974
[  4,  8601] loss: 0.29469
[  4,  8651] loss: 0.33406
[  4,  8701] loss: 0.27311
[  4,  8751] loss: 0.30312
[  4,  8801] loss: 0.26143
[  4,  8851] loss: 0.27906
[  4,  8901] loss: 0.20420
[  4,  8951] loss: 0.24049
[  4,  9001] loss: 0.29515
[  4,  9051] loss: 0.15528
[  4,  9101] loss: 0.25875
[  4,  9151] loss: 0.19014
[  4,  9201] loss: 0.13642
[  4,  9251] loss: 0.18324
[  4,  9301] loss: 0.16552
[  4,  9351] loss: 0.17608
[  4,  9401] loss: 0.33064
[  4,  9451] loss: 0.25440
[  4,  9501] loss: 0.26829
[  4,  9551] loss: 0.30604
[  4,  9601] loss: 0.11330
[  4,  9651] loss: 0.16033
[  4,  9701] loss: 0.22143
[  4,  9751] loss: 0.25403
[  4,  9801] loss: 0.27167
[  4,  9851] loss: 0.14721
[  4,  9901] loss: 0.27316
[  4,  9951] loss: 0.16857
[  4, 10001] loss: 0.12450
[  4, 10051] loss: 0.21923
[  4, 10101] loss: 0.17801
[  4, 10151] loss: 0.30445
[  4, 10201] loss: 0.33866
[  4, 10251] loss: 0.19927
[  4, 10301] loss: 0.30203
[  4, 10351] loss: 0.20504
[  4, 10401] loss: 0.14399
[  4, 10451] loss: 0.11863
[  4, 10501] loss: 0.17987
[  4, 10551] loss: 0.31828
[  4, 10601] loss: 0.16060
[  4, 10651] loss: 0.21420
[  4, 10701] loss: 0.13322
[  4, 10751] loss: 0.20067
[  4, 10801] loss: 0.20541
[  4, 10851] loss: 0.30388
[  4, 10901] loss: 0.30971
[  4, 10951] loss: 0.28613
[  4, 11001] loss: 0.16169
[  4, 11051] loss: 0.19481
[  4, 11101] loss: 0.15858
[  4, 11151] loss: 0.22582
[  4, 11201] loss: 0.24085
[  4, 11251] loss: 0.12540
[  4, 11301] loss: 0.19843
[  4, 11351] loss: 0.10352
[  4, 11401] loss: 0.30095
[  4, 11451] loss: 0.24383
[  4, 11501] loss: 0.14588
[  4, 11551] loss: 0.24581
[  4, 11601] loss: 0.28479
[  4, 11651] loss: 0.32233
[  4, 11701] loss: 0.24308
[  4, 11751] loss: 0.18371
[  4, 11801] loss: 0.12302
[  4, 11851] loss: 0.24165
[  4, 11901] loss: 0.22786
[  4, 11951] loss: 0.18781
[  4, 12001] loss: 0.23153
[  4, 12051] loss: 0.18269
[  4, 12101] loss: 0.21041
[  4, 12151] loss: 0.20549
[  4, 12201] loss: 0.16191
[  4, 12251] loss: 0.25445
[  4, 12301] loss: 0.17847
[  4, 12351] loss: 0.25602
[  4, 12401] loss: 0.20925
[  4, 12451] loss: 0.19744
[  4, 12501] loss: 0.20337
[  4, 12551] loss: 0.20943
[  4, 12601] loss: 0.12729
[  4, 12651] loss: 0.23854
[  4, 12701] loss: 0.15303
[  4, 12751] loss: 0.26824
[  4, 12801] loss: 0.24574
[  4, 12851] loss: 0.12007
[  4, 12901] loss: 0.21727
[  4, 12951] loss: 0.32833
[  4, 13001] loss: 0.15269
[  4, 13051] loss: 0.14908
[  4, 13101] loss: 0.27206
[  4, 13151] loss: 0.34749
[  4, 13201] loss: 0.11389
[  4, 13251] loss: 0.26460
[  4, 13301] loss: 0.17388
[  4, 13351] loss: 0.15689
[  4, 13401] loss: 0.25813
[  4, 13451] loss: 0.11825
[  4, 13501] loss: 0.31253
[  4, 13551] loss: 0.37829
[  4, 13601] loss: 0.16333
[  4, 13651] loss: 0.14095
[  4, 13701] loss: 0.23650
[  4, 13751] loss: 0.17852
[  4, 13801] loss: 0.19273
[  4, 13851] loss: 0.10677
[  4, 13901] loss: 0.18249
[  4, 13951] loss: 0.18405
[  4, 14001] loss: 0.16464
[  4, 14051] loss: 0.11134
[  4, 14101] loss: 0.15520
[  4, 14151] loss: 0.17113
[  4, 14201] loss: 0.22493
[  4, 14251] loss: 0.15702
[  4, 14301] loss: 0.13427
[  4, 14351] loss: 0.22208
[  4, 14401] loss: 0.20769
[  4, 14451] loss: 0.10633
[  4, 14501] loss: 0.10741
[  4, 14551] loss: 0.17170
[  4, 14601] loss: 0.27881
[  4, 14651] loss: 0.21808
[  4, 14701] loss: 0.20224
[  4, 14751] loss: 0.47781
[  4, 14801] loss: 0.19458
[  4, 14851] loss: 0.32104
[  4, 14901] loss: 0.23429
[  4, 14951] loss: 0.29372
[  4, 15001] loss: 0.34298
[  4, 15051] loss: 0.44879
[  4, 15101] loss: 0.28742
[  4, 15151] loss: 0.18305
[  4, 15201] loss: 0.21576
[  4, 15251] loss: 0.29481
[  4, 15301] loss: 0.54228
[  4, 15351] loss: 0.34757
[  4, 15401] loss: 0.21947
[  4, 15451] loss: 0.24608
[  4, 15501] loss: 0.39895
[  4, 15551] loss: 0.49347
[  4, 15601] loss: 0.18941
[  4, 15651] loss: 0.30139
[  4, 15701] loss: 0.35459
[  4, 15751] loss: 0.48307
[  4, 15801] loss: 0.23846
[  4, 15851] loss: 0.24769
[  4, 15901] loss: 0.19567
[  4, 15951] loss: 0.19016
[  4, 16001] loss: 0.22798
[  4, 16051] loss: 0.14205
[  4, 16101] loss: 0.19666
[  4, 16151] loss: 0.15851
[  4, 16201] loss: 0.15005
[  4, 16251] loss: 0.16047
[  4, 16301] loss: 0.13396
[  4, 16351] loss: 0.14525
[  4, 16401] loss: 0.09571
[  4, 16451] loss: 0.18090
[  4, 16501] loss: 0.08190
[  4, 16551] loss: 0.08792
[  4, 16601] loss: 0.17453
[  4, 16651] loss: 0.14791
[  4, 16701] loss: 0.12975
[  4, 16751] loss: 0.20603
[  4, 16801] loss: 0.39574
[  4, 16851] loss: 0.10325
[  4, 16901] loss: 0.25854
[  4, 16951] loss: 0.17594
[  4, 17001] loss: 0.24425
[  4, 17051] loss: 0.09112
[  4, 17101] loss: 0.09887
[  4, 17151] loss: 0.12930
[  4, 17201] loss: 0.19183
[  4, 17251] loss: 0.31111
[  4, 17301] loss: 0.31250
[  4, 17351] loss: 0.14063
[  4, 17401] loss: 0.14931
[  4, 17451] loss: 0.13973
[  4, 17501] loss: 0.19664
[  4, 17551] loss: 0.18833
[  4, 17601] loss: 0.26387
[  4, 17651] loss: 0.10833
[  4, 17701] loss: 0.14196
[  4, 17751] loss: 0.23325
[  4, 17801] loss: 0.20957
[  4, 17851] loss: 0.19009
[  4, 17901] loss: 0.12370
[  4, 17951] loss: 0.28985
[  4, 18001] loss: 0.14438
[  4, 18051] loss: 0.13174
[  4, 18101] loss: 0.11336
[  4, 18151] loss: 0.12920
[  4, 18201] loss: 0.22244
[  4, 18251] loss: 0.13221
[  4, 18301] loss: 0.14606
[  4, 18351] loss: 0.14958
[  4, 18401] loss: 0.12422
[  4, 18451] loss: 0.10180
[  4, 18501] loss: 0.09759
[  4, 18551] loss: 0.08245
[  4, 18601] loss: 0.14855
[  4, 18651] loss: 0.18597
[  4, 18701] loss: 0.21612
[  4, 18751] loss: 0.20202
[  4, 18801] loss: 0.16065
[  4, 18851] loss: 0.23989
[  4, 18901] loss: 0.30404
[  4, 18951] loss: 0.21515
[  4, 19001] loss: 0.10949
[  4, 19051] loss: 0.31503
[  4, 19101] loss: 0.21736
[  4, 19151] loss: 0.23947
[  4, 19201] loss: 0.14583
[  4, 19251] loss: 0.23321
[  4, 19301] loss: 0.14592
[  4, 19351] loss: 0.16880
[  4, 19401] loss: 0.06994
[  4, 19451] loss: 0.21105
[  4, 19501] loss: 0.27538
[  4, 19551] loss: 0.25671
[  4, 19601] loss: 0.42948
[  4, 19651] loss: 0.20880
[  4, 19701] loss: 0.23746
[  4, 19751] loss: 0.54395
[  4, 19801] loss: 0.53289
[  4, 19851] loss: 0.14355
[  4, 19901] loss: 0.29259
[  4, 19951] loss: 0.27248
[  4, 20001] loss: 0.36837
[  4, 20051] loss: 0.26445
[  4, 20101] loss: 0.15042
[  4, 20151] loss: 0.28288
[  4, 20201] loss: 0.52339
[  4, 20251] loss: 0.22916
[  4, 20301] loss: 0.21404
[  4, 20351] loss: 0.24916
[  4, 20401] loss: 0.35145
[  4, 20451] loss: 0.29078
[  4, 20501] loss: 0.20791
[  4, 20551] loss: 0.10495
[  4, 20601] loss: 0.18122
[  4, 20651] loss: 0.21013
[  4, 20701] loss: 0.42047
[  4, 20751] loss: 0.31788
[  4, 20801] loss: 0.15104
[  4, 20851] loss: 0.13878
[  4, 20901] loss: 0.43918
[  4, 20951] loss: 0.29458
[  4, 21001] loss: 0.20576
[  4, 21051] loss: 0.27379
[  4, 21101] loss: 0.28255
[  4, 21151] loss: 0.22784
[  4, 21201] loss: 0.27058
[  4, 21251] loss: 0.13015
[  4, 21301] loss: 0.21640
[  4, 21351] loss: 0.18979
[  4, 21401] loss: 0.33337
[  4, 21451] loss: 0.20973
[  4, 21501] loss: 0.10810
[  4, 21551] loss: 0.20594
[  4, 21601] loss: 0.08678
[  4, 21651] loss: 0.10190
[  4, 21701] loss: 0.28237
[  4, 21751] loss: 0.10206
[  4, 21801] loss: 0.13330
[  4, 21851] loss: 0.11463
[  4, 21901] loss: 0.19138
[  4, 21951] loss: 0.17925
[  4, 22001] loss: 0.14269
[  4, 22051] loss: 0.20711
[  4, 22101] loss: 0.17543
[  4, 22151] loss: 0.13728
[  4, 22201] loss: 0.23704
[  4, 22251] loss: 0.16652
[  4, 22301] loss: 0.31435
[  4, 22351] loss: 0.21854
[  4, 22401] loss: 0.21884
[  4, 22451] loss: 0.21148
[  4, 22501] loss: 0.16904
[  4, 22551] loss: 0.26062
[  4, 22601] loss: 0.24832
[  4, 22651] loss: 0.21362
[  4, 22701] loss: 0.13237
[  4, 22751] loss: 0.25812
[  4, 22801] loss: 0.09026
[  4, 22851] loss: 0.45448
[  4, 22901] loss: 0.16100
[  4, 22951] loss: 0.08085
[  4, 23001] loss: 0.14916
[  4, 23051] loss: 0.17219
[  4, 23101] loss: 0.16088
[  4, 23151] loss: 0.20637
[  4, 23201] loss: 0.12497
[  4, 23251] loss: 0.19471
[  4, 23301] loss: 0.29856
[  4, 23351] loss: 0.07114
[  4, 23401] loss: 0.22904
[  4, 23451] loss: 0.28761
[  4, 23501] loss: 0.39659
[  4, 23551] loss: 0.23476
[  4, 23601] loss: 0.16411
[  4, 23651] loss: 0.14410
[  4, 23701] loss: 0.23009
[  4, 23751] loss: 0.10685
[  4, 23801] loss: 0.16971
[  4, 23851] loss: 0.22488
[  4, 23901] loss: 0.09007
[  4, 23951] loss: 0.17944
[  4, 24001] loss: 0.10572
[  4, 24051] loss: 0.16883
[  4, 24101] loss: 0.23138
[  4, 24151] loss: 0.32974
[  4, 24201] loss: 0.29902
[  4, 24251] loss: 0.17274
[  4, 24301] loss: 0.23808
[  4, 24351] loss: 0.33301
[  4, 24401] loss: 0.41334
[  4, 24451] loss: 0.28528
[  4, 24501] loss: 0.14122
[  4, 24551] loss: 0.11827
[  4, 24601] loss: 0.18805
[  4, 24651] loss: 0.27265
[  4, 24701] loss: 0.26956
[  4, 24751] loss: 0.41164
[  4, 24801] loss: 0.32494
[  4, 24851] loss: 0.19220
[  4, 24901] loss: 0.35856
[  4, 24951] loss: 0.54573
[  5,     1] loss: 0.40569
[  5,    51] loss: 0.18074
[  5,   101] loss: 0.25770
[  5,   151] loss: 0.35590
[  5,   201] loss: 0.37997
[  5,   251] loss: 0.23575
[  5,   301] loss: 0.12566
[  5,   351] loss: 0.21564
[  5,   401] loss: 0.23536
[  5,   451] loss: 0.23715
[  5,   501] loss: 0.11408
[  5,   551] loss: 0.20695
[  5,   601] loss: 0.12781
[  5,   651] loss: 0.27998
[  5,   701] loss: 0.15799
[  5,   751] loss: 0.16851
[  5,   801] loss: 0.22810
[  5,   851] loss: 0.18047
[  5,   901] loss: 0.21885
[  5,   951] loss: 0.24016
[  5,  1001] loss: 0.22327
[  5,  1051] loss: 0.19806
[  5,  1101] loss: 0.23973
[  5,  1151] loss: 0.17952
[  5,  1201] loss: 0.14840
[  5,  1251] loss: 0.34236
[  5,  1301] loss: 0.33865
[  5,  1351] loss: 0.35372
[  5,  1401] loss: 0.16901
[  5,  1451] loss: 0.24840
[  5,  1501] loss: 0.43668
[  5,  1551] loss: 0.21542
[  5,  1601] loss: 0.15760
[  5,  1651] loss: 0.29307
[  5,  1701] loss: 0.21548
[  5,  1751] loss: 0.24054
[  5,  1801] loss: 0.32477
[  5,  1851] loss: 0.21476
[  5,  1901] loss: 0.17369
[  5,  1951] loss: 0.11079
[  5,  2001] loss: 0.18610
[  5,  2051] loss: 0.26970
[  5,  2101] loss: 0.10861
[  5,  2151] loss: 0.29680
[  5,  2201] loss: 0.09506
[  5,  2251] loss: 0.25074
[  5,  2301] loss: 0.21659
[  5,  2351] loss: 0.25313
[  5,  2401] loss: 0.21333
[  5,  2451] loss: 0.26077
[  5,  2501] loss: 0.20277
[  5,  2551] loss: 0.09595
[  5,  2601] loss: 0.26797
[  5,  2651] loss: 0.23629
[  5,  2701] loss: 0.12408
[  5,  2751] loss: 0.22055
[  5,  2801] loss: 0.14660
[  5,  2851] loss: 0.17179
[  5,  2901] loss: 0.18266
[  5,  2951] loss: 0.21251
[  5,  3001] loss: 0.18972
[  5,  3051] loss: 0.17021
[  5,  3101] loss: 0.18728
[  5,  3151] loss: 0.22529
[  5,  3201] loss: 0.26226
[  5,  3251] loss: 0.09528
[  5,  3301] loss: 0.22506
[  5,  3351] loss: 0.26269
[  5,  3401] loss: 0.21872
[  5,  3451] loss: 0.16853
[  5,  3501] loss: 0.22881
[  5,  3551] loss: 0.26610
[  5,  3601] loss: 0.28588
[  5,  3651] loss: 0.24070
[  5,  3701] loss: 0.17518
[  5,  3751] loss: 0.27036
[  5,  3801] loss: 0.30452
[  5,  3851] loss: 0.21345
[  5,  3901] loss: 0.33528
[  5,  3951] loss: 0.25050
[  5,  4001] loss: 0.36748
[  5,  4051] loss: 0.46226
[  5,  4101] loss: 0.27581
[  5,  4151] loss: 0.27481
[  5,  4201] loss: 0.19533
[  5,  4251] loss: 0.22430
[  5,  4301] loss: 0.37607
[  5,  4351] loss: 0.20156
[  5,  4401] loss: 0.19638
[  5,  4451] loss: 0.16432
[  5,  4501] loss: 0.21191
[  5,  4551] loss: 0.18607
[  5,  4601] loss: 0.29637
[  5,  4651] loss: 0.20867
[  5,  4701] loss: 0.24554
[  5,  4751] loss: 0.19266
[  5,  4801] loss: 0.30009
[  5,  4851] loss: 0.58735
[  5,  4901] loss: 0.28305
[  5,  4951] loss: 0.08893
[  5,  5001] loss: 0.22451
[  5,  5051] loss: 0.16315
[  5,  5101] loss: 0.29205
[  5,  5151] loss: 0.24204
[  5,  5201] loss: 0.19392
[  5,  5251] loss: 0.24187
[  5,  5301] loss: 0.10299
[  5,  5351] loss: 0.20748
[  5,  5401] loss: 0.55266
[  5,  5451] loss: 0.32152
[  5,  5501] loss: 0.26125
[  5,  5551] loss: 0.17782
[  5,  5601] loss: 0.42568
[  5,  5651] loss: 0.39856
[  5,  5701] loss: 0.37683
[  5,  5751] loss: 0.23106
[  5,  5801] loss: 0.16327
[  5,  5851] loss: 0.17087
[  5,  5901] loss: 0.30906
[  5,  5951] loss: 0.28822
[  5,  6001] loss: 0.19595
[  5,  6051] loss: 0.19631
[  5,  6101] loss: 0.16648
[  5,  6151] loss: 0.18107
[  5,  6201] loss: 0.28022
[  5,  6251] loss: 0.32420
[  5,  6301] loss: 0.29191
[  5,  6351] loss: 0.19972
[  5,  6401] loss: 0.30262
[  5,  6451] loss: 0.14690
[  5,  6501] loss: 0.16140
[  5,  6551] loss: 0.14657
[  5,  6601] loss: 0.22470
[  5,  6651] loss: 0.42566
[  5,  6701] loss: 0.42934
[  5,  6751] loss: 0.24467
[  5,  6801] loss: 0.27125
[  5,  6851] loss: 0.33578
[  5,  6901] loss: 0.55146
[  5,  6951] loss: 0.80908
[  5,  7001] loss: 0.34892
[  5,  7051] loss: 0.29557
[  5,  7101] loss: 0.18102
[  5,  7151] loss: 0.43224
[  5,  7201] loss: 0.52782
[  5,  7251] loss: 0.52424
[  5,  7301] loss: 0.38966
[  5,  7351] loss: 0.27345
[  5,  7401] loss: 0.35924
[  5,  7451] loss: 0.35744
[  5,  7501] loss: 0.40009
[  5,  7551] loss: 0.33079
[  5,  7601] loss: 0.28099
[  5,  7651] loss: 0.27210
[  5,  7701] loss: 0.19381
[  5,  7751] loss: 0.26063
[  5,  7801] loss: 0.12701
[  5,  7851] loss: 0.19033
[  5,  7901] loss: 0.24780
[  5,  7951] loss: 0.40022
[  5,  8001] loss: 0.33995
[  5,  8051] loss: 0.36322
[  5,  8101] loss: 0.24563
[  5,  8151] loss: 0.27444
[  5,  8201] loss: 0.22828
[  5,  8251] loss: 0.19895
[  5,  8301] loss: 0.32884
[  5,  8351] loss: 0.21028
[  5,  8401] loss: 0.21917
[  5,  8451] loss: 0.13782
[  5,  8501] loss: 0.22742
[  5,  8551] loss: 0.36424
[  5,  8601] loss: 0.37200
[  5,  8651] loss: 0.31473
[  5,  8701] loss: 0.26497
[  5,  8751] loss: 0.18836
[  5,  8801] loss: 0.29319
[  5,  8851] loss: 0.19893
[  5,  8901] loss: 0.23842
[  5,  8951] loss: 0.18949
[  5,  9001] loss: 0.17639
[  5,  9051] loss: 0.18882
[  5,  9101] loss: 0.11085
[  5,  9151] loss: 0.30436
[  5,  9201] loss: 0.13565
[  5,  9251] loss: 0.18779
[  5,  9301] loss: 0.20430
[  5,  9351] loss: 0.16690
[  5,  9401] loss: 0.21769
[  5,  9451] loss: 0.12447
[  5,  9501] loss: 0.29489
[  5,  9551] loss: 0.19230
[  5,  9601] loss: 0.11508
[  5,  9651] loss: 0.23254
[  5,  9701] loss: 0.30175
[  5,  9751] loss: 0.23502
[  5,  9801] loss: 0.12294
[  5,  9851] loss: 0.15376
[  5,  9901] loss: 0.28924
[  5,  9951] loss: 0.25878
[  5, 10001] loss: 0.11372
[  5, 10051] loss: 0.20664
[  5, 10101] loss: 0.20321
[  5, 10151] loss: 0.14427
[  5, 10201] loss: 0.31024
[  5, 10251] loss: 0.29863
[  5, 10301] loss: 0.21697
[  5, 10351] loss: 0.16230
[  5, 10401] loss: 0.21181
[  5, 10451] loss: 0.22809
[  5, 10501] loss: 0.20139
[  5, 10551] loss: 0.40391
[  5, 10601] loss: 0.22860
[  5, 10651] loss: 0.25662
[  5, 10701] loss: 0.14047
[  5, 10751] loss: 0.29460
[  5, 10801] loss: 0.22733
[  5, 10851] loss: 0.21986
[  5, 10901] loss: 0.24447
[  5, 10951] loss: 0.21371
[  5, 11001] loss: 0.21336
[  5, 11051] loss: 0.21885
[  5, 11101] loss: 0.24859
[  5, 11151] loss: 0.20804
[  5, 11201] loss: 0.25864
[  5, 11251] loss: 0.26347
[  5, 11301] loss: 0.29833
[  5, 11351] loss: 0.25544
[  5, 11401] loss: 0.21953
[  5, 11451] loss: 0.26981
[  5, 11501] loss: 0.44528
[  5, 11551] loss: 0.88826
[  5, 11601] loss: 0.40896
[  5, 11651] loss: 0.25218
[  5, 11701] loss: 0.26590
[  5, 11751] loss: 0.39997
[  5, 11801] loss: 0.55319
[  5, 11851] loss: 0.47471
[  5, 11901] loss: 0.56888
[  5, 11951] loss: 0.53958
[  5, 12001] loss: 0.48506
[  5, 12051] loss: 0.52499
[  5, 12101] loss: 0.46476
[  5, 12151] loss: 0.55458
[  5, 12201] loss: 0.49314
[  5, 12251] loss: 0.48446
[  5, 12301] loss: 0.50785
[  5, 12351] loss: 0.46066
[  5, 12401] loss: 0.52038
[  5, 12451] loss: 0.34675
[  5, 12501] loss: 0.26271
[  5, 12551] loss: 0.20660
[  5, 12601] loss: 0.23796
[  5, 12651] loss: 0.26081
[  5, 12701] loss: 0.14249
[  5, 12751] loss: 0.26735
[  5, 12801] loss: 0.35895
[  5, 12851] loss: 0.16437
[  5, 12901] loss: 0.32041
[  5, 12951] loss: 0.15540
[  5, 13001] loss: 0.29192
[  5, 13051] loss: 0.54844
[  5, 13101] loss: 0.42464
[  5, 13151] loss: 0.56379
[  5, 13201] loss: 0.22790
[  5, 13251] loss: 0.21862
[  5, 13301] loss: 0.35691
[  5, 13351] loss: 0.53607
[  5, 13401] loss: 0.49893
[  5, 13451] loss: 0.36683
[  5, 13501] loss: 0.35375
[  5, 13551] loss: 0.35829
[  5, 13601] loss: 0.48849
[  5, 13651] loss: 0.42695
[  5, 13701] loss: 0.42349
[  5, 13751] loss: 0.36157
[  5, 13801] loss: 0.34467
[  5, 13851] loss: 0.35901
[  5, 13901] loss: 0.23685
[  5, 13951] loss: 0.15138
[  5, 14001] loss: 0.17607
[  5, 14051] loss: 0.18428
[  5, 14101] loss: 0.21146
[  5, 14151] loss: 0.20661
[  5, 14201] loss: 0.29348
[  5, 14251] loss: 0.24919
[  5, 14301] loss: 0.12696
[  5, 14351] loss: 0.29587
[  5, 14401] loss: 0.24790
[  5, 14451] loss: 0.12529
[  5, 14501] loss: 0.22274
[  5, 14551] loss: 0.26938
[  5, 14601] loss: 0.11349
[  5, 14651] loss: 0.30552
[  5, 14701] loss: 0.36738
[  5, 14751] loss: 0.17858
[  5, 14801] loss: 0.16332
[  5, 14851] loss: 0.18831
[  5, 14901] loss: 0.21218
[  5, 14951] loss: 0.16610
[  5, 15001] loss: 0.14460
[  5, 15051] loss: 0.30911
[  5, 15101] loss: 0.21299
[  5, 15151] loss: 0.17952
[  5, 15201] loss: 0.20075
[  5, 15251] loss: 0.15946
[  5, 15301] loss: 0.22165
[  5, 15351] loss: 0.21350
[  5, 15401] loss: 0.13799
[  5, 15451] loss: 0.19167
[  5, 15501] loss: 0.21760
[  5, 15551] loss: 0.20453
[  5, 15601] loss: 0.25137
[  5, 15651] loss: 0.18835
[  5, 15701] loss: 0.15662
[  5, 15751] loss: 0.21456
[  5, 15801] loss: 0.14578
[  5, 15851] loss: 0.22853
[  5, 15901] loss: 0.14983
[  5, 15951] loss: 0.26195
[  5, 16001] loss: 0.21860
[  5, 16051] loss: 0.12609
[  5, 16101] loss: 0.21543
[  5, 16151] loss: 0.10212
[  5, 16201] loss: 0.16223
[  5, 16251] loss: 0.15561
[  5, 16301] loss: 0.13163
[  5, 16351] loss: 0.19447
[  5, 16401] loss: 0.29604
[  5, 16451] loss: 0.28408
[  5, 16501] loss: 0.16147
[  5, 16551] loss: 0.13730
[  5, 16601] loss: 0.13731
[  5, 16651] loss: 0.27288
[  5, 16701] loss: 0.20608
[  5, 16751] loss: 0.21379
[  5, 16801] loss: 0.16999
[  5, 16851] loss: 0.13903
[  5, 16901] loss: 0.22410
[  5, 16951] loss: 0.24304
[  5, 17001] loss: 0.13641
[  5, 17051] loss: 0.15505
[  5, 17101] loss: 0.09498
[  5, 17151] loss: 0.20298
[  5, 17201] loss: 0.09545
[  5, 17251] loss: 0.16762
[  5, 17301] loss: 0.18726
[  5, 17351] loss: 0.20416
[  5, 17401] loss: 0.23360
[  5, 17451] loss: 0.20282
[  5, 17501] loss: 0.18322
[  5, 17551] loss: 0.21845
[  5, 17601] loss: 0.20464
[  5, 17651] loss: 0.15298
[  5, 17701] loss: 0.19826
[  5, 17751] loss: 0.12354
[  5, 17801] loss: 0.13912
[  5, 17851] loss: 0.21477
[  5, 17901] loss: 0.19193
[  5, 17951] loss: 0.15080
[  5, 18001] loss: 0.13860
[  5, 18051] loss: 0.25178
[  5, 18101] loss: 0.12423
[  5, 18151] loss: 0.09019
[  5, 18201] loss: 0.15241
[  5, 18251] loss: 0.41132
[  5, 18301] loss: 0.12680
[  5, 18351] loss: 0.16422
[  5, 18401] loss: 0.21123
[  5, 18451] loss: 0.21581
[  5, 18501] loss: 0.10633
[  5, 18551] loss: 0.13990
[  5, 18601] loss: 0.15094
[  5, 18651] loss: 0.18903
[  5, 18701] loss: 0.21141
[  5, 18751] loss: 0.27070
[  5, 18801] loss: 0.37423
[  5, 18851] loss: 0.26221
[  5, 18901] loss: 0.11438
[  5, 18951] loss: 0.17354
[  5, 19001] loss: 0.19941
[  5, 19051] loss: 0.30544
[  5, 19101] loss: 0.26122
[  5, 19151] loss: 0.24822
[  5, 19201] loss: 0.09060
[  5, 19251] loss: 0.12857
[  5, 19301] loss: 0.06214
[  5, 19351] loss: 0.19410
[  5, 19401] loss: 0.10828
[  5, 19451] loss: 0.07774
[  5, 19501] loss: 0.26270
[  5, 19551] loss: 0.26463
[  5, 19601] loss: 0.27278
[  5, 19651] loss: 0.19139
[  5, 19701] loss: 0.13433
[  5, 19751] loss: 0.13334
[  5, 19801] loss: 0.23084
[  5, 19851] loss: 0.17240
[  5, 19901] loss: 0.27596
[  5, 19951] loss: 0.27327
[  5, 20001] loss: 0.20162
[  5, 20051] loss: 0.07027
[  5, 20101] loss: 0.11910
[  5, 20151] loss: 0.25211
[  5, 20201] loss: 0.20650
[  5, 20251] loss: 0.26739
[  5, 20301] loss: 0.17072
[  5, 20351] loss: 0.13736
[  5, 20401] loss: 0.13138
[  5, 20451] loss: 0.23878
[  5, 20501] loss: 0.18360
[  5, 20551] loss: 0.18448
[  5, 20601] loss: 0.15968
[  5, 20651] loss: 0.09502
[  5, 20701] loss: 0.08445
[  5, 20751] loss: 0.14137
[  5, 20801] loss: 0.20477
[  5, 20851] loss: 0.22778
[  5, 20901] loss: 0.29714
[  5, 20951] loss: 0.15737
[  5, 21001] loss: 0.12383
[  5, 21051] loss: 0.19729
[  5, 21101] loss: 0.17599
[  5, 21151] loss: 0.19786
[  5, 21201] loss: 0.25054
[  5, 21251] loss: 0.15296
[  5, 21301] loss: 0.17712
[  5, 21351] loss: 0.21791
[  5, 21401] loss: 0.22099
[  5, 21451] loss: 0.13083
[  5, 21501] loss: 0.24294
[  5, 21551] loss: 0.17574
[  5, 21601] loss: 0.14954
[  5, 21651] loss: 0.21996
[  5, 21701] loss: 0.19283
[  5, 21751] loss: 0.17461
[  5, 21801] loss: 0.18404
[  5, 21851] loss: 0.14459
[  5, 21901] loss: 0.15753
[  5, 21951] loss: 0.19045
[  5, 22001] loss: 0.12784
[  5, 22051] loss: 0.17507
[  5, 22101] loss: 0.09613
[  5, 22151] loss: 0.14751
[  5, 22201] loss: 0.14703
[  5, 22251] loss: 0.22851
[  5, 22301] loss: 0.15783
[  5, 22351] loss: 0.16350
[  5, 22401] loss: 0.41733
[  5, 22451] loss: 0.21244
[  5, 22501] loss: 0.20065
[  5, 22551] loss: 0.20843
[  5, 22601] loss: 0.12379
[  5, 22651] loss: 0.14160
[  5, 22701] loss: 0.14356
[  5, 22751] loss: 0.17448
[  5, 22801] loss: 0.24277
[  5, 22851] loss: 0.12947
[  5, 22901] loss: 0.27990
[  5, 22951] loss: 0.21066
[  5, 23001] loss: 0.17862
[  5, 23051] loss: 0.25889
[  5, 23101] loss: 0.17990
[  5, 23151] loss: 0.16061
[  5, 23201] loss: 0.23264
[  5, 23251] loss: 0.23425
[  5, 23301] loss: 0.07234
[  5, 23351] loss: 0.31189
[  5, 23401] loss: 0.32241
[  5, 23451] loss: 0.14992
[  5, 23501] loss: 0.20493
[  5, 23551] loss: 0.20873
[  5, 23601] loss: 0.25192
[  5, 23651] loss: 0.23977
[  5, 23701] loss: 0.19214
[  5, 23751] loss: 0.13289
[  5, 23801] loss: 0.19395
[  5, 23851] loss: 0.17989
[  5, 23901] loss: 0.14290
[  5, 23951] loss: 0.21695
[  5, 24001] loss: 0.29004
[  5, 24051] loss: 0.31099
[  5, 24101] loss: 0.12948
[  5, 24151] loss: 0.20131
[  5, 24201] loss: 0.18018
[  5, 24251] loss: 0.12238
[  5, 24301] loss: 0.16855
[  5, 24351] loss: 0.20545
[  5, 24401] loss: 0.14932
[  5, 24451] loss: 0.18107
[  5, 24501] loss: 0.15705
[  5, 24551] loss: 0.34708
[  5, 24601] loss: 0.22252
[  5, 24651] loss: 0.22235
[  5, 24701] loss: 0.14480
[  5, 24751] loss: 0.20167
[  5, 24801] loss: 0.19956
[  5, 24851] loss: 0.23971
[  5, 24901] loss: 0.25500
[  5, 24951] loss: 0.34101
Finished training
Accuracy on train: 0.89544
Accuracy on test: 0.58660
