{'word_context': 29, 'word_embed_size': 10, 'word_conv_units': 300, 'hidden_units': 1000, 'drop_amount': 0.2, 'dropout': True, 'batch_size': 50}
train set done
test set done
<bound method MixedNet.parameters of MixedNet (
  (W_wrd): DataParallel (
    (module): Embedding(89528, 10)
  )
  (word_level_conv): DataParallel (
    (module): Conv2d(1, 300, kernel_size=(10, 29), stride=(1, 1), padding=(0, 14))
  )
  (word_level_maxpool): DataParallel (
    (module): AdaptiveMaxPool2d (output_size=(300, 1))
  )
  (fc1): DataParallel (
    (module): Linear (300 -> 1000)
  )
  (fc2): DataParallel (
    (module): Linear (1000 -> 2)
  )
  (dropout): DataParallel (
    (module): Dropout (p = 0.2)
  )
)>
[  1,     1] loss: 0.86976
[  1,    51] loss: 2.50252
[  1,   101] loss: 1.60697
[  1,   151] loss: 0.72097
[  1,   201] loss: 1.46326
[  1,   251] loss: 1.12567
[  1,   301] loss: 0.98275
[  1,   351] loss: 0.87384
[  1,   401] loss: 0.69122
[  1,   451] loss: 0.76875
[  1,   501] loss: 0.73701
[  1,   551] loss: 1.02269
[  1,   601] loss: 1.11370
[  1,   651] loss: 0.80201
[  1,   701] loss: 0.74426
[  1,   751] loss: 0.68343
[  1,   801] loss: 0.69702
[  1,   851] loss: 0.77225
[  1,   901] loss: 0.73615
[  1,   951] loss: 0.86465
[  1,  1001] loss: 0.77498
[  1,  1051] loss: 0.71894
[  1,  1101] loss: 0.71785
[  1,  1151] loss: 0.69355
[  1,  1201] loss: 0.70739
[  1,  1251] loss: 0.71454
[  1,  1301] loss: 0.75081
[  1,  1351] loss: 0.74861
[  1,  1401] loss: 0.76730
[  1,  1451] loss: 0.70676
[  1,  1501] loss: 0.69622
[  1,  1551] loss: 0.70204
[  1,  1601] loss: 0.67557
[  1,  1651] loss: 0.78081
[  1,  1701] loss: 0.75405
[  1,  1751] loss: 0.74744
[  1,  1801] loss: 0.70992
[  1,  1851] loss: 0.69555
[  1,  1901] loss: 0.68443
[  1,  1951] loss: 0.68346
[  1,  2001] loss: 0.70348
[  1,  2051] loss: 0.75792
[  1,  2101] loss: 0.71792
[  1,  2151] loss: 0.71763
[  1,  2201] loss: 0.68245
[  1,  2251] loss: 0.68614
[  1,  2301] loss: 0.68570
[  1,  2351] loss: 0.67497
[  1,  2401] loss: 0.68912
[  1,  2451] loss: 0.65504
[  1,  2501] loss: 0.71100
[  1,  2551] loss: 0.67614
[  1,  2601] loss: 0.71964
[  1,  2651] loss: 0.70032
[  1,  2701] loss: 0.72266
[  1,  2751] loss: 0.71173
[  1,  2801] loss: 0.70532
[  1,  2851] loss: 0.69795
[  1,  2901] loss: 0.68846
[  1,  2951] loss: 0.68892
[  1,  3001] loss: 0.74658
[  1,  3051] loss: 0.70102
[  1,  3101] loss: 0.75283
[  1,  3151] loss: 0.72886
[  1,  3201] loss: 0.74523
[  1,  3251] loss: 0.70021
[  1,  3301] loss: 0.69350
[  1,  3351] loss: 0.72246
[  1,  3401] loss: 0.66886
[  1,  3451] loss: 0.68049
[  1,  3501] loss: 0.70268
[  1,  3551] loss: 0.71957
[  1,  3601] loss: 0.68855
[  1,  3651] loss: 0.70389
[  1,  3701] loss: 0.71696
[  1,  3751] loss: 0.69604
[  1,  3801] loss: 0.68640
[  1,  3851] loss: 0.69702
[  1,  3901] loss: 0.70241
[  1,  3951] loss: 0.71184
[  1,  4001] loss: 0.69024
[  1,  4051] loss: 0.69364
[  1,  4101] loss: 0.69424
[  1,  4151] loss: 0.70452
[  1,  4201] loss: 0.71386
[  1,  4251] loss: 0.71195
[  1,  4301] loss: 0.67783
[  1,  4351] loss: 0.68864
[  1,  4401] loss: 0.68879
[  1,  4451] loss: 0.68597
[  1,  4501] loss: 0.68504
[  1,  4551] loss: 0.70619
[  1,  4601] loss: 0.69998
[  1,  4651] loss: 0.70876
[  1,  4701] loss: 0.68157
[  1,  4751] loss: 0.69626
[  1,  4801] loss: 0.71521
[  1,  4851] loss: 0.70448
[  1,  4901] loss: 0.69220
[  1,  4951] loss: 0.70642
[  1,  5001] loss: 0.69847
[  1,  5051] loss: 0.68647
[  1,  5101] loss: 0.68878
[  1,  5151] loss: 0.68259
[  1,  5201] loss: 0.67619
[  1,  5251] loss: 0.67780
[  1,  5301] loss: 0.73244
[  1,  5351] loss: 0.73565
[  1,  5401] loss: 0.66960
[  1,  5451] loss: 0.68530
[  1,  5501] loss: 0.69403
[  1,  5551] loss: 0.68748
[  1,  5601] loss: 0.69915
[  1,  5651] loss: 0.68044
[  1,  5701] loss: 0.69604
[  1,  5751] loss: 0.68577
[  1,  5801] loss: 0.71770
[  1,  5851] loss: 0.69307
[  1,  5901] loss: 0.68220
[  1,  5951] loss: 0.68089
[  1,  6001] loss: 0.67230
[  1,  6051] loss: 0.68716
[  1,  6101] loss: 0.69303
[  1,  6151] loss: 0.69654
[  1,  6201] loss: 0.68815
[  1,  6251] loss: 0.67780
[  1,  6301] loss: 0.69052
[  1,  6351] loss: 0.69399
[  1,  6401] loss: 0.68399
[  1,  6451] loss: 0.67660
[  1,  6501] loss: 0.69302
[  1,  6551] loss: 0.68940
[  1,  6601] loss: 0.69524
[  1,  6651] loss: 0.69102
[  1,  6701] loss: 0.68636
[  1,  6751] loss: 0.68540
[  1,  6801] loss: 0.70432
[  1,  6851] loss: 0.72521
[  1,  6901] loss: 0.69702
[  1,  6951] loss: 0.74202
[  1,  7001] loss: 0.67364
[  1,  7051] loss: 0.68205
[  1,  7101] loss: 0.69244
[  1,  7151] loss: 0.69110
[  1,  7201] loss: 0.67387
[  1,  7251] loss: 0.69319
[  1,  7301] loss: 0.66322
[  1,  7351] loss: 0.69183
[  1,  7401] loss: 0.68339
[  1,  7451] loss: 0.68951
[  1,  7501] loss: 0.68528
[  1,  7551] loss: 0.69038
[  1,  7601] loss: 0.68989
[  1,  7651] loss: 0.68156
[  1,  7701] loss: 0.70442
[  1,  7751] loss: 0.69613
[  1,  7801] loss: 0.69181
[  1,  7851] loss: 0.67856
[  1,  7901] loss: 0.71275
[  1,  7951] loss: 0.70178
[  1,  8001] loss: 0.69184
[  1,  8051] loss: 0.71320
[  1,  8101] loss: 0.69277
[  1,  8151] loss: 0.67724
[  1,  8201] loss: 0.68718
[  1,  8251] loss: 0.68506
[  1,  8301] loss: 0.70305
[  1,  8351] loss: 0.70030
[  1,  8401] loss: 0.67889
[  1,  8451] loss: 0.74070
[  1,  8501] loss: 0.71107
[  1,  8551] loss: 0.72631
[  1,  8601] loss: 0.71197
[  1,  8651] loss: 0.69046
[  1,  8701] loss: 0.72126
[  1,  8751] loss: 0.70908
[  1,  8801] loss: 0.68938
[  1,  8851] loss: 0.69713
[  1,  8901] loss: 0.67830
[  1,  8951] loss: 0.68422
[  1,  9001] loss: 0.68278
[  1,  9051] loss: 0.68515
[  1,  9101] loss: 0.67610
[  1,  9151] loss: 0.70682
[  1,  9201] loss: 0.69747
[  1,  9251] loss: 0.68861
[  1,  9301] loss: 0.68509
[  1,  9351] loss: 0.68404
[  1,  9401] loss: 0.72525
[  1,  9451] loss: 0.67787
[  1,  9501] loss: 0.68836
[  1,  9551] loss: 0.68097
[  1,  9601] loss: 0.68351
[  1,  9651] loss: 0.71210
[  1,  9701] loss: 0.68363
[  1,  9751] loss: 0.68774
[  1,  9801] loss: 0.68373
[  1,  9851] loss: 0.70590
[  1,  9901] loss: 0.68756
[  1,  9951] loss: 0.70448
[  1, 10001] loss: 0.66560
[  1, 10051] loss: 0.68101
[  1, 10101] loss: 0.67241
[  1, 10151] loss: 0.70182
[  1, 10201] loss: 0.69346
[  1, 10251] loss: 0.68905
[  1, 10301] loss: 0.69990
[  1, 10351] loss: 0.68088
[  1, 10401] loss: 0.67725
[  1, 10451] loss: 0.69591
[  1, 10501] loss: 0.74021
[  1, 10551] loss: 0.68065
[  1, 10601] loss: 0.67818
[  1, 10651] loss: 0.65493
[  1, 10701] loss: 0.74224
[  1, 10751] loss: 0.70597
[  1, 10801] loss: 0.70413
[  1, 10851] loss: 0.71439
[  1, 10901] loss: 0.71278
[  1, 10951] loss: 0.68018
[  1, 11001] loss: 0.68356
[  1, 11051] loss: 0.67717
[  1, 11101] loss: 0.64121
[  1, 11151] loss: 0.70628
[  1, 11201] loss: 0.72244
[  1, 11251] loss: 0.72625
[  1, 11301] loss: 0.72952
[  1, 11351] loss: 0.74237
[  1, 11401] loss: 0.70270
[  1, 11451] loss: 0.67135
[  1, 11501] loss: 0.73375
[  1, 11551] loss: 0.70483
[  1, 11601] loss: 0.69150
[  1, 11651] loss: 0.76007
[  1, 11701] loss: 0.73905
[  1, 11751] loss: 0.70829
[  1, 11801] loss: 0.70326
[  1, 11851] loss: 0.72189
[  1, 11901] loss: 0.70454
[  1, 11951] loss: 0.70096
[  1, 12001] loss: 0.68364
[  1, 12051] loss: 0.69558
[  1, 12101] loss: 0.69472
[  1, 12151] loss: 0.68148
[  1, 12201] loss: 0.70088
[  1, 12251] loss: 0.70090
[  1, 12301] loss: 0.66798
[  1, 12351] loss: 0.71823
[  1, 12401] loss: 0.68592
[  1, 12451] loss: 0.71433
[  1, 12501] loss: 0.71013
[  1, 12551] loss: 0.70556
[  1, 12601] loss: 0.67718
[  1, 12651] loss: 0.68055
[  1, 12701] loss: 0.70788
[  1, 12751] loss: 0.67658
[  1, 12801] loss: 0.68253
[  1, 12851] loss: 0.71879
[  1, 12901] loss: 0.72358
[  1, 12951] loss: 0.70110
[  1, 13001] loss: 0.75509
[  1, 13051] loss: 0.70829
[  1, 13101] loss: 0.69870
[  1, 13151] loss: 0.68934
[  1, 13201] loss: 0.69825
[  1, 13251] loss: 0.68686
[  1, 13301] loss: 0.68970
[  1, 13351] loss: 0.70715
[  1, 13401] loss: 0.72344
[  1, 13451] loss: 0.69102
[  1, 13501] loss: 0.68977
[  1, 13551] loss: 0.68943
[  1, 13601] loss: 0.68909
[  1, 13651] loss: 0.69382
[  1, 13701] loss: 0.68475
[  1, 13751] loss: 0.70076
[  1, 13801] loss: 0.69198
[  1, 13851] loss: 0.68962
[  1, 13901] loss: 0.67999
[  1, 13951] loss: 0.70028
[  1, 14001] loss: 0.68562
[  1, 14051] loss: 0.69673
[  1, 14101] loss: 0.69929
[  1, 14151] loss: 0.70484
[  1, 14201] loss: 0.70442
[  1, 14251] loss: 0.68999
[  1, 14301] loss: 0.68239
[  1, 14351] loss: 0.68383
[  1, 14401] loss: 0.67937
[  1, 14451] loss: 0.68017
[  1, 14501] loss: 0.66839
[  1, 14551] loss: 0.70935
[  1, 14601] loss: 0.72760
[  1, 14651] loss: 0.68691
[  1, 14701] loss: 0.65993
[  1, 14751] loss: 0.69284
[  1, 14801] loss: 0.69112
[  1, 14851] loss: 0.72412
[  1, 14901] loss: 0.71471
[  1, 14951] loss: 0.70665
[  1, 15001] loss: 0.69141
[  1, 15051] loss: 0.69014
[  1, 15101] loss: 0.68623
[  1, 15151] loss: 0.68725
[  1, 15201] loss: 0.68916
[  1, 15251] loss: 0.69593
[  1, 15301] loss: 0.70473
[  1, 15351] loss: 0.68250
[  1, 15401] loss: 0.69138
[  1, 15451] loss: 0.68562
[  1, 15501] loss: 0.69870
[  1, 15551] loss: 0.69489
[  1, 15601] loss: 0.67859
[  1, 15651] loss: 0.67260
[  1, 15701] loss: 0.69630
[  1, 15751] loss: 0.69117
[  1, 15801] loss: 0.71561
[  1, 15851] loss: 0.69614
[  1, 15901] loss: 0.68524
[  1, 15951] loss: 0.69243
[  1, 16001] loss: 0.68265
[  1, 16051] loss: 0.68983
[  1, 16101] loss: 0.68489
[  1, 16151] loss: 0.69351
[  1, 16201] loss: 0.67831
[  1, 16251] loss: 0.68035
[  1, 16301] loss: 0.72055
[  1, 16351] loss: 0.68286
[  1, 16401] loss: 0.66863
[  1, 16451] loss: 0.68058
[  1, 16501] loss: 0.69858
[  1, 16551] loss: 0.70576
[  1, 16601] loss: 0.71088
[  1, 16651] loss: 0.68651
[  1, 16701] loss: 0.68861
[  1, 16751] loss: 0.69033
[  1, 16801] loss: 0.69920
[  1, 16851] loss: 0.69127
[  1, 16901] loss: 0.69452
[  1, 16951] loss: 0.69604
[  1, 17001] loss: 0.70740
[  1, 17051] loss: 0.68893
[  1, 17101] loss: 0.69072
[  1, 17151] loss: 0.68923
[  1, 17201] loss: 0.68594
[  1, 17251] loss: 0.68778
[  1, 17301] loss: 0.69873
[  1, 17351] loss: 0.70038
[  1, 17401] loss: 0.69546
[  1, 17451] loss: 0.68917
[  1, 17501] loss: 0.68326
[  1, 17551] loss: 0.69328
[  1, 17601] loss: 0.69734
[  1, 17651] loss: 0.69506
[  1, 17701] loss: 0.72643
[  1, 17751] loss: 0.68825
[  1, 17801] loss: 0.69548
[  1, 17851] loss: 0.68358
[  1, 17901] loss: 0.68949
[  1, 17951] loss: 0.69154
[  1, 18001] loss: 0.68191
[  1, 18051] loss: 0.69834
[  1, 18101] loss: 0.70219
[  1, 18151] loss: 0.71081
[  1, 18201] loss: 0.70246
[  1, 18251] loss: 0.69154
[  1, 18301] loss: 0.68103
[  1, 18351] loss: 0.68793
[  1, 18401] loss: 0.68491
[  1, 18451] loss: 0.69001
[  1, 18501] loss: 0.68914
[  1, 18551] loss: 0.69966
[  1, 18601] loss: 0.69021
[  1, 18651] loss: 0.68940
[  1, 18701] loss: 0.69128
[  1, 18751] loss: 0.69987
[  1, 18801] loss: 0.68063
[  1, 18851] loss: 0.68842
[  1, 18901] loss: 0.69761
[  1, 18951] loss: 0.68437
[  1, 19001] loss: 0.68629
[  1, 19051] loss: 0.69649
[  1, 19101] loss: 0.69533
[  1, 19151] loss: 0.68588
[  1, 19201] loss: 0.67999
[  1, 19251] loss: 0.68318
[  1, 19301] loss: 0.68435
[  1, 19351] loss: 0.68932
[  1, 19401] loss: 0.69871
[  1, 19451] loss: 0.67997
[  1, 19501] loss: 0.67697
[  1, 19551] loss: 0.69239
[  1, 19601] loss: 0.69233
[  1, 19651] loss: 0.68649
[  1, 19701] loss: 0.68860
[  1, 19751] loss: 0.69133
[  1, 19801] loss: 0.68444
[  1, 19851] loss: 0.68323
[  1, 19901] loss: 0.67881
[  1, 19951] loss: 0.69029
[  1, 20001] loss: 0.67740
[  1, 20051] loss: 0.69667
[  1, 20101] loss: 0.67797
[  1, 20151] loss: 0.66730
[  1, 20201] loss: 0.70095
[  1, 20251] loss: 0.68581
[  1, 20301] loss: 0.68615
[  1, 20351] loss: 0.68291
[  1, 20401] loss: 0.70217
[  1, 20451] loss: 0.65432
[  1, 20501] loss: 0.69121
[  1, 20551] loss: 0.71225
[  1, 20601] loss: 0.67103
[  1, 20651] loss: 0.67353
[  1, 20701] loss: 0.69267
[  1, 20751] loss: 0.68870
[  1, 20801] loss: 0.68781
[  1, 20851] loss: 0.67724
[  1, 20901] loss: 0.66537
[  1, 20951] loss: 0.68330
[  1, 21001] loss: 0.69834
[  1, 21051] loss: 0.69503
[  1, 21101] loss: 0.70148
[  1, 21151] loss: 0.68928
[  1, 21201] loss: 0.71048
[  1, 21251] loss: 0.70350
[  1, 21301] loss: 0.67579
[  1, 21351] loss: 0.67887
[  1, 21401] loss: 0.68881
[  1, 21451] loss: 0.66575
[  1, 21501] loss: 0.68750
[  1, 21551] loss: 0.68031
[  1, 21601] loss: 0.68725
[  1, 21651] loss: 0.69354
[  1, 21701] loss: 0.68688
[  1, 21751] loss: 0.68451
[  1, 21801] loss: 0.70045
[  1, 21851] loss: 0.69172
[  1, 21901] loss: 0.68425
[  1, 21951] loss: 0.68303
[  1, 22001] loss: 0.71300
[  1, 22051] loss: 0.71658
[  1, 22101] loss: 0.69644
[  1, 22151] loss: 0.72005
[  1, 22201] loss: 0.70024
[  1, 22251] loss: 0.70161
[  1, 22301] loss: 0.67805
[  1, 22351] loss: 0.68162
[  1, 22401] loss: 0.71342
[  1, 22451] loss: 0.68789
[  1, 22501] loss: 0.69254
[  1, 22551] loss: 0.67356
[  1, 22601] loss: 0.68847
[  1, 22651] loss: 0.71120
[  1, 22701] loss: 0.68492
[  1, 22751] loss: 0.69386
[  1, 22801] loss: 0.71427
[  1, 22851] loss: 0.68249
[  1, 22901] loss: 0.69080
[  1, 22951] loss: 0.67987
[  1, 23001] loss: 0.69762
[  1, 23051] loss: 0.68039
[  1, 23101] loss: 0.68012
[  1, 23151] loss: 0.70169
[  1, 23201] loss: 0.69071
[  1, 23251] loss: 0.66985
[  1, 23301] loss: 0.67432
[  1, 23351] loss: 0.70130
[  1, 23401] loss: 0.69034
[  1, 23451] loss: 0.67988
[  1, 23501] loss: 0.67679
[  1, 23551] loss: 0.69604
[  1, 23601] loss: 0.70191
[  1, 23651] loss: 0.69005
[  1, 23701] loss: 0.68689
[  1, 23751] loss: 0.68446
[  1, 23801] loss: 0.67570
[  1, 23851] loss: 0.67877
[  1, 23901] loss: 0.67995
[  1, 23951] loss: 0.67574
[  1, 24001] loss: 0.67151
[  1, 24051] loss: 0.68029
[  1, 24101] loss: 0.66641
[  1, 24151] loss: 0.68276
[  1, 24201] loss: 0.66947
[  1, 24251] loss: 0.68243
[  1, 24301] loss: 0.67279
[  1, 24351] loss: 0.68912
[  1, 24401] loss: 0.67477
[  1, 24451] loss: 0.68998
[  1, 24501] loss: 0.69547
[  1, 24551] loss: 0.70086
[  1, 24601] loss: 0.67126
[  1, 24651] loss: 0.67817
[  1, 24701] loss: 0.70448
[  1, 24751] loss: 0.66701
[  1, 24801] loss: 0.67670
[  1, 24851] loss: 0.66687
[  1, 24901] loss: 0.66626
[  1, 24951] loss: 0.68131
[  2,     1] loss: 0.65106
[  2,    51] loss: 0.68647
[  2,   101] loss: 0.68101
[  2,   151] loss: 0.69983
[  2,   201] loss: 0.73858
[  2,   251] loss: 0.67725
[  2,   301] loss: 0.67851
[  2,   351] loss: 0.70177
[  2,   401] loss: 0.67140
[  2,   451] loss: 0.66560
[  2,   501] loss: 0.64834
[  2,   551] loss: 0.69531
[  2,   601] loss: 0.75562
[  2,   651] loss: 0.65253
[  2,   701] loss: 0.67540
[  2,   751] loss: 0.66080
[  2,   801] loss: 0.66230
[  2,   851] loss: 0.65929
[  2,   901] loss: 0.65521
[  2,   951] loss: 0.71093
[  2,  1001] loss: 0.67605
[  2,  1051] loss: 0.65913
[  2,  1101] loss: 0.65161
[  2,  1151] loss: 0.66297
[  2,  1201] loss: 0.66697
[  2,  1251] loss: 0.64656
[  2,  1301] loss: 0.67845
[  2,  1351] loss: 0.66687
[  2,  1401] loss: 0.65276
[  2,  1451] loss: 0.64834
[  2,  1501] loss: 0.69678
[  2,  1551] loss: 0.66625
[  2,  1601] loss: 0.66262
[  2,  1651] loss: 0.74883
[  2,  1701] loss: 0.68996
[  2,  1751] loss: 0.64738
[  2,  1801] loss: 0.64521
[  2,  1851] loss: 0.68484
[  2,  1901] loss: 0.73116
[  2,  1951] loss: 0.63293
[  2,  2001] loss: 0.65178
[  2,  2051] loss: 0.67346
[  2,  2101] loss: 0.66488
[  2,  2151] loss: 0.67544
[  2,  2201] loss: 0.66352
[  2,  2251] loss: 0.64309
[  2,  2301] loss: 0.68369
[  2,  2351] loss: 0.62845
[  2,  2401] loss: 0.64455
[  2,  2451] loss: 0.65127
[  2,  2501] loss: 0.63021
[  2,  2551] loss: 0.64837
[  2,  2601] loss: 0.65789
[  2,  2651] loss: 0.63979
[  2,  2701] loss: 0.62964
[  2,  2751] loss: 0.66608
[  2,  2801] loss: 0.68644
[  2,  2851] loss: 0.67283
[  2,  2901] loss: 0.63444
[  2,  2951] loss: 0.66584
[  2,  3001] loss: 0.75398
[  2,  3051] loss: 0.65206
[  2,  3101] loss: 0.67276
[  2,  3151] loss: 0.67522
[  2,  3201] loss: 0.65869
[  2,  3251] loss: 0.66337
[  2,  3301] loss: 0.78758
[  2,  3351] loss: 0.75133
[  2,  3401] loss: 0.63696
[  2,  3451] loss: 0.63516
[  2,  3501] loss: 0.65369
[  2,  3551] loss: 0.69933
[  2,  3601] loss: 0.74107
[  2,  3651] loss: 0.71321
[  2,  3701] loss: 0.64521
[  2,  3751] loss: 0.64782
[  2,  3801] loss: 0.63032
[  2,  3851] loss: 0.64384
[  2,  3901] loss: 0.65189
[  2,  3951] loss: 0.65999
[  2,  4001] loss: 0.66275
[  2,  4051] loss: 0.59112
[  2,  4101] loss: 0.63321
[  2,  4151] loss: 0.66256
[  2,  4201] loss: 0.66094
[  2,  4251] loss: 0.64118
[  2,  4301] loss: 0.71939
[  2,  4351] loss: 0.67329
[  2,  4401] loss: 0.59453
[  2,  4451] loss: 0.65038
[  2,  4501] loss: 0.67462
[  2,  4551] loss: 0.64484
[  2,  4601] loss: 0.64186
[  2,  4651] loss: 0.63665
[  2,  4701] loss: 0.63152
[  2,  4751] loss: 0.67654
[  2,  4801] loss: 0.65959
[  2,  4851] loss: 0.66750
[  2,  4901] loss: 0.67856
[  2,  4951] loss: 0.62505
[  2,  5001] loss: 0.64083
[  2,  5051] loss: 0.69094
[  2,  5101] loss: 0.61978
[  2,  5151] loss: 0.60967
[  2,  5201] loss: 0.66885
[  2,  5251] loss: 0.63993
[  2,  5301] loss: 0.67746
[  2,  5351] loss: 0.66477
[  2,  5401] loss: 0.64845
[  2,  5451] loss: 0.65406
[  2,  5501] loss: 0.67386
[  2,  5551] loss: 0.65248
[  2,  5601] loss: 0.62094
[  2,  5651] loss: 0.63856
[  2,  5701] loss: 0.60669
[  2,  5751] loss: 0.66275
[  2,  5801] loss: 0.67355
[  2,  5851] loss: 0.61607
[  2,  5901] loss: 0.61742
[  2,  5951] loss: 0.66021
[  2,  6001] loss: 0.60557
[  2,  6051] loss: 0.60871
[  2,  6101] loss: 0.67375
[  2,  6151] loss: 0.62569
[  2,  6201] loss: 0.57832
[  2,  6251] loss: 0.60049
[  2,  6301] loss: 0.66861
[  2,  6351] loss: 0.58643
[  2,  6401] loss: 0.59811
[  2,  6451] loss: 0.66190
[  2,  6501] loss: 0.62821
[  2,  6551] loss: 0.61607
[  2,  6601] loss: 0.62322
[  2,  6651] loss: 0.61263
[  2,  6701] loss: 0.63941
[  2,  6751] loss: 0.62699
[  2,  6801] loss: 0.68830
[  2,  6851] loss: 0.65983
[  2,  6901] loss: 0.63827
[  2,  6951] loss: 0.68436
[  2,  7001] loss: 0.72394
[  2,  7051] loss: 0.64678
[  2,  7101] loss: 0.61910
[  2,  7151] loss: 0.61115
[  2,  7201] loss: 0.67368
[  2,  7251] loss: 0.57918
[  2,  7301] loss: 0.64251
[  2,  7351] loss: 0.59836
[  2,  7401] loss: 0.65928
[  2,  7451] loss: 0.62703
[  2,  7501] loss: 0.66567
[  2,  7551] loss: 0.60593
[  2,  7601] loss: 0.64191
[  2,  7651] loss: 0.66086
[  2,  7701] loss: 0.63016
[  2,  7751] loss: 0.62267
[  2,  7801] loss: 0.54704
[  2,  7851] loss: 0.63250
[  2,  7901] loss: 0.73070
[  2,  7951] loss: 0.59641
[  2,  8001] loss: 0.65016
[  2,  8051] loss: 0.63001
[  2,  8101] loss: 0.66348
[  2,  8151] loss: 0.69290
[  2,  8201] loss: 0.66110
[  2,  8251] loss: 0.60980
[  2,  8301] loss: 0.64638
[  2,  8351] loss: 0.65327
[  2,  8401] loss: 0.64295
[  2,  8451] loss: 0.63572
[  2,  8501] loss: 0.65774
[  2,  8551] loss: 0.69188
[  2,  8601] loss: 0.65827
[  2,  8651] loss: 0.67517
[  2,  8701] loss: 0.70646
[  2,  8751] loss: 0.65588
[  2,  8801] loss: 0.64493
[  2,  8851] loss: 0.66112
[  2,  8901] loss: 0.61096
[  2,  8951] loss: 0.62286
[  2,  9001] loss: 0.69264
[  2,  9051] loss: 0.63263
[  2,  9101] loss: 0.63879
[  2,  9151] loss: 0.65096
[  2,  9201] loss: 0.62682
[  2,  9251] loss: 0.76595
[  2,  9301] loss: 0.59197
[  2,  9351] loss: 0.62913
[  2,  9401] loss: 0.74977
[  2,  9451] loss: 0.62197
[  2,  9501] loss: 0.60861
[  2,  9551] loss: 0.65818
[  2,  9601] loss: 0.70286
[  2,  9651] loss: 0.69417
[  2,  9701] loss: 0.65833
[  2,  9751] loss: 0.68283
[  2,  9801] loss: 0.68809
[  2,  9851] loss: 0.65515
[  2,  9901] loss: 0.62808
[  2,  9951] loss: 0.66444
[  2, 10001] loss: 0.59560
[  2, 10051] loss: 0.60987
[  2, 10101] loss: 0.59178
[  2, 10151] loss: 0.75306
[  2, 10201] loss: 0.68880
[  2, 10251] loss: 0.60852
[  2, 10301] loss: 0.67868
[  2, 10351] loss: 0.66365
[  2, 10401] loss: 0.62589
[  2, 10451] loss: 0.67219
[  2, 10501] loss: 0.69051
[  2, 10551] loss: 0.66030
[  2, 10601] loss: 0.64094
[  2, 10651] loss: 0.60647
[  2, 10701] loss: 0.66656
[  2, 10751] loss: 0.72080
[  2, 10801] loss: 0.63896
[  2, 10851] loss: 0.66165
[  2, 10901] loss: 0.68578
[  2, 10951] loss: 0.65296
[  2, 11001] loss: 0.61815
[  2, 11051] loss: 0.67109
[  2, 11101] loss: 0.56790
[  2, 11151] loss: 0.70382
[  2, 11201] loss: 0.71957
[  2, 11251] loss: 0.72127
[  2, 11301] loss: 0.65305
[  2, 11351] loss: 0.65130
[  2, 11401] loss: 0.65587
[  2, 11451] loss: 0.61743
[  2, 11501] loss: 0.72213
[  2, 11551] loss: 0.66004
[  2, 11601] loss: 0.64987
[  2, 11651] loss: 0.68315
[  2, 11701] loss: 0.67110
[  2, 11751] loss: 0.68419
[  2, 11801] loss: 0.65339
[  2, 11851] loss: 0.60885
[  2, 11901] loss: 0.67330
[  2, 11951] loss: 0.72516
[  2, 12001] loss: 0.61716
[  2, 12051] loss: 0.65357
[  2, 12101] loss: 0.75447
[  2, 12151] loss: 0.62577
[  2, 12201] loss: 0.59141
[  2, 12251] loss: 0.63446
[  2, 12301] loss: 0.58734
[  2, 12351] loss: 0.59493
[  2, 12401] loss: 0.60752
[  2, 12451] loss: 0.67683
[  2, 12501] loss: 0.66414
[  2, 12551] loss: 0.63308
[  2, 12601] loss: 0.58570
[  2, 12651] loss: 0.59525
[  2, 12701] loss: 0.77067
[  2, 12751] loss: 0.62194
[  2, 12801] loss: 0.70301
[  2, 12851] loss: 0.64905
[  2, 12901] loss: 0.70278
[  2, 12951] loss: 0.67125
[  2, 13001] loss: 0.63931
[  2, 13051] loss: 0.65472
[  2, 13101] loss: 0.62524
[  2, 13151] loss: 0.69188
[  2, 13201] loss: 0.58589
[  2, 13251] loss: 0.71642
[  2, 13301] loss: 0.67131
[  2, 13351] loss: 0.65643
[  2, 13401] loss: 0.59603
[  2, 13451] loss: 0.63407
[  2, 13501] loss: 0.70884
[  2, 13551] loss: 0.73641
[  2, 13601] loss: 0.73102
[  2, 13651] loss: 0.62257
[  2, 13701] loss: 0.61562
[  2, 13751] loss: 0.76647
[  2, 13801] loss: 0.68436
[  2, 13851] loss: 0.60462
[  2, 13901] loss: 0.59439
[  2, 13951] loss: 0.68549
[  2, 14001] loss: 0.66028
[  2, 14051] loss: 0.63477
[  2, 14101] loss: 0.69224
[  2, 14151] loss: 0.60006
[  2, 14201] loss: 0.60833
[  2, 14251] loss: 0.71243
[  2, 14301] loss: 0.66558
[  2, 14351] loss: 0.58144
[  2, 14401] loss: 0.57614
[  2, 14451] loss: 0.66337
[  2, 14501] loss: 0.65212
[  2, 14551] loss: 0.64670
[  2, 14601] loss: 0.68328
[  2, 14651] loss: 0.64461
[  2, 14701] loss: 0.57352
[  2, 14751] loss: 0.69905
[  2, 14801] loss: 0.66670
[  2, 14851] loss: 0.62208
[  2, 14901] loss: 0.72505
[  2, 14951] loss: 0.65856
[  2, 15001] loss: 0.61884
[  2, 15051] loss: 0.60895
[  2, 15101] loss: 0.60976
[  2, 15151] loss: 0.70409
[  2, 15201] loss: 0.68469
[  2, 15251] loss: 0.65020
[  2, 15301] loss: 0.62512
[  2, 15351] loss: 0.57256
[  2, 15401] loss: 0.69235
[  2, 15451] loss: 0.65796
[  2, 15501] loss: 0.66724
[  2, 15551] loss: 0.60671
[  2, 15601] loss: 0.63171
[  2, 15651] loss: 0.63050
[  2, 15701] loss: 0.63092
[  2, 15751] loss: 0.64465
[  2, 15801] loss: 0.69283
[  2, 15851] loss: 0.61084
[  2, 15901] loss: 0.65556
[  2, 15951] loss: 0.67333
[  2, 16001] loss: 0.63951
[  2, 16051] loss: 0.64653
[  2, 16101] loss: 0.62843
[  2, 16151] loss: 0.61408
[  2, 16201] loss: 0.68375
[  2, 16251] loss: 0.63360
[  2, 16301] loss: 0.73806
[  2, 16351] loss: 0.60445
[  2, 16401] loss: 0.53688
[  2, 16451] loss: 0.53037
[  2, 16501] loss: 0.64424
[  2, 16551] loss: 0.65480
[  2, 16601] loss: 0.61988
[  2, 16651] loss: 0.61178
[  2, 16701] loss: 0.61091
[  2, 16751] loss: 0.69013
[  2, 16801] loss: 0.76248
[  2, 16851] loss: 0.64601
[  2, 16901] loss: 0.65299
[  2, 16951] loss: 0.71241
[  2, 17001] loss: 0.75960
[  2, 17051] loss: 0.67412
[  2, 17101] loss: 0.64682
[  2, 17151] loss: 0.64465
[  2, 17201] loss: 0.61269
[  2, 17251] loss: 0.64608
[  2, 17301] loss: 0.69139
[  2, 17351] loss: 0.69332
[  2, 17401] loss: 0.66927
[  2, 17451] loss: 0.70157
[  2, 17501] loss: 0.64473
[  2, 17551] loss: 0.58265
[  2, 17601] loss: 0.67577
[  2, 17651] loss: 0.69560
[  2, 17701] loss: 0.66624
[  2, 17751] loss: 0.65413
[  2, 17801] loss: 0.69518
[  2, 17851] loss: 0.67175
[  2, 17901] loss: 0.66338
[  2, 17951] loss: 0.67046
[  2, 18001] loss: 0.60784
[  2, 18051] loss: 0.71195
[  2, 18101] loss: 0.59792
[  2, 18151] loss: 0.67139
[  2, 18201] loss: 0.65939
[  2, 18251] loss: 0.57345
[  2, 18301] loss: 0.67568
[  2, 18351] loss: 0.63128
[  2, 18401] loss: 0.68186
[  2, 18451] loss: 0.65568
[  2, 18501] loss: 0.65758
[  2, 18551] loss: 0.64167
[  2, 18601] loss: 0.57358
[  2, 18651] loss: 0.66946
[  2, 18701] loss: 0.69444
[  2, 18751] loss: 0.64162
[  2, 18801] loss: 0.57536
[  2, 18851] loss: 0.61234
[  2, 18901] loss: 0.69794
[  2, 18951] loss: 0.63468
[  2, 19001] loss: 0.74498
[  2, 19051] loss: 0.63338
[  2, 19101] loss: 0.61618
[  2, 19151] loss: 0.61684
[  2, 19201] loss: 0.68576
[  2, 19251] loss: 0.60354
[  2, 19301] loss: 0.56912
[  2, 19351] loss: 0.62073
[  2, 19401] loss: 0.63433
[  2, 19451] loss: 0.60100
[  2, 19501] loss: 0.62865
[  2, 19551] loss: 0.65790
[  2, 19601] loss: 0.65954
[  2, 19651] loss: 0.55330
[  2, 19701] loss: 0.66653
[  2, 19751] loss: 0.62564
[  2, 19801] loss: 0.57916
[  2, 19851] loss: 0.65082
[  2, 19901] loss: 0.57022
[  2, 19951] loss: 0.63731
[  2, 20001] loss: 0.58887
[  2, 20051] loss: 0.66256
[  2, 20101] loss: 0.66506
[  2, 20151] loss: 0.56835
[  2, 20201] loss: 0.65369
[  2, 20251] loss: 0.66013
[  2, 20301] loss: 0.59074
[  2, 20351] loss: 0.69224
[  2, 20401] loss: 0.63392
[  2, 20451] loss: 0.62680
[  2, 20501] loss: 0.61753
[  2, 20551] loss: 0.61388
[  2, 20601] loss: 0.59625
[  2, 20651] loss: 0.48292
[  2, 20701] loss: 0.63030
[  2, 20751] loss: 0.64316
[  2, 20801] loss: 0.67235
[  2, 20851] loss: 0.66583
[  2, 20901] loss: 0.58323
[  2, 20951] loss: 0.58916
[  2, 21001] loss: 0.72971
[  2, 21051] loss: 0.63687
[  2, 21101] loss: 0.63672
[  2, 21151] loss: 0.67026
[  2, 21201] loss: 0.66821
[  2, 21251] loss: 0.66376
[  2, 21301] loss: 0.66738
[  2, 21351] loss: 0.65860
[  2, 21401] loss: 0.68382
[  2, 21451] loss: 0.63952
[  2, 21501] loss: 0.68562
[  2, 21551] loss: 0.67759
[  2, 21601] loss: 0.60720
[  2, 21651] loss: 0.66445
[  2, 21701] loss: 0.61649
[  2, 21751] loss: 0.61990
[  2, 21801] loss: 0.67971
[  2, 21851] loss: 0.68611
[  2, 21901] loss: 0.62209
[  2, 21951] loss: 0.66636
[  2, 22001] loss: 0.68010
[  2, 22051] loss: 0.72808
[  2, 22101] loss: 0.59885
[  2, 22151] loss: 0.64594
[  2, 22201] loss: 0.63569
[  2, 22251] loss: 0.66332
[  2, 22301] loss: 0.60513
[  2, 22351] loss: 0.62758
[  2, 22401] loss: 0.70655
[  2, 22451] loss: 0.67575
[  2, 22501] loss: 0.63153
[  2, 22551] loss: 0.67274
[  2, 22601] loss: 0.66641
[  2, 22651] loss: 0.63273
[  2, 22701] loss: 0.68987
[  2, 22751] loss: 0.57922
[  2, 22801] loss: 0.64519
[  2, 22851] loss: 0.60493
[  2, 22901] loss: 0.65669
[  2, 22951] loss: 0.61379
[  2, 23001] loss: 0.68870
[  2, 23051] loss: 0.63049
[  2, 23101] loss: 0.63722
[  2, 23151] loss: 0.66120
[  2, 23201] loss: 0.59143
[  2, 23251] loss: 0.63252
[  2, 23301] loss: 0.65840
[  2, 23351] loss: 0.63618
[  2, 23401] loss: 0.64221
[  2, 23451] loss: 0.66395
[  2, 23501] loss: 0.61380
[  2, 23551] loss: 0.63167
[  2, 23601] loss: 0.65650
[  2, 23651] loss: 0.61167
[  2, 23701] loss: 0.67153
[  2, 23751] loss: 0.62501
[  2, 23801] loss: 0.61126
[  2, 23851] loss: 0.62421
[  2, 23901] loss: 0.64728
[  2, 23951] loss: 0.60663
[  2, 24001] loss: 0.63520
[  2, 24051] loss: 0.59891
[  2, 24101] loss: 0.55476
[  2, 24151] loss: 0.57794
[  2, 24201] loss: 0.58936
[  2, 24251] loss: 0.59405
[  2, 24301] loss: 0.56424
[  2, 24351] loss: 0.60622
[  2, 24401] loss: 0.65436
[  2, 24451] loss: 0.60906
[  2, 24501] loss: 0.62627
[  2, 24551] loss: 0.61115
[  2, 24601] loss: 0.57151
[  2, 24651] loss: 0.62449
[  2, 24701] loss: 0.60307
[  2, 24751] loss: 0.64702
[  2, 24801] loss: 0.55542
[  2, 24851] loss: 0.62270
[  2, 24901] loss: 0.61855
[  2, 24951] loss: 0.58244
[  3,     1] loss: 0.59507
[  3,    51] loss: 0.59257
[  3,   101] loss: 0.62370
[  3,   151] loss: 0.68106
[  3,   201] loss: 0.76104
[  3,   251] loss: 0.62561
[  3,   301] loss: 0.56209
[  3,   351] loss: 0.65147
[  3,   401] loss: 0.57362
[  3,   451] loss: 0.55206
[  3,   501] loss: 0.57100
[  3,   551] loss: 0.63421
[  3,   601] loss: 0.73304
[  3,   651] loss: 0.63275
[  3,   701] loss: 0.61546
[  3,   751] loss: 0.62292
[  3,   801] loss: 0.56480
[  3,   851] loss: 0.60105
[  3,   901] loss: 0.58916
[  3,   951] loss: 0.74082
[  3,  1001] loss: 0.62508
[  3,  1051] loss: 0.63662
[  3,  1101] loss: 0.59808
[  3,  1151] loss: 0.60003
[  3,  1201] loss: 0.66260
[  3,  1251] loss: 0.56913
[  3,  1301] loss: 0.63343
[  3,  1351] loss: 0.61685
[  3,  1401] loss: 0.59193
[  3,  1451] loss: 0.57416
[  3,  1501] loss: 0.66675
[  3,  1551] loss: 0.53452
[  3,  1601] loss: 0.60259
[  3,  1651] loss: 0.83183
[  3,  1701] loss: 0.61881
[  3,  1751] loss: 0.63320
[  3,  1801] loss: 0.62073
[  3,  1851] loss: 0.56337
[  3,  1901] loss: 0.67692
[  3,  1951] loss: 0.55269
[  3,  2001] loss: 0.57481
[  3,  2051] loss: 0.64399
[  3,  2101] loss: 0.60740
[  3,  2151] loss: 0.68958
[  3,  2201] loss: 0.49592
[  3,  2251] loss: 0.53002
[  3,  2301] loss: 0.66724
[  3,  2351] loss: 0.50094
[  3,  2401] loss: 0.60729
[  3,  2451] loss: 0.59589
[  3,  2501] loss: 0.58514
[  3,  2551] loss: 0.58802
[  3,  2601] loss: 0.61468
[  3,  2651] loss: 0.50627
[  3,  2701] loss: 0.55282
[  3,  2751] loss: 0.54235
[  3,  2801] loss: 0.67124
[  3,  2851] loss: 0.62349
[  3,  2901] loss: 0.53308
[  3,  2951] loss: 0.66805
[  3,  3001] loss: 0.64131
[  3,  3051] loss: 0.61563
[  3,  3101] loss: 0.62659
[  3,  3151] loss: 0.61725
[  3,  3201] loss: 0.56744
[  3,  3251] loss: 0.65718
[  3,  3301] loss: 0.75098
[  3,  3351] loss: 0.67452
[  3,  3401] loss: 0.60935
[  3,  3451] loss: 0.53870
[  3,  3501] loss: 0.57649
[  3,  3551] loss: 0.60966
[  3,  3601] loss: 0.65462
[  3,  3651] loss: 0.67897
[  3,  3701] loss: 0.59507
[  3,  3751] loss: 0.62373
[  3,  3801] loss: 0.53019
[  3,  3851] loss: 0.59054
[  3,  3901] loss: 0.58462
[  3,  3951] loss: 0.56666
[  3,  4001] loss: 0.55560
[  3,  4051] loss: 0.44187
[  3,  4101] loss: 0.58673
[  3,  4151] loss: 0.53510
[  3,  4201] loss: 0.71459
[  3,  4251] loss: 0.54778
[  3,  4301] loss: 0.63085
[  3,  4351] loss: 0.55420
[  3,  4401] loss: 0.43666
[  3,  4451] loss: 0.60138
[  3,  4501] loss: 0.56791
[  3,  4551] loss: 0.57428
[  3,  4601] loss: 0.45153
[  3,  4651] loss: 0.49984
[  3,  4701] loss: 0.57406
[  3,  4751] loss: 0.63628
[  3,  4801] loss: 0.56065
[  3,  4851] loss: 0.64354
[  3,  4901] loss: 0.60325
[  3,  4951] loss: 0.57820
[  3,  5001] loss: 0.55062
[  3,  5051] loss: 0.61027
[  3,  5101] loss: 0.49185
[  3,  5151] loss: 0.56582
[  3,  5201] loss: 0.54858
[  3,  5251] loss: 0.56202
[  3,  5301] loss: 0.53698
[  3,  5351] loss: 0.56429
[  3,  5401] loss: 0.55115
[  3,  5451] loss: 0.61338
[  3,  5501] loss: 0.58309
[  3,  5551] loss: 0.52016
[  3,  5601] loss: 0.63825
[  3,  5651] loss: 0.53209
[  3,  5701] loss: 0.49693
[  3,  5751] loss: 0.56838
[  3,  5801] loss: 0.54096
[  3,  5851] loss: 0.50917
[  3,  5901] loss: 0.56804
[  3,  5951] loss: 0.56808
[  3,  6001] loss: 0.46785
[  3,  6051] loss: 0.50390
[  3,  6101] loss: 0.53072
[  3,  6151] loss: 0.53524
[  3,  6201] loss: 0.50815
[  3,  6251] loss: 0.48343
[  3,  6301] loss: 0.49406
[  3,  6351] loss: 0.46136
[  3,  6401] loss: 0.50942
[  3,  6451] loss: 0.47180
[  3,  6501] loss: 0.58816
[  3,  6551] loss: 0.52308
[  3,  6601] loss: 0.47297
[  3,  6651] loss: 0.55954
[  3,  6701] loss: 0.55184
[  3,  6751] loss: 0.52474
[  3,  6801] loss: 0.65796
[  3,  6851] loss: 0.52969
[  3,  6901] loss: 0.55704
[  3,  6951] loss: 0.62694
[  3,  7001] loss: 0.72571
[  3,  7051] loss: 0.56984
[  3,  7101] loss: 0.53129
[  3,  7151] loss: 0.51110
[  3,  7201] loss: 0.49332
[  3,  7251] loss: 0.43158
[  3,  7301] loss: 0.60459
[  3,  7351] loss: 0.48151
[  3,  7401] loss: 0.62014
[  3,  7451] loss: 0.53111
[  3,  7501] loss: 0.56575
[  3,  7551] loss: 0.48559
[  3,  7601] loss: 0.66742
[  3,  7651] loss: 0.58675
[  3,  7701] loss: 0.61070
[  3,  7751] loss: 0.53822
[  3,  7801] loss: 0.45915
[  3,  7851] loss: 0.57041
[  3,  7901] loss: 0.64426
[  3,  7951] loss: 0.62668
[  3,  8001] loss: 0.55847
[  3,  8051] loss: 0.54789
[  3,  8101] loss: 0.55998
[  3,  8151] loss: 0.59565
[  3,  8201] loss: 0.65004
[  3,  8251] loss: 0.54002
[  3,  8301] loss: 0.62599
[  3,  8351] loss: 0.51862
[  3,  8401] loss: 0.54262
[  3,  8451] loss: 0.57697
[  3,  8501] loss: 0.53124
[  3,  8551] loss: 0.62153
[  3,  8601] loss: 0.50948
[  3,  8651] loss: 0.59243
[  3,  8701] loss: 0.55276
[  3,  8751] loss: 0.52722
[  3,  8801] loss: 0.56540
[  3,  8851] loss: 0.65619
[  3,  8901] loss: 0.56553
[  3,  8951] loss: 0.50965
[  3,  9001] loss: 0.59621
[  3,  9051] loss: 0.50127
[  3,  9101] loss: 0.58779
[  3,  9151] loss: 0.56692
[  3,  9201] loss: 0.48267
[  3,  9251] loss: 0.69151
[  3,  9301] loss: 0.50459
[  3,  9351] loss: 0.57952
[  3,  9401] loss: 0.60626
[  3,  9451] loss: 0.54821
[  3,  9501] loss: 0.54277
[  3,  9551] loss: 0.53477
[  3,  9601] loss: 0.60530
[  3,  9651] loss: 0.59422
[  3,  9701] loss: 0.53487
[  3,  9751] loss: 0.61969
[  3,  9801] loss: 0.60048
[  3,  9851] loss: 0.58768
[  3,  9901] loss: 0.49571
[  3,  9951] loss: 0.56697
[  3, 10001] loss: 0.52983
[  3, 10051] loss: 0.50816
[  3, 10101] loss: 0.49790
[  3, 10151] loss: 0.73874
[  3, 10201] loss: 0.61883
[  3, 10251] loss: 0.50845
[  3, 10301] loss: 0.66227
[  3, 10351] loss: 0.61086
[  3, 10401] loss: 0.53529
[  3, 10451] loss: 0.59690
[  3, 10501] loss: 0.52971
[  3, 10551] loss: 0.63144
[  3, 10601] loss: 0.54489
[  3, 10651] loss: 0.52062
[  3, 10701] loss: 0.54816
[  3, 10751] loss: 0.68553
[  3, 10801] loss: 0.51055
[  3, 10851] loss: 0.52861
[  3, 10901] loss: 0.65661
[  3, 10951] loss: 0.59797
[  3, 11001] loss: 0.51621
[  3, 11051] loss: 0.60581
[  3, 11101] loss: 0.48845
[  3, 11151] loss: 0.61811
[  3, 11201] loss: 0.56802
[  3, 11251] loss: 0.56140
[  3, 11301] loss: 0.56558
[  3, 11351] loss: 0.55570
[  3, 11401] loss: 0.57990
[  3, 11451] loss: 0.52456
[  3, 11501] loss: 0.62847
[  3, 11551] loss: 0.64455
[  3, 11601] loss: 0.59001
[  3, 11651] loss: 0.56594
[  3, 11701] loss: 0.59192
[  3, 11751] loss: 0.66162
[  3, 11801] loss: 0.53477
[  3, 11851] loss: 0.54362
[  3, 11901] loss: 0.59880
[  3, 11951] loss: 0.66641
[  3, 12001] loss: 0.53006
[  3, 12051] loss: 0.58675
[  3, 12101] loss: 0.66542
[  3, 12151] loss: 0.56847
[  3, 12201] loss: 0.47126
[  3, 12251] loss: 0.54570
[  3, 12301] loss: 0.50422
[  3, 12351] loss: 0.50172
[  3, 12401] loss: 0.44532
[  3, 12451] loss: 0.59781
[  3, 12501] loss: 0.52691
[  3, 12551] loss: 0.59195
[  3, 12601] loss: 0.49879
[  3, 12651] loss: 0.50462
[  3, 12701] loss: 0.73450
[  3, 12751] loss: 0.59670
[  3, 12801] loss: 0.55984
[  3, 12851] loss: 0.60006
[  3, 12901] loss: 0.60188
[  3, 12951] loss: 0.59137
[  3, 13001] loss: 0.65581
[  3, 13051] loss: 0.58509
[  3, 13101] loss: 0.54699
[  3, 13151] loss: 0.60913
[  3, 13201] loss: 0.52397
[  3, 13251] loss: 0.74138
[  3, 13301] loss: 0.52360
[  3, 13351] loss: 0.61360
[  3, 13401] loss: 0.49693
[  3, 13451] loss: 0.54192
[  3, 13501] loss: 0.58242
[  3, 13551] loss: 0.68686
[  3, 13601] loss: 0.60522
[  3, 13651] loss: 0.55624
[  3, 13701] loss: 0.50785
[  3, 13751] loss: 0.75058
[  3, 13801] loss: 0.61590
[  3, 13851] loss: 0.52087
[  3, 13901] loss: 0.61478
[  3, 13951] loss: 0.64896
[  3, 14001] loss: 0.64211
[  3, 14051] loss: 0.50245
[  3, 14101] loss: 0.62872
[  3, 14151] loss: 0.54325
[  3, 14201] loss: 0.58443
[  3, 14251] loss: 0.57425
[  3, 14301] loss: 0.53898
[  3, 14351] loss: 0.51241
[  3, 14401] loss: 0.45763
[  3, 14451] loss: 0.54319
[  3, 14501] loss: 0.55400
[  3, 14551] loss: 0.58259
[  3, 14601] loss: 0.58885
[  3, 14651] loss: 0.54910
[  3, 14701] loss: 0.45991
[  3, 14751] loss: 0.65239
[  3, 14801] loss: 0.62591
[  3, 14851] loss: 0.62779
[  3, 14901] loss: 0.70497
[  3, 14951] loss: 0.60104
[  3, 15001] loss: 0.54196
[  3, 15051] loss: 0.56215
[  3, 15101] loss: 0.57669
[  3, 15151] loss: 0.63777
[  3, 15201] loss: 0.68370
[  3, 15251] loss: 0.55836
[  3, 15301] loss: 0.54409
[  3, 15351] loss: 0.53551
[  3, 15401] loss: 0.64617
[  3, 15451] loss: 0.62130
[  3, 15501] loss: 0.62110
[  3, 15551] loss: 0.56269
[  3, 15601] loss: 0.56764
[  3, 15651] loss: 0.51788
[  3, 15701] loss: 0.62263
[  3, 15751] loss: 0.55943
[  3, 15801] loss: 0.63083
[  3, 15851] loss: 0.62261
[  3, 15901] loss: 0.61238
[  3, 15951] loss: 0.68811
[  3, 16001] loss: 0.65610
[  3, 16051] loss: 0.52589
[  3, 16101] loss: 0.51751
[  3, 16151] loss: 0.55694
[  3, 16201] loss: 0.65712
[  3, 16251] loss: 0.56822
[  3, 16301] loss: 0.68537
[  3, 16351] loss: 0.62160
[  3, 16401] loss: 0.47761
[  3, 16451] loss: 0.45827
[  3, 16501] loss: 0.60082
[  3, 16551] loss: 0.58368
[  3, 16601] loss: 0.61224
[  3, 16651] loss: 0.51453
[  3, 16701] loss: 0.54809
[  3, 16751] loss: 0.52439
[  3, 16801] loss: 0.67970
[  3, 16851] loss: 0.56999
[  3, 16901] loss: 0.62986
[  3, 16951] loss: 0.50635
[  3, 17001] loss: 0.66466
[  3, 17051] loss: 0.65984
[  3, 17101] loss: 0.60281
[  3, 17151] loss: 0.60046
[  3, 17201] loss: 0.53749
[  3, 17251] loss: 0.52375
[  3, 17301] loss: 0.59250
[  3, 17351] loss: 0.54869
[  3, 17401] loss: 0.48311
[  3, 17451] loss: 0.59959
[  3, 17501] loss: 0.55873
[  3, 17551] loss: 0.53180
[  3, 17601] loss: 0.67688
[  3, 17651] loss: 0.61542
[  3, 17701] loss: 0.61291
[  3, 17751] loss: 0.64280
[  3, 17801] loss: 0.60872
[  3, 17851] loss: 0.67829
[  3, 17901] loss: 0.62602
[  3, 17951] loss: 0.62956
[  3, 18001] loss: 0.49041
[  3, 18051] loss: 0.62740
[  3, 18101] loss: 0.51704
[  3, 18151] loss: 0.58845
[  3, 18201] loss: 0.62081
[  3, 18251] loss: 0.50192
[  3, 18301] loss: 0.66641
[  3, 18351] loss: 0.53075
[  3, 18401] loss: 0.62418
[  3, 18451] loss: 0.62392
[  3, 18501] loss: 0.68689
[  3, 18551] loss: 0.58186
[  3, 18601] loss: 0.50553
[  3, 18651] loss: 0.56924
[  3, 18701] loss: 0.64480
[  3, 18751] loss: 0.53546
[  3, 18801] loss: 0.44299
[  3, 18851] loss: 0.53316
[  3, 18901] loss: 0.66679
[  3, 18951] loss: 0.57704
[  3, 19001] loss: 0.73049
[  3, 19051] loss: 0.63354
[  3, 19101] loss: 0.52599
[  3, 19151] loss: 0.50125
[  3, 19201] loss: 0.57020
[  3, 19251] loss: 0.52048
[  3, 19301] loss: 0.47593
[  3, 19351] loss: 0.58344
[  3, 19401] loss: 0.59104
[  3, 19451] loss: 0.53790
[  3, 19501] loss: 0.50668
[  3, 19551] loss: 0.60285
[  3, 19601] loss: 0.62481
[  3, 19651] loss: 0.52559
[  3, 19701] loss: 0.59704
[  3, 19751] loss: 0.50174
[  3, 19801] loss: 0.49949
[  3, 19851] loss: 0.55245
[  3, 19901] loss: 0.53887
[  3, 19951] loss: 0.52397
[  3, 20001] loss: 0.48476
[  3, 20051] loss: 0.60138
[  3, 20101] loss: 0.63104
[  3, 20151] loss: 0.44944
[  3, 20201] loss: 0.59015
[  3, 20251] loss: 0.53347
[  3, 20301] loss: 0.48532
[  3, 20351] loss: 0.63058
[  3, 20401] loss: 0.55752
[  3, 20451] loss: 0.49423
[  3, 20501] loss: 0.45390
[  3, 20551] loss: 0.51284
[  3, 20601] loss: 0.43965
[  3, 20651] loss: 0.39158
[  3, 20701] loss: 0.52079
[  3, 20751] loss: 0.52908
[  3, 20801] loss: 0.49725
[  3, 20851] loss: 0.51695
[  3, 20901] loss: 0.44905
[  3, 20951] loss: 0.55158
[  3, 21001] loss: 0.61058
[  3, 21051] loss: 0.54739
[  3, 21101] loss: 0.58128
[  3, 21151] loss: 0.53387
[  3, 21201] loss: 0.55519
[  3, 21251] loss: 0.60585
[  3, 21301] loss: 0.79669
[  3, 21351] loss: 0.56819
[  3, 21401] loss: 0.64638
[  3, 21451] loss: 0.50474
[  3, 21501] loss: 0.59885
[  3, 21551] loss: 0.64534
[  3, 21601] loss: 0.55408
[  3, 21651] loss: 0.63213
[  3, 21701] loss: 0.52645
[  3, 21751] loss: 0.55087
[  3, 21801] loss: 0.60454
[  3, 21851] loss: 0.68817
[  3, 21901] loss: 0.58027
[  3, 21951] loss: 0.64172
[  3, 22001] loss: 0.56861
[  3, 22051] loss: 0.65260
[  3, 22101] loss: 0.44319
[  3, 22151] loss: 0.57481
[  3, 22201] loss: 0.55197
[  3, 22251] loss: 0.65987
[  3, 22301] loss: 0.58893
[  3, 22351] loss: 0.53994
[  3, 22401] loss: 0.54705
[  3, 22451] loss: 0.58265
[  3, 22501] loss: 0.55304
[  3, 22551] loss: 0.77972
[  3, 22601] loss: 0.70567
[  3, 22651] loss: 0.60352
[  3, 22701] loss: 0.56465
[  3, 22751] loss: 0.60529
[  3, 22801] loss: 0.61832
[  3, 22851] loss: 0.54824
[  3, 22901] loss: 0.58180
[  3, 22951] loss: 0.55325
[  3, 23001] loss: 0.63235
[  3, 23051] loss: 0.55134
[  3, 23101] loss: 0.54186
[  3, 23151] loss: 0.62623
[  3, 23201] loss: 0.49403
[  3, 23251] loss: 0.60408
[  3, 23301] loss: 0.62904
[  3, 23351] loss: 0.53690
[  3, 23401] loss: 0.62116
[  3, 23451] loss: 0.52184
[  3, 23501] loss: 0.56409
[  3, 23551] loss: 0.48700
[  3, 23601] loss: 0.58969
[  3, 23651] loss: 0.48998
[  3, 23701] loss: 0.57024
[  3, 23751] loss: 0.50390
[  3, 23801] loss: 0.57407
[  3, 23851] loss: 0.58956
[  3, 23901] loss: 0.55365
[  3, 23951] loss: 0.54799
[  3, 24001] loss: 0.56349
[  3, 24051] loss: 0.54170
[  3, 24101] loss: 0.56777
[  3, 24151] loss: 0.52410
[  3, 24201] loss: 0.53806
[  3, 24251] loss: 0.49610
[  3, 24301] loss: 0.55370
[  3, 24351] loss: 0.59034
[  3, 24401] loss: 0.58141
[  3, 24451] loss: 0.52488
[  3, 24501] loss: 0.55697
[  3, 24551] loss: 0.47804
[  3, 24601] loss: 0.53702
[  3, 24651] loss: 0.51186
[  3, 24701] loss: 0.61295
[  3, 24751] loss: 0.50424
[  3, 24801] loss: 0.48674
[  3, 24851] loss: 0.55105
[  3, 24901] loss: 0.54887
[  3, 24951] loss: 0.52801
[  4,     1] loss: 0.48034
[  4,    51] loss: 0.49456
[  4,   101] loss: 0.52934
[  4,   151] loss: 0.53556
[  4,   201] loss: 0.58356
[  4,   251] loss: 0.52827
[  4,   301] loss: 0.43856
[  4,   351] loss: 0.61319
[  4,   401] loss: 0.52770
[  4,   451] loss: 0.42185
[  4,   501] loss: 0.48703
[  4,   551] loss: 0.56723
[  4,   601] loss: 0.59861
[  4,   651] loss: 0.49355
[  4,   701] loss: 0.47901
[  4,   751] loss: 0.58307
[  4,   801] loss: 0.52895
[  4,   851] loss: 0.52832
[  4,   901] loss: 0.47436
[  4,   951] loss: 0.67587
[  4,  1001] loss: 0.48638
[  4,  1051] loss: 0.48178
[  4,  1101] loss: 0.54336
[  4,  1151] loss: 0.50861
[  4,  1201] loss: 0.55817
[  4,  1251] loss: 0.48167
[  4,  1301] loss: 0.51739
[  4,  1351] loss: 0.50618
[  4,  1401] loss: 0.45986
[  4,  1451] loss: 0.40313
[  4,  1501] loss: 0.55647
[  4,  1551] loss: 0.46696
[  4,  1601] loss: 0.51256
[  4,  1651] loss: 0.69825
[  4,  1701] loss: 0.51968
[  4,  1751] loss: 0.52043
[  4,  1801] loss: 0.50328
[  4,  1851] loss: 0.50225
[  4,  1901] loss: 0.56770
[  4,  1951] loss: 0.49869
[  4,  2001] loss: 0.52150
[  4,  2051] loss: 0.44768
[  4,  2101] loss: 0.49740
[  4,  2151] loss: 0.56734
[  4,  2201] loss: 0.39044
[  4,  2251] loss: 0.43593
[  4,  2301] loss: 0.69091
[  4,  2351] loss: 0.41744
[  4,  2401] loss: 0.49335
[  4,  2451] loss: 0.46241
[  4,  2501] loss: 0.52464
[  4,  2551] loss: 0.49716
[  4,  2601] loss: 0.51030
[  4,  2651] loss: 0.48733
[  4,  2701] loss: 0.48179
[  4,  2751] loss: 0.42709
[  4,  2801] loss: 0.50032
[  4,  2851] loss: 0.44035
[  4,  2901] loss: 0.36256
[  4,  2951] loss: 0.51057
[  4,  3001] loss: 0.55231
[  4,  3051] loss: 0.52191
[  4,  3101] loss: 0.46140
[  4,  3151] loss: 0.42562
[  4,  3201] loss: 0.47315
[  4,  3251] loss: 0.45234
[  4,  3301] loss: 0.58716
[  4,  3351] loss: 0.47830
[  4,  3401] loss: 0.45678
[  4,  3451] loss: 0.49650
[  4,  3501] loss: 0.45800
[  4,  3551] loss: 0.51817
[  4,  3601] loss: 0.53610
[  4,  3651] loss: 0.59839
[  4,  3701] loss: 0.45915
[  4,  3751] loss: 0.55913
[  4,  3801] loss: 0.45492
[  4,  3851] loss: 0.48737
[  4,  3901] loss: 0.48336
[  4,  3951] loss: 0.43515
[  4,  4001] loss: 0.44330
[  4,  4051] loss: 0.35435
[  4,  4101] loss: 0.42852
[  4,  4151] loss: 0.39538
[  4,  4201] loss: 0.49714
[  4,  4251] loss: 0.52588
[  4,  4301] loss: 0.54800
[  4,  4351] loss: 0.37860
[  4,  4401] loss: 0.47905
[  4,  4451] loss: 0.56425
[  4,  4501] loss: 0.49230
[  4,  4551] loss: 0.47244
[  4,  4601] loss: 0.43306
[  4,  4651] loss: 0.58688
[  4,  4701] loss: 0.48819
[  4,  4751] loss: 0.46434
[  4,  4801] loss: 0.58866
[  4,  4851] loss: 0.59472
[  4,  4901] loss: 0.42722
[  4,  4951] loss: 0.37551
[  4,  5001] loss: 0.45951
[  4,  5051] loss: 0.55001
[  4,  5101] loss: 0.37713
[  4,  5151] loss: 0.44750
[  4,  5201] loss: 0.39897
[  4,  5251] loss: 0.52363
[  4,  5301] loss: 0.43668
[  4,  5351] loss: 0.46044
[  4,  5401] loss: 0.42542
[  4,  5451] loss: 0.38526
[  4,  5501] loss: 0.48777
[  4,  5551] loss: 0.39946
[  4,  5601] loss: 0.50150
[  4,  5651] loss: 0.42493
[  4,  5701] loss: 0.40091
[  4,  5751] loss: 0.42579
[  4,  5801] loss: 0.38521
[  4,  5851] loss: 0.39618
[  4,  5901] loss: 0.52851
[  4,  5951] loss: 0.33934
[  4,  6001] loss: 0.28733
[  4,  6051] loss: 0.40010
[  4,  6101] loss: 0.33541
[  4,  6151] loss: 0.38855
[  4,  6201] loss: 0.41513
[  4,  6251] loss: 0.38277
[  4,  6301] loss: 0.35693
[  4,  6351] loss: 0.36417
[  4,  6401] loss: 0.31544
[  4,  6451] loss: 0.32143
[  4,  6501] loss: 0.34612
[  4,  6551] loss: 0.32102
[  4,  6601] loss: 0.39842
[  4,  6651] loss: 0.31644
[  4,  6701] loss: 0.41559
[  4,  6751] loss: 0.35735
[  4,  6801] loss: 0.46274
[  4,  6851] loss: 0.36162
[  4,  6901] loss: 0.42549
[  4,  6951] loss: 0.37177
[  4,  7001] loss: 0.41323
[  4,  7051] loss: 0.46840
[  4,  7101] loss: 0.28908
[  4,  7151] loss: 0.33865
[  4,  7201] loss: 0.33901
[  4,  7251] loss: 0.26865
[  4,  7301] loss: 0.41473
[  4,  7351] loss: 0.36223
[  4,  7401] loss: 0.51767
[  4,  7451] loss: 0.29719
[  4,  7501] loss: 0.35212
[  4,  7551] loss: 0.30733
[  4,  7601] loss: 0.50538
[  4,  7651] loss: 0.48047
[  4,  7701] loss: 0.45565
[  4,  7751] loss: 0.46034
[  4,  7801] loss: 0.35860
[  4,  7851] loss: 0.46639
[  4,  7901] loss: 0.40952
[  4,  7951] loss: 0.43682
[  4,  8001] loss: 0.40162
[  4,  8051] loss: 0.33036
[  4,  8101] loss: 0.40383
[  4,  8151] loss: 0.38102
[  4,  8201] loss: 0.36970
[  4,  8251] loss: 0.40553
[  4,  8301] loss: 0.34262
[  4,  8351] loss: 0.31842
[  4,  8401] loss: 0.38715
[  4,  8451] loss: 0.52080
[  4,  8501] loss: 0.30272
[  4,  8551] loss: 0.46698
[  4,  8601] loss: 0.29618
[  4,  8651] loss: 0.48541
[  4,  8701] loss: 0.43989
[  4,  8751] loss: 0.34297
[  4,  8801] loss: 0.48507
[  4,  8851] loss: 0.44473
[  4,  8901] loss: 0.45886
[  4,  8951] loss: 0.43160
[  4,  9001] loss: 0.34721
[  4,  9051] loss: 0.32650
[  4,  9101] loss: 0.43286
[  4,  9151] loss: 0.44643
[  4,  9201] loss: 0.32752
[  4,  9251] loss: 0.44107
[  4,  9301] loss: 0.35032
[  4,  9351] loss: 0.44925
[  4,  9401] loss: 0.42887
[  4,  9451] loss: 0.44102
[  4,  9501] loss: 0.39363
[  4,  9551] loss: 0.35327
[  4,  9601] loss: 0.61418
[  4,  9651] loss: 0.39439
[  4,  9701] loss: 0.40147
[  4,  9751] loss: 0.48786
[  4,  9801] loss: 0.53532
[  4,  9851] loss: 0.39284
[  4,  9901] loss: 0.35093
[  4,  9951] loss: 0.38103
[  4, 10001] loss: 0.40502
[  4, 10051] loss: 0.42544
[  4, 10101] loss: 0.40607
[  4, 10151] loss: 0.61036
[  4, 10201] loss: 0.43154
[  4, 10251] loss: 0.38231
[  4, 10301] loss: 0.49515
[  4, 10351] loss: 0.46466
[  4, 10401] loss: 0.44432
[  4, 10451] loss: 0.45500
[  4, 10501] loss: 0.29304
[  4, 10551] loss: 0.51023
[  4, 10601] loss: 0.41294
[  4, 10651] loss: 0.29683
[  4, 10701] loss: 0.38454
[  4, 10751] loss: 0.45675
[  4, 10801] loss: 0.46498
[  4, 10851] loss: 0.39513
[  4, 10901] loss: 0.47128
[  4, 10951] loss: 0.37528
[  4, 11001] loss: 0.44694
[  4, 11051] loss: 0.47630
[  4, 11101] loss: 0.33989
[  4, 11151] loss: 0.49419
[  4, 11201] loss: 0.46295
[  4, 11251] loss: 0.30240
[  4, 11301] loss: 0.50423
[  4, 11351] loss: 0.45544
[  4, 11401] loss: 0.44054
[  4, 11451] loss: 0.38780
[  4, 11501] loss: 0.38607
[  4, 11551] loss: 0.59032
[  4, 11601] loss: 0.51655
[  4, 11651] loss: 0.47023
[  4, 11701] loss: 0.49702
[  4, 11751] loss: 0.52776
[  4, 11801] loss: 0.40606
[  4, 11851] loss: 0.35394
[  4, 11901] loss: 0.51386
[  4, 11951] loss: 0.55410
[  4, 12001] loss: 0.41624
[  4, 12051] loss: 0.40659
[  4, 12101] loss: 0.50722
[  4, 12151] loss: 0.45591
[  4, 12201] loss: 0.30187
[  4, 12251] loss: 0.34161
[  4, 12301] loss: 0.43678
[  4, 12351] loss: 0.42103
[  4, 12401] loss: 0.35219
[  4, 12451] loss: 0.50958
[  4, 12501] loss: 0.57415
[  4, 12551] loss: 0.44951
[  4, 12601] loss: 0.40504
[  4, 12651] loss: 0.36226
[  4, 12701] loss: 0.44373
[  4, 12751] loss: 0.36479
[  4, 12801] loss: 0.30277
[  4, 12851] loss: 0.35385
[  4, 12901] loss: 0.34083
[  4, 12951] loss: 0.53055
[  4, 13001] loss: 0.40444
[  4, 13051] loss: 0.40689
[  4, 13101] loss: 0.34042
[  4, 13151] loss: 0.38745
[  4, 13201] loss: 0.34491
[  4, 13251] loss: 0.53373
[  4, 13301] loss: 0.40990
[  4, 13351] loss: 0.34779
[  4, 13401] loss: 0.35892
[  4, 13451] loss: 0.37326
[  4, 13501] loss: 0.42304
[  4, 13551] loss: 0.54615
[  4, 13601] loss: 0.38735
[  4, 13651] loss: 0.38941
[  4, 13701] loss: 0.35451
[  4, 13751] loss: 0.53153
[  4, 13801] loss: 0.40736
[  4, 13851] loss: 0.34615
[  4, 13901] loss: 0.62775
[  4, 13951] loss: 0.47384
[  4, 14001] loss: 0.49969
[  4, 14051] loss: 0.27782
[  4, 14101] loss: 0.42474
[  4, 14151] loss: 0.28373
[  4, 14201] loss: 0.36962
[  4, 14251] loss: 0.49957
[  4, 14301] loss: 0.41579
[  4, 14351] loss: 0.45426
[  4, 14401] loss: 0.35789
[  4, 14451] loss: 0.33085
[  4, 14501] loss: 0.27161
[  4, 14551] loss: 0.33012
[  4, 14601] loss: 0.39825
[  4, 14651] loss: 0.34792
[  4, 14701] loss: 0.28869
[  4, 14751] loss: 0.37851
[  4, 14801] loss: 0.43230
[  4, 14851] loss: 0.39913
[  4, 14901] loss: 0.49097
[  4, 14951] loss: 0.43996
[  4, 15001] loss: 0.49446
[  4, 15051] loss: 0.36812
[  4, 15101] loss: 0.38511
[  4, 15151] loss: 0.40701
[  4, 15201] loss: 0.59906
[  4, 15251] loss: 0.47818
[  4, 15301] loss: 0.41039
[  4, 15351] loss: 0.35879
[  4, 15401] loss: 0.52081
[  4, 15451] loss: 0.43700
[  4, 15501] loss: 0.40971
[  4, 15551] loss: 0.47350
[  4, 15601] loss: 0.42408
[  4, 15651] loss: 0.37298
[  4, 15701] loss: 0.40659
[  4, 15751] loss: 0.45719
[  4, 15801] loss: 0.48345
[  4, 15851] loss: 0.53080
[  4, 15901] loss: 0.40109
[  4, 15951] loss: 0.73281
[  4, 16001] loss: 0.32471
[  4, 16051] loss: 0.30288
[  4, 16101] loss: 0.47531
[  4, 16151] loss: 0.51448
[  4, 16201] loss: 0.41207
[  4, 16251] loss: 0.30356
[  4, 16301] loss: 0.41640
[  4, 16351] loss: 0.48746
[  4, 16401] loss: 0.38271
[  4, 16451] loss: 0.30551
[  4, 16501] loss: 0.46040
[  4, 16551] loss: 0.43668
[  4, 16601] loss: 0.46399
[  4, 16651] loss: 0.39778
[  4, 16701] loss: 0.34879
[  4, 16751] loss: 0.49004
[  4, 16801] loss: 0.52008
[  4, 16851] loss: 0.49596
[  4, 16901] loss: 0.67792
[  4, 16951] loss: 0.49002
[  4, 17001] loss: 0.53294
[  4, 17051] loss: 0.55260
[  4, 17101] loss: 0.55480
[  4, 17151] loss: 0.54186
[  4, 17201] loss: 0.44532
[  4, 17251] loss: 0.37808
[  4, 17301] loss: 0.42690
[  4, 17351] loss: 0.43948
[  4, 17401] loss: 0.38762
[  4, 17451] loss: 0.48385
[  4, 17501] loss: 0.39016
[  4, 17551] loss: 0.41786
[  4, 17601] loss: 0.42706
[  4, 17651] loss: 0.51453
[  4, 17701] loss: 0.43345
[  4, 17751] loss: 0.49477
[  4, 17801] loss: 0.55048
[  4, 17851] loss: 0.48317
[  4, 17901] loss: 0.41443
[  4, 17951] loss: 0.41931
[  4, 18001] loss: 0.43670
[  4, 18051] loss: 0.50668
[  4, 18101] loss: 0.37271
[  4, 18151] loss: 0.48954
[  4, 18201] loss: 0.58741
[  4, 18251] loss: 0.39657
[  4, 18301] loss: 0.55196
[  4, 18351] loss: 0.37759
[  4, 18401] loss: 0.37052
[  4, 18451] loss: 0.64527
[  4, 18501] loss: 0.53443
[  4, 18551] loss: 0.38417
[  4, 18601] loss: 0.56153
[  4, 18651] loss: 0.40794
[  4, 18701] loss: 0.52880
[  4, 18751] loss: 0.41955
[  4, 18801] loss: 0.38028
[  4, 18851] loss: 0.36114
[  4, 18901] loss: 0.47701
[  4, 18951] loss: 0.38739
[  4, 19001] loss: 0.63463
[  4, 19051] loss: 0.41463
[  4, 19101] loss: 0.33061
[  4, 19151] loss: 0.42637
[  4, 19201] loss: 0.41208
[  4, 19251] loss: 0.40322
[  4, 19301] loss: 0.34059
[  4, 19351] loss: 0.44008
[  4, 19401] loss: 0.47552
[  4, 19451] loss: 0.39779
[  4, 19501] loss: 0.30964
[  4, 19551] loss: 0.32569
[  4, 19601] loss: 0.40445
[  4, 19651] loss: 0.30456
[  4, 19701] loss: 0.42058
[  4, 19751] loss: 0.42246
[  4, 19801] loss: 0.41058
[  4, 19851] loss: 0.44560
[  4, 19901] loss: 0.39176
[  4, 19951] loss: 0.37731
[  4, 20001] loss: 0.28324
[  4, 20051] loss: 0.40839
[  4, 20101] loss: 0.50226
[  4, 20151] loss: 0.33452
[  4, 20201] loss: 0.34332
[  4, 20251] loss: 0.35878
[  4, 20301] loss: 0.33047
[  4, 20351] loss: 0.44351
[  4, 20401] loss: 0.33965
[  4, 20451] loss: 0.37296
[  4, 20501] loss: 0.31599
[  4, 20551] loss: 0.35436
[  4, 20601] loss: 0.40890
[  4, 20651] loss: 0.25685
[  4, 20701] loss: 0.37404
[  4, 20751] loss: 0.26690
[  4, 20801] loss: 0.33182
[  4, 20851] loss: 0.37363
[  4, 20901] loss: 0.29794
[  4, 20951] loss: 0.31609
[  4, 21001] loss: 0.48043
[  4, 21051] loss: 0.49933
[  4, 21101] loss: 0.31514
[  4, 21151] loss: 0.37254
[  4, 21201] loss: 0.37594
[  4, 21251] loss: 0.44215
[  4, 21301] loss: 0.62235
[  4, 21351] loss: 0.39609
[  4, 21401] loss: 0.45978
[  4, 21451] loss: 0.42062
[  4, 21501] loss: 0.50703
[  4, 21551] loss: 0.52239
[  4, 21601] loss: 0.41762
[  4, 21651] loss: 0.51578
[  4, 21701] loss: 0.39006
[  4, 21751] loss: 0.42869
[  4, 21801] loss: 0.48957
[  4, 21851] loss: 0.55915
[  4, 21901] loss: 0.37614
[  4, 21951] loss: 0.55812
[  4, 22001] loss: 0.40956
[  4, 22051] loss: 0.46518
[  4, 22101] loss: 0.34313
[  4, 22151] loss: 0.41220
[  4, 22201] loss: 0.45901
[  4, 22251] loss: 0.53257
[  4, 22301] loss: 0.39406
[  4, 22351] loss: 0.40325
[  4, 22401] loss: 0.41489
[  4, 22451] loss: 0.40415
[  4, 22501] loss: 0.41245
[  4, 22551] loss: 0.52303
[  4, 22601] loss: 0.44437
[  4, 22651] loss: 0.55641
[  4, 22701] loss: 0.41148
[  4, 22751] loss: 0.36730
[  4, 22801] loss: 0.38955
[  4, 22851] loss: 0.45363
[  4, 22901] loss: 0.41742
[  4, 22951] loss: 0.45504
[  4, 23001] loss: 0.35969
[  4, 23051] loss: 0.52606
[  4, 23101] loss: 0.44661
[  4, 23151] loss: 0.43641
[  4, 23201] loss: 0.41398
[  4, 23251] loss: 0.46086
[  4, 23301] loss: 0.45588
[  4, 23351] loss: 0.33701
[  4, 23401] loss: 0.38537
[  4, 23451] loss: 0.35659
[  4, 23501] loss: 0.40223
[  4, 23551] loss: 0.30666
[  4, 23601] loss: 0.33109
[  4, 23651] loss: 0.31442
[  4, 23701] loss: 0.40601
[  4, 23751] loss: 0.31774
[  4, 23801] loss: 0.48152
[  4, 23851] loss: 0.43607
[  4, 23901] loss: 0.41623
[  4, 23951] loss: 0.35677
[  4, 24001] loss: 0.52249
[  4, 24051] loss: 0.31801
[  4, 24101] loss: 0.35907
[  4, 24151] loss: 0.32358
[  4, 24201] loss: 0.43987
[  4, 24251] loss: 0.40229
[  4, 24301] loss: 0.45205
[  4, 24351] loss: 0.38077
[  4, 24401] loss: 0.42727
[  4, 24451] loss: 0.39195
[  4, 24501] loss: 0.42393
[  4, 24551] loss: 0.32852
[  4, 24601] loss: 0.36416
[  4, 24651] loss: 0.29562
[  4, 24701] loss: 0.44343
[  4, 24751] loss: 0.49752
[  4, 24801] loss: 0.24869
[  4, 24851] loss: 0.35219
[  4, 24901] loss: 0.32521
[  4, 24951] loss: 0.38250
[  5,     1] loss: 0.42881
[  5,    51] loss: 0.31994
[  5,   101] loss: 0.26318
[  5,   151] loss: 0.27375
[  5,   201] loss: 0.40869
[  5,   251] loss: 0.31666
[  5,   301] loss: 0.31324
[  5,   351] loss: 0.36525
[  5,   401] loss: 0.29389
[  5,   451] loss: 0.23386
[  5,   501] loss: 0.40461
[  5,   551] loss: 0.29918
[  5,   601] loss: 0.40546
[  5,   651] loss: 0.31116
[  5,   701] loss: 0.26273
[  5,   751] loss: 0.39688
[  5,   801] loss: 0.39726
[  5,   851] loss: 0.26592
[  5,   901] loss: 0.31201
[  5,   951] loss: 0.47714
[  5,  1001] loss: 0.27490
[  5,  1051] loss: 0.41739
[  5,  1101] loss: 0.36514
[  5,  1151] loss: 0.34400
[  5,  1201] loss: 0.33215
[  5,  1251] loss: 0.29615
[  5,  1301] loss: 0.34594
[  5,  1351] loss: 0.32017
[  5,  1401] loss: 0.27741
[  5,  1451] loss: 0.26247
[  5,  1501] loss: 0.38694
[  5,  1551] loss: 0.25681
[  5,  1601] loss: 0.44766
[  5,  1651] loss: 0.36787
[  5,  1701] loss: 0.29304
[  5,  1751] loss: 0.32325
[  5,  1801] loss: 0.23337
[  5,  1851] loss: 0.35927
[  5,  1901] loss: 0.37361
[  5,  1951] loss: 0.30640
[  5,  2001] loss: 0.32722
[  5,  2051] loss: 0.39209
[  5,  2101] loss: 0.25813
[  5,  2151] loss: 0.31755
[  5,  2201] loss: 0.30067
[  5,  2251] loss: 0.23179
[  5,  2301] loss: 0.49690
[  5,  2351] loss: 0.17134
[  5,  2401] loss: 0.29503
[  5,  2451] loss: 0.29908
[  5,  2501] loss: 0.30022
[  5,  2551] loss: 0.39789
[  5,  2601] loss: 0.26101
[  5,  2651] loss: 0.34969
[  5,  2701] loss: 0.25769
[  5,  2751] loss: 0.19703
[  5,  2801] loss: 0.29682
[  5,  2851] loss: 0.36899
[  5,  2901] loss: 0.24287
[  5,  2951] loss: 0.26723
[  5,  3001] loss: 0.23249
[  5,  3051] loss: 0.28767
[  5,  3101] loss: 0.23486
[  5,  3151] loss: 0.23030
[  5,  3201] loss: 0.21570
[  5,  3251] loss: 0.27012
[  5,  3301] loss: 0.34194
[  5,  3351] loss: 0.31555
[  5,  3401] loss: 0.31149
[  5,  3451] loss: 0.23605
[  5,  3501] loss: 0.22458
[  5,  3551] loss: 0.19131
[  5,  3601] loss: 0.25291
[  5,  3651] loss: 0.25260
[  5,  3701] loss: 0.32411
[  5,  3751] loss: 0.33297
[  5,  3801] loss: 0.22961
[  5,  3851] loss: 0.37931
[  5,  3901] loss: 0.34854
[  5,  3951] loss: 0.23808
[  5,  4001] loss: 0.23903
[  5,  4051] loss: 0.19658
[  5,  4101] loss: 0.39108
[  5,  4151] loss: 0.19765
[  5,  4201] loss: 0.28754
[  5,  4251] loss: 0.31783
[  5,  4301] loss: 0.25896
[  5,  4351] loss: 0.29484
[  5,  4401] loss: 0.20936
[  5,  4451] loss: 0.25230
[  5,  4501] loss: 0.25853
[  5,  4551] loss: 0.22374
[  5,  4601] loss: 0.23901
[  5,  4651] loss: 0.26361
[  5,  4701] loss: 0.41931
[  5,  4751] loss: 0.27956
[  5,  4801] loss: 0.24483
[  5,  4851] loss: 0.26707
[  5,  4901] loss: 0.34340
[  5,  4951] loss: 0.31142
[  5,  5001] loss: 0.21982
[  5,  5051] loss: 0.34250
[  5,  5101] loss: 0.24803
[  5,  5151] loss: 0.47230
[  5,  5201] loss: 0.24808
[  5,  5251] loss: 0.33332
[  5,  5301] loss: 0.29349
[  5,  5351] loss: 0.34012
[  5,  5401] loss: 0.29956
[  5,  5451] loss: 0.26011
[  5,  5501] loss: 0.26496
[  5,  5551] loss: 0.35468
[  5,  5601] loss: 0.29885
[  5,  5651] loss: 0.24715
[  5,  5701] loss: 0.19243
[  5,  5751] loss: 0.21049
[  5,  5801] loss: 0.18323
[  5,  5851] loss: 0.24845
[  5,  5901] loss: 0.21413
[  5,  5951] loss: 0.16386
[  5,  6001] loss: 0.16017
[  5,  6051] loss: 0.24578
[  5,  6101] loss: 0.19791
[  5,  6151] loss: 0.23221
[  5,  6201] loss: 0.15314
[  5,  6251] loss: 0.21769
[  5,  6301] loss: 0.23987
[  5,  6351] loss: 0.15979
[  5,  6401] loss: 0.13610
[  5,  6451] loss: 0.10765
[  5,  6501] loss: 0.24064
[  5,  6551] loss: 0.22098
[  5,  6601] loss: 0.17619
[  5,  6651] loss: 0.26267
[  5,  6701] loss: 0.24121
[  5,  6751] loss: 0.23740
[  5,  6801] loss: 0.25009
[  5,  6851] loss: 0.23647
[  5,  6901] loss: 0.31186
[  5,  6951] loss: 0.18546
[  5,  7001] loss: 0.17339
[  5,  7051] loss: 0.27795
[  5,  7101] loss: 0.15106
[  5,  7151] loss: 0.23254
[  5,  7201] loss: 0.28422
[  5,  7251] loss: 0.14161
[  5,  7301] loss: 0.25127
[  5,  7351] loss: 0.16782
[  5,  7401] loss: 0.19137
[  5,  7451] loss: 0.19544
[  5,  7501] loss: 0.24233
[  5,  7551] loss: 0.21811
[  5,  7601] loss: 0.12455
[  5,  7651] loss: 0.22448
[  5,  7701] loss: 0.22087
[  5,  7751] loss: 0.31459
[  5,  7801] loss: 0.22126
[  5,  7851] loss: 0.15749
[  5,  7901] loss: 0.16784
[  5,  7951] loss: 0.31464
[  5,  8001] loss: 0.36205
[  5,  8051] loss: 0.17449
[  5,  8101] loss: 0.23610
[  5,  8151] loss: 0.31481
[  5,  8201] loss: 0.36749
[  5,  8251] loss: 0.15467
[  5,  8301] loss: 0.19229
[  5,  8351] loss: 0.36114
[  5,  8401] loss: 0.37052
[  5,  8451] loss: 0.19661
[  5,  8501] loss: 0.23747
[  5,  8551] loss: 0.45553
[  5,  8601] loss: 0.47060
[  5,  8651] loss: 0.17364
[  5,  8701] loss: 0.32494
[  5,  8751] loss: 0.54342
[  5,  8801] loss: 0.50494
[  5,  8851] loss: 0.32580
[  5,  8901] loss: 0.32692
[  5,  8951] loss: 0.43277
[  5,  9001] loss: 0.65288
[  5,  9051] loss: 0.34412
[  5,  9101] loss: 0.26311
[  5,  9151] loss: 0.24354
[  5,  9201] loss: 0.24994
[  5,  9251] loss: 0.34215
[  5,  9301] loss: 0.22613
[  5,  9351] loss: 0.24184
[  5,  9401] loss: 0.20734
[  5,  9451] loss: 0.26261
[  5,  9501] loss: 0.25052
[  5,  9551] loss: 0.27330
[  5,  9601] loss: 0.21163
[  5,  9651] loss: 0.35359
[  5,  9701] loss: 0.41804
[  5,  9751] loss: 0.21736
[  5,  9801] loss: 0.33712
[  5,  9851] loss: 0.16854
[  5,  9901] loss: 0.46681
[  5,  9951] loss: 0.36867
[  5, 10001] loss: 0.21848
[  5, 10051] loss: 0.42110
[  5, 10101] loss: 0.35897
[  5, 10151] loss: 0.44733
[  5, 10201] loss: 0.16130
[  5, 10251] loss: 0.32906
[  5, 10301] loss: 0.35617
[  5, 10351] loss: 0.45246
[  5, 10401] loss: 0.15760
[  5, 10451] loss: 0.40665
[  5, 10501] loss: 0.58337
[  5, 10551] loss: 0.41950
[  5, 10601] loss: 0.25933
[  5, 10651] loss: 0.21072
[  5, 10701] loss: 0.52186
[  5, 10751] loss: 0.53464
[  5, 10801] loss: 0.42751
[  5, 10851] loss: 0.34784
[  5, 10901] loss: 0.36920
[  5, 10951] loss: 0.36573
[  5, 11001] loss: 0.29531
[  5, 11051] loss: 0.34548
[  5, 11101] loss: 0.21582
[  5, 11151] loss: 0.38804
[  5, 11201] loss: 0.44220
[  5, 11251] loss: 0.16875
[  5, 11301] loss: 0.25812
[  5, 11351] loss: 0.37715
[  5, 11401] loss: 0.34507
[  5, 11451] loss: 0.14783
[  5, 11501] loss: 0.43709
[  5, 11551] loss: 0.47790
[  5, 11601] loss: 0.30795
[  5, 11651] loss: 0.16557
[  5, 11701] loss: 0.31958
[  5, 11751] loss: 0.41300
[  5, 11801] loss: 0.23926
[  5, 11851] loss: 0.35427
[  5, 11901] loss: 0.35716
[  5, 11951] loss: 0.44153
[  5, 12001] loss: 0.30215
[  5, 12051] loss: 0.40730
[  5, 12101] loss: 0.48281
[  5, 12151] loss: 0.27832
[  5, 12201] loss: 0.31007
[  5, 12251] loss: 0.30577
[  5, 12301] loss: 0.35514
[  5, 12351] loss: 0.28345
[  5, 12401] loss: 0.22516
[  5, 12451] loss: 0.25856
[  5, 12501] loss: 0.41159
[  5, 12551] loss: 0.22123
[  5, 12601] loss: 0.25289
[  5, 12651] loss: 0.22112
[  5, 12701] loss: 0.36310
[  5, 12751] loss: 0.44637
[  5, 12801] loss: 0.13321
[  5, 12851] loss: 0.24357
[  5, 12901] loss: 0.23276
[  5, 12951] loss: 0.35257
[  5, 13001] loss: 0.17582
[  5, 13051] loss: 0.25301
[  5, 13101] loss: 0.18197
[  5, 13151] loss: 0.21901
[  5, 13201] loss: 0.13872
[  5, 13251] loss: 0.41707
[  5, 13301] loss: 0.31521
[  5, 13351] loss: 0.33672
[  5, 13401] loss: 0.19088
[  5, 13451] loss: 0.27546
[  5, 13501] loss: 0.38372
[  5, 13551] loss: 0.49011
[  5, 13601] loss: 0.25837
[  5, 13651] loss: 0.21620
[  5, 13701] loss: 0.24816
[  5, 13751] loss: 0.47375
[  5, 13801] loss: 0.41640
[  5, 13851] loss: 0.22930
[  5, 13901] loss: 0.22904
[  5, 13951] loss: 0.25355
[  5, 14001] loss: 0.51059
[  5, 14051] loss: 0.30940
[  5, 14101] loss: 0.27175
[  5, 14151] loss: 0.16418
[  5, 14201] loss: 0.29765
[  5, 14251] loss: 0.40032
[  5, 14301] loss: 0.22757
[  5, 14351] loss: 0.22366
[  5, 14401] loss: 0.15371
[  5, 14451] loss: 0.15156
[  5, 14501] loss: 0.23890
[  5, 14551] loss: 0.39853
[  5, 14601] loss: 0.19087
[  5, 14651] loss: 0.19110
[  5, 14701] loss: 0.27605
[  5, 14751] loss: 0.29367
[  5, 14801] loss: 0.24701
[  5, 14851] loss: 0.23781
[  5, 14901] loss: 0.40846
[  5, 14951] loss: 0.47239
[  5, 15001] loss: 0.36595
[  5, 15051] loss: 0.15471
[  5, 15101] loss: 0.32533
[  5, 15151] loss: 0.64532
[  5, 15201] loss: 0.42744
[  5, 15251] loss: 0.30306
[  5, 15301] loss: 0.27565
[  5, 15351] loss: 0.36632
[  5, 15401] loss: 0.44333
[  5, 15451] loss: 0.39364
[  5, 15501] loss: 0.30723
[  5, 15551] loss: 0.37665
[  5, 15601] loss: 0.32037
[  5, 15651] loss: 0.27993
[  5, 15701] loss: 0.21956
[  5, 15751] loss: 0.27509
[  5, 15801] loss: 0.21368
[  5, 15851] loss: 0.27522
[  5, 15901] loss: 0.21087
[  5, 15951] loss: 0.22550
[  5, 16001] loss: 0.21701
[  5, 16051] loss: 0.32178
[  5, 16101] loss: 0.28336
[  5, 16151] loss: 0.41452
[  5, 16201] loss: 0.35815
[  5, 16251] loss: 0.49651
[  5, 16301] loss: 0.36486
[  5, 16351] loss: 0.19273
[  5, 16401] loss: 0.38544
[  5, 16451] loss: 0.28033
[  5, 16501] loss: 0.33757
[  5, 16551] loss: 0.21750
[  5, 16601] loss: 0.27134
[  5, 16651] loss: 0.24537
[  5, 16701] loss: 0.33320
[  5, 16751] loss: 0.13394
[  5, 16801] loss: 0.27919
[  5, 16851] loss: 0.33471
[  5, 16901] loss: 0.35159
[  5, 16951] loss: 0.24147
[  5, 17001] loss: 0.42712
[  5, 17051] loss: 0.37803
[  5, 17101] loss: 0.39063
[  5, 17151] loss: 0.25544
[  5, 17201] loss: 0.22841
[  5, 17251] loss: 0.48220
[  5, 17301] loss: 0.58068
[  5, 17351] loss: 0.51401
[  5, 17401] loss: 0.15744
[  5, 17451] loss: 0.53380
[  5, 17501] loss: 0.55705
[  5, 17551] loss: 0.59041
[  5, 17601] loss: 0.50891
[  5, 17651] loss: 0.37883
[  5, 17701] loss: 0.36045
[  5, 17751] loss: 0.41195
[  5, 17801] loss: 0.46849
[  5, 17851] loss: 0.51791
[  5, 17901] loss: 0.45426
[  5, 17951] loss: 0.31856
[  5, 18001] loss: 0.25524
[  5, 18051] loss: 0.30191
[  5, 18101] loss: 0.26567
[  5, 18151] loss: 0.40015
[  5, 18201] loss: 0.35103
[  5, 18251] loss: 0.17554
[  5, 18301] loss: 0.42845
[  5, 18351] loss: 0.18974
[  5, 18401] loss: 0.25649
[  5, 18451] loss: 0.29691
[  5, 18501] loss: 0.34901
[  5, 18551] loss: 0.37553
[  5, 18601] loss: 0.37629
[  5, 18651] loss: 0.33059
[  5, 18701] loss: 0.32323
[  5, 18751] loss: 0.20512
[  5, 18801] loss: 0.17328
[  5, 18851] loss: 0.24374
[  5, 18901] loss: 0.29233
[  5, 18951] loss: 0.27334
[  5, 19001] loss: 0.30114
[  5, 19051] loss: 0.39701
[  5, 19101] loss: 0.20323
[  5, 19151] loss: 0.22115
[  5, 19201] loss: 0.26939
[  5, 19251] loss: 0.38666
[  5, 19301] loss: 0.28444
[  5, 19351] loss: 0.23904
[  5, 19401] loss: 0.25705
[  5, 19451] loss: 0.22509
[  5, 19501] loss: 0.19858
[  5, 19551] loss: 0.21736
[  5, 19601] loss: 0.22280
[  5, 19651] loss: 0.16754
[  5, 19701] loss: 0.20597
[  5, 19751] loss: 0.26042
[  5, 19801] loss: 0.13480
[  5, 19851] loss: 0.22736
[  5, 19901] loss: 0.15182
[  5, 19951] loss: 0.26630
[  5, 20001] loss: 0.25212
[  5, 20051] loss: 0.28962
[  5, 20101] loss: 0.27909
[  5, 20151] loss: 0.27990
[  5, 20201] loss: 0.44385
[  5, 20251] loss: 0.49024
[  5, 20301] loss: 0.21442
[  5, 20351] loss: 0.11894
[  5, 20401] loss: 0.22318
[  5, 20451] loss: 0.77011
[  5, 20501] loss: 0.43598
[  5, 20551] loss: 0.20322
[  5, 20601] loss: 0.15316
[  5, 20651] loss: 0.25184
[  5, 20701] loss: 0.55926
[  5, 20751] loss: 0.47630
[  5, 20801] loss: 0.34995
[  5, 20851] loss: 0.25439
[  5, 20901] loss: 0.23138
[  5, 20951] loss: 0.28751
[  5, 21001] loss: 0.44694
[  5, 21051] loss: 0.41416
[  5, 21101] loss: 0.33264
[  5, 21151] loss: 0.28206
[  5, 21201] loss: 0.28200
[  5, 21251] loss: 0.22610
[  5, 21301] loss: 0.51386
[  5, 21351] loss: 0.31257
[  5, 21401] loss: 0.38306
[  5, 21451] loss: 0.37441
[  5, 21501] loss: 0.39290
[  5, 21551] loss: 0.53812
[  5, 21601] loss: 0.60374
[  5, 21651] loss: 0.67609
[  5, 21701] loss: 0.27132
[  5, 21751] loss: 0.23603
[  5, 21801] loss: 0.52986
[  5, 21851] loss: 0.64132
[  5, 21901] loss: 0.43813
[  5, 21951] loss: 0.58158
[  5, 22001] loss: 0.39869
[  5, 22051] loss: 0.27067
[  5, 22101] loss: 0.33343
[  5, 22151] loss: 0.40696
[  5, 22201] loss: 0.32920
[  5, 22251] loss: 0.48366
[  5, 22301] loss: 0.26364
[  5, 22351] loss: 0.21094
[  5, 22401] loss: 0.32399
[  5, 22451] loss: 0.27706
[  5, 22501] loss: 0.26829
[  5, 22551] loss: 0.40221
[  5, 22601] loss: 0.25905
[  5, 22651] loss: 0.25380
[  5, 22701] loss: 0.27410
[  5, 22751] loss: 0.34718
[  5, 22801] loss: 0.39251
[  5, 22851] loss: 0.24617
[  5, 22901] loss: 0.19214
[  5, 22951] loss: 0.13715
[  5, 23001] loss: 0.26922
[  5, 23051] loss: 0.38866
[  5, 23101] loss: 0.27720
[  5, 23151] loss: 0.34208
[  5, 23201] loss: 0.19150
[  5, 23251] loss: 0.69255
[  5, 23301] loss: 0.77991
[  5, 23351] loss: 0.17102
[  5, 23401] loss: 0.27871
[  5, 23451] loss: 0.43946
[  5, 23501] loss: 0.51092
[  5, 23551] loss: 0.47852
[  5, 23601] loss: 0.20846
[  5, 23651] loss: 0.16853
[  5, 23701] loss: 0.27934
[  5, 23751] loss: 0.23771
[  5, 23801] loss: 0.40308
[  5, 23851] loss: 0.33648
[  5, 23901] loss: 0.17408
[  5, 23951] loss: 0.19689
[  5, 24001] loss: 0.22496
[  5, 24051] loss: 0.50062
[  5, 24101] loss: 0.37785
[  5, 24151] loss: 0.25179
[  5, 24201] loss: 0.17988
[  5, 24251] loss: 0.28797
[  5, 24301] loss: 0.28247
[  5, 24351] loss: 0.31351
[  5, 24401] loss: 0.36793
[  5, 24451] loss: 0.30903
[  5, 24501] loss: 0.25716
[  5, 24551] loss: 0.17552
[  5, 24601] loss: 0.21008
[  5, 24651] loss: 0.22474
[  5, 24701] loss: 0.38075
[  5, 24751] loss: 0.21369
[  5, 24801] loss: 0.17516
[  5, 24851] loss: 0.17610
[  5, 24901] loss: 0.15180
[  5, 24951] loss: 0.27801
Finished training
Accuracy on train: 0.95888
Accuracy on test: 0.61992
