{'word_context': 29, 'word_embed_size': 50, 'word_conv_units': 300, 'hidden_units': 1000, 'drop_amount': 0.2, 'dropout': True, 'batch_size': 50}
train set done
test set done
<bound method MixedNet.parameters of MixedNet (
  (W_wrd): DataParallel (
    (module): Embedding(89528, 50)
  )
  (word_level_conv): DataParallel (
    (module): Conv2d(1, 300, kernel_size=(50, 29), stride=(1, 1), padding=(0, 14))
  )
  (word_level_maxpool): DataParallel (
    (module): AdaptiveMaxPool2d (output_size=(300, 1))
  )
  (fc1): DataParallel (
    (module): Linear (300 -> 1000)
  )
  (fc2): DataParallel (
    (module): Linear (1000 -> 2)
  )
  (dropout): DataParallel (
    (module): Dropout (p = 0.2)
  )
)>
[  1,     1] loss: 0.76396
[  1,    51] loss: 2.37254
[  1,   101] loss: 1.69412
[  1,   151] loss: 0.82303
[  1,   201] loss: 1.31826
[  1,   251] loss: 1.03138
[  1,   301] loss: 0.84172
[  1,   351] loss: 0.64496
[  1,   401] loss: 0.96161
[  1,   451] loss: 0.96896
[  1,   501] loss: 1.07523
[  1,   551] loss: 0.70800
[  1,   601] loss: 0.72262
[  1,   651] loss: 0.71445
[  1,   701] loss: 0.70650
[  1,   751] loss: 0.75199
[  1,   801] loss: 0.75535
[  1,   851] loss: 0.71397
[  1,   901] loss: 0.69056
[  1,   951] loss: 0.69923
[  1,  1001] loss: 0.74226
[  1,  1051] loss: 0.73081
[  1,  1101] loss: 0.73046
[  1,  1151] loss: 0.74390
[  1,  1201] loss: 0.70502
[  1,  1251] loss: 0.67909
[  1,  1301] loss: 0.67469
[  1,  1351] loss: 0.79409
[  1,  1401] loss: 0.78961
[  1,  1451] loss: 0.70390
[  1,  1501] loss: 0.69438
[  1,  1551] loss: 0.72474
[  1,  1601] loss: 0.72181
[  1,  1651] loss: 0.74024
[  1,  1701] loss: 0.69687
[  1,  1751] loss: 0.69338
[  1,  1801] loss: 0.68857
[  1,  1851] loss: 0.70410
[  1,  1901] loss: 0.70275
[  1,  1951] loss: 0.72353
[  1,  2001] loss: 0.70040
[  1,  2051] loss: 0.67998
[  1,  2101] loss: 0.68089
[  1,  2151] loss: 0.70415
[  1,  2201] loss: 0.70055
[  1,  2251] loss: 0.67876
[  1,  2301] loss: 0.66501
[  1,  2351] loss: 0.71227
[  1,  2401] loss: 0.69449
[  1,  2451] loss: 0.65891
[  1,  2501] loss: 0.72809
[  1,  2551] loss: 0.66561
[  1,  2601] loss: 0.72358
[  1,  2651] loss: 0.67197
[  1,  2701] loss: 0.66083
[  1,  2751] loss: 0.67836
[  1,  2801] loss: 0.69194
[  1,  2851] loss: 0.70619
[  1,  2901] loss: 0.67317
[  1,  2951] loss: 0.70089
[  1,  3001] loss: 0.68300
[  1,  3051] loss: 0.70292
[  1,  3101] loss: 0.67181
[  1,  3151] loss: 0.66861
[  1,  3201] loss: 0.70677
[  1,  3251] loss: 0.69299
[  1,  3301] loss: 0.64708
[  1,  3351] loss: 0.69092
[  1,  3401] loss: 0.68204
[  1,  3451] loss: 0.67785
[  1,  3501] loss: 0.71028
[  1,  3551] loss: 0.69106
[  1,  3601] loss: 0.69109
[  1,  3651] loss: 0.77729
[  1,  3701] loss: 0.76376
[  1,  3751] loss: 0.68626
[  1,  3801] loss: 0.73484
[  1,  3851] loss: 0.69733
[  1,  3901] loss: 0.67634
[  1,  3951] loss: 0.75919
[  1,  4001] loss: 0.66867
[  1,  4051] loss: 0.70961
[  1,  4101] loss: 0.67872
[  1,  4151] loss: 0.67305
[  1,  4201] loss: 0.70311
[  1,  4251] loss: 0.75119
[  1,  4301] loss: 0.67379
[  1,  4351] loss: 0.72053
[  1,  4401] loss: 0.68189
[  1,  4451] loss: 0.65882
[  1,  4501] loss: 0.67716
[  1,  4551] loss: 0.69317
[  1,  4601] loss: 0.70387
[  1,  4651] loss: 0.70904
[  1,  4701] loss: 0.65772
[  1,  4751] loss: 0.67935
[  1,  4801] loss: 0.65322
[  1,  4851] loss: 0.67335
[  1,  4901] loss: 0.67743
[  1,  4951] loss: 0.69801
[  1,  5001] loss: 0.69464
[  1,  5051] loss: 0.66504
[  1,  5101] loss: 0.70394
[  1,  5151] loss: 0.70949
[  1,  5201] loss: 0.68619
[  1,  5251] loss: 0.68486
[  1,  5301] loss: 0.69032
[  1,  5351] loss: 0.69900
[  1,  5401] loss: 0.68277
[  1,  5451] loss: 0.68617
[  1,  5501] loss: 0.71794
[  1,  5551] loss: 0.70902
[  1,  5601] loss: 0.71480
[  1,  5651] loss: 0.73094
[  1,  5701] loss: 0.75259
[  1,  5751] loss: 0.66365
[  1,  5801] loss: 0.64622
[  1,  5851] loss: 0.68605
[  1,  5901] loss: 0.69345
[  1,  5951] loss: 0.73161
[  1,  6001] loss: 0.72658
[  1,  6051] loss: 0.67579
[  1,  6101] loss: 0.68578
[  1,  6151] loss: 0.69615
[  1,  6201] loss: 0.67873
[  1,  6251] loss: 0.68413
[  1,  6301] loss: 0.68939
[  1,  6351] loss: 0.72833
[  1,  6401] loss: 0.68990
[  1,  6451] loss: 0.72536
[  1,  6501] loss: 0.70051
[  1,  6551] loss: 0.67534
[  1,  6601] loss: 0.65462
[  1,  6651] loss: 0.68440
[  1,  6701] loss: 0.70569
[  1,  6751] loss: 0.73737
[  1,  6801] loss: 0.63840
[  1,  6851] loss: 0.65909
[  1,  6901] loss: 0.68157
[  1,  6951] loss: 0.70449
[  1,  7001] loss: 0.70471
[  1,  7051] loss: 0.70143
[  1,  7101] loss: 0.65254
[  1,  7151] loss: 0.69100
[  1,  7201] loss: 0.66466
[  1,  7251] loss: 0.66853
[  1,  7301] loss: 0.74936
[  1,  7351] loss: 0.78094
[  1,  7401] loss: 0.65059
[  1,  7451] loss: 0.71159
[  1,  7501] loss: 0.67973
[  1,  7551] loss: 0.66552
[  1,  7601] loss: 0.69910
[  1,  7651] loss: 0.72053
[  1,  7701] loss: 0.73681
[  1,  7751] loss: 0.66159
[  1,  7801] loss: 0.67591
[  1,  7851] loss: 0.67519
[  1,  7901] loss: 0.76609
[  1,  7951] loss: 0.67159
[  1,  8001] loss: 0.65138
[  1,  8051] loss: 0.66952
[  1,  8101] loss: 0.65795
[  1,  8151] loss: 0.63965
[  1,  8201] loss: 0.71476
[  1,  8251] loss: 0.72022
[  1,  8301] loss: 0.79297
[  1,  8351] loss: 0.60757
[  1,  8401] loss: 0.73664
[  1,  8451] loss: 0.69194
[  1,  8501] loss: 0.67148
[  1,  8551] loss: 0.73107
[  1,  8601] loss: 0.72088
[  1,  8651] loss: 0.70336
[  1,  8701] loss: 0.73753
[  1,  8751] loss: 0.69910
[  1,  8801] loss: 0.68314
[  1,  8851] loss: 0.66790
[  1,  8901] loss: 0.69307
[  1,  8951] loss: 0.72254
[  1,  9001] loss: 0.69877
[  1,  9051] loss: 0.68523
[  1,  9101] loss: 0.65443
[  1,  9151] loss: 0.65397
[  1,  9201] loss: 0.66879
[  1,  9251] loss: 0.70775
[  1,  9301] loss: 0.69928
[  1,  9351] loss: 0.68710
[  1,  9401] loss: 0.67446
[  1,  9451] loss: 0.66617
[  1,  9501] loss: 0.69956
[  1,  9551] loss: 0.67301
[  1,  9601] loss: 0.67336
[  1,  9651] loss: 0.66690
[  1,  9701] loss: 0.63396
[  1,  9751] loss: 0.69053
[  1,  9801] loss: 0.67371
[  1,  9851] loss: 0.63866
[  1,  9901] loss: 0.67715
[  1,  9951] loss: 0.68745
[  1, 10001] loss: 0.67380
[  1, 10051] loss: 0.64994
[  1, 10101] loss: 0.69404
[  1, 10151] loss: 0.64752
[  1, 10201] loss: 0.67180
[  1, 10251] loss: 0.65902
[  1, 10301] loss: 0.68148
[  1, 10351] loss: 0.74192
[  1, 10401] loss: 0.61644
[  1, 10451] loss: 0.68948
[  1, 10501] loss: 0.66157
[  1, 10551] loss: 0.65339
[  1, 10601] loss: 0.66823
[  1, 10651] loss: 0.65015
[  1, 10701] loss: 0.61709
[  1, 10751] loss: 0.64014
[  1, 10801] loss: 0.65730
[  1, 10851] loss: 0.62203
[  1, 10901] loss: 0.71346
[  1, 10951] loss: 0.67295
[  1, 11001] loss: 0.67308
[  1, 11051] loss: 0.64048
[  1, 11101] loss: 0.67818
[  1, 11151] loss: 0.64650
[  1, 11201] loss: 0.61068
[  1, 11251] loss: 0.65943
[  1, 11301] loss: 0.67293
[  1, 11351] loss: 0.69548
[  1, 11401] loss: 0.63307
[  1, 11451] loss: 0.68151
[  1, 11501] loss: 0.70814
[  1, 11551] loss: 0.64325
[  1, 11601] loss: 0.64285
[  1, 11651] loss: 0.67579
[  1, 11701] loss: 0.66312
[  1, 11751] loss: 0.70830
[  1, 11801] loss: 0.63368
[  1, 11851] loss: 0.70227
[  1, 11901] loss: 0.68042
[  1, 11951] loss: 0.64593
[  1, 12001] loss: 0.67677
[  1, 12051] loss: 0.62721
[  1, 12101] loss: 0.69793
[  1, 12151] loss: 0.61541
[  1, 12201] loss: 0.70185
[  1, 12251] loss: 0.75413
[  1, 12301] loss: 0.63739
[  1, 12351] loss: 0.61433
[  1, 12401] loss: 0.67651
[  1, 12451] loss: 0.57129
[  1, 12501] loss: 0.68705
[  1, 12551] loss: 0.64119
[  1, 12601] loss: 0.65818
[  1, 12651] loss: 0.62287
[  1, 12701] loss: 0.60695
[  1, 12751] loss: 0.57280
[  1, 12801] loss: 0.58249
[  1, 12851] loss: 0.68361
[  1, 12901] loss: 0.58398
[  1, 12951] loss: 0.65098
[  1, 13001] loss: 0.65471
[  1, 13051] loss: 0.65921
[  1, 13101] loss: 0.64354
[  1, 13151] loss: 0.72002
[  1, 13201] loss: 0.66117
[  1, 13251] loss: 0.69260
[  1, 13301] loss: 0.64699
[  1, 13351] loss: 0.68555
[  1, 13401] loss: 0.61810
[  1, 13451] loss: 0.66595
[  1, 13501] loss: 0.67682
[  1, 13551] loss: 0.66464
[  1, 13601] loss: 0.74618
[  1, 13651] loss: 0.88709
[  1, 13701] loss: 0.65675
[  1, 13751] loss: 0.63460
[  1, 13801] loss: 0.69999
[  1, 13851] loss: 0.61334
[  1, 13901] loss: 0.63960
[  1, 13951] loss: 0.67368
[  1, 14001] loss: 0.60858
[  1, 14051] loss: 0.64863
[  1, 14101] loss: 0.65608
[  1, 14151] loss: 0.72066
[  1, 14201] loss: 0.63327
[  1, 14251] loss: 0.67543
[  1, 14301] loss: 0.65200
[  1, 14351] loss: 0.76775
[  1, 14401] loss: 0.67713
[  1, 14451] loss: 0.65837
[  1, 14501] loss: 0.70183
[  1, 14551] loss: 0.66717
[  1, 14601] loss: 0.62646
[  1, 14651] loss: 0.65137
[  1, 14701] loss: 0.58822
[  1, 14751] loss: 0.68559
[  1, 14801] loss: 0.61449
[  1, 14851] loss: 0.65035
[  1, 14901] loss: 0.65714
[  1, 14951] loss: 0.64891
[  1, 15001] loss: 0.64963
[  1, 15051] loss: 0.59256
[  1, 15101] loss: 0.61922
[  1, 15151] loss: 0.68273
[  1, 15201] loss: 0.64844
[  1, 15251] loss: 0.61124
[  1, 15301] loss: 0.58503
[  1, 15351] loss: 0.59581
[  1, 15401] loss: 0.59537
[  1, 15451] loss: 0.57266
[  1, 15501] loss: 0.66697
[  1, 15551] loss: 0.66422
[  1, 15601] loss: 0.61423
[  1, 15651] loss: 0.67367
[  1, 15701] loss: 0.67534
[  1, 15751] loss: 0.74782
[  1, 15801] loss: 0.62870
[  1, 15851] loss: 0.63629
[  1, 15901] loss: 0.72735
[  1, 15951] loss: 0.76377
[  1, 16001] loss: 0.63070
[  1, 16051] loss: 0.52379
[  1, 16101] loss: 0.67312
[  1, 16151] loss: 0.63975
[  1, 16201] loss: 0.64587
[  1, 16251] loss: 0.71499
[  1, 16301] loss: 0.64925
[  1, 16351] loss: 0.66983
[  1, 16401] loss: 0.70741
[  1, 16451] loss: 0.67265
[  1, 16501] loss: 0.58842
[  1, 16551] loss: 0.64453
[  1, 16601] loss: 0.57508
[  1, 16651] loss: 0.64607
[  1, 16701] loss: 0.61084
[  1, 16751] loss: 0.55500
[  1, 16801] loss: 0.64759
[  1, 16851] loss: 0.65323
[  1, 16901] loss: 0.68259
[  1, 16951] loss: 0.68256
[  1, 17001] loss: 0.66085
[  1, 17051] loss: 0.61097
[  1, 17101] loss: 0.58634
[  1, 17151] loss: 0.58927
[  1, 17201] loss: 0.68425
[  1, 17251] loss: 0.72923
[  1, 17301] loss: 0.61903
[  1, 17351] loss: 0.56424
[  1, 17401] loss: 0.68858
[  1, 17451] loss: 0.72182
[  1, 17501] loss: 0.74008
[  1, 17551] loss: 0.66236
[  1, 17601] loss: 0.63570
[  1, 17651] loss: 0.66049
[  1, 17701] loss: 0.61668
[  1, 17751] loss: 0.67697
[  1, 17801] loss: 0.66767
[  1, 17851] loss: 0.69788
[  1, 17901] loss: 0.62058
[  1, 17951] loss: 0.70168
[  1, 18001] loss: 0.60267
[  1, 18051] loss: 0.72296
[  1, 18101] loss: 0.64947
[  1, 18151] loss: 0.70207
[  1, 18201] loss: 0.72858
[  1, 18251] loss: 0.61835
[  1, 18301] loss: 0.69878
[  1, 18351] loss: 0.62754
[  1, 18401] loss: 0.63152
[  1, 18451] loss: 0.64879
[  1, 18501] loss: 0.60728
[  1, 18551] loss: 0.60616
[  1, 18601] loss: 0.63129
[  1, 18651] loss: 0.56945
[  1, 18701] loss: 0.58775
[  1, 18751] loss: 0.66678
[  1, 18801] loss: 0.62124
[  1, 18851] loss: 0.62327
[  1, 18901] loss: 0.64510
[  1, 18951] loss: 0.75709
[  1, 19001] loss: 0.65121
[  1, 19051] loss: 0.71764
[  1, 19101] loss: 0.69489
[  1, 19151] loss: 0.61522
[  1, 19201] loss: 0.62170
[  1, 19251] loss: 0.58714
[  1, 19301] loss: 0.60929
[  1, 19351] loss: 0.58169
[  1, 19401] loss: 0.61679
[  1, 19451] loss: 0.74150
[  1, 19501] loss: 0.73153
[  1, 19551] loss: 0.72633
[  1, 19601] loss: 0.70292
[  1, 19651] loss: 0.69496
[  1, 19701] loss: 0.61040
[  1, 19751] loss: 0.68567
[  1, 19801] loss: 0.62245
[  1, 19851] loss: 0.67240
[  1, 19901] loss: 0.69909
[  1, 19951] loss: 0.77271
[  1, 20001] loss: 0.64049
[  1, 20051] loss: 0.63331
[  1, 20101] loss: 0.68704
[  1, 20151] loss: 0.66945
[  1, 20201] loss: 0.65894
[  1, 20251] loss: 0.64299
[  1, 20301] loss: 0.69053
[  1, 20351] loss: 0.69471
[  1, 20401] loss: 0.66294
[  1, 20451] loss: 0.65495
[  1, 20501] loss: 0.58919
[  1, 20551] loss: 0.62266
[  1, 20601] loss: 0.66108
[  1, 20651] loss: 0.61355
[  1, 20701] loss: 0.60967
[  1, 20751] loss: 0.58252
[  1, 20801] loss: 0.71379
[  1, 20851] loss: 0.59607
[  1, 20901] loss: 0.67888
[  1, 20951] loss: 0.68009
[  1, 21001] loss: 0.58556
[  1, 21051] loss: 0.66771
[  1, 21101] loss: 0.65338
[  1, 21151] loss: 0.60413
[  1, 21201] loss: 0.64527
[  1, 21251] loss: 0.67206
[  1, 21301] loss: 0.60644
[  1, 21351] loss: 0.60265
[  1, 21401] loss: 0.62659
[  1, 21451] loss: 0.71673
[  1, 21501] loss: 0.58168
[  1, 21551] loss: 0.59012
[  1, 21601] loss: 0.57776
[  1, 21651] loss: 0.74661
[  1, 21701] loss: 0.69251
[  1, 21751] loss: 0.59657
[  1, 21801] loss: 0.70365
[  1, 21851] loss: 0.66479
[  1, 21901] loss: 0.60044
[  1, 21951] loss: 0.65223
[  1, 22001] loss: 0.59325
[  1, 22051] loss: 0.69879
[  1, 22101] loss: 0.67068
[  1, 22151] loss: 0.70944
[  1, 22201] loss: 0.60104
[  1, 22251] loss: 0.61308
[  1, 22301] loss: 0.67521
[  1, 22351] loss: 0.62451
[  1, 22401] loss: 0.62621
[  1, 22451] loss: 0.58725
[  1, 22501] loss: 0.58482
[  1, 22551] loss: 0.67111
[  1, 22601] loss: 0.61415
[  1, 22651] loss: 0.60281
[  1, 22701] loss: 0.63333
[  1, 22751] loss: 0.69952
[  1, 22801] loss: 0.65962
[  1, 22851] loss: 0.65448
[  1, 22901] loss: 0.61035
[  1, 22951] loss: 0.67324
[  1, 23001] loss: 0.74320
[  1, 23051] loss: 0.50523
[  1, 23101] loss: 0.55516
[  1, 23151] loss: 0.85436
[  1, 23201] loss: 0.62719
[  1, 23251] loss: 0.59746
[  1, 23301] loss: 0.70274
[  1, 23351] loss: 0.71622
[  1, 23401] loss: 0.68510
[  1, 23451] loss: 0.60914
[  1, 23501] loss: 0.60542
[  1, 23551] loss: 0.67870
[  1, 23601] loss: 0.67163
[  1, 23651] loss: 0.65539
[  1, 23701] loss: 0.63301
[  1, 23751] loss: 0.66987
[  1, 23801] loss: 0.67623
[  1, 23851] loss: 0.58073
[  1, 23901] loss: 0.59854
[  1, 23951] loss: 0.73953
[  1, 24001] loss: 0.66105
[  1, 24051] loss: 0.56650
[  1, 24101] loss: 0.60635
[  1, 24151] loss: 0.63040
[  1, 24201] loss: 0.64984
[  1, 24251] loss: 0.61634
[  1, 24301] loss: 0.63681
[  1, 24351] loss: 0.53656
[  1, 24401] loss: 0.66387
[  1, 24451] loss: 0.62592
[  1, 24501] loss: 0.60255
[  1, 24551] loss: 0.67558
[  1, 24601] loss: 0.68660
[  1, 24651] loss: 0.62215
[  1, 24701] loss: 0.62018
[  1, 24751] loss: 0.63566
[  1, 24801] loss: 0.67788
[  1, 24851] loss: 0.75203
[  1, 24901] loss: 0.61217
[  1, 24951] loss: 0.61989
[  2,     1] loss: 0.73682
[  2,    51] loss: 0.64768
[  2,   101] loss: 0.73579
[  2,   151] loss: 0.57814
[  2,   201] loss: 0.60888
[  2,   251] loss: 0.61591
[  2,   301] loss: 0.67292
[  2,   351] loss: 0.59039
[  2,   401] loss: 0.63634
[  2,   451] loss: 0.64108
[  2,   501] loss: 0.63615
[  2,   551] loss: 0.65857
[  2,   601] loss: 0.64269
[  2,   651] loss: 0.67311
[  2,   701] loss: 0.57539
[  2,   751] loss: 0.58262
[  2,   801] loss: 0.61519
[  2,   851] loss: 0.62959
[  2,   901] loss: 0.67507
[  2,   951] loss: 0.71341
[  2,  1001] loss: 0.59023
[  2,  1051] loss: 0.63057
[  2,  1101] loss: 0.66293
[  2,  1151] loss: 0.55925
[  2,  1201] loss: 0.65789
[  2,  1251] loss: 0.66843
[  2,  1301] loss: 0.55670
[  2,  1351] loss: 0.62503
[  2,  1401] loss: 0.51713
[  2,  1451] loss: 0.63220
[  2,  1501] loss: 0.61018
[  2,  1551] loss: 0.61499
[  2,  1601] loss: 0.63199
[  2,  1651] loss: 0.63832
[  2,  1701] loss: 0.67349
[  2,  1751] loss: 0.66658
[  2,  1801] loss: 0.56095
[  2,  1851] loss: 0.71948
[  2,  1901] loss: 0.64503
[  2,  1951] loss: 0.62811
[  2,  2001] loss: 0.68183
[  2,  2051] loss: 0.55035
[  2,  2101] loss: 0.55590
[  2,  2151] loss: 0.58963
[  2,  2201] loss: 0.71129
[  2,  2251] loss: 0.57247
[  2,  2301] loss: 0.62701
[  2,  2351] loss: 0.64977
[  2,  2401] loss: 0.64222
[  2,  2451] loss: 0.55058
[  2,  2501] loss: 0.68060
[  2,  2551] loss: 0.60271
[  2,  2601] loss: 0.57234
[  2,  2651] loss: 0.66651
[  2,  2701] loss: 0.65402
[  2,  2751] loss: 0.68258
[  2,  2801] loss: 0.64448
[  2,  2851] loss: 0.62194
[  2,  2901] loss: 0.62809
[  2,  2951] loss: 0.57825
[  2,  3001] loss: 0.63138
[  2,  3051] loss: 0.63769
[  2,  3101] loss: 0.58198
[  2,  3151] loss: 0.54321
[  2,  3201] loss: 0.65674
[  2,  3251] loss: 0.51580
[  2,  3301] loss: 0.60318
[  2,  3351] loss: 0.65631
[  2,  3401] loss: 0.64355
[  2,  3451] loss: 0.62088
[  2,  3501] loss: 0.66451
[  2,  3551] loss: 0.60911
[  2,  3601] loss: 0.72854
[  2,  3651] loss: 0.65819
[  2,  3701] loss: 0.70168
[  2,  3751] loss: 0.55061
[  2,  3801] loss: 0.64242
[  2,  3851] loss: 0.64479
[  2,  3901] loss: 0.61038
[  2,  3951] loss: 0.61983
[  2,  4001] loss: 0.51259
[  2,  4051] loss: 0.66590
[  2,  4101] loss: 0.67196
[  2,  4151] loss: 0.67744
[  2,  4201] loss: 0.73324
[  2,  4251] loss: 0.63510
[  2,  4301] loss: 0.57587
[  2,  4351] loss: 0.65146
[  2,  4401] loss: 0.56803
[  2,  4451] loss: 0.63757
[  2,  4501] loss: 0.57313
[  2,  4551] loss: 0.65443
[  2,  4601] loss: 0.67205
[  2,  4651] loss: 0.59792
[  2,  4701] loss: 0.61243
[  2,  4751] loss: 0.53181
[  2,  4801] loss: 0.49971
[  2,  4851] loss: 0.62936
[  2,  4901] loss: 0.66804
[  2,  4951] loss: 0.59595
[  2,  5001] loss: 0.58471
[  2,  5051] loss: 0.58014
[  2,  5101] loss: 0.71596
[  2,  5151] loss: 0.62772
[  2,  5201] loss: 0.54056
[  2,  5251] loss: 0.53291
[  2,  5301] loss: 0.61673
[  2,  5351] loss: 0.54181
[  2,  5401] loss: 0.62437
[  2,  5451] loss: 0.60384
[  2,  5501] loss: 0.61671
[  2,  5551] loss: 0.58137
[  2,  5601] loss: 0.57676
[  2,  5651] loss: 0.63123
[  2,  5701] loss: 0.60157
[  2,  5751] loss: 0.66648
[  2,  5801] loss: 0.55092
[  2,  5851] loss: 0.58982
[  2,  5901] loss: 0.61032
[  2,  5951] loss: 0.73077
[  2,  6001] loss: 0.53760
[  2,  6051] loss: 0.57233
[  2,  6101] loss: 0.55368
[  2,  6151] loss: 0.63872
[  2,  6201] loss: 0.51495
[  2,  6251] loss: 0.60982
[  2,  6301] loss: 0.50452
[  2,  6351] loss: 0.60037
[  2,  6401] loss: 0.60325
[  2,  6451] loss: 0.65936
[  2,  6501] loss: 0.61499
[  2,  6551] loss: 0.53963
[  2,  6601] loss: 0.56311
[  2,  6651] loss: 0.59674
[  2,  6701] loss: 0.67242
[  2,  6751] loss: 0.55649
[  2,  6801] loss: 0.52331
[  2,  6851] loss: 0.53153
[  2,  6901] loss: 0.64021
[  2,  6951] loss: 0.64867
[  2,  7001] loss: 0.58833
[  2,  7051] loss: 0.62226
[  2,  7101] loss: 0.51542
[  2,  7151] loss: 0.55266
[  2,  7201] loss: 0.60551
[  2,  7251] loss: 0.55691
[  2,  7301] loss: 0.60956
[  2,  7351] loss: 0.58628
[  2,  7401] loss: 0.55709
[  2,  7451] loss: 0.55579
[  2,  7501] loss: 0.58579
[  2,  7551] loss: 0.59886
[  2,  7601] loss: 0.56708
[  2,  7651] loss: 0.56390
[  2,  7701] loss: 0.56725
[  2,  7751] loss: 0.64246
[  2,  7801] loss: 0.64897
[  2,  7851] loss: 0.55994
[  2,  7901] loss: 0.64651
[  2,  7951] loss: 0.61254
[  2,  8001] loss: 0.54192
[  2,  8051] loss: 0.55946
[  2,  8101] loss: 0.53872
[  2,  8151] loss: 0.50747
[  2,  8201] loss: 0.61355
[  2,  8251] loss: 0.57273
[  2,  8301] loss: 0.64558
[  2,  8351] loss: 0.47279
[  2,  8401] loss: 0.64014
[  2,  8451] loss: 0.54361
[  2,  8501] loss: 0.58136
[  2,  8551] loss: 0.67969
[  2,  8601] loss: 0.65086
[  2,  8651] loss: 0.55435
[  2,  8701] loss: 0.57964
[  2,  8751] loss: 0.54544
[  2,  8801] loss: 0.66900
[  2,  8851] loss: 0.59264
[  2,  8901] loss: 0.57774
[  2,  8951] loss: 0.69058
[  2,  9001] loss: 0.54427
[  2,  9051] loss: 0.50235
[  2,  9101] loss: 0.62902
[  2,  9151] loss: 0.53151
[  2,  9201] loss: 0.56496
[  2,  9251] loss: 0.58117
[  2,  9301] loss: 0.55813
[  2,  9351] loss: 0.70322
[  2,  9401] loss: 0.60836
[  2,  9451] loss: 0.58604
[  2,  9501] loss: 0.54305
[  2,  9551] loss: 0.58698
[  2,  9601] loss: 0.49112
[  2,  9651] loss: 0.66894
[  2,  9701] loss: 0.58149
[  2,  9751] loss: 0.67905
[  2,  9801] loss: 0.55080
[  2,  9851] loss: 0.50924
[  2,  9901] loss: 0.54996
[  2,  9951] loss: 0.64423
[  2, 10001] loss: 0.65409
[  2, 10051] loss: 0.55736
[  2, 10101] loss: 0.48616
[  2, 10151] loss: 0.54264
[  2, 10201] loss: 0.61531
[  2, 10251] loss: 0.47803
[  2, 10301] loss: 0.54621
[  2, 10351] loss: 0.56074
[  2, 10401] loss: 0.48752
[  2, 10451] loss: 0.63930
[  2, 10501] loss: 0.55782
[  2, 10551] loss: 0.48366
[  2, 10601] loss: 0.50321
[  2, 10651] loss: 0.51240
[  2, 10701] loss: 0.52641
[  2, 10751] loss: 0.51987
[  2, 10801] loss: 0.58641
[  2, 10851] loss: 0.41682
[  2, 10901] loss: 0.72982
[  2, 10951] loss: 0.58893
[  2, 11001] loss: 0.60707
[  2, 11051] loss: 0.53267
[  2, 11101] loss: 0.63613
[  2, 11151] loss: 0.48665
[  2, 11201] loss: 0.45442
[  2, 11251] loss: 0.59178
[  2, 11301] loss: 0.54491
[  2, 11351] loss: 0.58322
[  2, 11401] loss: 0.48551
[  2, 11451] loss: 0.58154
[  2, 11501] loss: 0.57694
[  2, 11551] loss: 0.49675
[  2, 11601] loss: 0.49972
[  2, 11651] loss: 0.60553
[  2, 11701] loss: 0.51205
[  2, 11751] loss: 0.52144
[  2, 11801] loss: 0.60627
[  2, 11851] loss: 0.59214
[  2, 11901] loss: 0.60440
[  2, 11951] loss: 0.52679
[  2, 12001] loss: 0.46701
[  2, 12051] loss: 0.51256
[  2, 12101] loss: 0.46038
[  2, 12151] loss: 0.50473
[  2, 12201] loss: 0.60053
[  2, 12251] loss: 0.63627
[  2, 12301] loss: 0.56714
[  2, 12351] loss: 0.42048
[  2, 12401] loss: 0.57096
[  2, 12451] loss: 0.38002
[  2, 12501] loss: 0.59636
[  2, 12551] loss: 0.45669
[  2, 12601] loss: 0.55608
[  2, 12651] loss: 0.37836
[  2, 12701] loss: 0.43678
[  2, 12751] loss: 0.35514
[  2, 12801] loss: 0.42664
[  2, 12851] loss: 0.53066
[  2, 12901] loss: 0.48180
[  2, 12951] loss: 0.46792
[  2, 13001] loss: 0.47697
[  2, 13051] loss: 0.43297
[  2, 13101] loss: 0.53540
[  2, 13151] loss: 0.54795
[  2, 13201] loss: 0.45489
[  2, 13251] loss: 0.52374
[  2, 13301] loss: 0.39493
[  2, 13351] loss: 0.46976
[  2, 13401] loss: 0.54121
[  2, 13451] loss: 0.55192
[  2, 13501] loss: 0.56045
[  2, 13551] loss: 0.55422
[  2, 13601] loss: 0.55156
[  2, 13651] loss: 0.77376
[  2, 13701] loss: 0.50690
[  2, 13751] loss: 0.65558
[  2, 13801] loss: 0.56610
[  2, 13851] loss: 0.42995
[  2, 13901] loss: 0.59925
[  2, 13951] loss: 0.45031
[  2, 14001] loss: 0.41703
[  2, 14051] loss: 0.49598
[  2, 14101] loss: 0.53748
[  2, 14151] loss: 0.55048
[  2, 14201] loss: 0.48175
[  2, 14251] loss: 0.52663
[  2, 14301] loss: 0.45987
[  2, 14351] loss: 0.61496
[  2, 14401] loss: 0.56698
[  2, 14451] loss: 0.48657
[  2, 14501] loss: 0.52166
[  2, 14551] loss: 0.48294
[  2, 14601] loss: 0.53116
[  2, 14651] loss: 0.40440
[  2, 14701] loss: 0.45523
[  2, 14751] loss: 0.40722
[  2, 14801] loss: 0.41630
[  2, 14851] loss: 0.54786
[  2, 14901] loss: 0.48932
[  2, 14951] loss: 0.47655
[  2, 15001] loss: 0.56125
[  2, 15051] loss: 0.44959
[  2, 15101] loss: 0.48853
[  2, 15151] loss: 0.64001
[  2, 15201] loss: 0.56476
[  2, 15251] loss: 0.47782
[  2, 15301] loss: 0.39767
[  2, 15351] loss: 0.40314
[  2, 15401] loss: 0.39947
[  2, 15451] loss: 0.41190
[  2, 15501] loss: 0.42588
[  2, 15551] loss: 0.45457
[  2, 15601] loss: 0.49608
[  2, 15651] loss: 0.44653
[  2, 15701] loss: 0.53085
[  2, 15751] loss: 0.56552
[  2, 15801] loss: 0.41356
[  2, 15851] loss: 0.49064
[  2, 15901] loss: 0.56151
[  2, 15951] loss: 0.63758
[  2, 16001] loss: 0.50369
[  2, 16051] loss: 0.42535
[  2, 16101] loss: 0.54460
[  2, 16151] loss: 0.46048
[  2, 16201] loss: 0.50815
[  2, 16251] loss: 0.46500
[  2, 16301] loss: 0.60778
[  2, 16351] loss: 0.55313
[  2, 16401] loss: 0.56383
[  2, 16451] loss: 0.59968
[  2, 16501] loss: 0.38962
[  2, 16551] loss: 0.53876
[  2, 16601] loss: 0.48166
[  2, 16651] loss: 0.43729
[  2, 16701] loss: 0.40968
[  2, 16751] loss: 0.41963
[  2, 16801] loss: 0.55710
[  2, 16851] loss: 0.59458
[  2, 16901] loss: 0.50323
[  2, 16951] loss: 0.52651
[  2, 17001] loss: 0.62120
[  2, 17051] loss: 0.42789
[  2, 17101] loss: 0.40922
[  2, 17151] loss: 0.38071
[  2, 17201] loss: 0.45165
[  2, 17251] loss: 0.61688
[  2, 17301] loss: 0.50295
[  2, 17351] loss: 0.36478
[  2, 17401] loss: 0.48336
[  2, 17451] loss: 0.59571
[  2, 17501] loss: 0.56140
[  2, 17551] loss: 0.54286
[  2, 17601] loss: 0.48792
[  2, 17651] loss: 0.45915
[  2, 17701] loss: 0.63211
[  2, 17751] loss: 0.47936
[  2, 17801] loss: 0.46558
[  2, 17851] loss: 0.59628
[  2, 17901] loss: 0.53466
[  2, 17951] loss: 0.52691
[  2, 18001] loss: 0.42521
[  2, 18051] loss: 0.54064
[  2, 18101] loss: 0.62758
[  2, 18151] loss: 0.55959
[  2, 18201] loss: 0.56090
[  2, 18251] loss: 0.48307
[  2, 18301] loss: 0.61112
[  2, 18351] loss: 0.47086
[  2, 18401] loss: 0.53460
[  2, 18451] loss: 0.59924
[  2, 18501] loss: 0.45931
[  2, 18551] loss: 0.65481
[  2, 18601] loss: 0.48982
[  2, 18651] loss: 0.49660
[  2, 18701] loss: 0.53479
[  2, 18751] loss: 0.55912
[  2, 18801] loss: 0.53795
[  2, 18851] loss: 0.54219
[  2, 18901] loss: 0.46879
[  2, 18951] loss: 0.67264
[  2, 19001] loss: 0.54376
[  2, 19051] loss: 0.46923
[  2, 19101] loss: 0.58134
[  2, 19151] loss: 0.42127
[  2, 19201] loss: 0.50207
[  2, 19251] loss: 0.43799
[  2, 19301] loss: 0.39864
[  2, 19351] loss: 0.49743
[  2, 19401] loss: 0.39548
[  2, 19451] loss: 0.61623
[  2, 19501] loss: 0.66638
[  2, 19551] loss: 0.62834
[  2, 19601] loss: 0.68164
[  2, 19651] loss: 0.72206
[  2, 19701] loss: 0.70628
[  2, 19751] loss: 0.46977
[  2, 19801] loss: 0.48488
[  2, 19851] loss: 0.62824
[  2, 19901] loss: 0.58144
[  2, 19951] loss: 0.67156
[  2, 20001] loss: 0.51951
[  2, 20051] loss: 0.52347
[  2, 20101] loss: 0.58118
[  2, 20151] loss: 0.62931
[  2, 20201] loss: 0.57542
[  2, 20251] loss: 0.54374
[  2, 20301] loss: 0.63038
[  2, 20351] loss: 0.64303
[  2, 20401] loss: 0.71453
[  2, 20451] loss: 0.48128
[  2, 20501] loss: 0.50193
[  2, 20551] loss: 0.58668
[  2, 20601] loss: 0.52118
[  2, 20651] loss: 0.46273
[  2, 20701] loss: 0.51103
[  2, 20751] loss: 0.47881
[  2, 20801] loss: 0.67314
[  2, 20851] loss: 0.45368
[  2, 20901] loss: 0.57815
[  2, 20951] loss: 0.53779
[  2, 21001] loss: 0.42291
[  2, 21051] loss: 0.59085
[  2, 21101] loss: 0.47911
[  2, 21151] loss: 0.47106
[  2, 21201] loss: 0.51527
[  2, 21251] loss: 0.52954
[  2, 21301] loss: 0.48887
[  2, 21351] loss: 0.49370
[  2, 21401] loss: 0.50008
[  2, 21451] loss: 0.69273
[  2, 21501] loss: 0.45809
[  2, 21551] loss: 0.56906
[  2, 21601] loss: 0.45560
[  2, 21651] loss: 0.47896
[  2, 21701] loss: 0.51731
[  2, 21751] loss: 0.48279
[  2, 21801] loss: 0.49000
[  2, 21851] loss: 0.50673
[  2, 21901] loss: 0.47016
[  2, 21951] loss: 0.62994
[  2, 22001] loss: 0.46413
[  2, 22051] loss: 0.56629
[  2, 22101] loss: 0.49355
[  2, 22151] loss: 0.60105
[  2, 22201] loss: 0.44014
[  2, 22251] loss: 0.42806
[  2, 22301] loss: 0.64709
[  2, 22351] loss: 0.47961
[  2, 22401] loss: 0.51397
[  2, 22451] loss: 0.46037
[  2, 22501] loss: 0.40538
[  2, 22551] loss: 0.51372
[  2, 22601] loss: 0.56455
[  2, 22651] loss: 0.41028
[  2, 22701] loss: 0.45596
[  2, 22751] loss: 0.52243
[  2, 22801] loss: 0.56941
[  2, 22851] loss: 0.60690
[  2, 22901] loss: 0.44765
[  2, 22951] loss: 0.53387
[  2, 23001] loss: 0.60861
[  2, 23051] loss: 0.29818
[  2, 23101] loss: 0.56554
[  2, 23151] loss: 0.94484
[  2, 23201] loss: 0.40498
[  2, 23251] loss: 0.43242
[  2, 23301] loss: 0.75540
[  2, 23351] loss: 0.52643
[  2, 23401] loss: 0.53647
[  2, 23451] loss: 0.51887
[  2, 23501] loss: 0.38643
[  2, 23551] loss: 0.63257
[  2, 23601] loss: 0.61116
[  2, 23651] loss: 0.57770
[  2, 23701] loss: 0.50994
[  2, 23751] loss: 0.55555
[  2, 23801] loss: 0.70585
[  2, 23851] loss: 0.59054
[  2, 23901] loss: 0.52453
[  2, 23951] loss: 0.62028
[  2, 24001] loss: 0.56198
[  2, 24051] loss: 0.55019
[  2, 24101] loss: 0.53836
[  2, 24151] loss: 0.54727
[  2, 24201] loss: 0.57077
[  2, 24251] loss: 0.47011
[  2, 24301] loss: 0.57964
[  2, 24351] loss: 0.37486
[  2, 24401] loss: 0.51780
[  2, 24451] loss: 0.49540
[  2, 24501] loss: 0.47572
[  2, 24551] loss: 0.57747
[  2, 24601] loss: 0.54104
[  2, 24651] loss: 0.51059
[  2, 24701] loss: 0.43826
[  2, 24751] loss: 0.48739
[  2, 24801] loss: 0.48722
[  2, 24851] loss: 0.63657
[  2, 24901] loss: 0.46277
[  2, 24951] loss: 0.44996
[  3,     1] loss: 0.61374
[  3,    51] loss: 0.51202
[  3,   101] loss: 0.65887
[  3,   151] loss: 0.38304
[  3,   201] loss: 0.47927
[  3,   251] loss: 0.40593
[  3,   301] loss: 0.61052
[  3,   351] loss: 0.46279
[  3,   401] loss: 0.50752
[  3,   451] loss: 0.57104
[  3,   501] loss: 0.57092
[  3,   551] loss: 0.55358
[  3,   601] loss: 0.50448
[  3,   651] loss: 0.59625
[  3,   701] loss: 0.46825
[  3,   751] loss: 0.45853
[  3,   801] loss: 0.52777
[  3,   851] loss: 0.49834
[  3,   901] loss: 0.60470
[  3,   951] loss: 0.56590
[  3,  1001] loss: 0.41443
[  3,  1051] loss: 0.51381
[  3,  1101] loss: 0.47052
[  3,  1151] loss: 0.42564
[  3,  1201] loss: 0.49409
[  3,  1251] loss: 0.54322
[  3,  1301] loss: 0.35052
[  3,  1351] loss: 0.51092
[  3,  1401] loss: 0.36510
[  3,  1451] loss: 0.50964
[  3,  1501] loss: 0.46070
[  3,  1551] loss: 0.43120
[  3,  1601] loss: 0.45793
[  3,  1651] loss: 0.43477
[  3,  1701] loss: 0.57191
[  3,  1751] loss: 0.69689
[  3,  1801] loss: 0.37871
[  3,  1851] loss: 0.66368
[  3,  1901] loss: 0.57066
[  3,  1951] loss: 0.50659
[  3,  2001] loss: 0.48802
[  3,  2051] loss: 0.41462
[  3,  2101] loss: 0.46456
[  3,  2151] loss: 0.63210
[  3,  2201] loss: 0.57008
[  3,  2251] loss: 0.46680
[  3,  2301] loss: 0.68051
[  3,  2351] loss: 0.48673
[  3,  2401] loss: 0.50555
[  3,  2451] loss: 0.49366
[  3,  2501] loss: 0.47463
[  3,  2551] loss: 0.52043
[  3,  2601] loss: 0.37858
[  3,  2651] loss: 0.53573
[  3,  2701] loss: 0.49762
[  3,  2751] loss: 0.54651
[  3,  2801] loss: 0.50959
[  3,  2851] loss: 0.47172
[  3,  2901] loss: 0.49849
[  3,  2951] loss: 0.39226
[  3,  3001] loss: 0.41525
[  3,  3051] loss: 0.52436
[  3,  3101] loss: 0.37367
[  3,  3151] loss: 0.36441
[  3,  3201] loss: 0.74047
[  3,  3251] loss: 0.36267
[  3,  3301] loss: 0.44828
[  3,  3351] loss: 0.49220
[  3,  3401] loss: 0.45463
[  3,  3451] loss: 0.42975
[  3,  3501] loss: 0.53249
[  3,  3551] loss: 0.48259
[  3,  3601] loss: 0.45416
[  3,  3651] loss: 0.49711
[  3,  3701] loss: 0.71095
[  3,  3751] loss: 0.43409
[  3,  3801] loss: 0.37184
[  3,  3851] loss: 0.52329
[  3,  3901] loss: 0.40765
[  3,  3951] loss: 0.44423
[  3,  4001] loss: 0.40052
[  3,  4051] loss: 0.55195
[  3,  4101] loss: 0.53743
[  3,  4151] loss: 0.53618
[  3,  4201] loss: 0.56612
[  3,  4251] loss: 0.64746
[  3,  4301] loss: 0.41467
[  3,  4351] loss: 0.51881
[  3,  4401] loss: 0.65319
[  3,  4451] loss: 0.46735
[  3,  4501] loss: 0.51622
[  3,  4551] loss: 0.59142
[  3,  4601] loss: 0.59676
[  3,  4651] loss: 0.49754
[  3,  4701] loss: 0.48940
[  3,  4751] loss: 0.35246
[  3,  4801] loss: 0.38334
[  3,  4851] loss: 0.50898
[  3,  4901] loss: 0.50821
[  3,  4951] loss: 0.40466
[  3,  5001] loss: 0.50573
[  3,  5051] loss: 0.41576
[  3,  5101] loss: 0.66937
[  3,  5151] loss: 0.55593
[  3,  5201] loss: 0.33541
[  3,  5251] loss: 0.39062
[  3,  5301] loss: 0.61387
[  3,  5351] loss: 0.47462
[  3,  5401] loss: 0.37272
[  3,  5451] loss: 0.50806
[  3,  5501] loss: 0.48585
[  3,  5551] loss: 0.42058
[  3,  5601] loss: 0.33435
[  3,  5651] loss: 0.47245
[  3,  5701] loss: 0.33394
[  3,  5751] loss: 0.52197
[  3,  5801] loss: 0.30099
[  3,  5851] loss: 0.47919
[  3,  5901] loss: 0.51197
[  3,  5951] loss: 0.50789
[  3,  6001] loss: 0.32672
[  3,  6051] loss: 0.45668
[  3,  6101] loss: 0.42176
[  3,  6151] loss: 0.36963
[  3,  6201] loss: 0.39529
[  3,  6251] loss: 0.40278
[  3,  6301] loss: 0.27345
[  3,  6351] loss: 0.34404
[  3,  6401] loss: 0.43788
[  3,  6451] loss: 0.49507
[  3,  6501] loss: 0.56516
[  3,  6551] loss: 0.36747
[  3,  6601] loss: 0.44363
[  3,  6651] loss: 0.44602
[  3,  6701] loss: 0.42048
[  3,  6751] loss: 0.31212
[  3,  6801] loss: 0.34679
[  3,  6851] loss: 0.29981
[  3,  6901] loss: 0.46139
[  3,  6951] loss: 0.51721
[  3,  7001] loss: 0.34048
[  3,  7051] loss: 0.59770
[  3,  7101] loss: 0.37590
[  3,  7151] loss: 0.39431
[  3,  7201] loss: 0.49249
[  3,  7251] loss: 0.33144
[  3,  7301] loss: 0.38242
[  3,  7351] loss: 0.45166
[  3,  7401] loss: 0.37732
[  3,  7451] loss: 0.34164
[  3,  7501] loss: 0.33665
[  3,  7551] loss: 0.32979
[  3,  7601] loss: 0.43469
[  3,  7651] loss: 0.28778
[  3,  7701] loss: 0.43660
[  3,  7751] loss: 0.40158
[  3,  7801] loss: 0.48047
[  3,  7851] loss: 0.32489
[  3,  7901] loss: 0.31555
[  3,  7951] loss: 0.40918
[  3,  8001] loss: 0.31508
[  3,  8051] loss: 0.31943
[  3,  8101] loss: 0.36127
[  3,  8151] loss: 0.35330
[  3,  8201] loss: 0.37001
[  3,  8251] loss: 0.42468
[  3,  8301] loss: 0.59402
[  3,  8351] loss: 0.28059
[  3,  8401] loss: 0.45175
[  3,  8451] loss: 0.28390
[  3,  8501] loss: 0.33251
[  3,  8551] loss: 0.40841
[  3,  8601] loss: 0.40836
[  3,  8651] loss: 0.31144
[  3,  8701] loss: 0.32274
[  3,  8751] loss: 0.37875
[  3,  8801] loss: 0.40745
[  3,  8851] loss: 0.44387
[  3,  8901] loss: 0.34312
[  3,  8951] loss: 0.50547
[  3,  9001] loss: 0.28938
[  3,  9051] loss: 0.31016
[  3,  9101] loss: 0.32247
[  3,  9151] loss: 0.21639
[  3,  9201] loss: 0.30972
[  3,  9251] loss: 0.37974
[  3,  9301] loss: 0.43334
[  3,  9351] loss: 0.50604
[  3,  9401] loss: 0.39512
[  3,  9451] loss: 0.43460
[  3,  9501] loss: 0.22861
[  3,  9551] loss: 0.36356
[  3,  9601] loss: 0.29273
[  3,  9651] loss: 0.44351
[  3,  9701] loss: 0.42188
[  3,  9751] loss: 0.66203
[  3,  9801] loss: 0.35617
[  3,  9851] loss: 0.30762
[  3,  9901] loss: 0.37464
[  3,  9951] loss: 0.34953
[  3, 10001] loss: 0.35449
[  3, 10051] loss: 0.32024
[  3, 10101] loss: 0.24797
[  3, 10151] loss: 0.32211
[  3, 10201] loss: 0.35201
[  3, 10251] loss: 0.25566
[  3, 10301] loss: 0.42085
[  3, 10351] loss: 0.34802
[  3, 10401] loss: 0.23928
[  3, 10451] loss: 0.49051
[  3, 10501] loss: 0.31717
[  3, 10551] loss: 0.30629
[  3, 10601] loss: 0.46282
[  3, 10651] loss: 0.23971
[  3, 10701] loss: 0.21928
[  3, 10751] loss: 0.34485
[  3, 10801] loss: 0.32887
[  3, 10851] loss: 0.28660
[  3, 10901] loss: 0.35972
[  3, 10951] loss: 0.35035
[  3, 11001] loss: 0.34281
[  3, 11051] loss: 0.25298
[  3, 11101] loss: 0.37370
[  3, 11151] loss: 0.18774
[  3, 11201] loss: 0.35644
[  3, 11251] loss: 0.18386
[  3, 11301] loss: 0.21360
[  3, 11351] loss: 0.28446
[  3, 11401] loss: 0.33924
[  3, 11451] loss: 0.19580
[  3, 11501] loss: 0.19203
[  3, 11551] loss: 0.20633
[  3, 11601] loss: 0.18535
[  3, 11651] loss: 0.37356
[  3, 11701] loss: 0.27098
[  3, 11751] loss: 0.26042
[  3, 11801] loss: 0.30772
[  3, 11851] loss: 0.28340
[  3, 11901] loss: 0.28449
[  3, 11951] loss: 0.20509
[  3, 12001] loss: 0.26342
[  3, 12051] loss: 0.17383
[  3, 12101] loss: 0.11257
[  3, 12151] loss: 0.30648
[  3, 12201] loss: 0.23683
[  3, 12251] loss: 0.27023
[  3, 12301] loss: 0.30287
[  3, 12351] loss: 0.22785
[  3, 12401] loss: 0.38947
[  3, 12451] loss: 0.17364
[  3, 12501] loss: 0.20429
[  3, 12551] loss: 0.20370
[  3, 12601] loss: 0.21824
[  3, 12651] loss: 0.20826
[  3, 12701] loss: 0.21871
[  3, 12751] loss: 0.15143
[  3, 12801] loss: 0.15680
[  3, 12851] loss: 0.20202
[  3, 12901] loss: 0.16255
[  3, 12951] loss: 0.18307
[  3, 13001] loss: 0.13513
[  3, 13051] loss: 0.20881
[  3, 13101] loss: 0.15251
[  3, 13151] loss: 0.13735
[  3, 13201] loss: 0.15012
[  3, 13251] loss: 0.21112
[  3, 13301] loss: 0.12900
[  3, 13351] loss: 0.12187
[  3, 13401] loss: 0.32215
[  3, 13451] loss: 0.12717
[  3, 13501] loss: 0.21622
[  3, 13551] loss: 0.22136
[  3, 13601] loss: 0.22381
[  3, 13651] loss: 0.20746
[  3, 13701] loss: 0.23740
[  3, 13751] loss: 0.09837
[  3, 13801] loss: 0.40299
[  3, 13851] loss: 0.19317
[  3, 13901] loss: 0.29661
[  3, 13951] loss: 0.19108
[  3, 14001] loss: 0.21344
[  3, 14051] loss: 0.31610
[  3, 14101] loss: 0.21532
[  3, 14151] loss: 0.13724
[  3, 14201] loss: 0.27971
[  3, 14251] loss: 0.24287
[  3, 14301] loss: 0.12201
[  3, 14351] loss: 0.20606
[  3, 14401] loss: 0.17293
[  3, 14451] loss: 0.15241
[  3, 14501] loss: 0.30336
[  3, 14551] loss: 0.24882
[  3, 14601] loss: 0.18612
[  3, 14651] loss: 0.22028
[  3, 14701] loss: 0.12721
[  3, 14751] loss: 0.14196
[  3, 14801] loss: 0.10619
[  3, 14851] loss: 0.58294
[  3, 14901] loss: 0.12417
[  3, 14951] loss: 0.10621
[  3, 15001] loss: 0.17896
[  3, 15051] loss: 0.12809
[  3, 15101] loss: 0.17139
[  3, 15151] loss: 0.14735
[  3, 15201] loss: 0.11857
[  3, 15251] loss: 0.15423
[  3, 15301] loss: 0.10065
[  3, 15351] loss: 0.12524
[  3, 15401] loss: 0.12081
[  3, 15451] loss: 0.22136
[  3, 15501] loss: 0.24203
[  3, 15551] loss: 0.07583
[  3, 15601] loss: 0.09623
[  3, 15651] loss: 0.23827
[  3, 15701] loss: 0.26288
[  3, 15751] loss: 0.26503
[  3, 15801] loss: 0.18612
[  3, 15851] loss: 0.33479
[  3, 15901] loss: 0.18684
[  3, 15951] loss: 0.18520
[  3, 16001] loss: 0.28384
[  3, 16051] loss: 0.13280
[  3, 16101] loss: 0.39063
[  3, 16151] loss: 0.18301
[  3, 16201] loss: 0.14182
[  3, 16251] loss: 0.07532
[  3, 16301] loss: 0.14819
[  3, 16351] loss: 0.11203
[  3, 16401] loss: 0.18689
[  3, 16451] loss: 0.13907
[  3, 16501] loss: 0.08547
[  3, 16551] loss: 0.10959
[  3, 16601] loss: 0.11452
[  3, 16651] loss: 0.05982
[  3, 16701] loss: 0.08114
[  3, 16751] loss: 0.10027
[  3, 16801] loss: 0.23513
[  3, 16851] loss: 0.11191
[  3, 16901] loss: 0.10358
[  3, 16951] loss: 0.52249
[  3, 17001] loss: 0.09819
[  3, 17051] loss: 0.13964
[  3, 17101] loss: 0.39797
[  3, 17151] loss: 0.15070
[  3, 17201] loss: 0.15143
[  3, 17251] loss: 0.63457
[  3, 17301] loss: 0.19915
[  3, 17351] loss: 0.05540
[  3, 17401] loss: 0.15176
[  3, 17451] loss: 0.24881
[  3, 17501] loss: 0.36664
[  3, 17551] loss: 0.18672
[  3, 17601] loss: 0.08294
[  3, 17651] loss: 0.48530
[  3, 17701] loss: 0.21626
[  3, 17751] loss: 0.21271
[  3, 17801] loss: 0.18471
[  3, 17851] loss: 0.55506
[  3, 17901] loss: 0.32068
[  3, 17951] loss: 0.21832
[  3, 18001] loss: 0.12534
[  3, 18051] loss: 0.56378
[  3, 18101] loss: 0.45388
[  3, 18151] loss: 0.15452
[  3, 18201] loss: 0.26592
[  3, 18251] loss: 0.47352
[  3, 18301] loss: 0.29175
[  3, 18351] loss: 0.22678
[  3, 18401] loss: 0.29791
[  3, 18451] loss: 0.52774
[  3, 18501] loss: 0.52836
[  3, 18551] loss: 0.14901
[  3, 18601] loss: 0.43999
[  3, 18651] loss: 0.51986
[  3, 18701] loss: 0.37826
[  3, 18751] loss: 0.19528
[  3, 18801] loss: 0.38046
[  3, 18851] loss: 0.58921
[  3, 18901] loss: 0.32650
[  3, 18951] loss: 0.23800
[  3, 19001] loss: 0.61628
[  3, 19051] loss: 0.58020
[  3, 19101] loss: 0.24649
[  3, 19151] loss: 0.21232
[  3, 19201] loss: 0.35181
[  3, 19251] loss: 0.28316
[  3, 19301] loss: 0.14417
[  3, 19351] loss: 0.17484
[  3, 19401] loss: 0.20794
[  3, 19451] loss: 0.17843
[  3, 19501] loss: 0.18716
[  3, 19551] loss: 0.12923
[  3, 19601] loss: 0.18921
[  3, 19651] loss: 0.32312
[  3, 19701] loss: 0.12031
[  3, 19751] loss: 0.11557
[  3, 19801] loss: 0.12012
[  3, 19851] loss: 0.19449
[  3, 19901] loss: 0.21680
[  3, 19951] loss: 0.31932
[  3, 20001] loss: 0.28734
[  3, 20051] loss: 0.23693
[  3, 20101] loss: 0.53290
[  3, 20151] loss: 0.30509
[  3, 20201] loss: 0.33410
[  3, 20251] loss: 0.13988
[  3, 20301] loss: 0.33513
[  3, 20351] loss: 0.55052
[  3, 20401] loss: 0.22805
[  3, 20451] loss: 0.18822
[  3, 20501] loss: 0.53243
[  3, 20551] loss: 0.30851
[  3, 20601] loss: 0.20898
[  3, 20651] loss: 0.30338
[  3, 20701] loss: 0.44663
[  3, 20751] loss: 0.28443
[  3, 20801] loss: 0.26217
[  3, 20851] loss: 0.24352
[  3, 20901] loss: 0.55668
[  3, 20951] loss: 0.39691
[  3, 21001] loss: 0.13964
[  3, 21051] loss: 0.44072
[  3, 21101] loss: 0.36867
[  3, 21151] loss: 0.20198
[  3, 21201] loss: 0.07811
[  3, 21251] loss: 0.24940
[  3, 21301] loss: 0.21539
[  3, 21351] loss: 0.23293
[  3, 21401] loss: 0.13296
[  3, 21451] loss: 0.21890
[  3, 21501] loss: 0.24358
[  3, 21551] loss: 0.10013
[  3, 21601] loss: 0.09557
[  3, 21651] loss: 0.09688
[  3, 21701] loss: 0.11967
[  3, 21751] loss: 0.17809
[  3, 21801] loss: 0.16126
[  3, 21851] loss: 0.24376
[  3, 21901] loss: 0.28943
[  3, 21951] loss: 0.20223
[  3, 22001] loss: 0.07780
[  3, 22051] loss: 0.21815
[  3, 22101] loss: 0.24000
[  3, 22151] loss: 0.19335
[  3, 22201] loss: 0.11109
[  3, 22251] loss: 0.24198
[  3, 22301] loss: 0.19776
[  3, 22351] loss: 0.12297
[  3, 22401] loss: 0.32262
[  3, 22451] loss: 0.25954
[  3, 22501] loss: 0.14480
[  3, 22551] loss: 0.23922
[  3, 22601] loss: 0.42725
[  3, 22651] loss: 0.19995
[  3, 22701] loss: 0.11040
[  3, 22751] loss: 0.19521
[  3, 22801] loss: 0.60093
[  3, 22851] loss: 0.11195
[  3, 22901] loss: 0.07606
[  3, 22951] loss: 0.16693
[  3, 23001] loss: 0.26685
[  3, 23051] loss: 0.07192
[  3, 23101] loss: 0.18657
[  3, 23151] loss: 0.13232
[  3, 23201] loss: 0.12220
[  3, 23251] loss: 0.12695
[  3, 23301] loss: 0.20984
[  3, 23351] loss: 0.18550
[  3, 23401] loss: 0.16620
[  3, 23451] loss: 0.19394
[  3, 23501] loss: 0.41190
[  3, 23551] loss: 0.29464
[  3, 23601] loss: 0.40186
[  3, 23651] loss: 0.34799
[  3, 23701] loss: 0.49391
[  3, 23751] loss: 0.24307
[  3, 23801] loss: 0.48536
[  3, 23851] loss: 0.30241
[  3, 23901] loss: 0.17572
[  3, 23951] loss: 0.27181
[  3, 24001] loss: 0.24933
[  3, 24051] loss: 0.36472
[  3, 24101] loss: 0.19884
[  3, 24151] loss: 0.27212
[  3, 24201] loss: 0.16239
[  3, 24251] loss: 0.26483
[  3, 24301] loss: 0.28981
[  3, 24351] loss: 0.11920
[  3, 24401] loss: 0.16418
[  3, 24451] loss: 0.34415
[  3, 24501] loss: 0.23958
[  3, 24551] loss: 0.26014
[  3, 24601] loss: 0.24491
[  3, 24651] loss: 0.16403
[  3, 24701] loss: 0.31111
[  3, 24751] loss: 0.20552
[  3, 24801] loss: 0.11495
[  3, 24851] loss: 0.11828
[  3, 24901] loss: 0.21569
[  3, 24951] loss: 0.20755
[  4,     1] loss: 0.25294
[  4,    51] loss: 0.07643
[  4,   101] loss: 0.10888
[  4,   151] loss: 0.40945
[  4,   201] loss: 0.47755
[  4,   251] loss: 0.17290
[  4,   301] loss: 0.31567
[  4,   351] loss: 0.36743
[  4,   401] loss: 0.41216
[  4,   451] loss: 0.16364
[  4,   501] loss: 0.24343
[  4,   551] loss: 0.43796
[  4,   601] loss: 0.26560
[  4,   651] loss: 0.27452
[  4,   701] loss: 0.10472
[  4,   751] loss: 0.29195
[  4,   801] loss: 0.30603
[  4,   851] loss: 0.16082
[  4,   901] loss: 0.19837
[  4,   951] loss: 0.12329
[  4,  1001] loss: 0.23044
[  4,  1051] loss: 0.19444
[  4,  1101] loss: 0.09277
[  4,  1151] loss: 0.08209
[  4,  1201] loss: 0.14206
[  4,  1251] loss: 0.25993
[  4,  1301] loss: 0.05732
[  4,  1351] loss: 0.06389
[  4,  1401] loss: 0.07463
[  4,  1451] loss: 0.18602
[  4,  1501] loss: 0.16930
[  4,  1551] loss: 0.10646
[  4,  1601] loss: 0.08053
[  4,  1651] loss: 0.11910
[  4,  1701] loss: 0.14048
[  4,  1751] loss: 0.15152
[  4,  1801] loss: 0.24628
[  4,  1851] loss: 0.41295
[  4,  1901] loss: 0.15364
[  4,  1951] loss: 0.15066
[  4,  2001] loss: 0.47480
[  4,  2051] loss: 0.54163
[  4,  2101] loss: 0.13697
[  4,  2151] loss: 0.29057
[  4,  2201] loss: 0.81603
[  4,  2251] loss: 0.54863
[  4,  2301] loss: 0.26570
[  4,  2351] loss: 0.20521
[  4,  2401] loss: 0.42079
[  4,  2451] loss: 0.62881
[  4,  2501] loss: 0.46706
[  4,  2551] loss: 0.15288
[  4,  2601] loss: 0.26715
[  4,  2651] loss: 0.84072
[  4,  2701] loss: 0.35598
[  4,  2751] loss: 0.22528
[  4,  2801] loss: 0.21448
[  4,  2851] loss: 0.33578
[  4,  2901] loss: 0.35737
[  4,  2951] loss: 0.27291
[  4,  3001] loss: 0.21729
[  4,  3051] loss: 0.29457
[  4,  3101] loss: 0.39838
[  4,  3151] loss: 0.41927
[  4,  3201] loss: 0.25321
[  4,  3251] loss: 0.07846
[  4,  3301] loss: 0.38530
[  4,  3351] loss: 0.59249
[  4,  3401] loss: 0.24736
[  4,  3451] loss: 0.11430
[  4,  3501] loss: 0.18298
[  4,  3551] loss: 0.28560
[  4,  3601] loss: 0.30058
[  4,  3651] loss: 0.16282
[  4,  3701] loss: 0.14217
[  4,  3751] loss: 0.17801
[  4,  3801] loss: 0.18023
[  4,  3851] loss: 0.29192
[  4,  3901] loss: 0.19156
[  4,  3951] loss: 0.11845
[  4,  4001] loss: 0.16879
[  4,  4051] loss: 0.09053
[  4,  4101] loss: 0.20871
[  4,  4151] loss: 0.12752
[  4,  4201] loss: 0.21066
[  4,  4251] loss: 0.20903
[  4,  4301] loss: 0.09102
[  4,  4351] loss: 0.19247
[  4,  4401] loss: 0.09061
[  4,  4451] loss: 0.13806
[  4,  4501] loss: 0.23415
[  4,  4551] loss: 0.09954
[  4,  4601] loss: 0.22248
[  4,  4651] loss: 0.12204
[  4,  4701] loss: 0.15003
[  4,  4751] loss: 0.05784
[  4,  4801] loss: 0.09131
[  4,  4851] loss: 0.28076
[  4,  4901] loss: 0.21009
[  4,  4951] loss: 0.11425
[  4,  5001] loss: 0.17610
[  4,  5051] loss: 0.11898
[  4,  5101] loss: 0.29123
[  4,  5151] loss: 0.26408
[  4,  5201] loss: 0.13919
[  4,  5251] loss: 0.22035
[  4,  5301] loss: 0.12610
[  4,  5351] loss: 0.09087
[  4,  5401] loss: 0.17583
[  4,  5451] loss: 0.25229
[  4,  5501] loss: 0.47371
[  4,  5551] loss: 0.10620
[  4,  5601] loss: 0.22563
[  4,  5651] loss: 0.44977
[  4,  5701] loss: 0.28194
[  4,  5751] loss: 0.16087
[  4,  5801] loss: 0.18156
[  4,  5851] loss: 0.40506
[  4,  5901] loss: 0.28516
[  4,  5951] loss: 0.20955
[  4,  6001] loss: 0.12841
[  4,  6051] loss: 0.32130
[  4,  6101] loss: 0.21947
[  4,  6151] loss: 0.24827
[  4,  6201] loss: 0.15112
[  4,  6251] loss: 0.26778
[  4,  6301] loss: 0.17560
[  4,  6351] loss: 0.29175
[  4,  6401] loss: 0.16338
[  4,  6451] loss: 0.12594
[  4,  6501] loss: 0.16768
[  4,  6551] loss: 0.06374
[  4,  6601] loss: 0.07889
[  4,  6651] loss: 0.04826
[  4,  6701] loss: 0.09073
[  4,  6751] loss: 0.17826
[  4,  6801] loss: 0.08724
[  4,  6851] loss: 0.14326
[  4,  6901] loss: 0.06850
[  4,  6951] loss: 0.27900
[  4,  7001] loss: 0.30957
[  4,  7051] loss: 0.63130
[  4,  7101] loss: 0.10822
[  4,  7151] loss: 0.15691
[  4,  7201] loss: 0.47813
[  4,  7251] loss: 0.32637
[  4,  7301] loss: 0.15550
[  4,  7351] loss: 0.05614
[  4,  7401] loss: 0.06830
[  4,  7451] loss: 0.11182
[  4,  7501] loss: 0.10624
[  4,  7551] loss: 0.12447
[  4,  7601] loss: 0.12140
[  4,  7651] loss: 0.09659
[  4,  7701] loss: 0.11848
[  4,  7751] loss: 0.08207
[  4,  7801] loss: 0.16673
[  4,  7851] loss: 0.08683
[  4,  7901] loss: 0.17537
[  4,  7951] loss: 0.06584
[  4,  8001] loss: 0.08439
[  4,  8051] loss: 0.06551
[  4,  8101] loss: 0.04705
[  4,  8151] loss: 0.08221
[  4,  8201] loss: 0.18051
[  4,  8251] loss: 0.12623
[  4,  8301] loss: 0.15060
[  4,  8351] loss: 0.08865
[  4,  8401] loss: 0.17422
[  4,  8451] loss: 0.09386
[  4,  8501] loss: 0.18469
[  4,  8551] loss: 0.09363
[  4,  8601] loss: 0.04963
[  4,  8651] loss: 0.09388
[  4,  8701] loss: 0.33801
[  4,  8751] loss: 0.36384
[  4,  8801] loss: 0.12425
[  4,  8851] loss: 0.17192
[  4,  8901] loss: 0.37257
[  4,  8951] loss: 0.53571
[  4,  9001] loss: 0.06215
[  4,  9051] loss: 0.03892
[  4,  9101] loss: 0.14054
[  4,  9151] loss: 0.23865
[  4,  9201] loss: 0.10299
[  4,  9251] loss: 0.08111
[  4,  9301] loss: 0.07865
[  4,  9351] loss: 0.07729
[  4,  9401] loss: 0.04401
[  4,  9451] loss: 0.05091
[  4,  9501] loss: 0.04425
[  4,  9551] loss: 0.18667
[  4,  9601] loss: 0.44589
[  4,  9651] loss: 0.07469
[  4,  9701] loss: 0.12956
[  4,  9751] loss: 0.59123
[  4,  9801] loss: 0.43432
[  4,  9851] loss: 0.13346
[  4,  9901] loss: 0.26595
[  4,  9951] loss: 0.51202
[  4, 10001] loss: 0.38548
[  4, 10051] loss: 0.13573
[  4, 10101] loss: 0.07107
[  4, 10151] loss: 0.06440
[  4, 10201] loss: 0.13599
[  4, 10251] loss: 0.25531
[  4, 10301] loss: 0.13065
[  4, 10351] loss: 0.28540
[  4, 10401] loss: 0.12239
[  4, 10451] loss: 0.13493
[  4, 10501] loss: 0.16698
[  4, 10551] loss: 0.26897
[  4, 10601] loss: 0.22497
[  4, 10651] loss: 0.20859
[  4, 10701] loss: 0.11327
[  4, 10751] loss: 0.06686
[  4, 10801] loss: 0.24119
[  4, 10851] loss: 0.30735
[  4, 10901] loss: 0.10665
[  4, 10951] loss: 0.07374
[  4, 11001] loss: 0.07860
[  4, 11051] loss: 0.10995
[  4, 11101] loss: 0.06892
[  4, 11151] loss: 0.17079
[  4, 11201] loss: 0.17705
[  4, 11251] loss: 0.13288
[  4, 11301] loss: 0.07412
[  4, 11351] loss: 0.09014
[  4, 11401] loss: 0.09697
[  4, 11451] loss: 0.09177
[  4, 11501] loss: 0.07649
[  4, 11551] loss: 0.03808
[  4, 11601] loss: 0.04885
[  4, 11651] loss: 0.11753
[  4, 11701] loss: 0.16851
[  4, 11751] loss: 0.03083
[  4, 11801] loss: 0.06842
[  4, 11851] loss: 0.09452
[  4, 11901] loss: 0.06879
[  4, 11951] loss: 0.06725
[  4, 12001] loss: 0.05062
[  4, 12051] loss: 0.07057
[  4, 12101] loss: 0.04942
[  4, 12151] loss: 0.06313
[  4, 12201] loss: 0.06515
[  4, 12251] loss: 0.12906
[  4, 12301] loss: 0.07548
[  4, 12351] loss: 0.03399
[  4, 12401] loss: 0.09324
[  4, 12451] loss: 0.06150
[  4, 12501] loss: 0.09561
[  4, 12551] loss: 0.08200
[  4, 12601] loss: 0.02962
[  4, 12651] loss: 0.07153
[  4, 12701] loss: 0.04085
[  4, 12751] loss: 0.06961
[  4, 12801] loss: 0.05882
[  4, 12851] loss: 0.04904
[  4, 12901] loss: 0.02759
[  4, 12951] loss: 0.05578
[  4, 13001] loss: 0.08028
[  4, 13051] loss: 0.03854
[  4, 13101] loss: 0.04323
[  4, 13151] loss: 0.05416
[  4, 13201] loss: 0.08266
[  4, 13251] loss: 0.04496
[  4, 13301] loss: 0.04810
[  4, 13351] loss: 0.05356
[  4, 13401] loss: 0.02582
[  4, 13451] loss: 0.11166
[  4, 13501] loss: 0.03993
[  4, 13551] loss: 0.11741
[  4, 13601] loss: 0.12496
[  4, 13651] loss: 0.05124
[  4, 13701] loss: 0.12260
[  4, 13751] loss: 0.12340
[  4, 13801] loss: 0.09647
[  4, 13851] loss: 0.05546
[  4, 13901] loss: 0.03337
[  4, 13951] loss: 0.09469
[  4, 14001] loss: 0.25737
[  4, 14051] loss: 0.18570
[  4, 14101] loss: 0.13338
[  4, 14151] loss: 0.11526
[  4, 14201] loss: 0.21822
[  4, 14251] loss: 0.27718
[  4, 14301] loss: 0.06194
[  4, 14351] loss: 0.06908
[  4, 14401] loss: 0.06074
[  4, 14451] loss: 0.15231
[  4, 14501] loss: 0.03014
[  4, 14551] loss: 0.11022
[  4, 14601] loss: 0.12368
[  4, 14651] loss: 0.09307
[  4, 14701] loss: 0.04547
[  4, 14751] loss: 0.04973
[  4, 14801] loss: 0.30527
[  4, 14851] loss: 0.59142
[  4, 14901] loss: 0.06980
[  4, 14951] loss: 0.04073
[  4, 15001] loss: 0.16333
[  4, 15051] loss: 0.11069
[  4, 15101] loss: 0.12713
[  4, 15151] loss: 0.17531
[  4, 15201] loss: 0.05192
[  4, 15251] loss: 0.03485
[  4, 15301] loss: 0.03394
[  4, 15351] loss: 0.09173
[  4, 15401] loss: 0.02566
[  4, 15451] loss: 0.02121
[  4, 15501] loss: 0.02231
[  4, 15551] loss: 0.07767
[  4, 15601] loss: 0.09864
[  4, 15651] loss: 0.07165
[  4, 15701] loss: 0.07257
[  4, 15751] loss: 0.07242
[  4, 15801] loss: 0.40821
[  4, 15851] loss: 0.13653
[  4, 15901] loss: 0.07733
[  4, 15951] loss: 0.12175
[  4, 16001] loss: 0.12758
[  4, 16051] loss: 0.43340
[  4, 16101] loss: 0.50894
[  4, 16151] loss: 0.12445
[  4, 16201] loss: 0.06211
[  4, 16251] loss: 0.25782
[  4, 16301] loss: 0.10214
[  4, 16351] loss: 0.06461
[  4, 16401] loss: 0.03508
[  4, 16451] loss: 0.04194
[  4, 16501] loss: 0.06193
[  4, 16551] loss: 0.08459
[  4, 16601] loss: 0.09862
[  4, 16651] loss: 0.05842
[  4, 16701] loss: 0.05593
[  4, 16751] loss: 0.05897
[  4, 16801] loss: 0.09869
[  4, 16851] loss: 0.05183
[  4, 16901] loss: 0.04739
[  4, 16951] loss: 0.05109
[  4, 17001] loss: 0.07380
[  4, 17051] loss: 0.07945
[  4, 17101] loss: 0.02219
[  4, 17151] loss: 0.01873
[  4, 17201] loss: 0.12381
[  4, 17251] loss: 0.35740
[  4, 17301] loss: 0.06919
[  4, 17351] loss: 0.02492
[  4, 17401] loss: 0.20055
[  4, 17451] loss: 0.23104
[  4, 17501] loss: 0.08581
[  4, 17551] loss: 0.04615
[  4, 17601] loss: 0.11973
[  4, 17651] loss: 0.18687
[  4, 17701] loss: 0.29536
[  4, 17751] loss: 0.02513
[  4, 17801] loss: 0.08593
[  4, 17851] loss: 0.41284
[  4, 17901] loss: 0.32650
[  4, 17951] loss: 0.08918
[  4, 18001] loss: 0.04758
[  4, 18051] loss: 0.26642
[  4, 18101] loss: 0.13810
[  4, 18151] loss: 0.03175
[  4, 18201] loss: 0.16168
[  4, 18251] loss: 0.11369
[  4, 18301] loss: 0.13719
[  4, 18351] loss: 0.05280
[  4, 18401] loss: 0.32051
[  4, 18451] loss: 0.25584
[  4, 18501] loss: 0.02512
[  4, 18551] loss: 0.05859
[  4, 18601] loss: 0.27411
[  4, 18651] loss: 0.39481
[  4, 18701] loss: 0.07165
[  4, 18751] loss: 0.02965
[  4, 18801] loss: 0.12039
[  4, 18851] loss: 0.20305
[  4, 18901] loss: 0.06803
[  4, 18951] loss: 0.06060
[  4, 19001] loss: 0.08008
[  4, 19051] loss: 0.02950
[  4, 19101] loss: 0.05201
[  4, 19151] loss: 0.03540
[  4, 19201] loss: 0.17790
[  4, 19251] loss: 0.08736
[  4, 19301] loss: 0.05171
[  4, 19351] loss: 0.17349
[  4, 19401] loss: 0.04425
[  4, 19451] loss: 0.13512
[  4, 19501] loss: 0.10590
[  4, 19551] loss: 0.06613
[  4, 19601] loss: 0.02204
[  4, 19651] loss: 0.09601
[  4, 19701] loss: 0.03020
[  4, 19751] loss: 0.08852
[  4, 19801] loss: 0.03340
[  4, 19851] loss: 0.08223
[  4, 19901] loss: 0.02489
[  4, 19951] loss: 0.07594
[  4, 20001] loss: 0.05182
[  4, 20051] loss: 0.04532
[  4, 20101] loss: 0.22883
[  4, 20151] loss: 0.13447
[  4, 20201] loss: 0.26222
[  4, 20251] loss: 0.09906
[  4, 20301] loss: 0.17832
[  4, 20351] loss: 0.03595
[  4, 20401] loss: 0.03172
[  4, 20451] loss: 0.31551
[  4, 20501] loss: 0.31388
[  4, 20551] loss: 0.19114
[  4, 20601] loss: 0.03775
[  4, 20651] loss: 0.19841
[  4, 20701] loss: 0.22541
[  4, 20751] loss: 0.10164
[  4, 20801] loss: 0.07485
[  4, 20851] loss: 0.13588
[  4, 20901] loss: 0.13971
[  4, 20951] loss: 0.16852
[  4, 21001] loss: 0.03294
[  4, 21051] loss: 0.09977
[  4, 21101] loss: 0.08085
[  4, 21151] loss: 0.02943
[  4, 21201] loss: 0.07408
[  4, 21251] loss: 0.08984
[  4, 21301] loss: 0.05044
[  4, 21351] loss: 0.06142
[  4, 21401] loss: 0.04750
[  4, 21451] loss: 0.29933
[  4, 21501] loss: 0.19551
[  4, 21551] loss: 0.02613
[  4, 21601] loss: 0.03067
[  4, 21651] loss: 0.30941
[  4, 21701] loss: 0.20545
[  4, 21751] loss: 0.10288
[  4, 21801] loss: 0.08124
[  4, 21851] loss: 0.03860
[  4, 21901] loss: 0.15465
[  4, 21951] loss: 0.33822
[  4, 22001] loss: 0.41059
[  4, 22051] loss: 0.06504
[  4, 22101] loss: 0.04903
[  4, 22151] loss: 0.07608
[  4, 22201] loss: 0.85576
[  4, 22251] loss: 0.36235
[  4, 22301] loss: 0.06025
[  4, 22351] loss: 0.04381
[  4, 22401] loss: 0.29500
[  4, 22451] loss: 0.38940
[  4, 22501] loss: 0.17772
[  4, 22551] loss: 0.04915
[  4, 22601] loss: 0.09822
[  4, 22651] loss: 0.04547
[  4, 22701] loss: 0.07809
[  4, 22751] loss: 0.03350
[  4, 22801] loss: 0.10915
[  4, 22851] loss: 0.04000
[  4, 22901] loss: 0.25124
[  4, 22951] loss: 0.21124
[  4, 23001] loss: 0.07607
[  4, 23051] loss: 0.04341
[  4, 23101] loss: 0.05676
[  4, 23151] loss: 0.44913
[  4, 23201] loss: 0.45954
[  4, 23251] loss: 0.14181
[  4, 23301] loss: 0.05485
[  4, 23351] loss: 0.05162
[  4, 23401] loss: 0.13915
[  4, 23451] loss: 0.25264
[  4, 23501] loss: 0.22944
[  4, 23551] loss: 0.38048
[  4, 23601] loss: 0.34208
[  4, 23651] loss: 0.05391
[  4, 23701] loss: 0.15292
[  4, 23751] loss: 0.87716
[  4, 23801] loss: 0.94480
[  4, 23851] loss: 0.45676
[  4, 23901] loss: 0.05344
[  4, 23951] loss: 0.61858
[  4, 24001] loss: 0.55290
[  4, 24051] loss: 0.19038
[  4, 24101] loss: 0.10038
[  4, 24151] loss: 0.10942
[  4, 24201] loss: 0.21431
[  4, 24251] loss: 0.37243
[  4, 24301] loss: 0.18830
[  4, 24351] loss: 0.09621
[  4, 24401] loss: 0.13683
[  4, 24451] loss: 0.20613
[  4, 24501] loss: 0.24908
[  4, 24551] loss: 0.20952
[  4, 24601] loss: 0.21739
[  4, 24651] loss: 0.23362
[  4, 24701] loss: 0.20812
[  4, 24751] loss: 0.14244
[  4, 24801] loss: 0.12059
[  4, 24851] loss: 0.17667
[  4, 24901] loss: 0.25585
[  4, 24951] loss: 0.19425
[  5,     1] loss: 0.12424
[  5,    51] loss: 0.09948
[  5,   101] loss: 0.19774
[  5,   151] loss: 0.19078
[  5,   201] loss: 0.09466
[  5,   251] loss: 0.11615
[  5,   301] loss: 0.16063
[  5,   351] loss: 0.12594
[  5,   401] loss: 0.11027
[  5,   451] loss: 0.11492
[  5,   501] loss: 0.11765
[  5,   551] loss: 0.18165
[  5,   601] loss: 0.16748
[  5,   651] loss: 0.18461
[  5,   701] loss: 0.10115
[  5,   751] loss: 0.11640
[  5,   801] loss: 0.18943
[  5,   851] loss: 0.09776
[  5,   901] loss: 0.05690
[  5,   951] loss: 0.08260
[  5,  1001] loss: 0.07175
[  5,  1051] loss: 0.09883
[  5,  1101] loss: 0.05053
[  5,  1151] loss: 0.05712
[  5,  1201] loss: 0.05242
[  5,  1251] loss: 0.09033
[  5,  1301] loss: 0.05095
[  5,  1351] loss: 0.06353
[  5,  1401] loss: 0.03047
[  5,  1451] loss: 0.05706
[  5,  1501] loss: 0.12898
[  5,  1551] loss: 0.08376
[  5,  1601] loss: 0.04194
[  5,  1651] loss: 0.02843
[  5,  1701] loss: 0.10079
[  5,  1751] loss: 0.07324
[  5,  1801] loss: 0.09471
[  5,  1851] loss: 0.03760
[  5,  1901] loss: 0.10921
[  5,  1951] loss: 0.05865
[  5,  2001] loss: 0.03196
[  5,  2051] loss: 0.01911
[  5,  2101] loss: 0.02324
[  5,  2151] loss: 0.24172
[  5,  2201] loss: 0.09207
[  5,  2251] loss: 0.02034
[  5,  2301] loss: 0.05882
[  5,  2351] loss: 0.44990
[  5,  2401] loss: 0.57393
[  5,  2451] loss: 0.13411
[  5,  2501] loss: 0.07189
[  5,  2551] loss: 0.55990
[  5,  2601] loss: 1.05140
[  5,  2651] loss: 0.29363
[  5,  2701] loss: 0.05398
[  5,  2751] loss: 0.20560
[  5,  2801] loss: 1.22616
[  5,  2851] loss: 0.83242
[  5,  2901] loss: 0.22985
[  5,  2951] loss: 0.09038
[  5,  3001] loss: 0.38351
[  5,  3051] loss: 0.73667
[  5,  3101] loss: 0.52941
[  5,  3151] loss: 0.32660
[  5,  3201] loss: 0.43031
[  5,  3251] loss: 0.27959
[  5,  3301] loss: 0.26558
[  5,  3351] loss: 0.28829
[  5,  3401] loss: 0.29796
[  5,  3451] loss: 0.28735
[  5,  3501] loss: 0.21916
[  5,  3551] loss: 0.17716
[  5,  3601] loss: 0.33492
[  5,  3651] loss: 0.19609
[  5,  3701] loss: 0.16095
[  5,  3751] loss: 0.14718
[  5,  3801] loss: 0.15436
[  5,  3851] loss: 0.19726
[  5,  3901] loss: 0.15757
[  5,  3951] loss: 0.19191
[  5,  4001] loss: 0.12207
[  5,  4051] loss: 0.18426
[  5,  4101] loss: 0.35043
[  5,  4151] loss: 0.28139
[  5,  4201] loss: 0.23459
[  5,  4251] loss: 0.12535
[  5,  4301] loss: 0.16574
[  5,  4351] loss: 0.08328
[  5,  4401] loss: 0.14912
[  5,  4451] loss: 0.15946
[  5,  4501] loss: 0.14268
[  5,  4551] loss: 0.19748
[  5,  4601] loss: 0.13751
[  5,  4651] loss: 0.13447
[  5,  4701] loss: 0.07857
[  5,  4751] loss: 0.06422
[  5,  4801] loss: 0.08194
[  5,  4851] loss: 0.08799
[  5,  4901] loss: 0.19144
[  5,  4951] loss: 0.08294
[  5,  5001] loss: 0.12622
[  5,  5051] loss: 0.08080
[  5,  5101] loss: 0.22262
[  5,  5151] loss: 0.12679
[  5,  5201] loss: 0.05760
[  5,  5251] loss: 0.04920
[  5,  5301] loss: 0.12972
[  5,  5351] loss: 0.07237
[  5,  5401] loss: 0.10240
[  5,  5451] loss: 0.05759
[  5,  5501] loss: 0.06733
[  5,  5551] loss: 0.29788
[  5,  5601] loss: 0.18527
[  5,  5651] loss: 0.13365
[  5,  5701] loss: 0.04016
[  5,  5751] loss: 0.19283
[  5,  5801] loss: 0.20016
[  5,  5851] loss: 0.16546
[  5,  5901] loss: 0.09230
[  5,  5951] loss: 0.06686
[  5,  6001] loss: 0.05821
[  5,  6051] loss: 0.07854
[  5,  6101] loss: 0.16090
[  5,  6151] loss: 0.06963
[  5,  6201] loss: 0.14048
[  5,  6251] loss: 0.20145
[  5,  6301] loss: 0.05110
[  5,  6351] loss: 0.03790
[  5,  6401] loss: 0.40084
[  5,  6451] loss: 0.06466
[  5,  6501] loss: 0.06547
[  5,  6551] loss: 0.12257
[  5,  6601] loss: 0.09030
[  5,  6651] loss: 0.03155
[  5,  6701] loss: 0.05438
[  5,  6751] loss: 0.06409
[  5,  6801] loss: 0.06424
[  5,  6851] loss: 0.08858
[  5,  6901] loss: 0.13256
[  5,  6951] loss: 0.21604
[  5,  7001] loss: 0.04967
[  5,  7051] loss: 0.01274
[  5,  7101] loss: 0.23617
[  5,  7151] loss: 0.56260
[  5,  7201] loss: 0.28515
[  5,  7251] loss: 0.08174
[  5,  7301] loss: 0.04523
[  5,  7351] loss: 0.48813
[  5,  7401] loss: 0.62574
[  5,  7451] loss: 0.43713
[  5,  7501] loss: 0.06432
[  5,  7551] loss: 0.04838
[  5,  7601] loss: 0.11883
[  5,  7651] loss: 0.68033
[  5,  7701] loss: 0.95672
[  5,  7751] loss: 0.18926
[  5,  7801] loss: 0.09123
[  5,  7851] loss: 0.17560
[  5,  7901] loss: 0.52696
[  5,  7951] loss: 0.59405
[  5,  8001] loss: 0.32906
[  5,  8051] loss: 0.18167
[  5,  8101] loss: 0.10732
[  5,  8151] loss: 0.14558
[  5,  8201] loss: 0.23223
[  5,  8251] loss: 0.17755
[  5,  8301] loss: 0.21196
[  5,  8351] loss: 0.07393
[  5,  8401] loss: 0.15779
[  5,  8451] loss: 0.08656
[  5,  8501] loss: 0.04327
[  5,  8551] loss: 0.09841
[  5,  8601] loss: 0.13897
[  5,  8651] loss: 0.06275
[  5,  8701] loss: 0.08280
[  5,  8751] loss: 0.09229
[  5,  8801] loss: 0.10275
[  5,  8851] loss: 0.18746
[  5,  8901] loss: 0.08628
[  5,  8951] loss: 0.02855
[  5,  9001] loss: 0.05783
[  5,  9051] loss: 0.26329
[  5,  9101] loss: 0.12603
[  5,  9151] loss: 0.17031
[  5,  9201] loss: 0.13165
[  5,  9251] loss: 0.06719
[  5,  9301] loss: 0.07434
[  5,  9351] loss: 0.15741
[  5,  9401] loss: 0.42833
[  5,  9451] loss: 0.12727
[  5,  9501] loss: 0.04862
[  5,  9551] loss: 0.04619
[  5,  9601] loss: 0.09426
[  5,  9651] loss: 0.07390
[  5,  9701] loss: 0.28161
[  5,  9751] loss: 0.32334
[  5,  9801] loss: 0.11222
[  5,  9851] loss: 0.09333
[  5,  9901] loss: 0.08702
[  5,  9951] loss: 0.10886
[  5, 10001] loss: 0.22346
[  5, 10051] loss: 0.14497
[  5, 10101] loss: 0.07557
[  5, 10151] loss: 0.16767
[  5, 10201] loss: 0.26453
[  5, 10251] loss: 0.06273
[  5, 10301] loss: 0.09120
[  5, 10351] loss: 0.05563
[  5, 10401] loss: 0.04553
[  5, 10451] loss: 0.63827
[  5, 10501] loss: 0.24704
[  5, 10551] loss: 0.06863
[  5, 10601] loss: 0.03732
[  5, 10651] loss: 0.03310
[  5, 10701] loss: 0.07483
[  5, 10751] loss: 0.13137
[  5, 10801] loss: 0.14902
[  5, 10851] loss: 0.11074
[  5, 10901] loss: 0.04848
[  5, 10951] loss: 0.04046
[  5, 11001] loss: 0.04521
[  5, 11051] loss: 0.05601
[  5, 11101] loss: 0.16518
[  5, 11151] loss: 0.41505
[  5, 11201] loss: 0.06174
[  5, 11251] loss: 0.01622
[  5, 11301] loss: 0.04282
[  5, 11351] loss: 0.08852
[  5, 11401] loss: 0.04615
[  5, 11451] loss: 0.06309
[  5, 11501] loss: 0.05208
[  5, 11551] loss: 0.03279
[  5, 11601] loss: 0.04460
[  5, 11651] loss: 0.05833
[  5, 11701] loss: 0.12790
[  5, 11751] loss: 0.04577
[  5, 11801] loss: 0.04114
[  5, 11851] loss: 0.04282
[  5, 11901] loss: 0.04069
[  5, 11951] loss: 0.04845
[  5, 12001] loss: 0.01539
[  5, 12051] loss: 0.04588
[  5, 12101] loss: 0.07739
[  5, 12151] loss: 0.04207
[  5, 12201] loss: 0.02127
[  5, 12251] loss: 0.05503
[  5, 12301] loss: 0.03523
[  5, 12351] loss: 0.12643
[  5, 12401] loss: 0.02093
[  5, 12451] loss: 0.05069
[  5, 12501] loss: 0.03409
[  5, 12551] loss: 0.06093
[  5, 12601] loss: 0.02702
[  5, 12651] loss: 0.22678
[  5, 12701] loss: 0.01542
[  5, 12751] loss: 0.01619
[  5, 12801] loss: 0.08587
[  5, 12851] loss: 0.01972
[  5, 12901] loss: 0.06224
[  5, 12951] loss: 0.01034
[  5, 13001] loss: 0.03672
[  5, 13051] loss: 0.01823
[  5, 13101] loss: 0.16729
[  5, 13151] loss: 0.02179
[  5, 13201] loss: 0.02467
[  5, 13251] loss: 0.02894
[  5, 13301] loss: 0.07094
[  5, 13351] loss: 0.00809
[  5, 13401] loss: 0.10482
[  5, 13451] loss: 0.06773
[  5, 13501] loss: 0.01506
[  5, 13551] loss: 0.04730
[  5, 13601] loss: 0.02151
[  5, 13651] loss: 0.04188
[  5, 13701] loss: 0.04438
[  5, 13751] loss: 0.02669
[  5, 13801] loss: 0.10040
[  5, 13851] loss: 0.11993
[  5, 13901] loss: 0.05622
[  5, 13951] loss: 0.02789
[  5, 14001] loss: 0.01488
[  5, 14051] loss: 0.01135
[  5, 14101] loss: 0.27747
[  5, 14151] loss: 0.07937
[  5, 14201] loss: 0.07823
[  5, 14251] loss: 0.04984
[  5, 14301] loss: 0.04445
[  5, 14351] loss: 0.03435
[  5, 14401] loss: 0.11087
[  5, 14451] loss: 0.05483
[  5, 14501] loss: 0.16812
[  5, 14551] loss: 0.03747
[  5, 14601] loss: 0.01771
[  5, 14651] loss: 0.03328
[  5, 14701] loss: 0.07243
[  5, 14751] loss: 0.12593
[  5, 14801] loss: 0.02926
[  5, 14851] loss: 0.22429
[  5, 14901] loss: 0.02760
[  5, 14951] loss: 0.02325
[  5, 15001] loss: 0.01896
[  5, 15051] loss: 0.03917
[  5, 15101] loss: 0.02494
[  5, 15151] loss: 0.11670
[  5, 15201] loss: 0.07085
[  5, 15251] loss: 0.03902
[  5, 15301] loss: 0.01992
[  5, 15351] loss: 0.01157
[  5, 15401] loss: 0.07549
[  5, 15451] loss: 0.04913
[  5, 15501] loss: 0.06549
[  5, 15551] loss: 0.02885
[  5, 15601] loss: 0.04118
[  5, 15651] loss: 0.06969
[  5, 15701] loss: 0.14941
[  5, 15751] loss: 0.07214
[  5, 15801] loss: 0.02540
[  5, 15851] loss: 0.02039
[  5, 15901] loss: 0.04322
[  5, 15951] loss: 0.19572
[  5, 16001] loss: 0.30147
[  5, 16051] loss: 0.03124
[  5, 16101] loss: 0.05826
[  5, 16151] loss: 0.04138
[  5, 16201] loss: 0.04623
[  5, 16251] loss: 0.03811
[  5, 16301] loss: 0.05667
[  5, 16351] loss: 0.05694
[  5, 16401] loss: 0.02552
[  5, 16451] loss: 0.01656
[  5, 16501] loss: 0.01904
[  5, 16551] loss: 0.07634
[  5, 16601] loss: 0.04745
[  5, 16651] loss: 0.01524
[  5, 16701] loss: 0.02723
[  5, 16751] loss: 0.02204
[  5, 16801] loss: 0.08380
[  5, 16851] loss: 0.03915
[  5, 16901] loss: 0.08656
[  5, 16951] loss: 0.02953
[  5, 17001] loss: 0.03514
[  5, 17051] loss: 0.06046
[  5, 17101] loss: 0.09101
[  5, 17151] loss: 0.03734
[  5, 17201] loss: 0.03028
[  5, 17251] loss: 0.01624
[  5, 17301] loss: 0.01380
[  5, 17351] loss: 0.06116
[  5, 17401] loss: 0.13379
[  5, 17451] loss: 0.02577
[  5, 17501] loss: 0.01063
[  5, 17551] loss: 0.01449
[  5, 17601] loss: 0.02007
[  5, 17651] loss: 0.00556
[  5, 17701] loss: 0.00470
[  5, 17751] loss: 0.02309
[  5, 17801] loss: 0.02606
[  5, 17851] loss: 0.34088
[  5, 17901] loss: 0.00766
[  5, 17951] loss: 0.01233
[  5, 18001] loss: 0.02457
[  5, 18051] loss: 0.03514
[  5, 18101] loss: 0.02120
[  5, 18151] loss: 0.03071
[  5, 18201] loss: 0.00961
[  5, 18251] loss: 0.00458
[  5, 18301] loss: 0.00598
[  5, 18351] loss: 0.02333
[  5, 18401] loss: 0.00840
[  5, 18451] loss: 0.03310
[  5, 18501] loss: 0.01186
[  5, 18551] loss: 0.04617
[  5, 18601] loss: 0.01573
[  5, 18651] loss: 0.20016
[  5, 18701] loss: 0.00823
[  5, 18751] loss: 0.05224
[  5, 18801] loss: 0.00692
[  5, 18851] loss: 0.01454
[  5, 18901] loss: 0.02092
[  5, 18951] loss: 0.08429
[  5, 19001] loss: 0.07780
[  5, 19051] loss: 0.02696
[  5, 19101] loss: 0.04069
[  5, 19151] loss: 0.03011
[  5, 19201] loss: 0.05143
[  5, 19251] loss: 0.02350
[  5, 19301] loss: 0.12812
[  5, 19351] loss: 0.25563
[  5, 19401] loss: 0.03324
[  5, 19451] loss: 0.04082
[  5, 19501] loss: 0.02483
[  5, 19551] loss: 0.15396
[  5, 19601] loss: 0.11124
[  5, 19651] loss: 0.17973
[  5, 19701] loss: 0.04379
[  5, 19751] loss: 0.01891
[  5, 19801] loss: 0.02816
[  5, 19851] loss: 0.04121
[  5, 19901] loss: 0.08143
[  5, 19951] loss: 0.18562
[  5, 20001] loss: 0.08100
[  5, 20051] loss: 0.09615
[  5, 20101] loss: 0.16129
[  5, 20151] loss: 0.12787
[  5, 20201] loss: 0.15953
[  5, 20251] loss: 0.18354
[  5, 20301] loss: 0.31780
[  5, 20351] loss: 0.14831
[  5, 20401] loss: 0.06163
[  5, 20451] loss: 0.01788
[  5, 20501] loss: 0.01602
[  5, 20551] loss: 0.10547
[  5, 20601] loss: 0.77171
[  5, 20651] loss: 0.10222
[  5, 20701] loss: 0.03359
[  5, 20751] loss: 0.03593
[  5, 20801] loss: 0.08777
[  5, 20851] loss: 0.06422
[  5, 20901] loss: 0.03541
[  5, 20951] loss: 0.18714
[  5, 21001] loss: 0.30938
[  5, 21051] loss: 0.07812
[  5, 21101] loss: 0.01696
[  5, 21151] loss: 0.03019
[  5, 21201] loss: 0.10146
[  5, 21251] loss: 0.13624
[  5, 21301] loss: 0.26039
[  5, 21351] loss: 0.16745
[  5, 21401] loss: 0.04464
[  5, 21451] loss: 0.01485
[  5, 21501] loss: 0.11252
[  5, 21551] loss: 0.30982
[  5, 21601] loss: 0.40542
[  5, 21651] loss: 0.13658
[  5, 21701] loss: 0.02481
[  5, 21751] loss: 0.07090
[  5, 21801] loss: 0.44334
[  5, 21851] loss: 1.21118
[  5, 21901] loss: 0.36257
[  5, 21951] loss: 0.07147
[  5, 22001] loss: 0.05506
[  5, 22051] loss: 1.07820
[  5, 22101] loss: 1.49574
[  5, 22151] loss: 0.68397
[  5, 22201] loss: 0.05210
[  5, 22251] loss: 0.03278
[  5, 22301] loss: 0.60149
[  5, 22351] loss: 1.19342
[  5, 22401] loss: 0.66126
[  5, 22451] loss: 0.45127
[  5, 22501] loss: 0.27894
[  5, 22551] loss: 0.20702
[  5, 22601] loss: 0.23097
[  5, 22651] loss: 0.33298
[  5, 22701] loss: 0.72035
[  5, 22751] loss: 0.48062
[  5, 22801] loss: 0.42054
[  5, 22851] loss: 0.35215
[  5, 22901] loss: 0.23034
[  5, 22951] loss: 0.23298
[  5, 23001] loss: 0.53832
[  5, 23051] loss: 0.50742
[  5, 23101] loss: 0.48062
[  5, 23151] loss: 0.16857
[  5, 23201] loss: 0.13332
[  5, 23251] loss: 0.20059
[  5, 23301] loss: 0.44968
[  5, 23351] loss: 0.62779
[  5, 23401] loss: 0.41706
[  5, 23451] loss: 0.29032
[  5, 23501] loss: 0.14866
[  5, 23551] loss: 0.15420
[  5, 23601] loss: 0.35754
[  5, 23651] loss: 0.72624
[  5, 23701] loss: 0.76570
[  5, 23751] loss: 0.45814
[  5, 23801] loss: 0.19277
[  5, 23851] loss: 0.03513
[  5, 23901] loss: 0.38053
[  5, 23951] loss: 0.25508
[  5, 24001] loss: 0.38267
[  5, 24051] loss: 0.25323
[  5, 24101] loss: 0.12500
[  5, 24151] loss: 0.13312
[  5, 24201] loss: 0.15277
[  5, 24251] loss: 0.13222
[  5, 24301] loss: 0.36006
[  5, 24351] loss: 0.26028
[  5, 24401] loss: 0.14257
[  5, 24451] loss: 0.10127
[  5, 24501] loss: 0.08689
[  5, 24551] loss: 0.16253
[  5, 24601] loss: 0.23733
[  5, 24651] loss: 0.13090
[  5, 24701] loss: 0.08528
[  5, 24751] loss: 0.13145
[  5, 24801] loss: 0.19967
[  5, 24851] loss: 0.11785
[  5, 24901] loss: 0.07896
[  5, 24951] loss: 0.07245
Finished training
Accuracy on train: 0.96556
Accuracy on test: 0.59770
