{'word_context': 29, 'word_embed_size': 100, 'word_conv_units': 300, 'hidden_units': 1000, 'drop_amount': 0.2, 'dropout': True, 'batch_size': 50}
train set done
test set done
<bound method MixedNet.parameters of MixedNet (
  (W_wrd): DataParallel (
    (module): Embedding(89528, 100)
  )
  (word_level_conv): DataParallel (
    (module): Conv2d(1, 300, kernel_size=(100, 29), stride=(1, 1), padding=(0, 14))
  )
  (word_level_maxpool): DataParallel (
    (module): AdaptiveMaxPool2d (output_size=(300, 1))
  )
  (fc1): DataParallel (
    (module): Linear (300 -> 1000)
  )
  (fc2): DataParallel (
    (module): Linear (1000 -> 2)
  )
  (dropout): DataParallel (
    (module): Dropout (p = 0.2)
  )
)>
[  1,     1] loss: 0.70462
[  1,    51] loss: 2.18788
[  1,   101] loss: 1.35136
[  1,   151] loss: 0.95626
[  1,   201] loss: 1.23390
[  1,   251] loss: 0.78581
[  1,   301] loss: 0.73050
[  1,   351] loss: 0.83414
[  1,   401] loss: 0.70792
[  1,   451] loss: 0.82543
[  1,   501] loss: 0.80175
[  1,   551] loss: 0.72336
[  1,   601] loss: 0.76901
[  1,   651] loss: 0.79598
[  1,   701] loss: 0.83745
[  1,   751] loss: 0.72756
[  1,   801] loss: 0.72237
[  1,   851] loss: 0.65292
[  1,   901] loss: 0.85884
[  1,   951] loss: 0.75781
[  1,  1001] loss: 0.77693
[  1,  1051] loss: 0.67881
[  1,  1101] loss: 0.70840
[  1,  1151] loss: 0.73732
[  1,  1201] loss: 0.72147
[  1,  1251] loss: 0.68262
[  1,  1301] loss: 0.69058
[  1,  1351] loss: 0.66097
[  1,  1401] loss: 0.72451
[  1,  1451] loss: 0.63047
[  1,  1501] loss: 0.70863
[  1,  1551] loss: 0.85589
[  1,  1601] loss: 0.65377
[  1,  1651] loss: 0.67143
[  1,  1701] loss: 0.74485
[  1,  1751] loss: 0.65447
[  1,  1801] loss: 0.71037
[  1,  1851] loss: 0.73544
[  1,  1901] loss: 0.68258
[  1,  1951] loss: 0.65995
[  1,  2001] loss: 0.66509
[  1,  2051] loss: 0.68677
[  1,  2101] loss: 0.75012
[  1,  2151] loss: 0.73978
[  1,  2201] loss: 0.66983
[  1,  2251] loss: 0.69515
[  1,  2301] loss: 0.73681
[  1,  2351] loss: 0.72257
[  1,  2401] loss: 0.76279
[  1,  2451] loss: 0.65217
[  1,  2501] loss: 0.66206
[  1,  2551] loss: 0.72142
[  1,  2601] loss: 0.72759
[  1,  2651] loss: 0.71872
[  1,  2701] loss: 0.72630
[  1,  2751] loss: 0.67388
[  1,  2801] loss: 0.67007
[  1,  2851] loss: 0.84608
[  1,  2901] loss: 0.68908
[  1,  2951] loss: 0.73347
[  1,  3001] loss: 0.67806
[  1,  3051] loss: 0.64313
[  1,  3101] loss: 0.68546
[  1,  3151] loss: 0.72421
[  1,  3201] loss: 0.71066
[  1,  3251] loss: 0.67103
[  1,  3301] loss: 0.67811
[  1,  3351] loss: 0.68971
[  1,  3401] loss: 0.65709
[  1,  3451] loss: 0.69566
[  1,  3501] loss: 0.70927
[  1,  3551] loss: 0.65658
[  1,  3601] loss: 0.65504
[  1,  3651] loss: 0.71911
[  1,  3701] loss: 0.66590
[  1,  3751] loss: 0.68184
[  1,  3801] loss: 0.72558
[  1,  3851] loss: 0.66228
[  1,  3901] loss: 0.68291
[  1,  3951] loss: 0.68230
[  1,  4001] loss: 0.71493
[  1,  4051] loss: 0.66459
[  1,  4101] loss: 0.65348
[  1,  4151] loss: 0.68016
[  1,  4201] loss: 0.65010
[  1,  4251] loss: 0.66462
[  1,  4301] loss: 0.68877
[  1,  4351] loss: 0.71758
[  1,  4401] loss: 0.65941
[  1,  4451] loss: 0.70049
[  1,  4501] loss: 0.66373
[  1,  4551] loss: 0.66252
[  1,  4601] loss: 0.66263
[  1,  4651] loss: 0.69112
[  1,  4701] loss: 0.67891
[  1,  4751] loss: 0.70364
[  1,  4801] loss: 0.67807
[  1,  4851] loss: 0.71131
[  1,  4901] loss: 0.69642
[  1,  4951] loss: 0.66457
[  1,  5001] loss: 0.69641
[  1,  5051] loss: 0.69086
[  1,  5101] loss: 0.79852
[  1,  5151] loss: 0.66499
[  1,  5201] loss: 0.65197
[  1,  5251] loss: 0.65549
[  1,  5301] loss: 0.66960
[  1,  5351] loss: 0.67101
[  1,  5401] loss: 0.72817
[  1,  5451] loss: 0.63608
[  1,  5501] loss: 0.72114
[  1,  5551] loss: 0.65757
[  1,  5601] loss: 0.68761
[  1,  5651] loss: 0.68686
[  1,  5701] loss: 0.65226
[  1,  5751] loss: 0.67245
[  1,  5801] loss: 0.65843
[  1,  5851] loss: 0.65283
[  1,  5901] loss: 0.68575
[  1,  5951] loss: 0.67635
[  1,  6001] loss: 0.65441
[  1,  6051] loss: 0.66060
[  1,  6101] loss: 0.71326
[  1,  6151] loss: 0.65891
[  1,  6201] loss: 0.60295
[  1,  6251] loss: 0.75135
[  1,  6301] loss: 0.66297
[  1,  6351] loss: 0.69035
[  1,  6401] loss: 0.67951
[  1,  6451] loss: 0.64947
[  1,  6501] loss: 0.64528
[  1,  6551] loss: 0.70404
[  1,  6601] loss: 0.66827
[  1,  6651] loss: 0.59186
[  1,  6701] loss: 0.75327
[  1,  6751] loss: 0.73414
[  1,  6801] loss: 0.65580
[  1,  6851] loss: 0.60849
[  1,  6901] loss: 0.71347
[  1,  6951] loss: 0.83300
[  1,  7001] loss: 0.75319
[  1,  7051] loss: 0.69293
[  1,  7101] loss: 0.69447
[  1,  7151] loss: 0.77171
[  1,  7201] loss: 0.76934
[  1,  7251] loss: 0.65858
[  1,  7301] loss: 0.67225
[  1,  7351] loss: 0.65661
[  1,  7401] loss: 0.72639
[  1,  7451] loss: 0.61638
[  1,  7501] loss: 0.61400
[  1,  7551] loss: 0.62649
[  1,  7601] loss: 0.67739
[  1,  7651] loss: 0.61500
[  1,  7701] loss: 0.73293
[  1,  7751] loss: 0.67716
[  1,  7801] loss: 0.61276
[  1,  7851] loss: 0.64328
[  1,  7901] loss: 0.70590
[  1,  7951] loss: 0.69379
[  1,  8001] loss: 0.62660
[  1,  8051] loss: 0.62262
[  1,  8101] loss: 0.77465
[  1,  8151] loss: 0.76714
[  1,  8201] loss: 0.64151
[  1,  8251] loss: 0.63996
[  1,  8301] loss: 0.64301
[  1,  8351] loss: 0.66662
[  1,  8401] loss: 0.60740
[  1,  8451] loss: 0.67064
[  1,  8501] loss: 0.63655
[  1,  8551] loss: 0.62836
[  1,  8601] loss: 0.66205
[  1,  8651] loss: 0.61147
[  1,  8701] loss: 0.66447
[  1,  8751] loss: 0.60310
[  1,  8801] loss: 0.63387
[  1,  8851] loss: 0.61087
[  1,  8901] loss: 0.66268
[  1,  8951] loss: 0.71147
[  1,  9001] loss: 0.64524
[  1,  9051] loss: 0.68282
[  1,  9101] loss: 0.67363
[  1,  9151] loss: 0.68866
[  1,  9201] loss: 0.59939
[  1,  9251] loss: 0.62920
[  1,  9301] loss: 0.63397
[  1,  9351] loss: 0.64069
[  1,  9401] loss: 0.75834
[  1,  9451] loss: 0.65354
[  1,  9501] loss: 0.68974
[  1,  9551] loss: 0.60530
[  1,  9601] loss: 0.70093
[  1,  9651] loss: 0.66936
[  1,  9701] loss: 0.63671
[  1,  9751] loss: 0.65545
[  1,  9801] loss: 0.70596
[  1,  9851] loss: 0.74400
[  1,  9901] loss: 0.57318
[  1,  9951] loss: 0.63365
[  1, 10001] loss: 0.60454
[  1, 10051] loss: 0.74577
[  1, 10101] loss: 0.62807
[  1, 10151] loss: 0.60403
[  1, 10201] loss: 0.60122
[  1, 10251] loss: 0.68495
[  1, 10301] loss: 0.56658
[  1, 10351] loss: 0.61537
[  1, 10401] loss: 0.66072
[  1, 10451] loss: 0.67795
[  1, 10501] loss: 0.62940
[  1, 10551] loss: 0.71396
[  1, 10601] loss: 0.64537
[  1, 10651] loss: 0.90419
[  1, 10701] loss: 0.75173
[  1, 10751] loss: 0.58734
[  1, 10801] loss: 0.62848
[  1, 10851] loss: 0.62223
[  1, 10901] loss: 0.65927
[  1, 10951] loss: 0.62649
[  1, 11001] loss: 0.66380
[  1, 11051] loss: 0.60406
[  1, 11101] loss: 0.65550
[  1, 11151] loss: 0.64006
[  1, 11201] loss: 0.62262
[  1, 11251] loss: 0.66634
[  1, 11301] loss: 0.71728
[  1, 11351] loss: 0.58463
[  1, 11401] loss: 0.67495
[  1, 11451] loss: 0.60023
[  1, 11501] loss: 0.56613
[  1, 11551] loss: 0.66266
[  1, 11601] loss: 0.63081
[  1, 11651] loss: 0.63810
[  1, 11701] loss: 0.69859
[  1, 11751] loss: 0.63914
[  1, 11801] loss: 0.65452
[  1, 11851] loss: 0.67681
[  1, 11901] loss: 0.63949
[  1, 11951] loss: 0.67176
[  1, 12001] loss: 0.65927
[  1, 12051] loss: 0.59940
[  1, 12101] loss: 0.63693
[  1, 12151] loss: 0.66991
[  1, 12201] loss: 0.65419
[  1, 12251] loss: 0.68102
[  1, 12301] loss: 0.63321
[  1, 12351] loss: 0.67416
[  1, 12401] loss: 0.66451
[  1, 12451] loss: 0.54738
[  1, 12501] loss: 0.63893
[  1, 12551] loss: 0.65795
[  1, 12601] loss: 0.58284
[  1, 12651] loss: 0.63897
[  1, 12701] loss: 0.66716
[  1, 12751] loss: 0.59322
[  1, 12801] loss: 0.66298
[  1, 12851] loss: 0.60806
[  1, 12901] loss: 0.62100
[  1, 12951] loss: 0.65105
[  1, 13001] loss: 0.57508
[  1, 13051] loss: 0.66051
[  1, 13101] loss: 0.60277
[  1, 13151] loss: 0.63456
[  1, 13201] loss: 0.61914
[  1, 13251] loss: 0.57995
[  1, 13301] loss: 0.65887
[  1, 13351] loss: 0.66123
[  1, 13401] loss: 0.71364
[  1, 13451] loss: 0.59452
[  1, 13501] loss: 0.69116
[  1, 13551] loss: 0.61756
[  1, 13601] loss: 0.65569
[  1, 13651] loss: 0.55880
[  1, 13701] loss: 0.63699
[  1, 13751] loss: 0.61797
[  1, 13801] loss: 0.51332
[  1, 13851] loss: 0.63685
[  1, 13901] loss: 0.67127
[  1, 13951] loss: 0.66069
[  1, 14001] loss: 0.53287
[  1, 14051] loss: 0.65305
[  1, 14101] loss: 0.75323
[  1, 14151] loss: 0.63918
[  1, 14201] loss: 0.60256
[  1, 14251] loss: 0.64774
[  1, 14301] loss: 0.69352
[  1, 14351] loss: 0.61853
[  1, 14401] loss: 0.58704
[  1, 14451] loss: 0.62642
[  1, 14501] loss: 0.68795
[  1, 14551] loss: 0.65402
[  1, 14601] loss: 0.62824
[  1, 14651] loss: 0.65162
[  1, 14701] loss: 0.59158
[  1, 14751] loss: 0.62110
[  1, 14801] loss: 0.64502
[  1, 14851] loss: 0.64603
[  1, 14901] loss: 0.61406
[  1, 14951] loss: 0.70312
[  1, 15001] loss: 0.70623
[  1, 15051] loss: 0.65053
[  1, 15101] loss: 0.69064
[  1, 15151] loss: 0.58413
[  1, 15201] loss: 0.60238
[  1, 15251] loss: 0.71705
[  1, 15301] loss: 0.68781
[  1, 15351] loss: 0.70870
[  1, 15401] loss: 0.60129
[  1, 15451] loss: 0.63533
[  1, 15501] loss: 0.65574
[  1, 15551] loss: 0.65981
[  1, 15601] loss: 0.74168
[  1, 15651] loss: 0.59283
[  1, 15701] loss: 0.68362
[  1, 15751] loss: 0.56463
[  1, 15801] loss: 0.63507
[  1, 15851] loss: 0.63288
[  1, 15901] loss: 0.69969
[  1, 15951] loss: 0.63290
[  1, 16001] loss: 0.63282
[  1, 16051] loss: 0.64829
[  1, 16101] loss: 0.60094
[  1, 16151] loss: 0.69208
[  1, 16201] loss: 0.58677
[  1, 16251] loss: 0.61785
[  1, 16301] loss: 0.61424
[  1, 16351] loss: 0.62264
[  1, 16401] loss: 0.65906
[  1, 16451] loss: 0.66960
[  1, 16501] loss: 0.75038
[  1, 16551] loss: 0.76710
[  1, 16601] loss: 0.59631
[  1, 16651] loss: 0.63858
[  1, 16701] loss: 0.57833
[  1, 16751] loss: 0.67583
[  1, 16801] loss: 0.64010
[  1, 16851] loss: 0.69614
[  1, 16901] loss: 0.62142
[  1, 16951] loss: 0.66257
[  1, 17001] loss: 0.60498
[  1, 17051] loss: 0.59813
[  1, 17101] loss: 0.66975
[  1, 17151] loss: 0.65469
[  1, 17201] loss: 0.67315
[  1, 17251] loss: 0.71095
[  1, 17301] loss: 0.63286
[  1, 17351] loss: 0.60563
[  1, 17401] loss: 0.67278
[  1, 17451] loss: 0.69861
[  1, 17501] loss: 0.63539
[  1, 17551] loss: 0.63999
[  1, 17601] loss: 0.60955
[  1, 17651] loss: 0.58075
[  1, 17701] loss: 0.59050
[  1, 17751] loss: 0.65885
[  1, 17801] loss: 0.62778
[  1, 17851] loss: 0.72040
[  1, 17901] loss: 0.76780
[  1, 17951] loss: 0.59565
[  1, 18001] loss: 0.64924
[  1, 18051] loss: 0.61371
[  1, 18101] loss: 0.63623
[  1, 18151] loss: 0.67580
[  1, 18201] loss: 0.69898
[  1, 18251] loss: 0.55727
[  1, 18301] loss: 0.61373
[  1, 18351] loss: 0.64647
[  1, 18401] loss: 0.70438
[  1, 18451] loss: 0.61655
[  1, 18501] loss: 0.57122
[  1, 18551] loss: 0.60754
[  1, 18601] loss: 0.62335
[  1, 18651] loss: 0.59402
[  1, 18701] loss: 0.57185
[  1, 18751] loss: 0.61872
[  1, 18801] loss: 0.64099
[  1, 18851] loss: 0.72898
[  1, 18901] loss: 0.64693
[  1, 18951] loss: 0.66352
[  1, 19001] loss: 0.59091
[  1, 19051] loss: 0.56610
[  1, 19101] loss: 0.61857
[  1, 19151] loss: 0.61781
[  1, 19201] loss: 0.70340
[  1, 19251] loss: 0.66901
[  1, 19301] loss: 0.62647
[  1, 19351] loss: 0.71351
[  1, 19401] loss: 0.61092
[  1, 19451] loss: 0.67609
[  1, 19501] loss: 0.64891
[  1, 19551] loss: 0.64901
[  1, 19601] loss: 0.61586
[  1, 19651] loss: 0.66383
[  1, 19701] loss: 0.65048
[  1, 19751] loss: 0.57438
[  1, 19801] loss: 0.59438
[  1, 19851] loss: 0.63488
[  1, 19901] loss: 0.67016
[  1, 19951] loss: 0.61632
[  1, 20001] loss: 0.66264
[  1, 20051] loss: 0.61156
[  1, 20101] loss: 0.58423
[  1, 20151] loss: 0.66469
[  1, 20201] loss: 0.64213
[  1, 20251] loss: 0.61542
[  1, 20301] loss: 0.56133
[  1, 20351] loss: 0.61845
[  1, 20401] loss: 0.58713
[  1, 20451] loss: 0.61824
[  1, 20501] loss: 0.62684
[  1, 20551] loss: 0.60056
[  1, 20601] loss: 0.58814
[  1, 20651] loss: 0.64141
[  1, 20701] loss: 0.62783
[  1, 20751] loss: 0.56974
[  1, 20801] loss: 0.63882
[  1, 20851] loss: 0.65359
[  1, 20901] loss: 0.70375
[  1, 20951] loss: 0.60767
[  1, 21001] loss: 0.69279
[  1, 21051] loss: 0.61994
[  1, 21101] loss: 0.67872
[  1, 21151] loss: 0.61875
[  1, 21201] loss: 0.68635
[  1, 21251] loss: 0.64245
[  1, 21301] loss: 0.71267
[  1, 21351] loss: 0.63996
[  1, 21401] loss: 0.67267
[  1, 21451] loss: 0.67359
[  1, 21501] loss: 0.61606
[  1, 21551] loss: 0.70486
[  1, 21601] loss: 0.67175
[  1, 21651] loss: 0.58861
[  1, 21701] loss: 0.61724
[  1, 21751] loss: 0.65963
[  1, 21801] loss: 0.65972
[  1, 21851] loss: 0.63327
[  1, 21901] loss: 0.64411
[  1, 21951] loss: 0.61338
[  1, 22001] loss: 0.65725
[  1, 22051] loss: 0.66642
[  1, 22101] loss: 0.54967
[  1, 22151] loss: 0.57109
[  1, 22201] loss: 0.60206
[  1, 22251] loss: 0.64292
[  1, 22301] loss: 0.60560
[  1, 22351] loss: 0.62611
[  1, 22401] loss: 0.62293
[  1, 22451] loss: 0.57502
[  1, 22501] loss: 0.65048
[  1, 22551] loss: 0.56109
[  1, 22601] loss: 0.67883
[  1, 22651] loss: 0.66856
[  1, 22701] loss: 0.65977
[  1, 22751] loss: 0.63923
[  1, 22801] loss: 0.71250
[  1, 22851] loss: 0.63979
[  1, 22901] loss: 0.63226
[  1, 22951] loss: 0.58352
[  1, 23001] loss: 0.56906
[  1, 23051] loss: 0.56920
[  1, 23101] loss: 0.62418
[  1, 23151] loss: 0.68310
[  1, 23201] loss: 0.75734
[  1, 23251] loss: 0.58848
[  1, 23301] loss: 0.57630
[  1, 23351] loss: 0.57825
[  1, 23401] loss: 0.63041
[  1, 23451] loss: 0.68692
[  1, 23501] loss: 0.59464
[  1, 23551] loss: 0.58941
[  1, 23601] loss: 0.65022
[  1, 23651] loss: 0.71858
[  1, 23701] loss: 0.64907
[  1, 23751] loss: 0.57451
[  1, 23801] loss: 0.60804
[  1, 23851] loss: 0.64119
[  1, 23901] loss: 0.64980
[  1, 23951] loss: 0.66073
[  1, 24001] loss: 0.58404
[  1, 24051] loss: 0.66648
[  1, 24101] loss: 0.64583
[  1, 24151] loss: 0.64272
[  1, 24201] loss: 0.63638
[  1, 24251] loss: 0.61350
[  1, 24301] loss: 0.60034
[  1, 24351] loss: 0.66738
[  1, 24401] loss: 0.74456
[  1, 24451] loss: 0.61606
[  1, 24501] loss: 0.69836
[  1, 24551] loss: 0.62869
[  1, 24601] loss: 0.80376
[  1, 24651] loss: 0.70386
[  1, 24701] loss: 0.61883
[  1, 24751] loss: 0.64309
[  1, 24801] loss: 0.67436
[  1, 24851] loss: 0.58867
[  1, 24901] loss: 0.72948
[  1, 24951] loss: 0.64528
[  2,     1] loss: 0.60700
[  2,    51] loss: 0.60238
[  2,   101] loss: 0.61757
[  2,   151] loss: 0.67824
[  2,   201] loss: 0.67830
[  2,   251] loss: 0.60011
[  2,   301] loss: 0.63546
[  2,   351] loss: 0.59973
[  2,   401] loss: 0.59290
[  2,   451] loss: 0.63190
[  2,   501] loss: 0.50779
[  2,   551] loss: 0.64300
[  2,   601] loss: 0.67626
[  2,   651] loss: 0.57664
[  2,   701] loss: 0.61765
[  2,   751] loss: 0.66444
[  2,   801] loss: 0.55943
[  2,   851] loss: 0.55823
[  2,   901] loss: 0.68181
[  2,   951] loss: 0.57134
[  2,  1001] loss: 0.57255
[  2,  1051] loss: 0.52406
[  2,  1101] loss: 0.66617
[  2,  1151] loss: 0.53130
[  2,  1201] loss: 0.53192
[  2,  1251] loss: 0.64822
[  2,  1301] loss: 0.59500
[  2,  1351] loss: 0.66491
[  2,  1401] loss: 0.57719
[  2,  1451] loss: 0.52115
[  2,  1501] loss: 0.64758
[  2,  1551] loss: 0.82567
[  2,  1601] loss: 0.45377
[  2,  1651] loss: 0.66342
[  2,  1701] loss: 0.70900
[  2,  1751] loss: 0.58322
[  2,  1801] loss: 0.66750
[  2,  1851] loss: 0.56188
[  2,  1901] loss: 0.62226
[  2,  1951] loss: 0.63509
[  2,  2001] loss: 0.64178
[  2,  2051] loss: 0.56082
[  2,  2101] loss: 0.66582
[  2,  2151] loss: 0.68508
[  2,  2201] loss: 0.59853
[  2,  2251] loss: 0.58964
[  2,  2301] loss: 0.63349
[  2,  2351] loss: 0.59907
[  2,  2401] loss: 0.65085
[  2,  2451] loss: 0.57102
[  2,  2501] loss: 0.53263
[  2,  2551] loss: 0.62502
[  2,  2601] loss: 0.58277
[  2,  2651] loss: 0.70003
[  2,  2701] loss: 0.67546
[  2,  2751] loss: 0.57742
[  2,  2801] loss: 0.56449
[  2,  2851] loss: 0.67175
[  2,  2901] loss: 0.53889
[  2,  2951] loss: 0.64148
[  2,  3001] loss: 0.59511
[  2,  3051] loss: 0.53010
[  2,  3101] loss: 0.61119
[  2,  3151] loss: 0.63043
[  2,  3201] loss: 0.59803
[  2,  3251] loss: 0.55091
[  2,  3301] loss: 0.58570
[  2,  3351] loss: 0.56147
[  2,  3401] loss: 0.42792
[  2,  3451] loss: 0.63704
[  2,  3501] loss: 0.52739
[  2,  3551] loss: 0.55483
[  2,  3601] loss: 0.67635
[  2,  3651] loss: 0.58804
[  2,  3701] loss: 0.59579
[  2,  3751] loss: 0.52751
[  2,  3801] loss: 0.59683
[  2,  3851] loss: 0.50399
[  2,  3901] loss: 0.58114
[  2,  3951] loss: 0.52306
[  2,  4001] loss: 0.57018
[  2,  4051] loss: 0.59240
[  2,  4101] loss: 0.59319
[  2,  4151] loss: 0.63016
[  2,  4201] loss: 0.48356
[  2,  4251] loss: 0.60487
[  2,  4301] loss: 0.53324
[  2,  4351] loss: 0.59444
[  2,  4401] loss: 0.59008
[  2,  4451] loss: 0.51474
[  2,  4501] loss: 0.52403
[  2,  4551] loss: 0.47558
[  2,  4601] loss: 0.58330
[  2,  4651] loss: 0.61661
[  2,  4701] loss: 0.53388
[  2,  4751] loss: 0.68533
[  2,  4801] loss: 0.55926
[  2,  4851] loss: 0.57806
[  2,  4901] loss: 0.60138
[  2,  4951] loss: 0.56473
[  2,  5001] loss: 0.72272
[  2,  5051] loss: 0.57591
[  2,  5101] loss: 0.69658
[  2,  5151] loss: 0.57244
[  2,  5201] loss: 0.49359
[  2,  5251] loss: 0.47239
[  2,  5301] loss: 0.50532
[  2,  5351] loss: 0.67391
[  2,  5401] loss: 0.61191
[  2,  5451] loss: 0.44485
[  2,  5501] loss: 0.62468
[  2,  5551] loss: 0.48176
[  2,  5601] loss: 0.53808
[  2,  5651] loss: 0.58785
[  2,  5701] loss: 0.52826
[  2,  5751] loss: 0.53325
[  2,  5801] loss: 0.54295
[  2,  5851] loss: 0.58660
[  2,  5901] loss: 0.62532
[  2,  5951] loss: 0.53689
[  2,  6001] loss: 0.51230
[  2,  6051] loss: 0.53432
[  2,  6101] loss: 0.56923
[  2,  6151] loss: 0.57368
[  2,  6201] loss: 0.42548
[  2,  6251] loss: 0.59973
[  2,  6301] loss: 0.50459
[  2,  6351] loss: 0.52674
[  2,  6401] loss: 0.60880
[  2,  6451] loss: 0.41431
[  2,  6501] loss: 0.44714
[  2,  6551] loss: 0.52673
[  2,  6601] loss: 0.47437
[  2,  6651] loss: 0.40486
[  2,  6701] loss: 0.60486
[  2,  6751] loss: 0.46952
[  2,  6801] loss: 0.64521
[  2,  6851] loss: 0.43765
[  2,  6901] loss: 0.61537
[  2,  6951] loss: 0.59445
[  2,  7001] loss: 0.62434
[  2,  7051] loss: 0.72827
[  2,  7101] loss: 0.55430
[  2,  7151] loss: 0.59079
[  2,  7201] loss: 0.47371
[  2,  7251] loss: 0.47256
[  2,  7301] loss: 0.48179
[  2,  7351] loss: 0.47446
[  2,  7401] loss: 0.45135
[  2,  7451] loss: 0.52034
[  2,  7501] loss: 0.45703
[  2,  7551] loss: 0.52691
[  2,  7601] loss: 0.65360
[  2,  7651] loss: 0.40419
[  2,  7701] loss: 0.72940
[  2,  7751] loss: 0.50823
[  2,  7801] loss: 0.43578
[  2,  7851] loss: 0.52111
[  2,  7901] loss: 0.57857
[  2,  7951] loss: 0.60753
[  2,  8001] loss: 0.49544
[  2,  8051] loss: 0.44394
[  2,  8101] loss: 0.68743
[  2,  8151] loss: 0.51854
[  2,  8201] loss: 0.66381
[  2,  8251] loss: 0.63360
[  2,  8301] loss: 0.46918
[  2,  8351] loss: 0.50980
[  2,  8401] loss: 0.53634
[  2,  8451] loss: 0.45824
[  2,  8501] loss: 0.55617
[  2,  8551] loss: 0.47486
[  2,  8601] loss: 0.59045
[  2,  8651] loss: 0.43097
[  2,  8701] loss: 0.52640
[  2,  8751] loss: 0.40106
[  2,  8801] loss: 0.43024
[  2,  8851] loss: 0.46011
[  2,  8901] loss: 0.46577
[  2,  8951] loss: 0.56135
[  2,  9001] loss: 0.56986
[  2,  9051] loss: 0.47040
[  2,  9101] loss: 0.43346
[  2,  9151] loss: 0.50218
[  2,  9201] loss: 0.52976
[  2,  9251] loss: 0.39925
[  2,  9301] loss: 0.52763
[  2,  9351] loss: 0.60215
[  2,  9401] loss: 0.68721
[  2,  9451] loss: 0.48051
[  2,  9501] loss: 0.79263
[  2,  9551] loss: 0.36291
[  2,  9601] loss: 0.54778
[  2,  9651] loss: 0.44820
[  2,  9701] loss: 0.55226
[  2,  9751] loss: 0.51441
[  2,  9801] loss: 0.52988
[  2,  9851] loss: 0.50977
[  2,  9901] loss: 0.46773
[  2,  9951] loss: 0.47188
[  2, 10001] loss: 0.52840
[  2, 10051] loss: 0.46369
[  2, 10101] loss: 0.59399
[  2, 10151] loss: 0.38308
[  2, 10201] loss: 0.46628
[  2, 10251] loss: 0.48240
[  2, 10301] loss: 0.40819
[  2, 10351] loss: 0.46160
[  2, 10401] loss: 0.49971
[  2, 10451] loss: 0.48250
[  2, 10501] loss: 0.47288
[  2, 10551] loss: 0.51636
[  2, 10601] loss: 0.50676
[  2, 10651] loss: 0.67338
[  2, 10701] loss: 0.71116
[  2, 10751] loss: 0.56810
[  2, 10801] loss: 0.40733
[  2, 10851] loss: 0.44734
[  2, 10901] loss: 0.40709
[  2, 10951] loss: 0.46604
[  2, 11001] loss: 0.46924
[  2, 11051] loss: 0.47007
[  2, 11101] loss: 0.48992
[  2, 11151] loss: 0.55812
[  2, 11201] loss: 0.42561
[  2, 11251] loss: 0.50643
[  2, 11301] loss: 0.55606
[  2, 11351] loss: 0.39546
[  2, 11401] loss: 0.54271
[  2, 11451] loss: 0.43134
[  2, 11501] loss: 0.35622
[  2, 11551] loss: 0.50967
[  2, 11601] loss: 0.45458
[  2, 11651] loss: 0.45354
[  2, 11701] loss: 0.63893
[  2, 11751] loss: 0.52305
[  2, 11801] loss: 0.51893
[  2, 11851] loss: 0.52936
[  2, 11901] loss: 0.51269
[  2, 11951] loss: 0.46782
[  2, 12001] loss: 0.46795
[  2, 12051] loss: 0.52261
[  2, 12101] loss: 0.49093
[  2, 12151] loss: 0.43866
[  2, 12201] loss: 0.41330
[  2, 12251] loss: 0.60349
[  2, 12301] loss: 0.41635
[  2, 12351] loss: 0.56299
[  2, 12401] loss: 0.59181
[  2, 12451] loss: 0.45978
[  2, 12501] loss: 0.42025
[  2, 12551] loss: 0.49078
[  2, 12601] loss: 0.34418
[  2, 12651] loss: 0.40955
[  2, 12701] loss: 0.54176
[  2, 12751] loss: 0.42341
[  2, 12801] loss: 0.52546
[  2, 12851] loss: 0.48014
[  2, 12901] loss: 0.47834
[  2, 12951] loss: 0.44456
[  2, 13001] loss: 0.34907
[  2, 13051] loss: 0.48210
[  2, 13101] loss: 0.29729
[  2, 13151] loss: 0.58011
[  2, 13201] loss: 0.37475
[  2, 13251] loss: 0.50383
[  2, 13301] loss: 0.36013
[  2, 13351] loss: 0.53463
[  2, 13401] loss: 0.58204
[  2, 13451] loss: 0.36604
[  2, 13501] loss: 0.55500
[  2, 13551] loss: 0.43879
[  2, 13601] loss: 0.46320
[  2, 13651] loss: 0.50193
[  2, 13701] loss: 0.38060
[  2, 13751] loss: 0.50489
[  2, 13801] loss: 0.37995
[  2, 13851] loss: 0.52191
[  2, 13901] loss: 0.49644
[  2, 13951] loss: 0.44141
[  2, 14001] loss: 0.30971
[  2, 14051] loss: 0.38940
[  2, 14101] loss: 0.46609
[  2, 14151] loss: 0.40200
[  2, 14201] loss: 0.43936
[  2, 14251] loss: 0.47911
[  2, 14301] loss: 0.55105
[  2, 14351] loss: 0.45759
[  2, 14401] loss: 0.49666
[  2, 14451] loss: 0.41057
[  2, 14501] loss: 0.58287
[  2, 14551] loss: 0.50265
[  2, 14601] loss: 0.40120
[  2, 14651] loss: 0.50450
[  2, 14701] loss: 0.35594
[  2, 14751] loss: 0.33953
[  2, 14801] loss: 0.47817
[  2, 14851] loss: 0.44413
[  2, 14901] loss: 0.35415
[  2, 14951] loss: 0.49579
[  2, 15001] loss: 0.47934
[  2, 15051] loss: 0.42708
[  2, 15101] loss: 0.53386
[  2, 15151] loss: 0.42027
[  2, 15201] loss: 0.41147
[  2, 15251] loss: 0.59790
[  2, 15301] loss: 0.54791
[  2, 15351] loss: 0.56374
[  2, 15401] loss: 0.56624
[  2, 15451] loss: 0.51207
[  2, 15501] loss: 0.47033
[  2, 15551] loss: 0.55857
[  2, 15601] loss: 0.60202
[  2, 15651] loss: 0.45167
[  2, 15701] loss: 0.55703
[  2, 15751] loss: 0.45630
[  2, 15801] loss: 0.51845
[  2, 15851] loss: 0.52211
[  2, 15901] loss: 0.61849
[  2, 15951] loss: 0.51443
[  2, 16001] loss: 0.48876
[  2, 16051] loss: 0.56483
[  2, 16101] loss: 0.52442
[  2, 16151] loss: 0.47931
[  2, 16201] loss: 0.46148
[  2, 16251] loss: 0.41614
[  2, 16301] loss: 0.42460
[  2, 16351] loss: 0.37311
[  2, 16401] loss: 0.44534
[  2, 16451] loss: 0.52712
[  2, 16501] loss: 0.63809
[  2, 16551] loss: 0.68056
[  2, 16601] loss: 0.53528
[  2, 16651] loss: 0.49286
[  2, 16701] loss: 0.41645
[  2, 16751] loss: 0.46652
[  2, 16801] loss: 0.57324
[  2, 16851] loss: 0.50392
[  2, 16901] loss: 0.52443
[  2, 16951] loss: 0.44090
[  2, 17001] loss: 0.54893
[  2, 17051] loss: 0.50726
[  2, 17101] loss: 0.55531
[  2, 17151] loss: 0.62722
[  2, 17201] loss: 0.47182
[  2, 17251] loss: 0.61112
[  2, 17301] loss: 0.54093
[  2, 17351] loss: 0.37985
[  2, 17401] loss: 0.47038
[  2, 17451] loss: 0.56467
[  2, 17501] loss: 0.48369
[  2, 17551] loss: 0.45731
[  2, 17601] loss: 0.49936
[  2, 17651] loss: 0.50285
[  2, 17701] loss: 0.49594
[  2, 17751] loss: 0.60409
[  2, 17801] loss: 0.50370
[  2, 17851] loss: 0.54065
[  2, 17901] loss: 0.49257
[  2, 17951] loss: 0.55750
[  2, 18001] loss: 0.52326
[  2, 18051] loss: 0.48964
[  2, 18101] loss: 0.52371
[  2, 18151] loss: 0.49823
[  2, 18201] loss: 0.60228
[  2, 18251] loss: 0.34629
[  2, 18301] loss: 0.46899
[  2, 18351] loss: 0.63048
[  2, 18401] loss: 0.52910
[  2, 18451] loss: 0.56359
[  2, 18501] loss: 0.44854
[  2, 18551] loss: 0.47663
[  2, 18601] loss: 0.58938
[  2, 18651] loss: 0.61599
[  2, 18701] loss: 0.50464
[  2, 18751] loss: 0.42709
[  2, 18801] loss: 0.52515
[  2, 18851] loss: 0.75319
[  2, 18901] loss: 0.48082
[  2, 18951] loss: 0.49320
[  2, 19001] loss: 0.53681
[  2, 19051] loss: 0.38220
[  2, 19101] loss: 0.47536
[  2, 19151] loss: 0.43327
[  2, 19201] loss: 0.67947
[  2, 19251] loss: 0.48407
[  2, 19301] loss: 0.41950
[  2, 19351] loss: 0.58627
[  2, 19401] loss: 0.39013
[  2, 19451] loss: 0.50185
[  2, 19501] loss: 0.47782
[  2, 19551] loss: 0.43956
[  2, 19601] loss: 0.51877
[  2, 19651] loss: 0.58030
[  2, 19701] loss: 0.48999
[  2, 19751] loss: 0.41040
[  2, 19801] loss: 0.51391
[  2, 19851] loss: 0.39422
[  2, 19901] loss: 0.56713
[  2, 19951] loss: 0.50040
[  2, 20001] loss: 0.51232
[  2, 20051] loss: 0.44876
[  2, 20101] loss: 0.39170
[  2, 20151] loss: 0.51293
[  2, 20201] loss: 0.50463
[  2, 20251] loss: 0.39186
[  2, 20301] loss: 0.45478
[  2, 20351] loss: 0.45527
[  2, 20401] loss: 0.44590
[  2, 20451] loss: 0.41538
[  2, 20501] loss: 0.44046
[  2, 20551] loss: 0.44527
[  2, 20601] loss: 0.45752
[  2, 20651] loss: 0.45693
[  2, 20701] loss: 0.36927
[  2, 20751] loss: 0.45018
[  2, 20801] loss: 0.42504
[  2, 20851] loss: 0.40395
[  2, 20901] loss: 0.46853
[  2, 20951] loss: 0.40552
[  2, 21001] loss: 0.57735
[  2, 21051] loss: 0.48361
[  2, 21101] loss: 0.33387
[  2, 21151] loss: 0.43734
[  2, 21201] loss: 0.58017
[  2, 21251] loss: 0.44385
[  2, 21301] loss: 0.56516
[  2, 21351] loss: 0.45442
[  2, 21401] loss: 0.51081
[  2, 21451] loss: 0.49082
[  2, 21501] loss: 0.47535
[  2, 21551] loss: 0.67852
[  2, 21601] loss: 0.51293
[  2, 21651] loss: 0.41577
[  2, 21701] loss: 0.66110
[  2, 21751] loss: 0.66606
[  2, 21801] loss: 0.51842
[  2, 21851] loss: 0.61706
[  2, 21901] loss: 0.48060
[  2, 21951] loss: 0.60778
[  2, 22001] loss: 0.57695
[  2, 22051] loss: 0.54545
[  2, 22101] loss: 0.46641
[  2, 22151] loss: 0.46792
[  2, 22201] loss: 0.53514
[  2, 22251] loss: 0.47239
[  2, 22301] loss: 0.51024
[  2, 22351] loss: 0.52673
[  2, 22401] loss: 0.51826
[  2, 22451] loss: 0.43668
[  2, 22501] loss: 0.43308
[  2, 22551] loss: 0.52510
[  2, 22601] loss: 0.49209
[  2, 22651] loss: 0.44246
[  2, 22701] loss: 0.40947
[  2, 22751] loss: 0.41366
[  2, 22801] loss: 0.61323
[  2, 22851] loss: 0.46296
[  2, 22901] loss: 0.38508
[  2, 22951] loss: 0.45076
[  2, 23001] loss: 0.35502
[  2, 23051] loss: 0.37699
[  2, 23101] loss: 0.49865
[  2, 23151] loss: 0.49240
[  2, 23201] loss: 0.52606
[  2, 23251] loss: 0.34152
[  2, 23301] loss: 0.45749
[  2, 23351] loss: 0.38213
[  2, 23401] loss: 0.43398
[  2, 23451] loss: 0.63062
[  2, 23501] loss: 0.36962
[  2, 23551] loss: 0.46271
[  2, 23601] loss: 0.58973
[  2, 23651] loss: 0.56570
[  2, 23701] loss: 0.49206
[  2, 23751] loss: 0.38045
[  2, 23801] loss: 0.41850
[  2, 23851] loss: 0.51884
[  2, 23901] loss: 0.52285
[  2, 23951] loss: 0.52354
[  2, 24001] loss: 0.49955
[  2, 24051] loss: 0.44849
[  2, 24101] loss: 0.47448
[  2, 24151] loss: 0.52532
[  2, 24201] loss: 0.40020
[  2, 24251] loss: 0.54084
[  2, 24301] loss: 0.39697
[  2, 24351] loss: 0.46003
[  2, 24401] loss: 0.58912
[  2, 24451] loss: 0.45500
[  2, 24501] loss: 0.64456
[  2, 24551] loss: 0.53217
[  2, 24601] loss: 0.62734
[  2, 24651] loss: 0.45828
[  2, 24701] loss: 0.56730
[  2, 24751] loss: 0.57090
[  2, 24801] loss: 0.47028
[  2, 24851] loss: 0.39187
[  2, 24901] loss: 0.57499
[  2, 24951] loss: 0.51274
[  3,     1] loss: 0.47773
[  3,    51] loss: 0.43674
[  3,   101] loss: 0.45794
[  3,   151] loss: 0.49796
[  3,   201] loss: 0.47714
[  3,   251] loss: 0.40008
[  3,   301] loss: 0.55164
[  3,   351] loss: 0.34244
[  3,   401] loss: 0.38681
[  3,   451] loss: 0.48271
[  3,   501] loss: 0.42204
[  3,   551] loss: 0.48442
[  3,   601] loss: 0.59052
[  3,   651] loss: 0.37888
[  3,   701] loss: 0.43868
[  3,   751] loss: 0.45046
[  3,   801] loss: 0.26495
[  3,   851] loss: 0.38410
[  3,   901] loss: 0.32792
[  3,   951] loss: 0.34401
[  3,  1001] loss: 0.33243
[  3,  1051] loss: 0.31949
[  3,  1101] loss: 0.40009
[  3,  1151] loss: 0.40074
[  3,  1201] loss: 0.31287
[  3,  1251] loss: 0.46181
[  3,  1301] loss: 0.40551
[  3,  1351] loss: 0.33982
[  3,  1401] loss: 0.23897
[  3,  1451] loss: 0.36922
[  3,  1501] loss: 0.37686
[  3,  1551] loss: 0.37886
[  3,  1601] loss: 0.24684
[  3,  1651] loss: 0.44322
[  3,  1701] loss: 0.44966
[  3,  1751] loss: 0.29229
[  3,  1801] loss: 0.36261
[  3,  1851] loss: 0.35802
[  3,  1901] loss: 0.46842
[  3,  1951] loss: 0.45164
[  3,  2001] loss: 0.46245
[  3,  2051] loss: 0.38181
[  3,  2101] loss: 0.41535
[  3,  2151] loss: 0.47171
[  3,  2201] loss: 0.39339
[  3,  2251] loss: 0.46510
[  3,  2301] loss: 0.34045
[  3,  2351] loss: 0.33567
[  3,  2401] loss: 0.42529
[  3,  2451] loss: 0.32185
[  3,  2501] loss: 0.31974
[  3,  2551] loss: 0.43502
[  3,  2601] loss: 0.31674
[  3,  2651] loss: 0.53891
[  3,  2701] loss: 0.36549
[  3,  2751] loss: 0.36951
[  3,  2801] loss: 0.35695
[  3,  2851] loss: 0.35695
[  3,  2901] loss: 0.44706
[  3,  2951] loss: 0.36469
[  3,  3001] loss: 0.42272
[  3,  3051] loss: 0.30077
[  3,  3101] loss: 0.43741
[  3,  3151] loss: 0.28175
[  3,  3201] loss: 0.40490
[  3,  3251] loss: 0.28297
[  3,  3301] loss: 0.37182
[  3,  3351] loss: 0.31657
[  3,  3401] loss: 0.19275
[  3,  3451] loss: 0.33196
[  3,  3501] loss: 0.25075
[  3,  3551] loss: 0.25998
[  3,  3601] loss: 0.39261
[  3,  3651] loss: 0.30718
[  3,  3701] loss: 0.27740
[  3,  3751] loss: 0.38275
[  3,  3801] loss: 0.27131
[  3,  3851] loss: 0.27520
[  3,  3901] loss: 0.40135
[  3,  3951] loss: 0.19073
[  3,  4001] loss: 0.23662
[  3,  4051] loss: 0.24757
[  3,  4101] loss: 0.17193
[  3,  4151] loss: 0.25787
[  3,  4201] loss: 0.32021
[  3,  4251] loss: 0.30248
[  3,  4301] loss: 0.16625
[  3,  4351] loss: 0.52256
[  3,  4401] loss: 0.29310
[  3,  4451] loss: 0.23997
[  3,  4501] loss: 0.24421
[  3,  4551] loss: 0.17196
[  3,  4601] loss: 0.38605
[  3,  4651] loss: 0.28046
[  3,  4701] loss: 0.23793
[  3,  4751] loss: 0.31008
[  3,  4801] loss: 0.31944
[  3,  4851] loss: 0.32354
[  3,  4901] loss: 0.35222
[  3,  4951] loss: 0.23640
[  3,  5001] loss: 0.37309
[  3,  5051] loss: 0.35753
[  3,  5101] loss: 0.52760
[  3,  5151] loss: 0.36338
[  3,  5201] loss: 0.27370
[  3,  5251] loss: 0.22844
[  3,  5301] loss: 0.22508
[  3,  5351] loss: 0.28979
[  3,  5401] loss: 0.33921
[  3,  5451] loss: 0.37048
[  3,  5501] loss: 0.36460
[  3,  5551] loss: 0.32485
[  3,  5601] loss: 0.41547
[  3,  5651] loss: 0.27915
[  3,  5701] loss: 0.30763
[  3,  5751] loss: 0.52088
[  3,  5801] loss: 0.24979
[  3,  5851] loss: 0.32463
[  3,  5901] loss: 0.36904
[  3,  5951] loss: 0.45772
[  3,  6001] loss: 0.39697
[  3,  6051] loss: 0.23138
[  3,  6101] loss: 0.22780
[  3,  6151] loss: 0.49125
[  3,  6201] loss: 0.11676
[  3,  6251] loss: 0.23647
[  3,  6301] loss: 0.24247
[  3,  6351] loss: 0.25972
[  3,  6401] loss: 0.25273
[  3,  6451] loss: 0.18933
[  3,  6501] loss: 0.18143
[  3,  6551] loss: 0.23575
[  3,  6601] loss: 0.14838
[  3,  6651] loss: 0.19829
[  3,  6701] loss: 0.17236
[  3,  6751] loss: 0.10610
[  3,  6801] loss: 0.33922
[  3,  6851] loss: 0.26585
[  3,  6901] loss: 0.18008
[  3,  6951] loss: 0.37588
[  3,  7001] loss: 0.33655
[  3,  7051] loss: 0.19362
[  3,  7101] loss: 0.31079
[  3,  7151] loss: 0.62189
[  3,  7201] loss: 0.37702
[  3,  7251] loss: 0.29653
[  3,  7301] loss: 0.49456
[  3,  7351] loss: 0.53568
[  3,  7401] loss: 0.25870
[  3,  7451] loss: 0.41528
[  3,  7501] loss: 0.63014
[  3,  7551] loss: 0.29544
[  3,  7601] loss: 0.19156
[  3,  7651] loss: 0.29696
[  3,  7701] loss: 0.78739
[  3,  7751] loss: 0.31795
[  3,  7801] loss: 0.15317
[  3,  7851] loss: 0.24087
[  3,  7901] loss: 0.63646
[  3,  7951] loss: 0.53267
[  3,  8001] loss: 0.26586
[  3,  8051] loss: 0.11100
[  3,  8101] loss: 0.50468
[  3,  8151] loss: 0.85367
[  3,  8201] loss: 0.64731
[  3,  8251] loss: 0.22238
[  3,  8301] loss: 0.20222
[  3,  8351] loss: 0.57775
[  3,  8401] loss: 0.55331
[  3,  8451] loss: 0.42137
[  3,  8501] loss: 0.24760
[  3,  8551] loss: 0.25455
[  3,  8601] loss: 0.30335
[  3,  8651] loss: 0.57325
[  3,  8701] loss: 0.33475
[  3,  8751] loss: 0.20554
[  3,  8801] loss: 0.22212
[  3,  8851] loss: 0.20952
[  3,  8901] loss: 0.19927
[  3,  8951] loss: 0.21081
[  3,  9001] loss: 0.13788
[  3,  9051] loss: 0.14953
[  3,  9101] loss: 0.15419
[  3,  9151] loss: 0.24849
[  3,  9201] loss: 0.08997
[  3,  9251] loss: 0.26216
[  3,  9301] loss: 0.31611
[  3,  9351] loss: 0.19409
[  3,  9401] loss: 0.18205
[  3,  9451] loss: 0.44669
[  3,  9501] loss: 0.38843
[  3,  9551] loss: 0.18255
[  3,  9601] loss: 0.15837
[  3,  9651] loss: 0.48346
[  3,  9701] loss: 0.41821
[  3,  9751] loss: 0.16901
[  3,  9801] loss: 0.33850
[  3,  9851] loss: 0.79379
[  3,  9901] loss: 0.19233
[  3,  9951] loss: 0.14975
[  3, 10001] loss: 0.15393
[  3, 10051] loss: 0.38494
[  3, 10101] loss: 0.38290
[  3, 10151] loss: 0.20271
[  3, 10201] loss: 0.17639
[  3, 10251] loss: 0.16683
[  3, 10301] loss: 0.18066
[  3, 10351] loss: 0.15262
[  3, 10401] loss: 0.15905
[  3, 10451] loss: 0.20676
[  3, 10501] loss: 0.20821
[  3, 10551] loss: 0.18546
[  3, 10601] loss: 0.12522
[  3, 10651] loss: 0.30823
[  3, 10701] loss: 0.34641
[  3, 10751] loss: 0.31177
[  3, 10801] loss: 0.10647
[  3, 10851] loss: 0.16681
[  3, 10901] loss: 0.42915
[  3, 10951] loss: 0.47782
[  3, 11001] loss: 0.19835
[  3, 11051] loss: 0.13848
[  3, 11101] loss: 0.31834
[  3, 11151] loss: 0.33609
[  3, 11201] loss: 0.18021
[  3, 11251] loss: 0.08723
[  3, 11301] loss: 0.22775
[  3, 11351] loss: 0.13570
[  3, 11401] loss: 0.10916
[  3, 11451] loss: 0.08055
[  3, 11501] loss: 0.13926
[  3, 11551] loss: 0.14488
[  3, 11601] loss: 0.45324
[  3, 11651] loss: 0.10551
[  3, 11701] loss: 0.16186
[  3, 11751] loss: 0.15792
[  3, 11801] loss: 0.08368
[  3, 11851] loss: 0.12207
[  3, 11901] loss: 0.08734
[  3, 11951] loss: 0.06583
[  3, 12001] loss: 0.10902
[  3, 12051] loss: 0.11262
[  3, 12101] loss: 0.15286
[  3, 12151] loss: 0.13859
[  3, 12201] loss: 0.20121
[  3, 12251] loss: 0.11889
[  3, 12301] loss: 0.04775
[  3, 12351] loss: 0.24886
[  3, 12401] loss: 0.25879
[  3, 12451] loss: 0.13545
[  3, 12501] loss: 0.11074
[  3, 12551] loss: 0.11811
[  3, 12601] loss: 0.29891
[  3, 12651] loss: 0.24152
[  3, 12701] loss: 0.12038
[  3, 12751] loss: 0.10336
[  3, 12801] loss: 0.33711
[  3, 12851] loss: 0.14187
[  3, 12901] loss: 0.12597
[  3, 12951] loss: 0.06140
[  3, 13001] loss: 0.09951
[  3, 13051] loss: 0.29537
[  3, 13101] loss: 0.25486
[  3, 13151] loss: 0.10828
[  3, 13201] loss: 0.04039
[  3, 13251] loss: 0.08636
[  3, 13301] loss: 0.47295
[  3, 13351] loss: 0.17567
[  3, 13401] loss: 0.19702
[  3, 13451] loss: 0.11597
[  3, 13501] loss: 0.20314
[  3, 13551] loss: 0.12691
[  3, 13601] loss: 0.21908
[  3, 13651] loss: 0.05259
[  3, 13701] loss: 0.11982
[  3, 13751] loss: 0.09690
[  3, 13801] loss: 0.08041
[  3, 13851] loss: 0.16401
[  3, 13901] loss: 0.04165
[  3, 13951] loss: 0.04423
[  3, 14001] loss: 0.09555
[  3, 14051] loss: 0.06098
[  3, 14101] loss: 0.03210
[  3, 14151] loss: 0.04066
[  3, 14201] loss: 0.07270
[  3, 14251] loss: 0.05516
[  3, 14301] loss: 0.04755
[  3, 14351] loss: 0.08662
[  3, 14401] loss: 0.03801
[  3, 14451] loss: 0.08830
[  3, 14501] loss: 0.03428
[  3, 14551] loss: 0.05655
[  3, 14601] loss: 0.09047
[  3, 14651] loss: 0.10117
[  3, 14701] loss: 0.04375
[  3, 14751] loss: 0.05289
[  3, 14801] loss: 0.05737
[  3, 14851] loss: 0.02624
[  3, 14901] loss: 0.04473
[  3, 14951] loss: 0.04400
[  3, 15001] loss: 0.09803
[  3, 15051] loss: 0.27421
[  3, 15101] loss: 0.14115
[  3, 15151] loss: 0.14545
[  3, 15201] loss: 0.06591
[  3, 15251] loss: 0.06151
[  3, 15301] loss: 0.03251
[  3, 15351] loss: 0.06725
[  3, 15401] loss: 0.17062
[  3, 15451] loss: 0.21492
[  3, 15501] loss: 0.07409
[  3, 15551] loss: 0.04368
[  3, 15601] loss: 0.09853
[  3, 15651] loss: 0.04207
[  3, 15701] loss: 0.09867
[  3, 15751] loss: 0.03805
[  3, 15801] loss: 0.09083
[  3, 15851] loss: 0.11439
[  3, 15901] loss: 0.18530
[  3, 15951] loss: 0.05978
[  3, 16001] loss: 0.20396
[  3, 16051] loss: 0.32327
[  3, 16101] loss: 0.27056
[  3, 16151] loss: 0.06152
[  3, 16201] loss: 0.23766
[  3, 16251] loss: 0.08639
[  3, 16301] loss: 0.12882
[  3, 16351] loss: 0.10370
[  3, 16401] loss: 0.06866
[  3, 16451] loss: 0.21621
[  3, 16501] loss: 0.10920
[  3, 16551] loss: 0.05782
[  3, 16601] loss: 0.10923
[  3, 16651] loss: 0.18245
[  3, 16701] loss: 0.05391
[  3, 16751] loss: 0.11748
[  3, 16801] loss: 0.05809
[  3, 16851] loss: 0.09792
[  3, 16901] loss: 0.11224
[  3, 16951] loss: 0.16716
[  3, 17001] loss: 0.06595
[  3, 17051] loss: 0.06517
[  3, 17101] loss: 0.20091
[  3, 17151] loss: 0.11425
[  3, 17201] loss: 0.05612
[  3, 17251] loss: 0.19466
[  3, 17301] loss: 0.38857
[  3, 17351] loss: 0.06373
[  3, 17401] loss: 0.13063
[  3, 17451] loss: 0.28430
[  3, 17501] loss: 0.24889
[  3, 17551] loss: 0.03064
[  3, 17601] loss: 0.09755
[  3, 17651] loss: 0.30231
[  3, 17701] loss: 0.15739
[  3, 17751] loss: 0.04733
[  3, 17801] loss: 0.04738
[  3, 17851] loss: 0.04791
[  3, 17901] loss: 0.07992
[  3, 17951] loss: 0.05365
[  3, 18001] loss: 0.04826
[  3, 18051] loss: 0.08674
[  3, 18101] loss: 0.28291
[  3, 18151] loss: 0.13804
[  3, 18201] loss: 0.17487
[  3, 18251] loss: 0.12717
[  3, 18301] loss: 0.53275
[  3, 18351] loss: 0.42790
[  3, 18401] loss: 0.13248
[  3, 18451] loss: 0.34479
[  3, 18501] loss: 0.56030
[  3, 18551] loss: 0.69225
[  3, 18601] loss: 0.19021
[  3, 18651] loss: 0.31570
[  3, 18701] loss: 0.48715
[  3, 18751] loss: 0.84064
[  3, 18801] loss: 0.32539
[  3, 18851] loss: 0.58499
[  3, 18901] loss: 0.21180
[  3, 18951] loss: 0.49171
[  3, 19001] loss: 0.52869
[  3, 19051] loss: 0.60704
[  3, 19101] loss: 0.43060
[  3, 19151] loss: 0.28046
[  3, 19201] loss: 0.47983
[  3, 19251] loss: 0.39087
[  3, 19301] loss: 0.34138
[  3, 19351] loss: 0.35486
[  3, 19401] loss: 0.26191
[  3, 19451] loss: 0.20734
[  3, 19501] loss: 0.20871
[  3, 19551] loss: 0.22991
[  3, 19601] loss: 0.24841
[  3, 19651] loss: 0.34368
[  3, 19701] loss: 0.18645
[  3, 19751] loss: 0.13441
[  3, 19801] loss: 0.14272
[  3, 19851] loss: 0.19188
[  3, 19901] loss: 0.22669
[  3, 19951] loss: 0.15427
[  3, 20001] loss: 0.18029
[  3, 20051] loss: 0.18727
[  3, 20101] loss: 0.37615
[  3, 20151] loss: 0.35123
[  3, 20201] loss: 0.22774
[  3, 20251] loss: 0.06610
[  3, 20301] loss: 0.11562
[  3, 20351] loss: 0.31912
[  3, 20401] loss: 0.18604
[  3, 20451] loss: 0.07464
[  3, 20501] loss: 0.09564
[  3, 20551] loss: 0.20602
[  3, 20601] loss: 0.23833
[  3, 20651] loss: 0.14725
[  3, 20701] loss: 0.08432
[  3, 20751] loss: 0.13896
[  3, 20801] loss: 0.10961
[  3, 20851] loss: 0.12316
[  3, 20901] loss: 0.14143
[  3, 20951] loss: 0.09771
[  3, 21001] loss: 0.08550
[  3, 21051] loss: 0.13507
[  3, 21101] loss: 0.10131
[  3, 21151] loss: 0.10934
[  3, 21201] loss: 0.09937
[  3, 21251] loss: 0.11503
[  3, 21301] loss: 0.24138
[  3, 21351] loss: 0.11868
[  3, 21401] loss: 0.11995
[  3, 21451] loss: 0.11178
[  3, 21501] loss: 0.13435
[  3, 21551] loss: 0.19770
[  3, 21601] loss: 0.14794
[  3, 21651] loss: 0.15456
[  3, 21701] loss: 0.21946
[  3, 21751] loss: 0.29266
[  3, 21801] loss: 0.33447
[  3, 21851] loss: 0.28803
[  3, 21901] loss: 0.12755
[  3, 21951] loss: 0.25122
[  3, 22001] loss: 0.32264
[  3, 22051] loss: 0.50236
[  3, 22101] loss: 0.15530
[  3, 22151] loss: 0.14393
[  3, 22201] loss: 0.17610
[  3, 22251] loss: 0.35056
[  3, 22301] loss: 0.26121
[  3, 22351] loss: 0.14850
[  3, 22401] loss: 0.12746
[  3, 22451] loss: 0.10466
[  3, 22501] loss: 0.49030
[  3, 22551] loss: 0.33209
[  3, 22601] loss: 0.18958
[  3, 22651] loss: 0.18487
[  3, 22701] loss: 0.28783
[  3, 22751] loss: 0.50792
[  3, 22801] loss: 0.19923
[  3, 22851] loss: 0.27801
[  3, 22901] loss: 0.27954
[  3, 22951] loss: 0.15153
[  3, 23001] loss: 0.21958
[  3, 23051] loss: 0.10265
[  3, 23101] loss: 0.09366
[  3, 23151] loss: 0.08392
[  3, 23201] loss: 0.11726
[  3, 23251] loss: 0.09783
[  3, 23301] loss: 0.08844
[  3, 23351] loss: 0.12239
[  3, 23401] loss: 0.07833
[  3, 23451] loss: 0.08150
[  3, 23501] loss: 0.10705
[  3, 23551] loss: 0.19195
[  3, 23601] loss: 0.12392
[  3, 23651] loss: 0.27243
[  3, 23701] loss: 0.28028
[  3, 23751] loss: 0.14925
[  3, 23801] loss: 0.09740
[  3, 23851] loss: 0.05647
[  3, 23901] loss: 0.12477
[  3, 23951] loss: 0.50222
[  3, 24001] loss: 0.11287
[  3, 24051] loss: 0.05013
[  3, 24101] loss: 0.10751
[  3, 24151] loss: 0.05225
[  3, 24201] loss: 0.09755
[  3, 24251] loss: 0.30984
[  3, 24301] loss: 0.15296
[  3, 24351] loss: 0.12081
[  3, 24401] loss: 0.19297
[  3, 24451] loss: 0.08803
[  3, 24501] loss: 0.27555
[  3, 24551] loss: 0.11283
[  3, 24601] loss: 0.18284
[  3, 24651] loss: 0.18388
[  3, 24701] loss: 0.46459
[  3, 24751] loss: 0.10552
[  3, 24801] loss: 0.12198
[  3, 24851] loss: 0.08778
[  3, 24901] loss: 0.20091
[  3, 24951] loss: 0.11206
[  4,     1] loss: 0.08463
[  4,    51] loss: 0.12129
[  4,   101] loss: 0.12283
[  4,   151] loss: 0.08983
[  4,   201] loss: 0.08210
[  4,   251] loss: 0.08288
[  4,   301] loss: 0.19917
[  4,   351] loss: 0.07836
[  4,   401] loss: 0.08271
[  4,   451] loss: 0.09743
[  4,   501] loss: 0.12977
[  4,   551] loss: 0.05782
[  4,   601] loss: 0.04521
[  4,   651] loss: 0.10674
[  4,   701] loss: 0.07948
[  4,   751] loss: 0.05398
[  4,   801] loss: 0.03741
[  4,   851] loss: 0.08870
[  4,   901] loss: 0.06644
[  4,   951] loss: 0.03680
[  4,  1001] loss: 0.05283
[  4,  1051] loss: 0.02820
[  4,  1101] loss: 0.05390
[  4,  1151] loss: 0.08521
[  4,  1201] loss: 0.03118
[  4,  1251] loss: 0.04286
[  4,  1301] loss: 0.10746
[  4,  1351] loss: 0.05473
[  4,  1401] loss: 0.03533
[  4,  1451] loss: 0.09642
[  4,  1501] loss: 0.03189
[  4,  1551] loss: 0.02118
[  4,  1601] loss: 0.02377
[  4,  1651] loss: 0.04580
[  4,  1701] loss: 0.14515
[  4,  1751] loss: 0.18700
[  4,  1801] loss: 0.03364
[  4,  1851] loss: 0.16943
[  4,  1901] loss: 0.30382
[  4,  1951] loss: 0.09157
[  4,  2001] loss: 0.02161
[  4,  2051] loss: 0.10282
[  4,  2101] loss: 0.41578
[  4,  2151] loss: 0.87534
[  4,  2201] loss: 0.03624
[  4,  2251] loss: 0.56370
[  4,  2301] loss: 0.64278
[  4,  2351] loss: 0.44275
[  4,  2401] loss: 0.12687
[  4,  2451] loss: 0.08591
[  4,  2501] loss: 0.24551
[  4,  2551] loss: 0.59097
[  4,  2601] loss: 0.28761
[  4,  2651] loss: 0.10555
[  4,  2701] loss: 0.07945
[  4,  2751] loss: 0.19177
[  4,  2801] loss: 0.25361
[  4,  2851] loss: 0.16453
[  4,  2901] loss: 0.12802
[  4,  2951] loss: 0.10234
[  4,  3001] loss: 0.28098
[  4,  3051] loss: 0.13253
[  4,  3101] loss: 0.06693
[  4,  3151] loss: 0.06364
[  4,  3201] loss: 0.16656
[  4,  3251] loss: 0.15933
[  4,  3301] loss: 0.07614
[  4,  3351] loss: 0.07908
[  4,  3401] loss: 0.04330
[  4,  3451] loss: 0.13122
[  4,  3501] loss: 0.05447
[  4,  3551] loss: 0.05067
[  4,  3601] loss: 0.14629
[  4,  3651] loss: 0.12186
[  4,  3701] loss: 0.02870
[  4,  3751] loss: 0.01767
[  4,  3801] loss: 0.11620
[  4,  3851] loss: 0.05580
[  4,  3901] loss: 0.09767
[  4,  3951] loss: 0.08104
[  4,  4001] loss: 0.12201
[  4,  4051] loss: 0.03387
[  4,  4101] loss: 0.11112
[  4,  4151] loss: 0.02084
[  4,  4201] loss: 0.02993
[  4,  4251] loss: 0.10829
[  4,  4301] loss: 0.12252
[  4,  4351] loss: 0.05423
[  4,  4401] loss: 0.01171
[  4,  4451] loss: 0.08647
[  4,  4501] loss: 0.02675
[  4,  4551] loss: 0.04941
[  4,  4601] loss: 0.02542
[  4,  4651] loss: 0.02292
[  4,  4701] loss: 0.00950
[  4,  4751] loss: 0.04122
[  4,  4801] loss: 0.03612
[  4,  4851] loss: 0.02253
[  4,  4901] loss: 0.02412
[  4,  4951] loss: 0.01709
[  4,  5001] loss: 0.03656
[  4,  5051] loss: 0.08482
[  4,  5101] loss: 0.02142
[  4,  5151] loss: 0.28224
[  4,  5201] loss: 0.03603
[  4,  5251] loss: 0.15006
[  4,  5301] loss: 0.06038
[  4,  5351] loss: 0.04129
[  4,  5401] loss: 0.12457
[  4,  5451] loss: 0.17313
[  4,  5501] loss: 0.08016
[  4,  5551] loss: 0.03470
[  4,  5601] loss: 0.13726
[  4,  5651] loss: 0.06490
[  4,  5701] loss: 0.01074
[  4,  5751] loss: 0.17170
[  4,  5801] loss: 0.04513
[  4,  5851] loss: 0.06973
[  4,  5901] loss: 0.18448
[  4,  5951] loss: 0.08703
[  4,  6001] loss: 0.02105
[  4,  6051] loss: 0.09572
[  4,  6101] loss: 0.45374
[  4,  6151] loss: 0.25263
[  4,  6201] loss: 0.06755
[  4,  6251] loss: 0.10660
[  4,  6301] loss: 0.44246
[  4,  6351] loss: 0.41098
[  4,  6401] loss: 0.26408
[  4,  6451] loss: 0.01303
[  4,  6501] loss: 0.11544
[  4,  6551] loss: 0.28768
[  4,  6601] loss: 0.20195
[  4,  6651] loss: 0.20421
[  4,  6701] loss: 0.24392
[  4,  6751] loss: 0.04399
[  4,  6801] loss: 0.13032
[  4,  6851] loss: 0.14482
[  4,  6901] loss: 0.40332
[  4,  6951] loss: 0.17601
[  4,  7001] loss: 0.04490
[  4,  7051] loss: 0.30468
[  4,  7101] loss: 0.34477
[  4,  7151] loss: 0.32432
[  4,  7201] loss: 0.02567
[  4,  7251] loss: 0.20564
[  4,  7301] loss: 0.29886
[  4,  7351] loss: 0.22762
[  4,  7401] loss: 0.02153
[  4,  7451] loss: 0.08871
[  4,  7501] loss: 0.08840
[  4,  7551] loss: 0.15896
[  4,  7601] loss: 0.05774
[  4,  7651] loss: 0.01773
[  4,  7701] loss: 0.35840
[  4,  7751] loss: 0.02029
[  4,  7801] loss: 0.04785
[  4,  7851] loss: 0.07139
[  4,  7901] loss: 0.03897
[  4,  7951] loss: 0.01722
[  4,  8001] loss: 0.10278
[  4,  8051] loss: 0.29981
[  4,  8101] loss: 0.15864
[  4,  8151] loss: 0.01864
[  4,  8201] loss: 0.06049
[  4,  8251] loss: 0.23051
[  4,  8301] loss: 0.96955
[  4,  8351] loss: 0.39054
[  4,  8401] loss: 0.07317
[  4,  8451] loss: 0.06982
[  4,  8501] loss: 0.22932
[  4,  8551] loss: 0.81034
[  4,  8601] loss: 0.80641
[  4,  8651] loss: 0.17519
[  4,  8701] loss: 0.07778
[  4,  8751] loss: 0.12042
[  4,  8801] loss: 0.28187
[  4,  8851] loss: 0.37741
[  4,  8901] loss: 0.76181
[  4,  8951] loss: 0.34293
[  4,  9001] loss: 0.10068
[  4,  9051] loss: 0.18130
[  4,  9101] loss: 0.38813
[  4,  9151] loss: 0.60312
[  4,  9201] loss: 0.52463
[  4,  9251] loss: 0.26796
[  4,  9301] loss: 0.16291
[  4,  9351] loss: 0.13083
[  4,  9401] loss: 0.19607
[  4,  9451] loss: 0.28134
[  4,  9501] loss: 0.35224
[  4,  9551] loss: 0.22284
[  4,  9601] loss: 0.16775
[  4,  9651] loss: 0.09246
[  4,  9701] loss: 0.08926
[  4,  9751] loss: 0.11308
[  4,  9801] loss: 0.12348
[  4,  9851] loss: 0.06006
[  4,  9901] loss: 0.09090
[  4,  9951] loss: 0.16585
[  4, 10001] loss: 0.18497
[  4, 10051] loss: 0.13816
[  4, 10101] loss: 0.06974
[  4, 10151] loss: 0.08884
[  4, 10201] loss: 0.07388
[  4, 10251] loss: 0.38905
[  4, 10301] loss: 0.37851
[  4, 10351] loss: 0.27658
[  4, 10401] loss: 0.06757
[  4, 10451] loss: 0.04683
[  4, 10501] loss: 0.18879
[  4, 10551] loss: 0.39406
[  4, 10601] loss: 0.36822
[  4, 10651] loss: 0.09043
[  4, 10701] loss: 0.05485
[  4, 10751] loss: 0.11585
[  4, 10801] loss: 0.57523
[  4, 10851] loss: 1.09049
[  4, 10901] loss: 0.34584
[  4, 10951] loss: 0.04134
[  4, 11001] loss: 0.11420
[  4, 11051] loss: 0.61944
[  4, 11101] loss: 0.60052
[  4, 11151] loss: 0.55896
[  4, 11201] loss: 0.14211
[  4, 11251] loss: 0.04443
[  4, 11301] loss: 0.07955
[  4, 11351] loss: 0.18944
[  4, 11401] loss: 0.35726
[  4, 11451] loss: 0.38229
[  4, 11501] loss: 0.18809
[  4, 11551] loss: 0.12020
[  4, 11601] loss: 0.13415
[  4, 11651] loss: 0.06240
[  4, 11701] loss: 0.13639
[  4, 11751] loss: 0.05546
[  4, 11801] loss: 0.17420
[  4, 11851] loss: 0.14611
[  4, 11901] loss: 0.15059
[  4, 11951] loss: 0.06561
[  4, 12001] loss: 0.04323
[  4, 12051] loss: 0.08918
[  4, 12101] loss: 0.04624
[  4, 12151] loss: 0.03940
[  4, 12201] loss: 0.04247
[  4, 12251] loss: 0.06146
[  4, 12301] loss: 0.36247
[  4, 12351] loss: 0.21912
[  4, 12401] loss: 0.08112
[  4, 12451] loss: 0.05328
[  4, 12501] loss: 0.11747
[  4, 12551] loss: 0.27919
[  4, 12601] loss: 0.18206
[  4, 12651] loss: 0.04044
[  4, 12701] loss: 0.08104
[  4, 12751] loss: 0.03250
[  4, 12801] loss: 0.01994
[  4, 12851] loss: 0.05965
[  4, 12901] loss: 0.03858
[  4, 12951] loss: 0.06103
[  4, 13001] loss: 0.02428
[  4, 13051] loss: 0.02091
[  4, 13101] loss: 0.01241
[  4, 13151] loss: 0.03701
[  4, 13201] loss: 0.08571
[  4, 13251] loss: 0.17770
[  4, 13301] loss: 0.09450
[  4, 13351] loss: 0.04324
[  4, 13401] loss: 0.04353
[  4, 13451] loss: 0.10559
[  4, 13501] loss: 0.16989
[  4, 13551] loss: 0.20763
[  4, 13601] loss: 0.08201
[  4, 13651] loss: 0.09998
[  4, 13701] loss: 0.03279
[  4, 13751] loss: 0.02952
[  4, 13801] loss: 0.08289
[  4, 13851] loss: 0.21845
[  4, 13901] loss: 0.11583
[  4, 13951] loss: 0.05390
[  4, 14001] loss: 0.11288
[  4, 14051] loss: 0.01704
[  4, 14101] loss: 0.03713
[  4, 14151] loss: 0.01845
[  4, 14201] loss: 0.03243
[  4, 14251] loss: 0.09486
[  4, 14301] loss: 0.07785
[  4, 14351] loss: 0.09279
[  4, 14401] loss: 0.03473
[  4, 14451] loss: 0.02453
[  4, 14501] loss: 0.10176
[  4, 14551] loss: 0.03531
[  4, 14601] loss: 0.07850
[  4, 14651] loss: 0.05001
[  4, 14701] loss: 0.03190
[  4, 14751] loss: 0.01894
[  4, 14801] loss: 0.02568
[  4, 14851] loss: 0.04054
[  4, 14901] loss: 0.05066
[  4, 14951] loss: 0.04454
[  4, 15001] loss: 0.04985
[  4, 15051] loss: 0.05577
[  4, 15101] loss: 0.03123
[  4, 15151] loss: 0.04102
[  4, 15201] loss: 0.08261
[  4, 15251] loss: 0.12529
[  4, 15301] loss: 0.07194
[  4, 15351] loss: 0.05457
[  4, 15401] loss: 0.06613
[  4, 15451] loss: 0.01646
[  4, 15501] loss: 0.02900
[  4, 15551] loss: 0.09899
[  4, 15601] loss: 0.09139
[  4, 15651] loss: 0.09413
[  4, 15701] loss: 0.07007
[  4, 15751] loss: 0.03094
[  4, 15801] loss: 0.02612
[  4, 15851] loss: 0.15824
[  4, 15901] loss: 0.09408
[  4, 15951] loss: 0.19163
[  4, 16001] loss: 0.15683
[  4, 16051] loss: 0.05863
[  4, 16101] loss: 0.09375
[  4, 16151] loss: 0.17334
[  4, 16201] loss: 0.31706
[  4, 16251] loss: 0.17748
[  4, 16301] loss: 0.03031
[  4, 16351] loss: 0.02682
[  4, 16401] loss: 0.12078
[  4, 16451] loss: 0.16098
[  4, 16501] loss: 0.14881
[  4, 16551] loss: 0.04818
[  4, 16601] loss: 0.01932
[  4, 16651] loss: 0.03136
[  4, 16701] loss: 0.01379
[  4, 16751] loss: 0.01680
[  4, 16801] loss: 0.03448
[  4, 16851] loss: 0.03003
[  4, 16901] loss: 0.09743
[  4, 16951] loss: 0.08697
[  4, 17001] loss: 0.05308
[  4, 17051] loss: 0.04345
[  4, 17101] loss: 0.00886
[  4, 17151] loss: 0.05595
[  4, 17201] loss: 0.03201
[  4, 17251] loss: 0.01449
[  4, 17301] loss: 0.06613
[  4, 17351] loss: 0.02543
[  4, 17401] loss: 0.05789
[  4, 17451] loss: 0.13970
[  4, 17501] loss: 0.01406
[  4, 17551] loss: 0.01989
[  4, 17601] loss: 0.04350
[  4, 17651] loss: 0.20417
[  4, 17701] loss: 0.18313
[  4, 17751] loss: 0.13107
[  4, 17801] loss: 0.02582
[  4, 17851] loss: 0.08128
[  4, 17901] loss: 0.07970
[  4, 17951] loss: 0.08419
[  4, 18001] loss: 0.18751
[  4, 18051] loss: 0.02290
[  4, 18101] loss: 0.02496
[  4, 18151] loss: 0.05524
[  4, 18201] loss: 0.15227
[  4, 18251] loss: 0.09249
[  4, 18301] loss: 0.08934
[  4, 18351] loss: 0.09942
[  4, 18401] loss: 0.09447
[  4, 18451] loss: 0.20490
[  4, 18501] loss: 0.17946
[  4, 18551] loss: 0.10629
[  4, 18601] loss: 0.02476
[  4, 18651] loss: 0.63028
[  4, 18701] loss: 0.36311
[  4, 18751] loss: 0.04372
[  4, 18801] loss: 0.01985
[  4, 18851] loss: 0.14939
[  4, 18901] loss: 0.57019
[  4, 18951] loss: 0.61353
[  4, 19001] loss: 0.15588
[  4, 19051] loss: 0.03034
[  4, 19101] loss: 0.08748
[  4, 19151] loss: 0.41419
[  4, 19201] loss: 1.00879
[  4, 19251] loss: 0.39903
[  4, 19301] loss: 0.27771
[  4, 19351] loss: 0.10657
[  4, 19401] loss: 0.11661
[  4, 19451] loss: 0.26429
[  4, 19501] loss: 0.63701
[  4, 19551] loss: 0.65020
[  4, 19601] loss: 0.26075
[  4, 19651] loss: 0.20158
[  4, 19701] loss: 0.14969
[  4, 19751] loss: 0.18220
[  4, 19801] loss: 0.28384
[  4, 19851] loss: 0.22507
[  4, 19901] loss: 0.32884
[  4, 19951] loss: 0.24384
[  4, 20001] loss: 0.12570
[  4, 20051] loss: 0.08223
[  4, 20101] loss: 0.10538
[  4, 20151] loss: 0.32104
[  4, 20201] loss: 0.08647
[  4, 20251] loss: 0.05772
[  4, 20301] loss: 0.07963
[  4, 20351] loss: 0.07685
[  4, 20401] loss: 0.05355
[  4, 20451] loss: 0.04064
[  4, 20501] loss: 0.11152
[  4, 20551] loss: 0.14490
[  4, 20601] loss: 0.08729
[  4, 20651] loss: 0.08940
[  4, 20701] loss: 0.03756
[  4, 20751] loss: 0.09635
[  4, 20801] loss: 0.24774
[  4, 20851] loss: 0.18855
[  4, 20901] loss: 0.07558
[  4, 20951] loss: 0.09481
[  4, 21001] loss: 0.09301
[  4, 21051] loss: 0.05620
[  4, 21101] loss: 0.05011
[  4, 21151] loss: 0.03558
[  4, 21201] loss: 0.42940
[  4, 21251] loss: 0.27601
[  4, 21301] loss: 0.43276
[  4, 21351] loss: 0.01676
[  4, 21401] loss: 0.04288
[  4, 21451] loss: 0.12470
[  4, 21501] loss: 0.15804
[  4, 21551] loss: 0.13431
[  4, 21601] loss: 0.21484
[  4, 21651] loss: 0.11719
[  4, 21701] loss: 0.05106
[  4, 21751] loss: 0.09267
[  4, 21801] loss: 0.10351
[  4, 21851] loss: 0.10300
[  4, 21901] loss: 0.02105
[  4, 21951] loss: 0.02302
[  4, 22001] loss: 0.20100
[  4, 22051] loss: 0.04232
[  4, 22101] loss: 0.02567
[  4, 22151] loss: 0.00915
[  4, 22201] loss: 0.08128
[  4, 22251] loss: 0.06958
[  4, 22301] loss: 0.03423
[  4, 22351] loss: 0.04523
[  4, 22401] loss: 0.27004
[  4, 22451] loss: 0.19829
[  4, 22501] loss: 0.18549
[  4, 22551] loss: 0.00444
[  4, 22601] loss: 0.13293
[  4, 22651] loss: 0.48392
[  4, 22701] loss: 0.59077
[  4, 22751] loss: 0.02957
[  4, 22801] loss: 0.06186
[  4, 22851] loss: 0.27590
[  4, 22901] loss: 0.11558
[  4, 22951] loss: 0.20735
[  4, 23001] loss: 0.30121
[  4, 23051] loss: 0.05339
[  4, 23101] loss: 0.04885
[  4, 23151] loss: 0.04778
[  4, 23201] loss: 0.17557
[  4, 23251] loss: 0.15343
[  4, 23301] loss: 0.16623
[  4, 23351] loss: 0.16990
[  4, 23401] loss: 0.08327
[  4, 23451] loss: 0.03378
[  4, 23501] loss: 0.03168
[  4, 23551] loss: 0.14858
[  4, 23601] loss: 0.29530
[  4, 23651] loss: 0.40452
[  4, 23701] loss: 0.20952
[  4, 23751] loss: 0.02592
[  4, 23801] loss: 0.07624
[  4, 23851] loss: 0.06690
[  4, 23901] loss: 0.23941
[  4, 23951] loss: 0.25731
[  4, 24001] loss: 0.17569
[  4, 24051] loss: 0.05830
[  4, 24101] loss: 0.04319
[  4, 24151] loss: 0.04333
[  4, 24201] loss: 0.06101
[  4, 24251] loss: 0.35248
[  4, 24301] loss: 0.04023
[  4, 24351] loss: 0.07216
[  4, 24401] loss: 0.12475
[  4, 24451] loss: 0.01973
[  4, 24501] loss: 0.05449
[  4, 24551] loss: 0.04130
[  4, 24601] loss: 0.13192
[  4, 24651] loss: 0.12639
[  4, 24701] loss: 0.41660
[  4, 24751] loss: 0.05124
[  4, 24801] loss: 0.07974
[  4, 24851] loss: 0.02761
[  4, 24901] loss: 0.02938
[  4, 24951] loss: 0.04898
[  5,     1] loss: 0.02457
[  5,    51] loss: 0.09431
[  5,   101] loss: 0.01822
[  5,   151] loss: 0.02676
[  5,   201] loss: 0.02791
[  5,   251] loss: 0.01798
[  5,   301] loss: 0.07939
[  5,   351] loss: 0.05275
[  5,   401] loss: 0.06347
[  5,   451] loss: 0.10716
[  5,   501] loss: 0.01965
[  5,   551] loss: 0.02284
[  5,   601] loss: 0.04989
[  5,   651] loss: 0.06714
[  5,   701] loss: 0.03299
[  5,   751] loss: 0.06205
[  5,   801] loss: 0.04376
[  5,   851] loss: 0.03965
[  5,   901] loss: 0.01801
[  5,   951] loss: 0.02340
[  5,  1001] loss: 0.02280
[  5,  1051] loss: 0.07261
[  5,  1101] loss: 0.13336
[  5,  1151] loss: 0.02324
[  5,  1201] loss: 0.02470
[  5,  1251] loss: 0.03306
[  5,  1301] loss: 0.08096
[  5,  1351] loss: 0.02704
[  5,  1401] loss: 0.06548
[  5,  1451] loss: 0.05506
[  5,  1501] loss: 0.05099
[  5,  1551] loss: 0.07400
[  5,  1601] loss: 0.01628
[  5,  1651] loss: 0.01153
[  5,  1701] loss: 0.00503
[  5,  1751] loss: 0.10232
[  5,  1801] loss: 0.07432
[  5,  1851] loss: 0.06033
[  5,  1901] loss: 0.00292
[  5,  1951] loss: 0.00615
[  5,  2001] loss: 0.03558
[  5,  2051] loss: 0.06046
[  5,  2101] loss: 0.00357
[  5,  2151] loss: 0.00406
[  5,  2201] loss: 0.01789
[  5,  2251] loss: 0.17205
[  5,  2301] loss: 0.01830
[  5,  2351] loss: 0.00324
[  5,  2401] loss: 0.04080
[  5,  2451] loss: 0.07139
[  5,  2501] loss: 0.18236
[  5,  2551] loss: 0.10365
[  5,  2601] loss: 0.02520
[  5,  2651] loss: 0.02823
[  5,  2701] loss: 0.02487
[  5,  2751] loss: 0.06476
[  5,  2801] loss: 0.23625
[  5,  2851] loss: 0.21905
[  5,  2901] loss: 0.03105
[  5,  2951] loss: 0.01302
[  5,  3001] loss: 0.14458
[  5,  3051] loss: 0.09710
[  5,  3101] loss: 0.38845
[  5,  3151] loss: 0.17632
[  5,  3201] loss: 0.06945
[  5,  3251] loss: 0.01465
[  5,  3301] loss: 0.01527
[  5,  3351] loss: 0.03193
[  5,  3401] loss: 0.19980
[  5,  3451] loss: 0.25356
[  5,  3501] loss: 0.13063
[  5,  3551] loss: 0.05735
[  5,  3601] loss: 0.11039
[  5,  3651] loss: 0.04255
[  5,  3701] loss: 0.07283
[  5,  3751] loss: 0.08197
[  5,  3801] loss: 0.31008
[  5,  3851] loss: 0.20062
[  5,  3901] loss: 0.10707
[  5,  3951] loss: 0.01543
[  5,  4001] loss: 0.03524
[  5,  4051] loss: 0.09879
[  5,  4101] loss: 0.26698
[  5,  4151] loss: 0.18263
[  5,  4201] loss: 0.12651
[  5,  4251] loss: 0.01331
[  5,  4301] loss: 0.01568
[  5,  4351] loss: 0.09149
[  5,  4401] loss: 0.04458
[  5,  4451] loss: 0.19500
[  5,  4501] loss: 0.45733
[  5,  4551] loss: 0.05473
[  5,  4601] loss: 0.05069
[  5,  4651] loss: 0.04860
[  5,  4701] loss: 0.01712
[  5,  4751] loss: 0.09177
[  5,  4801] loss: 0.03311
[  5,  4851] loss: 0.15402
[  5,  4901] loss: 0.14054
[  5,  4951] loss: 0.27017
[  5,  5001] loss: 0.11658
[  5,  5051] loss: 0.01627
[  5,  5101] loss: 0.02463
[  5,  5151] loss: 0.42375
[  5,  5201] loss: 0.12343
[  5,  5251] loss: 0.16567
[  5,  5301] loss: 0.10593
[  5,  5351] loss: 0.06278
[  5,  5401] loss: 0.04038
[  5,  5451] loss: 0.01193
[  5,  5501] loss: 0.01299
[  5,  5551] loss: 0.03712
[  5,  5601] loss: 0.03181
[  5,  5651] loss: 0.14401
[  5,  5701] loss: 0.12848
[  5,  5751] loss: 0.08322
[  5,  5801] loss: 0.05524
[  5,  5851] loss: 0.03938
[  5,  5901] loss: 0.04256
[  5,  5951] loss: 0.06083
[  5,  6001] loss: 0.16385
[  5,  6051] loss: 0.05347
[  5,  6101] loss: 0.01168
[  5,  6151] loss: 0.37152
[  5,  6201] loss: 0.02436
[  5,  6251] loss: 0.06207
[  5,  6301] loss: 0.01234
[  5,  6351] loss: 0.07906
[  5,  6401] loss: 0.02307
[  5,  6451] loss: 0.05169
[  5,  6501] loss: 0.00598
[  5,  6551] loss: 0.06034
[  5,  6601] loss: 0.01713
[  5,  6651] loss: 0.04989
[  5,  6701] loss: 0.14492
[  5,  6751] loss: 0.00902
[  5,  6801] loss: 0.01376
[  5,  6851] loss: 0.00641
[  5,  6901] loss: 0.16348
[  5,  6951] loss: 0.01967
[  5,  7001] loss: 0.02301
[  5,  7051] loss: 0.03185
[  5,  7101] loss: 0.16861
[  5,  7151] loss: 0.00427
[  5,  7201] loss: 0.00386
[  5,  7251] loss: 0.01014
[  5,  7301] loss: 0.00462
[  5,  7351] loss: 0.00613
[  5,  7401] loss: 0.01455
[  5,  7451] loss: 0.14512
[  5,  7501] loss: 0.00861
[  5,  7551] loss: 0.00914
[  5,  7601] loss: 0.02211
[  5,  7651] loss: 0.00618
[  5,  7701] loss: 0.43585
[  5,  7751] loss: 0.00683
[  5,  7801] loss: 0.05233
[  5,  7851] loss: 0.05689
[  5,  7901] loss: 0.07855
[  5,  7951] loss: 0.01132
[  5,  8001] loss: 0.02161
[  5,  8051] loss: 0.00269
[  5,  8101] loss: 0.12865
[  5,  8151] loss: 0.32430
[  5,  8201] loss: 0.21894
[  5,  8251] loss: 0.05997
[  5,  8301] loss: 0.00090
[  5,  8351] loss: 0.25239
[  5,  8401] loss: 0.31202
[  5,  8451] loss: 0.22455
[  5,  8501] loss: 0.41658
[  5,  8551] loss: 0.02500
[  5,  8601] loss: 0.00773
[  5,  8651] loss: 0.01768
[  5,  8701] loss: 0.30581
[  5,  8751] loss: 0.41918
[  5,  8801] loss: 0.20727
[  5,  8851] loss: 0.03382
[  5,  8901] loss: 0.01536
[  5,  8951] loss: 0.01843
[  5,  9001] loss: 0.23114
[  5,  9051] loss: 0.50225
[  5,  9101] loss: 0.15857
[  5,  9151] loss: 0.08024
[  5,  9201] loss: 0.04257
[  5,  9251] loss: 0.03427
[  5,  9301] loss: 0.03040
[  5,  9351] loss: 0.07015
[  5,  9401] loss: 0.16655
[  5,  9451] loss: 0.39419
[  5,  9501] loss: 0.36076
[  5,  9551] loss: 0.06330
[  5,  9601] loss: 0.15036
[  5,  9651] loss: 0.07719
[  5,  9701] loss: 0.01872
[  5,  9751] loss: 0.02375
[  5,  9801] loss: 0.19025
[  5,  9851] loss: 0.19393
[  5,  9901] loss: 0.04393
[  5,  9951] loss: 0.03463
[  5, 10001] loss: 0.05016
[  5, 10051] loss: 0.01229
[  5, 10101] loss: 0.07505
[  5, 10151] loss: 0.02542
[  5, 10201] loss: 0.06404
[  5, 10251] loss: 0.03230
[  5, 10301] loss: 0.08432
[  5, 10351] loss: 0.00553
[  5, 10401] loss: 0.02894
[  5, 10451] loss: 0.03044
[  5, 10501] loss: 0.04848
[  5, 10551] loss: 0.01610
[  5, 10601] loss: 0.00746
[  5, 10651] loss: 0.00638
[  5, 10701] loss: 0.02682
[  5, 10751] loss: 0.02715
[  5, 10801] loss: 0.00280
[  5, 10851] loss: 0.22429
[  5, 10901] loss: 0.00056
[  5, 10951] loss: 0.00565
[  5, 11001] loss: 0.00650
[  5, 11051] loss: 0.00490
[  5, 11101] loss: 0.00493
[  5, 11151] loss: 0.00534
[  5, 11201] loss: 0.00161
[  5, 11251] loss: 0.01283
[  5, 11301] loss: 0.04619
[  5, 11351] loss: 0.02263
[  5, 11401] loss: 0.00838
[  5, 11451] loss: 0.00297
[  5, 11501] loss: 0.00349
[  5, 11551] loss: 0.00844
[  5, 11601] loss: 0.14924
[  5, 11651] loss: 0.04501
[  5, 11701] loss: 0.21407
[  5, 11751] loss: 0.06802
[  5, 11801] loss: 0.01469
[  5, 11851] loss: 0.02444
[  5, 11901] loss: 0.00443
[  5, 11951] loss: 0.00674
[  5, 12001] loss: 0.01080
[  5, 12051] loss: 0.01867
[  5, 12101] loss: 0.11552
[  5, 12151] loss: 0.09703
[  5, 12201] loss: 0.06730
[  5, 12251] loss: 0.02708
[  5, 12301] loss: 0.00713
[  5, 12351] loss: 0.00824
[  5, 12401] loss: 0.02012
[  5, 12451] loss: 0.01501
[  5, 12501] loss: 0.10590
[  5, 12551] loss: 0.01581
[  5, 12601] loss: 0.08945
[  5, 12651] loss: 0.02423
[  5, 12701] loss: 0.05607
[  5, 12751] loss: 0.03924
[  5, 12801] loss: 0.00520
[  5, 12851] loss: 0.00422
[  5, 12901] loss: 0.03998
[  5, 12951] loss: 0.06696
[  5, 13001] loss: 0.16533
[  5, 13051] loss: 0.09204
[  5, 13101] loss: 0.03451
[  5, 13151] loss: 0.01363
[  5, 13201] loss: 0.00716
[  5, 13251] loss: 0.02064
[  5, 13301] loss: 0.02993
[  5, 13351] loss: 0.10438
[  5, 13401] loss: 0.44095
[  5, 13451] loss: 0.04986
[  5, 13501] loss: 0.01199
[  5, 13551] loss: 0.00330
[  5, 13601] loss: 0.00359
[  5, 13651] loss: 0.00402
[  5, 13701] loss: 0.23435
[  5, 13751] loss: 0.02366
[  5, 13801] loss: 0.02893
[  5, 13851] loss: 0.23664
[  5, 13901] loss: 0.04828
[  5, 13951] loss: 0.00792
[  5, 14001] loss: 0.07342
[  5, 14051] loss: 0.00862
[  5, 14101] loss: 0.01597
[  5, 14151] loss: 0.04825
[  5, 14201] loss: 0.02139
[  5, 14251] loss: 0.02062
[  5, 14301] loss: 0.03721
[  5, 14351] loss: 0.00601
[  5, 14401] loss: 0.00971
[  5, 14451] loss: 0.00789
[  5, 14501] loss: 0.01092
[  5, 14551] loss: 0.02362
[  5, 14601] loss: 0.11303
[  5, 14651] loss: 0.05350
[  5, 14701] loss: 0.02489
[  5, 14751] loss: 0.01142
[  5, 14801] loss: 0.04051
[  5, 14851] loss: 0.01646
[  5, 14901] loss: 0.14104
[  5, 14951] loss: 0.09824
[  5, 15001] loss: 0.14383
[  5, 15051] loss: 0.29476
[  5, 15101] loss: 0.01058
[  5, 15151] loss: 0.03172
[  5, 15201] loss: 0.13599
[  5, 15251] loss: 0.15771
[  5, 15301] loss: 0.08709
[  5, 15351] loss: 0.03253
[  5, 15401] loss: 0.00612
[  5, 15451] loss: 0.02266
[  5, 15501] loss: 0.01266
[  5, 15551] loss: 0.02044
[  5, 15601] loss: 0.00884
[  5, 15651] loss: 0.02452
[  5, 15701] loss: 0.13698
[  5, 15751] loss: 0.16695
[  5, 15801] loss: 0.08325
[  5, 15851] loss: 0.00951
[  5, 15901] loss: 0.01903
[  5, 15951] loss: 0.09591
[  5, 16001] loss: 0.19454
[  5, 16051] loss: 0.34054
[  5, 16101] loss: 0.88947
[  5, 16151] loss: 0.00757
[  5, 16201] loss: 0.00452
[  5, 16251] loss: 0.06503
[  5, 16301] loss: 0.64835
[  5, 16351] loss: 0.58045
[  5, 16401] loss: 0.15764
[  5, 16451] loss: 0.02495
[  5, 16501] loss: 0.08593
[  5, 16551] loss: 0.55080
[  5, 16601] loss: 0.31410
[  5, 16651] loss: 0.26663
[  5, 16701] loss: 0.37144
[  5, 16751] loss: 0.08665
[  5, 16801] loss: 0.06253
[  5, 16851] loss: 0.12721
[  5, 16901] loss: 0.24822
[  5, 16951] loss: 0.18533
[  5, 17001] loss: 0.45437
[  5, 17051] loss: 0.24047
[  5, 17101] loss: 0.14843
[  5, 17151] loss: 0.06670
[  5, 17201] loss: 0.10701
[  5, 17251] loss: 0.06796
[  5, 17301] loss: 0.07696
[  5, 17351] loss: 0.28313
[  5, 17401] loss: 0.29883
[  5, 17451] loss: 0.10754
[  5, 17501] loss: 0.10836
[  5, 17551] loss: 0.09396
[  5, 17601] loss: 0.05135
[  5, 17651] loss: 0.05726
[  5, 17701] loss: 0.18879
[  5, 17751] loss: 0.17245
[  5, 17801] loss: 0.21309
[  5, 17851] loss: 0.11765
[  5, 17901] loss: 0.01617
[  5, 17951] loss: 0.02525
[  5, 18001] loss: 0.05372
[  5, 18051] loss: 0.15997
[  5, 18101] loss: 0.32052
[  5, 18151] loss: 0.22911
[  5, 18201] loss: 0.16767
[  5, 18251] loss: 0.00466
[  5, 18301] loss: 0.08429
[  5, 18351] loss: 0.06700
[  5, 18401] loss: 0.11549
[  5, 18451] loss: 0.03275
[  5, 18501] loss: 0.06669
[  5, 18551] loss: 0.10098
[  5, 18601] loss: 0.14266
[  5, 18651] loss: 0.05657
[  5, 18701] loss: 0.01820
[  5, 18751] loss: 0.03495
[  5, 18801] loss: 0.06224
[  5, 18851] loss: 0.20596
[  5, 18901] loss: 0.00659
[  5, 18951] loss: 0.12485
[  5, 19001] loss: 0.02580
[  5, 19051] loss: 0.01953
[  5, 19101] loss: 0.23140
[  5, 19151] loss: 0.08852
[  5, 19201] loss: 0.25184
[  5, 19251] loss: 0.01718
[  5, 19301] loss: 0.01477
[  5, 19351] loss: 0.02804
[  5, 19401] loss: 0.08262
[  5, 19451] loss: 0.16935
[  5, 19501] loss: 0.02270
[  5, 19551] loss: 0.06787
[  5, 19601] loss: 0.00550
[  5, 19651] loss: 0.01404
[  5, 19701] loss: 0.01492
[  5, 19751] loss: 0.06217
[  5, 19801] loss: 0.01921
[  5, 19851] loss: 0.02699
[  5, 19901] loss: 0.03577
[  5, 19951] loss: 0.02532
[  5, 20001] loss: 0.03400
[  5, 20051] loss: 0.00953
[  5, 20101] loss: 0.00637
[  5, 20151] loss: 0.19042
[  5, 20201] loss: 0.04997
[  5, 20251] loss: 0.06190
[  5, 20301] loss: 0.07671
[  5, 20351] loss: 0.05683
[  5, 20401] loss: 0.03311
[  5, 20451] loss: 0.01587
[  5, 20501] loss: 0.00786
[  5, 20551] loss: 0.01369
[  5, 20601] loss: 0.07950
[  5, 20651] loss: 0.20144
[  5, 20701] loss: 0.12951
[  5, 20751] loss: 0.13634
[  5, 20801] loss: 0.01103
[  5, 20851] loss: 0.02273
[  5, 20901] loss: 0.04698
[  5, 20951] loss: 0.06915
[  5, 21001] loss: 0.20003
[  5, 21051] loss: 0.49424
[  5, 21101] loss: 0.11978
[  5, 21151] loss: 0.05910
[  5, 21201] loss: 0.02067
[  5, 21251] loss: 0.01627
[  5, 21301] loss: 0.35279
[  5, 21351] loss: 0.31624
[  5, 21401] loss: 0.42696
[  5, 21451] loss: 0.04361
[  5, 21501] loss: 0.02618
[  5, 21551] loss: 0.01096
[  5, 21601] loss: 0.01882
[  5, 21651] loss: 0.19176
[  5, 21701] loss: 0.44467
[  5, 21751] loss: 0.16666
[  5, 21801] loss: 0.03377
[  5, 21851] loss: 0.02414
[  5, 21901] loss: 0.01912
[  5, 21951] loss: 0.03114
[  5, 22001] loss: 0.05426
[  5, 22051] loss: 0.03517
[  5, 22101] loss: 0.06529
[  5, 22151] loss: 0.13279
[  5, 22201] loss: 0.08068
[  5, 22251] loss: 0.07590
[  5, 22301] loss: 0.02572
[  5, 22351] loss: 0.10921
[  5, 22401] loss: 0.03398
[  5, 22451] loss: 0.04813
[  5, 22501] loss: 0.01881
[  5, 22551] loss: 0.06028
[  5, 22601] loss: 0.02822
[  5, 22651] loss: 0.00529
[  5, 22701] loss: 0.12940
[  5, 22751] loss: 0.00654
[  5, 22801] loss: 0.12583
[  5, 22851] loss: 0.19577
[  5, 22901] loss: 0.01356
[  5, 22951] loss: 0.00189
[  5, 23001] loss: 0.00777
[  5, 23051] loss: 0.01227
[  5, 23101] loss: 0.01367
[  5, 23151] loss: 0.02663
[  5, 23201] loss: 0.02339
[  5, 23251] loss: 0.03354
[  5, 23301] loss: 0.00533
[  5, 23351] loss: 0.01152
[  5, 23401] loss: 0.02265
[  5, 23451] loss: 0.01314
[  5, 23501] loss: 0.01799
[  5, 23551] loss: 0.00664
[  5, 23601] loss: 0.01395
[  5, 23651] loss: 0.13248
[  5, 23701] loss: 0.08880
[  5, 23751] loss: 0.01911
[  5, 23801] loss: 0.01550
[  5, 23851] loss: 0.02131
[  5, 23901] loss: 0.05552
[  5, 23951] loss: 0.09437
[  5, 24001] loss: 0.10604
[  5, 24051] loss: 0.03572
[  5, 24101] loss: 0.02484
[  5, 24151] loss: 0.03037
[  5, 24201] loss: 0.02318
[  5, 24251] loss: 0.05497
[  5, 24301] loss: 0.00990
[  5, 24351] loss: 0.02851
[  5, 24401] loss: 0.06029
[  5, 24451] loss: 0.03709
[  5, 24501] loss: 0.03460
[  5, 24551] loss: 0.02383
[  5, 24601] loss: 0.06996
[  5, 24651] loss: 0.01065
[  5, 24701] loss: 0.17860
[  5, 24751] loss: 0.02007
[  5, 24801] loss: 0.01336
[  5, 24851] loss: 0.00824
[  5, 24901] loss: 0.04045
[  5, 24951] loss: 0.01165
Finished training
Accuracy on train: 0.99084
Accuracy on test: 0.69140
