{'word_context': 67, 'word_embed_size': 100, 'word_conv_units': 300, 'hidden_units': 0, 'dropout': False, 'batch_size': 50}
train set done
test set done
<bound method MixedNet.parameters of MixedNet (
  (W_wrd): DataParallel (
    (module): Embedding(89528, 100)
  )
  (word_level_conv): DataParallel (
    (module): Conv2d(1, 300, kernel_size=(100, 67), stride=(1, 1), padding=(0, 33))
  )
  (word_level_maxpool): DataParallel (
    (module): AdaptiveMaxPool2d (output_size=(300, 1))
  )
  (fc1): DataParallel (
    (module): Linear (300 -> 2)
  )
)>
[  1,     1] loss: 0.97422
[  1,    51] loss: 3.74275
[  1,   101] loss: 0.87060
[  1,   151] loss: 0.90821
[  1,   201] loss: 0.98043
[  1,   251] loss: 0.75405
[  1,   301] loss: 0.76322
[  1,   351] loss: 0.92647
[  1,   401] loss: 0.76153
[  1,   451] loss: 0.69810
[  1,   501] loss: 0.70763
[  1,   551] loss: 0.69989
[  1,   601] loss: 0.70218
[  1,   651] loss: 0.71599
[  1,   701] loss: 0.73687
[  1,   751] loss: 0.73107
[  1,   801] loss: 0.73039
[  1,   851] loss: 0.73124
[  1,   901] loss: 0.77251
[  1,   951] loss: 0.68898
[  1,  1001] loss: 0.67707
[  1,  1051] loss: 0.69420
[  1,  1101] loss: 0.70990
[  1,  1151] loss: 0.72359
[  1,  1201] loss: 0.64700
[  1,  1251] loss: 0.69255
[  1,  1301] loss: 0.72381
[  1,  1351] loss: 0.80596
[  1,  1401] loss: 0.75634
[  1,  1451] loss: 0.69159
[  1,  1501] loss: 0.66129
[  1,  1551] loss: 0.67880
[  1,  1601] loss: 0.58894
[  1,  1651] loss: 0.71441
[  1,  1701] loss: 0.71879
[  1,  1751] loss: 0.73135
[  1,  1801] loss: 0.63805
[  1,  1851] loss: 0.80241
[  1,  1901] loss: 0.71134
[  1,  1951] loss: 0.73893
[  1,  2001] loss: 0.73674
[  1,  2051] loss: 0.64587
[  1,  2101] loss: 0.66508
[  1,  2151] loss: 0.72653
[  1,  2201] loss: 0.87898
[  1,  2251] loss: 0.68885
[  1,  2301] loss: 0.83109
[  1,  2351] loss: 0.90372
[  1,  2401] loss: 0.78440
[  1,  2451] loss: 0.65098
[  1,  2501] loss: 0.79833
[  1,  2551] loss: 0.77845
[  1,  2601] loss: 0.71385
[  1,  2651] loss: 0.67912
[  1,  2701] loss: 0.86107
[  1,  2751] loss: 1.00919
[  1,  2801] loss: 0.64861
[  1,  2851] loss: 0.66428
[  1,  2901] loss: 0.77133
[  1,  2951] loss: 0.63121
[  1,  3001] loss: 0.59400
[  1,  3051] loss: 0.75551
[  1,  3101] loss: 0.63927
[  1,  3151] loss: 0.82476
[  1,  3201] loss: 0.73548
[  1,  3251] loss: 0.67722
[  1,  3301] loss: 0.71604
[  1,  3351] loss: 0.78451
[  1,  3401] loss: 0.75438
[  1,  3451] loss: 0.70517
[  1,  3501] loss: 0.54070
[  1,  3551] loss: 1.11002
[  1,  3601] loss: 0.87563
[  1,  3651] loss: 0.63982
[  1,  3701] loss: 0.72176
[  1,  3751] loss: 0.96943
[  1,  3801] loss: 0.95471
[  1,  3851] loss: 0.73163
[  1,  3901] loss: 0.88556
[  1,  3951] loss: 0.87697
[  1,  4001] loss: 0.79152
[  1,  4051] loss: 0.60461
[  1,  4101] loss: 0.72195
[  1,  4151] loss: 0.77480
[  1,  4201] loss: 0.62052
[  1,  4251] loss: 0.66498
[  1,  4301] loss: 0.62234
[  1,  4351] loss: 0.69052
[  1,  4401] loss: 0.70667
[  1,  4451] loss: 0.60502
[  1,  4501] loss: 0.61426
[  1,  4551] loss: 0.71694
[  1,  4601] loss: 0.57410
[  1,  4651] loss: 0.60839
[  1,  4701] loss: 0.75564
[  1,  4751] loss: 0.64590
[  1,  4801] loss: 0.59055
[  1,  4851] loss: 0.78473
[  1,  4901] loss: 0.77663
[  1,  4951] loss: 0.73422
[  1,  5001] loss: 0.78735
[  1,  5051] loss: 0.71086
[  1,  5101] loss: 0.85191
[  1,  5151] loss: 0.63614
[  1,  5201] loss: 0.65123
[  1,  5251] loss: 0.69426
[  1,  5301] loss: 0.71842
[  1,  5351] loss: 0.72157
[  1,  5401] loss: 0.74876
[  1,  5451] loss: 0.71664
[  1,  5501] loss: 0.76484
[  1,  5551] loss: 0.61698
[  1,  5601] loss: 0.71067
[  1,  5651] loss: 0.63590
[  1,  5701] loss: 0.69794
[  1,  5751] loss: 0.72111
[  1,  5801] loss: 0.86779
[  1,  5851] loss: 0.71244
[  1,  5901] loss: 0.73795
[  1,  5951] loss: 0.60595
[  1,  6001] loss: 0.67002
[  1,  6051] loss: 0.68261
[  1,  6101] loss: 0.67440
[  1,  6151] loss: 0.66486
[  1,  6201] loss: 0.65745
[  1,  6251] loss: 0.68975
[  1,  6301] loss: 0.69612
[  1,  6351] loss: 0.66497
[  1,  6401] loss: 0.64281
[  1,  6451] loss: 0.70485
[  1,  6501] loss: 0.73310
[  1,  6551] loss: 0.62709
[  1,  6601] loss: 0.63088
[  1,  6651] loss: 0.66201
[  1,  6701] loss: 0.65890
[  1,  6751] loss: 0.65290
[  1,  6801] loss: 0.64659
[  1,  6851] loss: 0.84120
[  1,  6901] loss: 0.67280
[  1,  6951] loss: 0.72187
[  1,  7001] loss: 0.82470
[  1,  7051] loss: 0.58714
[  1,  7101] loss: 0.72000
[  1,  7151] loss: 0.51124
[  1,  7201] loss: 0.82170
[  1,  7251] loss: 0.72484
[  1,  7301] loss: 0.75846
[  1,  7351] loss: 0.78969
[  1,  7401] loss: 0.74764
[  1,  7451] loss: 0.66333
[  1,  7501] loss: 0.82983
[  1,  7551] loss: 0.54783
[  1,  7601] loss: 0.73464
[  1,  7651] loss: 0.67544
[  1,  7701] loss: 0.65341
[  1,  7751] loss: 0.74492
[  1,  7801] loss: 0.70741
[  1,  7851] loss: 0.63876
[  1,  7901] loss: 0.74763
[  1,  7951] loss: 0.59844
[  1,  8001] loss: 0.64784
[  1,  8051] loss: 0.60227
[  1,  8101] loss: 0.80430
[  1,  8151] loss: 0.63262
[  1,  8201] loss: 0.68734
[  1,  8251] loss: 0.77488
[  1,  8301] loss: 0.77343
[  1,  8351] loss: 0.62271
[  1,  8401] loss: 0.76247
[  1,  8451] loss: 1.04998
[  1,  8501] loss: 0.96089
[  1,  8551] loss: 0.67461
[  1,  8601] loss: 0.82104
[  1,  8651] loss: 1.30260
[  1,  8701] loss: 1.06842
[  1,  8751] loss: 0.66656
[  1,  8801] loss: 0.69570
[  1,  8851] loss: 1.03422
[  1,  8901] loss: 1.12220
[  1,  8951] loss: 0.84278
[  1,  9001] loss: 0.68308
[  1,  9051] loss: 0.73921
[  1,  9101] loss: 0.97135
[  1,  9151] loss: 0.93722
[  1,  9201] loss: 0.89796
[  1,  9251] loss: 0.72684
[  1,  9301] loss: 0.93494
[  1,  9351] loss: 0.90861
[  1,  9401] loss: 1.06761
[  1,  9451] loss: 0.75477
[  1,  9501] loss: 0.88821
[  1,  9551] loss: 0.88585
[  1,  9601] loss: 1.13081
[  1,  9651] loss: 0.69234
[  1,  9701] loss: 0.79614
[  1,  9751] loss: 0.88429
[  1,  9801] loss: 1.11612
[  1,  9851] loss: 0.96203
[  1,  9901] loss: 0.71018
[  1,  9951] loss: 0.63611
[  1, 10001] loss: 0.74711
[  1, 10051] loss: 0.59146
[  1, 10101] loss: 0.65907
[  1, 10151] loss: 0.67656
[  1, 10201] loss: 0.66251
[  1, 10251] loss: 0.52323
[  1, 10301] loss: 0.87403
[  1, 10351] loss: 0.56382
[  1, 10401] loss: 0.82641
[  1, 10451] loss: 0.62737
[  1, 10501] loss: 0.67123
[  1, 10551] loss: 0.65832
[  1, 10601] loss: 0.77269
[  1, 10651] loss: 0.59089
[  1, 10701] loss: 0.74125
[  1, 10751] loss: 0.72702
[  1, 10801] loss: 0.67572
[  1, 10851] loss: 0.70719
[  1, 10901] loss: 0.83946
[  1, 10951] loss: 0.61297
[  1, 11001] loss: 0.68713
[  1, 11051] loss: 0.69059
[  1, 11101] loss: 0.78938
[  1, 11151] loss: 0.78233
[  1, 11201] loss: 0.68600
[  1, 11251] loss: 0.72998
[  1, 11301] loss: 0.76079
[  1, 11351] loss: 0.67221
[  1, 11401] loss: 0.66004
[  1, 11451] loss: 0.63642
[  1, 11501] loss: 0.75717
[  1, 11551] loss: 0.76215
[  1, 11601] loss: 0.73251
[  1, 11651] loss: 0.76339
[  1, 11701] loss: 0.84148
[  1, 11751] loss: 0.49957
[  1, 11801] loss: 0.72880
[  1, 11851] loss: 0.56490
[  1, 11901] loss: 0.73211
[  1, 11951] loss: 0.65423
[  1, 12001] loss: 0.60083
[  1, 12051] loss: 0.59721
[  1, 12101] loss: 0.78767
[  1, 12151] loss: 0.81351
[  1, 12201] loss: 0.65461
[  1, 12251] loss: 0.88069
[  1, 12301] loss: 0.96271
[  1, 12351] loss: 0.75929
[  1, 12401] loss: 0.64714
[  1, 12451] loss: 0.76963
[  1, 12501] loss: 0.91233
[  1, 12551] loss: 0.75419
[  1, 12601] loss: 0.85286
[  1, 12651] loss: 0.74193
[  1, 12701] loss: 0.72446
[  1, 12751] loss: 0.69817
[  1, 12801] loss: 0.81117
[  1, 12851] loss: 0.74538
[  1, 12901] loss: 0.59488
[  1, 12951] loss: 0.54771
[  1, 13001] loss: 0.64803
[  1, 13051] loss: 0.78108
[  1, 13101] loss: 0.68158
[  1, 13151] loss: 0.62233
[  1, 13201] loss: 0.65626
[  1, 13251] loss: 0.75172
[  1, 13301] loss: 0.78399
[  1, 13351] loss: 0.59302
[  1, 13401] loss: 0.56917
[  1, 13451] loss: 0.72353
[  1, 13501] loss: 0.71772
[  1, 13551] loss: 0.70788
[  1, 13601] loss: 0.68341
[  1, 13651] loss: 0.57139
[  1, 13701] loss: 0.65835
[  1, 13751] loss: 0.71095
[  1, 13801] loss: 0.65032
[  1, 13851] loss: 0.51629
[  1, 13901] loss: 0.66431
[  1, 13951] loss: 0.68227
[  1, 14001] loss: 0.64811
[  1, 14051] loss: 0.66581
[  1, 14101] loss: 0.65481
[  1, 14151] loss: 0.83965
[  1, 14201] loss: 0.64163
[  1, 14251] loss: 0.64756
[  1, 14301] loss: 0.71585
[  1, 14351] loss: 0.85151
[  1, 14401] loss: 0.71339
[  1, 14451] loss: 0.65548
[  1, 14501] loss: 0.67336
[  1, 14551] loss: 0.69845
[  1, 14601] loss: 0.64948
[  1, 14651] loss: 0.62404
[  1, 14701] loss: 0.64266
[  1, 14751] loss: 0.59154
[  1, 14801] loss: 0.82257
[  1, 14851] loss: 0.72109
[  1, 14901] loss: 0.64696
[  1, 14951] loss: 0.69999
[  1, 15001] loss: 0.56798
[  1, 15051] loss: 0.66762
[  1, 15101] loss: 0.62560
[  1, 15151] loss: 0.66265
[  1, 15201] loss: 0.71054
[  1, 15251] loss: 0.72618
[  1, 15301] loss: 0.70349
[  1, 15351] loss: 0.57727
[  1, 15401] loss: 0.70959
[  1, 15451] loss: 0.71268
[  1, 15501] loss: 0.65120
[  1, 15551] loss: 0.70951
[  1, 15601] loss: 0.69337
[  1, 15651] loss: 0.67287
[  1, 15701] loss: 0.61664
[  1, 15751] loss: 0.66528
[  1, 15801] loss: 0.63496
[  1, 15851] loss: 0.78880
[  1, 15901] loss: 0.72875
[  1, 15951] loss: 0.72136
[  1, 16001] loss: 0.60540
[  1, 16051] loss: 0.69962
[  1, 16101] loss: 0.80876
[  1, 16151] loss: 0.77973
[  1, 16201] loss: 0.76861
[  1, 16251] loss: 0.79426
[  1, 16301] loss: 0.63759
[  1, 16351] loss: 0.73854
[  1, 16401] loss: 0.66373
[  1, 16451] loss: 0.68006
[  1, 16501] loss: 0.67722
[  1, 16551] loss: 0.69403
[  1, 16601] loss: 0.53882
[  1, 16651] loss: 0.54280
[  1, 16701] loss: 0.81618
[  1, 16751] loss: 0.63898
[  1, 16801] loss: 0.74277
[  1, 16851] loss: 0.80039
[  1, 16901] loss: 0.66041
[  1, 16951] loss: 0.85218
[  1, 17001] loss: 0.68141
[  1, 17051] loss: 0.69025
[  1, 17101] loss: 0.65352
[  1, 17151] loss: 0.71477
[  1, 17201] loss: 0.67629
[  1, 17251] loss: 0.59308
[  1, 17301] loss: 0.70596
[  1, 17351] loss: 0.67262
[  1, 17401] loss: 0.65665
[  1, 17451] loss: 0.67939
[  1, 17501] loss: 0.70072
[  1, 17551] loss: 0.68445
[  1, 17601] loss: 0.65767
[  1, 17651] loss: 0.63709
[  1, 17701] loss: 0.67474
[  1, 17751] loss: 0.80220
[  1, 17801] loss: 0.63968
[  1, 17851] loss: 0.69676
[  1, 17901] loss: 0.61924
[  1, 17951] loss: 0.55729
[  1, 18001] loss: 0.65875
[  1, 18051] loss: 0.58545
[  1, 18101] loss: 0.65750
[  1, 18151] loss: 0.76224
[  1, 18201] loss: 0.62776
[  1, 18251] loss: 0.67370
[  1, 18301] loss: 0.72773
[  1, 18351] loss: 0.56433
[  1, 18401] loss: 0.60950
[  1, 18451] loss: 0.78760
[  1, 18501] loss: 0.66952
[  1, 18551] loss: 0.76433
[  1, 18601] loss: 0.59562
[  1, 18651] loss: 0.67295
[  1, 18701] loss: 0.67360
[  1, 18751] loss: 0.64821
[  1, 18801] loss: 0.74972
[  1, 18851] loss: 0.65535
[  1, 18901] loss: 0.56290
[  1, 18951] loss: 0.67882
[  1, 19001] loss: 0.63199
[  1, 19051] loss: 0.73148
[  1, 19101] loss: 0.67806
[  1, 19151] loss: 0.65484
[  1, 19201] loss: 0.70291
[  1, 19251] loss: 0.66981
[  1, 19301] loss: 0.78163
[  1, 19351] loss: 0.56821
[  1, 19401] loss: 0.74599
[  1, 19451] loss: 0.51684
[  1, 19501] loss: 0.66741
[  1, 19551] loss: 0.71141
[  1, 19601] loss: 0.55194
[  1, 19651] loss: 0.66869
[  1, 19701] loss: 0.67084
[  1, 19751] loss: 0.68504
[  1, 19801] loss: 0.58235
[  1, 19851] loss: 0.67234
[  1, 19901] loss: 0.75882
[  1, 19951] loss: 0.61526
[  1, 20001] loss: 0.75621
[  1, 20051] loss: 0.55805
[  1, 20101] loss: 0.78951
[  1, 20151] loss: 0.85344
[  1, 20201] loss: 0.70427
[  1, 20251] loss: 0.61652
[  1, 20301] loss: 0.62813
[  1, 20351] loss: 0.72151
[  1, 20401] loss: 0.72519
[  1, 20451] loss: 0.59035
[  1, 20501] loss: 0.65688
[  1, 20551] loss: 0.67323
[  1, 20601] loss: 0.60562
[  1, 20651] loss: 0.70738
[  1, 20701] loss: 0.72058
[  1, 20751] loss: 0.56552
[  1, 20801] loss: 0.74095
[  1, 20851] loss: 0.65158
[  1, 20901] loss: 0.70809
[  1, 20951] loss: 0.56847
[  1, 21001] loss: 0.72021
[  1, 21051] loss: 0.76672
[  1, 21101] loss: 0.70681
[  1, 21151] loss: 0.66598
[  1, 21201] loss: 0.66402
[  1, 21251] loss: 0.74352
[  1, 21301] loss: 0.54850
[  1, 21351] loss: 0.57689
[  1, 21401] loss: 0.77173
[  1, 21451] loss: 0.60073
[  1, 21501] loss: 0.67620
[  1, 21551] loss: 0.86846
[  1, 21601] loss: 0.57251
[  1, 21651] loss: 0.65926
[  1, 21701] loss: 0.68790
[  1, 21751] loss: 0.63295
[  1, 21801] loss: 0.73148
[  1, 21851] loss: 0.67264
[  1, 21901] loss: 0.56842
[  1, 21951] loss: 0.59486
[  1, 22001] loss: 0.73003
[  1, 22051] loss: 0.68376
[  1, 22101] loss: 0.80300
[  1, 22151] loss: 0.66283
[  1, 22201] loss: 0.67723
[  1, 22251] loss: 0.65632
[  1, 22301] loss: 0.57701
[  1, 22351] loss: 0.58509
[  1, 22401] loss: 0.84700
[  1, 22451] loss: 0.65093
[  1, 22501] loss: 0.67362
[  1, 22551] loss: 0.62874
[  1, 22601] loss: 0.63599
[  1, 22651] loss: 0.72885
[  1, 22701] loss: 0.54627
[  1, 22751] loss: 0.68193
[  1, 22801] loss: 0.69190
[  1, 22851] loss: 0.56717
[  1, 22901] loss: 0.60002
[  1, 22951] loss: 0.75781
[  1, 23001] loss: 0.71940
[  1, 23051] loss: 0.66389
[  1, 23101] loss: 0.65895
[  1, 23151] loss: 0.68196
[  1, 23201] loss: 0.67235
[  1, 23251] loss: 0.62296
[  1, 23301] loss: 0.58819
[  1, 23351] loss: 0.65444
[  1, 23401] loss: 0.64772
[  1, 23451] loss: 0.60392
[  1, 23501] loss: 0.70271
[  1, 23551] loss: 0.77806
[  1, 23601] loss: 0.67840
[  1, 23651] loss: 0.71341
[  1, 23701] loss: 0.64286
[  1, 23751] loss: 0.63470
[  1, 23801] loss: 0.62629
[  1, 23851] loss: 0.67707
[  1, 23901] loss: 0.70822
[  1, 23951] loss: 0.76369
[  1, 24001] loss: 0.51454
[  1, 24051] loss: 0.68792
[  1, 24101] loss: 0.73019
[  1, 24151] loss: 0.57986
[  1, 24201] loss: 0.81036
[  1, 24251] loss: 0.81018
[  1, 24301] loss: 0.77836
[  1, 24351] loss: 0.60433
[  1, 24401] loss: 0.67725
[  1, 24451] loss: 0.90364
[  1, 24501] loss: 0.65003
[  1, 24551] loss: 0.68357
[  1, 24601] loss: 0.66887
[  1, 24651] loss: 0.76648
[  1, 24701] loss: 0.64584
[  1, 24751] loss: 0.63883
[  1, 24801] loss: 0.71832
[  1, 24851] loss: 0.65977
[  1, 24901] loss: 0.86342
[  1, 24951] loss: 0.65552
[  2,     1] loss: 0.42225
[  2,    51] loss: 0.43694
[  2,   101] loss: 0.46960
[  2,   151] loss: 0.57072
[  2,   201] loss: 0.57890
[  2,   251] loss: 0.50829
[  2,   301] loss: 0.54187
[  2,   351] loss: 0.66393
[  2,   401] loss: 0.51987
[  2,   451] loss: 0.55862
[  2,   501] loss: 0.64224
[  2,   551] loss: 0.61448
[  2,   601] loss: 0.50603
[  2,   651] loss: 0.61168
[  2,   701] loss: 0.59039
[  2,   751] loss: 0.57297
[  2,   801] loss: 0.50162
[  2,   851] loss: 0.56478
[  2,   901] loss: 0.59937
[  2,   951] loss: 0.54350
[  2,  1001] loss: 0.59319
[  2,  1051] loss: 0.55125
[  2,  1101] loss: 0.60737
[  2,  1151] loss: 0.55947
[  2,  1201] loss: 0.55255
[  2,  1251] loss: 0.50772
[  2,  1301] loss: 0.62732
[  2,  1351] loss: 0.65231
[  2,  1401] loss: 0.63555
[  2,  1451] loss: 0.44184
[  2,  1501] loss: 0.50340
[  2,  1551] loss: 0.58019
[  2,  1601] loss: 0.39228
[  2,  1651] loss: 0.56261
[  2,  1701] loss: 0.48682
[  2,  1751] loss: 0.52244
[  2,  1801] loss: 0.56741
[  2,  1851] loss: 0.49690
[  2,  1901] loss: 0.48974
[  2,  1951] loss: 0.59330
[  2,  2001] loss: 0.43719
[  2,  2051] loss: 0.46089
[  2,  2101] loss: 0.46986
[  2,  2151] loss: 0.50615
[  2,  2201] loss: 0.50915
[  2,  2251] loss: 0.59018
[  2,  2301] loss: 0.47960
[  2,  2351] loss: 0.46026
[  2,  2401] loss: 0.52042
[  2,  2451] loss: 0.66991
[  2,  2501] loss: 0.53395
[  2,  2551] loss: 0.47003
[  2,  2601] loss: 0.61164
[  2,  2651] loss: 1.03943
[  2,  2701] loss: 0.47523
[  2,  2751] loss: 0.70412
[  2,  2801] loss: 0.59225
[  2,  2851] loss: 0.62345
[  2,  2901] loss: 0.68050
[  2,  2951] loss: 0.39343
[  2,  3001] loss: 0.47587
[  2,  3051] loss: 1.12176
[  2,  3101] loss: 0.55007
[  2,  3151] loss: 0.43589
[  2,  3201] loss: 0.59988
[  2,  3251] loss: 0.87828
[  2,  3301] loss: 0.70346
[  2,  3351] loss: 0.39217
[  2,  3401] loss: 0.48495
[  2,  3451] loss: 0.88330
[  2,  3501] loss: 0.83792
[  2,  3551] loss: 0.45035
[  2,  3601] loss: 0.44942
[  2,  3651] loss: 0.80325
[  2,  3701] loss: 0.91357
[  2,  3751] loss: 0.48276
[  2,  3801] loss: 0.52893
[  2,  3851] loss: 0.54938
[  2,  3901] loss: 0.82098
[  2,  3951] loss: 0.58462
[  2,  4001] loss: 0.53475
[  2,  4051] loss: 0.39799
[  2,  4101] loss: 0.56685
[  2,  4151] loss: 0.66701
[  2,  4201] loss: 0.55305
[  2,  4251] loss: 0.41416
[  2,  4301] loss: 0.51991
[  2,  4351] loss: 0.70930
[  2,  4401] loss: 0.47368
[  2,  4451] loss: 0.39491
[  2,  4501] loss: 0.42128
[  2,  4551] loss: 0.60844
[  2,  4601] loss: 0.71445
[  2,  4651] loss: 0.31975
[  2,  4701] loss: 0.44201
[  2,  4751] loss: 0.47268
[  2,  4801] loss: 0.39332
[  2,  4851] loss: 0.48370
[  2,  4901] loss: 0.44237
[  2,  4951] loss: 0.33993
[  2,  5001] loss: 0.40839
[  2,  5051] loss: 0.45342
[  2,  5101] loss: 0.50611
[  2,  5151] loss: 0.36926
[  2,  5201] loss: 0.39281
[  2,  5251] loss: 0.46919
[  2,  5301] loss: 0.43620
[  2,  5351] loss: 0.37947
[  2,  5401] loss: 0.39156
[  2,  5451] loss: 0.40046
[  2,  5501] loss: 0.35906
[  2,  5551] loss: 0.33164
[  2,  5601] loss: 0.36783
[  2,  5651] loss: 0.35016
[  2,  5701] loss: 0.36521
[  2,  5751] loss: 0.37875
[  2,  5801] loss: 0.52494
[  2,  5851] loss: 0.33374
[  2,  5901] loss: 0.40383
[  2,  5951] loss: 0.30640
[  2,  6001] loss: 0.33953
[  2,  6051] loss: 0.34375
[  2,  6101] loss: 0.35065
[  2,  6151] loss: 0.35831
[  2,  6201] loss: 0.46643
[  2,  6251] loss: 0.40031
[  2,  6301] loss: 0.32547
[  2,  6351] loss: 0.38877
[  2,  6401] loss: 0.47792
[  2,  6451] loss: 0.39167
[  2,  6501] loss: 0.34491
[  2,  6551] loss: 0.33055
[  2,  6601] loss: 0.38336
[  2,  6651] loss: 0.39315
[  2,  6701] loss: 0.29236
[  2,  6751] loss: 0.36559
[  2,  6801] loss: 0.34846
[  2,  6851] loss: 0.25641
[  2,  6901] loss: 0.36682
[  2,  6951] loss: 0.34437
[  2,  7001] loss: 0.27700
[  2,  7051] loss: 0.27098
[  2,  7101] loss: 0.31650
[  2,  7151] loss: 0.28860
[  2,  7201] loss: 0.34835
[  2,  7251] loss: 0.36561
[  2,  7301] loss: 0.37658
[  2,  7351] loss: 0.33010
[  2,  7401] loss: 0.28445
[  2,  7451] loss: 0.25952
[  2,  7501] loss: 0.40958
[  2,  7551] loss: 0.38589
[  2,  7601] loss: 0.27579
[  2,  7651] loss: 0.38152
[  2,  7701] loss: 0.34282
[  2,  7751] loss: 0.37719
[  2,  7801] loss: 0.26911
[  2,  7851] loss: 0.30350
[  2,  7901] loss: 0.59855
[  2,  7951] loss: 0.37587
[  2,  8001] loss: 0.23518
[  2,  8051] loss: 0.23463
[  2,  8101] loss: 0.47780
[  2,  8151] loss: 0.51875
[  2,  8201] loss: 0.39506
[  2,  8251] loss: 0.29060
[  2,  8301] loss: 0.54488
[  2,  8351] loss: 0.58915
[  2,  8401] loss: 0.62169
[  2,  8451] loss: 0.28298
[  2,  8501] loss: 0.65479
[  2,  8551] loss: 1.48204
[  2,  8601] loss: 0.81340
[  2,  8651] loss: 0.21359
[  2,  8701] loss: 0.46846
[  2,  8751] loss: 1.10821
[  2,  8801] loss: 1.46174
[  2,  8851] loss: 0.86077
[  2,  8901] loss: 0.37882
[  2,  8951] loss: 0.53932
[  2,  9001] loss: 1.46570
[  2,  9051] loss: 1.58176
[  2,  9101] loss: 1.05563
[  2,  9151] loss: 0.33865
[  2,  9201] loss: 0.51302
[  2,  9251] loss: 1.74543
[  2,  9301] loss: 1.54446
[  2,  9351] loss: 1.18174
[  2,  9401] loss: 0.32375
[  2,  9451] loss: 0.47093
[  2,  9501] loss: 1.11570
[  2,  9551] loss: 1.41006
[  2,  9601] loss: 1.05133
[  2,  9651] loss: 0.53784
[  2,  9701] loss: 0.33017
[  2,  9751] loss: 0.68839
[  2,  9801] loss: 0.91594
[  2,  9851] loss: 1.00799
[  2,  9901] loss: 0.56183
[  2,  9951] loss: 0.23233
[  2, 10001] loss: 0.59292
[  2, 10051] loss: 0.83191
[  2, 10101] loss: 0.90937
[  2, 10151] loss: 0.38495
[  2, 10201] loss: 0.30211
[  2, 10251] loss: 0.52593
[  2, 10301] loss: 0.88164
[  2, 10351] loss: 0.95564
[  2, 10401] loss: 0.24141
[  2, 10451] loss: 0.26985
[  2, 10501] loss: 0.54982
[  2, 10551] loss: 1.06555
[  2, 10601] loss: 0.60295
[  2, 10651] loss: 0.49628
[  2, 10701] loss: 0.21927
[  2, 10751] loss: 0.56048
[  2, 10801] loss: 0.57971
[  2, 10851] loss: 0.68628
[  2, 10901] loss: 0.52538
[  2, 10951] loss: 0.26442
[  2, 11001] loss: 0.40206
[  2, 11051] loss: 0.79235
[  2, 11101] loss: 0.58211
[  2, 11151] loss: 0.38462
[  2, 11201] loss: 0.31439
[  2, 11251] loss: 0.28506
[  2, 11301] loss: 0.48980
[  2, 11351] loss: 0.51584
[  2, 11401] loss: 0.39726
[  2, 11451] loss: 0.18777
[  2, 11501] loss: 0.25169
[  2, 11551] loss: 0.43215
[  2, 11601] loss: 0.42644
[  2, 11651] loss: 0.43434
[  2, 11701] loss: 0.33985
[  2, 11751] loss: 0.20411
[  2, 11801] loss: 0.25245
[  2, 11851] loss: 0.24902
[  2, 11901] loss: 0.30043
[  2, 11951] loss: 0.19739
[  2, 12001] loss: 0.21376
[  2, 12051] loss: 0.23101
[  2, 12101] loss: 0.25947
[  2, 12151] loss: 0.46312
[  2, 12201] loss: 0.32572
[  2, 12251] loss: 0.36181
[  2, 12301] loss: 0.29664
[  2, 12351] loss: 0.31274
[  2, 12401] loss: 0.36553
[  2, 12451] loss: 0.45196
[  2, 12501] loss: 0.51653
[  2, 12551] loss: 0.19939
[  2, 12601] loss: 0.32727
[  2, 12651] loss: 0.72874
[  2, 12701] loss: 0.50805
[  2, 12751] loss: 0.71271
[  2, 12801] loss: 0.25679
[  2, 12851] loss: 0.25946
[  2, 12901] loss: 0.41423
[  2, 12951] loss: 0.61249
[  2, 13001] loss: 0.77847
[  2, 13051] loss: 0.46348
[  2, 13101] loss: 0.27235
[  2, 13151] loss: 0.33845
[  2, 13201] loss: 0.67507
[  2, 13251] loss: 0.66637
[  2, 13301] loss: 0.44660
[  2, 13351] loss: 0.21618
[  2, 13401] loss: 0.38691
[  2, 13451] loss: 0.88280
[  2, 13501] loss: 0.52293
[  2, 13551] loss: 0.35516
[  2, 13601] loss: 0.19411
[  2, 13651] loss: 0.34359
[  2, 13701] loss: 0.45160
[  2, 13751] loss: 0.76056
[  2, 13801] loss: 0.60750
[  2, 13851] loss: 0.23728
[  2, 13901] loss: 0.20453
[  2, 13951] loss: 0.40087
[  2, 14001] loss: 0.72238
[  2, 14051] loss: 0.68026
[  2, 14101] loss: 0.45700
[  2, 14151] loss: 0.19525
[  2, 14201] loss: 0.27965
[  2, 14251] loss: 0.55432
[  2, 14301] loss: 0.66546
[  2, 14351] loss: 0.43921
[  2, 14401] loss: 0.24704
[  2, 14451] loss: 0.16944
[  2, 14501] loss: 0.34015
[  2, 14551] loss: 0.38889
[  2, 14601] loss: 0.43776
[  2, 14651] loss: 0.28680
[  2, 14701] loss: 0.19814
[  2, 14751] loss: 0.28040
[  2, 14801] loss: 0.34254
[  2, 14851] loss: 0.26090
[  2, 14901] loss: 0.27617
[  2, 14951] loss: 0.21951
[  2, 15001] loss: 0.16195
[  2, 15051] loss: 0.22377
[  2, 15101] loss: 0.25297
[  2, 15151] loss: 0.24229
[  2, 15201] loss: 0.21444
[  2, 15251] loss: 0.19027
[  2, 15301] loss: 0.15874
[  2, 15351] loss: 0.16851
[  2, 15401] loss: 0.24020
[  2, 15451] loss: 0.23711
[  2, 15501] loss: 0.18484
[  2, 15551] loss: 0.31127
[  2, 15601] loss: 0.20865
[  2, 15651] loss: 0.19449
[  2, 15701] loss: 0.17945
[  2, 15751] loss: 0.26646
[  2, 15801] loss: 0.34013
[  2, 15851] loss: 0.27863
[  2, 15901] loss: 0.19731
[  2, 15951] loss: 0.20775
[  2, 16001] loss: 0.27405
[  2, 16051] loss: 0.53936
[  2, 16101] loss: 0.38990
[  2, 16151] loss: 0.23589
[  2, 16201] loss: 0.37624
[  2, 16251] loss: 0.26569
[  2, 16301] loss: 0.33690
[  2, 16351] loss: 0.32206
[  2, 16401] loss: 0.20082
[  2, 16451] loss: 0.20193
[  2, 16501] loss: 0.19810
[  2, 16551] loss: 0.21512
[  2, 16601] loss: 0.14878
[  2, 16651] loss: 0.11949
[  2, 16701] loss: 0.14252
[  2, 16751] loss: 0.13832
[  2, 16801] loss: 0.20356
[  2, 16851] loss: 0.23171
[  2, 16901] loss: 0.18585
[  2, 16951] loss: 0.16571
[  2, 17001] loss: 0.21468
[  2, 17051] loss: 0.22105
[  2, 17101] loss: 0.32913
[  2, 17151] loss: 0.13915
[  2, 17201] loss: 0.31965
[  2, 17251] loss: 0.19838
[  2, 17301] loss: 0.30649
[  2, 17351] loss: 0.31802
[  2, 17401] loss: 0.24738
[  2, 17451] loss: 0.15913
[  2, 17501] loss: 0.16246
[  2, 17551] loss: 0.27480
[  2, 17601] loss: 0.29771
[  2, 17651] loss: 0.28470
[  2, 17701] loss: 0.19298
[  2, 17751] loss: 0.32552
[  2, 17801] loss: 0.22803
[  2, 17851] loss: 0.16274
[  2, 17901] loss: 0.12483
[  2, 17951] loss: 0.17875
[  2, 18001] loss: 0.15654
[  2, 18051] loss: 0.14514
[  2, 18101] loss: 0.15176
[  2, 18151] loss: 0.16684
[  2, 18201] loss: 0.15959
[  2, 18251] loss: 0.15078
[  2, 18301] loss: 0.22174
[  2, 18351] loss: 0.15315
[  2, 18401] loss: 0.16096
[  2, 18451] loss: 0.20043
[  2, 18501] loss: 0.14195
[  2, 18551] loss: 0.27105
[  2, 18601] loss: 0.12652
[  2, 18651] loss: 0.16008
[  2, 18701] loss: 0.22905
[  2, 18751] loss: 0.24147
[  2, 18801] loss: 0.25254
[  2, 18851] loss: 0.12508
[  2, 18901] loss: 0.12628
[  2, 18951] loss: 0.19780
[  2, 19001] loss: 0.37867
[  2, 19051] loss: 0.24495
[  2, 19101] loss: 0.14610
[  2, 19151] loss: 0.19505
[  2, 19201] loss: 0.24385
[  2, 19251] loss: 0.35774
[  2, 19301] loss: 0.20665
[  2, 19351] loss: 0.14877
[  2, 19401] loss: 0.34160
[  2, 19451] loss: 0.23277
[  2, 19501] loss: 0.39822
[  2, 19551] loss: 0.18978
[  2, 19601] loss: 0.16231
[  2, 19651] loss: 0.18084
[  2, 19701] loss: 0.32893
[  2, 19751] loss: 0.23384
[  2, 19801] loss: 0.18690
[  2, 19851] loss: 0.17159
[  2, 19901] loss: 0.15983
[  2, 19951] loss: 0.13249
[  2, 20001] loss: 0.28379
[  2, 20051] loss: 0.14989
[  2, 20101] loss: 0.17263
[  2, 20151] loss: 0.15574
[  2, 20201] loss: 0.12807
[  2, 20251] loss: 0.12526
[  2, 20301] loss: 0.13765
[  2, 20351] loss: 0.15648
[  2, 20401] loss: 0.12696
[  2, 20451] loss: 0.14364
[  2, 20501] loss: 0.19142
[  2, 20551] loss: 0.10467
[  2, 20601] loss: 0.13289
[  2, 20651] loss: 0.36556
[  2, 20701] loss: 0.12357
[  2, 20751] loss: 0.19792
[  2, 20801] loss: 0.19012
[  2, 20851] loss: 0.11417
[  2, 20901] loss: 0.10962
[  2, 20951] loss: 0.09416
[  2, 21001] loss: 0.12344
[  2, 21051] loss: 0.16246
[  2, 21101] loss: 0.17490
[  2, 21151] loss: 0.16533
[  2, 21201] loss: 0.15226
[  2, 21251] loss: 0.16193
[  2, 21301] loss: 0.13648
[  2, 21351] loss: 0.12110
[  2, 21401] loss: 0.13258
[  2, 21451] loss: 0.14622
[  2, 21501] loss: 0.11813
[  2, 21551] loss: 0.13772
[  2, 21601] loss: 0.11422
[  2, 21651] loss: 0.15494
[  2, 21701] loss: 0.10475
[  2, 21751] loss: 0.11777
[  2, 21801] loss: 0.15340
[  2, 21851] loss: 0.16315
[  2, 21901] loss: 0.16403
[  2, 21951] loss: 0.14502
[  2, 22001] loss: 0.13150
[  2, 22051] loss: 0.25353
[  2, 22101] loss: 0.18489
[  2, 22151] loss: 0.12880
[  2, 22201] loss: 0.11311
[  2, 22251] loss: 0.12027
[  2, 22301] loss: 0.10339
[  2, 22351] loss: 0.12880
[  2, 22401] loss: 0.14249
[  2, 22451] loss: 0.10513
[  2, 22501] loss: 0.09942
[  2, 22551] loss: 0.11666
[  2, 22601] loss: 0.11102
[  2, 22651] loss: 0.16876
[  2, 22701] loss: 0.13102
[  2, 22751] loss: 0.13848
[  2, 22801] loss: 0.12059
[  2, 22851] loss: 0.10330
[  2, 22901] loss: 0.13118
[  2, 22951] loss: 0.14738
[  2, 23001] loss: 0.17101
[  2, 23051] loss: 0.12493
[  2, 23101] loss: 0.13015
[  2, 23151] loss: 0.17064
[  2, 23201] loss: 0.19953
[  2, 23251] loss: 0.16066
[  2, 23301] loss: 0.12167
[  2, 23351] loss: 0.08490
[  2, 23401] loss: 0.11845
[  2, 23451] loss: 0.15526
[  2, 23501] loss: 0.13283
[  2, 23551] loss: 0.09633
[  2, 23601] loss: 0.12174
[  2, 23651] loss: 0.18202
[  2, 23701] loss: 0.26180
[  2, 23751] loss: 0.09338
[  2, 23801] loss: 0.08748
[  2, 23851] loss: 0.17962
[  2, 23901] loss: 0.18188
[  2, 23951] loss: 0.13178
[  2, 24001] loss: 0.12819
[  2, 24051] loss: 0.32563
[  2, 24101] loss: 0.25758
[  2, 24151] loss: 0.30003
[  2, 24201] loss: 0.29775
[  2, 24251] loss: 0.11484
[  2, 24301] loss: 0.19099
[  2, 24351] loss: 0.46790
[  2, 24401] loss: 0.65994
[  2, 24451] loss: 0.26914
[  2, 24501] loss: 0.10517
[  2, 24551] loss: 0.37821
[  2, 24601] loss: 0.90919
[  2, 24651] loss: 0.51581
[  2, 24701] loss: 0.18235
[  2, 24751] loss: 0.13573
[  2, 24801] loss: 0.59820
[  2, 24851] loss: 1.24667
[  2, 24901] loss: 0.46954
[  2, 24951] loss: 0.20791
[  3,     1] loss: 0.06628
[  3,    51] loss: 0.54080
[  3,   101] loss: 0.97295
[  3,   151] loss: 0.74927
[  3,   201] loss: 0.40269
[  3,   251] loss: 0.09755
[  3,   301] loss: 0.30464
[  3,   351] loss: 0.60606
[  3,   401] loss: 0.52553
[  3,   451] loss: 0.13384
[  3,   501] loss: 0.08642
[  3,   551] loss: 0.09736
[  3,   601] loss: 0.16753
[  3,   651] loss: 0.11562
[  3,   701] loss: 0.22002
[  3,   751] loss: 0.10951
[  3,   801] loss: 0.09947
[  3,   851] loss: 0.14801
[  3,   901] loss: 0.06475
[  3,   951] loss: 0.12242
[  3,  1001] loss: 0.41302
[  3,  1051] loss: 0.29133
[  3,  1101] loss: 0.20504
[  3,  1151] loss: 0.07712
[  3,  1201] loss: 0.15285
[  3,  1251] loss: 0.32416
[  3,  1301] loss: 0.57438
[  3,  1351] loss: 0.19504
[  3,  1401] loss: 0.16556
[  3,  1451] loss: 0.16855
[  3,  1501] loss: 0.29000
[  3,  1551] loss: 0.30943
[  3,  1601] loss: 0.08753
[  3,  1651] loss: 0.08102
[  3,  1701] loss: 0.10644
[  3,  1751] loss: 0.14410
[  3,  1801] loss: 0.22071
[  3,  1851] loss: 0.14577
[  3,  1901] loss: 0.08639
[  3,  1951] loss: 0.09574
[  3,  2001] loss: 0.05105
[  3,  2051] loss: 0.08348
[  3,  2101] loss: 0.08870
[  3,  2151] loss: 0.17996
[  3,  2201] loss: 0.21188
[  3,  2251] loss: 0.12838
[  3,  2301] loss: 0.06753
[  3,  2351] loss: 0.08281
[  3,  2401] loss: 0.24487
[  3,  2451] loss: 0.19826
[  3,  2501] loss: 0.06746
[  3,  2551] loss: 0.17237
[  3,  2601] loss: 0.23181
[  3,  2651] loss: 0.15750
[  3,  2701] loss: 0.06522
[  3,  2751] loss: 0.60821
[  3,  2801] loss: 0.39461
[  3,  2851] loss: 0.16718
[  3,  2901] loss: 0.35781
[  3,  2951] loss: 0.10020
[  3,  3001] loss: 0.39688
[  3,  3051] loss: 0.33765
[  3,  3101] loss: 0.15710
[  3,  3151] loss: 0.08213
[  3,  3201] loss: 0.36124
[  3,  3251] loss: 0.30510
[  3,  3301] loss: 0.48788
[  3,  3351] loss: 0.04862
[  3,  3401] loss: 0.13821
[  3,  3451] loss: 0.21333
[  3,  3501] loss: 0.11040
[  3,  3551] loss: 0.07796
[  3,  3601] loss: 0.09894
[  3,  3651] loss: 0.18112
[  3,  3701] loss: 0.09679
[  3,  3751] loss: 0.03692
[  3,  3801] loss: 0.35210
[  3,  3851] loss: 0.21767
[  3,  3901] loss: 0.22704
[  3,  3951] loss: 0.10739
[  3,  4001] loss: 0.05062
[  3,  4051] loss: 0.18766
[  3,  4101] loss: 0.31449
[  3,  4151] loss: 0.19455
[  3,  4201] loss: 0.07109
[  3,  4251] loss: 0.13533
[  3,  4301] loss: 0.27685
[  3,  4351] loss: 0.31510
[  3,  4401] loss: 0.12143
[  3,  4451] loss: 0.45587
[  3,  4501] loss: 0.23338
[  3,  4551] loss: 0.57397
[  3,  4601] loss: 0.20618
[  3,  4651] loss: 0.07973
[  3,  4701] loss: 0.06541
[  3,  4751] loss: 0.22248
[  3,  4801] loss: 0.28402
[  3,  4851] loss: 0.23154
[  3,  4901] loss: 0.07324
[  3,  4951] loss: 0.07991
[  3,  5001] loss: 0.17861
[  3,  5051] loss: 0.28554
[  3,  5101] loss: 0.18470
[  3,  5151] loss: 0.08970
[  3,  5201] loss: 0.05654
[  3,  5251] loss: 0.14191
[  3,  5301] loss: 0.19820
[  3,  5351] loss: 0.13952
[  3,  5401] loss: 0.15493
[  3,  5451] loss: 0.05802
[  3,  5501] loss: 0.05331
[  3,  5551] loss: 0.05552
[  3,  5601] loss: 0.08097
[  3,  5651] loss: 0.04921
[  3,  5701] loss: 0.05150
[  3,  5751] loss: 0.05295
[  3,  5801] loss: 0.05282
[  3,  5851] loss: 0.04249
[  3,  5901] loss: 0.33419
[  3,  5951] loss: 0.05340
[  3,  6001] loss: 0.06108
[  3,  6051] loss: 0.07525
[  3,  6101] loss: 0.07783
[  3,  6151] loss: 0.09784
[  3,  6201] loss: 0.21938
[  3,  6251] loss: 0.11086
[  3,  6301] loss: 0.08132
[  3,  6351] loss: 0.11750
[  3,  6401] loss: 0.14518
[  3,  6451] loss: 0.03655
[  3,  6501] loss: 0.12578
[  3,  6551] loss: 0.15564
[  3,  6601] loss: 0.17317
[  3,  6651] loss: 0.10001
[  3,  6701] loss: 0.03306
[  3,  6751] loss: 0.31303
[  3,  6801] loss: 0.12317
[  3,  6851] loss: 0.16800
[  3,  6901] loss: 0.09501
[  3,  6951] loss: 0.06428
[  3,  7001] loss: 0.03776
[  3,  7051] loss: 0.03900
[  3,  7101] loss: 0.05073
[  3,  7151] loss: 0.06232
[  3,  7201] loss: 0.06446
[  3,  7251] loss: 0.12371
[  3,  7301] loss: 0.11179
[  3,  7351] loss: 0.23424
[  3,  7401] loss: 0.05602
[  3,  7451] loss: 0.40277
[  3,  7501] loss: 0.22345
[  3,  7551] loss: 0.05739
[  3,  7601] loss: 0.06309
[  3,  7651] loss: 0.06075
[  3,  7701] loss: 0.13740
[  3,  7751] loss: 0.13077
[  3,  7801] loss: 0.05043
[  3,  7851] loss: 0.05854
[  3,  7901] loss: 0.44589
[  3,  7951] loss: 0.04894
[  3,  8001] loss: 0.04469
[  3,  8051] loss: 0.08169
[  3,  8101] loss: 0.09818
[  3,  8151] loss: 0.04061
[  3,  8201] loss: 0.03430
[  3,  8251] loss: 0.08617
[  3,  8301] loss: 0.20322
[  3,  8351] loss: 0.11874
[  3,  8401] loss: 0.05739
[  3,  8451] loss: 0.07974
[  3,  8501] loss: 0.23207
[  3,  8551] loss: 0.26717
[  3,  8601] loss: 0.04476
[  3,  8651] loss: 0.05774
[  3,  8701] loss: 0.19044
[  3,  8751] loss: 0.15812
[  3,  8801] loss: 0.24621
[  3,  8851] loss: 0.15215
[  3,  8901] loss: 0.14412
[  3,  8951] loss: 0.56922
[  3,  9001] loss: 0.30274
[  3,  9051] loss: 0.05957
[  3,  9101] loss: 0.01533
[  3,  9151] loss: 0.36714
[  3,  9201] loss: 1.18923
[  3,  9251] loss: 0.55707
[  3,  9301] loss: 0.39079
[  3,  9351] loss: 0.01275
[  3,  9401] loss: 0.07361
[  3,  9451] loss: 1.05926
[  3,  9501] loss: 1.48759
[  3,  9551] loss: 0.41406
[  3,  9601] loss: 0.12229
[  3,  9651] loss: 0.02119
[  3,  9701] loss: 0.47093
[  3,  9751] loss: 1.77909
[  3,  9801] loss: 1.10991
[  3,  9851] loss: 0.31234
[  3,  9901] loss: 0.02713
[  3,  9951] loss: 0.40590
[  3, 10001] loss: 0.75536
[  3, 10051] loss: 1.13281
[  3, 10101] loss: 0.26328
[  3, 10151] loss: 0.09588
[  3, 10201] loss: 0.03973
[  3, 10251] loss: 0.16297
[  3, 10301] loss: 0.62087
[  3, 10351] loss: 0.12661
[  3, 10401] loss: 0.15398
[  3, 10451] loss: 0.03846
[  3, 10501] loss: 0.03554
[  3, 10551] loss: 0.03003
[  3, 10601] loss: 0.05897
[  3, 10651] loss: 0.02964
[  3, 10701] loss: 0.07501
[  3, 10751] loss: 0.07374
[  3, 10801] loss: 0.06984
[  3, 10851] loss: 0.02128
[  3, 10901] loss: 0.02663
[  3, 10951] loss: 0.07605
[  3, 11001] loss: 0.33831
[  3, 11051] loss: 0.20127
[  3, 11101] loss: 0.08141
[  3, 11151] loss: 0.03218
[  3, 11201] loss: 0.12367
[  3, 11251] loss: 0.33028
[  3, 11301] loss: 0.23041
[  3, 11351] loss: 0.21529
[  3, 11401] loss: 0.06030
[  3, 11451] loss: 0.03388
[  3, 11501] loss: 0.24655
[  3, 11551] loss: 0.31722
[  3, 11601] loss: 0.22202
[  3, 11651] loss: 0.56153
[  3, 11701] loss: 0.06281
[  3, 11751] loss: 0.04560
[  3, 11801] loss: 0.17063
[  3, 11851] loss: 0.35085
[  3, 11901] loss: 0.31711
[  3, 11951] loss: 0.13336
[  3, 12001] loss: 0.04304
[  3, 12051] loss: 0.02263
[  3, 12101] loss: 0.07337
[  3, 12151] loss: 0.38192
[  3, 12201] loss: 0.27861
[  3, 12251] loss: 0.26017
[  3, 12301] loss: 0.36881
[  3, 12351] loss: 0.12602
[  3, 12401] loss: 0.02865
[  3, 12451] loss: 0.02272
[  3, 12501] loss: 0.21375
[  3, 12551] loss: 0.89949
[  3, 12601] loss: 1.03016
[  3, 12651] loss: 0.35245
[  3, 12701] loss: 0.07319
[  3, 12751] loss: 0.01839
[  3, 12801] loss: 0.60126
[  3, 12851] loss: 1.55126
[  3, 12901] loss: 1.61884
[  3, 12951] loss: 0.46041
[  3, 13001] loss: 0.06795
[  3, 13051] loss: 0.19738
[  3, 13101] loss: 0.63129
[  3, 13151] loss: 1.65426
[  3, 13201] loss: 1.27963
[  3, 13251] loss: 1.00974
[  3, 13301] loss: 0.25789
[  3, 13351] loss: 0.07404
[  3, 13401] loss: 0.36112
[  3, 13451] loss: 0.80303
[  3, 13501] loss: 0.97071
[  3, 13551] loss: 0.40171
[  3, 13601] loss: 0.08613
[  3, 13651] loss: 0.47537
[  3, 13701] loss: 0.28166
[  3, 13751] loss: 0.30329
[  3, 13801] loss: 0.42473
[  3, 13851] loss: 0.12535
[  3, 13901] loss: 0.03959
[  3, 13951] loss: 0.06326
[  3, 14001] loss: 0.10429
[  3, 14051] loss: 0.15785
[  3, 14101] loss: 0.03733
[  3, 14151] loss: 0.05299
[  3, 14201] loss: 0.09988
[  3, 14251] loss: 0.06523
[  3, 14301] loss: 0.03453
[  3, 14351] loss: 0.02353
[  3, 14401] loss: 0.04457
[  3, 14451] loss: 0.15412
[  3, 14501] loss: 0.14290
[  3, 14551] loss: 0.19514
[  3, 14601] loss: 0.13743
[  3, 14651] loss: 0.03512
[  3, 14701] loss: 0.05383
[  3, 14751] loss: 0.04983
[  3, 14801] loss: 0.27259
[  3, 14851] loss: 0.30339
[  3, 14901] loss: 0.07088
[  3, 14951] loss: 0.05948
[  3, 15001] loss: 0.04867
[  3, 15051] loss: 0.07563
[  3, 15101] loss: 0.18412
[  3, 15151] loss: 0.14603
[  3, 15201] loss: 0.06533
[  3, 15251] loss: 0.05499
[  3, 15301] loss: 0.07613
[  3, 15351] loss: 0.06929
[  3, 15401] loss: 0.06728
[  3, 15451] loss: 0.14583
[  3, 15501] loss: 0.08401
[  3, 15551] loss: 0.02909
[  3, 15601] loss: 0.05018
[  3, 15651] loss: 0.08038
[  3, 15701] loss: 0.16658
[  3, 15751] loss: 0.20000
[  3, 15801] loss: 0.13577
[  3, 15851] loss: 0.05942
[  3, 15901] loss: 0.04796
[  3, 15951] loss: 0.13112
[  3, 16001] loss: 0.18690
[  3, 16051] loss: 0.17601
[  3, 16101] loss: 0.34013
[  3, 16151] loss: 0.05221
[  3, 16201] loss: 0.34644
[  3, 16251] loss: 0.35022
[  3, 16301] loss: 0.45542
[  3, 16351] loss: 0.22538
[  3, 16401] loss: 0.06363
[  3, 16451] loss: 0.04418
[  3, 16501] loss: 0.16681
[  3, 16551] loss: 0.25390
[  3, 16601] loss: 0.49014
[  3, 16651] loss: 0.19463
[  3, 16701] loss: 0.03933
[  3, 16751] loss: 0.05205
[  3, 16801] loss: 0.10406
[  3, 16851] loss: 0.20995
[  3, 16901] loss: 0.29394
[  3, 16951] loss: 0.21955
[  3, 17001] loss: 0.16999
[  3, 17051] loss: 0.06898
[  3, 17101] loss: 0.03047
[  3, 17151] loss: 0.21913
[  3, 17201] loss: 0.61542
[  3, 17251] loss: 0.49270
[  3, 17301] loss: 0.35829
[  3, 17351] loss: 0.06905
[  3, 17401] loss: 0.05621
[  3, 17451] loss: 0.24253
[  3, 17501] loss: 0.89850
[  3, 17551] loss: 0.60590
[  3, 17601] loss: 0.16414
[  3, 17651] loss: 0.36878
[  3, 17701] loss: 0.20835
[  3, 17751] loss: 1.01790
[  3, 17801] loss: 0.64485
[  3, 17851] loss: 0.60758
[  3, 17901] loss: 0.22785
[  3, 17951] loss: 0.03772
[  3, 18001] loss: 0.10606
[  3, 18051] loss: 0.34706
[  3, 18101] loss: 0.74178
[  3, 18151] loss: 0.95243
[  3, 18201] loss: 0.26893
[  3, 18251] loss: 0.04378
[  3, 18301] loss: 0.42300
[  3, 18351] loss: 0.33105
[  3, 18401] loss: 0.43288
[  3, 18451] loss: 0.32214
[  3, 18501] loss: 0.32095
[  3, 18551] loss: 0.37151
[  3, 18601] loss: 0.04990
[  3, 18651] loss: 0.04427
[  3, 18701] loss: 0.11805
[  3, 18751] loss: 0.17211
[  3, 18801] loss: 0.51544
[  3, 18851] loss: 0.40715
[  3, 18901] loss: 0.40140
[  3, 18951] loss: 0.08766
[  3, 19001] loss: 0.03558
[  3, 19051] loss: 0.15327
[  3, 19101] loss: 0.66996
[  3, 19151] loss: 0.91386
[  3, 19201] loss: 0.86877
[  3, 19251] loss: 0.30344
[  3, 19301] loss: 0.06402
[  3, 19351] loss: 0.14266
[  3, 19401] loss: 1.07935
[  3, 19451] loss: 0.66254
[  3, 19501] loss: 0.62594
[  3, 19551] loss: 0.25254
[  3, 19601] loss: 0.08166
[  3, 19651] loss: 0.12397
[  3, 19701] loss: 0.26621
[  3, 19751] loss: 0.39981
[  3, 19801] loss: 0.25705
[  3, 19851] loss: 0.12404
[  3, 19901] loss: 0.05449
[  3, 19951] loss: 0.05207
[  3, 20001] loss: 0.42299
[  3, 20051] loss: 0.20906
[  3, 20101] loss: 0.23666
[  3, 20151] loss: 0.09748
[  3, 20201] loss: 0.05809
[  3, 20251] loss: 0.04225
[  3, 20301] loss: 0.09829
[  3, 20351] loss: 0.16852
[  3, 20401] loss: 0.21022
[  3, 20451] loss: 0.09900
[  3, 20501] loss: 0.11370
[  3, 20551] loss: 0.04336
[  3, 20601] loss: 0.08992
[  3, 20651] loss: 0.60155
[  3, 20701] loss: 0.33371
[  3, 20751] loss: 0.09622
[  3, 20801] loss: 0.17922
[  3, 20851] loss: 0.05748
[  3, 20901] loss: 0.12939
[  3, 20951] loss: 0.13993
[  3, 21001] loss: 0.29170
[  3, 21051] loss: 0.19333
[  3, 21101] loss: 0.12264
[  3, 21151] loss: 0.04210
[  3, 21201] loss: 0.08595
[  3, 21251] loss: 0.15662
[  3, 21301] loss: 0.19031
[  3, 21351] loss: 0.24221
[  3, 21401] loss: 0.25605
[  3, 21451] loss: 0.09083
[  3, 21501] loss: 0.07221
[  3, 21551] loss: 0.14836
[  3, 21601] loss: 0.18372
[  3, 21651] loss: 0.37673
[  3, 21701] loss: 0.10675
[  3, 21751] loss: 0.22476
[  3, 21801] loss: 0.10575
[  3, 21851] loss: 0.03879
[  3, 21901] loss: 0.09109
[  3, 21951] loss: 0.18660
[  3, 22001] loss: 0.48305
[  3, 22051] loss: 0.56811
[  3, 22101] loss: 0.14901
[  3, 22151] loss: 0.04886
[  3, 22201] loss: 0.09099
[  3, 22251] loss: 0.26101
[  3, 22301] loss: 0.32496
[  3, 22351] loss: 0.33807
[  3, 22401] loss: 0.11107
[  3, 22451] loss: 0.07433
[  3, 22501] loss: 0.07773
[  3, 22551] loss: 0.05845
[  3, 22601] loss: 0.14609
[  3, 22651] loss: 0.34896
[  3, 22701] loss: 0.08424
[  3, 22751] loss: 0.14456
[  3, 22801] loss: 0.14039
[  3, 22851] loss: 0.07784
[  3, 22901] loss: 0.11146
[  3, 22951] loss: 0.72161
[  3, 23001] loss: 0.08266
[  3, 23051] loss: 0.14977
[  3, 23101] loss: 0.06533
[  3, 23151] loss: 0.07772
[  3, 23201] loss: 0.18713
[  3, 23251] loss: 0.04889
[  3, 23301] loss: 0.15192
[  3, 23351] loss: 0.08737
[  3, 23401] loss: 0.03487
[  3, 23451] loss: 0.06656
[  3, 23501] loss: 0.10536
[  3, 23551] loss: 0.07891
[  3, 23601] loss: 0.05018
[  3, 23651] loss: 0.19640
[  3, 23701] loss: 0.62913
[  3, 23751] loss: 0.08805
[  3, 23801] loss: 0.05843
[  3, 23851] loss: 0.05657
[  3, 23901] loss: 0.04039
[  3, 23951] loss: 0.05482
[  3, 24001] loss: 0.22307
[  3, 24051] loss: 0.48813
[  3, 24101] loss: 0.11522
[  3, 24151] loss: 0.04118
[  3, 24201] loss: 0.28178
[  3, 24251] loss: 0.18507
[  3, 24301] loss: 0.41032
[  3, 24351] loss: 0.24792
[  3, 24401] loss: 0.03059
[  3, 24451] loss: 0.02496
[  3, 24501] loss: 0.33002
[  3, 24551] loss: 0.44371
[  3, 24601] loss: 0.16549
[  3, 24651] loss: 0.06004
[  3, 24701] loss: 0.06220
[  3, 24751] loss: 0.35217
[  3, 24801] loss: 0.43395
[  3, 24851] loss: 0.21614
[  3, 24901] loss: 0.03861
[  3, 24951] loss: 0.04720
[  4,     1] loss: 0.29734
[  4,    51] loss: 0.46404
[  4,   101] loss: 0.18918
[  4,   151] loss: 0.08306
[  4,   201] loss: 0.04224
[  4,   251] loss: 0.18398
[  4,   301] loss: 0.34780
[  4,   351] loss: 0.54360
[  4,   401] loss: 0.17748
[  4,   451] loss: 0.12160
[  4,   501] loss: 0.04948
[  4,   551] loss: 0.22417
[  4,   601] loss: 0.37620
[  4,   651] loss: 0.39667
[  4,   701] loss: 0.37984
[  4,   751] loss: 0.04997
[  4,   801] loss: 0.04536
[  4,   851] loss: 0.24631
[  4,   901] loss: 0.45978
[  4,   951] loss: 0.32963
[  4,  1001] loss: 0.39727
[  4,  1051] loss: 0.06531
[  4,  1101] loss: 0.04561
[  4,  1151] loss: 0.44388
[  4,  1201] loss: 0.73248
[  4,  1251] loss: 0.48213
[  4,  1301] loss: 0.55211
[  4,  1351] loss: 0.02842
[  4,  1401] loss: 0.24221
[  4,  1451] loss: 0.46405
[  4,  1501] loss: 0.39257
[  4,  1551] loss: 0.37988
[  4,  1601] loss: 0.03654
[  4,  1651] loss: 0.07568
[  4,  1701] loss: 0.11610
[  4,  1751] loss: 0.30416
[  4,  1801] loss: 0.37929
[  4,  1851] loss: 0.11137
[  4,  1901] loss: 0.11357
[  4,  1951] loss: 0.09297
[  4,  2001] loss: 0.11511
[  4,  2051] loss: 0.10695
[  4,  2101] loss: 0.16185
[  4,  2151] loss: 0.07701
[  4,  2201] loss: 0.30784
[  4,  2251] loss: 0.04889
[  4,  2301] loss: 0.03699
[  4,  2351] loss: 0.06636
[  4,  2401] loss: 0.09241
[  4,  2451] loss: 0.13958
[  4,  2501] loss: 0.05728
[  4,  2551] loss: 0.08287
[  4,  2601] loss: 0.01825
[  4,  2651] loss: 0.03432
[  4,  2701] loss: 0.05227
[  4,  2751] loss: 0.59383
[  4,  2801] loss: 0.18312
[  4,  2851] loss: 0.02518
[  4,  2901] loss: 0.55081
[  4,  2951] loss: 0.07132
[  4,  3001] loss: 0.01664
[  4,  3051] loss: 0.20142
[  4,  3101] loss: 0.03121
[  4,  3151] loss: 0.06701
[  4,  3201] loss: 0.06092
[  4,  3251] loss: 0.05052
[  4,  3301] loss: 0.58426
[  4,  3351] loss: 0.04797
[  4,  3401] loss: 0.03385
[  4,  3451] loss: 0.01660
[  4,  3501] loss: 0.02720
[  4,  3551] loss: 0.03937
[  4,  3601] loss: 0.06201
[  4,  3651] loss: 0.01945
[  4,  3701] loss: 0.02433
[  4,  3751] loss: 0.05278
[  4,  3801] loss: 0.45561
[  4,  3851] loss: 0.01954
[  4,  3901] loss: 0.16427
[  4,  3951] loss: 0.03282
[  4,  4001] loss: 0.12903
[  4,  4051] loss: 0.03439
[  4,  4101] loss: 0.01342
[  4,  4151] loss: 0.04212
[  4,  4201] loss: 0.03820
[  4,  4251] loss: 0.05122
[  4,  4301] loss: 0.02586
[  4,  4351] loss: 0.08344
[  4,  4401] loss: 0.06600
[  4,  4451] loss: 0.60954
[  4,  4501] loss: 0.01654
[  4,  4551] loss: 0.39387
[  4,  4601] loss: 0.02977
[  4,  4651] loss: 0.05026
[  4,  4701] loss: 0.13899
[  4,  4751] loss: 0.05549
[  4,  4801] loss: 0.01061
[  4,  4851] loss: 0.01286
[  4,  4901] loss: 0.06476
[  4,  4951] loss: 0.14980
[  4,  5001] loss: 0.08632
[  4,  5051] loss: 0.07839
[  4,  5101] loss: 0.04057
[  4,  5151] loss: 0.03115
[  4,  5201] loss: 0.09828
[  4,  5251] loss: 0.18779
[  4,  5301] loss: 0.14429
[  4,  5351] loss: 0.07915
[  4,  5401] loss: 0.19135
[  4,  5451] loss: 0.03025
[  4,  5501] loss: 0.05924
[  4,  5551] loss: 0.08340
[  4,  5601] loss: 0.15656
[  4,  5651] loss: 0.11693
[  4,  5701] loss: 0.09413
[  4,  5751] loss: 0.03464
[  4,  5801] loss: 0.04413
[  4,  5851] loss: 0.05761
[  4,  5901] loss: 0.40513
[  4,  5951] loss: 0.11258
[  4,  6001] loss: 0.09513
[  4,  6051] loss: 0.09943
[  4,  6101] loss: 0.07875
[  4,  6151] loss: 0.02710
[  4,  6201] loss: 0.32474
[  4,  6251] loss: 0.08994
[  4,  6301] loss: 0.06142
[  4,  6351] loss: 0.07863
[  4,  6401] loss: 0.09534
[  4,  6451] loss: 0.05522
[  4,  6501] loss: 0.04949
[  4,  6551] loss: 0.02448
[  4,  6601] loss: 0.03865
[  4,  6651] loss: 0.01876
[  4,  6701] loss: 0.05882
[  4,  6751] loss: 0.39282
[  4,  6801] loss: 0.04208
[  4,  6851] loss: 0.02138
[  4,  6901] loss: 0.04907
[  4,  6951] loss: 0.08371
[  4,  7001] loss: 0.12069
[  4,  7051] loss: 0.07819
[  4,  7101] loss: 0.06904
[  4,  7151] loss: 0.02445
[  4,  7201] loss: 0.02442
[  4,  7251] loss: 0.03493
[  4,  7301] loss: 0.03419
[  4,  7351] loss: 0.33213
[  4,  7401] loss: 0.11987
[  4,  7451] loss: 0.40512
[  4,  7501] loss: 0.05366
[  4,  7551] loss: 0.03156
[  4,  7601] loss: 0.06464
[  4,  7651] loss: 0.03938
[  4,  7701] loss: 0.03891
[  4,  7751] loss: 0.04045
[  4,  7801] loss: 0.10287
[  4,  7851] loss: 0.04791
[  4,  7901] loss: 0.47718
[  4,  7951] loss: 0.01615
[  4,  8001] loss: 0.03576
[  4,  8051] loss: 0.03296
[  4,  8101] loss: 0.03464
[  4,  8151] loss: 0.06006
[  4,  8201] loss: 0.05922
[  4,  8251] loss: 0.03701
[  4,  8301] loss: 0.00600
[  4,  8351] loss: 0.00737
[  4,  8401] loss: 0.02756
[  4,  8451] loss: 0.05864
[  4,  8501] loss: 0.01172
[  4,  8551] loss: 0.34624
[  4,  8601] loss: 0.02695
[  4,  8651] loss: 0.05197
[  4,  8701] loss: 0.01319
[  4,  8751] loss: 0.01648
[  4,  8801] loss: 0.33600
[  4,  8851] loss: 0.25204
[  4,  8901] loss: 0.02160
[  4,  8951] loss: 0.00128
[  4,  9001] loss: 0.00414
[  4,  9051] loss: 0.08760
[  4,  9101] loss: 0.09468
[  4,  9151] loss: 0.04198
[  4,  9201] loss: 0.00313
[  4,  9251] loss: 0.00105
[  4,  9301] loss: 0.36557
[  4,  9351] loss: 0.03702
[  4,  9401] loss: 0.08904
[  4,  9451] loss: 0.01349
[  4,  9501] loss: 0.01548
[  4,  9551] loss: 0.00230
[  4,  9601] loss: 0.00796
[  4,  9651] loss: 0.04440
[  4,  9701] loss: 0.03457
[  4,  9751] loss: 0.74240
[  4,  9801] loss: 0.00446
[  4,  9851] loss: 0.00911
[  4,  9901] loss: 0.05354
[  4,  9951] loss: 0.03763
[  4, 10001] loss: 0.00565
[  4, 10051] loss: 0.42253
[  4, 10101] loss: 0.00310
[  4, 10151] loss: 0.03357
[  4, 10201] loss: 0.03200
[  4, 10251] loss: 0.01002
[  4, 10301] loss: 0.58862
[  4, 10351] loss: 0.06030
[  4, 10401] loss: 0.03559
[  4, 10451] loss: 0.09477
[  4, 10501] loss: 0.03894
[  4, 10551] loss: 0.01584
[  4, 10601] loss: 0.03346
[  4, 10651] loss: 0.09439
[  4, 10701] loss: 0.08004
[  4, 10751] loss: 0.07325
[  4, 10801] loss: 0.06236
[  4, 10851] loss: 0.07091
[  4, 10901] loss: 0.04824
[  4, 10951] loss: 0.04057
[  4, 11001] loss: 0.00584
[  4, 11051] loss: 0.01139
[  4, 11101] loss: 0.05278
[  4, 11151] loss: 0.21393
[  4, 11201] loss: 0.18309
[  4, 11251] loss: 0.02768
[  4, 11301] loss: 0.02409
[  4, 11351] loss: 0.00760
[  4, 11401] loss: 0.03854
[  4, 11451] loss: 0.12625
[  4, 11501] loss: 0.08146
[  4, 11551] loss: 0.05240
[  4, 11601] loss: 0.03590
[  4, 11651] loss: 0.44814
[  4, 11701] loss: 0.03252
[  4, 11751] loss: 0.02945
[  4, 11801] loss: 0.01419
[  4, 11851] loss: 0.03228
[  4, 11901] loss: 0.05005
[  4, 11951] loss: 0.03045
[  4, 12001] loss: 0.01071
[  4, 12051] loss: 0.03172
[  4, 12101] loss: 0.07093
[  4, 12151] loss: 0.54326
[  4, 12201] loss: 0.01722
[  4, 12251] loss: 0.01366
[  4, 12301] loss: 0.00638
[  4, 12351] loss: 0.02730
[  4, 12401] loss: 0.11420
[  4, 12451] loss: 0.24379
[  4, 12501] loss: 0.14460
[  4, 12551] loss: 0.01553
[  4, 12601] loss: 0.01382
[  4, 12651] loss: 0.00182
[  4, 12701] loss: 0.10424
[  4, 12751] loss: 0.50914
[  4, 12801] loss: 0.69465
[  4, 12851] loss: 0.02344
[  4, 12901] loss: 0.00389
[  4, 12951] loss: 0.00165
[  4, 13001] loss: 0.08492
[  4, 13051] loss: 0.36395
[  4, 13101] loss: 0.26238
[  4, 13151] loss: 0.03307
[  4, 13201] loss: 0.00843
[  4, 13251] loss: 0.00165
[  4, 13301] loss: 0.00463
[  4, 13351] loss: 0.02704
[  4, 13401] loss: 0.01238
[  4, 13451] loss: 0.02293
[  4, 13501] loss: 0.02939
[  4, 13551] loss: 0.08475
[  4, 13601] loss: 0.22196
[  4, 13651] loss: 0.66488
[  4, 13701] loss: 0.00756
[  4, 13751] loss: 0.00377
[  4, 13801] loss: 0.01085
[  4, 13851] loss: 0.11620
[  4, 13901] loss: 0.22184
[  4, 13951] loss: 0.11311
[  4, 14001] loss: 0.01683
[  4, 14051] loss: 0.01402
[  4, 14101] loss: 0.01873
[  4, 14151] loss: 0.03223
[  4, 14201] loss: 0.13104
[  4, 14251] loss: 0.10397
[  4, 14301] loss: 0.05143
[  4, 14351] loss: 0.07925
[  4, 14401] loss: 0.06592
[  4, 14451] loss: 0.01803
[  4, 14501] loss: 0.01400
[  4, 14551] loss: 0.01530
[  4, 14601] loss: 0.06706
[  4, 14651] loss: 0.17797
[  4, 14701] loss: 0.32463
[  4, 14751] loss: 0.11943
[  4, 14801] loss: 0.01182
[  4, 14851] loss: 0.01022
[  4, 14901] loss: 0.02837
[  4, 14951] loss: 0.21639
[  4, 15001] loss: 0.13069
[  4, 15051] loss: 0.20490
[  4, 15101] loss: 0.12587
[  4, 15151] loss: 0.09084
[  4, 15201] loss: 0.02484
[  4, 15251] loss: 0.02597
[  4, 15301] loss: 0.03799
[  4, 15351] loss: 0.04632
[  4, 15401] loss: 0.12560
[  4, 15451] loss: 0.09329
[  4, 15501] loss: 0.08070
[  4, 15551] loss: 0.05485
[  4, 15601] loss: 0.03063
[  4, 15651] loss: 0.01462
[  4, 15701] loss: 0.01868
[  4, 15751] loss: 0.01447
[  4, 15801] loss: 0.01613
[  4, 15851] loss: 0.03365
[  4, 15901] loss: 0.06903
[  4, 15951] loss: 0.01394
[  4, 16001] loss: 0.01054
[  4, 16051] loss: 0.00871
[  4, 16101] loss: 0.39180
[  4, 16151] loss: 0.04354
[  4, 16201] loss: 0.54520
[  4, 16251] loss: 0.02953
[  4, 16301] loss: 0.23284
[  4, 16351] loss: 0.00540
[  4, 16401] loss: 0.02126
[  4, 16451] loss: 0.07441
[  4, 16501] loss: 0.13650
[  4, 16551] loss: 0.04911
[  4, 16601] loss: 0.01571
[  4, 16651] loss: 0.01890
[  4, 16701] loss: 0.03340
[  4, 16751] loss: 0.13433
[  4, 16801] loss: 0.08518
[  4, 16851] loss: 0.06279
[  4, 16901] loss: 0.04445
[  4, 16951] loss: 0.01959
[  4, 17001] loss: 0.00673
[  4, 17051] loss: 0.04264
[  4, 17101] loss: 0.05002
[  4, 17151] loss: 0.17454
[  4, 17201] loss: 0.63499
[  4, 17251] loss: 0.02235
[  4, 17301] loss: 0.00289
[  4, 17351] loss: 0.00867
[  4, 17401] loss: 0.04625
[  4, 17451] loss: 0.06867
[  4, 17501] loss: 0.02170
[  4, 17551] loss: 0.00646
[  4, 17601] loss: 0.00364
[  4, 17651] loss: 0.72692
[  4, 17701] loss: 0.01993
[  4, 17751] loss: 0.32956
[  4, 17801] loss: 0.02066
[  4, 17851] loss: 0.01611
[  4, 17901] loss: 0.00671
[  4, 17951] loss: 0.14976
[  4, 18001] loss: 0.29512
[  4, 18051] loss: 0.09422
[  4, 18101] loss: 0.03019
[  4, 18151] loss: 0.00933
[  4, 18201] loss: 0.00562
[  4, 18251] loss: 0.17415
[  4, 18301] loss: 0.93429
[  4, 18351] loss: 0.49869
[  4, 18401] loss: 0.13542
[  4, 18451] loss: 0.05720
[  4, 18501] loss: 0.00629
[  4, 18551] loss: 0.56297
[  4, 18601] loss: 0.73352
[  4, 18651] loss: 0.92242
[  4, 18701] loss: 0.28354
[  4, 18751] loss: 0.04565
[  4, 18801] loss: 0.00284
[  4, 18851] loss: 0.01073
[  4, 18901] loss: 0.28415
[  4, 18951] loss: 2.12530
[  4, 19001] loss: 1.87844
[  4, 19051] loss: 1.11815
[  4, 19101] loss: 0.11242
[  4, 19151] loss: 0.00122
[  4, 19201] loss: 0.01192
[  4, 19251] loss: 1.05633
[  4, 19301] loss: 5.18776
[  4, 19351] loss: 2.79534
[  4, 19401] loss: 3.22391
[  4, 19451] loss: 0.38813
[  4, 19501] loss: 0.01105
[  4, 19551] loss: 0.00294
[  4, 19601] loss: 0.68110
[  4, 19651] loss: 2.01706
[  4, 19701] loss: 2.28087
[  4, 19751] loss: 0.75938
[  4, 19801] loss: 1.10645
[  4, 19851] loss: 0.46309
[  4, 19901] loss: 0.07097
[  4, 19951] loss: 0.28453
[  4, 20001] loss: 1.32963
[  4, 20051] loss: 0.86053
[  4, 20101] loss: 0.85097
[  4, 20151] loss: 1.00276
[  4, 20201] loss: 0.08177
[  4, 20251] loss: 0.07366
[  4, 20301] loss: 0.48741
[  4, 20351] loss: 0.78103
[  4, 20401] loss: 0.67858
[  4, 20451] loss: 0.15427
[  4, 20501] loss: 0.07018
[  4, 20551] loss: 0.02707
[  4, 20601] loss: 0.16053
[  4, 20651] loss: 0.73850
[  4, 20701] loss: 0.14103
[  4, 20751] loss: 0.10515
[  4, 20801] loss: 0.09010
[  4, 20851] loss: 0.05017
[  4, 20901] loss: 0.02497
[  4, 20951] loss: 0.03089
[  4, 21001] loss: 0.05096
[  4, 21051] loss: 0.06215
[  4, 21101] loss: 0.02961
[  4, 21151] loss: 0.02847
[  4, 21201] loss: 0.04006
[  4, 21251] loss: 0.07868
[  4, 21301] loss: 0.03234
[  4, 21351] loss: 0.02103
[  4, 21401] loss: 0.01587
[  4, 21451] loss: 0.06070
[  4, 21501] loss: 0.20259
[  4, 21551] loss: 0.12312
[  4, 21601] loss: 0.08391
[  4, 21651] loss: 0.02325
[  4, 21701] loss: 0.02863
[  4, 21751] loss: 0.03540
[  4, 21801] loss: 0.13124
[  4, 21851] loss: 0.41668
[  4, 21901] loss: 0.31582
[  4, 21951] loss: 0.14346
[  4, 22001] loss: 0.01998
[  4, 22051] loss: 0.22225
[  4, 22101] loss: 0.09173
[  4, 22151] loss: 0.18727
[  4, 22201] loss: 0.80128
[  4, 22251] loss: 0.36573
[  4, 22301] loss: 0.08427
[  4, 22351] loss: 0.02918
[  4, 22401] loss: 0.02684
[  4, 22451] loss: 0.16459
[  4, 22501] loss: 0.34304
[  4, 22551] loss: 0.47405
[  4, 22601] loss: 0.29804
[  4, 22651] loss: 0.10357
[  4, 22701] loss: 0.15353
[  4, 22751] loss: 0.02236
[  4, 22801] loss: 0.14174
[  4, 22851] loss: 0.44588
[  4, 22901] loss: 0.48890
[  4, 22951] loss: 0.66566
[  4, 23001] loss: 0.17257
[  4, 23051] loss: 0.05957
[  4, 23101] loss: 0.04650
[  4, 23151] loss: 0.26000
[  4, 23201] loss: 0.35421
[  4, 23251] loss: 0.13491
[  4, 23301] loss: 0.12394
[  4, 23351] loss: 0.04238
[  4, 23401] loss: 0.03402
[  4, 23451] loss: 0.02881
[  4, 23501] loss: 0.04283
[  4, 23551] loss: 0.20514
[  4, 23601] loss: 0.11398
[  4, 23651] loss: 0.38509
[  4, 23701] loss: 0.92617
[  4, 23751] loss: 0.04875
[  4, 23801] loss: 0.02659
[  4, 23851] loss: 0.04124
[  4, 23901] loss: 0.11755
[  4, 23951] loss: 0.05528
[  4, 24001] loss: 0.04078
[  4, 24051] loss: 0.65427
[  4, 24101] loss: 0.01751
[  4, 24151] loss: 0.01849
[  4, 24201] loss: 0.32488
[  4, 24251] loss: 0.06013
[  4, 24301] loss: 0.00971
[  4, 24351] loss: 0.00470
[  4, 24401] loss: 0.00908
[  4, 24451] loss: 0.02554
[  4, 24501] loss: 0.01606
[  4, 24551] loss: 0.00231
[  4, 24601] loss: 0.00417
[  4, 24651] loss: 0.01432
[  4, 24701] loss: 0.03747
[  4, 24751] loss: 0.02369
[  4, 24801] loss: 0.27320
[  4, 24851] loss: 0.00385
[  4, 24901] loss: 0.01564
[  4, 24951] loss: 0.02781
[  5,     1] loss: 0.01754
[  5,    51] loss: 0.00121
[  5,   101] loss: 0.01551
[  5,   151] loss: 0.01106
[  5,   201] loss: 0.07923
[  5,   251] loss: 0.02934
[  5,   301] loss: 0.00753
[  5,   351] loss: 0.00506
[  5,   401] loss: 0.00975
[  5,   451] loss: 0.04157
[  5,   501] loss: 0.10055
[  5,   551] loss: 0.08460
[  5,   601] loss: 0.05231
[  5,   651] loss: 0.03776
[  5,   701] loss: 0.32614
[  5,   751] loss: 0.02743
[  5,   801] loss: 0.12440
[  5,   851] loss: 0.07362
[  5,   901] loss: 0.09324
[  5,   951] loss: 0.04701
[  5,  1001] loss: 0.44200
[  5,  1051] loss: 0.02383
[  5,  1101] loss: 0.05103
[  5,  1151] loss: 0.04784
[  5,  1201] loss: 0.00505
[  5,  1251] loss: 0.00273
[  5,  1301] loss: 0.67982
[  5,  1351] loss: 0.02953
[  5,  1401] loss: 0.07398
[  5,  1451] loss: 0.00632
[  5,  1501] loss: 0.00951
[  5,  1551] loss: 0.00227
[  5,  1601] loss: 0.00943
[  5,  1651] loss: 0.03007
[  5,  1701] loss: 0.02614
[  5,  1751] loss: 0.03493
[  5,  1801] loss: 0.20153
[  5,  1851] loss: 0.01538
[  5,  1901] loss: 0.03065
[  5,  1951] loss: 0.02507
[  5,  2001] loss: 0.03809
[  5,  2051] loss: 0.03564
[  5,  2101] loss: 0.02611
[  5,  2151] loss: 0.02000
[  5,  2201] loss: 0.32820
[  5,  2251] loss: 0.03361
[  5,  2301] loss: 0.03441
[  5,  2351] loss: 0.02309
[  5,  2401] loss: 0.03073
[  5,  2451] loss: 0.01362
[  5,  2501] loss: 0.01853
[  5,  2551] loss: 0.04265
[  5,  2601] loss: 0.01483
[  5,  2651] loss: 0.02396
[  5,  2701] loss: 0.04279
[  5,  2751] loss: 0.85775
[  5,  2801] loss: 0.30518
[  5,  2851] loss: 0.01932
[  5,  2901] loss: 0.50766
[  5,  2951] loss: 0.02420
[  5,  3001] loss: 0.00608
[  5,  3051] loss: 0.30596
[  5,  3101] loss: 0.02067
[  5,  3151] loss: 0.04024
[  5,  3201] loss: 0.00667
[  5,  3251] loss: 0.00777
[  5,  3301] loss: 0.72040
[  5,  3351] loss: 0.04118
[  5,  3401] loss: 0.01415
[  5,  3451] loss: 0.01417
[  5,  3501] loss: 0.01243
[  5,  3551] loss: 0.03383
[  5,  3601] loss: 0.01590
[  5,  3651] loss: 0.01074
[  5,  3701] loss: 0.02147
[  5,  3751] loss: 0.01393
[  5,  3801] loss: 0.46785
[  5,  3851] loss: 0.01355
[  5,  3901] loss: 0.21685
[  5,  3951] loss: 0.01741
[  5,  4001] loss: 0.01694
[  5,  4051] loss: 0.01261
[  5,  4101] loss: 0.01301
[  5,  4151] loss: 0.01235
[  5,  4201] loss: 0.04636
[  5,  4251] loss: 0.02293
[  5,  4301] loss: 0.02584
[  5,  4351] loss: 0.01018
[  5,  4401] loss: 0.02015
[  5,  4451] loss: 0.68499
[  5,  4501] loss: 0.00924
[  5,  4551] loss: 0.45889
[  5,  4601] loss: 0.00741
[  5,  4651] loss: 0.03851
[  5,  4701] loss: 0.03414
[  5,  4751] loss: 0.05314
[  5,  4801] loss: 0.04146
[  5,  4851] loss: 0.01546
[  5,  4901] loss: 0.03457
[  5,  4951] loss: 0.01546
[  5,  5001] loss: 0.01422
[  5,  5051] loss: 0.04386
[  5,  5101] loss: 0.04928
[  5,  5151] loss: 0.05704
[  5,  5201] loss: 0.02746
[  5,  5251] loss: 0.05220
[  5,  5301] loss: 0.03499
[  5,  5351] loss: 0.03373
[  5,  5401] loss: 0.26861
[  5,  5451] loss: 0.05165
[  5,  5501] loss: 0.03697
[  5,  5551] loss: 0.05719
[  5,  5601] loss: 0.05212
[  5,  5651] loss: 0.02192
[  5,  5701] loss: 0.01619
[  5,  5751] loss: 0.01849
[  5,  5801] loss: 0.05894
[  5,  5851] loss: 0.05654
[  5,  5901] loss: 0.54519
[  5,  5951] loss: 0.03241
[  5,  6001] loss: 0.01577
[  5,  6051] loss: 0.04020
[  5,  6101] loss: 0.01244
[  5,  6151] loss: 0.04770
[  5,  6201] loss: 0.53129
[  5,  6251] loss: 0.11932
[  5,  6301] loss: 0.06718
[  5,  6351] loss: 0.01697
[  5,  6401] loss: 0.00892
[  5,  6451] loss: 0.02600
[  5,  6501] loss: 0.06299
[  5,  6551] loss: 0.05435
[  5,  6601] loss: 0.06224
[  5,  6651] loss: 0.18262
[  5,  6701] loss: 0.05196
[  5,  6751] loss: 0.59628
[  5,  6801] loss: 0.03140
[  5,  6851] loss: 0.01100
[  5,  6901] loss: 0.02414
[  5,  6951] loss: 0.04632
[  5,  7001] loss: 0.02925
[  5,  7051] loss: 0.10535
[  5,  7101] loss: 0.14505
[  5,  7151] loss: 0.08119
[  5,  7201] loss: 0.18884
[  5,  7251] loss: 0.11769
[  5,  7301] loss: 0.03371
[  5,  7351] loss: 0.42567
[  5,  7401] loss: 0.03289
[  5,  7451] loss: 0.41344
[  5,  7501] loss: 0.25593
[  5,  7551] loss: 0.38232
[  5,  7601] loss: 0.21218
[  5,  7651] loss: 0.08549
[  5,  7701] loss: 0.01875
[  5,  7751] loss: 0.02362
[  5,  7801] loss: 0.04735
[  5,  7851] loss: 0.12820
[  5,  7901] loss: 0.63238
[  5,  7951] loss: 0.13984
[  5,  8001] loss: 0.23686
[  5,  8051] loss: 0.08199
[  5,  8101] loss: 0.03540
[  5,  8151] loss: 0.01327
[  5,  8201] loss: 0.01984
[  5,  8251] loss: 0.17404
[  5,  8301] loss: 0.18931
[  5,  8351] loss: 0.13304
[  5,  8401] loss: 0.16225
[  5,  8451] loss: 0.05621
[  5,  8501] loss: 0.00590
[  5,  8551] loss: 0.55825
[  5,  8601] loss: 0.02845
[  5,  8651] loss: 0.05445
[  5,  8701] loss: 0.10011
[  5,  8751] loss: 0.05708
[  5,  8801] loss: 0.47097
[  5,  8851] loss: 0.30029
[  5,  8901] loss: 0.02507
[  5,  8951] loss: 0.01647
[  5,  9001] loss: 0.00209
[  5,  9051] loss: 0.00724
[  5,  9101] loss: 0.01813
[  5,  9151] loss: 0.05574
[  5,  9201] loss: 0.07414
[  5,  9251] loss: 0.03325
[  5,  9301] loss: 0.46302
[  5,  9351] loss: 0.03693
[  5,  9401] loss: 0.03497
[  5,  9451] loss: 0.00129
[  5,  9501] loss: 0.01497
[  5,  9551] loss: 0.00294
[  5,  9601] loss: 0.01241
[  5,  9651] loss: 0.00999
[  5,  9701] loss: 0.01095
[  5,  9751] loss: 0.84314
[  5,  9801] loss: 0.00297
[  5,  9851] loss: 0.00600
[  5,  9901] loss: 0.01389
[  5,  9951] loss: 0.04629
[  5, 10001] loss: 0.01463
[  5, 10051] loss: 0.50450
[  5, 10101] loss: 0.02857
[  5, 10151] loss: 0.02217
[  5, 10201] loss: 0.01618
[  5, 10251] loss: 0.00823
[  5, 10301] loss: 0.65711
[  5, 10351] loss: 0.07263
[  5, 10401] loss: 0.02003
[  5, 10451] loss: 0.01005
[  5, 10501] loss: 0.02804
[  5, 10551] loss: 0.02208
[  5, 10601] loss: 0.01656
[  5, 10651] loss: 0.04029
[  5, 10701] loss: 0.01175
[  5, 10751] loss: 0.00614
[  5, 10801] loss: 0.00917
[  5, 10851] loss: 0.01712
[  5, 10901] loss: 0.03427
[  5, 10951] loss: 0.07438
[  5, 11001] loss: 0.10697
[  5, 11051] loss: 0.03681
[  5, 11101] loss: 0.00900
[  5, 11151] loss: 0.00861
[  5, 11201] loss: 0.00904
[  5, 11251] loss: 0.00584
[  5, 11301] loss: 0.03485
[  5, 11351] loss: 0.04078
[  5, 11401] loss: 0.03921
[  5, 11451] loss: 0.07523
[  5, 11501] loss: 0.02227
[  5, 11551] loss: 0.00424
[  5, 11601] loss: 0.00304
[  5, 11651] loss: 0.54968
[  5, 11701] loss: 0.03649
[  5, 11751] loss: 0.01251
[  5, 11801] loss: 0.01477
[  5, 11851] loss: 0.00436
[  5, 11901] loss: 0.01500
[  5, 11951] loss: 0.05522
[  5, 12001] loss: 0.10686
[  5, 12051] loss: 0.10353
[  5, 12101] loss: 0.01387
[  5, 12151] loss: 0.51576
[  5, 12201] loss: 0.01679
[  5, 12251] loss: 0.02104
[  5, 12301] loss: 0.00928
[  5, 12351] loss: 0.01783
[  5, 12401] loss: 0.01054
[  5, 12451] loss: 0.03277
[  5, 12501] loss: 0.04417
[  5, 12551] loss: 0.14234
[  5, 12601] loss: 0.13132
[  5, 12651] loss: 0.03587
[  5, 12701] loss: 0.00764
[  5, 12751] loss: 0.01072
[  5, 12801] loss: 0.60719
[  5, 12851] loss: 0.01831
[  5, 12901] loss: 0.02002
[  5, 12951] loss: 0.04966
[  5, 13001] loss: 0.12912
[  5, 13051] loss: 0.28961
[  5, 13101] loss: 0.00513
[  5, 13151] loss: 0.00178
[  5, 13201] loss: 0.00087
[  5, 13251] loss: 0.00273
[  5, 13301] loss: 0.00816
[  5, 13351] loss: 0.04144
[  5, 13401] loss: 0.00966
[  5, 13451] loss: 0.00470
[  5, 13501] loss: 0.00451
[  5, 13551] loss: 0.00874
[  5, 13601] loss: 0.01564
[  5, 13651] loss: 0.66260
[  5, 13701] loss: 0.01099
[  5, 13751] loss: 0.02111
[  5, 13801] loss: 0.01162
[  5, 13851] loss: 0.00219
[  5, 13901] loss: 0.00422
[  5, 13951] loss: 0.00783
[  5, 14001] loss: 0.00732
[  5, 14051] loss: 0.00896
[  5, 14101] loss: 0.01926
[  5, 14151] loss: 0.01645
[  5, 14201] loss: 0.00819
[  5, 14251] loss: 0.01656
[  5, 14301] loss: 0.01397
[  5, 14351] loss: 0.01054
[  5, 14401] loss: 0.02410
[  5, 14451] loss: 0.01588
[  5, 14501] loss: 0.03042
[  5, 14551] loss: 0.00787
[  5, 14601] loss: 0.00549
[  5, 14651] loss: 0.02349
[  5, 14701] loss: 0.00412
[  5, 14751] loss: 0.01032
[  5, 14801] loss: 0.03683
[  5, 14851] loss: 0.06821
[  5, 14901] loss: 0.10539
[  5, 14951] loss: 0.05428
[  5, 15001] loss: 0.02565
[  5, 15051] loss: 0.00365
[  5, 15101] loss: 0.00450
[  5, 15151] loss: 0.01240
[  5, 15201] loss: 0.06970
[  5, 15251] loss: 0.18249
[  5, 15301] loss: 0.06356
[  5, 15351] loss: 0.05704
[  5, 15401] loss: 0.01743
[  5, 15451] loss: 0.00448
[  5, 15501] loss: 0.01069
[  5, 15551] loss: 0.01210
[  5, 15601] loss: 0.01703
[  5, 15651] loss: 0.05437
[  5, 15701] loss: 0.05573
[  5, 15751] loss: 0.06631
[  5, 15801] loss: 0.05465
[  5, 15851] loss: 0.12334
[  5, 15901] loss: 0.10503
[  5, 15951] loss: 0.04348
[  5, 16001] loss: 0.00875
[  5, 16051] loss: 0.01298
[  5, 16101] loss: 0.60920
[  5, 16151] loss: 0.14283
[  5, 16201] loss: 0.69527
[  5, 16251] loss: 0.12353
[  5, 16301] loss: 0.28624
[  5, 16351] loss: 0.02510
[  5, 16401] loss: 0.00852
[  5, 16451] loss: 0.00480
[  5, 16501] loss: 0.00629
[  5, 16551] loss: 0.04780
[  5, 16601] loss: 0.04812
[  5, 16651] loss: 0.18877
[  5, 16701] loss: 0.11791
[  5, 16751] loss: 0.04491
[  5, 16801] loss: 0.01502
[  5, 16851] loss: 0.00582
[  5, 16901] loss: 0.00849
[  5, 16951] loss: 0.04893
[  5, 17001] loss: 0.07618
[  5, 17051] loss: 0.06825
[  5, 17101] loss: 0.05341
[  5, 17151] loss: 0.00279
[  5, 17201] loss: 0.62621
[  5, 17251] loss: 0.00432
[  5, 17301] loss: 0.00384
[  5, 17351] loss: 0.01904
[  5, 17401] loss: 0.01747
[  5, 17451] loss: 0.01064
[  5, 17501] loss: 0.00443
[  5, 17551] loss: 0.00188
[  5, 17601] loss: 0.00963
[  5, 17651] loss: 1.07304
[  5, 17701] loss: 0.02312
[  5, 17751] loss: 0.34335
[  5, 17801] loss: 0.01797
[  5, 17851] loss: 0.01316
[  5, 17901] loss: 0.03036
[  5, 17951] loss: 0.01710
[  5, 18001] loss: 0.02674
[  5, 18051] loss: 0.13183
[  5, 18101] loss: 0.31041
[  5, 18151] loss: 0.19482
[  5, 18201] loss: 0.07418
[  5, 18251] loss: 0.01746
[  5, 18301] loss: 0.43301
[  5, 18351] loss: 0.00511
[  5, 18401] loss: 0.23699
[  5, 18451] loss: 0.86081
[  5, 18501] loss: 0.61282
[  5, 18551] loss: 0.69744
[  5, 18601] loss: 0.00637
[  5, 18651] loss: 0.00014
[  5, 18701] loss: 0.06567
[  5, 18751] loss: 1.13563
[  5, 18801] loss: 1.73919
[  5, 18851] loss: 0.90205
[  5, 18901] loss: 0.00859
[  5, 18951] loss: 0.00117
[  5, 19001] loss: 0.00001
[  5, 19051] loss: 0.00277
[  5, 19101] loss: 3.08933
[  5, 19151] loss: 3.93938
[  5, 19201] loss: 1.62578
[  5, 19251] loss: 0.32206
[  5, 19301] loss: 0.05979
[  5, 19351] loss: 0.00003
[  5, 19401] loss: 0.39609
[  5, 19451] loss: 0.33903
[  5, 19501] loss: 5.04562
[  5, 19551] loss: 5.03561
[  5, 19601] loss: 3.36657
[  5, 19651] loss: 0.48969
[  5, 19701] loss: 0.21133
[  5, 19751] loss: 0.00002
[  5, 19801] loss: 0.00352
[  5, 19851] loss: 1.45965
[  5, 19901] loss: 4.62597
[  5, 19951] loss: 5.05439
[  5, 20001] loss: 3.23517
[  5, 20051] loss: 1.24920
[  5, 20101] loss: 0.15184
[  5, 20151] loss: 0.06448
[  5, 20201] loss: 0.08859
[  5, 20251] loss: 1.69535
[  5, 20301] loss: 1.69204
[  5, 20351] loss: 2.26933
[  5, 20401] loss: 1.11353
[  5, 20451] loss: 0.19038
[  5, 20501] loss: 0.12641
[  5, 20551] loss: 0.03914
[  5, 20601] loss: 0.30329
[  5, 20651] loss: 1.16915
[  5, 20701] loss: 0.32762
[  5, 20751] loss: 0.49176
[  5, 20801] loss: 0.88295
[  5, 20851] loss: 0.68757
[  5, 20901] loss: 0.21193
[  5, 20951] loss: 0.02001
[  5, 21001] loss: 0.05806
[  5, 21051] loss: 0.07857
[  5, 21101] loss: 0.27797
[  5, 21151] loss: 0.84708
[  5, 21201] loss: 0.60998
[  5, 21251] loss: 0.34648
[  5, 21301] loss: 0.07808
[  5, 21351] loss: 0.03001
[  5, 21401] loss: 0.11246
[  5, 21451] loss: 0.02740
[  5, 21501] loss: 0.11103
[  5, 21551] loss: 0.15773
[  5, 21601] loss: 0.32634
[  5, 21651] loss: 0.32541
[  5, 21701] loss: 0.57764
[  5, 21751] loss: 0.18584
[  5, 21801] loss: 0.03409
[  5, 21851] loss: 0.00892
[  5, 21901] loss: 0.00185
[  5, 21951] loss: 0.21788
[  5, 22001] loss: 0.42002
[  5, 22051] loss: 0.99946
[  5, 22101] loss: 0.60323
[  5, 22151] loss: 0.20137
[  5, 22201] loss: 0.08386
[  5, 22251] loss: 0.00041
[  5, 22301] loss: 0.02658
[  5, 22351] loss: 0.21745
[  5, 22401] loss: 1.31994
[  5, 22451] loss: 0.71548
[  5, 22501] loss: 0.43315
[  5, 22551] loss: 0.05354
[  5, 22601] loss: 0.00693
[  5, 22651] loss: 0.03046
[  5, 22701] loss: 0.36974
[  5, 22751] loss: 0.71561
[  5, 22801] loss: 0.86600
[  5, 22851] loss: 0.21282
[  5, 22901] loss: 0.06137
[  5, 22951] loss: 0.66386
[  5, 23001] loss: 0.02359
[  5, 23051] loss: 0.18926
[  5, 23101] loss: 0.52802
[  5, 23151] loss: 0.53092
[  5, 23201] loss: 0.18756
[  5, 23251] loss: 0.03874
[  5, 23301] loss: 0.04431
[  5, 23351] loss: 0.01430
[  5, 23401] loss: 0.03771
[  5, 23451] loss: 0.12223
[  5, 23501] loss: 0.21389
[  5, 23551] loss: 0.14984
[  5, 23601] loss: 0.13758
[  5, 23651] loss: 0.30885
[  5, 23701] loss: 1.11403
[  5, 23751] loss: 0.02961
[  5, 23801] loss: 0.05358
[  5, 23851] loss: 0.06391
[  5, 23901] loss: 0.12821
[  5, 23951] loss: 0.08541
[  5, 24001] loss: 0.06585
[  5, 24051] loss: 0.51414
[  5, 24101] loss: 0.05528
[  5, 24151] loss: 0.01675
[  5, 24201] loss: 0.40141
[  5, 24251] loss: 0.01880
[  5, 24301] loss: 0.02254
[  5, 24351] loss: 0.01355
[  5, 24401] loss: 0.03290
[  5, 24451] loss: 0.18233
[  5, 24501] loss: 0.12318
[  5, 24551] loss: 0.00443
[  5, 24601] loss: 0.01189
[  5, 24651] loss: 0.03121
[  5, 24701] loss: 0.08569
[  5, 24751] loss: 0.01448
[  5, 24801] loss: 0.38320
[  5, 24851] loss: 0.00328
[  5, 24901] loss: 0.04161
[  5, 24951] loss: 0.05627
Finished training
Accuracy on train: 0.98708
Accuracy on test: 0.68390
