{'word_context': 31, 'word_embed_size': 100, 'word_conv_units': 300, 'hidden_units': 0, 'dropout': False, 'batch_size': 50}
train set done
test set done
<bound method MixedNet.parameters of MixedNet (
  (W_wrd): DataParallel (
    (module): Embedding(89528, 100)
  )
  (word_level_conv): DataParallel (
    (module): Conv2d(1, 300, kernel_size=(100, 31), stride=(1, 1), padding=(0, 15))
  )
  (word_level_maxpool): DataParallel (
    (module): AdaptiveMaxPool2d (output_size=(300, 1))
  )
  (fc1): DataParallel (
    (module): Linear (300 -> 2)
  )
)>
[  1,     1] loss: 0.69804
[  1,    51] loss: 0.82299
[  1,   101] loss: 0.73935
[  1,   151] loss: 0.73135
[  1,   201] loss: 0.73733
[  1,   251] loss: 0.66815
[  1,   301] loss: 1.02286
[  1,   351] loss: 0.76332
[  1,   401] loss: 0.65835
[  1,   451] loss: 0.71692
[  1,   501] loss: 0.76437
[  1,   551] loss: 0.88375
[  1,   601] loss: 0.76602
[  1,   651] loss: 0.73049
[  1,   701] loss: 0.68798
[  1,   751] loss: 0.89425
[  1,   801] loss: 0.79753
[  1,   851] loss: 0.77041
[  1,   901] loss: 0.68052
[  1,   951] loss: 0.70903
[  1,  1001] loss: 0.73355
[  1,  1051] loss: 0.78024
[  1,  1101] loss: 0.75989
[  1,  1151] loss: 0.68946
[  1,  1201] loss: 0.70967
[  1,  1251] loss: 0.80689
[  1,  1301] loss: 0.79135
[  1,  1351] loss: 0.75193
[  1,  1401] loss: 0.64864
[  1,  1451] loss: 0.70546
[  1,  1501] loss: 0.65366
[  1,  1551] loss: 0.72119
[  1,  1601] loss: 0.66379
[  1,  1651] loss: 0.62650
[  1,  1701] loss: 0.75336
[  1,  1751] loss: 0.72595
[  1,  1801] loss: 0.67336
[  1,  1851] loss: 0.71022
[  1,  1901] loss: 0.68424
[  1,  1951] loss: 0.69911
[  1,  2001] loss: 0.63019
[  1,  2051] loss: 0.66099
[  1,  2101] loss: 0.66765
[  1,  2151] loss: 0.68290
[  1,  2201] loss: 0.68644
[  1,  2251] loss: 0.68633
[  1,  2301] loss: 0.78888
[  1,  2351] loss: 0.72204
[  1,  2401] loss: 0.72714
[  1,  2451] loss: 0.70897
[  1,  2501] loss: 0.63085
[  1,  2551] loss: 0.66438
[  1,  2601] loss: 0.62438
[  1,  2651] loss: 0.62476
[  1,  2701] loss: 0.66519
[  1,  2751] loss: 0.71784
[  1,  2801] loss: 0.64018
[  1,  2851] loss: 0.64970
[  1,  2901] loss: 0.70752
[  1,  2951] loss: 0.65556
[  1,  3001] loss: 0.70381
[  1,  3051] loss: 0.73907
[  1,  3101] loss: 0.69335
[  1,  3151] loss: 0.71063
[  1,  3201] loss: 0.75797
[  1,  3251] loss: 0.61736
[  1,  3301] loss: 0.65078
[  1,  3351] loss: 0.77908
[  1,  3401] loss: 0.77615
[  1,  3451] loss: 0.71497
[  1,  3501] loss: 0.77673
[  1,  3551] loss: 0.76965
[  1,  3601] loss: 0.77703
[  1,  3651] loss: 0.72421
[  1,  3701] loss: 0.73963
[  1,  3751] loss: 0.83199
[  1,  3801] loss: 0.84796
[  1,  3851] loss: 0.69872
[  1,  3901] loss: 0.78010
[  1,  3951] loss: 0.72516
[  1,  4001] loss: 0.73454
[  1,  4051] loss: 0.72527
[  1,  4101] loss: 0.59534
[  1,  4151] loss: 0.81661
[  1,  4201] loss: 0.67341
[  1,  4251] loss: 0.76233
[  1,  4301] loss: 0.73064
[  1,  4351] loss: 0.69989
[  1,  4401] loss: 0.81399
[  1,  4451] loss: 0.82416
[  1,  4501] loss: 0.87195
[  1,  4551] loss: 0.63355
[  1,  4601] loss: 0.85177
[  1,  4651] loss: 0.70672
[  1,  4701] loss: 0.79201
[  1,  4751] loss: 0.83950
[  1,  4801] loss: 0.66482
[  1,  4851] loss: 0.76957
[  1,  4901] loss: 0.77039
[  1,  4951] loss: 0.64117
[  1,  5001] loss: 0.79677
[  1,  5051] loss: 0.62117
[  1,  5101] loss: 0.72175
[  1,  5151] loss: 0.65351
[  1,  5201] loss: 0.72357
[  1,  5251] loss: 0.65222
[  1,  5301] loss: 0.73110
[  1,  5351] loss: 0.66476
[  1,  5401] loss: 0.65652
[  1,  5451] loss: 0.68798
[  1,  5501] loss: 0.61569
[  1,  5551] loss: 0.65788
[  1,  5601] loss: 0.72763
[  1,  5651] loss: 0.64307
[  1,  5701] loss: 0.70027
[  1,  5751] loss: 0.74672
[  1,  5801] loss: 0.75433
[  1,  5851] loss: 0.71171
[  1,  5901] loss: 0.61942
[  1,  5951] loss: 0.67944
[  1,  6001] loss: 0.63394
[  1,  6051] loss: 0.61906
[  1,  6101] loss: 0.76704
[  1,  6151] loss: 0.62965
[  1,  6201] loss: 0.76039
[  1,  6251] loss: 0.63756
[  1,  6301] loss: 0.62373
[  1,  6351] loss: 0.73104
[  1,  6401] loss: 0.75750
[  1,  6451] loss: 0.62692
[  1,  6501] loss: 0.74480
[  1,  6551] loss: 0.83316
[  1,  6601] loss: 0.69481
[  1,  6651] loss: 0.66810
[  1,  6701] loss: 0.73619
[  1,  6751] loss: 0.73644
[  1,  6801] loss: 0.67152
[  1,  6851] loss: 0.66744
[  1,  6901] loss: 0.68793
[  1,  6951] loss: 0.68974
[  1,  7001] loss: 0.63378
[  1,  7051] loss: 0.60675
[  1,  7101] loss: 0.68303
[  1,  7151] loss: 0.67933
[  1,  7201] loss: 0.70539
[  1,  7251] loss: 0.63914
[  1,  7301] loss: 0.59422
[  1,  7351] loss: 0.65200
[  1,  7401] loss: 0.73596
[  1,  7451] loss: 0.60087
[  1,  7501] loss: 0.59581
[  1,  7551] loss: 0.66836
[  1,  7601] loss: 0.57212
[  1,  7651] loss: 0.73466
[  1,  7701] loss: 0.67813
[  1,  7751] loss: 0.64740
[  1,  7801] loss: 0.64072
[  1,  7851] loss: 0.63170
[  1,  7901] loss: 0.67292
[  1,  7951] loss: 0.64005
[  1,  8001] loss: 0.66301
[  1,  8051] loss: 0.68710
[  1,  8101] loss: 0.74566
[  1,  8151] loss: 0.70859
[  1,  8201] loss: 0.63195
[  1,  8251] loss: 0.66377
[  1,  8301] loss: 0.57839
[  1,  8351] loss: 0.68924
[  1,  8401] loss: 0.78319
[  1,  8451] loss: 0.76207
[  1,  8501] loss: 0.62733
[  1,  8551] loss: 0.67007
[  1,  8601] loss: 0.65932
[  1,  8651] loss: 0.56372
[  1,  8701] loss: 0.78146
[  1,  8751] loss: 0.73824
[  1,  8801] loss: 0.66536
[  1,  8851] loss: 0.65955
[  1,  8901] loss: 0.73508
[  1,  8951] loss: 0.69446
[  1,  9001] loss: 0.68163
[  1,  9051] loss: 0.68138
[  1,  9101] loss: 0.74351
[  1,  9151] loss: 0.80524
[  1,  9201] loss: 0.67703
[  1,  9251] loss: 0.74589
[  1,  9301] loss: 0.72610
[  1,  9351] loss: 0.77065
[  1,  9401] loss: 0.69743
[  1,  9451] loss: 0.67982
[  1,  9501] loss: 0.55751
[  1,  9551] loss: 0.74588
[  1,  9601] loss: 0.58589
[  1,  9651] loss: 0.63687
[  1,  9701] loss: 0.63827
[  1,  9751] loss: 0.65993
[  1,  9801] loss: 0.79594
[  1,  9851] loss: 0.63276
[  1,  9901] loss: 0.57713
[  1,  9951] loss: 0.74022
[  1, 10001] loss: 0.66537
[  1, 10051] loss: 0.72163
[  1, 10101] loss: 0.64106
[  1, 10151] loss: 0.62561
[  1, 10201] loss: 0.64284
[  1, 10251] loss: 0.61154
[  1, 10301] loss: 0.54941
[  1, 10351] loss: 0.61161
[  1, 10401] loss: 0.69944
[  1, 10451] loss: 0.70810
[  1, 10501] loss: 0.57919
[  1, 10551] loss: 0.60814
[  1, 10601] loss: 0.75829
[  1, 10651] loss: 0.65960
[  1, 10701] loss: 0.74478
[  1, 10751] loss: 0.63365
[  1, 10801] loss: 0.70667
[  1, 10851] loss: 0.75477
[  1, 10901] loss: 0.65904
[  1, 10951] loss: 0.82614
[  1, 11001] loss: 0.69810
[  1, 11051] loss: 0.60984
[  1, 11101] loss: 0.66079
[  1, 11151] loss: 0.58951
[  1, 11201] loss: 0.60368
[  1, 11251] loss: 0.65217
[  1, 11301] loss: 0.77242
[  1, 11351] loss: 0.74126
[  1, 11401] loss: 0.68823
[  1, 11451] loss: 0.70763
[  1, 11501] loss: 0.61582
[  1, 11551] loss: 0.68290
[  1, 11601] loss: 0.69366
[  1, 11651] loss: 0.76319
[  1, 11701] loss: 0.77446
[  1, 11751] loss: 0.75613
[  1, 11801] loss: 0.76489
[  1, 11851] loss: 0.63896
[  1, 11901] loss: 0.62218
[  1, 11951] loss: 0.62429
[  1, 12001] loss: 0.60819
[  1, 12051] loss: 0.71229
[  1, 12101] loss: 0.66642
[  1, 12151] loss: 0.57758
[  1, 12201] loss: 0.62884
[  1, 12251] loss: 0.65460
[  1, 12301] loss: 0.71063
[  1, 12351] loss: 0.68246
[  1, 12401] loss: 0.55229
[  1, 12451] loss: 0.68855
[  1, 12501] loss: 0.57538
[  1, 12551] loss: 0.69002
[  1, 12601] loss: 0.71080
[  1, 12651] loss: 0.67555
[  1, 12701] loss: 0.73609
[  1, 12751] loss: 0.65940
[  1, 12801] loss: 0.69919
[  1, 12851] loss: 0.75070
[  1, 12901] loss: 0.59647
[  1, 12951] loss: 0.70101
[  1, 13001] loss: 0.64808
[  1, 13051] loss: 0.63782
[  1, 13101] loss: 0.76007
[  1, 13151] loss: 0.69420
[  1, 13201] loss: 0.69801
[  1, 13251] loss: 0.66465
[  1, 13301] loss: 0.61292
[  1, 13351] loss: 0.81662
[  1, 13401] loss: 0.71401
[  1, 13451] loss: 0.68260
[  1, 13501] loss: 0.67430
[  1, 13551] loss: 0.65834
[  1, 13601] loss: 0.67210
[  1, 13651] loss: 0.61415
[  1, 13701] loss: 0.63815
[  1, 13751] loss: 0.64490
[  1, 13801] loss: 0.71825
[  1, 13851] loss: 0.73639
[  1, 13901] loss: 0.65062
[  1, 13951] loss: 0.64641
[  1, 14001] loss: 0.66172
[  1, 14051] loss: 0.75412
[  1, 14101] loss: 0.62597
[  1, 14151] loss: 0.59223
[  1, 14201] loss: 0.61467
[  1, 14251] loss: 0.72864
[  1, 14301] loss: 0.70490
[  1, 14351] loss: 0.69410
[  1, 14401] loss: 0.61186
[  1, 14451] loss: 0.64402
[  1, 14501] loss: 0.72441
[  1, 14551] loss: 0.68292
[  1, 14601] loss: 0.66329
[  1, 14651] loss: 0.79552
[  1, 14701] loss: 0.82893
[  1, 14751] loss: 0.61798
[  1, 14801] loss: 0.70374
[  1, 14851] loss: 0.73494
[  1, 14901] loss: 0.66081
[  1, 14951] loss: 0.66399
[  1, 15001] loss: 0.53300
[  1, 15051] loss: 0.64392
[  1, 15101] loss: 0.63563
[  1, 15151] loss: 0.78561
[  1, 15201] loss: 0.61581
[  1, 15251] loss: 0.60381
[  1, 15301] loss: 0.75562
[  1, 15351] loss: 0.69882
[  1, 15401] loss: 0.69591
[  1, 15451] loss: 0.63871
[  1, 15501] loss: 0.74787
[  1, 15551] loss: 0.72627
[  1, 15601] loss: 0.64087
[  1, 15651] loss: 0.67400
[  1, 15701] loss: 0.69862
[  1, 15751] loss: 0.65289
[  1, 15801] loss: 0.59954
[  1, 15851] loss: 0.66709
[  1, 15901] loss: 0.50616
[  1, 15951] loss: 0.68052
[  1, 16001] loss: 0.54267
[  1, 16051] loss: 0.61202
[  1, 16101] loss: 0.73956
[  1, 16151] loss: 0.62394
[  1, 16201] loss: 0.65846
[  1, 16251] loss: 0.76083
[  1, 16301] loss: 0.69407
[  1, 16351] loss: 0.74933
[  1, 16401] loss: 0.80908
[  1, 16451] loss: 0.68961
[  1, 16501] loss: 0.71475
[  1, 16551] loss: 0.77306
[  1, 16601] loss: 0.81461
[  1, 16651] loss: 0.71431
[  1, 16701] loss: 0.69864
[  1, 16751] loss: 0.59569
[  1, 16801] loss: 0.61320
[  1, 16851] loss: 0.64793
[  1, 16901] loss: 0.88031
[  1, 16951] loss: 0.65880
[  1, 17001] loss: 0.70059
[  1, 17051] loss: 0.59592
[  1, 17101] loss: 0.75214
[  1, 17151] loss: 0.71709
[  1, 17201] loss: 0.63819
[  1, 17251] loss: 0.70560
[  1, 17301] loss: 0.66204
[  1, 17351] loss: 0.73833
[  1, 17401] loss: 0.64527
[  1, 17451] loss: 0.74387
[  1, 17501] loss: 0.71683
[  1, 17551] loss: 0.67744
[  1, 17601] loss: 0.61219
[  1, 17651] loss: 0.67465
[  1, 17701] loss: 0.64485
[  1, 17751] loss: 0.67963
[  1, 17801] loss: 0.63344
[  1, 17851] loss: 0.78740
[  1, 17901] loss: 0.68021
[  1, 17951] loss: 0.70120
[  1, 18001] loss: 0.70736
[  1, 18051] loss: 0.66995
[  1, 18101] loss: 0.65878
[  1, 18151] loss: 0.69691
[  1, 18201] loss: 0.66731
[  1, 18251] loss: 0.74608
[  1, 18301] loss: 0.60433
[  1, 18351] loss: 0.66109
[  1, 18401] loss: 0.59678
[  1, 18451] loss: 0.68652
[  1, 18501] loss: 0.86667
[  1, 18551] loss: 0.57877
[  1, 18601] loss: 0.50902
[  1, 18651] loss: 0.73224
[  1, 18701] loss: 0.86572
[  1, 18751] loss: 0.68642
[  1, 18801] loss: 0.73336
[  1, 18851] loss: 0.50518
[  1, 18901] loss: 0.66805
[  1, 18951] loss: 0.62602
[  1, 19001] loss: 0.61676
[  1, 19051] loss: 0.65961
[  1, 19101] loss: 0.80926
[  1, 19151] loss: 0.63331
[  1, 19201] loss: 0.58405
[  1, 19251] loss: 0.69256
[  1, 19301] loss: 0.83728
[  1, 19351] loss: 0.76527
[  1, 19401] loss: 0.64261
[  1, 19451] loss: 0.59294
[  1, 19501] loss: 0.60622
[  1, 19551] loss: 0.73502
[  1, 19601] loss: 0.68739
[  1, 19651] loss: 0.64446
[  1, 19701] loss: 0.72110
[  1, 19751] loss: 0.67183
[  1, 19801] loss: 0.80341
[  1, 19851] loss: 0.83547
[  1, 19901] loss: 0.62079
[  1, 19951] loss: 0.57370
[  1, 20001] loss: 0.94088
[  1, 20051] loss: 0.59358
[  1, 20101] loss: 0.61852
[  1, 20151] loss: 0.69965
[  1, 20201] loss: 0.71687
[  1, 20251] loss: 0.67056
[  1, 20301] loss: 0.65745
[  1, 20351] loss: 0.61784
[  1, 20401] loss: 0.60093
[  1, 20451] loss: 0.64664
[  1, 20501] loss: 0.56535
[  1, 20551] loss: 0.64544
[  1, 20601] loss: 0.68242
[  1, 20651] loss: 0.67694
[  1, 20701] loss: 0.58479
[  1, 20751] loss: 0.66676
[  1, 20801] loss: 0.70274
[  1, 20851] loss: 0.72948
[  1, 20901] loss: 0.68919
[  1, 20951] loss: 0.64646
[  1, 21001] loss: 0.69326
[  1, 21051] loss: 0.62070
[  1, 21101] loss: 0.70266
[  1, 21151] loss: 0.67342
[  1, 21201] loss: 0.66302
[  1, 21251] loss: 0.87511
[  1, 21301] loss: 0.61729
[  1, 21351] loss: 0.71815
[  1, 21401] loss: 0.77221
[  1, 21451] loss: 0.66794
[  1, 21501] loss: 0.66220
[  1, 21551] loss: 0.67846
[  1, 21601] loss: 0.81525
[  1, 21651] loss: 0.71430
[  1, 21701] loss: 0.57817
[  1, 21751] loss: 0.74383
[  1, 21801] loss: 0.81079
[  1, 21851] loss: 0.64536
[  1, 21901] loss: 0.59955
[  1, 21951] loss: 0.90234
[  1, 22001] loss: 0.78853
[  1, 22051] loss: 0.86849
[  1, 22101] loss: 0.66662
[  1, 22151] loss: 0.95182
[  1, 22201] loss: 0.90077
[  1, 22251] loss: 0.55390
[  1, 22301] loss: 0.80469
[  1, 22351] loss: 1.10116
[  1, 22401] loss: 0.88307
[  1, 22451] loss: 0.71415
[  1, 22501] loss: 0.80745
[  1, 22551] loss: 0.94622
[  1, 22601] loss: 0.74640
[  1, 22651] loss: 0.77597
[  1, 22701] loss: 0.66037
[  1, 22751] loss: 0.83882
[  1, 22801] loss: 0.69636
[  1, 22851] loss: 0.70920
[  1, 22901] loss: 0.69335
[  1, 22951] loss: 0.91343
[  1, 23001] loss: 0.75376
[  1, 23051] loss: 0.66137
[  1, 23101] loss: 0.76900
[  1, 23151] loss: 1.02960
[  1, 23201] loss: 0.99766
[  1, 23251] loss: 0.57597
[  1, 23301] loss: 0.69895
[  1, 23351] loss: 0.58354
[  1, 23401] loss: 0.72002
[  1, 23451] loss: 0.58770
[  1, 23501] loss: 0.83088
[  1, 23551] loss: 0.63996
[  1, 23601] loss: 0.66416
[  1, 23651] loss: 0.74753
[  1, 23701] loss: 0.62745
[  1, 23751] loss: 0.68855
[  1, 23801] loss: 0.56203
[  1, 23851] loss: 0.62578
[  1, 23901] loss: 0.53565
[  1, 23951] loss: 0.78743
[  1, 24001] loss: 0.63624
[  1, 24051] loss: 0.64984
[  1, 24101] loss: 0.67644
[  1, 24151] loss: 0.62557
[  1, 24201] loss: 0.71368
[  1, 24251] loss: 0.64226
[  1, 24301] loss: 0.81028
[  1, 24351] loss: 0.59943
[  1, 24401] loss: 0.71633
[  1, 24451] loss: 0.69381
[  1, 24501] loss: 0.68896
[  1, 24551] loss: 0.59322
[  1, 24601] loss: 0.66287
[  1, 24651] loss: 0.64164
[  1, 24701] loss: 0.75416
[  1, 24751] loss: 0.80637
[  1, 24801] loss: 0.74627
[  1, 24851] loss: 0.73891
[  1, 24901] loss: 0.69179
[  1, 24951] loss: 0.65804
[  2,     1] loss: 0.55657
[  2,    51] loss: 0.63719
[  2,   101] loss: 0.52813
[  2,   151] loss: 0.64234
[  2,   201] loss: 0.49382
[  2,   251] loss: 0.61615
[  2,   301] loss: 0.50519
[  2,   351] loss: 0.55120
[  2,   401] loss: 0.51452
[  2,   451] loss: 0.45175
[  2,   501] loss: 0.50750
[  2,   551] loss: 0.58296
[  2,   601] loss: 0.55611
[  2,   651] loss: 0.55469
[  2,   701] loss: 0.52006
[  2,   751] loss: 0.59494
[  2,   801] loss: 0.71211
[  2,   851] loss: 0.65541
[  2,   901] loss: 0.53534
[  2,   951] loss: 0.52219
[  2,  1001] loss: 0.59745
[  2,  1051] loss: 0.66272
[  2,  1101] loss: 0.66147
[  2,  1151] loss: 0.52728
[  2,  1201] loss: 0.56456
[  2,  1251] loss: 0.64686
[  2,  1301] loss: 0.65345
[  2,  1351] loss: 0.52518
[  2,  1401] loss: 0.57546
[  2,  1451] loss: 0.53106
[  2,  1501] loss: 0.53238
[  2,  1551] loss: 0.58713
[  2,  1601] loss: 0.57525
[  2,  1651] loss: 0.55065
[  2,  1701] loss: 0.60775
[  2,  1751] loss: 0.61513
[  2,  1801] loss: 0.57977
[  2,  1851] loss: 0.56263
[  2,  1901] loss: 0.57521
[  2,  1951] loss: 0.51545
[  2,  2001] loss: 0.51427
[  2,  2051] loss: 0.53226
[  2,  2101] loss: 0.53625
[  2,  2151] loss: 0.59678
[  2,  2201] loss: 0.58320
[  2,  2251] loss: 0.60247
[  2,  2301] loss: 0.63203
[  2,  2351] loss: 0.52154
[  2,  2401] loss: 0.55440
[  2,  2451] loss: 0.61043
[  2,  2501] loss: 0.50957
[  2,  2551] loss: 0.49925
[  2,  2601] loss: 0.50652
[  2,  2651] loss: 0.41806
[  2,  2701] loss: 0.44282
[  2,  2751] loss: 0.51566
[  2,  2801] loss: 0.52511
[  2,  2851] loss: 0.52406
[  2,  2901] loss: 0.52643
[  2,  2951] loss: 0.51585
[  2,  3001] loss: 0.58216
[  2,  3051] loss: 0.63896
[  2,  3101] loss: 0.54154
[  2,  3151] loss: 0.54355
[  2,  3201] loss: 0.54162
[  2,  3251] loss: 0.48633
[  2,  3301] loss: 0.44172
[  2,  3351] loss: 0.54398
[  2,  3401] loss: 0.55589
[  2,  3451] loss: 0.43015
[  2,  3501] loss: 0.56249
[  2,  3551] loss: 0.47679
[  2,  3601] loss: 0.52343
[  2,  3651] loss: 0.57909
[  2,  3701] loss: 0.49982
[  2,  3751] loss: 0.59773
[  2,  3801] loss: 0.67464
[  2,  3851] loss: 0.52215
[  2,  3901] loss: 0.67471
[  2,  3951] loss: 0.54762
[  2,  4001] loss: 0.48333
[  2,  4051] loss: 0.49942
[  2,  4101] loss: 0.41889
[  2,  4151] loss: 0.70365
[  2,  4201] loss: 0.43140
[  2,  4251] loss: 0.47531
[  2,  4301] loss: 0.45195
[  2,  4351] loss: 0.42626
[  2,  4401] loss: 0.54908
[  2,  4451] loss: 0.57393
[  2,  4501] loss: 0.46560
[  2,  4551] loss: 0.47996
[  2,  4601] loss: 0.52095
[  2,  4651] loss: 0.44901
[  2,  4701] loss: 0.48124
[  2,  4751] loss: 0.52496
[  2,  4801] loss: 0.52014
[  2,  4851] loss: 0.58013
[  2,  4901] loss: 0.58952
[  2,  4951] loss: 0.43307
[  2,  5001] loss: 0.61164
[  2,  5051] loss: 0.40458
[  2,  5101] loss: 0.44927
[  2,  5151] loss: 0.42068
[  2,  5201] loss: 0.45448
[  2,  5251] loss: 0.46097
[  2,  5301] loss: 0.46630
[  2,  5351] loss: 0.49469
[  2,  5401] loss: 0.39516
[  2,  5451] loss: 0.44932
[  2,  5501] loss: 0.40725
[  2,  5551] loss: 0.43588
[  2,  5601] loss: 0.53783
[  2,  5651] loss: 0.37743
[  2,  5701] loss: 0.45173
[  2,  5751] loss: 0.45842
[  2,  5801] loss: 0.54817
[  2,  5851] loss: 0.45126
[  2,  5901] loss: 0.42971
[  2,  5951] loss: 0.44727
[  2,  6001] loss: 0.37803
[  2,  6051] loss: 0.42309
[  2,  6101] loss: 0.52272
[  2,  6151] loss: 0.39791
[  2,  6201] loss: 0.44702
[  2,  6251] loss: 0.40243
[  2,  6301] loss: 0.40792
[  2,  6351] loss: 0.52434
[  2,  6401] loss: 0.39007
[  2,  6451] loss: 0.40048
[  2,  6501] loss: 0.39638
[  2,  6551] loss: 0.49702
[  2,  6601] loss: 0.42916
[  2,  6651] loss: 0.41651
[  2,  6701] loss: 0.45221
[  2,  6751] loss: 0.44626
[  2,  6801] loss: 0.43357
[  2,  6851] loss: 0.42447
[  2,  6901] loss: 0.51665
[  2,  6951] loss: 0.44699
[  2,  7001] loss: 0.34666
[  2,  7051] loss: 0.40811
[  2,  7101] loss: 0.48573
[  2,  7151] loss: 0.38660
[  2,  7201] loss: 0.44908
[  2,  7251] loss: 0.38632
[  2,  7301] loss: 0.38344
[  2,  7351] loss: 0.36590
[  2,  7401] loss: 0.42606
[  2,  7451] loss: 0.36487
[  2,  7501] loss: 0.32723
[  2,  7551] loss: 0.44266
[  2,  7601] loss: 0.36921
[  2,  7651] loss: 0.42368
[  2,  7701] loss: 0.39684
[  2,  7751] loss: 0.40005
[  2,  7801] loss: 0.33223
[  2,  7851] loss: 0.39066
[  2,  7901] loss: 0.44203
[  2,  7951] loss: 0.43956
[  2,  8001] loss: 0.43619
[  2,  8051] loss: 0.45677
[  2,  8101] loss: 0.42935
[  2,  8151] loss: 0.42017
[  2,  8201] loss: 0.39809
[  2,  8251] loss: 0.33288
[  2,  8301] loss: 0.40057
[  2,  8351] loss: 0.40257
[  2,  8401] loss: 0.54072
[  2,  8451] loss: 0.45684
[  2,  8501] loss: 0.30937
[  2,  8551] loss: 0.39826
[  2,  8601] loss: 0.41653
[  2,  8651] loss: 0.38497
[  2,  8701] loss: 0.38586
[  2,  8751] loss: 0.32974
[  2,  8801] loss: 0.37002
[  2,  8851] loss: 0.35914
[  2,  8901] loss: 0.36964
[  2,  8951] loss: 0.36254
[  2,  9001] loss: 0.39633
[  2,  9051] loss: 0.38948
[  2,  9101] loss: 0.40811
[  2,  9151] loss: 0.43974
[  2,  9201] loss: 0.41342
[  2,  9251] loss: 0.43238
[  2,  9301] loss: 0.32256
[  2,  9351] loss: 0.39473
[  2,  9401] loss: 0.46657
[  2,  9451] loss: 0.33955
[  2,  9501] loss: 0.28560
[  2,  9551] loss: 0.37513
[  2,  9601] loss: 0.36876
[  2,  9651] loss: 0.43758
[  2,  9701] loss: 0.38263
[  2,  9751] loss: 0.40179
[  2,  9801] loss: 0.52383
[  2,  9851] loss: 0.47620
[  2,  9901] loss: 0.24795
[  2,  9951] loss: 0.32037
[  2, 10001] loss: 0.39430
[  2, 10051] loss: 0.46668
[  2, 10101] loss: 0.27660
[  2, 10151] loss: 0.34803
[  2, 10201] loss: 0.32498
[  2, 10251] loss: 0.41677
[  2, 10301] loss: 0.30629
[  2, 10351] loss: 0.34391
[  2, 10401] loss: 0.40694
[  2, 10451] loss: 0.37261
[  2, 10501] loss: 0.31236
[  2, 10551] loss: 0.30731
[  2, 10601] loss: 0.35954
[  2, 10651] loss: 0.32811
[  2, 10701] loss: 0.36707
[  2, 10751] loss: 0.27486
[  2, 10801] loss: 0.46867
[  2, 10851] loss: 0.39094
[  2, 10901] loss: 0.29189
[  2, 10951] loss: 0.30534
[  2, 11001] loss: 0.37441
[  2, 11051] loss: 0.32148
[  2, 11101] loss: 0.28251
[  2, 11151] loss: 0.25775
[  2, 11201] loss: 0.21735
[  2, 11251] loss: 0.36206
[  2, 11301] loss: 0.41945
[  2, 11351] loss: 0.39332
[  2, 11401] loss: 0.36362
[  2, 11451] loss: 0.33240
[  2, 11501] loss: 0.20101
[  2, 11551] loss: 0.26601
[  2, 11601] loss: 0.36179
[  2, 11651] loss: 0.38425
[  2, 11701] loss: 0.35798
[  2, 11751] loss: 0.35281
[  2, 11801] loss: 0.31800
[  2, 11851] loss: 0.44157
[  2, 11901] loss: 0.27758
[  2, 11951] loss: 0.29052
[  2, 12001] loss: 0.34334
[  2, 12051] loss: 0.27693
[  2, 12101] loss: 0.31034
[  2, 12151] loss: 0.39838
[  2, 12201] loss: 0.33660
[  2, 12251] loss: 0.27196
[  2, 12301] loss: 0.39831
[  2, 12351] loss: 0.33892
[  2, 12401] loss: 0.28630
[  2, 12451] loss: 0.28469
[  2, 12501] loss: 0.32439
[  2, 12551] loss: 0.28123
[  2, 12601] loss: 0.31129
[  2, 12651] loss: 0.32090
[  2, 12701] loss: 0.32708
[  2, 12751] loss: 0.33656
[  2, 12801] loss: 0.29036
[  2, 12851] loss: 0.28375
[  2, 12901] loss: 0.25183
[  2, 12951] loss: 0.25130
[  2, 13001] loss: 0.28944
[  2, 13051] loss: 0.36902
[  2, 13101] loss: 0.27631
[  2, 13151] loss: 0.25816
[  2, 13201] loss: 0.30082
[  2, 13251] loss: 0.37151
[  2, 13301] loss: 0.33433
[  2, 13351] loss: 0.37118
[  2, 13401] loss: 0.33427
[  2, 13451] loss: 0.48254
[  2, 13501] loss: 0.27878
[  2, 13551] loss: 0.28152
[  2, 13601] loss: 0.41345
[  2, 13651] loss: 0.47142
[  2, 13701] loss: 0.34158
[  2, 13751] loss: 0.26953
[  2, 13801] loss: 0.38724
[  2, 13851] loss: 0.39906
[  2, 13901] loss: 0.22163
[  2, 13951] loss: 0.29348
[  2, 14001] loss: 0.33705
[  2, 14051] loss: 0.29051
[  2, 14101] loss: 0.18579
[  2, 14151] loss: 0.32813
[  2, 14201] loss: 0.50774
[  2, 14251] loss: 0.29780
[  2, 14301] loss: 0.27502
[  2, 14351] loss: 0.37691
[  2, 14401] loss: 0.45967
[  2, 14451] loss: 0.25064
[  2, 14501] loss: 0.32566
[  2, 14551] loss: 0.64304
[  2, 14601] loss: 0.53419
[  2, 14651] loss: 0.26320
[  2, 14701] loss: 0.42085
[  2, 14751] loss: 0.45861
[  2, 14801] loss: 0.56126
[  2, 14851] loss: 0.27477
[  2, 14901] loss: 0.26342
[  2, 14951] loss: 0.60322
[  2, 15001] loss: 0.42214
[  2, 15051] loss: 0.26777
[  2, 15101] loss: 0.25268
[  2, 15151] loss: 0.40427
[  2, 15201] loss: 0.41005
[  2, 15251] loss: 0.25360
[  2, 15301] loss: 0.41699
[  2, 15351] loss: 0.30400
[  2, 15401] loss: 0.32846
[  2, 15451] loss: 0.20925
[  2, 15501] loss: 0.26347
[  2, 15551] loss: 0.28143
[  2, 15601] loss: 0.23002
[  2, 15651] loss: 0.24410
[  2, 15701] loss: 0.24580
[  2, 15751] loss: 0.31635
[  2, 15801] loss: 0.19368
[  2, 15851] loss: 0.21907
[  2, 15901] loss: 0.19628
[  2, 15951] loss: 0.25851
[  2, 16001] loss: 0.26623
[  2, 16051] loss: 0.20697
[  2, 16101] loss: 0.25782
[  2, 16151] loss: 0.28084
[  2, 16201] loss: 0.43316
[  2, 16251] loss: 0.24470
[  2, 16301] loss: 0.26337
[  2, 16351] loss: 0.17896
[  2, 16401] loss: 0.36982
[  2, 16451] loss: 0.34907
[  2, 16501] loss: 0.36276
[  2, 16551] loss: 0.20946
[  2, 16601] loss: 0.33892
[  2, 16651] loss: 0.40432
[  2, 16701] loss: 0.17639
[  2, 16751] loss: 0.17449
[  2, 16801] loss: 0.35035
[  2, 16851] loss: 0.65110
[  2, 16901] loss: 0.23554
[  2, 16951] loss: 0.27508
[  2, 17001] loss: 0.63328
[  2, 17051] loss: 0.73691
[  2, 17101] loss: 0.61580
[  2, 17151] loss: 0.21738
[  2, 17201] loss: 0.64655
[  2, 17251] loss: 0.97510
[  2, 17301] loss: 0.48006
[  2, 17351] loss: 0.21106
[  2, 17401] loss: 0.70877
[  2, 17451] loss: 0.85790
[  2, 17501] loss: 0.45178
[  2, 17551] loss: 0.32335
[  2, 17601] loss: 0.44092
[  2, 17651] loss: 0.91946
[  2, 17701] loss: 0.56613
[  2, 17751] loss: 0.20619
[  2, 17801] loss: 0.33244
[  2, 17851] loss: 0.48012
[  2, 17901] loss: 0.58086
[  2, 17951] loss: 0.26894
[  2, 18001] loss: 0.33041
[  2, 18051] loss: 0.50035
[  2, 18101] loss: 0.42649
[  2, 18151] loss: 0.25261
[  2, 18201] loss: 0.26567
[  2, 18251] loss: 0.49257
[  2, 18301] loss: 0.37384
[  2, 18351] loss: 0.24629
[  2, 18401] loss: 0.31276
[  2, 18451] loss: 0.32013
[  2, 18501] loss: 0.29407
[  2, 18551] loss: 0.27858
[  2, 18601] loss: 0.34178
[  2, 18651] loss: 0.40539
[  2, 18701] loss: 0.27137
[  2, 18751] loss: 0.32626
[  2, 18801] loss: 0.40119
[  2, 18851] loss: 0.43274
[  2, 18901] loss: 0.25050
[  2, 18951] loss: 0.22067
[  2, 19001] loss: 0.46649
[  2, 19051] loss: 0.76224
[  2, 19101] loss: 0.36178
[  2, 19151] loss: 0.19457
[  2, 19201] loss: 0.59793
[  2, 19251] loss: 0.65279
[  2, 19301] loss: 0.27978
[  2, 19351] loss: 0.28341
[  2, 19401] loss: 0.37356
[  2, 19451] loss: 0.66306
[  2, 19501] loss: 0.33472
[  2, 19551] loss: 0.25856
[  2, 19601] loss: 0.42195
[  2, 19651] loss: 0.60924
[  2, 19701] loss: 0.33885
[  2, 19751] loss: 0.20779
[  2, 19801] loss: 0.44786
[  2, 19851] loss: 0.50689
[  2, 19901] loss: 0.25375
[  2, 19951] loss: 0.23457
[  2, 20001] loss: 0.39747
[  2, 20051] loss: 0.31085
[  2, 20101] loss: 0.24728
[  2, 20151] loss: 0.24134
[  2, 20201] loss: 0.43962
[  2, 20251] loss: 0.29035
[  2, 20301] loss: 0.49126
[  2, 20351] loss: 0.22967
[  2, 20401] loss: 0.34063
[  2, 20451] loss: 0.29862
[  2, 20501] loss: 0.21603
[  2, 20551] loss: 0.24204
[  2, 20601] loss: 0.19360
[  2, 20651] loss: 0.35343
[  2, 20701] loss: 0.18896
[  2, 20751] loss: 0.30439
[  2, 20801] loss: 0.36133
[  2, 20851] loss: 0.39031
[  2, 20901] loss: 0.24265
[  2, 20951] loss: 0.23025
[  2, 21001] loss: 0.31836
[  2, 21051] loss: 0.24831
[  2, 21101] loss: 0.18949
[  2, 21151] loss: 0.25761
[  2, 21201] loss: 0.24987
[  2, 21251] loss: 0.34418
[  2, 21301] loss: 0.30727
[  2, 21351] loss: 0.26128
[  2, 21401] loss: 0.23918
[  2, 21451] loss: 0.21160
[  2, 21501] loss: 0.28302
[  2, 21551] loss: 0.34794
[  2, 21601] loss: 0.24154
[  2, 21651] loss: 0.26161
[  2, 21701] loss: 0.24946
[  2, 21751] loss: 0.34032
[  2, 21801] loss: 0.33707
[  2, 21851] loss: 0.31900
[  2, 21901] loss: 0.51637
[  2, 21951] loss: 0.59725
[  2, 22001] loss: 0.31161
[  2, 22051] loss: 0.68596
[  2, 22101] loss: 0.75037
[  2, 22151] loss: 0.35467
[  2, 22201] loss: 0.28964
[  2, 22251] loss: 0.48995
[  2, 22301] loss: 1.02168
[  2, 22351] loss: 0.49311
[  2, 22401] loss: 0.21531
[  2, 22451] loss: 0.80476
[  2, 22501] loss: 0.81117
[  2, 22551] loss: 0.52776
[  2, 22601] loss: 0.21658
[  2, 22651] loss: 0.80716
[  2, 22701] loss: 1.08016
[  2, 22751] loss: 0.73162
[  2, 22801] loss: 0.20642
[  2, 22851] loss: 0.54265
[  2, 22901] loss: 1.01118
[  2, 22951] loss: 0.71773
[  2, 23001] loss: 0.33287
[  2, 23051] loss: 0.50516
[  2, 23101] loss: 1.11625
[  2, 23151] loss: 0.83214
[  2, 23201] loss: 0.31671
[  2, 23251] loss: 0.28729
[  2, 23301] loss: 0.75357
[  2, 23351] loss: 0.99490
[  2, 23401] loss: 0.47251
[  2, 23451] loss: 0.27759
[  2, 23501] loss: 0.48489
[  2, 23551] loss: 1.10442
[  2, 23601] loss: 0.69782
[  2, 23651] loss: 0.43596
[  2, 23701] loss: 0.26276
[  2, 23751] loss: 0.70931
[  2, 23801] loss: 0.68672
[  2, 23851] loss: 0.62369
[  2, 23901] loss: 0.24846
[  2, 23951] loss: 0.37248
[  2, 24001] loss: 0.60494
[  2, 24051] loss: 0.55858
[  2, 24101] loss: 0.37380
[  2, 24151] loss: 0.30115
[  2, 24201] loss: 0.41005
[  2, 24251] loss: 0.50208
[  2, 24301] loss: 0.58345
[  2, 24351] loss: 0.23266
[  2, 24401] loss: 0.29371
[  2, 24451] loss: 0.50981
[  2, 24501] loss: 0.65626
[  2, 24551] loss: 0.31827
[  2, 24601] loss: 0.17679
[  2, 24651] loss: 0.43476
[  2, 24701] loss: 0.76638
[  2, 24751] loss: 0.57058
[  2, 24801] loss: 0.32690
[  2, 24851] loss: 0.43210
[  2, 24901] loss: 0.77976
[  2, 24951] loss: 0.58855
[  3,     1] loss: 0.23309
[  3,    51] loss: 0.26312
[  3,   101] loss: 0.35994
[  3,   151] loss: 0.68399
[  3,   201] loss: 0.49809
[  3,   251] loss: 0.36970
[  3,   301] loss: 0.31672
[  3,   351] loss: 0.54504
[  3,   401] loss: 0.67890
[  3,   451] loss: 0.30511
[  3,   501] loss: 0.15024
[  3,   551] loss: 0.35777
[  3,   601] loss: 0.75809
[  3,   651] loss: 0.64584
[  3,   701] loss: 0.41072
[  3,   751] loss: 0.28481
[  3,   801] loss: 0.52454
[  3,   851] loss: 1.11937
[  3,   901] loss: 0.77300
[  3,   951] loss: 0.31146
[  3,  1001] loss: 0.19129
[  3,  1051] loss: 0.61073
[  3,  1101] loss: 1.08272
[  3,  1151] loss: 1.02417
[  3,  1201] loss: 0.58229
[  3,  1251] loss: 0.20779
[  3,  1301] loss: 0.70367
[  3,  1351] loss: 1.29991
[  3,  1401] loss: 0.80510
[  3,  1451] loss: 0.60391
[  3,  1501] loss: 0.19943
[  3,  1551] loss: 0.53943
[  3,  1601] loss: 0.81221
[  3,  1651] loss: 0.66824
[  3,  1701] loss: 0.86401
[  3,  1751] loss: 0.24082
[  3,  1801] loss: 0.29389
[  3,  1851] loss: 0.62196
[  3,  1901] loss: 0.64560
[  3,  1951] loss: 0.23737
[  3,  2001] loss: 0.21423
[  3,  2051] loss: 0.20746
[  3,  2101] loss: 0.45579
[  3,  2151] loss: 0.50901
[  3,  2201] loss: 0.24203
[  3,  2251] loss: 0.30153
[  3,  2301] loss: 0.23253
[  3,  2351] loss: 0.26659
[  3,  2401] loss: 0.37479
[  3,  2451] loss: 0.44507
[  3,  2501] loss: 0.21304
[  3,  2551] loss: 0.20034
[  3,  2601] loss: 0.25169
[  3,  2651] loss: 0.19152
[  3,  2701] loss: 0.24500
[  3,  2751] loss: 0.27251
[  3,  2801] loss: 0.16415
[  3,  2851] loss: 0.20024
[  3,  2901] loss: 0.20340
[  3,  2951] loss: 0.19398
[  3,  3001] loss: 0.22082
[  3,  3051] loss: 0.29959
[  3,  3101] loss: 0.23053
[  3,  3151] loss: 0.33065
[  3,  3201] loss: 0.16308
[  3,  3251] loss: 0.22470
[  3,  3301] loss: 0.22425
[  3,  3351] loss: 0.28907
[  3,  3401] loss: 0.21149
[  3,  3451] loss: 0.22355
[  3,  3501] loss: 0.25309
[  3,  3551] loss: 0.39294
[  3,  3601] loss: 0.20415
[  3,  3651] loss: 0.25993
[  3,  3701] loss: 0.28645
[  3,  3751] loss: 0.32341
[  3,  3801] loss: 0.38477
[  3,  3851] loss: 0.21306
[  3,  3901] loss: 0.41937
[  3,  3951] loss: 0.33675
[  3,  4001] loss: 0.31677
[  3,  4051] loss: 0.20475
[  3,  4101] loss: 0.15193
[  3,  4151] loss: 0.40801
[  3,  4201] loss: 0.32185
[  3,  4251] loss: 0.17260
[  3,  4301] loss: 0.16137
[  3,  4351] loss: 0.24472
[  3,  4401] loss: 0.29967
[  3,  4451] loss: 0.23740
[  3,  4501] loss: 0.11310
[  3,  4551] loss: 0.25175
[  3,  4601] loss: 0.24161
[  3,  4651] loss: 0.34846
[  3,  4701] loss: 0.18669
[  3,  4751] loss: 0.33507
[  3,  4801] loss: 0.34691
[  3,  4851] loss: 0.29917
[  3,  4901] loss: 0.20119
[  3,  4951] loss: 0.15041
[  3,  5001] loss: 0.33645
[  3,  5051] loss: 0.41606
[  3,  5101] loss: 0.27959
[  3,  5151] loss: 0.26539
[  3,  5201] loss: 0.14268
[  3,  5251] loss: 0.33263
[  3,  5301] loss: 0.26322
[  3,  5351] loss: 0.28905
[  3,  5401] loss: 0.18360
[  3,  5451] loss: 0.14937
[  3,  5501] loss: 0.13900
[  3,  5551] loss: 0.18186
[  3,  5601] loss: 0.28772
[  3,  5651] loss: 0.12440
[  3,  5701] loss: 0.21744
[  3,  5751] loss: 0.13889
[  3,  5801] loss: 0.23865
[  3,  5851] loss: 0.35446
[  3,  5901] loss: 0.17376
[  3,  5951] loss: 0.27379
[  3,  6001] loss: 0.13151
[  3,  6051] loss: 0.15954
[  3,  6101] loss: 0.18508
[  3,  6151] loss: 0.28787
[  3,  6201] loss: 0.16855
[  3,  6251] loss: 0.19577
[  3,  6301] loss: 0.13309
[  3,  6351] loss: 0.19597
[  3,  6401] loss: 0.20588
[  3,  6451] loss: 0.23882
[  3,  6501] loss: 0.15534
[  3,  6551] loss: 0.12582
[  3,  6601] loss: 0.13584
[  3,  6651] loss: 0.21042
[  3,  6701] loss: 0.21646
[  3,  6751] loss: 0.19831
[  3,  6801] loss: 0.14281
[  3,  6851] loss: 0.16922
[  3,  6901] loss: 0.34188
[  3,  6951] loss: 0.35103
[  3,  7001] loss: 0.13477
[  3,  7051] loss: 0.10587
[  3,  7101] loss: 0.17907
[  3,  7151] loss: 0.17004
[  3,  7201] loss: 0.31746
[  3,  7251] loss: 0.17434
[  3,  7301] loss: 0.15126
[  3,  7351] loss: 0.16538
[  3,  7401] loss: 0.18724
[  3,  7451] loss: 0.22366
[  3,  7501] loss: 0.20042
[  3,  7551] loss: 0.32412
[  3,  7601] loss: 0.16283
[  3,  7651] loss: 0.10639
[  3,  7701] loss: 0.18515
[  3,  7751] loss: 0.20119
[  3,  7801] loss: 0.17088
[  3,  7851] loss: 0.17811
[  3,  7901] loss: 0.16798
[  3,  7951] loss: 0.13148
[  3,  8001] loss: 0.18266
[  3,  8051] loss: 0.38808
[  3,  8101] loss: 0.41973
[  3,  8151] loss: 0.25100
[  3,  8201] loss: 0.08267
[  3,  8251] loss: 0.19479
[  3,  8301] loss: 0.51540
[  3,  8351] loss: 0.96474
[  3,  8401] loss: 0.64373
[  3,  8451] loss: 0.13242
[  3,  8501] loss: 0.31876
[  3,  8551] loss: 0.88570
[  3,  8601] loss: 1.11050
[  3,  8651] loss: 0.45056
[  3,  8701] loss: 0.12594
[  3,  8751] loss: 0.37260
[  3,  8801] loss: 0.91320
[  3,  8851] loss: 1.04747
[  3,  8901] loss: 0.57396
[  3,  8951] loss: 0.14719
[  3,  9001] loss: 0.18168
[  3,  9051] loss: 0.86196
[  3,  9101] loss: 1.02828
[  3,  9151] loss: 0.49992
[  3,  9201] loss: 0.17787
[  3,  9251] loss: 0.31389
[  3,  9301] loss: 0.77171
[  3,  9351] loss: 0.70875
[  3,  9401] loss: 0.38693
[  3,  9451] loss: 0.10168
[  3,  9501] loss: 0.25035
[  3,  9551] loss: 0.45994
[  3,  9601] loss: 0.45788
[  3,  9651] loss: 0.17104
[  3,  9701] loss: 0.14831
[  3,  9751] loss: 0.44988
[  3,  9801] loss: 0.40709
[  3,  9851] loss: 0.28545
[  3,  9901] loss: 0.07716
[  3,  9951] loss: 0.33359
[  3, 10001] loss: 0.41052
[  3, 10051] loss: 0.46458
[  3, 10101] loss: 0.09797
[  3, 10151] loss: 0.19995
[  3, 10201] loss: 0.43404
[  3, 10251] loss: 0.39467
[  3, 10301] loss: 0.26450
[  3, 10351] loss: 0.07102
[  3, 10401] loss: 0.19527
[  3, 10451] loss: 0.17856
[  3, 10501] loss: 0.15713
[  3, 10551] loss: 0.14925
[  3, 10601] loss: 0.08936
[  3, 10651] loss: 0.08786
[  3, 10701] loss: 0.12059
[  3, 10751] loss: 0.08068
[  3, 10801] loss: 0.14396
[  3, 10851] loss: 0.13696
[  3, 10901] loss: 0.14189
[  3, 10951] loss: 0.13111
[  3, 11001] loss: 0.13464
[  3, 11051] loss: 0.14241
[  3, 11101] loss: 0.17111
[  3, 11151] loss: 0.13752
[  3, 11201] loss: 0.05752
[  3, 11251] loss: 0.10733
[  3, 11301] loss: 0.11494
[  3, 11351] loss: 0.30875
[  3, 11401] loss: 0.07158
[  3, 11451] loss: 0.09764
[  3, 11501] loss: 0.05715
[  3, 11551] loss: 0.12856
[  3, 11601] loss: 0.12330
[  3, 11651] loss: 0.11238
[  3, 11701] loss: 0.12738
[  3, 11751] loss: 0.30749
[  3, 11801] loss: 0.14725
[  3, 11851] loss: 0.07263
[  3, 11901] loss: 0.07808
[  3, 11951] loss: 0.10465
[  3, 12001] loss: 0.13035
[  3, 12051] loss: 0.08230
[  3, 12101] loss: 0.10461
[  3, 12151] loss: 0.08152
[  3, 12201] loss: 0.10200
[  3, 12251] loss: 0.18743
[  3, 12301] loss: 0.11158
[  3, 12351] loss: 0.18588
[  3, 12401] loss: 0.04379
[  3, 12451] loss: 0.08575
[  3, 12501] loss: 0.19277
[  3, 12551] loss: 0.30419
[  3, 12601] loss: 0.16540
[  3, 12651] loss: 0.10238
[  3, 12701] loss: 0.23220
[  3, 12751] loss: 0.25924
[  3, 12801] loss: 0.23902
[  3, 12851] loss: 0.08991
[  3, 12901] loss: 0.10348
[  3, 12951] loss: 0.08310
[  3, 13001] loss: 0.08009
[  3, 13051] loss: 0.22120
[  3, 13101] loss: 0.10941
[  3, 13151] loss: 0.16950
[  3, 13201] loss: 0.16721
[  3, 13251] loss: 0.10754
[  3, 13301] loss: 0.09731
[  3, 13351] loss: 0.45692
[  3, 13401] loss: 0.37680
[  3, 13451] loss: 0.14727
[  3, 13501] loss: 0.07000
[  3, 13551] loss: 0.40553
[  3, 13601] loss: 0.47656
[  3, 13651] loss: 0.28735
[  3, 13701] loss: 0.29178
[  3, 13751] loss: 0.23285
[  3, 13801] loss: 0.43614
[  3, 13851] loss: 0.62561
[  3, 13901] loss: 0.24773
[  3, 13951] loss: 0.23539
[  3, 14001] loss: 0.13979
[  3, 14051] loss: 0.32306
[  3, 14101] loss: 0.15807
[  3, 14151] loss: 0.06278
[  3, 14201] loss: 0.39451
[  3, 14251] loss: 0.09314
[  3, 14301] loss: 0.08453
[  3, 14351] loss: 0.09345
[  3, 14401] loss: 0.12140
[  3, 14451] loss: 0.27112
[  3, 14501] loss: 0.45887
[  3, 14551] loss: 0.24622
[  3, 14601] loss: 0.07840
[  3, 14651] loss: 0.30127
[  3, 14701] loss: 0.84023
[  3, 14751] loss: 0.71839
[  3, 14801] loss: 0.21292
[  3, 14851] loss: 0.12234
[  3, 14901] loss: 0.92838
[  3, 14951] loss: 1.05145
[  3, 15001] loss: 0.66532
[  3, 15051] loss: 0.09043
[  3, 15101] loss: 0.17061
[  3, 15151] loss: 1.14263
[  3, 15201] loss: 0.44171
[  3, 15251] loss: 0.22752
[  3, 15301] loss: 0.08606
[  3, 15351] loss: 0.16245
[  3, 15401] loss: 0.19940
[  3, 15451] loss: 0.21834
[  3, 15501] loss: 0.16329
[  3, 15551] loss: 0.08476
[  3, 15601] loss: 0.18146
[  3, 15651] loss: 0.07611
[  3, 15701] loss: 0.13063
[  3, 15751] loss: 0.08277
[  3, 15801] loss: 0.08881
[  3, 15851] loss: 0.06120
[  3, 15901] loss: 0.07214
[  3, 15951] loss: 0.05303
[  3, 16001] loss: 0.14518
[  3, 16051] loss: 0.11075
[  3, 16101] loss: 0.15001
[  3, 16151] loss: 0.14587
[  3, 16201] loss: 0.10242
[  3, 16251] loss: 0.12124
[  3, 16301] loss: 0.30064
[  3, 16351] loss: 0.47362
[  3, 16401] loss: 0.20470
[  3, 16451] loss: 0.09803
[  3, 16501] loss: 0.12846
[  3, 16551] loss: 0.41661
[  3, 16601] loss: 0.69623
[  3, 16651] loss: 0.71276
[  3, 16701] loss: 0.09337
[  3, 16751] loss: 0.19808
[  3, 16801] loss: 0.35341
[  3, 16851] loss: 0.29126
[  3, 16901] loss: 0.28306
[  3, 16951] loss: 0.08734
[  3, 17001] loss: 0.09207
[  3, 17051] loss: 0.07756
[  3, 17101] loss: 0.47329
[  3, 17151] loss: 0.11806
[  3, 17201] loss: 0.19667
[  3, 17251] loss: 0.07232
[  3, 17301] loss: 0.09373
[  3, 17351] loss: 0.51368
[  3, 17401] loss: 0.42888
[  3, 17451] loss: 0.45807
[  3, 17501] loss: 0.06767
[  3, 17551] loss: 0.25871
[  3, 17601] loss: 0.86438
[  3, 17651] loss: 0.68905
[  3, 17701] loss: 0.30234
[  3, 17751] loss: 0.08828
[  3, 17801] loss: 0.49464
[  3, 17851] loss: 1.34850
[  3, 17901] loss: 0.48099
[  3, 17951] loss: 0.12525
[  3, 18001] loss: 0.21116
[  3, 18051] loss: 0.44114
[  3, 18101] loss: 0.68683
[  3, 18151] loss: 0.56479
[  3, 18201] loss: 0.08647
[  3, 18251] loss: 0.27058
[  3, 18301] loss: 0.31870
[  3, 18351] loss: 0.22728
[  3, 18401] loss: 0.29573
[  3, 18451] loss: 0.11283
[  3, 18501] loss: 0.12309
[  3, 18551] loss: 0.14664
[  3, 18601] loss: 0.07637
[  3, 18651] loss: 0.20167
[  3, 18701] loss: 0.46812
[  3, 18751] loss: 0.36906
[  3, 18801] loss: 0.19080
[  3, 18851] loss: 0.04020
[  3, 18901] loss: 0.64288
[  3, 18951] loss: 0.96189
[  3, 19001] loss: 0.72933
[  3, 19051] loss: 0.17666
[  3, 19101] loss: 0.11317
[  3, 19151] loss: 0.77053
[  3, 19201] loss: 1.47197
[  3, 19251] loss: 0.90645
[  3, 19301] loss: 0.44018
[  3, 19351] loss: 0.10748
[  3, 19401] loss: 0.38644
[  3, 19451] loss: 0.43943
[  3, 19501] loss: 0.40953
[  3, 19551] loss: 0.25138
[  3, 19601] loss: 0.06381
[  3, 19651] loss: 0.05546
[  3, 19701] loss: 0.14435
[  3, 19751] loss: 0.09724
[  3, 19801] loss: 0.05437
[  3, 19851] loss: 0.07055
[  3, 19901] loss: 0.35457
[  3, 19951] loss: 0.22358
[  3, 20001] loss: 0.23939
[  3, 20051] loss: 0.06473
[  3, 20101] loss: 0.16148
[  3, 20151] loss: 0.16911
[  3, 20201] loss: 0.31395
[  3, 20251] loss: 0.13317
[  3, 20301] loss: 0.46275
[  3, 20351] loss: 0.08678
[  3, 20401] loss: 0.19544
[  3, 20451] loss: 0.24436
[  3, 20501] loss: 0.12250
[  3, 20551] loss: 0.06109
[  3, 20601] loss: 0.09929
[  3, 20651] loss: 0.10319
[  3, 20701] loss: 0.11926
[  3, 20751] loss: 0.06190
[  3, 20801] loss: 0.19892
[  3, 20851] loss: 0.34361
[  3, 20901] loss: 0.06697
[  3, 20951] loss: 0.10418
[  3, 21001] loss: 0.12423
[  3, 21051] loss: 0.05105
[  3, 21101] loss: 0.09841
[  3, 21151] loss: 0.08757
[  3, 21201] loss: 0.15302
[  3, 21251] loss: 0.15434
[  3, 21301] loss: 0.15915
[  3, 21351] loss: 0.07481
[  3, 21401] loss: 0.09869
[  3, 21451] loss: 0.19950
[  3, 21501] loss: 0.14282
[  3, 21551] loss: 0.14468
[  3, 21601] loss: 0.09676
[  3, 21651] loss: 0.07291
[  3, 21701] loss: 0.13724
[  3, 21751] loss: 0.11632
[  3, 21801] loss: 0.08445
[  3, 21851] loss: 0.07279
[  3, 21901] loss: 0.09394
[  3, 21951] loss: 0.06587
[  3, 22001] loss: 0.09754
[  3, 22051] loss: 0.15543
[  3, 22101] loss: 0.11196
[  3, 22151] loss: 0.06302
[  3, 22201] loss: 0.11687
[  3, 22251] loss: 0.49765
[  3, 22301] loss: 0.29864
[  3, 22351] loss: 0.32383
[  3, 22401] loss: 0.12603
[  3, 22451] loss: 0.34369
[  3, 22501] loss: 0.26023
[  3, 22551] loss: 0.05601
[  3, 22601] loss: 0.06304
[  3, 22651] loss: 0.43068
[  3, 22701] loss: 0.18031
[  3, 22751] loss: 0.08320
[  3, 22801] loss: 0.09421
[  3, 22851] loss: 0.20735
[  3, 22901] loss: 0.59552
[  3, 22951] loss: 0.11208
[  3, 23001] loss: 0.04117
[  3, 23051] loss: 0.33531
[  3, 23101] loss: 0.29481
[  3, 23151] loss: 0.32625
[  3, 23201] loss: 0.06924
[  3, 23251] loss: 0.17375
[  3, 23301] loss: 0.24580
[  3, 23351] loss: 0.12950
[  3, 23401] loss: 0.04780
[  3, 23451] loss: 0.11301
[  3, 23501] loss: 0.42217
[  3, 23551] loss: 0.20731
[  3, 23601] loss: 0.05002
[  3, 23651] loss: 0.10032
[  3, 23701] loss: 0.59342
[  3, 23751] loss: 0.69981
[  3, 23801] loss: 0.30627
[  3, 23851] loss: 0.05592
[  3, 23901] loss: 0.20605
[  3, 23951] loss: 0.95604
[  3, 24001] loss: 1.40285
[  3, 24051] loss: 0.71131
[  3, 24101] loss: 0.15172
[  3, 24151] loss: 0.39874
[  3, 24201] loss: 1.28542
[  3, 24251] loss: 1.25927
[  3, 24301] loss: 0.70650
[  3, 24351] loss: 0.05777
[  3, 24401] loss: 0.17334
[  3, 24451] loss: 1.05550
[  3, 24501] loss: 0.57367
[  3, 24551] loss: 0.30065
[  3, 24601] loss: 0.05733
[  3, 24651] loss: 0.11027
[  3, 24701] loss: 0.28523
[  3, 24751] loss: 0.29128
[  3, 24801] loss: 0.10548
[  3, 24851] loss: 0.12181
[  3, 24901] loss: 0.16429
[  3, 24951] loss: 0.09696
[  4,     1] loss: 0.05325
[  4,    51] loss: 0.07826
[  4,   101] loss: 0.20914
[  4,   151] loss: 0.22721
[  4,   201] loss: 0.19182
[  4,   251] loss: 0.07550
[  4,   301] loss: 0.34291
[  4,   351] loss: 0.34838
[  4,   401] loss: 0.13156
[  4,   451] loss: 0.03245
[  4,   501] loss: 0.12063
[  4,   551] loss: 0.33026
[  4,   601] loss: 0.23442
[  4,   651] loss: 0.09252
[  4,   701] loss: 0.02387
[  4,   751] loss: 0.21391
[  4,   801] loss: 0.35873
[  4,   851] loss: 0.25703
[  4,   901] loss: 0.16372
[  4,   951] loss: 0.06011
[  4,  1001] loss: 0.47142
[  4,  1051] loss: 0.89189
[  4,  1101] loss: 0.41507
[  4,  1151] loss: 0.05519
[  4,  1201] loss: 0.28455
[  4,  1251] loss: 0.90393
[  4,  1301] loss: 1.60871
[  4,  1351] loss: 0.51697
[  4,  1401] loss: 0.25624
[  4,  1451] loss: 0.01813
[  4,  1501] loss: 0.72497
[  4,  1551] loss: 1.19756
[  4,  1601] loss: 1.38669
[  4,  1651] loss: 0.39774
[  4,  1701] loss: 0.02020
[  4,  1751] loss: 0.35620
[  4,  1801] loss: 1.57302
[  4,  1851] loss: 1.25359
[  4,  1901] loss: 1.05713
[  4,  1951] loss: 0.30233
[  4,  2001] loss: 0.08159
[  4,  2051] loss: 0.43186
[  4,  2101] loss: 0.73406
[  4,  2151] loss: 1.24596
[  4,  2201] loss: 0.74000
[  4,  2251] loss: 0.15021
[  4,  2301] loss: 0.22317
[  4,  2351] loss: 0.73980
[  4,  2401] loss: 0.91029
[  4,  2451] loss: 0.64945
[  4,  2501] loss: 0.14496
[  4,  2551] loss: 0.06019
[  4,  2601] loss: 0.24118
[  4,  2651] loss: 0.52876
[  4,  2701] loss: 0.45150
[  4,  2751] loss: 0.36638
[  4,  2801] loss: 0.10267
[  4,  2851] loss: 0.08333
[  4,  2901] loss: 0.32359
[  4,  2951] loss: 0.28222
[  4,  3001] loss: 0.32622
[  4,  3051] loss: 0.41142
[  4,  3101] loss: 0.07758
[  4,  3151] loss: 0.31940
[  4,  3201] loss: 0.16702
[  4,  3251] loss: 0.39728
[  4,  3301] loss: 0.32675
[  4,  3351] loss: 0.12911
[  4,  3401] loss: 0.04664
[  4,  3451] loss: 0.11754
[  4,  3501] loss: 0.31269
[  4,  3551] loss: 0.17151
[  4,  3601] loss: 0.13389
[  4,  3651] loss: 0.04888
[  4,  3701] loss: 0.06319
[  4,  3751] loss: 0.07322
[  4,  3801] loss: 0.36716
[  4,  3851] loss: 0.07217
[  4,  3901] loss: 0.32456
[  4,  3951] loss: 0.04927
[  4,  4001] loss: 0.05601
[  4,  4051] loss: 0.16651
[  4,  4101] loss: 0.07378
[  4,  4151] loss: 0.30299
[  4,  4201] loss: 0.06597
[  4,  4251] loss: 0.05552
[  4,  4301] loss: 0.05777
[  4,  4351] loss: 0.05205
[  4,  4401] loss: 0.05236
[  4,  4451] loss: 0.06942
[  4,  4501] loss: 0.04813
[  4,  4551] loss: 0.06458
[  4,  4601] loss: 0.06979
[  4,  4651] loss: 0.04667
[  4,  4701] loss: 0.06217
[  4,  4751] loss: 0.10201
[  4,  4801] loss: 0.07358
[  4,  4851] loss: 0.05597
[  4,  4901] loss: 0.06243
[  4,  4951] loss: 0.10427
[  4,  5001] loss: 0.20084
[  4,  5051] loss: 0.05536
[  4,  5101] loss: 0.06205
[  4,  5151] loss: 0.06328
[  4,  5201] loss: 0.13525
[  4,  5251] loss: 0.31405
[  4,  5301] loss: 0.19072
[  4,  5351] loss: 0.24000
[  4,  5401] loss: 0.04961
[  4,  5451] loss: 0.23079
[  4,  5501] loss: 0.28052
[  4,  5551] loss: 0.26872
[  4,  5601] loss: 0.14585
[  4,  5651] loss: 0.05105
[  4,  5701] loss: 0.08593
[  4,  5751] loss: 0.70215
[  4,  5801] loss: 0.92187
[  4,  5851] loss: 0.28230
[  4,  5901] loss: 0.11718
[  4,  5951] loss: 0.03555
[  4,  6001] loss: 0.35028
[  4,  6051] loss: 0.81190
[  4,  6101] loss: 0.78500
[  4,  6151] loss: 0.47373
[  4,  6201] loss: 0.04752
[  4,  6251] loss: 0.13977
[  4,  6301] loss: 0.60666
[  4,  6351] loss: 0.82698
[  4,  6401] loss: 0.55954
[  4,  6451] loss: 0.13663
[  4,  6501] loss: 0.05435
[  4,  6551] loss: 0.19007
[  4,  6601] loss: 0.51414
[  4,  6651] loss: 0.45595
[  4,  6701] loss: 0.36371
[  4,  6751] loss: 0.07297
[  4,  6801] loss: 0.06885
[  4,  6851] loss: 0.31179
[  4,  6901] loss: 0.44049
[  4,  6951] loss: 0.22332
[  4,  7001] loss: 0.06549
[  4,  7051] loss: 0.06294
[  4,  7101] loss: 0.12322
[  4,  7151] loss: 0.13151
[  4,  7201] loss: 0.15052
[  4,  7251] loss: 0.05494
[  4,  7301] loss: 0.06566
[  4,  7351] loss: 0.09144
[  4,  7401] loss: 0.09771
[  4,  7451] loss: 0.17622
[  4,  7501] loss: 0.04874
[  4,  7551] loss: 0.28524
[  4,  7601] loss: 0.07672
[  4,  7651] loss: 0.14341
[  4,  7701] loss: 0.19915
[  4,  7751] loss: 0.25592
[  4,  7801] loss: 0.07608
[  4,  7851] loss: 0.25123
[  4,  7901] loss: 0.15255
[  4,  7951] loss: 0.49343
[  4,  8001] loss: 0.49643
[  4,  8051] loss: 0.12777
[  4,  8101] loss: 0.04457
[  4,  8151] loss: 0.13494
[  4,  8201] loss: 0.68314
[  4,  8251] loss: 0.76698
[  4,  8301] loss: 0.31853
[  4,  8351] loss: 0.04865
[  4,  8401] loss: 0.26210
[  4,  8451] loss: 0.97646
[  4,  8501] loss: 1.09055
[  4,  8551] loss: 0.48062
[  4,  8601] loss: 0.12072
[  4,  8651] loss: 0.02394
[  4,  8701] loss: 0.79894
[  4,  8751] loss: 1.19455
[  4,  8801] loss: 0.42136
[  4,  8851] loss: 0.12750
[  4,  8901] loss: 0.02324
[  4,  8951] loss: 0.21008
[  4,  9001] loss: 1.15322
[  4,  9051] loss: 0.88304
[  4,  9101] loss: 0.33026
[  4,  9151] loss: 0.20590
[  4,  9201] loss: 0.03753
[  4,  9251] loss: 0.49727
[  4,  9301] loss: 0.29910
[  4,  9351] loss: 0.33591
[  4,  9401] loss: 0.37254
[  4,  9451] loss: 0.17527
[  4,  9501] loss: 0.05666
[  4,  9551] loss: 0.03048
[  4,  9601] loss: 0.07359
[  4,  9651] loss: 0.41761
[  4,  9701] loss: 0.11152
[  4,  9751] loss: 0.05798
[  4,  9801] loss: 0.02869
[  4,  9851] loss: 0.09194
[  4,  9901] loss: 0.07810
[  4,  9951] loss: 0.02870
[  4, 10001] loss: 0.01735
[  4, 10051] loss: 0.03449
[  4, 10101] loss: 0.15947
[  4, 10151] loss: 0.29509
[  4, 10201] loss: 0.13039
[  4, 10251] loss: 0.04668
[  4, 10301] loss: 0.02737
[  4, 10351] loss: 0.19057
[  4, 10401] loss: 0.29976
[  4, 10451] loss: 0.25412
[  4, 10501] loss: 0.11705
[  4, 10551] loss: 0.05825
[  4, 10601] loss: 0.05555
[  4, 10651] loss: 0.20769
[  4, 10701] loss: 0.12933
[  4, 10751] loss: 0.23388
[  4, 10801] loss: 0.23935
[  4, 10851] loss: 0.09668
[  4, 10901] loss: 0.05673
[  4, 10951] loss: 0.10593
[  4, 11001] loss: 0.19469
[  4, 11051] loss: 0.23982
[  4, 11101] loss: 0.17118
[  4, 11151] loss: 0.10305
[  4, 11201] loss: 0.05837
[  4, 11251] loss: 0.07975
[  4, 11301] loss: 0.15928
[  4, 11351] loss: 0.48633
[  4, 11401] loss: 0.12299
[  4, 11451] loss: 0.11607
[  4, 11501] loss: 0.03308
[  4, 11551] loss: 0.04799
[  4, 11601] loss: 0.04788
[  4, 11651] loss: 0.08858
[  4, 11701] loss: 0.14828
[  4, 11751] loss: 0.26033
[  4, 11801] loss: 0.05139
[  4, 11851] loss: 0.09768
[  4, 11901] loss: 0.04442
[  4, 11951] loss: 0.04248
[  4, 12001] loss: 0.07991
[  4, 12051] loss: 0.09367
[  4, 12101] loss: 0.06356
[  4, 12151] loss: 0.03593
[  4, 12201] loss: 0.04666
[  4, 12251] loss: 0.14032
[  4, 12301] loss: 0.09900
[  4, 12351] loss: 0.06129
[  4, 12401] loss: 0.08819
[  4, 12451] loss: 0.11517
[  4, 12501] loss: 0.02795
[  4, 12551] loss: 0.02590
[  4, 12601] loss: 0.04565
[  4, 12651] loss: 0.20590
[  4, 12701] loss: 0.18323
[  4, 12751] loss: 0.32247
[  4, 12801] loss: 0.11063
[  4, 12851] loss: 0.06071
[  4, 12901] loss: 0.07739
[  4, 12951] loss: 0.25593
[  4, 13001] loss: 0.14273
[  4, 13051] loss: 0.43775
[  4, 13101] loss: 0.14679
[  4, 13151] loss: 0.04597
[  4, 13201] loss: 0.06555
[  4, 13251] loss: 0.09639
[  4, 13301] loss: 0.34344
[  4, 13351] loss: 0.39988
[  4, 13401] loss: 0.03364
[  4, 13451] loss: 0.06460
[  4, 13501] loss: 0.05957
[  4, 13551] loss: 0.03506
[  4, 13601] loss: 0.03225
[  4, 13651] loss: 0.05434
[  4, 13701] loss: 0.31593
[  4, 13751] loss: 0.02185
[  4, 13801] loss: 0.01375
[  4, 13851] loss: 0.01233
[  4, 13901] loss: 0.04223
[  4, 13951] loss: 0.36687
[  4, 14001] loss: 0.16272
[  4, 14051] loss: 0.07607
[  4, 14101] loss: 0.05128
[  4, 14151] loss: 0.04479
[  4, 14201] loss: 0.49562
[  4, 14251] loss: 0.38105
[  4, 14301] loss: 0.40118
[  4, 14351] loss: 0.14874
[  4, 14401] loss: 0.07981
[  4, 14451] loss: 0.03425
[  4, 14501] loss: 0.01651
[  4, 14551] loss: 0.14303
[  4, 14601] loss: 0.77123
[  4, 14651] loss: 0.75259
[  4, 14701] loss: 0.09833
[  4, 14751] loss: 0.00623
[  4, 14801] loss: 0.04600
[  4, 14851] loss: 0.52585
[  4, 14901] loss: 0.20076
[  4, 14951] loss: 0.09886
[  4, 15001] loss: 0.04665
[  4, 15051] loss: 0.12651
[  4, 15101] loss: 0.02387
[  4, 15151] loss: 0.19840
[  4, 15201] loss: 0.05404
[  4, 15251] loss: 0.13982
[  4, 15301] loss: 0.12817
[  4, 15351] loss: 0.03529
[  4, 15401] loss: 0.01815
[  4, 15451] loss: 0.02798
[  4, 15501] loss: 0.02885
[  4, 15551] loss: 0.07263
[  4, 15601] loss: 0.16210
[  4, 15651] loss: 0.03163
[  4, 15701] loss: 0.05002
[  4, 15751] loss: 0.08624
[  4, 15801] loss: 0.03052
[  4, 15851] loss: 0.07685
[  4, 15901] loss: 0.02641
[  4, 15951] loss: 0.04629
[  4, 16001] loss: 0.13128
[  4, 16051] loss: 0.03942
[  4, 16101] loss: 0.04152
[  4, 16151] loss: 0.06695
[  4, 16201] loss: 0.12467
[  4, 16251] loss: 0.12138
[  4, 16301] loss: 0.02841
[  4, 16351] loss: 0.01325
[  4, 16401] loss: 0.06607
[  4, 16451] loss: 0.30876
[  4, 16501] loss: 0.51229
[  4, 16551] loss: 0.08995
[  4, 16601] loss: 0.03982
[  4, 16651] loss: 0.32061
[  4, 16701] loss: 0.18983
[  4, 16751] loss: 0.41649
[  4, 16801] loss: 0.14598
[  4, 16851] loss: 0.40628
[  4, 16901] loss: 0.11083
[  4, 16951] loss: 0.07746
[  4, 17001] loss: 0.04232
[  4, 17051] loss: 0.05091
[  4, 17101] loss: 0.96179
[  4, 17151] loss: 0.64239
[  4, 17201] loss: 0.61648
[  4, 17251] loss: 0.11645
[  4, 17301] loss: 0.03562
[  4, 17351] loss: 0.02231
[  4, 17401] loss: 0.12132
[  4, 17451] loss: 0.55399
[  4, 17501] loss: 1.72928
[  4, 17551] loss: 0.91627
[  4, 17601] loss: 0.08473
[  4, 17651] loss: 0.00297
[  4, 17701] loss: 0.11995
[  4, 17751] loss: 1.15761
[  4, 17801] loss: 0.89042
[  4, 17851] loss: 0.14074
[  4, 17901] loss: 0.11336
[  4, 17951] loss: 0.04558
[  4, 18001] loss: 0.06873
[  4, 18051] loss: 0.11248
[  4, 18101] loss: 0.33274
[  4, 18151] loss: 0.29698
[  4, 18201] loss: 0.31671
[  4, 18251] loss: 0.32629
[  4, 18301] loss: 0.04604
[  4, 18351] loss: 0.10669
[  4, 18401] loss: 0.29628
[  4, 18451] loss: 0.10408
[  4, 18501] loss: 0.17380
[  4, 18551] loss: 0.14744
[  4, 18601] loss: 0.03169
[  4, 18651] loss: 0.06945
[  4, 18701] loss: 0.03722
[  4, 18751] loss: 0.04268
[  4, 18801] loss: 0.04081
[  4, 18851] loss: 0.02894
[  4, 18901] loss: 0.01699
[  4, 18951] loss: 0.00705
[  4, 19001] loss: 0.00345
[  4, 19051] loss: 0.06827
[  4, 19101] loss: 0.46372
[  4, 19151] loss: 0.08213
[  4, 19201] loss: 0.00415
[  4, 19251] loss: 0.00341
[  4, 19301] loss: 0.00491
[  4, 19351] loss: 0.22956
[  4, 19401] loss: 0.09807
[  4, 19451] loss: 0.13456
[  4, 19501] loss: 0.12456
[  4, 19551] loss: 0.27809
[  4, 19601] loss: 0.08717
[  4, 19651] loss: 0.05522
[  4, 19701] loss: 0.12342
[  4, 19751] loss: 0.25957
[  4, 19801] loss: 0.56003
[  4, 19851] loss: 0.26344
[  4, 19901] loss: 0.42251
[  4, 19951] loss: 0.03097
[  4, 20001] loss: 0.10694
[  4, 20051] loss: 0.15199
[  4, 20101] loss: 0.41406
[  4, 20151] loss: 0.43905
[  4, 20201] loss: 0.06916
[  4, 20251] loss: 0.02522
[  4, 20301] loss: 0.61734
[  4, 20351] loss: 0.07764
[  4, 20401] loss: 0.10288
[  4, 20451] loss: 0.22556
[  4, 20501] loss: 0.17463
[  4, 20551] loss: 0.05069
[  4, 20601] loss: 0.03388
[  4, 20651] loss: 0.04922
[  4, 20701] loss: 0.08976
[  4, 20751] loss: 0.08359
[  4, 20801] loss: 0.28898
[  4, 20851] loss: 0.39801
[  4, 20901] loss: 0.03691
[  4, 20951] loss: 0.03674
[  4, 21001] loss: 0.03240
[  4, 21051] loss: 0.07567
[  4, 21101] loss: 0.07446
[  4, 21151] loss: 0.08954
[  4, 21201] loss: 0.05213
[  4, 21251] loss: 0.04138
[  4, 21301] loss: 0.01983
[  4, 21351] loss: 0.05127
[  4, 21401] loss: 0.14980
[  4, 21451] loss: 0.08765
[  4, 21501] loss: 0.06221
[  4, 21551] loss: 0.03213
[  4, 21601] loss: 0.03708
[  4, 21651] loss: 0.02513
[  4, 21701] loss: 0.02452
[  4, 21751] loss: 0.06116
[  4, 21801] loss: 0.13173
[  4, 21851] loss: 0.03886
[  4, 21901] loss: 0.03591
[  4, 21951] loss: 0.03422
[  4, 22001] loss: 0.03197
[  4, 22051] loss: 0.02176
[  4, 22101] loss: 0.05061
[  4, 22151] loss: 0.05150
[  4, 22201] loss: 0.08113
[  4, 22251] loss: 0.39496
[  4, 22301] loss: 0.00716
[  4, 22351] loss: 0.26193
[  4, 22401] loss: 0.07681
[  4, 22451] loss: 0.00347
[  4, 22501] loss: 0.01171
[  4, 22551] loss: 0.01003
[  4, 22601] loss: 0.04061
[  4, 22651] loss: 0.17828
[  4, 22701] loss: 0.00762
[  4, 22751] loss: 0.03295
[  4, 22801] loss: 0.02916
[  4, 22851] loss: 0.01298
[  4, 22901] loss: 0.40696
[  4, 22951] loss: 0.04036
[  4, 23001] loss: 0.07331
[  4, 23051] loss: 0.27882
[  4, 23101] loss: 0.01372
[  4, 23151] loss: 0.01301
[  4, 23201] loss: 0.03401
[  4, 23251] loss: 0.02474
[  4, 23301] loss: 0.00629
[  4, 23351] loss: 0.01307
[  4, 23401] loss: 0.01715
[  4, 23451] loss: 0.06838
[  4, 23501] loss: 0.17211
[  4, 23551] loss: 0.02784
[  4, 23601] loss: 0.03598
[  4, 23651] loss: 0.08948
[  4, 23701] loss: 0.00387
[  4, 23751] loss: 0.00133
[  4, 23801] loss: 0.05230
[  4, 23851] loss: 0.43602
[  4, 23901] loss: 0.16328
[  4, 23951] loss: 0.02607
[  4, 24001] loss: 0.01347
[  4, 24051] loss: 0.00382
[  4, 24101] loss: 0.16695
[  4, 24151] loss: 0.40166
[  4, 24201] loss: 0.07987
[  4, 24251] loss: 0.04521
[  4, 24301] loss: 0.04329
[  4, 24351] loss: 0.05081
[  4, 24401] loss: 0.04394
[  4, 24451] loss: 0.33417
[  4, 24501] loss: 0.07512
[  4, 24551] loss: 0.12586
[  4, 24601] loss: 0.11861
[  4, 24651] loss: 0.05657
[  4, 24701] loss: 0.00821
[  4, 24751] loss: 0.03182
[  4, 24801] loss: 0.05372
[  4, 24851] loss: 0.01808
[  4, 24901] loss: 0.04511
[  4, 24951] loss: 0.09983
[  5,     1] loss: 0.04304
[  5,    51] loss: 0.04686
[  5,   101] loss: 0.00700
[  5,   151] loss: 0.02380
[  5,   201] loss: 0.31406
[  5,   251] loss: 0.08588
[  5,   301] loss: 0.01086
[  5,   351] loss: 0.00832
[  5,   401] loss: 0.00478
[  5,   451] loss: 0.01912
[  5,   501] loss: 0.01676
[  5,   551] loss: 0.00769
[  5,   601] loss: 0.00267
[  5,   651] loss: 0.00940
[  5,   701] loss: 0.02531
[  5,   751] loss: 0.13939
[  5,   801] loss: 0.00765
[  5,   851] loss: 0.01167
[  5,   901] loss: 0.02610
[  5,   951] loss: 0.04525
[  5,  1001] loss: 0.02578
[  5,  1051] loss: 0.17346
[  5,  1101] loss: 0.00241
[  5,  1151] loss: 0.04696
[  5,  1201] loss: 0.33634
[  5,  1251] loss: 0.01344
[  5,  1301] loss: 0.01291
[  5,  1351] loss: 0.00034
[  5,  1401] loss: 0.00529
[  5,  1451] loss: 0.04644
[  5,  1501] loss: 0.06532
[  5,  1551] loss: 0.00185
[  5,  1601] loss: 0.00043
[  5,  1651] loss: 0.00251
[  5,  1701] loss: 0.07718
[  5,  1751] loss: 0.12085
[  5,  1801] loss: 0.02979
[  5,  1851] loss: 0.00169
[  5,  1901] loss: 0.00153
[  5,  1951] loss: 0.00938
[  5,  2001] loss: 0.07931
[  5,  2051] loss: 0.04274
[  5,  2101] loss: 0.17138
[  5,  2151] loss: 0.02116
[  5,  2201] loss: 0.00669
[  5,  2251] loss: 0.02899
[  5,  2301] loss: 0.01596
[  5,  2351] loss: 0.02377
[  5,  2401] loss: 0.00600
[  5,  2451] loss: 0.00950
[  5,  2501] loss: 0.01831
[  5,  2551] loss: 0.01874
[  5,  2601] loss: 0.01621
[  5,  2651] loss: 0.00340
[  5,  2701] loss: 0.00465
[  5,  2751] loss: 0.00714
[  5,  2801] loss: 0.01854
[  5,  2851] loss: 0.04444
[  5,  2901] loss: 0.02372
[  5,  2951] loss: 0.02928
[  5,  3001] loss: 0.02411
[  5,  3051] loss: 0.19660
[  5,  3101] loss: 0.02413
[  5,  3151] loss: 0.32606
[  5,  3201] loss: 0.07775
[  5,  3251] loss: 0.02390
[  5,  3301] loss: 0.02209
[  5,  3351] loss: 0.02671
[  5,  3401] loss: 0.01632
[  5,  3451] loss: 0.01020
[  5,  3501] loss: 0.01240
[  5,  3551] loss: 0.01193
[  5,  3601] loss: 0.02802
[  5,  3651] loss: 0.02889
[  5,  3701] loss: 0.01285
[  5,  3751] loss: 0.01400
[  5,  3801] loss: 0.22451
[  5,  3851] loss: 0.02428
[  5,  3901] loss: 0.51775
[  5,  3951] loss: 0.01043
[  5,  4001] loss: 0.01334
[  5,  4051] loss: 0.01306
[  5,  4101] loss: 0.01744
[  5,  4151] loss: 0.31996
[  5,  4201] loss: 0.02033
[  5,  4251] loss: 0.02550
[  5,  4301] loss: 0.02412
[  5,  4351] loss: 0.03864
[  5,  4401] loss: 0.02363
[  5,  4451] loss: 0.04038
[  5,  4501] loss: 0.02749
[  5,  4551] loss: 0.01837
[  5,  4601] loss: 0.01394
[  5,  4651] loss: 0.00915
[  5,  4701] loss: 0.02548
[  5,  4751] loss: 0.01041
[  5,  4801] loss: 0.02708
[  5,  4851] loss: 0.01368
[  5,  4901] loss: 0.04351
[  5,  4951] loss: 0.02894
[  5,  5001] loss: 0.00823
[  5,  5051] loss: 0.01050
[  5,  5101] loss: 0.02303
[  5,  5151] loss: 0.01965
[  5,  5201] loss: 0.00855
[  5,  5251] loss: 0.00371
[  5,  5301] loss: 0.00726
[  5,  5351] loss: 0.25074
[  5,  5401] loss: 0.02751
[  5,  5451] loss: 0.02211
[  5,  5501] loss: 0.01754
[  5,  5551] loss: 0.00149
[  5,  5601] loss: 0.01422
[  5,  5651] loss: 0.04288
[  5,  5701] loss: 0.07150
[  5,  5751] loss: 0.47155
[  5,  5801] loss: 0.28801
[  5,  5851] loss: 0.00180
[  5,  5901] loss: 0.02546
[  5,  5951] loss: 0.10096
[  5,  6001] loss: 0.05637
[  5,  6051] loss: 0.04226
[  5,  6101] loss: 0.00983
[  5,  6151] loss: 0.30976
[  5,  6201] loss: 0.04011
[  5,  6251] loss: 0.18144
[  5,  6301] loss: 0.15049
[  5,  6351] loss: 0.07141
[  5,  6401] loss: 0.02045
[  5,  6451] loss: 0.00844
[  5,  6501] loss: 0.09654
[  5,  6551] loss: 0.14313
[  5,  6601] loss: 0.09159
[  5,  6651] loss: 0.04197
[  5,  6701] loss: 0.01566
[  5,  6751] loss: 0.03407
[  5,  6801] loss: 0.02239
[  5,  6851] loss: 0.02112
[  5,  6901] loss: 0.17894
[  5,  6951] loss: 0.01851
[  5,  7001] loss: 0.07201
[  5,  7051] loss: 0.08278
[  5,  7101] loss: 0.08384
[  5,  7151] loss: 0.03996
[  5,  7201] loss: 0.01795
[  5,  7251] loss: 0.00878
[  5,  7301] loss: 0.00966
[  5,  7351] loss: 0.13920
[  5,  7401] loss: 0.01910
[  5,  7451] loss: 0.02017
[  5,  7501] loss: 0.03940
[  5,  7551] loss: 0.52022
[  5,  7601] loss: 0.12499
[  5,  7651] loss: 0.03444
[  5,  7701] loss: 0.01486
[  5,  7751] loss: 0.00576
[  5,  7801] loss: 0.01809
[  5,  7851] loss: 0.50856
[  5,  7901] loss: 0.05825
[  5,  7951] loss: 0.04431
[  5,  8001] loss: 0.03400
[  5,  8051] loss: 0.01479
[  5,  8101] loss: 0.01142
[  5,  8151] loss: 0.01114
[  5,  8201] loss: 0.00727
[  5,  8251] loss: 0.00171
[  5,  8301] loss: 0.00121
[  5,  8351] loss: 0.00724
[  5,  8401] loss: 0.68771
[  5,  8451] loss: 0.00787
[  5,  8501] loss: 0.00014
[  5,  8551] loss: 0.00090
[  5,  8601] loss: 0.01317
[  5,  8651] loss: 0.03693
[  5,  8701] loss: 0.05775
[  5,  8751] loss: 0.00428
[  5,  8801] loss: 0.00082
[  5,  8851] loss: 0.00156
[  5,  8901] loss: 0.01446
[  5,  8951] loss: 0.02763
[  5,  9001] loss: 0.00388
[  5,  9051] loss: 0.44985
[  5,  9101] loss: 0.07040
[  5,  9151] loss: 0.00196
[  5,  9201] loss: 0.01703
[  5,  9251] loss: 0.31694
[  5,  9301] loss: 0.00106
[  5,  9351] loss: 0.00096
[  5,  9401] loss: 0.25057
[  5,  9451] loss: 0.03626
[  5,  9501] loss: 0.01130
[  5,  9551] loss: 0.00321
[  5,  9601] loss: 0.00383
[  5,  9651] loss: 0.01885
[  5,  9701] loss: 0.02722
[  5,  9751] loss: 0.02989
[  5,  9801] loss: 0.00880
[  5,  9851] loss: 0.27833
[  5,  9901] loss: 0.01133
[  5,  9951] loss: 0.02380
[  5, 10001] loss: 0.01295
[  5, 10051] loss: 0.00956
[  5, 10101] loss: 0.01246
[  5, 10151] loss: 0.00369
[  5, 10201] loss: 0.00382
[  5, 10251] loss: 0.00467
[  5, 10301] loss: 0.01187
[  5, 10351] loss: 0.01036
[  5, 10401] loss: 0.00239
[  5, 10451] loss: 0.00314
[  5, 10501] loss: 0.00773
[  5, 10551] loss: 0.01304
[  5, 10601] loss: 0.02578
[  5, 10651] loss: 0.03005
[  5, 10701] loss: 0.02845
[  5, 10751] loss: 0.01213
[  5, 10801] loss: 0.00479
[  5, 10851] loss: 0.00789
[  5, 10901] loss: 0.02065
[  5, 10951] loss: 0.02918
[  5, 11001] loss: 0.03216
[  5, 11051] loss: 0.01141
[  5, 11101] loss: 0.03292
[  5, 11151] loss: 0.00831
[  5, 11201] loss: 0.00959
[  5, 11251] loss: 0.01470
[  5, 11301] loss: 0.02132
[  5, 11351] loss: 0.40211
[  5, 11401] loss: 0.03635
[  5, 11451] loss: 0.00888
[  5, 11501] loss: 0.01250
[  5, 11551] loss: 0.01040
[  5, 11601] loss: 0.02112
[  5, 11651] loss: 0.01255
[  5, 11701] loss: 0.03139
[  5, 11751] loss: 0.30756
[  5, 11801] loss: 0.01144
[  5, 11851] loss: 0.01073
[  5, 11901] loss: 0.01369
[  5, 11951] loss: 0.01273
[  5, 12001] loss: 0.01533
[  5, 12051] loss: 0.02378
[  5, 12101] loss: 0.03386
[  5, 12151] loss: 0.03372
[  5, 12201] loss: 0.02381
[  5, 12251] loss: 0.20246
[  5, 12301] loss: 0.02824
[  5, 12351] loss: 0.00620
[  5, 12401] loss: 0.00718
[  5, 12451] loss: 0.00861
[  5, 12501] loss: 0.00513
[  5, 12551] loss: 0.00954
[  5, 12601] loss: 0.01167
[  5, 12651] loss: 0.00950
[  5, 12701] loss: 0.00283
[  5, 12751] loss: 0.27661
[  5, 12801] loss: 0.06930
[  5, 12851] loss: 0.06207
[  5, 12901] loss: 0.11820
[  5, 12951] loss: 0.07277
[  5, 13001] loss: 0.01023
[  5, 13051] loss: 0.35662
[  5, 13101] loss: 0.01042
[  5, 13151] loss: 0.07085
[  5, 13201] loss: 0.16938
[  5, 13251] loss: 0.12921
[  5, 13301] loss: 0.07591
[  5, 13351] loss: 0.18990
[  5, 13401] loss: 0.00352
[  5, 13451] loss: 0.00891
[  5, 13501] loss: 0.02168
[  5, 13551] loss: 0.03728
[  5, 13601] loss: 0.04295
[  5, 13651] loss: 0.09139
[  5, 13701] loss: 0.72467
[  5, 13751] loss: 0.07483
[  5, 13801] loss: 0.02673
[  5, 13851] loss: 0.00586
[  5, 13901] loss: 0.01348
[  5, 13951] loss: 0.32267
[  5, 14001] loss: 0.13487
[  5, 14051] loss: 0.39337
[  5, 14101] loss: 0.26873
[  5, 14151] loss: 0.11697
[  5, 14201] loss: 0.49365
[  5, 14251] loss: 0.00419
[  5, 14301] loss: 0.00860
[  5, 14351] loss: 0.23284
[  5, 14401] loss: 0.57434
[  5, 14451] loss: 0.93029
[  5, 14501] loss: 0.15242
[  5, 14551] loss: 0.00602
[  5, 14601] loss: 0.00058
[  5, 14651] loss: 0.00226
[  5, 14701] loss: 0.50140
[  5, 14751] loss: 0.43866
[  5, 14801] loss: 0.91637
[  5, 14851] loss: 0.10793
[  5, 14901] loss: 0.00181
[  5, 14951] loss: 0.00096
[  5, 15001] loss: 0.00585
[  5, 15051] loss: 0.04519
[  5, 15101] loss: 0.24034
[  5, 15151] loss: 0.49931
[  5, 15201] loss: 0.06135
[  5, 15251] loss: 0.23400
[  5, 15301] loss: 0.66191
[  5, 15351] loss: 0.02902
[  5, 15401] loss: 0.00847
[  5, 15451] loss: 0.02597
[  5, 15501] loss: 0.30493
[  5, 15551] loss: 0.28099
[  5, 15601] loss: 0.27775
[  5, 15651] loss: 0.13695
[  5, 15701] loss: 0.04283
[  5, 15751] loss: 0.01456
[  5, 15801] loss: 0.02064
[  5, 15851] loss: 0.05978
[  5, 15901] loss: 0.23100
[  5, 15951] loss: 0.19130
[  5, 16001] loss: 0.20604
[  5, 16051] loss: 0.03776
[  5, 16101] loss: 0.01579
[  5, 16151] loss: 0.00859
[  5, 16201] loss: 0.01392
[  5, 16251] loss: 0.04585
[  5, 16301] loss: 0.17078
[  5, 16351] loss: 0.12573
[  5, 16401] loss: 0.06004
[  5, 16451] loss: 0.04155
[  5, 16501] loss: 0.02556
[  5, 16551] loss: 0.00518
[  5, 16601] loss: 0.02639
[  5, 16651] loss: 0.40893
[  5, 16701] loss: 0.07356
[  5, 16751] loss: 0.03612
[  5, 16801] loss: 0.00357
[  5, 16851] loss: 0.31895
[  5, 16901] loss: 0.00427
[  5, 16951] loss: 0.01300
[  5, 17001] loss: 0.01568
[  5, 17051] loss: 0.00746
[  5, 17101] loss: 0.82285
[  5, 17151] loss: 0.00984
[  5, 17201] loss: 0.00099
[  5, 17251] loss: 0.01290
[  5, 17301] loss: 0.09366
[  5, 17351] loss: 0.14898
[  5, 17401] loss: 0.02178
[  5, 17451] loss: 0.00068
[  5, 17501] loss: 0.00104
[  5, 17551] loss: 0.00330
[  5, 17601] loss: 0.00621
[  5, 17651] loss: 0.01586
[  5, 17701] loss: 0.05527
[  5, 17751] loss: 0.17431
[  5, 17801] loss: 0.00370
[  5, 17851] loss: 0.00113
[  5, 17901] loss: 0.00550
[  5, 17951] loss: 0.02273
[  5, 18001] loss: 0.00725
[  5, 18051] loss: 0.00137
[  5, 18101] loss: 0.00032
[  5, 18151] loss: 0.00046
[  5, 18201] loss: 0.02068
[  5, 18251] loss: 0.53285
[  5, 18301] loss: 0.00548
[  5, 18351] loss: 0.00418
[  5, 18401] loss: 0.00252
[  5, 18451] loss: 0.00655
[  5, 18501] loss: 0.00519
[  5, 18551] loss: 0.23645
[  5, 18601] loss: 0.00975
[  5, 18651] loss: 0.00456
[  5, 18701] loss: 0.00468
[  5, 18751] loss: 0.00401
[  5, 18801] loss: 0.01536
[  5, 18851] loss: 0.01593
[  5, 18901] loss: 0.00777
[  5, 18951] loss: 0.00250
[  5, 19001] loss: 0.00284
[  5, 19051] loss: 0.00422
[  5, 19101] loss: 0.00290
[  5, 19151] loss: 0.01345
[  5, 19201] loss: 0.01191
[  5, 19251] loss: 0.03203
[  5, 19301] loss: 0.06450
[  5, 19351] loss: 0.05755
[  5, 19401] loss: 0.00221
[  5, 19451] loss: 0.00041
[  5, 19501] loss: 0.00119
[  5, 19551] loss: 0.00281
[  5, 19601] loss: 0.02543
[  5, 19651] loss: 0.10447
[  5, 19701] loss: 0.05051
[  5, 19751] loss: 0.07124
[  5, 19801] loss: 0.01555
[  5, 19851] loss: 0.00784
[  5, 19901] loss: 0.39765
[  5, 19951] loss: 0.02667
[  5, 20001] loss: 0.07504
[  5, 20051] loss: 0.07438
[  5, 20101] loss: 0.04025
[  5, 20151] loss: 0.00738
[  5, 20201] loss: 0.00337
[  5, 20251] loss: 0.00647
[  5, 20301] loss: 0.84370
[  5, 20351] loss: 0.01799
[  5, 20401] loss: 0.01419
[  5, 20451] loss: 0.01547
[  5, 20501] loss: 0.04545
[  5, 20551] loss: 0.02625
[  5, 20601] loss: 0.02207
[  5, 20651] loss: 0.01934
[  5, 20701] loss: 0.00765
[  5, 20751] loss: 0.00903
[  5, 20801] loss: 0.35397
[  5, 20851] loss: 0.48187
[  5, 20901] loss: 0.00778
[  5, 20951] loss: 0.00862
[  5, 21001] loss: 0.00961
[  5, 21051] loss: 0.00874
[  5, 21101] loss: 0.00547
[  5, 21151] loss: 0.00528
[  5, 21201] loss: 0.01207
[  5, 21251] loss: 0.01008
[  5, 21301] loss: 0.01060
[  5, 21351] loss: 0.01278
[  5, 21401] loss: 0.02291
[  5, 21451] loss: 0.00532
[  5, 21501] loss: 0.00522
[  5, 21551] loss: 0.00987
[  5, 21601] loss: 0.01135
[  5, 21651] loss: 0.01281
[  5, 21701] loss: 0.01343
[  5, 21751] loss: 0.02007
[  5, 21801] loss: 0.03383
[  5, 21851] loss: 0.01270
[  5, 21901] loss: 0.00624
[  5, 21951] loss: 0.00929
[  5, 22001] loss: 0.00915
[  5, 22051] loss: 0.01217
[  5, 22101] loss: 0.00622
[  5, 22151] loss: 0.00611
[  5, 22201] loss: 0.01006
[  5, 22251] loss: 0.58644
[  5, 22301] loss: 0.00600
[  5, 22351] loss: 0.33822
[  5, 22401] loss: 0.00576
[  5, 22451] loss: 0.00183
[  5, 22501] loss: 0.00385
[  5, 22551] loss: 0.00800
[  5, 22601] loss: 0.00935
[  5, 22651] loss: 0.29170
[  5, 22701] loss: 0.00361
[  5, 22751] loss: 0.00720
[  5, 22801] loss: 0.01045
[  5, 22851] loss: 0.00403
[  5, 22901] loss: 0.52172
[  5, 22951] loss: 0.00638
[  5, 23001] loss: 0.00699
[  5, 23051] loss: 0.41990
[  5, 23101] loss: 0.00724
[  5, 23151] loss: 0.00833
[  5, 23201] loss: 0.00730
[  5, 23251] loss: 0.00890
[  5, 23301] loss: 0.00387
[  5, 23351] loss: 0.00794
[  5, 23401] loss: 0.01184
[  5, 23451] loss: 0.01124
[  5, 23501] loss: 0.27945
[  5, 23551] loss: 0.00504
[  5, 23601] loss: 0.00746
[  5, 23651] loss: 0.01435
[  5, 23701] loss: 0.01283
[  5, 23751] loss: 0.00121
[  5, 23801] loss: 0.00177
[  5, 23851] loss: 0.00278
[  5, 23901] loss: 0.00110
[  5, 23951] loss: 0.00542
[  5, 24001] loss: 0.00505
[  5, 24051] loss: 0.01872
[  5, 24101] loss: 0.01244
[  5, 24151] loss: 0.00052
[  5, 24201] loss: 0.00049
[  5, 24251] loss: 0.00142
[  5, 24301] loss: 0.00223
[  5, 24351] loss: 0.01039
[  5, 24401] loss: 0.00590
[  5, 24451] loss: 0.38415
[  5, 24501] loss: 0.00072
[  5, 24551] loss: 0.00082
[  5, 24601] loss: 0.00793
[  5, 24651] loss: 0.01191
[  5, 24701] loss: 0.01307
[  5, 24751] loss: 0.00760
[  5, 24801] loss: 0.00755
[  5, 24851] loss: 0.00661
[  5, 24901] loss: 0.00235
[  5, 24951] loss: 0.00542
Finished training
Accuracy on train: 0.99888
Accuracy on test: 0.63736
