{'word_context': 9, 'word_embed_size': 100, 'word_conv_units': 300, 'hidden_units': 0, 'dropout': False, 'batch_size': 50}
train set done
test set done
<bound method MixedNet.parameters of MixedNet (
  (W_wrd): DataParallel (
    (module): Embedding(89528, 100)
  )
  (word_level_conv): DataParallel (
    (module): Conv2d(1, 300, kernel_size=(100, 9), stride=(1, 1), padding=(0, 4))
  )
  (word_level_maxpool): DataParallel (
    (module): AdaptiveMaxPool2d (output_size=(300, 1))
  )
  (fc1): DataParallel (
    (module): Linear (300 -> 2)
  )
)>
[  1,     1] loss: 0.71749
[  1,    51] loss: 0.91744
[  1,   101] loss: 0.66331
[  1,   151] loss: 0.69514
[  1,   201] loss: 0.79012
[  1,   251] loss: 0.75308
[  1,   301] loss: 0.71414
[  1,   351] loss: 0.68379
[  1,   401] loss: 0.64614
[  1,   451] loss: 0.79834
[  1,   501] loss: 0.70060
[  1,   551] loss: 0.71327
[  1,   601] loss: 0.72599
[  1,   651] loss: 0.65748
[  1,   701] loss: 0.79249
[  1,   751] loss: 0.76888
[  1,   801] loss: 0.69862
[  1,   851] loss: 0.75590
[  1,   901] loss: 0.65789
[  1,   951] loss: 0.79760
[  1,  1001] loss: 0.79582
[  1,  1051] loss: 0.75007
[  1,  1101] loss: 0.72013
[  1,  1151] loss: 0.67112
[  1,  1201] loss: 0.75165
[  1,  1251] loss: 0.75164
[  1,  1301] loss: 0.73987
[  1,  1351] loss: 0.75946
[  1,  1401] loss: 0.66783
[  1,  1451] loss: 0.67290
[  1,  1501] loss: 0.68241
[  1,  1551] loss: 0.75622
[  1,  1601] loss: 0.74252
[  1,  1651] loss: 0.68159
[  1,  1701] loss: 0.65072
[  1,  1751] loss: 0.73305
[  1,  1801] loss: 0.67047
[  1,  1851] loss: 0.70763
[  1,  1901] loss: 0.66230
[  1,  1951] loss: 0.63159
[  1,  2001] loss: 0.67527
[  1,  2051] loss: 0.67518
[  1,  2101] loss: 0.67014
[  1,  2151] loss: 0.62965
[  1,  2201] loss: 0.66144
[  1,  2251] loss: 0.65335
[  1,  2301] loss: 0.70753
[  1,  2351] loss: 0.62604
[  1,  2401] loss: 0.69509
[  1,  2451] loss: 0.63811
[  1,  2501] loss: 0.62963
[  1,  2551] loss: 0.68549
[  1,  2601] loss: 0.66660
[  1,  2651] loss: 0.65178
[  1,  2701] loss: 0.66516
[  1,  2751] loss: 0.70706
[  1,  2801] loss: 0.68604
[  1,  2851] loss: 0.67019
[  1,  2901] loss: 0.71508
[  1,  2951] loss: 0.58378
[  1,  3001] loss: 0.64544
[  1,  3051] loss: 0.68329
[  1,  3101] loss: 0.75143
[  1,  3151] loss: 0.61957
[  1,  3201] loss: 0.64865
[  1,  3251] loss: 0.66537
[  1,  3301] loss: 0.68297
[  1,  3351] loss: 0.72050
[  1,  3401] loss: 0.61041
[  1,  3451] loss: 0.72720
[  1,  3501] loss: 0.70060
[  1,  3551] loss: 0.67595
[  1,  3601] loss: 0.65939
[  1,  3651] loss: 0.71221
[  1,  3701] loss: 0.61950
[  1,  3751] loss: 0.75551
[  1,  3801] loss: 0.68874
[  1,  3851] loss: 0.68617
[  1,  3901] loss: 0.66170
[  1,  3951] loss: 0.74377
[  1,  4001] loss: 0.73974
[  1,  4051] loss: 0.64667
[  1,  4101] loss: 0.61694
[  1,  4151] loss: 0.67783
[  1,  4201] loss: 0.64072
[  1,  4251] loss: 0.64796
[  1,  4301] loss: 0.78279
[  1,  4351] loss: 0.74507
[  1,  4401] loss: 0.70461
[  1,  4451] loss: 0.65859
[  1,  4501] loss: 0.91481
[  1,  4551] loss: 0.86039
[  1,  4601] loss: 0.65787
[  1,  4651] loss: 0.61494
[  1,  4701] loss: 0.69795
[  1,  4751] loss: 0.69253
[  1,  4801] loss: 0.82878
[  1,  4851] loss: 0.66611
[  1,  4901] loss: 0.66978
[  1,  4951] loss: 0.70158
[  1,  5001] loss: 0.60924
[  1,  5051] loss: 0.70857
[  1,  5101] loss: 0.60612
[  1,  5151] loss: 0.59063
[  1,  5201] loss: 0.65250
[  1,  5251] loss: 0.63956
[  1,  5301] loss: 0.68502
[  1,  5351] loss: 0.59868
[  1,  5401] loss: 0.62461
[  1,  5451] loss: 0.59929
[  1,  5501] loss: 0.77065
[  1,  5551] loss: 0.65425
[  1,  5601] loss: 0.65026
[  1,  5651] loss: 0.75814
[  1,  5701] loss: 0.64397
[  1,  5751] loss: 0.58289
[  1,  5801] loss: 0.73997
[  1,  5851] loss: 0.70943
[  1,  5901] loss: 0.61792
[  1,  5951] loss: 0.63906
[  1,  6001] loss: 0.70729
[  1,  6051] loss: 0.77332
[  1,  6101] loss: 0.64053
[  1,  6151] loss: 0.65906
[  1,  6201] loss: 0.58706
[  1,  6251] loss: 0.75718
[  1,  6301] loss: 0.64380
[  1,  6351] loss: 0.68050
[  1,  6401] loss: 0.65634
[  1,  6451] loss: 0.62451
[  1,  6501] loss: 0.67871
[  1,  6551] loss: 0.68768
[  1,  6601] loss: 0.73181
[  1,  6651] loss: 0.61132
[  1,  6701] loss: 0.71776
[  1,  6751] loss: 0.72447
[  1,  6801] loss: 0.61745
[  1,  6851] loss: 0.72969
[  1,  6901] loss: 0.65696
[  1,  6951] loss: 0.63813
[  1,  7001] loss: 0.62206
[  1,  7051] loss: 0.65275
[  1,  7101] loss: 0.66250
[  1,  7151] loss: 0.73880
[  1,  7201] loss: 0.61276
[  1,  7251] loss: 0.66688
[  1,  7301] loss: 0.70609
[  1,  7351] loss: 0.70947
[  1,  7401] loss: 0.58135
[  1,  7451] loss: 0.57918
[  1,  7501] loss: 0.68140
[  1,  7551] loss: 0.63418
[  1,  7601] loss: 0.61855
[  1,  7651] loss: 0.60960
[  1,  7701] loss: 0.72330
[  1,  7751] loss: 0.63479
[  1,  7801] loss: 0.62114
[  1,  7851] loss: 0.59887
[  1,  7901] loss: 0.65822
[  1,  7951] loss: 0.54251
[  1,  8001] loss: 0.64293
[  1,  8051] loss: 0.65212
[  1,  8101] loss: 0.63817
[  1,  8151] loss: 0.56558
[  1,  8201] loss: 0.68576
[  1,  8251] loss: 0.69814
[  1,  8301] loss: 0.63032
[  1,  8351] loss: 0.60669
[  1,  8401] loss: 0.63242
[  1,  8451] loss: 0.61180
[  1,  8501] loss: 0.68401
[  1,  8551] loss: 0.58338
[  1,  8601] loss: 0.70410
[  1,  8651] loss: 0.69101
[  1,  8701] loss: 0.62159
[  1,  8751] loss: 0.62419
[  1,  8801] loss: 0.60848
[  1,  8851] loss: 0.60346
[  1,  8901] loss: 0.68216
[  1,  8951] loss: 0.68637
[  1,  9001] loss: 0.64999
[  1,  9051] loss: 0.57080
[  1,  9101] loss: 0.60335
[  1,  9151] loss: 0.63512
[  1,  9201] loss: 0.55159
[  1,  9251] loss: 0.65321
[  1,  9301] loss: 0.58409
[  1,  9351] loss: 0.52505
[  1,  9401] loss: 0.60132
[  1,  9451] loss: 0.57125
[  1,  9501] loss: 0.57014
[  1,  9551] loss: 0.78928
[  1,  9601] loss: 0.65622
[  1,  9651] loss: 0.53730
[  1,  9701] loss: 0.60453
[  1,  9751] loss: 0.70424
[  1,  9801] loss: 0.66967
[  1,  9851] loss: 0.67631
[  1,  9901] loss: 0.59060
[  1,  9951] loss: 0.74625
[  1, 10001] loss: 0.58255
[  1, 10051] loss: 0.64969
[  1, 10101] loss: 0.60030
[  1, 10151] loss: 0.65179
[  1, 10201] loss: 0.59217
[  1, 10251] loss: 0.57980
[  1, 10301] loss: 0.65402
[  1, 10351] loss: 0.69815
[  1, 10401] loss: 0.63780
[  1, 10451] loss: 0.57703
[  1, 10501] loss: 0.62503
[  1, 10551] loss: 0.71701
[  1, 10601] loss: 0.68074
[  1, 10651] loss: 0.50029
[  1, 10701] loss: 0.67338
[  1, 10751] loss: 0.70146
[  1, 10801] loss: 0.61782
[  1, 10851] loss: 0.69784
[  1, 10901] loss: 0.66020
[  1, 10951] loss: 0.63314
[  1, 11001] loss: 0.67575
[  1, 11051] loss: 0.67193
[  1, 11101] loss: 0.56350
[  1, 11151] loss: 0.61645
[  1, 11201] loss: 0.57834
[  1, 11251] loss: 0.82480
[  1, 11301] loss: 0.56362
[  1, 11351] loss: 0.67034
[  1, 11401] loss: 0.59277
[  1, 11451] loss: 0.69631
[  1, 11501] loss: 0.60224
[  1, 11551] loss: 0.70983
[  1, 11601] loss: 0.73018
[  1, 11651] loss: 0.75604
[  1, 11701] loss: 0.69110
[  1, 11751] loss: 0.64670
[  1, 11801] loss: 0.59020
[  1, 11851] loss: 0.61660
[  1, 11901] loss: 0.64040
[  1, 11951] loss: 0.64595
[  1, 12001] loss: 0.57092
[  1, 12051] loss: 0.69267
[  1, 12101] loss: 0.63577
[  1, 12151] loss: 0.67389
[  1, 12201] loss: 0.61296
[  1, 12251] loss: 0.74748
[  1, 12301] loss: 0.71011
[  1, 12351] loss: 0.70453
[  1, 12401] loss: 0.69358
[  1, 12451] loss: 0.57942
[  1, 12501] loss: 0.65921
[  1, 12551] loss: 0.65187
[  1, 12601] loss: 0.69393
[  1, 12651] loss: 0.56554
[  1, 12701] loss: 0.62845
[  1, 12751] loss: 0.71144
[  1, 12801] loss: 0.64689
[  1, 12851] loss: 0.61588
[  1, 12901] loss: 0.64365
[  1, 12951] loss: 0.61829
[  1, 13001] loss: 0.67747
[  1, 13051] loss: 0.57648
[  1, 13101] loss: 0.63750
[  1, 13151] loss: 0.70131
[  1, 13201] loss: 0.70527
[  1, 13251] loss: 0.71017
[  1, 13301] loss: 0.57152
[  1, 13351] loss: 0.63907
[  1, 13401] loss: 0.57148
[  1, 13451] loss: 0.63757
[  1, 13501] loss: 0.57039
[  1, 13551] loss: 0.64938
[  1, 13601] loss: 0.57971
[  1, 13651] loss: 0.55405
[  1, 13701] loss: 0.62299
[  1, 13751] loss: 0.58669
[  1, 13801] loss: 0.67948
[  1, 13851] loss: 0.74467
[  1, 13901] loss: 0.75668
[  1, 13951] loss: 0.62756
[  1, 14001] loss: 0.55620
[  1, 14051] loss: 0.55669
[  1, 14101] loss: 0.80326
[  1, 14151] loss: 0.70187
[  1, 14201] loss: 0.60896
[  1, 14251] loss: 0.63273
[  1, 14301] loss: 0.73662
[  1, 14351] loss: 0.68332
[  1, 14401] loss: 0.57670
[  1, 14451] loss: 0.60475
[  1, 14501] loss: 0.70599
[  1, 14551] loss: 0.68369
[  1, 14601] loss: 0.63316
[  1, 14651] loss: 0.57319
[  1, 14701] loss: 0.59762
[  1, 14751] loss: 0.63118
[  1, 14801] loss: 0.62961
[  1, 14851] loss: 0.64052
[  1, 14901] loss: 0.69048
[  1, 14951] loss: 0.73039
[  1, 15001] loss: 0.64306
[  1, 15051] loss: 0.69964
[  1, 15101] loss: 0.63609
[  1, 15151] loss: 0.61615
[  1, 15201] loss: 0.55945
[  1, 15251] loss: 0.67670
[  1, 15301] loss: 0.65412
[  1, 15351] loss: 0.52775
[  1, 15401] loss: 0.67117
[  1, 15451] loss: 0.66173
[  1, 15501] loss: 0.74917
[  1, 15551] loss: 0.50354
[  1, 15601] loss: 0.86288
[  1, 15651] loss: 0.88278
[  1, 15701] loss: 0.74006
[  1, 15751] loss: 0.58686
[  1, 15801] loss: 0.76705
[  1, 15851] loss: 0.92923
[  1, 15901] loss: 0.78575
[  1, 15951] loss: 0.57484
[  1, 16001] loss: 0.51375
[  1, 16051] loss: 0.61861
[  1, 16101] loss: 0.76193
[  1, 16151] loss: 0.73072
[  1, 16201] loss: 0.60755
[  1, 16251] loss: 0.66282
[  1, 16301] loss: 0.68244
[  1, 16351] loss: 0.67689
[  1, 16401] loss: 0.60100
[  1, 16451] loss: 0.79672
[  1, 16501] loss: 0.74268
[  1, 16551] loss: 0.63012
[  1, 16601] loss: 0.68603
[  1, 16651] loss: 0.57395
[  1, 16701] loss: 0.68445
[  1, 16751] loss: 0.71023
[  1, 16801] loss: 0.63133
[  1, 16851] loss: 0.59241
[  1, 16901] loss: 0.61558
[  1, 16951] loss: 0.61150
[  1, 17001] loss: 0.61263
[  1, 17051] loss: 0.71549
[  1, 17101] loss: 0.56452
[  1, 17151] loss: 0.64179
[  1, 17201] loss: 0.61227
[  1, 17251] loss: 0.63934
[  1, 17301] loss: 0.61631
[  1, 17351] loss: 0.78500
[  1, 17401] loss: 0.56491
[  1, 17451] loss: 0.50466
[  1, 17501] loss: 0.67286
[  1, 17551] loss: 0.55825
[  1, 17601] loss: 0.66081
[  1, 17651] loss: 0.67642
[  1, 17701] loss: 0.53400
[  1, 17751] loss: 0.65957
[  1, 17801] loss: 0.61405
[  1, 17851] loss: 0.81220
[  1, 17901] loss: 0.68344
[  1, 17951] loss: 0.65864
[  1, 18001] loss: 0.66561
[  1, 18051] loss: 0.61553
[  1, 18101] loss: 0.59456
[  1, 18151] loss: 0.62610
[  1, 18201] loss: 0.58504
[  1, 18251] loss: 0.67252
[  1, 18301] loss: 0.66416
[  1, 18351] loss: 0.70327
[  1, 18401] loss: 0.67999
[  1, 18451] loss: 0.67742
[  1, 18501] loss: 0.66718
[  1, 18551] loss: 0.61514
[  1, 18601] loss: 0.60113
[  1, 18651] loss: 0.60963
[  1, 18701] loss: 0.56850
[  1, 18751] loss: 0.60498
[  1, 18801] loss: 0.64714
[  1, 18851] loss: 0.69405
[  1, 18901] loss: 0.68836
[  1, 18951] loss: 0.71812
[  1, 19001] loss: 0.69609
[  1, 19051] loss: 0.68119
[  1, 19101] loss: 0.68188
[  1, 19151] loss: 0.84874
[  1, 19201] loss: 0.65485
[  1, 19251] loss: 0.60467
[  1, 19301] loss: 0.63206
[  1, 19351] loss: 0.68074
[  1, 19401] loss: 0.61836
[  1, 19451] loss: 0.58177
[  1, 19501] loss: 0.52416
[  1, 19551] loss: 0.63460
[  1, 19601] loss: 0.58739
[  1, 19651] loss: 0.58915
[  1, 19701] loss: 0.61232
[  1, 19751] loss: 0.79342
[  1, 19801] loss: 0.69921
[  1, 19851] loss: 0.56049
[  1, 19901] loss: 0.65552
[  1, 19951] loss: 0.56562
[  1, 20001] loss: 0.59206
[  1, 20051] loss: 0.64185
[  1, 20101] loss: 0.69093
[  1, 20151] loss: 0.72897
[  1, 20201] loss: 0.62010
[  1, 20251] loss: 0.68448
[  1, 20301] loss: 0.63002
[  1, 20351] loss: 0.64814
[  1, 20401] loss: 0.58981
[  1, 20451] loss: 0.67675
[  1, 20501] loss: 0.52585
[  1, 20551] loss: 0.71823
[  1, 20601] loss: 0.64745
[  1, 20651] loss: 0.59804
[  1, 20701] loss: 0.62497
[  1, 20751] loss: 0.61738
[  1, 20801] loss: 0.61478
[  1, 20851] loss: 0.56012
[  1, 20901] loss: 0.52723
[  1, 20951] loss: 0.56806
[  1, 21001] loss: 0.66395
[  1, 21051] loss: 0.69107
[  1, 21101] loss: 0.60806
[  1, 21151] loss: 0.70459
[  1, 21201] loss: 0.64072
[  1, 21251] loss: 0.60500
[  1, 21301] loss: 0.79992
[  1, 21351] loss: 0.74972
[  1, 21401] loss: 0.62178
[  1, 21451] loss: 0.57746
[  1, 21501] loss: 0.58422
[  1, 21551] loss: 0.61076
[  1, 21601] loss: 0.57739
[  1, 21651] loss: 0.72045
[  1, 21701] loss: 0.63376
[  1, 21751] loss: 0.56473
[  1, 21801] loss: 0.71673
[  1, 21851] loss: 0.71801
[  1, 21901] loss: 0.67038
[  1, 21951] loss: 0.69563
[  1, 22001] loss: 0.72606
[  1, 22051] loss: 0.66252
[  1, 22101] loss: 0.77848
[  1, 22151] loss: 0.64494
[  1, 22201] loss: 0.70380
[  1, 22251] loss: 0.57230
[  1, 22301] loss: 0.70080
[  1, 22351] loss: 0.69877
[  1, 22401] loss: 0.59572
[  1, 22451] loss: 0.72828
[  1, 22501] loss: 0.72393
[  1, 22551] loss: 0.68046
[  1, 22601] loss: 0.69221
[  1, 22651] loss: 0.68471
[  1, 22701] loss: 0.62667
[  1, 22751] loss: 0.67335
[  1, 22801] loss: 0.80074
[  1, 22851] loss: 0.52763
[  1, 22901] loss: 0.52128
[  1, 22951] loss: 0.50964
[  1, 23001] loss: 0.67443
[  1, 23051] loss: 0.73713
[  1, 23101] loss: 0.63006
[  1, 23151] loss: 0.59805
[  1, 23201] loss: 0.59133
[  1, 23251] loss: 0.64824
[  1, 23301] loss: 0.65510
[  1, 23351] loss: 0.69552
[  1, 23401] loss: 0.66441
[  1, 23451] loss: 0.63569
[  1, 23501] loss: 0.48172
[  1, 23551] loss: 0.73211
[  1, 23601] loss: 0.73348
[  1, 23651] loss: 0.51467
[  1, 23701] loss: 0.59984
[  1, 23751] loss: 0.77360
[  1, 23801] loss: 0.56994
[  1, 23851] loss: 0.65745
[  1, 23901] loss: 0.61472
[  1, 23951] loss: 0.68091
[  1, 24001] loss: 0.59592
[  1, 24051] loss: 0.55798
[  1, 24101] loss: 0.64406
[  1, 24151] loss: 0.72804
[  1, 24201] loss: 0.57764
[  1, 24251] loss: 0.65680
[  1, 24301] loss: 0.63226
[  1, 24351] loss: 0.68613
[  1, 24401] loss: 0.60756
[  1, 24451] loss: 0.61457
[  1, 24501] loss: 0.69499
[  1, 24551] loss: 0.49638
[  1, 24601] loss: 0.67612
[  1, 24651] loss: 0.60538
[  1, 24701] loss: 0.66603
[  1, 24751] loss: 0.67329
[  1, 24801] loss: 0.56498
[  1, 24851] loss: 0.52694
[  1, 24901] loss: 0.65098
[  1, 24951] loss: 0.55203
[  2,     1] loss: 0.47612
[  2,    51] loss: 0.57897
[  2,   101] loss: 0.59529
[  2,   151] loss: 0.59297
[  2,   201] loss: 0.52695
[  2,   251] loss: 0.54745
[  2,   301] loss: 0.59280
[  2,   351] loss: 0.62714
[  2,   401] loss: 0.56730
[  2,   451] loss: 0.56179
[  2,   501] loss: 0.49375
[  2,   551] loss: 0.57131
[  2,   601] loss: 0.52491
[  2,   651] loss: 0.56377
[  2,   701] loss: 0.68319
[  2,   751] loss: 0.56909
[  2,   801] loss: 0.56237
[  2,   851] loss: 0.64986
[  2,   901] loss: 0.59714
[  2,   951] loss: 0.57179
[  2,  1001] loss: 0.63368
[  2,  1051] loss: 0.62170
[  2,  1101] loss: 0.54687
[  2,  1151] loss: 0.56032
[  2,  1201] loss: 0.61552
[  2,  1251] loss: 0.68907
[  2,  1301] loss: 0.62333
[  2,  1351] loss: 0.48620
[  2,  1401] loss: 0.58122
[  2,  1451] loss: 0.67261
[  2,  1501] loss: 0.68164
[  2,  1551] loss: 0.57035
[  2,  1601] loss: 0.51094
[  2,  1651] loss: 0.72013
[  2,  1701] loss: 0.51803
[  2,  1751] loss: 0.70876
[  2,  1801] loss: 0.57111
[  2,  1851] loss: 0.58870
[  2,  1901] loss: 0.54852
[  2,  1951] loss: 0.55889
[  2,  2001] loss: 0.55738
[  2,  2051] loss: 0.60130
[  2,  2101] loss: 0.69165
[  2,  2151] loss: 0.58962
[  2,  2201] loss: 0.51319
[  2,  2251] loss: 0.51574
[  2,  2301] loss: 0.56814
[  2,  2351] loss: 0.49785
[  2,  2401] loss: 0.56869
[  2,  2451] loss: 0.52332
[  2,  2501] loss: 0.52203
[  2,  2551] loss: 0.52596
[  2,  2601] loss: 0.59501
[  2,  2651] loss: 0.61684
[  2,  2701] loss: 0.52488
[  2,  2751] loss: 0.54605
[  2,  2801] loss: 0.63749
[  2,  2851] loss: 0.59968
[  2,  2901] loss: 0.62123
[  2,  2951] loss: 0.48286
[  2,  3001] loss: 0.57708
[  2,  3051] loss: 0.57875
[  2,  3101] loss: 0.73294
[  2,  3151] loss: 0.53440
[  2,  3201] loss: 0.54383
[  2,  3251] loss: 0.48498
[  2,  3301] loss: 0.58862
[  2,  3351] loss: 0.70419
[  2,  3401] loss: 0.51887
[  2,  3451] loss: 0.59952
[  2,  3501] loss: 0.57211
[  2,  3551] loss: 0.55787
[  2,  3601] loss: 0.49292
[  2,  3651] loss: 0.59258
[  2,  3701] loss: 0.48234
[  2,  3751] loss: 0.58762
[  2,  3801] loss: 0.59701
[  2,  3851] loss: 0.60988
[  2,  3901] loss: 0.52317
[  2,  3951] loss: 0.58116
[  2,  4001] loss: 0.55973
[  2,  4051] loss: 0.42969
[  2,  4101] loss: 0.52613
[  2,  4151] loss: 0.55539
[  2,  4201] loss: 0.57180
[  2,  4251] loss: 0.49115
[  2,  4301] loss: 0.56424
[  2,  4351] loss: 0.58130
[  2,  4401] loss: 0.62655
[  2,  4451] loss: 0.58238
[  2,  4501] loss: 0.65147
[  2,  4551] loss: 0.59557
[  2,  4601] loss: 0.48316
[  2,  4651] loss: 0.54714
[  2,  4701] loss: 0.58849
[  2,  4751] loss: 0.54060
[  2,  4801] loss: 0.58257
[  2,  4851] loss: 0.49956
[  2,  4901] loss: 0.60024
[  2,  4951] loss: 0.68231
[  2,  5001] loss: 0.52620
[  2,  5051] loss: 0.48489
[  2,  5101] loss: 0.52356
[  2,  5151] loss: 0.50406
[  2,  5201] loss: 0.50100
[  2,  5251] loss: 0.48303
[  2,  5301] loss: 0.54664
[  2,  5351] loss: 0.48168
[  2,  5401] loss: 0.41386
[  2,  5451] loss: 0.55559
[  2,  5501] loss: 0.62683
[  2,  5551] loss: 0.51496
[  2,  5601] loss: 0.59499
[  2,  5651] loss: 0.66531
[  2,  5701] loss: 0.54306
[  2,  5751] loss: 0.39562
[  2,  5801] loss: 0.63915
[  2,  5851] loss: 0.64732
[  2,  5901] loss: 0.57446
[  2,  5951] loss: 0.47990
[  2,  6001] loss: 0.61985
[  2,  6051] loss: 0.67058
[  2,  6101] loss: 0.53007
[  2,  6151] loss: 0.53870
[  2,  6201] loss: 0.45678
[  2,  6251] loss: 0.63443
[  2,  6301] loss: 0.59170
[  2,  6351] loss: 0.57396
[  2,  6401] loss: 0.52460
[  2,  6451] loss: 0.45190
[  2,  6501] loss: 0.61999
[  2,  6551] loss: 0.59678
[  2,  6601] loss: 0.59868
[  2,  6651] loss: 0.49471
[  2,  6701] loss: 0.57771
[  2,  6751] loss: 0.57737
[  2,  6801] loss: 0.46440
[  2,  6851] loss: 0.57192
[  2,  6901] loss: 0.54079
[  2,  6951] loss: 0.52960
[  2,  7001] loss: 0.49130
[  2,  7051] loss: 0.48289
[  2,  7101] loss: 0.49512
[  2,  7151] loss: 0.55047
[  2,  7201] loss: 0.47268
[  2,  7251] loss: 0.58295
[  2,  7301] loss: 0.62185
[  2,  7351] loss: 0.52791
[  2,  7401] loss: 0.45470
[  2,  7451] loss: 0.39394
[  2,  7501] loss: 0.53022
[  2,  7551] loss: 0.49606
[  2,  7601] loss: 0.41534
[  2,  7651] loss: 0.44588
[  2,  7701] loss: 0.50695
[  2,  7751] loss: 0.42991
[  2,  7801] loss: 0.43415
[  2,  7851] loss: 0.42106
[  2,  7901] loss: 0.47134
[  2,  7951] loss: 0.42977
[  2,  8001] loss: 0.44912
[  2,  8051] loss: 0.46458
[  2,  8101] loss: 0.49472
[  2,  8151] loss: 0.41320
[  2,  8201] loss: 0.54000
[  2,  8251] loss: 0.61463
[  2,  8301] loss: 0.46727
[  2,  8351] loss: 0.42248
[  2,  8401] loss: 0.43851
[  2,  8451] loss: 0.46050
[  2,  8501] loss: 0.57071
[  2,  8551] loss: 0.44138
[  2,  8601] loss: 0.58746
[  2,  8651] loss: 0.58734
[  2,  8701] loss: 0.48432
[  2,  8751] loss: 0.49820
[  2,  8801] loss: 0.41165
[  2,  8851] loss: 0.45435
[  2,  8901] loss: 0.55990
[  2,  8951] loss: 0.50199
[  2,  9001] loss: 0.48324
[  2,  9051] loss: 0.46024
[  2,  9101] loss: 0.45133
[  2,  9151] loss: 0.45006
[  2,  9201] loss: 0.43389
[  2,  9251] loss: 0.46849
[  2,  9301] loss: 0.43148
[  2,  9351] loss: 0.37577
[  2,  9401] loss: 0.45636
[  2,  9451] loss: 0.41926
[  2,  9501] loss: 0.44556
[  2,  9551] loss: 0.55026
[  2,  9601] loss: 0.51503
[  2,  9651] loss: 0.35393
[  2,  9701] loss: 0.40788
[  2,  9751] loss: 0.60554
[  2,  9801] loss: 0.48434
[  2,  9851] loss: 0.56905
[  2,  9901] loss: 0.49137
[  2,  9951] loss: 0.53431
[  2, 10001] loss: 0.42288
[  2, 10051] loss: 0.49771
[  2, 10101] loss: 0.49634
[  2, 10151] loss: 0.50237
[  2, 10201] loss: 0.43327
[  2, 10251] loss: 0.33814
[  2, 10301] loss: 0.48982
[  2, 10351] loss: 0.57062
[  2, 10401] loss: 0.47143
[  2, 10451] loss: 0.44328
[  2, 10501] loss: 0.44775
[  2, 10551] loss: 0.52457
[  2, 10601] loss: 0.49159
[  2, 10651] loss: 0.38403
[  2, 10701] loss: 0.49298
[  2, 10751] loss: 0.46075
[  2, 10801] loss: 0.47099
[  2, 10851] loss: 0.56554
[  2, 10901] loss: 0.51689
[  2, 10951] loss: 0.49789
[  2, 11001] loss: 0.49401
[  2, 11051] loss: 0.52334
[  2, 11101] loss: 0.37745
[  2, 11151] loss: 0.43034
[  2, 11201] loss: 0.38468
[  2, 11251] loss: 0.64886
[  2, 11301] loss: 0.42433
[  2, 11351] loss: 0.47875
[  2, 11401] loss: 0.45122
[  2, 11451] loss: 0.54088
[  2, 11501] loss: 0.43144
[  2, 11551] loss: 0.52214
[  2, 11601] loss: 0.51139
[  2, 11651] loss: 0.56935
[  2, 11701] loss: 0.44833
[  2, 11751] loss: 0.45794
[  2, 11801] loss: 0.39837
[  2, 11851] loss: 0.42399
[  2, 11901] loss: 0.47943
[  2, 11951] loss: 0.43448
[  2, 12001] loss: 0.44367
[  2, 12051] loss: 0.52910
[  2, 12101] loss: 0.47600
[  2, 12151] loss: 0.50008
[  2, 12201] loss: 0.45888
[  2, 12251] loss: 0.56199
[  2, 12301] loss: 0.47542
[  2, 12351] loss: 0.49712
[  2, 12401] loss: 0.52092
[  2, 12451] loss: 0.44862
[  2, 12501] loss: 0.50253
[  2, 12551] loss: 0.43518
[  2, 12601] loss: 0.50682
[  2, 12651] loss: 0.37807
[  2, 12701] loss: 0.49204
[  2, 12751] loss: 0.52370
[  2, 12801] loss: 0.48012
[  2, 12851] loss: 0.41296
[  2, 12901] loss: 0.51709
[  2, 12951] loss: 0.42944
[  2, 13001] loss: 0.48654
[  2, 13051] loss: 0.39626
[  2, 13101] loss: 0.43397
[  2, 13151] loss: 0.51186
[  2, 13201] loss: 0.49818
[  2, 13251] loss: 0.48471
[  2, 13301] loss: 0.41940
[  2, 13351] loss: 0.44426
[  2, 13401] loss: 0.42705
[  2, 13451] loss: 0.46865
[  2, 13501] loss: 0.40424
[  2, 13551] loss: 0.48428
[  2, 13601] loss: 0.41737
[  2, 13651] loss: 0.41220
[  2, 13701] loss: 0.45001
[  2, 13751] loss: 0.38245
[  2, 13801] loss: 0.45064
[  2, 13851] loss: 0.49915
[  2, 13901] loss: 0.52942
[  2, 13951] loss: 0.48663
[  2, 14001] loss: 0.35277
[  2, 14051] loss: 0.41625
[  2, 14101] loss: 0.57175
[  2, 14151] loss: 0.53809
[  2, 14201] loss: 0.40419
[  2, 14251] loss: 0.44818
[  2, 14301] loss: 0.58019
[  2, 14351] loss: 0.51173
[  2, 14401] loss: 0.41819
[  2, 14451] loss: 0.40109
[  2, 14501] loss: 0.52092
[  2, 14551] loss: 0.46921
[  2, 14601] loss: 0.44649
[  2, 14651] loss: 0.39560
[  2, 14701] loss: 0.45059
[  2, 14751] loss: 0.47295
[  2, 14801] loss: 0.41167
[  2, 14851] loss: 0.43095
[  2, 14901] loss: 0.46560
[  2, 14951] loss: 0.48030
[  2, 15001] loss: 0.43951
[  2, 15051] loss: 0.43598
[  2, 15101] loss: 0.41287
[  2, 15151] loss: 0.43680
[  2, 15201] loss: 0.42073
[  2, 15251] loss: 0.46815
[  2, 15301] loss: 0.43196
[  2, 15351] loss: 0.35919
[  2, 15401] loss: 0.50699
[  2, 15451] loss: 0.47995
[  2, 15501] loss: 0.58353
[  2, 15551] loss: 0.36100
[  2, 15601] loss: 0.57824
[  2, 15651] loss: 0.62638
[  2, 15701] loss: 0.51573
[  2, 15751] loss: 0.39331
[  2, 15801] loss: 0.48163
[  2, 15851] loss: 0.65357
[  2, 15901] loss: 0.55408
[  2, 15951] loss: 0.41946
[  2, 16001] loss: 0.35868
[  2, 16051] loss: 0.44043
[  2, 16101] loss: 0.54161
[  2, 16151] loss: 0.47588
[  2, 16201] loss: 0.44335
[  2, 16251] loss: 0.46273
[  2, 16301] loss: 0.46874
[  2, 16351] loss: 0.45699
[  2, 16401] loss: 0.41113
[  2, 16451] loss: 0.54077
[  2, 16501] loss: 0.53879
[  2, 16551] loss: 0.44833
[  2, 16601] loss: 0.46628
[  2, 16651] loss: 0.37321
[  2, 16701] loss: 0.44171
[  2, 16751] loss: 0.50250
[  2, 16801] loss: 0.45713
[  2, 16851] loss: 0.39457
[  2, 16901] loss: 0.42263
[  2, 16951] loss: 0.36546
[  2, 17001] loss: 0.42456
[  2, 17051] loss: 0.49265
[  2, 17101] loss: 0.36144
[  2, 17151] loss: 0.43321
[  2, 17201] loss: 0.40126
[  2, 17251] loss: 0.41286
[  2, 17301] loss: 0.42169
[  2, 17351] loss: 0.56345
[  2, 17401] loss: 0.33565
[  2, 17451] loss: 0.34272
[  2, 17501] loss: 0.46545
[  2, 17551] loss: 0.37723
[  2, 17601] loss: 0.48698
[  2, 17651] loss: 0.46808
[  2, 17701] loss: 0.34482
[  2, 17751] loss: 0.43068
[  2, 17801] loss: 0.44351
[  2, 17851] loss: 0.47320
[  2, 17901] loss: 0.47060
[  2, 17951] loss: 0.41522
[  2, 18001] loss: 0.44342
[  2, 18051] loss: 0.40746
[  2, 18101] loss: 0.37841
[  2, 18151] loss: 0.41006
[  2, 18201] loss: 0.37628
[  2, 18251] loss: 0.42154
[  2, 18301] loss: 0.41732
[  2, 18351] loss: 0.47949
[  2, 18401] loss: 0.43147
[  2, 18451] loss: 0.40661
[  2, 18501] loss: 0.47626
[  2, 18551] loss: 0.40537
[  2, 18601] loss: 0.33416
[  2, 18651] loss: 0.45400
[  2, 18701] loss: 0.37574
[  2, 18751] loss: 0.39472
[  2, 18801] loss: 0.38896
[  2, 18851] loss: 0.50104
[  2, 18901] loss: 0.49179
[  2, 18951] loss: 0.48808
[  2, 19001] loss: 0.41908
[  2, 19051] loss: 0.31908
[  2, 19101] loss: 0.44012
[  2, 19151] loss: 0.59556
[  2, 19201] loss: 0.43837
[  2, 19251] loss: 0.44566
[  2, 19301] loss: 0.42466
[  2, 19351] loss: 0.40323
[  2, 19401] loss: 0.44108
[  2, 19451] loss: 0.39545
[  2, 19501] loss: 0.32331
[  2, 19551] loss: 0.41753
[  2, 19601] loss: 0.46072
[  2, 19651] loss: 0.41071
[  2, 19701] loss: 0.38790
[  2, 19751] loss: 0.61645
[  2, 19801] loss: 0.50094
[  2, 19851] loss: 0.40804
[  2, 19901] loss: 0.45291
[  2, 19951] loss: 0.40872
[  2, 20001] loss: 0.44181
[  2, 20051] loss: 0.43149
[  2, 20101] loss: 0.45429
[  2, 20151] loss: 0.49892
[  2, 20201] loss: 0.43753
[  2, 20251] loss: 0.47965
[  2, 20301] loss: 0.42919
[  2, 20351] loss: 0.41519
[  2, 20401] loss: 0.42052
[  2, 20451] loss: 0.43240
[  2, 20501] loss: 0.38086
[  2, 20551] loss: 0.52836
[  2, 20601] loss: 0.44640
[  2, 20651] loss: 0.42783
[  2, 20701] loss: 0.52161
[  2, 20751] loss: 0.36659
[  2, 20801] loss: 0.37519
[  2, 20851] loss: 0.34592
[  2, 20901] loss: 0.31795
[  2, 20951] loss: 0.39033
[  2, 21001] loss: 0.43588
[  2, 21051] loss: 0.47763
[  2, 21101] loss: 0.39090
[  2, 21151] loss: 0.49456
[  2, 21201] loss: 0.40111
[  2, 21251] loss: 0.38619
[  2, 21301] loss: 0.64804
[  2, 21351] loss: 0.48711
[  2, 21401] loss: 0.42512
[  2, 21451] loss: 0.38361
[  2, 21501] loss: 0.40562
[  2, 21551] loss: 0.41515
[  2, 21601] loss: 0.34340
[  2, 21651] loss: 0.47825
[  2, 21701] loss: 0.40966
[  2, 21751] loss: 0.34695
[  2, 21801] loss: 0.48007
[  2, 21851] loss: 0.36889
[  2, 21901] loss: 0.45365
[  2, 21951] loss: 0.45710
[  2, 22001] loss: 0.46631
[  2, 22051] loss: 0.43537
[  2, 22101] loss: 0.43050
[  2, 22151] loss: 0.42994
[  2, 22201] loss: 0.51117
[  2, 22251] loss: 0.35339
[  2, 22301] loss: 0.48084
[  2, 22351] loss: 0.44823
[  2, 22401] loss: 0.38062
[  2, 22451] loss: 0.52026
[  2, 22501] loss: 0.45954
[  2, 22551] loss: 0.39439
[  2, 22601] loss: 0.44077
[  2, 22651] loss: 0.46581
[  2, 22701] loss: 0.40186
[  2, 22751] loss: 0.40768
[  2, 22801] loss: 0.52864
[  2, 22851] loss: 0.31746
[  2, 22901] loss: 0.30304
[  2, 22951] loss: 0.31534
[  2, 23001] loss: 0.50039
[  2, 23051] loss: 0.46490
[  2, 23101] loss: 0.39925
[  2, 23151] loss: 0.39801
[  2, 23201] loss: 0.36697
[  2, 23251] loss: 0.43125
[  2, 23301] loss: 0.42112
[  2, 23351] loss: 0.45433
[  2, 23401] loss: 0.48768
[  2, 23451] loss: 0.41647
[  2, 23501] loss: 0.31342
[  2, 23551] loss: 0.47602
[  2, 23601] loss: 0.48406
[  2, 23651] loss: 0.34185
[  2, 23701] loss: 0.46315
[  2, 23751] loss: 0.48205
[  2, 23801] loss: 0.37194
[  2, 23851] loss: 0.47613
[  2, 23901] loss: 0.47805
[  2, 23951] loss: 0.42641
[  2, 24001] loss: 0.47432
[  2, 24051] loss: 0.33595
[  2, 24101] loss: 0.43840
[  2, 24151] loss: 0.42433
[  2, 24201] loss: 0.35749
[  2, 24251] loss: 0.44534
[  2, 24301] loss: 0.44158
[  2, 24351] loss: 0.40288
[  2, 24401] loss: 0.37176
[  2, 24451] loss: 0.47337
[  2, 24501] loss: 0.51331
[  2, 24551] loss: 0.30974
[  2, 24601] loss: 0.36864
[  2, 24651] loss: 0.48694
[  2, 24701] loss: 0.48124
[  2, 24751] loss: 0.38138
[  2, 24801] loss: 0.35808
[  2, 24851] loss: 0.39888
[  2, 24901] loss: 0.41356
[  2, 24951] loss: 0.33633
[  3,     1] loss: 0.27372
[  3,    51] loss: 0.29340
[  3,   101] loss: 0.34031
[  3,   151] loss: 0.31136
[  3,   201] loss: 0.36647
[  3,   251] loss: 0.36455
[  3,   301] loss: 0.41766
[  3,   351] loss: 0.38731
[  3,   401] loss: 0.34870
[  3,   451] loss: 0.41752
[  3,   501] loss: 0.31234
[  3,   551] loss: 0.35799
[  3,   601] loss: 0.34277
[  3,   651] loss: 0.36833
[  3,   701] loss: 0.48324
[  3,   751] loss: 0.36968
[  3,   801] loss: 0.36249
[  3,   851] loss: 0.42578
[  3,   901] loss: 0.45677
[  3,   951] loss: 0.28660
[  3,  1001] loss: 0.41436
[  3,  1051] loss: 0.42744
[  3,  1101] loss: 0.36424
[  3,  1151] loss: 0.36124
[  3,  1201] loss: 0.29277
[  3,  1251] loss: 0.35538
[  3,  1301] loss: 0.41013
[  3,  1351] loss: 0.30259
[  3,  1401] loss: 0.37532
[  3,  1451] loss: 0.40141
[  3,  1501] loss: 0.39025
[  3,  1551] loss: 0.33053
[  3,  1601] loss: 0.32406
[  3,  1651] loss: 0.48606
[  3,  1701] loss: 0.33282
[  3,  1751] loss: 0.44242
[  3,  1801] loss: 0.38304
[  3,  1851] loss: 0.35690
[  3,  1901] loss: 0.31899
[  3,  1951] loss: 0.28006
[  3,  2001] loss: 0.31821
[  3,  2051] loss: 0.35772
[  3,  2101] loss: 0.40821
[  3,  2151] loss: 0.36267
[  3,  2201] loss: 0.33936
[  3,  2251] loss: 0.32180
[  3,  2301] loss: 0.37591
[  3,  2351] loss: 0.31419
[  3,  2401] loss: 0.35105
[  3,  2451] loss: 0.29202
[  3,  2501] loss: 0.32076
[  3,  2551] loss: 0.31302
[  3,  2601] loss: 0.33871
[  3,  2651] loss: 0.35098
[  3,  2701] loss: 0.34233
[  3,  2751] loss: 0.33406
[  3,  2801] loss: 0.41303
[  3,  2851] loss: 0.33706
[  3,  2901] loss: 0.38855
[  3,  2951] loss: 0.33609
[  3,  3001] loss: 0.34969
[  3,  3051] loss: 0.35559
[  3,  3101] loss: 0.44455
[  3,  3151] loss: 0.29839
[  3,  3201] loss: 0.33628
[  3,  3251] loss: 0.28354
[  3,  3301] loss: 0.38377
[  3,  3351] loss: 0.46277
[  3,  3401] loss: 0.30868
[  3,  3451] loss: 0.38319
[  3,  3501] loss: 0.33508
[  3,  3551] loss: 0.35211
[  3,  3601] loss: 0.28204
[  3,  3651] loss: 0.35900
[  3,  3701] loss: 0.27463
[  3,  3751] loss: 0.31362
[  3,  3801] loss: 0.36192
[  3,  3851] loss: 0.42302
[  3,  3901] loss: 0.34403
[  3,  3951] loss: 0.31671
[  3,  4001] loss: 0.29001
[  3,  4051] loss: 0.22639
[  3,  4101] loss: 0.31950
[  3,  4151] loss: 0.32210
[  3,  4201] loss: 0.34506
[  3,  4251] loss: 0.29571
[  3,  4301] loss: 0.33216
[  3,  4351] loss: 0.36440
[  3,  4401] loss: 0.39764
[  3,  4451] loss: 0.35028
[  3,  4501] loss: 0.29951
[  3,  4551] loss: 0.34011
[  3,  4601] loss: 0.29092
[  3,  4651] loss: 0.30889
[  3,  4701] loss: 0.36279
[  3,  4751] loss: 0.30816
[  3,  4801] loss: 0.36264
[  3,  4851] loss: 0.28969
[  3,  4901] loss: 0.29913
[  3,  4951] loss: 0.34608
[  3,  5001] loss: 0.29334
[  3,  5051] loss: 0.27753
[  3,  5101] loss: 0.25215
[  3,  5151] loss: 0.27299
[  3,  5201] loss: 0.30990
[  3,  5251] loss: 0.25518
[  3,  5301] loss: 0.36055
[  3,  5351] loss: 0.27583
[  3,  5401] loss: 0.22177
[  3,  5451] loss: 0.33554
[  3,  5501] loss: 0.36826
[  3,  5551] loss: 0.31276
[  3,  5601] loss: 0.29669
[  3,  5651] loss: 0.39513
[  3,  5701] loss: 0.35057
[  3,  5751] loss: 0.24105
[  3,  5801] loss: 0.32543
[  3,  5851] loss: 0.36694
[  3,  5901] loss: 0.31088
[  3,  5951] loss: 0.29728
[  3,  6001] loss: 0.27917
[  3,  6051] loss: 0.37359
[  3,  6101] loss: 0.26114
[  3,  6151] loss: 0.38011
[  3,  6201] loss: 0.25598
[  3,  6251] loss: 0.38027
[  3,  6301] loss: 0.35544
[  3,  6351] loss: 0.32490
[  3,  6401] loss: 0.28003
[  3,  6451] loss: 0.25403
[  3,  6501] loss: 0.32154
[  3,  6551] loss: 0.30948
[  3,  6601] loss: 0.26619
[  3,  6651] loss: 0.30169
[  3,  6701] loss: 0.28977
[  3,  6751] loss: 0.32393
[  3,  6801] loss: 0.27001
[  3,  6851] loss: 0.34678
[  3,  6901] loss: 0.34683
[  3,  6951] loss: 0.30320
[  3,  7001] loss: 0.19396
[  3,  7051] loss: 0.24929
[  3,  7101] loss: 0.26978
[  3,  7151] loss: 0.29774
[  3,  7201] loss: 0.27238
[  3,  7251] loss: 0.34610
[  3,  7301] loss: 0.30318
[  3,  7351] loss: 0.30749
[  3,  7401] loss: 0.23442
[  3,  7451] loss: 0.20338
[  3,  7501] loss: 0.29960
[  3,  7551] loss: 0.26863
[  3,  7601] loss: 0.21539
[  3,  7651] loss: 0.20818
[  3,  7701] loss: 0.27901
[  3,  7751] loss: 0.22785
[  3,  7801] loss: 0.20019
[  3,  7851] loss: 0.21117
[  3,  7901] loss: 0.25214
[  3,  7951] loss: 0.25526
[  3,  8001] loss: 0.22348
[  3,  8051] loss: 0.26267
[  3,  8101] loss: 0.24993
[  3,  8151] loss: 0.20988
[  3,  8201] loss: 0.31420
[  3,  8251] loss: 0.30288
[  3,  8301] loss: 0.26933
[  3,  8351] loss: 0.24713
[  3,  8401] loss: 0.24985
[  3,  8451] loss: 0.23787
[  3,  8501] loss: 0.35145
[  3,  8551] loss: 0.28741
[  3,  8601] loss: 0.35491
[  3,  8651] loss: 0.37720
[  3,  8701] loss: 0.24660
[  3,  8751] loss: 0.22599
[  3,  8801] loss: 0.22056
[  3,  8851] loss: 0.24466
[  3,  8901] loss: 0.29222
[  3,  8951] loss: 0.23378
[  3,  9001] loss: 0.25387
[  3,  9051] loss: 0.25863
[  3,  9101] loss: 0.17824
[  3,  9151] loss: 0.21495
[  3,  9201] loss: 0.19249
[  3,  9251] loss: 0.23566
[  3,  9301] loss: 0.21429
[  3,  9351] loss: 0.16444
[  3,  9401] loss: 0.21169
[  3,  9451] loss: 0.19744
[  3,  9501] loss: 0.22001
[  3,  9551] loss: 0.24763
[  3,  9601] loss: 0.22212
[  3,  9651] loss: 0.14915
[  3,  9701] loss: 0.16119
[  3,  9751] loss: 0.33615
[  3,  9801] loss: 0.24453
[  3,  9851] loss: 0.30087
[  3,  9901] loss: 0.25481
[  3,  9951] loss: 0.25197
[  3, 10001] loss: 0.20200
[  3, 10051] loss: 0.24448
[  3, 10101] loss: 0.24531
[  3, 10151] loss: 0.22777
[  3, 10201] loss: 0.20699
[  3, 10251] loss: 0.17496
[  3, 10301] loss: 0.20802
[  3, 10351] loss: 0.29239
[  3, 10401] loss: 0.27519
[  3, 10451] loss: 0.21390
[  3, 10501] loss: 0.19498
[  3, 10551] loss: 0.21333
[  3, 10601] loss: 0.23536
[  3, 10651] loss: 0.19777
[  3, 10701] loss: 0.21526
[  3, 10751] loss: 0.19759
[  3, 10801] loss: 0.28907
[  3, 10851] loss: 0.34351
[  3, 10901] loss: 0.30150
[  3, 10951] loss: 0.19602
[  3, 11001] loss: 0.22862
[  3, 11051] loss: 0.32988
[  3, 11101] loss: 0.16510
[  3, 11151] loss: 0.23225
[  3, 11201] loss: 0.19440
[  3, 11251] loss: 0.34819
[  3, 11301] loss: 0.31099
[  3, 11351] loss: 0.17875
[  3, 11401] loss: 0.23115
[  3, 11451] loss: 0.36997
[  3, 11501] loss: 0.27556
[  3, 11551] loss: 0.24282
[  3, 11601] loss: 0.21964
[  3, 11651] loss: 0.33694
[  3, 11701] loss: 0.28773
[  3, 11751] loss: 0.23326
[  3, 11801] loss: 0.16904
[  3, 11851] loss: 0.23134
[  3, 11901] loss: 0.25078
[  3, 11951] loss: 0.30575
[  3, 12001] loss: 0.21973
[  3, 12051] loss: 0.26120
[  3, 12101] loss: 0.26013
[  3, 12151] loss: 0.35767
[  3, 12201] loss: 0.22774
[  3, 12251] loss: 0.27948
[  3, 12301] loss: 0.24118
[  3, 12351] loss: 0.27455
[  3, 12401] loss: 0.30618
[  3, 12451] loss: 0.27225
[  3, 12501] loss: 0.29264
[  3, 12551] loss: 0.21316
[  3, 12601] loss: 0.22588
[  3, 12651] loss: 0.17336
[  3, 12701] loss: 0.34014
[  3, 12751] loss: 0.22760
[  3, 12801] loss: 0.21893
[  3, 12851] loss: 0.14928
[  3, 12901] loss: 0.38698
[  3, 12951] loss: 0.17136
[  3, 13001] loss: 0.21005
[  3, 13051] loss: 0.18895
[  3, 13101] loss: 0.15175
[  3, 13151] loss: 0.23382
[  3, 13201] loss: 0.24234
[  3, 13251] loss: 0.23862
[  3, 13301] loss: 0.18642
[  3, 13351] loss: 0.19052
[  3, 13401] loss: 0.17468
[  3, 13451] loss: 0.22683
[  3, 13501] loss: 0.20350
[  3, 13551] loss: 0.22645
[  3, 13601] loss: 0.20244
[  3, 13651] loss: 0.22460
[  3, 13701] loss: 0.16285
[  3, 13751] loss: 0.16301
[  3, 13801] loss: 0.22998
[  3, 13851] loss: 0.27076
[  3, 13901] loss: 0.19033
[  3, 13951] loss: 0.26018
[  3, 14001] loss: 0.16519
[  3, 14051] loss: 0.24272
[  3, 14101] loss: 0.17871
[  3, 14151] loss: 0.37578
[  3, 14201] loss: 0.20564
[  3, 14251] loss: 0.22827
[  3, 14301] loss: 0.19966
[  3, 14351] loss: 0.28339
[  3, 14401] loss: 0.30047
[  3, 14451] loss: 0.34354
[  3, 14501] loss: 0.15580
[  3, 14551] loss: 0.28704
[  3, 14601] loss: 0.31464
[  3, 14651] loss: 0.35639
[  3, 14701] loss: 0.34147
[  3, 14751] loss: 0.22150
[  3, 14801] loss: 0.36469
[  3, 14851] loss: 0.44173
[  3, 14901] loss: 0.24408
[  3, 14951] loss: 0.19678
[  3, 15001] loss: 0.22365
[  3, 15051] loss: 0.39935
[  3, 15101] loss: 0.27231
[  3, 15151] loss: 0.20907
[  3, 15201] loss: 0.19263
[  3, 15251] loss: 0.21036
[  3, 15301] loss: 0.24120
[  3, 15351] loss: 0.13232
[  3, 15401] loss: 0.17977
[  3, 15451] loss: 0.15480
[  3, 15501] loss: 0.20644
[  3, 15551] loss: 0.16505
[  3, 15601] loss: 0.16380
[  3, 15651] loss: 0.17113
[  3, 15701] loss: 0.26277
[  3, 15751] loss: 0.34689
[  3, 15801] loss: 0.16868
[  3, 15851] loss: 0.18451
[  3, 15901] loss: 0.35330
[  3, 15951] loss: 0.25799
[  3, 16001] loss: 0.30103
[  3, 16051] loss: 0.15146
[  3, 16101] loss: 0.22043
[  3, 16151] loss: 0.41932
[  3, 16201] loss: 0.45943
[  3, 16251] loss: 0.25385
[  3, 16301] loss: 0.18575
[  3, 16351] loss: 0.29141
[  3, 16401] loss: 0.30643
[  3, 16451] loss: 0.66369
[  3, 16501] loss: 0.26160
[  3, 16551] loss: 0.21361
[  3, 16601] loss: 0.40795
[  3, 16651] loss: 0.43196
[  3, 16701] loss: 0.52699
[  3, 16751] loss: 0.22013
[  3, 16801] loss: 0.20574
[  3, 16851] loss: 0.24762
[  3, 16901] loss: 0.25921
[  3, 16951] loss: 0.26170
[  3, 17001] loss: 0.19976
[  3, 17051] loss: 0.12754
[  3, 17101] loss: 0.19150
[  3, 17151] loss: 0.24000
[  3, 17201] loss: 0.17783
[  3, 17251] loss: 0.14377
[  3, 17301] loss: 0.19456
[  3, 17351] loss: 0.25923
[  3, 17401] loss: 0.15444
[  3, 17451] loss: 0.12534
[  3, 17501] loss: 0.18907
[  3, 17551] loss: 0.12247
[  3, 17601] loss: 0.29084
[  3, 17651] loss: 0.26553
[  3, 17701] loss: 0.18173
[  3, 17751] loss: 0.20386
[  3, 17801] loss: 0.18635
[  3, 17851] loss: 0.31316
[  3, 17901] loss: 0.31925
[  3, 17951] loss: 0.23345
[  3, 18001] loss: 0.18615
[  3, 18051] loss: 0.23583
[  3, 18101] loss: 0.35218
[  3, 18151] loss: 0.31304
[  3, 18201] loss: 0.19858
[  3, 18251] loss: 0.19450
[  3, 18301] loss: 0.30174
[  3, 18351] loss: 0.50254
[  3, 18401] loss: 0.30150
[  3, 18451] loss: 0.13795
[  3, 18501] loss: 0.29684
[  3, 18551] loss: 0.29724
[  3, 18601] loss: 0.30351
[  3, 18651] loss: 0.22148
[  3, 18701] loss: 0.12900
[  3, 18751] loss: 0.21027
[  3, 18801] loss: 0.47912
[  3, 18851] loss: 0.41842
[  3, 18901] loss: 0.15570
[  3, 18951] loss: 0.21370
[  3, 19001] loss: 0.39093
[  3, 19051] loss: 0.40450
[  3, 19101] loss: 0.19918
[  3, 19151] loss: 0.17969
[  3, 19201] loss: 0.21676
[  3, 19251] loss: 0.28401
[  3, 19301] loss: 0.44367
[  3, 19351] loss: 0.19291
[  3, 19401] loss: 0.12761
[  3, 19451] loss: 0.23763
[  3, 19501] loss: 0.20143
[  3, 19551] loss: 0.31987
[  3, 19601] loss: 0.21832
[  3, 19651] loss: 0.22384
[  3, 19701] loss: 0.11760
[  3, 19751] loss: 0.29794
[  3, 19801] loss: 0.36409
[  3, 19851] loss: 0.32970
[  3, 19901] loss: 0.16443
[  3, 19951] loss: 0.17700
[  3, 20001] loss: 0.26851
[  3, 20051] loss: 0.44342
[  3, 20101] loss: 0.40165
[  3, 20151] loss: 0.22063
[  3, 20201] loss: 0.18038
[  3, 20251] loss: 0.25742
[  3, 20301] loss: 0.29105
[  3, 20351] loss: 0.38023
[  3, 20401] loss: 0.15268
[  3, 20451] loss: 0.16901
[  3, 20501] loss: 0.13976
[  3, 20551] loss: 0.26678
[  3, 20601] loss: 0.22442
[  3, 20651] loss: 0.14265
[  3, 20701] loss: 0.17903
[  3, 20751] loss: 0.18490
[  3, 20801] loss: 0.14843
[  3, 20851] loss: 0.09299
[  3, 20901] loss: 0.12252
[  3, 20951] loss: 0.12542
[  3, 21001] loss: 0.14649
[  3, 21051] loss: 0.14009
[  3, 21101] loss: 0.11987
[  3, 21151] loss: 0.20852
[  3, 21201] loss: 0.17957
[  3, 21251] loss: 0.17678
[  3, 21301] loss: 0.20361
[  3, 21351] loss: 0.14193
[  3, 21401] loss: 0.23672
[  3, 21451] loss: 0.25865
[  3, 21501] loss: 0.19307
[  3, 21551] loss: 0.15062
[  3, 21601] loss: 0.13612
[  3, 21651] loss: 0.50934
[  3, 21701] loss: 0.29845
[  3, 21751] loss: 0.15225
[  3, 21801] loss: 0.22894
[  3, 21851] loss: 0.21652
[  3, 21901] loss: 0.40353
[  3, 21951] loss: 0.49857
[  3, 22001] loss: 0.15478
[  3, 22051] loss: 0.16769
[  3, 22101] loss: 0.45950
[  3, 22151] loss: 0.51610
[  3, 22201] loss: 0.28810
[  3, 22251] loss: 0.12796
[  3, 22301] loss: 0.28556
[  3, 22351] loss: 0.52755
[  3, 22401] loss: 0.35125
[  3, 22451] loss: 0.22648
[  3, 22501] loss: 0.20451
[  3, 22551] loss: 0.25750
[  3, 22601] loss: 0.46751
[  3, 22651] loss: 0.34869
[  3, 22701] loss: 0.16951
[  3, 22751] loss: 0.17053
[  3, 22801] loss: 0.41889
[  3, 22851] loss: 0.32528
[  3, 22901] loss: 0.24655
[  3, 22951] loss: 0.16913
[  3, 23001] loss: 0.12080
[  3, 23051] loss: 0.22109
[  3, 23101] loss: 0.25729
[  3, 23151] loss: 0.30569
[  3, 23201] loss: 0.21482
[  3, 23251] loss: 0.14384
[  3, 23301] loss: 0.12738
[  3, 23351] loss: 0.37071
[  3, 23401] loss: 0.44072
[  3, 23451] loss: 0.35050
[  3, 23501] loss: 0.13517
[  3, 23551] loss: 0.19929
[  3, 23601] loss: 0.32807
[  3, 23651] loss: 0.35518
[  3, 23701] loss: 0.46772
[  3, 23751] loss: 0.19807
[  3, 23801] loss: 0.19303
[  3, 23851] loss: 0.34943
[  3, 23901] loss: 0.36275
[  3, 23951] loss: 0.15850
[  3, 24001] loss: 0.14224
[  3, 24051] loss: 0.21243
[  3, 24101] loss: 0.22431
[  3, 24151] loss: 0.14584
[  3, 24201] loss: 0.15836
[  3, 24251] loss: 0.31280
[  3, 24301] loss: 0.15883
[  3, 24351] loss: 0.14455
[  3, 24401] loss: 0.19244
[  3, 24451] loss: 0.32460
[  3, 24501] loss: 0.16304
[  3, 24551] loss: 0.13330
[  3, 24601] loss: 0.23077
[  3, 24651] loss: 0.29412
[  3, 24701] loss: 0.16075
[  3, 24751] loss: 0.14521
[  3, 24801] loss: 0.21945
[  3, 24851] loss: 0.19052
[  3, 24901] loss: 0.24445
[  3, 24951] loss: 0.09488
[  4,     1] loss: 0.11537
[  4,    51] loss: 0.19959
[  4,   101] loss: 0.25543
[  4,   151] loss: 0.10960
[  4,   201] loss: 0.08880
[  4,   251] loss: 0.14858
[  4,   301] loss: 0.18345
[  4,   351] loss: 0.19356
[  4,   401] loss: 0.10869
[  4,   451] loss: 0.18720
[  4,   501] loss: 0.08303
[  4,   551] loss: 0.13144
[  4,   601] loss: 0.11634
[  4,   651] loss: 0.11320
[  4,   701] loss: 0.28633
[  4,   751] loss: 0.19825
[  4,   801] loss: 0.11220
[  4,   851] loss: 0.13265
[  4,   901] loss: 0.16235
[  4,   951] loss: 0.16002
[  4,  1001] loss: 0.25754
[  4,  1051] loss: 0.23475
[  4,  1101] loss: 0.21056
[  4,  1151] loss: 0.13279
[  4,  1201] loss: 0.15481
[  4,  1251] loss: 0.31046
[  4,  1301] loss: 0.41797
[  4,  1351] loss: 0.24525
[  4,  1401] loss: 0.19285
[  4,  1451] loss: 0.12438
[  4,  1501] loss: 0.29120
[  4,  1551] loss: 0.41279
[  4,  1601] loss: 0.37518
[  4,  1651] loss: 0.17080
[  4,  1701] loss: 0.10707
[  4,  1751] loss: 0.35357
[  4,  1801] loss: 0.61456
[  4,  1851] loss: 0.41614
[  4,  1901] loss: 0.13863
[  4,  1951] loss: 0.15092
[  4,  2001] loss: 0.41914
[  4,  2051] loss: 0.53254
[  4,  2101] loss: 0.31608
[  4,  2151] loss: 0.12753
[  4,  2201] loss: 0.16939
[  4,  2251] loss: 0.34998
[  4,  2301] loss: 0.34318
[  4,  2351] loss: 0.22846
[  4,  2401] loss: 0.13045
[  4,  2451] loss: 0.21085
[  4,  2501] loss: 0.28124
[  4,  2551] loss: 0.23930
[  4,  2601] loss: 0.24814
[  4,  2651] loss: 0.10093
[  4,  2701] loss: 0.17862
[  4,  2751] loss: 0.27710
[  4,  2801] loss: 0.22055
[  4,  2851] loss: 0.10068
[  4,  2901] loss: 0.12393
[  4,  2951] loss: 0.19516
[  4,  3001] loss: 0.34845
[  4,  3051] loss: 0.20556
[  4,  3101] loss: 0.14178
[  4,  3151] loss: 0.15320
[  4,  3201] loss: 0.26255
[  4,  3251] loss: 0.22407
[  4,  3301] loss: 0.29072
[  4,  3351] loss: 0.17582
[  4,  3401] loss: 0.11196
[  4,  3451] loss: 0.27390
[  4,  3501] loss: 0.31345
[  4,  3551] loss: 0.30531
[  4,  3601] loss: 0.12399
[  4,  3651] loss: 0.07756
[  4,  3701] loss: 0.09985
[  4,  3751] loss: 0.51547
[  4,  3801] loss: 0.40721
[  4,  3851] loss: 0.38423
[  4,  3901] loss: 0.15524
[  4,  3951] loss: 0.15679
[  4,  4001] loss: 0.40495
[  4,  4051] loss: 0.51611
[  4,  4101] loss: 0.27488
[  4,  4151] loss: 0.13384
[  4,  4201] loss: 0.15335
[  4,  4251] loss: 0.26672
[  4,  4301] loss: 0.49533
[  4,  4351] loss: 0.46999
[  4,  4401] loss: 0.22688
[  4,  4451] loss: 0.11279
[  4,  4501] loss: 0.33380
[  4,  4551] loss: 0.57415
[  4,  4601] loss: 0.54980
[  4,  4651] loss: 0.30362
[  4,  4701] loss: 0.15511
[  4,  4751] loss: 0.20133
[  4,  4801] loss: 0.82250
[  4,  4851] loss: 0.64561
[  4,  4901] loss: 0.22929
[  4,  4951] loss: 0.17750
[  4,  5001] loss: 0.23047
[  4,  5051] loss: 0.58256
[  4,  5101] loss: 0.46137
[  4,  5151] loss: 0.25424
[  4,  5201] loss: 0.17592
[  4,  5251] loss: 0.13541
[  4,  5301] loss: 0.41694
[  4,  5351] loss: 0.53908
[  4,  5401] loss: 0.27108
[  4,  5451] loss: 0.13484
[  4,  5501] loss: 0.11059
[  4,  5551] loss: 0.23520
[  4,  5601] loss: 0.26014
[  4,  5651] loss: 0.34261
[  4,  5701] loss: 0.14736
[  4,  5751] loss: 0.08397
[  4,  5801] loss: 0.17204
[  4,  5851] loss: 0.32543
[  4,  5901] loss: 0.13156
[  4,  5951] loss: 0.11407
[  4,  6001] loss: 0.15702
[  4,  6051] loss: 0.12715
[  4,  6101] loss: 0.09793
[  4,  6151] loss: 0.13899
[  4,  6201] loss: 0.08657
[  4,  6251] loss: 0.11165
[  4,  6301] loss: 0.16770
[  4,  6351] loss: 0.14054
[  4,  6401] loss: 0.09655
[  4,  6451] loss: 0.10302
[  4,  6501] loss: 0.11870
[  4,  6551] loss: 0.16394
[  4,  6601] loss: 0.12307
[  4,  6651] loss: 0.16283
[  4,  6701] loss: 0.25965
[  4,  6751] loss: 0.14185
[  4,  6801] loss: 0.09763
[  4,  6851] loss: 0.26795
[  4,  6901] loss: 0.32859
[  4,  6951] loss: 0.27685
[  4,  7001] loss: 0.08290
[  4,  7051] loss: 0.11084
[  4,  7101] loss: 0.14385
[  4,  7151] loss: 0.30316
[  4,  7201] loss: 0.24225
[  4,  7251] loss: 0.25673
[  4,  7301] loss: 0.07716
[  4,  7351] loss: 0.09671
[  4,  7401] loss: 0.15197
[  4,  7451] loss: 0.25404
[  4,  7501] loss: 0.29408
[  4,  7551] loss: 0.26501
[  4,  7601] loss: 0.06764
[  4,  7651] loss: 0.10577
[  4,  7701] loss: 0.18833
[  4,  7751] loss: 0.27180
[  4,  7801] loss: 0.18509
[  4,  7851] loss: 0.15908
[  4,  7901] loss: 0.07389
[  4,  7951] loss: 0.11124
[  4,  8001] loss: 0.17959
[  4,  8051] loss: 0.17814
[  4,  8101] loss: 0.18570
[  4,  8151] loss: 0.09927
[  4,  8201] loss: 0.29389
[  4,  8251] loss: 0.12576
[  4,  8301] loss: 0.25040
[  4,  8351] loss: 0.16697
[  4,  8401] loss: 0.10433
[  4,  8451] loss: 0.09214
[  4,  8501] loss: 0.09233
[  4,  8551] loss: 0.23689
[  4,  8601] loss: 0.14982
[  4,  8651] loss: 0.13050
[  4,  8701] loss: 0.16829
[  4,  8751] loss: 0.15266
[  4,  8801] loss: 0.07993
[  4,  8851] loss: 0.07123
[  4,  8901] loss: 0.19819
[  4,  8951] loss: 0.21683
[  4,  9001] loss: 0.17894
[  4,  9051] loss: 0.13538
[  4,  9101] loss: 0.04660
[  4,  9151] loss: 0.07987
[  4,  9201] loss: 0.14367
[  4,  9251] loss: 0.19535
[  4,  9301] loss: 0.15078
[  4,  9351] loss: 0.08726
[  4,  9401] loss: 0.05957
[  4,  9451] loss: 0.08694
[  4,  9501] loss: 0.17955
[  4,  9551] loss: 0.31018
[  4,  9601] loss: 0.13154
[  4,  9651] loss: 0.08802
[  4,  9701] loss: 0.07913
[  4,  9751] loss: 0.19271
[  4,  9801] loss: 0.13593
[  4,  9851] loss: 0.07258
[  4,  9901] loss: 0.10635
[  4,  9951] loss: 0.08143
[  4, 10001] loss: 0.07922
[  4, 10051] loss: 0.09221
[  4, 10101] loss: 0.16692
[  4, 10151] loss: 0.07226
[  4, 10201] loss: 0.08280
[  4, 10251] loss: 0.05123
[  4, 10301] loss: 0.07383
[  4, 10351] loss: 0.08784
[  4, 10401] loss: 0.20208
[  4, 10451] loss: 0.07112
[  4, 10501] loss: 0.06268
[  4, 10551] loss: 0.10267
[  4, 10601] loss: 0.07737
[  4, 10651] loss: 0.09760
[  4, 10701] loss: 0.06493
[  4, 10751] loss: 0.16264
[  4, 10801] loss: 0.08683
[  4, 10851] loss: 0.16314
[  4, 10901] loss: 0.18696
[  4, 10951] loss: 0.24228
[  4, 11001] loss: 0.21602
[  4, 11051] loss: 0.10599
[  4, 11101] loss: 0.04875
[  4, 11151] loss: 0.26494
[  4, 11201] loss: 0.24873
[  4, 11251] loss: 0.45944
[  4, 11301] loss: 0.10822
[  4, 11351] loss: 0.07948
[  4, 11401] loss: 0.31170
[  4, 11451] loss: 0.18577
[  4, 11501] loss: 0.35610
[  4, 11551] loss: 0.05421
[  4, 11601] loss: 0.16222
[  4, 11651] loss: 0.42883
[  4, 11701] loss: 0.25468
[  4, 11751] loss: 0.14932
[  4, 11801] loss: 0.06146
[  4, 11851] loss: 0.31612
[  4, 11901] loss: 0.32466
[  4, 11951] loss: 0.30218
[  4, 12001] loss: 0.06680
[  4, 12051] loss: 0.09156
[  4, 12101] loss: 0.46088
[  4, 12151] loss: 0.33598
[  4, 12201] loss: 0.16452
[  4, 12251] loss: 0.10986
[  4, 12301] loss: 0.25969
[  4, 12351] loss: 0.43405
[  4, 12401] loss: 0.31654
[  4, 12451] loss: 0.27192
[  4, 12501] loss: 0.22559
[  4, 12551] loss: 0.31428
[  4, 12601] loss: 0.76823
[  4, 12651] loss: 0.46315
[  4, 12701] loss: 0.21748
[  4, 12751] loss: 0.14478
[  4, 12801] loss: 0.50490
[  4, 12851] loss: 0.65562
[  4, 12901] loss: 0.46384
[  4, 12951] loss: 0.10414
[  4, 13001] loss: 0.08127
[  4, 13051] loss: 0.19516
[  4, 13101] loss: 0.19274
[  4, 13151] loss: 0.69986
[  4, 13201] loss: 0.16838
[  4, 13251] loss: 0.08612
[  4, 13301] loss: 0.13893
[  4, 13351] loss: 0.39977
[  4, 13401] loss: 0.40898
[  4, 13451] loss: 0.23070
[  4, 13501] loss: 0.11688
[  4, 13551] loss: 0.15560
[  4, 13601] loss: 0.29147
[  4, 13651] loss: 0.16299
[  4, 13701] loss: 0.33852
[  4, 13751] loss: 0.13242
[  4, 13801] loss: 0.10046
[  4, 13851] loss: 0.12759
[  4, 13901] loss: 0.23109
[  4, 13951] loss: 0.21197
[  4, 14001] loss: 0.20726
[  4, 14051] loss: 0.16724
[  4, 14101] loss: 0.04725
[  4, 14151] loss: 0.12744
[  4, 14201] loss: 0.08112
[  4, 14251] loss: 0.43773
[  4, 14301] loss: 0.53282
[  4, 14351] loss: 0.27552
[  4, 14401] loss: 0.06226
[  4, 14451] loss: 0.22053
[  4, 14501] loss: 0.57200
[  4, 14551] loss: 0.91501
[  4, 14601] loss: 0.61755
[  4, 14651] loss: 0.07076
[  4, 14701] loss: 0.40578
[  4, 14751] loss: 1.04880
[  4, 14801] loss: 0.85131
[  4, 14851] loss: 0.32568
[  4, 14901] loss: 0.08338
[  4, 14951] loss: 0.53267
[  4, 15001] loss: 1.34460
[  4, 15051] loss: 0.50619
[  4, 15101] loss: 0.15600
[  4, 15151] loss: 0.06567
[  4, 15201] loss: 0.74977
[  4, 15251] loss: 1.04230
[  4, 15301] loss: 0.76968
[  4, 15351] loss: 0.24471
[  4, 15401] loss: 0.07518
[  4, 15451] loss: 0.51628
[  4, 15501] loss: 1.49619
[  4, 15551] loss: 1.07397
[  4, 15601] loss: 0.26000
[  4, 15651] loss: 0.06011
[  4, 15701] loss: 0.29323
[  4, 15751] loss: 0.79110
[  4, 15801] loss: 1.33438
[  4, 15851] loss: 0.84228
[  4, 15901] loss: 0.20342
[  4, 15951] loss: 0.07270
[  4, 16001] loss: 0.29646
[  4, 16051] loss: 1.32936
[  4, 16101] loss: 1.43005
[  4, 16151] loss: 0.87390
[  4, 16201] loss: 0.18025
[  4, 16251] loss: 0.14750
[  4, 16301] loss: 0.96891
[  4, 16351] loss: 1.69031
[  4, 16401] loss: 1.45295
[  4, 16451] loss: 0.31766
[  4, 16501] loss: 0.07923
[  4, 16551] loss: 0.83238
[  4, 16601] loss: 1.45953
[  4, 16651] loss: 0.88951
[  4, 16701] loss: 0.19723
[  4, 16751] loss: 0.18973
[  4, 16801] loss: 0.47310
[  4, 16851] loss: 0.82504
[  4, 16901] loss: 1.20517
[  4, 16951] loss: 0.44948
[  4, 17001] loss: 0.21494
[  4, 17051] loss: 0.39056
[  4, 17101] loss: 0.73514
[  4, 17151] loss: 0.77990
[  4, 17201] loss: 0.55062
[  4, 17251] loss: 0.32702
[  4, 17301] loss: 0.11917
[  4, 17351] loss: 0.23114
[  4, 17401] loss: 0.29978
[  4, 17451] loss: 0.36996
[  4, 17501] loss: 0.34786
[  4, 17551] loss: 0.15086
[  4, 17601] loss: 0.10256
[  4, 17651] loss: 0.08166
[  4, 17701] loss: 0.06096
[  4, 17751] loss: 0.10961
[  4, 17801] loss: 0.09296
[  4, 17851] loss: 0.07861
[  4, 17901] loss: 0.15509
[  4, 17951] loss: 0.33408
[  4, 18001] loss: 0.30139
[  4, 18051] loss: 0.19342
[  4, 18101] loss: 0.04370
[  4, 18151] loss: 0.16531
[  4, 18201] loss: 0.51970
[  4, 18251] loss: 0.57615
[  4, 18301] loss: 0.49436
[  4, 18351] loss: 0.18383
[  4, 18401] loss: 0.09655
[  4, 18451] loss: 0.38882
[  4, 18501] loss: 0.79369
[  4, 18551] loss: 0.85861
[  4, 18601] loss: 0.35792
[  4, 18651] loss: 0.12563
[  4, 18701] loss: 0.17678
[  4, 18751] loss: 0.63716
[  4, 18801] loss: 0.49891
[  4, 18851] loss: 0.40605
[  4, 18901] loss: 0.12914
[  4, 18951] loss: 0.20614
[  4, 19001] loss: 0.18735
[  4, 19051] loss: 0.10647
[  4, 19101] loss: 0.17152
[  4, 19151] loss: 0.11726
[  4, 19201] loss: 0.11209
[  4, 19251] loss: 0.16679
[  4, 19301] loss: 0.08088
[  4, 19351] loss: 0.08157
[  4, 19401] loss: 0.22932
[  4, 19451] loss: 0.16041
[  4, 19501] loss: 0.10380
[  4, 19551] loss: 0.09268
[  4, 19601] loss: 0.08144
[  4, 19651] loss: 0.37204
[  4, 19701] loss: 0.41694
[  4, 19751] loss: 0.42485
[  4, 19801] loss: 0.06255
[  4, 19851] loss: 0.07282
[  4, 19901] loss: 0.28766
[  4, 19951] loss: 0.92136
[  4, 20001] loss: 0.66385
[  4, 20051] loss: 0.47093
[  4, 20101] loss: 0.12096
[  4, 20151] loss: 0.26167
[  4, 20201] loss: 1.16595
[  4, 20251] loss: 1.12729
[  4, 20301] loss: 0.85477
[  4, 20351] loss: 0.13246
[  4, 20401] loss: 0.07452
[  4, 20451] loss: 0.53780
[  4, 20501] loss: 1.12242
[  4, 20551] loss: 1.02333
[  4, 20601] loss: 0.78460
[  4, 20651] loss: 0.08716
[  4, 20701] loss: 0.16424
[  4, 20751] loss: 0.35479
[  4, 20801] loss: 0.67572
[  4, 20851] loss: 0.72147
[  4, 20901] loss: 0.24504
[  4, 20951] loss: 0.14179
[  4, 21001] loss: 0.17014
[  4, 21051] loss: 0.39510
[  4, 21101] loss: 0.61044
[  4, 21151] loss: 0.63386
[  4, 21201] loss: 0.24380
[  4, 21251] loss: 0.07097
[  4, 21301] loss: 0.17787
[  4, 21351] loss: 0.39993
[  4, 21401] loss: 0.50145
[  4, 21451] loss: 0.21720
[  4, 21501] loss: 0.06355
[  4, 21551] loss: 0.14076
[  4, 21601] loss: 0.21593
[  4, 21651] loss: 0.26220
[  4, 21701] loss: 0.09325
[  4, 21751] loss: 0.06944
[  4, 21801] loss: 0.08026
[  4, 21851] loss: 0.33370
[  4, 21901] loss: 0.10316
[  4, 21951] loss: 0.19129
[  4, 22001] loss: 0.06652
[  4, 22051] loss: 0.43821
[  4, 22101] loss: 0.06622
[  4, 22151] loss: 0.15267
[  4, 22201] loss: 0.12117
[  4, 22251] loss: 0.15225
[  4, 22301] loss: 0.43779
[  4, 22351] loss: 0.25409
[  4, 22401] loss: 0.10123
[  4, 22451] loss: 0.13436
[  4, 22501] loss: 0.22025
[  4, 22551] loss: 0.29814
[  4, 22601] loss: 0.24426
[  4, 22651] loss: 0.09397
[  4, 22701] loss: 0.06400
[  4, 22751] loss: 0.20983
[  4, 22801] loss: 0.31302
[  4, 22851] loss: 0.21228
[  4, 22901] loss: 0.05578
[  4, 22951] loss: 0.07968
[  4, 23001] loss: 0.21977
[  4, 23051] loss: 0.34842
[  4, 23101] loss: 0.31790
[  4, 23151] loss: 0.12467
[  4, 23201] loss: 0.07866
[  4, 23251] loss: 0.30639
[  4, 23301] loss: 0.57693
[  4, 23351] loss: 0.78861
[  4, 23401] loss: 0.14830
[  4, 23451] loss: 0.04910
[  4, 23501] loss: 0.30559
[  4, 23551] loss: 0.61641
[  4, 23601] loss: 0.72124
[  4, 23651] loss: 0.21984
[  4, 23701] loss: 0.08720
[  4, 23751] loss: 0.18919
[  4, 23801] loss: 0.51805
[  4, 23851] loss: 0.90483
[  4, 23901] loss: 0.78070
[  4, 23951] loss: 0.32209
[  4, 24001] loss: 0.11209
[  4, 24051] loss: 0.20258
[  4, 24101] loss: 0.51710
[  4, 24151] loss: 0.78912
[  4, 24201] loss: 0.49835
[  4, 24251] loss: 0.15481
[  4, 24301] loss: 0.07623
[  4, 24351] loss: 0.12089
[  4, 24401] loss: 0.21469
[  4, 24451] loss: 0.28760
[  4, 24501] loss: 0.43720
[  4, 24551] loss: 0.29893
[  4, 24601] loss: 0.18093
[  4, 24651] loss: 0.07720
[  4, 24701] loss: 0.18983
[  4, 24751] loss: 0.22013
[  4, 24801] loss: 0.20836
[  4, 24851] loss: 0.27689
[  4, 24901] loss: 0.18334
[  4, 24951] loss: 0.10320
[  5,     1] loss: 0.12787
[  5,    51] loss: 0.15222
[  5,   101] loss: 0.12201
[  5,   151] loss: 0.20657
[  5,   201] loss: 0.06819
[  5,   251] loss: 0.10056
[  5,   301] loss: 0.29099
[  5,   351] loss: 0.21766
[  5,   401] loss: 0.16451
[  5,   451] loss: 0.09329
[  5,   501] loss: 0.06610
[  5,   551] loss: 0.17994
[  5,   601] loss: 0.15528
[  5,   651] loss: 0.32199
[  5,   701] loss: 0.11466
[  5,   751] loss: 0.11071
[  5,   801] loss: 0.09223
[  5,   851] loss: 0.48523
[  5,   901] loss: 0.58160
[  5,   951] loss: 0.24829
[  5,  1001] loss: 0.12411
[  5,  1051] loss: 0.09059
[  5,  1101] loss: 0.51199
[  5,  1151] loss: 0.73886
[  5,  1201] loss: 0.42007
[  5,  1251] loss: 0.27669
[  5,  1301] loss: 0.16111
[  5,  1351] loss: 0.11926
[  5,  1401] loss: 0.76174
[  5,  1451] loss: 1.07300
[  5,  1501] loss: 1.06237
[  5,  1551] loss: 0.25650
[  5,  1601] loss: 0.03618
[  5,  1651] loss: 0.27311
[  5,  1701] loss: 0.97222
[  5,  1751] loss: 1.01527
[  5,  1801] loss: 0.48298
[  5,  1851] loss: 0.16464
[  5,  1901] loss: 0.07828
[  5,  1951] loss: 0.45778
[  5,  2001] loss: 0.64222
[  5,  2051] loss: 0.83661
[  5,  2101] loss: 0.53536
[  5,  2151] loss: 0.06179
[  5,  2201] loss: 0.11235
[  5,  2251] loss: 0.26517
[  5,  2301] loss: 0.54302
[  5,  2351] loss: 0.36295
[  5,  2401] loss: 0.13647
[  5,  2451] loss: 0.04495
[  5,  2501] loss: 0.05116
[  5,  2551] loss: 0.19737
[  5,  2601] loss: 0.22926
[  5,  2651] loss: 0.13742
[  5,  2701] loss: 0.09471
[  5,  2751] loss: 0.15242
[  5,  2801] loss: 0.08192
[  5,  2851] loss: 0.06763
[  5,  2901] loss: 0.07634
[  5,  2951] loss: 0.05945
[  5,  3001] loss: 0.09409
[  5,  3051] loss: 0.08390
[  5,  3101] loss: 0.16188
[  5,  3151] loss: 0.11742
[  5,  3201] loss: 0.06954
[  5,  3251] loss: 0.04682
[  5,  3301] loss: 0.13167
[  5,  3351] loss: 0.36688
[  5,  3401] loss: 0.36506
[  5,  3451] loss: 0.24842
[  5,  3501] loss: 0.05500
[  5,  3551] loss: 0.03778
[  5,  3601] loss: 0.22780
[  5,  3651] loss: 0.53532
[  5,  3701] loss: 0.51075
[  5,  3751] loss: 0.26611
[  5,  3801] loss: 0.13080
[  5,  3851] loss: 0.23705
[  5,  3901] loss: 0.46047
[  5,  3951] loss: 0.53331
[  5,  4001] loss: 0.30744
[  5,  4051] loss: 0.14015
[  5,  4101] loss: 0.09320
[  5,  4151] loss: 0.08656
[  5,  4201] loss: 0.27826
[  5,  4251] loss: 0.45789
[  5,  4301] loss: 0.26140
[  5,  4351] loss: 0.10722
[  5,  4401] loss: 0.05977
[  5,  4451] loss: 0.36631
[  5,  4501] loss: 0.22437
[  5,  4551] loss: 0.18457
[  5,  4601] loss: 0.11247
[  5,  4651] loss: 0.02543
[  5,  4701] loss: 0.30070
[  5,  4751] loss: 0.33486
[  5,  4801] loss: 0.23721
[  5,  4851] loss: 0.09278
[  5,  4901] loss: 0.04468
[  5,  4951] loss: 0.21682
[  5,  5001] loss: 0.14436
[  5,  5051] loss: 0.14812
[  5,  5101] loss: 0.10079
[  5,  5151] loss: 0.04388
[  5,  5201] loss: 0.08848
[  5,  5251] loss: 0.06490
[  5,  5301] loss: 0.21297
[  5,  5351] loss: 0.16350
[  5,  5401] loss: 0.08692
[  5,  5451] loss: 0.06261
[  5,  5501] loss: 0.14788
[  5,  5551] loss: 0.13520
[  5,  5601] loss: 0.23019
[  5,  5651] loss: 0.13491
[  5,  5701] loss: 0.08461
[  5,  5751] loss: 0.06800
[  5,  5801] loss: 0.08589
[  5,  5851] loss: 0.10338
[  5,  5901] loss: 0.19725
[  5,  5951] loss: 0.11206
[  5,  6001] loss: 0.06047
[  5,  6051] loss: 0.04743
[  5,  6101] loss: 0.04393
[  5,  6151] loss: 0.11511
[  5,  6201] loss: 0.09410
[  5,  6251] loss: 0.09258
[  5,  6301] loss: 0.21293
[  5,  6351] loss: 0.06288
[  5,  6401] loss: 0.05361
[  5,  6451] loss: 0.07825
[  5,  6501] loss: 0.12959
[  5,  6551] loss: 0.20080
[  5,  6601] loss: 0.05814
[  5,  6651] loss: 0.09393
[  5,  6701] loss: 0.05187
[  5,  6751] loss: 0.09918
[  5,  6801] loss: 0.20635
[  5,  6851] loss: 0.24239
[  5,  6901] loss: 0.12708
[  5,  6951] loss: 0.06624
[  5,  7001] loss: 0.04622
[  5,  7051] loss: 0.13343
[  5,  7101] loss: 0.29508
[  5,  7151] loss: 0.22595
[  5,  7201] loss: 0.21562
[  5,  7251] loss: 0.07312
[  5,  7301] loss: 0.11676
[  5,  7351] loss: 0.15267
[  5,  7401] loss: 0.42171
[  5,  7451] loss: 0.08180
[  5,  7501] loss: 0.10299
[  5,  7551] loss: 0.03401
[  5,  7601] loss: 0.10696
[  5,  7651] loss: 0.26557
[  5,  7701] loss: 0.13607
[  5,  7751] loss: 0.17356
[  5,  7801] loss: 0.06274
[  5,  7851] loss: 0.05904
[  5,  7901] loss: 0.05421
[  5,  7951] loss: 0.18483
[  5,  8001] loss: 0.25124
[  5,  8051] loss: 0.15124
[  5,  8101] loss: 0.04776
[  5,  8151] loss: 0.03943
[  5,  8201] loss: 0.17875
[  5,  8251] loss: 0.11350
[  5,  8301] loss: 0.08397
[  5,  8351] loss: 0.09843
[  5,  8401] loss: 0.08272
[  5,  8451] loss: 0.05150
[  5,  8501] loss: 0.12043
[  5,  8551] loss: 0.29618
[  5,  8601] loss: 0.13876
[  5,  8651] loss: 0.09024
[  5,  8701] loss: 0.09410
[  5,  8751] loss: 0.14677
[  5,  8801] loss: 0.08489
[  5,  8851] loss: 0.27862
[  5,  8901] loss: 0.13249
[  5,  8951] loss: 0.09135
[  5,  9001] loss: 0.03727
[  5,  9051] loss: 0.08088
[  5,  9101] loss: 0.08365
[  5,  9151] loss: 0.25869
[  5,  9201] loss: 0.20458
[  5,  9251] loss: 0.10695
[  5,  9301] loss: 0.02519
[  5,  9351] loss: 0.04088
[  5,  9401] loss: 0.08368
[  5,  9451] loss: 0.19978
[  5,  9501] loss: 0.29601
[  5,  9551] loss: 0.27076
[  5,  9601] loss: 0.08963
[  5,  9651] loss: 0.04204
[  5,  9701] loss: 0.10456
[  5,  9751] loss: 0.17244
[  5,  9801] loss: 0.23316
[  5,  9851] loss: 0.26430
[  5,  9901] loss: 0.08458
[  5,  9951] loss: 0.09401
[  5, 10001] loss: 0.08353
[  5, 10051] loss: 0.11543
[  5, 10101] loss: 0.15594
[  5, 10151] loss: 0.18754
[  5, 10201] loss: 0.08178
[  5, 10251] loss: 0.07740
[  5, 10301] loss: 0.06495
[  5, 10351] loss: 0.11488
[  5, 10401] loss: 0.23666
[  5, 10451] loss: 0.08681
[  5, 10501] loss: 0.06706
[  5, 10551] loss: 0.05750
[  5, 10601] loss: 0.06802
[  5, 10651] loss: 0.06847
[  5, 10701] loss: 0.08829
[  5, 10751] loss: 0.21122
[  5, 10801] loss: 0.24497
[  5, 10851] loss: 0.13412
[  5, 10901] loss: 0.04809
[  5, 10951] loss: 0.07496
[  5, 11001] loss: 0.13778
[  5, 11051] loss: 0.41846
[  5, 11101] loss: 0.40577
[  5, 11151] loss: 0.22489
[  5, 11201] loss: 0.04761
[  5, 11251] loss: 0.02482
[  5, 11301] loss: 0.15271
[  5, 11351] loss: 0.55649
[  5, 11401] loss: 0.32801
[  5, 11451] loss: 0.17805
[  5, 11501] loss: 0.16424
[  5, 11551] loss: 0.09803
[  5, 11601] loss: 0.04724
[  5, 11651] loss: 0.10739
[  5, 11701] loss: 0.06741
[  5, 11751] loss: 0.20409
[  5, 11801] loss: 0.17435
[  5, 11851] loss: 0.12493
[  5, 11901] loss: 0.05035
[  5, 11951] loss: 0.04955
[  5, 12001] loss: 0.07482
[  5, 12051] loss: 0.03151
[  5, 12101] loss: 0.03133
[  5, 12151] loss: 0.05979
[  5, 12201] loss: 0.04873
[  5, 12251] loss: 0.33933
[  5, 12301] loss: 0.22026
[  5, 12351] loss: 0.14527
[  5, 12401] loss: 0.10375
[  5, 12451] loss: 0.26458
[  5, 12501] loss: 0.31545
[  5, 12551] loss: 0.12942
[  5, 12601] loss: 0.12566
[  5, 12651] loss: 0.02699
[  5, 12701] loss: 0.22500
[  5, 12751] loss: 0.14988
[  5, 12801] loss: 0.09416
[  5, 12851] loss: 0.05421
[  5, 12901] loss: 0.28912
[  5, 12951] loss: 0.03122
[  5, 13001] loss: 0.12201
[  5, 13051] loss: 0.08302
[  5, 13101] loss: 0.13704
[  5, 13151] loss: 0.10704
[  5, 13201] loss: 0.04476
[  5, 13251] loss: 0.04171
[  5, 13301] loss: 0.06011
[  5, 13351] loss: 0.05034
[  5, 13401] loss: 0.03054
[  5, 13451] loss: 0.10228
[  5, 13501] loss: 0.12059
[  5, 13551] loss: 0.03460
[  5, 13601] loss: 0.04200
[  5, 13651] loss: 0.01567
[  5, 13701] loss: 0.02976
[  5, 13751] loss: 0.03254
[  5, 13801] loss: 0.05235
[  5, 13851] loss: 0.09353
[  5, 13901] loss: 0.05200
[  5, 13951] loss: 0.06062
[  5, 14001] loss: 0.02626
[  5, 14051] loss: 0.05570
[  5, 14101] loss: 0.06976
[  5, 14151] loss: 0.17200
[  5, 14201] loss: 0.24651
[  5, 14251] loss: 0.10929
[  5, 14301] loss: 0.04080
[  5, 14351] loss: 0.02262
[  5, 14401] loss: 0.18038
[  5, 14451] loss: 0.25490
[  5, 14501] loss: 0.09319
[  5, 14551] loss: 0.03608
[  5, 14601] loss: 0.00966
[  5, 14651] loss: 0.02993
[  5, 14701] loss: 0.06378
[  5, 14751] loss: 0.03165
[  5, 14801] loss: 0.01755
[  5, 14851] loss: 0.06709
[  5, 14901] loss: 0.04230
[  5, 14951] loss: 0.01854
[  5, 15001] loss: 0.01088
[  5, 15051] loss: 0.00694
[  5, 15101] loss: 0.07456
[  5, 15151] loss: 0.20308
[  5, 15201] loss: 0.04419
[  5, 15251] loss: 0.01703
[  5, 15301] loss: 0.00986
[  5, 15351] loss: 0.08527
[  5, 15401] loss: 0.48170
[  5, 15451] loss: 0.35684
[  5, 15501] loss: 0.06843
[  5, 15551] loss: 0.00765
[  5, 15601] loss: 0.06292
[  5, 15651] loss: 0.66663
[  5, 15701] loss: 1.04280
[  5, 15751] loss: 0.19352
[  5, 15801] loss: 0.05106
[  5, 15851] loss: 0.00468
[  5, 15901] loss: 0.11498
[  5, 15951] loss: 1.09884
[  5, 16001] loss: 0.57009
[  5, 16051] loss: 0.25228
[  5, 16101] loss: 0.04986
[  5, 16151] loss: 0.01309
[  5, 16201] loss: 0.05280
[  5, 16251] loss: 0.46177
[  5, 16301] loss: 0.22086
[  5, 16351] loss: 0.10896
[  5, 16401] loss: 0.02119
[  5, 16451] loss: 0.06618
[  5, 16501] loss: 0.05523
[  5, 16551] loss: 0.01558
[  5, 16601] loss: 0.14433
[  5, 16651] loss: 0.01688
[  5, 16701] loss: 0.02449
[  5, 16751] loss: 0.07036
[  5, 16801] loss: 0.01888
[  5, 16851] loss: 0.01412
[  5, 16901] loss: 0.01887
[  5, 16951] loss: 0.03123
[  5, 17001] loss: 0.36948
[  5, 17051] loss: 0.18179
[  5, 17101] loss: 0.02244
[  5, 17151] loss: 0.03846
[  5, 17201] loss: 0.00788
[  5, 17251] loss: 0.02275
[  5, 17301] loss: 0.32748
[  5, 17351] loss: 0.46647
[  5, 17401] loss: 0.29365
[  5, 17451] loss: 0.07902
[  5, 17501] loss: 0.05003
[  5, 17551] loss: 0.02637
[  5, 17601] loss: 0.13945
[  5, 17651] loss: 0.36925
[  5, 17701] loss: 0.55371
[  5, 17751] loss: 0.37799
[  5, 17801] loss: 0.14286
[  5, 17851] loss: 0.04218
[  5, 17901] loss: 0.09638
[  5, 17951] loss: 0.34472
[  5, 18001] loss: 0.36709
[  5, 18051] loss: 0.73534
[  5, 18101] loss: 0.56322
[  5, 18151] loss: 0.19469
[  5, 18201] loss: 0.01946
[  5, 18251] loss: 0.03009
[  5, 18301] loss: 0.49705
[  5, 18351] loss: 1.08419
[  5, 18401] loss: 1.16681
[  5, 18451] loss: 0.59536
[  5, 18501] loss: 0.08679
[  5, 18551] loss: 0.00660
[  5, 18601] loss: 0.07254
[  5, 18651] loss: 0.91859
[  5, 18701] loss: 1.12629
[  5, 18751] loss: 0.54619
[  5, 18801] loss: 0.35630
[  5, 18851] loss: 0.15196
[  5, 18901] loss: 0.04193
[  5, 18951] loss: 0.13005
[  5, 19001] loss: 0.18427
[  5, 19051] loss: 0.32518
[  5, 19101] loss: 0.55549
[  5, 19151] loss: 0.49902
[  5, 19201] loss: 0.18383
[  5, 19251] loss: 0.03687
[  5, 19301] loss: 0.05439
[  5, 19351] loss: 0.29429
[  5, 19401] loss: 0.45945
[  5, 19451] loss: 0.46488
[  5, 19501] loss: 0.41635
[  5, 19551] loss: 0.07504
[  5, 19601] loss: 0.03209
[  5, 19651] loss: 0.17411
[  5, 19701] loss: 0.14979
[  5, 19751] loss: 0.47794
[  5, 19801] loss: 0.54521
[  5, 19851] loss: 0.41509
[  5, 19901] loss: 0.27800
[  5, 19951] loss: 0.10962
[  5, 20001] loss: 0.02650
[  5, 20051] loss: 0.43477
[  5, 20101] loss: 1.16090
[  5, 20151] loss: 1.21504
[  5, 20201] loss: 0.37054
[  5, 20251] loss: 0.01351
[  5, 20301] loss: 0.01517
[  5, 20351] loss: 0.29977
[  5, 20401] loss: 1.10034
[  5, 20451] loss: 0.58657
[  5, 20501] loss: 0.06583
[  5, 20551] loss: 0.02571
[  5, 20601] loss: 0.01272
[  5, 20651] loss: 0.07235
[  5, 20701] loss: 0.36076
[  5, 20751] loss: 0.61582
[  5, 20801] loss: 0.23291
[  5, 20851] loss: 0.06442
[  5, 20901] loss: 0.06696
[  5, 20951] loss: 0.02124
[  5, 21001] loss: 0.16557
[  5, 21051] loss: 0.26827
[  5, 21101] loss: 0.25890
[  5, 21151] loss: 0.14636
[  5, 21201] loss: 0.08794
[  5, 21251] loss: 0.03459
[  5, 21301] loss: 0.17807
[  5, 21351] loss: 0.05097
[  5, 21401] loss: 0.10540
[  5, 21451] loss: 0.07844
[  5, 21501] loss: 0.08439
[  5, 21551] loss: 0.06594
[  5, 21601] loss: 0.01651
[  5, 21651] loss: 0.02464
[  5, 21701] loss: 0.02546
[  5, 21751] loss: 0.07640
[  5, 21801] loss: 0.07446
[  5, 21851] loss: 0.04164
[  5, 21901] loss: 0.05354
[  5, 21951] loss: 0.23838
[  5, 22001] loss: 0.02664
[  5, 22051] loss: 0.01560
[  5, 22101] loss: 0.01737
[  5, 22151] loss: 0.03677
[  5, 22201] loss: 0.10704
[  5, 22251] loss: 0.05944
[  5, 22301] loss: 0.12526
[  5, 22351] loss: 0.02704
[  5, 22401] loss: 0.01157
[  5, 22451] loss: 0.04683
[  5, 22501] loss: 0.03387
[  5, 22551] loss: 0.01091
[  5, 22601] loss: 0.01661
[  5, 22651] loss: 0.03000
[  5, 22701] loss: 0.02470
[  5, 22751] loss: 0.03608
[  5, 22801] loss: 0.01179
[  5, 22851] loss: 0.01481
[  5, 22901] loss: 0.03375
[  5, 22951] loss: 0.02441
[  5, 23001] loss: 0.03430
[  5, 23051] loss: 0.01555
[  5, 23101] loss: 0.02051
[  5, 23151] loss: 0.02349
[  5, 23201] loss: 0.09673
[  5, 23251] loss: 0.02364
[  5, 23301] loss: 0.02534
[  5, 23351] loss: 0.06893
[  5, 23401] loss: 0.02928
[  5, 23451] loss: 0.03863
[  5, 23501] loss: 0.03059
[  5, 23551] loss: 0.03503
[  5, 23601] loss: 0.01413
[  5, 23651] loss: 0.00672
[  5, 23701] loss: 0.03019
[  5, 23751] loss: 0.17071
[  5, 23801] loss: 0.03271
[  5, 23851] loss: 0.02804
[  5, 23901] loss: 0.00966
[  5, 23951] loss: 0.01864
[  5, 24001] loss: 0.10902
[  5, 24051] loss: 0.06625
[  5, 24101] loss: 0.08582
[  5, 24151] loss: 0.03976
[  5, 24201] loss: 0.01958
[  5, 24251] loss: 0.01928
[  5, 24301] loss: 0.08028
[  5, 24351] loss: 0.19735
[  5, 24401] loss: 0.14591
[  5, 24451] loss: 0.12622
[  5, 24501] loss: 0.08448
[  5, 24551] loss: 0.13165
[  5, 24601] loss: 0.02429
[  5, 24651] loss: 0.14563
[  5, 24701] loss: 0.35627
[  5, 24751] loss: 0.10516
[  5, 24801] loss: 0.04658
[  5, 24851] loss: 0.02430
[  5, 24901] loss: 0.01879
[  5, 24951] loss: 0.03057
Finished training
Accuracy on train: 0.99732
Accuracy on test: 0.67050
