{'word_context': 5, 'word_embed_size': 300, 'word_conv_units': 300, 'hidden_units': 0, 'dropout': False, 'batch_size': 50}
train set done
test set done
[  1,     1] loss: 1.13155
[  1,    51] loss: 0.79702
[  1,   101] loss: 0.71402
[  1,   151] loss: 0.70455
[  1,   201] loss: 0.69687
[  1,   251] loss: 0.68375
[  1,   301] loss: 0.68631
[  1,   351] loss: 0.69751
[  1,   401] loss: 0.70453
[  1,   451] loss: 0.70769
[  1,   501] loss: 0.69754
[  1,   551] loss: 0.69944
[  1,   601] loss: 0.69372
[  1,   651] loss: 0.68912
[  1,   701] loss: 0.68795
[  1,   751] loss: 0.68969
[  1,   801] loss: 0.71392
[  1,   851] loss: 0.69423
[  1,   901] loss: 0.68710
[  1,   951] loss: 0.66012
[  1,  1001] loss: 0.69235
[  1,  1051] loss: 0.69480
[  1,  1101] loss: 0.70341
[  1,  1151] loss: 0.67373
[  1,  1201] loss: 0.69378
[  1,  1251] loss: 0.70859
[  1,  1301] loss: 0.67060
[  1,  1351] loss: 0.68069
[  1,  1401] loss: 0.70155
[  1,  1451] loss: 0.69202
[  1,  1501] loss: 0.71388
[  1,  1551] loss: 0.66601
[  1,  1601] loss: 0.72449
[  1,  1651] loss: 0.69767
[  1,  1701] loss: 0.69984
[  1,  1751] loss: 0.71494
[  1,  1801] loss: 0.71811
[  1,  1851] loss: 0.70985
[  1,  1901] loss: 0.66935
[  1,  1951] loss: 0.72271
[  1,  2001] loss: 0.70941
[  1,  2051] loss: 0.67295
[  1,  2101] loss: 0.69913
[  1,  2151] loss: 0.69885
[  1,  2201] loss: 0.68832
[  1,  2251] loss: 0.68999
[  1,  2301] loss: 0.68187
[  1,  2351] loss: 0.71241
[  1,  2401] loss: 0.68297
[  1,  2451] loss: 0.68284
[  1,  2501] loss: 0.69970
[  1,  2551] loss: 0.68311
[  1,  2601] loss: 0.70483
[  1,  2651] loss: 0.70487
[  1,  2701] loss: 0.67958
[  1,  2751] loss: 0.77213
[  1,  2801] loss: 0.70210
[  1,  2851] loss: 0.68377
[  1,  2901] loss: 0.70231
[  1,  2951] loss: 0.69602
[  1,  3001] loss: 0.69653
[  1,  3051] loss: 0.68751
[  1,  3101] loss: 0.69759
[  1,  3151] loss: 0.68773
[  1,  3201] loss: 0.70863
[  1,  3251] loss: 0.69379
[  1,  3301] loss: 0.71264
[  1,  3351] loss: 0.71678
[  1,  3401] loss: 0.69548
[  1,  3451] loss: 0.68148
[  1,  3501] loss: 0.71982
[  1,  3551] loss: 0.70478
[  1,  3601] loss: 0.66863
[  1,  3651] loss: 0.70228
[  1,  3701] loss: 0.65950
[  1,  3751] loss: 0.71064
[  1,  3801] loss: 0.68903
[  1,  3851] loss: 0.68939
[  1,  3901] loss: 0.72206
[  1,  3951] loss: 0.75541
[  1,  4001] loss: 0.68194
[  1,  4051] loss: 0.70469
[  1,  4101] loss: 0.68179
[  1,  4151] loss: 0.70893
[  1,  4201] loss: 0.67789
[  1,  4251] loss: 0.72014
[  1,  4301] loss: 0.68208
[  1,  4351] loss: 0.68974
[  1,  4401] loss: 0.66815
[  1,  4451] loss: 0.70365
[  1,  4501] loss: 0.69491
[  1,  4551] loss: 0.69765
[  1,  4601] loss: 0.67796
[  1,  4651] loss: 0.70049
[  1,  4701] loss: 0.70659
[  1,  4751] loss: 0.70649
[  1,  4801] loss: 0.69676
[  1,  4851] loss: 0.68703
[  1,  4901] loss: 0.70635
[  1,  4951] loss: 0.65758
[  1,  5001] loss: 0.70492
[  1,  5051] loss: 0.69976
[  1,  5101] loss: 0.69429
[  1,  5151] loss: 0.69589
[  1,  5201] loss: 0.69996
[  1,  5251] loss: 0.70003
[  1,  5301] loss: 0.71720
[  1,  5351] loss: 0.68673
[  1,  5401] loss: 0.71801
[  1,  5451] loss: 0.70211
[  1,  5501] loss: 0.69368
[  1,  5551] loss: 0.71800
[  1,  5601] loss: 0.69519
[  1,  5651] loss: 0.71223
[  1,  5701] loss: 0.69085
[  1,  5751] loss: 0.68987
[  1,  5801] loss: 0.71059
[  1,  5851] loss: 0.68368
[  1,  5901] loss: 0.70281
[  1,  5951] loss: 0.70983
[  1,  6001] loss: 0.67981
[  1,  6051] loss: 0.72130
[  1,  6101] loss: 0.68518
[  1,  6151] loss: 0.73055
[  1,  6201] loss: 0.67856
[  1,  6251] loss: 0.69056
[  1,  6301] loss: 0.69610
[  1,  6351] loss: 0.67604
[  1,  6401] loss: 0.67808
[  1,  6451] loss: 0.70523
[  1,  6501] loss: 0.68198
[  1,  6551] loss: 0.72202
[  1,  6601] loss: 0.70608
[  1,  6651] loss: 0.70231
[  1,  6701] loss: 0.68505
[  1,  6751] loss: 0.70660
[  1,  6801] loss: 0.68801
[  1,  6851] loss: 0.71714
[  1,  6901] loss: 0.66047
[  1,  6951] loss: 0.74326
[  1,  7001] loss: 0.71521
[  1,  7051] loss: 0.69485
[  1,  7101] loss: 0.71506
[  1,  7151] loss: 0.70715
[  1,  7201] loss: 0.67960
[  1,  7251] loss: 0.70192
[  1,  7301] loss: 0.69118
[  1,  7351] loss: 0.67804
[  1,  7401] loss: 0.68568
[  1,  7451] loss: 0.68880
[  1,  7501] loss: 0.68623
[  1,  7551] loss: 0.67918
[  1,  7601] loss: 0.68884
[  1,  7651] loss: 0.71105
[  1,  7701] loss: 0.68850
[  1,  7751] loss: 0.69969
[  1,  7801] loss: 0.69205
[  1,  7851] loss: 0.70936
[  1,  7901] loss: 0.68491
[  1,  7951] loss: 0.71055
[  1,  8001] loss: 0.68657
[  1,  8051] loss: 0.69414
[  1,  8101] loss: 0.69346
[  1,  8151] loss: 0.69947
[  1,  8201] loss: 0.68273
[  1,  8251] loss: 0.69183
[  1,  8301] loss: 0.68838
[  1,  8351] loss: 0.70072
[  1,  8401] loss: 0.65857
[  1,  8451] loss: 0.69710
[  1,  8501] loss: 0.68742
[  1,  8551] loss: 0.68391
[  1,  8601] loss: 0.69397
[  1,  8651] loss: 0.66864
[  1,  8701] loss: 0.70143
[  1,  8751] loss: 0.70464
[  1,  8801] loss: 0.67174
[  1,  8851] loss: 0.68577
[  1,  8901] loss: 0.69241
[  1,  8951] loss: 0.70824
[  1,  9001] loss: 0.71705
[  1,  9051] loss: 0.72436
[  1,  9101] loss: 0.71058
[  1,  9151] loss: 0.69670
[  1,  9201] loss: 0.69074
[  1,  9251] loss: 0.66045
[  1,  9301] loss: 0.68182
[  1,  9351] loss: 0.72001
[  1,  9401] loss: 0.67700
[  1,  9451] loss: 0.70086
[  1,  9501] loss: 0.68876
[  1,  9551] loss: 0.69864
[  1,  9601] loss: 0.69814
[  1,  9651] loss: 0.68036
[  1,  9701] loss: 0.69177
[  1,  9751] loss: 0.69432
[  1,  9801] loss: 0.69060
[  1,  9851] loss: 0.69811
[  1,  9901] loss: 0.69911
[  1,  9951] loss: 0.71599
[  1, 10001] loss: 0.69971
[  1, 10051] loss: 0.68430
[  1, 10101] loss: 0.68644
[  1, 10151] loss: 0.67418
[  1, 10201] loss: 0.68226
[  1, 10251] loss: 0.68727
[  1, 10301] loss: 0.70483
[  1, 10351] loss: 0.70992
[  1, 10401] loss: 0.69111
[  1, 10451] loss: 0.72971
[  1, 10501] loss: 0.68920
[  1, 10551] loss: 0.71731
[  1, 10601] loss: 0.69549
[  1, 10651] loss: 0.70046
[  1, 10701] loss: 0.68436
[  1, 10751] loss: 0.67499
[  1, 10801] loss: 0.67399
[  1, 10851] loss: 0.69649
[  1, 10901] loss: 0.72760
[  1, 10951] loss: 0.68609
[  1, 11001] loss: 0.67561
[  1, 11051] loss: 0.70244
[  1, 11101] loss: 0.67859
[  1, 11151] loss: 0.67320
[  1, 11201] loss: 0.66622
[  1, 11251] loss: 0.66418
[  1, 11301] loss: 0.70718
[  1, 11351] loss: 0.73926
[  1, 11401] loss: 0.68954
[  1, 11451] loss: 0.68757
[  1, 11501] loss: 0.67904
[  1, 11551] loss: 0.70367
[  1, 11601] loss: 0.68326
[  1, 11651] loss: 0.71395
[  1, 11701] loss: 0.67139
[  1, 11751] loss: 0.72132
[  1, 11801] loss: 0.68067
[  1, 11851] loss: 0.67148
[  1, 11901] loss: 0.67332
[  1, 11951] loss: 0.67221
[  1, 12001] loss: 0.68470
[  1, 12051] loss: 0.69694
[  1, 12101] loss: 0.70048
[  1, 12151] loss: 0.68040
[  1, 12201] loss: 0.67582
[  1, 12251] loss: 0.69206
[  1, 12301] loss: 0.67969
[  1, 12351] loss: 0.73263
[  1, 12401] loss: 0.69852
[  1, 12451] loss: 0.68602
[  1, 12501] loss: 0.71106
[  1, 12551] loss: 0.67442
[  1, 12601] loss: 0.69594
[  1, 12651] loss: 0.67626
[  1, 12701] loss: 0.67532
[  1, 12751] loss: 0.70375
[  1, 12801] loss: 0.70258
[  1, 12851] loss: 0.68097
[  1, 12901] loss: 0.69915
[  1, 12951] loss: 0.68754
[  1, 13001] loss: 0.71221
[  1, 13051] loss: 0.70766
[  1, 13101] loss: 0.70891
[  1, 13151] loss: 0.68307
[  1, 13201] loss: 0.69183
[  1, 13251] loss: 0.69666
[  1, 13301] loss: 0.67881
[  1, 13351] loss: 0.70184
[  1, 13401] loss: 0.68788
[  1, 13451] loss: 0.70403
[  1, 13501] loss: 0.69974
[  1, 13551] loss: 0.70802
[  1, 13601] loss: 0.68503
[  1, 13651] loss: 0.69292
[  1, 13701] loss: 0.69200
[  1, 13751] loss: 0.67186
[  1, 13801] loss: 0.67655
[  1, 13851] loss: 0.66865
[  1, 13901] loss: 0.71517
[  1, 13951] loss: 0.68752
[  1, 14001] loss: 0.73510
[  1, 14051] loss: 0.67763
[  1, 14101] loss: 0.72155
[  1, 14151] loss: 0.68643
[  1, 14201] loss: 0.69612
[  1, 14251] loss: 0.67117
[  1, 14301] loss: 0.67790
[  1, 14351] loss: 0.67465
[  1, 14401] loss: 0.70764
[  1, 14451] loss: 0.69152
[  1, 14501] loss: 0.68076
[  1, 14551] loss: 0.69416
[  1, 14601] loss: 0.67058
[  1, 14651] loss: 0.70083
[  1, 14701] loss: 0.70261
[  1, 14751] loss: 0.66476
[  1, 14801] loss: 0.68513
[  1, 14851] loss: 0.71410
[  1, 14901] loss: 0.68478
[  1, 14951] loss: 0.69353
[  1, 15001] loss: 0.70808
[  1, 15051] loss: 0.66635
[  1, 15101] loss: 0.68140
[  1, 15151] loss: 0.67890
[  1, 15201] loss: 0.67659
[  1, 15251] loss: 0.71874
[  1, 15301] loss: 0.69257
[  1, 15351] loss: 0.66745
[  1, 15401] loss: 0.68721
[  1, 15451] loss: 0.76113
[  1, 15501] loss: 0.69352
[  1, 15551] loss: 0.68759
[  1, 15601] loss: 0.69499
[  1, 15651] loss: 0.68780
[  1, 15701] loss: 0.71082
[  1, 15751] loss: 0.68390
[  1, 15801] loss: 0.69477
[  1, 15851] loss: 0.68549
[  1, 15901] loss: 0.71503
[  1, 15951] loss: 0.69714
[  1, 16001] loss: 0.68427
[  1, 16051] loss: 0.70943
[  1, 16101] loss: 0.69311
[  1, 16151] loss: 0.66580
[  1, 16201] loss: 0.70531
[  1, 16251] loss: 0.70454
[  1, 16301] loss: 0.68149
[  1, 16351] loss: 0.72879
[  1, 16401] loss: 0.70145
[  1, 16451] loss: 0.70114
[  1, 16501] loss: 0.67249
[  1, 16551] loss: 0.71867
[  1, 16601] loss: 0.69541
[  1, 16651] loss: 0.69416
[  1, 16701] loss: 0.68459
[  1, 16751] loss: 0.68508
[  1, 16801] loss: 0.72071
[  1, 16851] loss: 0.68572
[  1, 16901] loss: 0.69199
[  1, 16951] loss: 0.69145
[  1, 17001] loss: 0.70933
[  1, 17051] loss: 0.72053
[  1, 17101] loss: 0.71775
[  1, 17151] loss: 0.71812
[  1, 17201] loss: 0.71247
[  1, 17251] loss: 0.69683
[  1, 17301] loss: 0.70841
[  1, 17351] loss: 0.71189
[  1, 17401] loss: 0.64713
[  1, 17451] loss: 0.68397
[  1, 17501] loss: 0.67929
[  1, 17551] loss: 0.71017
[  1, 17601] loss: 0.69994
[  1, 17651] loss: 0.68082
[  1, 17701] loss: 0.66564
[  1, 17751] loss: 0.70374
[  1, 17801] loss: 0.67282
[  1, 17851] loss: 0.70338
[  1, 17901] loss: 0.66936
[  1, 17951] loss: 0.69548
[  1, 18001] loss: 0.69672
[  1, 18051] loss: 0.68488
[  1, 18101] loss: 0.67819
[  1, 18151] loss: 0.69835
[  1, 18201] loss: 0.69018
[  1, 18251] loss: 0.70746
[  1, 18301] loss: 0.73131
[  1, 18351] loss: 0.65782
[  1, 18401] loss: 0.68414
[  1, 18451] loss: 0.68800
[  1, 18501] loss: 0.65535
[  1, 18551] loss: 0.67729
[  1, 18601] loss: 0.67221
[  1, 18651] loss: 0.70435
[  1, 18701] loss: 0.68615
[  1, 18751] loss: 0.68164
[  1, 18801] loss: 0.70744
[  1, 18851] loss: 0.72820
[  1, 18901] loss: 0.69582
[  1, 18951] loss: 0.66553
[  1, 19001] loss: 0.70198
[  1, 19051] loss: 0.67816
[  1, 19101] loss: 0.70540
[  1, 19151] loss: 0.72075
[  1, 19201] loss: 0.68536
[  1, 19251] loss: 0.68804
[  1, 19301] loss: 0.69558
[  1, 19351] loss: 0.69903
[  1, 19401] loss: 0.69975
[  1, 19451] loss: 0.71854
[  1, 19501] loss: 0.68812
[  1, 19551] loss: 0.68589
[  1, 19601] loss: 0.69021
[  1, 19651] loss: 0.70240
[  1, 19701] loss: 0.67519
[  1, 19751] loss: 0.68703
[  1, 19801] loss: 0.68401
[  1, 19851] loss: 0.65335
[  1, 19901] loss: 0.72738
[  1, 19951] loss: 0.67260
[  1, 20001] loss: 0.69318
[  1, 20051] loss: 0.69122
[  1, 20101] loss: 0.69985
[  1, 20151] loss: 0.68737
[  1, 20201] loss: 0.66841
[  1, 20251] loss: 0.70905
[  1, 20301] loss: 0.69560
[  1, 20351] loss: 0.68805
[  1, 20401] loss: 0.70003
[  1, 20451] loss: 0.68441
[  1, 20501] loss: 0.69350
[  1, 20551] loss: 0.68561
[  1, 20601] loss: 0.68217
[  1, 20651] loss: 0.67311
[  1, 20701] loss: 0.71570
[  1, 20751] loss: 0.69546
[  1, 20801] loss: 0.69187
[  1, 20851] loss: 0.69703
[  1, 20901] loss: 0.72741
[  1, 20951] loss: 0.67444
[  1, 21001] loss: 0.70228
[  1, 21051] loss: 0.70052
[  1, 21101] loss: 0.67915
[  1, 21151] loss: 0.71894
[  1, 21201] loss: 0.67105
[  1, 21251] loss: 0.67941
[  1, 21301] loss: 0.65820
[  1, 21351] loss: 0.65128
[  1, 21401] loss: 0.67580
[  1, 21451] loss: 0.71171
[  1, 21501] loss: 0.70187
[  1, 21551] loss: 0.70581
[  1, 21601] loss: 0.69516
[  1, 21651] loss: 0.70310
[  1, 21701] loss: 0.69929
[  1, 21751] loss: 0.68704
[  1, 21801] loss: 0.70531
[  1, 21851] loss: 0.70054
[  1, 21901] loss: 0.70917
[  1, 21951] loss: 0.70723
[  1, 22001] loss: 0.71581
[  1, 22051] loss: 0.67645
[  1, 22101] loss: 0.69864
[  1, 22151] loss: 0.68866
[  1, 22201] loss: 0.69723
[  1, 22251] loss: 0.68841
[  1, 22301] loss: 0.69869
[  1, 22351] loss: 0.67405
[  1, 22401] loss: 0.67979
[  1, 22451] loss: 0.68635
[  1, 22501] loss: 0.69018
[  1, 22551] loss: 0.68225
[  1, 22601] loss: 0.69338
[  1, 22651] loss: 0.71193
[  1, 22701] loss: 0.71117
[  1, 22751] loss: 0.69593
[  1, 22801] loss: 0.67910
[  1, 22851] loss: 0.69434
[  1, 22901] loss: 0.68421
[  1, 22951] loss: 0.66728
[  1, 23001] loss: 0.69747
[  1, 23051] loss: 0.70578
[  1, 23101] loss: 0.68615
[  1, 23151] loss: 0.68108
[  1, 23201] loss: 0.67645
[  1, 23251] loss: 0.69469
[  1, 23301] loss: 0.66575
[  1, 23351] loss: 0.71314
[  1, 23401] loss: 0.71860
[  1, 23451] loss: 0.68450
[  1, 23501] loss: 0.69634
[  1, 23551] loss: 0.71060
[  1, 23601] loss: 0.67553
[  1, 23651] loss: 0.70024
[  1, 23701] loss: 0.68468
[  1, 23751] loss: 0.71494
[  1, 23801] loss: 0.68508
[  1, 23851] loss: 0.65865
[  1, 23901] loss: 0.68958
[  1, 23951] loss: 0.69131
[  1, 24001] loss: 0.66710
[  1, 24051] loss: 0.66374
[  1, 24101] loss: 0.70767
[  1, 24151] loss: 0.69173
[  1, 24201] loss: 0.68506
[  1, 24251] loss: 0.70393
[  1, 24301] loss: 0.68198
[  1, 24351] loss: 0.67983
[  1, 24401] loss: 0.68650
[  1, 24451] loss: 0.67606
[  1, 24501] loss: 0.68750
[  1, 24551] loss: 0.68237
[  1, 24601] loss: 0.68686
[  1, 24651] loss: 0.68936
[  1, 24701] loss: 0.66158
[  1, 24751] loss: 0.71497
[  1, 24801] loss: 0.66613
[  1, 24851] loss: 0.69567
[  1, 24901] loss: 0.68562
[  1, 24951] loss: 0.70512
[  2,     1] loss: 0.68722
[  2,    51] loss: 0.64272
[  2,   101] loss: 0.69866
[  2,   151] loss: 0.67869
[  2,   201] loss: 0.68285
[  2,   251] loss: 0.66571
[  2,   301] loss: 0.67695
[  2,   351] loss: 0.67901
[  2,   401] loss: 0.69043
[  2,   451] loss: 0.67685
[  2,   501] loss: 0.68536
[  2,   551] loss: 0.68596
[  2,   601] loss: 0.68401
[  2,   651] loss: 0.67232
[  2,   701] loss: 0.67086
[  2,   751] loss: 0.67454
[  2,   801] loss: 0.70006
[  2,   851] loss: 0.67849
[  2,   901] loss: 0.67399
[  2,   951] loss: 0.64762
[  2,  1001] loss: 0.68810
[  2,  1051] loss: 0.67282
[  2,  1101] loss: 0.67963
[  2,  1151] loss: 0.66014
[  2,  1201] loss: 0.67274
[  2,  1251] loss: 0.68528
[  2,  1301] loss: 0.66354
[  2,  1351] loss: 0.67435
[  2,  1401] loss: 0.67691
[  2,  1451] loss: 0.66882
[  2,  1501] loss: 0.69463
[  2,  1551] loss: 0.64154
[  2,  1601] loss: 0.71547
[  2,  1651] loss: 0.68687
[  2,  1701] loss: 0.67674
[  2,  1751] loss: 0.70856
[  2,  1801] loss: 0.70373
[  2,  1851] loss: 0.69801
[  2,  1901] loss: 0.65728
[  2,  1951] loss: 0.70189
[  2,  2001] loss: 0.68864
[  2,  2051] loss: 0.65323
[  2,  2101] loss: 0.69372
[  2,  2151] loss: 0.69168
[  2,  2201] loss: 0.67588
[  2,  2251] loss: 0.67815
[  2,  2301] loss: 0.66778
[  2,  2351] loss: 0.70254
[  2,  2401] loss: 0.66788
[  2,  2451] loss: 0.66594
[  2,  2501] loss: 0.68893
[  2,  2551] loss: 0.66509
[  2,  2601] loss: 0.68705
[  2,  2651] loss: 0.67755
[  2,  2701] loss: 0.65746
[  2,  2751] loss: 0.74233
[  2,  2801] loss: 0.68508
[  2,  2851] loss: 0.67872
[  2,  2901] loss: 0.67642
[  2,  2951] loss: 0.69177
[  2,  3001] loss: 0.68473
[  2,  3051] loss: 0.67102
[  2,  3101] loss: 0.68133
[  2,  3151] loss: 0.66170
[  2,  3201] loss: 0.69768
[  2,  3251] loss: 0.67728
[  2,  3301] loss: 0.69676
[  2,  3351] loss: 0.70223
[  2,  3401] loss: 0.68379
[  2,  3451] loss: 0.66457
[  2,  3501] loss: 0.70648
[  2,  3551] loss: 0.69844
[  2,  3601] loss: 0.65601
[  2,  3651] loss: 0.68640
[  2,  3701] loss: 0.64449
[  2,  3751] loss: 0.69008
[  2,  3801] loss: 0.66998
[  2,  3851] loss: 0.68282
[  2,  3901] loss: 0.70928
[  2,  3951] loss: 0.74824
[  2,  4001] loss: 0.67398
[  2,  4051] loss: 0.69768
[  2,  4101] loss: 0.66958
[  2,  4151] loss: 0.69933
[  2,  4201] loss: 0.66084
[  2,  4251] loss: 0.70139
[  2,  4301] loss: 0.65942
[  2,  4351] loss: 0.66891
[  2,  4401] loss: 0.64785
[  2,  4451] loss: 0.68119
[  2,  4501] loss: 0.66870
[  2,  4551] loss: 0.68767
[  2,  4601] loss: 0.65562
[  2,  4651] loss: 0.67569
[  2,  4701] loss: 0.69789
[  2,  4751] loss: 0.69533
[  2,  4801] loss: 0.67977
[  2,  4851] loss: 0.66996
[  2,  4901] loss: 0.69054
[  2,  4951] loss: 0.64677
[  2,  5001] loss: 0.68831
[  2,  5051] loss: 0.69402
[  2,  5101] loss: 0.67847
[  2,  5151] loss: 0.68115
[  2,  5201] loss: 0.69645
[  2,  5251] loss: 0.68512
[  2,  5301] loss: 0.70025
[  2,  5351] loss: 0.67480
[  2,  5401] loss: 0.70137
[  2,  5451] loss: 0.67394
[  2,  5501] loss: 0.67609
[  2,  5551] loss: 0.70233
[  2,  5601] loss: 0.67595
[  2,  5651] loss: 0.69897
[  2,  5701] loss: 0.67079
[  2,  5751] loss: 0.66184
[  2,  5801] loss: 0.69291
[  2,  5851] loss: 0.67846
[  2,  5901] loss: 0.69245
[  2,  5951] loss: 0.70021
[  2,  6001] loss: 0.66594
[  2,  6051] loss: 0.70504
[  2,  6101] loss: 0.67597
[  2,  6151] loss: 0.72073
[  2,  6201] loss: 0.66305
[  2,  6251] loss: 0.67905
[  2,  6301] loss: 0.68396
[  2,  6351] loss: 0.66442
[  2,  6401] loss: 0.67472
[  2,  6451] loss: 0.69385
[  2,  6501] loss: 0.67248
[  2,  6551] loss: 0.70152
[  2,  6601] loss: 0.69730
[  2,  6651] loss: 0.69348
[  2,  6701] loss: 0.66271
[  2,  6751] loss: 0.68720
[  2,  6801] loss: 0.67596
[  2,  6851] loss: 0.70654
[  2,  6901] loss: 0.64315
[  2,  6951] loss: 0.72943
[  2,  7001] loss: 0.70061
[  2,  7051] loss: 0.68048
[  2,  7101] loss: 0.68790
[  2,  7151] loss: 0.68797
[  2,  7201] loss: 0.65510
[  2,  7251] loss: 0.68771
[  2,  7301] loss: 0.67193
[  2,  7351] loss: 0.66318
[  2,  7401] loss: 0.66793
[  2,  7451] loss: 0.68298
[  2,  7501] loss: 0.66701
[  2,  7551] loss: 0.66296
[  2,  7601] loss: 0.68111
[  2,  7651] loss: 0.70823
[  2,  7701] loss: 0.67747
[  2,  7751] loss: 0.69137
[  2,  7801] loss: 0.68071
[  2,  7851] loss: 0.68770
[  2,  7901] loss: 0.66067
[  2,  7951] loss: 0.69047
[  2,  8001] loss: 0.66478
[  2,  8051] loss: 0.67857
[  2,  8101] loss: 0.67236
[  2,  8151] loss: 0.68301
[  2,  8201] loss: 0.67172
[  2,  8251] loss: 0.67713
[  2,  8301] loss: 0.65977
[  2,  8351] loss: 0.67771
[  2,  8401] loss: 0.63157
[  2,  8451] loss: 0.68537
[  2,  8501] loss: 0.66468
[  2,  8551] loss: 0.66758
[  2,  8601] loss: 0.67109
[  2,  8651] loss: 0.65347
[  2,  8701] loss: 0.68968
[  2,  8751] loss: 0.68646
[  2,  8801] loss: 0.65031
[  2,  8851] loss: 0.65966
[  2,  8901] loss: 0.66740
[  2,  8951] loss: 0.69116
[  2,  9001] loss: 0.69810
[  2,  9051] loss: 0.71196
[  2,  9101] loss: 0.69421
[  2,  9151] loss: 0.69006
[  2,  9201] loss: 0.67667
[  2,  9251] loss: 0.64017
[  2,  9301] loss: 0.66047
[  2,  9351] loss: 0.70851
[  2,  9401] loss: 0.66703
[  2,  9451] loss: 0.68824
[  2,  9501] loss: 0.68609
[  2,  9551] loss: 0.67260
[  2,  9601] loss: 0.68543
[  2,  9651] loss: 0.65973
[  2,  9701] loss: 0.67415
[  2,  9751] loss: 0.67195
[  2,  9801] loss: 0.68148
[  2,  9851] loss: 0.68903
[  2,  9901] loss: 0.68152
[  2,  9951] loss: 0.69722
[  2, 10001] loss: 0.69451
[  2, 10051] loss: 0.66349
[  2, 10101] loss: 0.66839
[  2, 10151] loss: 0.65910
[  2, 10201] loss: 0.67129
[  2, 10251] loss: 0.67561
[  2, 10301] loss: 0.69835
[  2, 10351] loss: 0.69228
[  2, 10401] loss: 0.67623
[  2, 10451] loss: 0.70871
[  2, 10501] loss: 0.68279
[  2, 10551] loss: 0.69048
[  2, 10601] loss: 0.67876
[  2, 10651] loss: 0.68243
[  2, 10701] loss: 0.67592
[  2, 10751] loss: 0.65234
[  2, 10801] loss: 0.65734
[  2, 10851] loss: 0.67481
[  2, 10901] loss: 0.71888
[  2, 10951] loss: 0.66679
[  2, 11001] loss: 0.65287
[  2, 11051] loss: 0.69311
[  2, 11101] loss: 0.66697
[  2, 11151] loss: 0.65088
[  2, 11201] loss: 0.65243
[  2, 11251] loss: 0.64439
[  2, 11301] loss: 0.69160
[  2, 11351] loss: 0.72259
[  2, 11401] loss: 0.67456
[  2, 11451] loss: 0.67851
[  2, 11501] loss: 0.67213
[  2, 11551] loss: 0.68455
[  2, 11601] loss: 0.66845
[  2, 11651] loss: 0.69361
[  2, 11701] loss: 0.65370
[  2, 11751] loss: 0.70866
[  2, 11801] loss: 0.65962
[  2, 11851] loss: 0.64239
[  2, 11901] loss: 0.65228
[  2, 11951] loss: 0.65964
[  2, 12001] loss: 0.67094
[  2, 12051] loss: 0.67522
[  2, 12101] loss: 0.69251
[  2, 12151] loss: 0.65554
[  2, 12201] loss: 0.66933
[  2, 12251] loss: 0.66902
[  2, 12301] loss: 0.67908
[  2, 12351] loss: 0.70794
[  2, 12401] loss: 0.68460
[  2, 12451] loss: 0.66529
[  2, 12501] loss: 0.70028
[  2, 12551] loss: 0.66017
[  2, 12601] loss: 0.67492
[  2, 12651] loss: 0.64961
[  2, 12701] loss: 0.65028
[  2, 12751] loss: 0.69908
[  2, 12801] loss: 0.69040
[  2, 12851] loss: 0.66883
[  2, 12901] loss: 0.68143
[  2, 12951] loss: 0.67614
[  2, 13001] loss: 0.70014
[  2, 13051] loss: 0.69800
[  2, 13101] loss: 0.68566
[  2, 13151] loss: 0.65971
[  2, 13201] loss: 0.68051
[  2, 13251] loss: 0.66663
[  2, 13301] loss: 0.66821
[  2, 13351] loss: 0.67958
[  2, 13401] loss: 0.67062
[  2, 13451] loss: 0.68230
[  2, 13501] loss: 0.68591
[  2, 13551] loss: 0.68389
[  2, 13601] loss: 0.65880
[  2, 13651] loss: 0.67086
[  2, 13701] loss: 0.68200
[  2, 13751] loss: 0.65164
[  2, 13801] loss: 0.65949
[  2, 13851] loss: 0.65688
[  2, 13901] loss: 0.69774
[  2, 13951] loss: 0.66424
[  2, 14001] loss: 0.71749
[  2, 14051] loss: 0.67254
[  2, 14101] loss: 0.69529
[  2, 14151] loss: 0.67191
[  2, 14201] loss: 0.68615
[  2, 14251] loss: 0.66485
[  2, 14301] loss: 0.66386
[  2, 14351] loss: 0.66098
[  2, 14401] loss: 0.68933
[  2, 14451] loss: 0.68665
[  2, 14501] loss: 0.66551
[  2, 14551] loss: 0.69524
[  2, 14601] loss: 0.65388
[  2, 14651] loss: 0.68638
[  2, 14701] loss: 0.68880
[  2, 14751] loss: 0.64322
[  2, 14801] loss: 0.67202
[  2, 14851] loss: 0.71426
[  2, 14901] loss: 0.67129
[  2, 14951] loss: 0.67328
[  2, 15001] loss: 0.68884
[  2, 15051] loss: 0.65092
[  2, 15101] loss: 0.66915
[  2, 15151] loss: 0.65650
[  2, 15201] loss: 0.65711
[  2, 15251] loss: 0.71274
[  2, 15301] loss: 0.68381
[  2, 15351] loss: 0.64992
[  2, 15401] loss: 0.66475
[  2, 15451] loss: 0.73537
[  2, 15501] loss: 0.67923
[  2, 15551] loss: 0.68922
[  2, 15601] loss: 0.67606
[  2, 15651] loss: 0.66677
[  2, 15701] loss: 0.69993
[  2, 15751] loss: 0.66654
[  2, 15801] loss: 0.67716
[  2, 15851] loss: 0.66190
[  2, 15901] loss: 0.68996
[  2, 15951] loss: 0.68663
[  2, 16001] loss: 0.67902
[  2, 16051] loss: 0.69479
[  2, 16101] loss: 0.67249
[  2, 16151] loss: 0.64653
[  2, 16201] loss: 0.69423
[  2, 16251] loss: 0.69003
[  2, 16301] loss: 0.66436
[  2, 16351] loss: 0.70846
[  2, 16401] loss: 0.69390
[  2, 16451] loss: 0.68015
[  2, 16501] loss: 0.65024
[  2, 16551] loss: 0.70063
[  2, 16601] loss: 0.67542
[  2, 16651] loss: 0.67790
[  2, 16701] loss: 0.67139
[  2, 16751] loss: 0.66255
[  2, 16801] loss: 0.70919
[  2, 16851] loss: 0.66046
[  2, 16901] loss: 0.67979
[  2, 16951] loss: 0.67581
[  2, 17001] loss: 0.70153
[  2, 17051] loss: 0.71086
[  2, 17101] loss: 0.69890
[  2, 17151] loss: 0.71089
[  2, 17201] loss: 0.69541
[  2, 17251] loss: 0.67932
[  2, 17301] loss: 0.69178
[  2, 17351] loss: 0.69856
[  2, 17401] loss: 0.62852
[  2, 17451] loss: 0.66364
[  2, 17501] loss: 0.65594
[  2, 17551] loss: 0.68597
[  2, 17601] loss: 0.68472
[  2, 17651] loss: 0.66245
[  2, 17701] loss: 0.64336
[  2, 17751] loss: 0.67939
[  2, 17801] loss: 0.65340
[  2, 17851] loss: 0.67953
[  2, 17901] loss: 0.65397
[  2, 17951] loss: 0.68403
[  2, 18001] loss: 0.67449
[  2, 18051] loss: 0.67032
[  2, 18101] loss: 0.65363
[  2, 18151] loss: 0.68530
[  2, 18201] loss: 0.67949
[  2, 18251] loss: 0.68677
[  2, 18301] loss: 0.72256
[  2, 18351] loss: 0.63331
[  2, 18401] loss: 0.65572
[  2, 18451] loss: 0.66817
[  2, 18501] loss: 0.62768
[  2, 18551] loss: 0.66180
[  2, 18601] loss: 0.65859
[  2, 18651] loss: 0.68400
[  2, 18701] loss: 0.67770
[  2, 18751] loss: 0.66927
[  2, 18801] loss: 0.69125
[  2, 18851] loss: 0.71502
[  2, 18901] loss: 0.68575
[  2, 18951] loss: 0.64359
[  2, 19001] loss: 0.68751
[  2, 19051] loss: 0.65475
[  2, 19101] loss: 0.68933
[  2, 19151] loss: 0.70772
[  2, 19201] loss: 0.66712
[  2, 19251] loss: 0.67704
[  2, 19301] loss: 0.68908
[  2, 19351] loss: 0.68073
[  2, 19401] loss: 0.69812
[  2, 19451] loss: 0.69385
[  2, 19501] loss: 0.67807
[  2, 19551] loss: 0.68252
[  2, 19601] loss: 0.68128
[  2, 19651] loss: 0.69036
[  2, 19701] loss: 0.65069
[  2, 19751] loss: 0.67777
[  2, 19801] loss: 0.67215
[  2, 19851] loss: 0.63728
[  2, 19901] loss: 0.70131
[  2, 19951] loss: 0.64614
[  2, 20001] loss: 0.67749
[  2, 20051] loss: 0.67650
[  2, 20101] loss: 0.68433
[  2, 20151] loss: 0.67142
[  2, 20201] loss: 0.65693
[  2, 20251] loss: 0.69888
[  2, 20301] loss: 0.67512
[  2, 20351] loss: 0.67246
[  2, 20401] loss: 0.68235
[  2, 20451] loss: 0.66983
[  2, 20501] loss: 0.67490
[  2, 20551] loss: 0.67035
[  2, 20601] loss: 0.66264
[  2, 20651] loss: 0.65984
[  2, 20701] loss: 0.70189
[  2, 20751] loss: 0.67487
[  2, 20801] loss: 0.67303
[  2, 20851] loss: 0.68610
[  2, 20901] loss: 0.71775
[  2, 20951] loss: 0.65666
[  2, 21001] loss: 0.68194
[  2, 21051] loss: 0.69125
[  2, 21101] loss: 0.65318
[  2, 21151] loss: 0.70222
[  2, 21201] loss: 0.65879
[  2, 21251] loss: 0.66104
[  2, 21301] loss: 0.62767
[  2, 21351] loss: 0.64435
[  2, 21401] loss: 0.65789
[  2, 21451] loss: 0.68723
[  2, 21501] loss: 0.68862
[  2, 21551] loss: 0.70374
[  2, 21601] loss: 0.67287
[  2, 21651] loss: 0.69050
[  2, 21701] loss: 0.66849
[  2, 21751] loss: 0.67307
[  2, 21801] loss: 0.69086
[  2, 21851] loss: 0.68213
[  2, 21901] loss: 0.68577
[  2, 21951] loss: 0.70041
[  2, 22001] loss: 0.69168
[  2, 22051] loss: 0.65801
[  2, 22101] loss: 0.67617
[  2, 22151] loss: 0.66777
[  2, 22201] loss: 0.67907
[  2, 22251] loss: 0.67089
[  2, 22301] loss: 0.68172
[  2, 22351] loss: 0.67533
[  2, 22401] loss: 0.65723
[  2, 22451] loss: 0.65412
[  2, 22501] loss: 0.67773
[  2, 22551] loss: 0.66593
[  2, 22601] loss: 0.67587
[  2, 22651] loss: 0.69212
[  2, 22701] loss: 0.69577
[  2, 22751] loss: 0.69110
[  2, 22801] loss: 0.65598
[  2, 22851] loss: 0.67548
[  2, 22901] loss: 0.66487
[  2, 22951] loss: 0.64335
[  2, 23001] loss: 0.68152
[  2, 23051] loss: 0.68844
[  2, 23101] loss: 0.67291
[  2, 23151] loss: 0.66041
[  2, 23201] loss: 0.66963
[  2, 23251] loss: 0.67994
[  2, 23301] loss: 0.65059
[  2, 23351] loss: 0.70110
[  2, 23401] loss: 0.70435
[  2, 23451] loss: 0.66981
[  2, 23501] loss: 0.68658
[  2, 23551] loss: 0.68680
[  2, 23601] loss: 0.65490
[  2, 23651] loss: 0.67986
[  2, 23701] loss: 0.66098
[  2, 23751] loss: 0.70611
[  2, 23801] loss: 0.66675
[  2, 23851] loss: 0.64808
[  2, 23901] loss: 0.67758
[  2, 23951] loss: 0.66363
[  2, 24001] loss: 0.63975
[  2, 24051] loss: 0.64941
[  2, 24101] loss: 0.68654
[  2, 24151] loss: 0.66874
[  2, 24201] loss: 0.67319
[  2, 24251] loss: 0.67903
[  2, 24301] loss: 0.65810
[  2, 24351] loss: 0.66781
[  2, 24401] loss: 0.67664
[  2, 24451] loss: 0.65375
[  2, 24501] loss: 0.67757
[  2, 24551] loss: 0.65861
[  2, 24601] loss: 0.67084
[  2, 24651] loss: 0.66968
[  2, 24701] loss: 0.63649
[  2, 24751] loss: 0.69268
[  2, 24801] loss: 0.65634
[  2, 24851] loss: 0.67457
[  2, 24901] loss: 0.66684
[  2, 24951] loss: 0.68360
[  3,     1] loss: 0.66654
[  3,    51] loss: 0.62109
[  3,   101] loss: 0.68265
[  3,   151] loss: 0.66241
[  3,   201] loss: 0.67451
[  3,   251] loss: 0.64017
[  3,   301] loss: 0.66478
[  3,   351] loss: 0.65456
[  3,   401] loss: 0.67609
[  3,   451] loss: 0.64744
[  3,   501] loss: 0.66860
[  3,   551] loss: 0.66617
[  3,   601] loss: 0.66741
[  3,   651] loss: 0.65384
[  3,   701] loss: 0.65668
[  3,   751] loss: 0.65960
[  3,   801] loss: 0.68425
[  3,   851] loss: 0.65874
[  3,   901] loss: 0.66196
[  3,   951] loss: 0.63137
[  3,  1001] loss: 0.68253
[  3,  1051] loss: 0.65164
[  3,  1101] loss: 0.65151
[  3,  1151] loss: 0.64645
[  3,  1201] loss: 0.64927
[  3,  1251] loss: 0.66193
[  3,  1301] loss: 0.65567
[  3,  1351] loss: 0.66317
[  3,  1401] loss: 0.64529
[  3,  1451] loss: 0.64173
[  3,  1501] loss: 0.67633
[  3,  1551] loss: 0.61630
[  3,  1601] loss: 0.70966
[  3,  1651] loss: 0.67547
[  3,  1701] loss: 0.65002
[  3,  1751] loss: 0.70173
[  3,  1801] loss: 0.68460
[  3,  1851] loss: 0.68553
[  3,  1901] loss: 0.64200
[  3,  1951] loss: 0.68111
[  3,  2001] loss: 0.66563
[  3,  2051] loss: 0.62797
[  3,  2101] loss: 0.68377
[  3,  2151] loss: 0.68453
[  3,  2201] loss: 0.66324
[  3,  2251] loss: 0.66140
[  3,  2301] loss: 0.65324
[  3,  2351] loss: 0.68743
[  3,  2401] loss: 0.65035
[  3,  2451] loss: 0.64560
[  3,  2501] loss: 0.67871
[  3,  2551] loss: 0.64437
[  3,  2601] loss: 0.66555
[  3,  2651] loss: 0.64380
[  3,  2701] loss: 0.63148
[  3,  2751] loss: 0.71084
[  3,  2801] loss: 0.67006
[  3,  2851] loss: 0.67122
[  3,  2901] loss: 0.64195
[  3,  2951] loss: 0.68919
[  3,  3001] loss: 0.67499
[  3,  3051] loss: 0.64596
[  3,  3101] loss: 0.66079
[  3,  3151] loss: 0.63637
[  3,  3201] loss: 0.68426
[  3,  3251] loss: 0.66164
[  3,  3301] loss: 0.68124
[  3,  3351] loss: 0.68638
[  3,  3401] loss: 0.66470
[  3,  3451] loss: 0.64012
[  3,  3501] loss: 0.69160
[  3,  3551] loss: 0.69488
[  3,  3601] loss: 0.64067
[  3,  3651] loss: 0.66658
[  3,  3701] loss: 0.62865
[  3,  3751] loss: 0.66780
[  3,  3801] loss: 0.64804
[  3,  3851] loss: 0.67494
[  3,  3901] loss: 0.70136
[  3,  3951] loss: 0.73900
[  3,  4001] loss: 0.66456
[  3,  4051] loss: 0.68854
[  3,  4101] loss: 0.65140
[  3,  4151] loss: 0.69610
[  3,  4201] loss: 0.64007
[  3,  4251] loss: 0.68215
[  3,  4301] loss: 0.63254
[  3,  4351] loss: 0.64444
[  3,  4401] loss: 0.62327
[  3,  4451] loss: 0.65562
[  3,  4501] loss: 0.63722
[  3,  4551] loss: 0.67801
[  3,  4601] loss: 0.62678
[  3,  4651] loss: 0.64753
[  3,  4701] loss: 0.69020
[  3,  4751] loss: 0.68297
[  3,  4801] loss: 0.66318
[  3,  4851] loss: 0.64464
[  3,  4901] loss: 0.67293
[  3,  4951] loss: 0.63476
[  3,  5001] loss: 0.66622
[  3,  5051] loss: 0.68801
[  3,  5101] loss: 0.66059
[  3,  5151] loss: 0.66933
[  3,  5201] loss: 0.69282
[  3,  5251] loss: 0.66340
[  3,  5301] loss: 0.67447
[  3,  5351] loss: 0.65932
[  3,  5401] loss: 0.67974
[  3,  5451] loss: 0.64123
[  3,  5501] loss: 0.65401
[  3,  5551] loss: 0.68590
[  3,  5601] loss: 0.65151
[  3,  5651] loss: 0.68065
[  3,  5701] loss: 0.64645
[  3,  5751] loss: 0.63291
[  3,  5801] loss: 0.67335
[  3,  5851] loss: 0.67213
[  3,  5901] loss: 0.68120
[  3,  5951] loss: 0.68551
[  3,  6001] loss: 0.65202
[  3,  6051] loss: 0.68663
[  3,  6101] loss: 0.66200
[  3,  6151] loss: 0.70436
[  3,  6201] loss: 0.64353
[  3,  6251] loss: 0.67072
[  3,  6301] loss: 0.66906
[  3,  6351] loss: 0.64386
[  3,  6401] loss: 0.66631
[  3,  6451] loss: 0.68248
[  3,  6501] loss: 0.66766
[  3,  6551] loss: 0.67152
[  3,  6601] loss: 0.69107
[  3,  6651] loss: 0.68555
[  3,  6701] loss: 0.63583
[  3,  6751] loss: 0.66056
[  3,  6801] loss: 0.66456
[  3,  6851] loss: 0.69759
[  3,  6901] loss: 0.61756
[  3,  6951] loss: 0.71435
[  3,  7001] loss: 0.68800
[  3,  7051] loss: 0.66375
[  3,  7101] loss: 0.65373
[  3,  7151] loss: 0.66858
[  3,  7201] loss: 0.62466
[  3,  7251] loss: 0.67694
[  3,  7301] loss: 0.65328
[  3,  7351] loss: 0.64680
[  3,  7401] loss: 0.64886
[  3,  7451] loss: 0.67202
[  3,  7501] loss: 0.64594
[  3,  7551] loss: 0.64634
[  3,  7601] loss: 0.67453
[  3,  7651] loss: 0.70862
[  3,  7701] loss: 0.66833
[  3,  7751] loss: 0.67852
[  3,  7801] loss: 0.66947
[  3,  7851] loss: 0.65388
[  3,  7901] loss: 0.63899
[  3,  7951] loss: 0.66784
[  3,  8001] loss: 0.63697
[  3,  8051] loss: 0.65770
[  3,  8101] loss: 0.65063
[  3,  8151] loss: 0.66609
[  3,  8201] loss: 0.66012
[  3,  8251] loss: 0.66345
[  3,  8301] loss: 0.62676
[  3,  8351] loss: 0.65314
[  3,  8401] loss: 0.59648
[  3,  8451] loss: 0.67211
[  3,  8501] loss: 0.64015
[  3,  8551] loss: 0.64763
[  3,  8601] loss: 0.64673
[  3,  8651] loss: 0.63858
[  3,  8701] loss: 0.68106
[  3,  8751] loss: 0.66524
[  3,  8801] loss: 0.62349
[  3,  8851] loss: 0.63643
[  3,  8901] loss: 0.63927
[  3,  8951] loss: 0.66891
[  3,  9001] loss: 0.67590
[  3,  9051] loss: 0.69793
[  3,  9101] loss: 0.67323
[  3,  9151] loss: 0.67935
[  3,  9201] loss: 0.66564
[  3,  9251] loss: 0.61661
[  3,  9301] loss: 0.63527
[  3,  9351] loss: 0.69446
[  3,  9401] loss: 0.65370
[  3,  9451] loss: 0.67328
[  3,  9501] loss: 0.67839
[  3,  9551] loss: 0.64055
[  3,  9601] loss: 0.66560
[  3,  9651] loss: 0.63700
[  3,  9701] loss: 0.65557
[  3,  9751] loss: 0.65063
[  3,  9801] loss: 0.67575
[  3,  9851] loss: 0.67437
[  3,  9901] loss: 0.65905
[  3,  9951] loss: 0.67345
[  3, 10001] loss: 0.68629
[  3, 10051] loss: 0.63906
[  3, 10101] loss: 0.63735
[  3, 10151] loss: 0.64108
[  3, 10201] loss: 0.66157
[  3, 10251] loss: 0.66316
[  3, 10301] loss: 0.69327
[  3, 10351] loss: 0.66918
[  3, 10401] loss: 0.66049
[  3, 10451] loss: 0.68450
[  3, 10501] loss: 0.67644
[  3, 10551] loss: 0.65962
[  3, 10601] loss: 0.65032
[  3, 10651] loss: 0.66217
[  3, 10701] loss: 0.66474
[  3, 10751] loss: 0.62413
[  3, 10801] loss: 0.63713
[  3, 10851] loss: 0.64831
[  3, 10901] loss: 0.71049
[  3, 10951] loss: 0.64211
[  3, 11001] loss: 0.62848
[  3, 11051] loss: 0.68111
[  3, 11101] loss: 0.65934
[  3, 11151] loss: 0.62062
[  3, 11201] loss: 0.63437
[  3, 11251] loss: 0.61955
[  3, 11301] loss: 0.67821
[  3, 11351] loss: 0.70849
[  3, 11401] loss: 0.65914
[  3, 11451] loss: 0.66845
[  3, 11501] loss: 0.66629
[  3, 11551] loss: 0.66440
[  3, 11601] loss: 0.64801
[  3, 11651] loss: 0.67179
[  3, 11701] loss: 0.62945
[  3, 11751] loss: 0.69482
[  3, 11801] loss: 0.63769
[  3, 11851] loss: 0.61478
[  3, 11901] loss: 0.62779
[  3, 11951] loss: 0.64332
[  3, 12001] loss: 0.65391
[  3, 12051] loss: 0.64861
[  3, 12101] loss: 0.68701
[  3, 12151] loss: 0.62882
[  3, 12201] loss: 0.66437
[  3, 12251] loss: 0.64170
[  3, 12301] loss: 0.67600
[  3, 12351] loss: 0.67688
[  3, 12401] loss: 0.66480
[  3, 12451] loss: 0.64127
[  3, 12501] loss: 0.68373
[  3, 12551] loss: 0.64713
[  3, 12601] loss: 0.65270
[  3, 12651] loss: 0.61706
[  3, 12701] loss: 0.61605
[  3, 12751] loss: 0.69320
[  3, 12801] loss: 0.66579
[  3, 12851] loss: 0.65373
[  3, 12901] loss: 0.66022
[  3, 12951] loss: 0.66785
[  3, 13001] loss: 0.68440
[  3, 13051] loss: 0.68853
[  3, 13101] loss: 0.65709
[  3, 13151] loss: 0.63036
[  3, 13201] loss: 0.66847
[  3, 13251] loss: 0.62878
[  3, 13301] loss: 0.65454
[  3, 13351] loss: 0.65390
[  3, 13401] loss: 0.65472
[  3, 13451] loss: 0.65993
[  3, 13501] loss: 0.67108
[  3, 13551] loss: 0.65984
[  3, 13601] loss: 0.63027
[  3, 13651] loss: 0.63461
[  3, 13701] loss: 0.66572
[  3, 13751] loss: 0.63160
[  3, 13801] loss: 0.64435
[  3, 13851] loss: 0.64706
[  3, 13901] loss: 0.67955
[  3, 13951] loss: 0.63861
[  3, 14001] loss: 0.69744
[  3, 14051] loss: 0.66399
[  3, 14101] loss: 0.66577
[  3, 14151] loss: 0.65815
[  3, 14201] loss: 0.68092
[  3, 14251] loss: 0.65502
[  3, 14301] loss: 0.64929
[  3, 14351] loss: 0.64104
[  3, 14401] loss: 0.66500
[  3, 14451] loss: 0.68151
[  3, 14501] loss: 0.64546
[  3, 14551] loss: 0.69924
[  3, 14601] loss: 0.63359
[  3, 14651] loss: 0.66553
[  3, 14701] loss: 0.67444
[  3, 14751] loss: 0.61896
[  3, 14801] loss: 0.64875
[  3, 14851] loss: 0.71058
[  3, 14901] loss: 0.66056
[  3, 14951] loss: 0.65914
[  3, 15001] loss: 0.66344
[  3, 15051] loss: 0.63784
[  3, 15101] loss: 0.65144
[  3, 15151] loss: 0.62782
[  3, 15201] loss: 0.63959
[  3, 15251] loss: 0.70568
[  3, 15301] loss: 0.67673
[  3, 15351] loss: 0.62887
[  3, 15401] loss: 0.63783
[  3, 15451] loss: 0.70613
[  3, 15501] loss: 0.66813
[  3, 15551] loss: 0.69383
[  3, 15601] loss: 0.64361
[  3, 15651] loss: 0.64513
[  3, 15701] loss: 0.68923
[  3, 15751] loss: 0.64919
[  3, 15801] loss: 0.65455
[  3, 15851] loss: 0.63690
[  3, 15901] loss: 0.66280
[  3, 15951] loss: 0.67819
[  3, 16001] loss: 0.67620
[  3, 16051] loss: 0.68144
[  3, 16101] loss: 0.65124
[  3, 16151] loss: 0.62429
[  3, 16201] loss: 0.67971
[  3, 16251] loss: 0.67267
[  3, 16301] loss: 0.64266
[  3, 16351] loss: 0.68429
[  3, 16401] loss: 0.68497
[  3, 16451] loss: 0.65198
[  3, 16501] loss: 0.62207
[  3, 16551] loss: 0.67603
[  3, 16601] loss: 0.65138
[  3, 16651] loss: 0.66553
[  3, 16701] loss: 0.65946
[  3, 16751] loss: 0.63620
[  3, 16801] loss: 0.70138
[  3, 16851] loss: 0.62289
[  3, 16901] loss: 0.67178
[  3, 16951] loss: 0.65549
[  3, 17001] loss: 0.69689
[  3, 17051] loss: 0.69765
[  3, 17101] loss: 0.67531
[  3, 17151] loss: 0.69502
[  3, 17201] loss: 0.67573
[  3, 17251] loss: 0.66328
[  3, 17301] loss: 0.67098
[  3, 17351] loss: 0.68801
[  3, 17401] loss: 0.60837
[  3, 17451] loss: 0.64650
[  3, 17501] loss: 0.62285
[  3, 17551] loss: 0.65954
[  3, 17601] loss: 0.66896
[  3, 17651] loss: 0.64456
[  3, 17701] loss: 0.61253
[  3, 17751] loss: 0.64734
[  3, 17801] loss: 0.63291
[  3, 17851] loss: 0.65011
[  3, 17901] loss: 0.64108
[  3, 17951] loss: 0.67050
[  3, 18001] loss: 0.64515
[  3, 18051] loss: 0.65464
[  3, 18101] loss: 0.63313
[  3, 18151] loss: 0.66730
[  3, 18201] loss: 0.66499
[  3, 18251] loss: 0.66310
[  3, 18301] loss: 0.71936
[  3, 18351] loss: 0.60491
[  3, 18401] loss: 0.61741
[  3, 18451] loss: 0.64920
[  3, 18501] loss: 0.59300
[  3, 18551] loss: 0.64256
[  3, 18601] loss: 0.64783
[  3, 18651] loss: 0.65769
[  3, 18701] loss: 0.66609
[  3, 18751] loss: 0.66149
[  3, 18801] loss: 0.67568
[  3, 18851] loss: 0.69782
[  3, 18901] loss: 0.67720
[  3, 18951] loss: 0.62015
[  3, 19001] loss: 0.67203
[  3, 19051] loss: 0.62781
[  3, 19101] loss: 0.67365
[  3, 19151] loss: 0.69664
[  3, 19201] loss: 0.64749
[  3, 19251] loss: 0.66372
[  3, 19301] loss: 0.68026
[  3, 19351] loss: 0.65252
[  3, 19401] loss: 0.69723
[  3, 19451] loss: 0.66981
[  3, 19501] loss: 0.66822
[  3, 19551] loss: 0.67812
[  3, 19601] loss: 0.66887
[  3, 19651] loss: 0.67394
[  3, 19701] loss: 0.62220
[  3, 19751] loss: 0.66253
[  3, 19801] loss: 0.65728
[  3, 19851] loss: 0.61588
[  3, 19901] loss: 0.68181
[  3, 19951] loss: 0.61417
[  3, 20001] loss: 0.66368
[  3, 20051] loss: 0.66250
[  3, 20101] loss: 0.66765
[  3, 20151] loss: 0.65213
[  3, 20201] loss: 0.63997
[  3, 20251] loss: 0.68784
[  3, 20301] loss: 0.65321
[  3, 20351] loss: 0.65934
[  3, 20401] loss: 0.65783
[  3, 20451] loss: 0.65725
[  3, 20501] loss: 0.65285
[  3, 20551] loss: 0.65496
[  3, 20601] loss: 0.63688
[  3, 20651] loss: 0.64304
[  3, 20701] loss: 0.68611
[  3, 20751] loss: 0.65077
[  3, 20801] loss: 0.64831
[  3, 20851] loss: 0.67689
[  3, 20901] loss: 0.70480
[  3, 20951] loss: 0.63401
[  3, 21001] loss: 0.65999
[  3, 21051] loss: 0.67630
[  3, 21101] loss: 0.62767
[  3, 21151] loss: 0.68437
[  3, 21201] loss: 0.63814
[  3, 21251] loss: 0.63489
[  3, 21301] loss: 0.59329
[  3, 21351] loss: 0.63845
[  3, 21401] loss: 0.63946
[  3, 21451] loss: 0.65958
[  3, 21501] loss: 0.66876
[  3, 21551] loss: 0.69336
[  3, 21601] loss: 0.65084
[  3, 21651] loss: 0.66812
[  3, 21701] loss: 0.64105
[  3, 21751] loss: 0.65855
[  3, 21801] loss: 0.67126
[  3, 21851] loss: 0.66149
[  3, 21901] loss: 0.65763
[  3, 21951] loss: 0.70001
[  3, 22001] loss: 0.67025
[  3, 22051] loss: 0.63637
[  3, 22101] loss: 0.64366
[  3, 22151] loss: 0.64472
[  3, 22201] loss: 0.66222
[  3, 22251] loss: 0.64669
[  3, 22301] loss: 0.66494
[  3, 22351] loss: 0.66906
[  3, 22401] loss: 0.62776
[  3, 22451] loss: 0.62031
[  3, 22501] loss: 0.66808
[  3, 22551] loss: 0.65440
[  3, 22601] loss: 0.66152
[  3, 22651] loss: 0.66853
[  3, 22701] loss: 0.67733
[  3, 22751] loss: 0.68370
[  3, 22801] loss: 0.63061
[  3, 22851] loss: 0.65510
[  3, 22901] loss: 0.64024
[  3, 22951] loss: 0.61783
[  3, 23001] loss: 0.66259
[  3, 23051] loss: 0.67339
[  3, 23101] loss: 0.65636
[  3, 23151] loss: 0.64108
[  3, 23201] loss: 0.65756
[  3, 23251] loss: 0.66015
[  3, 23301] loss: 0.63239
[  3, 23351] loss: 0.68658
[  3, 23401] loss: 0.68761
[  3, 23451] loss: 0.65584
[  3, 23501] loss: 0.67425
[  3, 23551] loss: 0.66193
[  3, 23601] loss: 0.62785
[  3, 23651] loss: 0.65585
[  3, 23701] loss: 0.63689
[  3, 23751] loss: 0.69477
[  3, 23801] loss: 0.64138
[  3, 23851] loss: 0.64088
[  3, 23901] loss: 0.65556
[  3, 23951] loss: 0.63228
[  3, 24001] loss: 0.60102
[  3, 24051] loss: 0.63320
[  3, 24101] loss: 0.65666
[  3, 24151] loss: 0.64703
[  3, 24201] loss: 0.66420
[  3, 24251] loss: 0.65343
[  3, 24301] loss: 0.63406
[  3, 24351] loss: 0.66175
[  3, 24401] loss: 0.67448
[  3, 24451] loss: 0.62806
[  3, 24501] loss: 0.66608
[  3, 24551] loss: 0.63403
[  3, 24601] loss: 0.64805
[  3, 24651] loss: 0.64543
[  3, 24701] loss: 0.60772
[  3, 24751] loss: 0.66291
[  3, 24801] loss: 0.64981
[  3, 24851] loss: 0.65421
[  3, 24901] loss: 0.64553
[  3, 24951] loss: 0.65687
[  4,     1] loss: 0.63856
[  4,    51] loss: 0.59905
[  4,   101] loss: 0.65964
[  4,   151] loss: 0.64338
[  4,   201] loss: 0.66917
[  4,   251] loss: 0.60395
[  4,   301] loss: 0.64990
[  4,   351] loss: 0.62610
[  4,   401] loss: 0.65615
[  4,   451] loss: 0.61386
[  4,   501] loss: 0.64872
[  4,   551] loss: 0.64432
[  4,   601] loss: 0.64802
[  4,   651] loss: 0.63285
[  4,   701] loss: 0.64253
[  4,   751] loss: 0.64288
[  4,   801] loss: 0.66817
[  4,   851] loss: 0.63591
[  4,   901] loss: 0.65258
[  4,   951] loss: 0.61223
[  4,  1001] loss: 0.67541
[  4,  1051] loss: 0.63219
[  4,  1101] loss: 0.61727
[  4,  1151] loss: 0.63518
[  4,  1201] loss: 0.62259
[  4,  1251] loss: 0.63552
[  4,  1301] loss: 0.64616
[  4,  1351] loss: 0.65611
[  4,  1401] loss: 0.61264
[  4,  1451] loss: 0.60641
[  4,  1501] loss: 0.65914
[  4,  1551] loss: 0.59510
[  4,  1601] loss: 0.70448
[  4,  1651] loss: 0.66203
[  4,  1701] loss: 0.62535
[  4,  1751] loss: 0.69076
[  4,  1801] loss: 0.66322
[  4,  1851] loss: 0.67231
[  4,  1901] loss: 0.62872
[  4,  1951] loss: 0.65835
[  4,  2001] loss: 0.64056
[  4,  2051] loss: 0.59590
[  4,  2101] loss: 0.66567
[  4,  2151] loss: 0.67709
[  4,  2201] loss: 0.65110
[  4,  2251] loss: 0.63945
[  4,  2301] loss: 0.63677
[  4,  2351] loss: 0.66523
[  4,  2401] loss: 0.62900
[  4,  2451] loss: 0.62126
[  4,  2501] loss: 0.66821
[  4,  2551] loss: 0.62541
[  4,  2601] loss: 0.64514
[  4,  2651] loss: 0.60796
[  4,  2701] loss: 0.60150
[  4,  2751] loss: 0.67927
[  4,  2801] loss: 0.65624
[  4,  2851] loss: 0.66534
[  4,  2901] loss: 0.60340
[  4,  2951] loss: 0.68004
[  4,  3001] loss: 0.66601
[  4,  3051] loss: 0.61579
[  4,  3101] loss: 0.63648
[  4,  3151] loss: 0.60748
[  4,  3201] loss: 0.66673
[  4,  3251] loss: 0.64831
[  4,  3301] loss: 0.66175
[  4,  3351] loss: 0.66909
[  4,  3401] loss: 0.64054
[  4,  3451] loss: 0.61089
[  4,  3501] loss: 0.67391
[  4,  3551] loss: 0.69095
[  4,  3601] loss: 0.62181
[  4,  3651] loss: 0.64486
[  4,  3701] loss: 0.61603
[  4,  3751] loss: 0.64409
[  4,  3801] loss: 0.62360
[  4,  3851] loss: 0.67126
[  4,  3901] loss: 0.69360
[  4,  3951] loss: 0.72589
[  4,  4001] loss: 0.65525
[  4,  4051] loss: 0.68088
[  4,  4101] loss: 0.62797
[  4,  4151] loss: 0.69407
[  4,  4201] loss: 0.61568
[  4,  4251] loss: 0.66253
[  4,  4301] loss: 0.60359
[  4,  4351] loss: 0.62223
[  4,  4401] loss: 0.60020
[  4,  4451] loss: 0.62837
[  4,  4501] loss: 0.60561
[  4,  4551] loss: 0.66392
[  4,  4601] loss: 0.59927
[  4,  4651] loss: 0.62049
[  4,  4701] loss: 0.68485
[  4,  4751] loss: 0.66823
[  4,  4801] loss: 0.64400
[  4,  4851] loss: 0.61544
[  4,  4901] loss: 0.65050
[  4,  4951] loss: 0.62086
[  4,  5001] loss: 0.63552
[  4,  5051] loss: 0.68378
[  4,  5101] loss: 0.63560
[  4,  5151] loss: 0.65803
[  4,  5201] loss: 0.68665
[  4,  5251] loss: 0.64017
[  4,  5301] loss: 0.64309
[  4,  5351] loss: 0.63505
[  4,  5401] loss: 0.65533
[  4,  5451] loss: 0.60530
[  4,  5501] loss: 0.62459
[  4,  5551] loss: 0.66455
[  4,  5601] loss: 0.62958
[  4,  5651] loss: 0.66223
[  4,  5701] loss: 0.62079
[  4,  5751] loss: 0.60893
[  4,  5801] loss: 0.65487
[  4,  5851] loss: 0.66510
[  4,  5901] loss: 0.67214
[  4,  5951] loss: 0.67038
[  4,  6001] loss: 0.63752
[  4,  6051] loss: 0.66801
[  4,  6101] loss: 0.64306
[  4,  6151] loss: 0.68741
[  4,  6201] loss: 0.61909
[  4,  6251] loss: 0.66415
[  4,  6301] loss: 0.64720
[  4,  6351] loss: 0.61902
[  4,  6401] loss: 0.64914
[  4,  6451] loss: 0.67695
[  4,  6501] loss: 0.65944
[  4,  6551] loss: 0.63860
[  4,  6601] loss: 0.68653
[  4,  6651] loss: 0.67289
[  4,  6701] loss: 0.60878
[  4,  6751] loss: 0.63464
[  4,  6801] loss: 0.64979
[  4,  6851] loss: 0.69331
[  4,  6901] loss: 0.59343
[  4,  6951] loss: 0.70429
[  4,  7001] loss: 0.68235
[  4,  7051] loss: 0.64505
[  4,  7101] loss: 0.61597
[  4,  7151] loss: 0.64252
[  4,  7201] loss: 0.59340
[  4,  7251] loss: 0.66826
[  4,  7301] loss: 0.62827
[  4,  7351] loss: 0.62980
[  4,  7401] loss: 0.62978
[  4,  7451] loss: 0.66865
[  4,  7501] loss: 0.62866
[  4,  7551] loss: 0.62562
[  4,  7601] loss: 0.67116
[  4,  7651] loss: 0.71621
[  4,  7701] loss: 0.65645
[  4,  7751] loss: 0.66461
[  4,  7801] loss: 0.66211
[  4,  7851] loss: 0.61901
[  4,  7901] loss: 0.61794
[  4,  7951] loss: 0.64408
[  4,  8001] loss: 0.60614
[  4,  8051] loss: 0.63850
[  4,  8101] loss: 0.62962
[  4,  8151] loss: 0.65404
[  4,  8201] loss: 0.64613
[  4,  8251] loss: 0.65291
[  4,  8301] loss: 0.59249
[  4,  8351] loss: 0.63246
[  4,  8401] loss: 0.55943
[  4,  8451] loss: 0.65707
[  4,  8501] loss: 0.61543
[  4,  8551] loss: 0.62332
[  4,  8601] loss: 0.62524
[  4,  8651] loss: 0.62920
[  4,  8701] loss: 0.67537
[  4,  8751] loss: 0.64293
[  4,  8801] loss: 0.59517
[  4,  8851] loss: 0.61458
[  4,  8901] loss: 0.61477
[  4,  8951] loss: 0.64601
[  4,  9001] loss: 0.65978
[  4,  9051] loss: 0.68661
[  4,  9101] loss: 0.64682
[  4,  9151] loss: 0.66198
[  4,  9201] loss: 0.65546
[  4,  9251] loss: 0.59837
[  4,  9301] loss: 0.60672
[  4,  9351] loss: 0.67537
[  4,  9401] loss: 0.63969
[  4,  9451] loss: 0.65848
[  4,  9501] loss: 0.66399
[  4,  9551] loss: 0.60389
[  4,  9601] loss: 0.64451
[  4,  9651] loss: 0.61408
[  4,  9701] loss: 0.63609
[  4,  9751] loss: 0.63160
[  4,  9801] loss: 0.67138
[  4,  9851] loss: 0.66223
[  4,  9901] loss: 0.63308
[  4,  9951] loss: 0.65257
[  4, 10001] loss: 0.67477
[  4, 10051] loss: 0.61238
[  4, 10101] loss: 0.60602
[  4, 10151] loss: 0.62220
[  4, 10201] loss: 0.64827
[  4, 10251] loss: 0.65166
[  4, 10301] loss: 0.69036
[  4, 10351] loss: 0.64197
[  4, 10401] loss: 0.64720
[  4, 10451] loss: 0.65547
[  4, 10501] loss: 0.67098
[  4, 10551] loss: 0.62534
[  4, 10601] loss: 0.62219
[  4, 10651] loss: 0.64444
[  4, 10701] loss: 0.65117
[  4, 10751] loss: 0.59764
[  4, 10801] loss: 0.61954
[  4, 10851] loss: 0.62582
[  4, 10901] loss: 0.70436
[  4, 10951] loss: 0.61533
[  4, 11001] loss: 0.60431
[  4, 11051] loss: 0.66423
[  4, 11101] loss: 0.65472
[  4, 11151] loss: 0.59093
[  4, 11201] loss: 0.61508
[  4, 11251] loss: 0.59249
[  4, 11301] loss: 0.66048
[  4, 11351] loss: 0.69907
[  4, 11401] loss: 0.64396
[  4, 11451] loss: 0.66549
[  4, 11501] loss: 0.66378
[  4, 11551] loss: 0.64348
[  4, 11601] loss: 0.61894
[  4, 11651] loss: 0.65061
[  4, 11701] loss: 0.60510
[  4, 11751] loss: 0.68043
[  4, 11801] loss: 0.62058
[  4, 11851] loss: 0.59341
[  4, 11901] loss: 0.60077
[  4, 11951] loss: 0.62739
[  4, 12001] loss: 0.63411
[  4, 12051] loss: 0.62261
[  4, 12101] loss: 0.68375
[  4, 12151] loss: 0.60357
[  4, 12201] loss: 0.65954
[  4, 12251] loss: 0.61441
[  4, 12301] loss: 0.66973
[  4, 12351] loss: 0.64712
[  4, 12401] loss: 0.64497
[  4, 12451] loss: 0.62000
[  4, 12501] loss: 0.66721
[  4, 12551] loss: 0.63558
[  4, 12601] loss: 0.62991
[  4, 12651] loss: 0.57847
[  4, 12701] loss: 0.57868
[  4, 12751] loss: 0.69113
[  4, 12801] loss: 0.63983
[  4, 12851] loss: 0.63702
[  4, 12901] loss: 0.63792
[  4, 12951] loss: 0.66636
[  4, 13001] loss: 0.66638
[  4, 13051] loss: 0.68179
[  4, 13101] loss: 0.62311
[  4, 13151] loss: 0.60210
[  4, 13201] loss: 0.65605
[  4, 13251] loss: 0.59241
[  4, 13301] loss: 0.64218
[  4, 13351] loss: 0.62576
[  4, 13401] loss: 0.64133
[  4, 13451] loss: 0.63906
[  4, 13501] loss: 0.65453
[  4, 13551] loss: 0.63044
[  4, 13601] loss: 0.59919
[  4, 13651] loss: 0.59810
[  4, 13701] loss: 0.65182
[  4, 13751] loss: 0.61034
[  4, 13801] loss: 0.63244
[  4, 13851] loss: 0.63764
[  4, 13901] loss: 0.66328
[  4, 13951] loss: 0.61321
[  4, 14001] loss: 0.67607
[  4, 14051] loss: 0.65303
[  4, 14101] loss: 0.63846
[  4, 14151] loss: 0.64968
[  4, 14201] loss: 0.67878
[  4, 14251] loss: 0.64342
[  4, 14301] loss: 0.63392
[  4, 14351] loss: 0.61920
[  4, 14401] loss: 0.64279
[  4, 14451] loss: 0.68015
[  4, 14501] loss: 0.62500
[  4, 14551] loss: 0.69442
[  4, 14601] loss: 0.61080
[  4, 14651] loss: 0.64634
[  4, 14701] loss: 0.66218
[  4, 14751] loss: 0.59502
[  4, 14801] loss: 0.62945
[  4, 14851] loss: 0.70791
[  4, 14901] loss: 0.64992
[  4, 14951] loss: 0.65007
[  4, 15001] loss: 0.63617
[  4, 15051] loss: 0.62422
[  4, 15101] loss: 0.63476
[  4, 15151] loss: 0.60047
[  4, 15201] loss: 0.62637
[  4, 15251] loss: 0.69402
[  4, 15301] loss: 0.67030
[  4, 15351] loss: 0.60957
[  4, 15401] loss: 0.61043
[  4, 15451] loss: 0.67594
[  4, 15501] loss: 0.66117
[  4, 15551] loss: 0.69662
[  4, 15601] loss: 0.60864
[  4, 15651] loss: 0.62551
[  4, 15701] loss: 0.67955
[  4, 15751] loss: 0.63388
[  4, 15801] loss: 0.62758
[  4, 15851] loss: 0.61126
[  4, 15901] loss: 0.63682
[  4, 15951] loss: 0.67397
[  4, 16001] loss: 0.67036
[  4, 16051] loss: 0.67091
[  4, 16101] loss: 0.63484
[  4, 16151] loss: 0.60066
[  4, 16201] loss: 0.66650
[  4, 16251] loss: 0.65459
[  4, 16301] loss: 0.62241
[  4, 16351] loss: 0.66240
[  4, 16401] loss: 0.67393
[  4, 16451] loss: 0.62284
[  4, 16501] loss: 0.59405
[  4, 16551] loss: 0.65551
[  4, 16601] loss: 0.62601
[  4, 16651] loss: 0.65505
[  4, 16701] loss: 0.64630
[  4, 16751] loss: 0.61096
[  4, 16801] loss: 0.70038
[  4, 16851] loss: 0.58407
[  4, 16901] loss: 0.66886
[  4, 16951] loss: 0.63553
[  4, 17001] loss: 0.69060
[  4, 17051] loss: 0.68450
[  4, 17101] loss: 0.65158
[  4, 17151] loss: 0.67503
[  4, 17201] loss: 0.65683
[  4, 17251] loss: 0.65241
[  4, 17301] loss: 0.64854
[  4, 17351] loss: 0.67847
[  4, 17401] loss: 0.58432
[  4, 17451] loss: 0.62727
[  4, 17501] loss: 0.58990
[  4, 17551] loss: 0.63859
[  4, 17601] loss: 0.65548
[  4, 17651] loss: 0.63010
[  4, 17701] loss: 0.58718
[  4, 17751] loss: 0.61939
[  4, 17801] loss: 0.61594
[  4, 17851] loss: 0.62084
[  4, 17901] loss: 0.63812
[  4, 17951] loss: 0.65742
[  4, 18001] loss: 0.61640
[  4, 18051] loss: 0.64079
[  4, 18101] loss: 0.62792
[  4, 18151] loss: 0.64776
[  4, 18201] loss: 0.65344
[  4, 18251] loss: 0.64182
[  4, 18301] loss: 0.71625
[  4, 18351] loss: 0.58271
[  4, 18401] loss: 0.57804
[  4, 18451] loss: 0.63442
[  4, 18501] loss: 0.56024
[  4, 18551] loss: 0.62250
[  4, 18601] loss: 0.64094
[  4, 18651] loss: 0.63040
[  4, 18701] loss: 0.65548
[  4, 18751] loss: 0.65894
[  4, 18801] loss: 0.65966
[  4, 18851] loss: 0.67897
[  4, 18901] loss: 0.67285
[  4, 18951] loss: 0.60004
[  4, 19001] loss: 0.66164
[  4, 19051] loss: 0.60808
[  4, 19101] loss: 0.65821
[  4, 19151] loss: 0.68566
[  4, 19201] loss: 0.62776
[  4, 19251] loss: 0.64855
[  4, 19301] loss: 0.67228
[  4, 19351] loss: 0.62270
[  4, 19401] loss: 0.69855
[  4, 19451] loss: 0.65098
[  4, 19501] loss: 0.66380
[  4, 19551] loss: 0.67582
[  4, 19601] loss: 0.65724
[  4, 19651] loss: 0.65610
[  4, 19701] loss: 0.59599
[  4, 19751] loss: 0.64421
[  4, 19801] loss: 0.64382
[  4, 19851] loss: 0.59571
[  4, 19901] loss: 0.66777
[  4, 19951] loss: 0.58268
[  4, 20001] loss: 0.64799
[  4, 20051] loss: 0.64990
[  4, 20101] loss: 0.65241
[  4, 20151] loss: 0.63211
[  4, 20201] loss: 0.62285
[  4, 20251] loss: 0.67782
[  4, 20301] loss: 0.63647
[  4, 20351] loss: 0.64736
[  4, 20401] loss: 0.63257
[  4, 20451] loss: 0.64876
[  4, 20501] loss: 0.63476
[  4, 20551] loss: 0.64048
[  4, 20601] loss: 0.61158
[  4, 20651] loss: 0.62581
[  4, 20701] loss: 0.67091
[  4, 20751] loss: 0.62990
[  4, 20801] loss: 0.62283
[  4, 20851] loss: 0.66791
[  4, 20901] loss: 0.69668
[  4, 20951] loss: 0.61553
[  4, 21001] loss: 0.64002
[  4, 21051] loss: 0.66545
[  4, 21101] loss: 0.60578
[  4, 21151] loss: 0.67150
[  4, 21201] loss: 0.61389
[  4, 21251] loss: 0.60788
[  4, 21301] loss: 0.55615
[  4, 21351] loss: 0.63693
[  4, 21401] loss: 0.62458
[  4, 21451] loss: 0.63437
[  4, 21501] loss: 0.65248
[  4, 21551] loss: 0.68132
[  4, 21601] loss: 0.62580
[  4, 21651] loss: 0.64174
[  4, 21701] loss: 0.62226
[  4, 21751] loss: 0.64601
[  4, 21801] loss: 0.65679
[  4, 21851] loss: 0.63996
[  4, 21901] loss: 0.62744
[  4, 21951] loss: 0.70204
[  4, 22001] loss: 0.65252
[  4, 22051] loss: 0.61202
[  4, 22101] loss: 0.61293
[  4, 22151] loss: 0.62351
[  4, 22201] loss: 0.64822
[  4, 22251] loss: 0.62349
[  4, 22301] loss: 0.65112
[  4, 22351] loss: 0.66350
[  4, 22401] loss: 0.60264
[  4, 22451] loss: 0.58996
[  4, 22501] loss: 0.65841
[  4, 22551] loss: 0.64606
[  4, 22601] loss: 0.65418
[  4, 22651] loss: 0.64795
[  4, 22701] loss: 0.65887
[  4, 22751] loss: 0.67486
[  4, 22801] loss: 0.61210
[  4, 22851] loss: 0.63859
[  4, 22901] loss: 0.61503
[  4, 22951] loss: 0.59499
[  4, 23001] loss: 0.64637
[  4, 23051] loss: 0.66008
[  4, 23101] loss: 0.63824
[  4, 23151] loss: 0.62453
[  4, 23201] loss: 0.64179
[  4, 23251] loss: 0.64508
[  4, 23301] loss: 0.61209
[  4, 23351] loss: 0.67153
[  4, 23401] loss: 0.67437
[  4, 23451] loss: 0.64631
[  4, 23501] loss: 0.66084
[  4, 23551] loss: 0.64078
[  4, 23601] loss: 0.60197
[  4, 23651] loss: 0.63442
[  4, 23701] loss: 0.61634
[  4, 23751] loss: 0.68569
[  4, 23801] loss: 0.61542
[  4, 23851] loss: 0.63730
[  4, 23901] loss: 0.63453
[  4, 23951] loss: 0.60408
[  4, 24001] loss: 0.56400
[  4, 24051] loss: 0.62511
[  4, 24101] loss: 0.62940
[  4, 24151] loss: 0.62926
[  4, 24201] loss: 0.65193
[  4, 24251] loss: 0.63530
[  4, 24301] loss: 0.61265
[  4, 24351] loss: 0.66005
[  4, 24401] loss: 0.67219
[  4, 24451] loss: 0.60446
[  4, 24501] loss: 0.65504
[  4, 24551] loss: 0.61499
[  4, 24601] loss: 0.62743
[  4, 24651] loss: 0.62210
[  4, 24701] loss: 0.57946
[  4, 24751] loss: 0.63307
[  4, 24801] loss: 0.64827
[  4, 24851] loss: 0.64001
[  4, 24901] loss: 0.62514
[  4, 24951] loss: 0.63508
[  5,     1] loss: 0.61094
[  5,    51] loss: 0.58199
[  5,   101] loss: 0.63873
[  5,   151] loss: 0.62621
[  5,   201] loss: 0.66224
[  5,   251] loss: 0.56744
[  5,   301] loss: 0.63572
[  5,   351] loss: 0.59910
[  5,   401] loss: 0.63519
[  5,   451] loss: 0.58999
[  5,   501] loss: 0.63001
[  5,   551] loss: 0.62425
[  5,   601] loss: 0.63153
[  5,   651] loss: 0.61356
[  5,   701] loss: 0.62862
[  5,   751] loss: 0.62713
[  5,   801] loss: 0.65449
[  5,   851] loss: 0.61851
[  5,   901] loss: 0.64213
[  5,   951] loss: 0.59280
[  5,  1001] loss: 0.66548
[  5,  1051] loss: 0.61678
[  5,  1101] loss: 0.59189
[  5,  1151] loss: 0.62705
[  5,  1201] loss: 0.59999
[  5,  1251] loss: 0.61005
[  5,  1301] loss: 0.64096
[  5,  1351] loss: 0.65310
[  5,  1401] loss: 0.58299
[  5,  1451] loss: 0.57325
[  5,  1501] loss: 0.64804
[  5,  1551] loss: 0.57772
[  5,  1601] loss: 0.70144
[  5,  1651] loss: 0.65525
[  5,  1701] loss: 0.60602
[  5,  1751] loss: 0.68373
[  5,  1801] loss: 0.64803
[  5,  1851] loss: 0.66048
[  5,  1901] loss: 0.61759
[  5,  1951] loss: 0.63548
[  5,  2001] loss: 0.61915
[  5,  2051] loss: 0.56854
[  5,  2101] loss: 0.64661
[  5,  2151] loss: 0.66892
[  5,  2201] loss: 0.64423
[  5,  2251] loss: 0.61975
[  5,  2301] loss: 0.62421
[  5,  2351] loss: 0.64314
[  5,  2401] loss: 0.61227
[  5,  2451] loss: 0.60220
[  5,  2501] loss: 0.65757
[  5,  2551] loss: 0.61194
[  5,  2601] loss: 0.63036
[  5,  2651] loss: 0.57349
[  5,  2701] loss: 0.57346
[  5,  2751] loss: 0.64846
[  5,  2801] loss: 0.64592
[  5,  2851] loss: 0.66318
[  5,  2901] loss: 0.57000
[  5,  2951] loss: 0.67485
[  5,  3001] loss: 0.65970
[  5,  3051] loss: 0.58845
[  5,  3101] loss: 0.61519
[  5,  3151] loss: 0.57905
[  5,  3201] loss: 0.65207
[  5,  3251] loss: 0.63514
[  5,  3301] loss: 0.64228
[  5,  3351] loss: 0.65575
[  5,  3401] loss: 0.61862
[  5,  3451] loss: 0.58397
[  5,  3501] loss: 0.65634
[  5,  3551] loss: 0.69111
[  5,  3601] loss: 0.60728
[  5,  3651] loss: 0.62545
[  5,  3701] loss: 0.61008
[  5,  3751] loss: 0.62440
[  5,  3801] loss: 0.60136
[  5,  3851] loss: 0.67127
[  5,  3901] loss: 0.68317
[  5,  3951] loss: 0.71114
[  5,  4001] loss: 0.65003
[  5,  4051] loss: 0.67643
[  5,  4101] loss: 0.60921
[  5,  4151] loss: 0.69349
[  5,  4201] loss: 0.59720
[  5,  4251] loss: 0.64740
[  5,  4301] loss: 0.57629
[  5,  4351] loss: 0.60528
[  5,  4401] loss: 0.58247
[  5,  4451] loss: 0.60205
[  5,  4501] loss: 0.57770
[  5,  4551] loss: 0.65472
[  5,  4601] loss: 0.57720
[  5,  4651] loss: 0.59905
[  5,  4701] loss: 0.68163
[  5,  4751] loss: 0.65570
[  5,  4801] loss: 0.62421
[  5,  4851] loss: 0.58732
[  5,  4901] loss: 0.63156
[  5,  4951] loss: 0.61021
[  5,  5001] loss: 0.60703
[  5,  5051] loss: 0.68057
[  5,  5101] loss: 0.61301
[  5,  5151] loss: 0.64554
[  5,  5201] loss: 0.68161
[  5,  5251] loss: 0.62184
[  5,  5301] loss: 0.61638
[  5,  5351] loss: 0.61397
[  5,  5401] loss: 0.63198
[  5,  5451] loss: 0.57627
[  5,  5501] loss: 0.59964
[  5,  5551] loss: 0.64478
[  5,  5601] loss: 0.61418
[  5,  5651] loss: 0.64556
[  5,  5701] loss: 0.59842
[  5,  5751] loss: 0.59292
[  5,  5801] loss: 0.63909
[  5,  5851] loss: 0.65905
[  5,  5901] loss: 0.66528
[  5,  5951] loss: 0.65834
[  5,  6001] loss: 0.62782
[  5,  6051] loss: 0.65538
[  5,  6101] loss: 0.63019
[  5,  6151] loss: 0.67553
[  5,  6201] loss: 0.59853
[  5,  6251] loss: 0.65992
[  5,  6301] loss: 0.62809
[  5,  6351] loss: 0.59779
[  5,  6401] loss: 0.63332
[  5,  6451] loss: 0.67974
[  5,  6501] loss: 0.65019
[  5,  6551] loss: 0.60880
[  5,  6601] loss: 0.68385
[  5,  6651] loss: 0.65387
[  5,  6701] loss: 0.58359
[  5,  6751] loss: 0.61362
[  5,  6801] loss: 0.63740
[  5,  6851] loss: 0.69178
[  5,  6901] loss: 0.57299
[  5,  6951] loss: 0.69662
[  5,  7001] loss: 0.68405
[  5,  7051] loss: 0.63114
[  5,  7101] loss: 0.58422
[  5,  7151] loss: 0.61712
[  5,  7201] loss: 0.56716
[  5,  7251] loss: 0.66282
[  5,  7301] loss: 0.60603
[  5,  7351] loss: 0.61532
[  5,  7401] loss: 0.61847
[  5,  7451] loss: 0.66810
[  5,  7501] loss: 0.61564
[  5,  7551] loss: 0.60694
[  5,  7601] loss: 0.66906
[  5,  7651] loss: 0.72611
[  5,  7701] loss: 0.64251
[  5,  7751] loss: 0.65446
[  5,  7801] loss: 0.65602
[  5,  7851] loss: 0.58813
[  5,  7901] loss: 0.60353
[  5,  7951] loss: 0.62583
[  5,  8001] loss: 0.57905
[  5,  8051] loss: 0.61996
[  5,  8101] loss: 0.61266
[  5,  8151] loss: 0.64705
[  5,  8201] loss: 0.63569
[  5,  8251] loss: 0.64502
[  5,  8301] loss: 0.56235
[  5,  8351] loss: 0.61763
[  5,  8401] loss: 0.52759
[  5,  8451] loss: 0.64560
[  5,  8501] loss: 0.59111
[  5,  8551] loss: 0.60206
[  5,  8601] loss: 0.61127
[  5,  8651] loss: 0.62080
[  5,  8701] loss: 0.67138
[  5,  8751] loss: 0.62639
[  5,  8801] loss: 0.57015
[  5,  8851] loss: 0.59882
[  5,  8901] loss: 0.59586
[  5,  8951] loss: 0.62818
[  5,  9001] loss: 0.65161
[  5,  9051] loss: 0.67890
[  5,  9101] loss: 0.62490
[  5,  9151] loss: 0.64631
[  5,  9201] loss: 0.64677
[  5,  9251] loss: 0.58459
[  5,  9301] loss: 0.57989
[  5,  9351] loss: 0.65635
[  5,  9401] loss: 0.63091
[  5,  9451] loss: 0.64358
[  5,  9501] loss: 0.65209
[  5,  9551] loss: 0.57343
[  5,  9601] loss: 0.62781
[  5,  9651] loss: 0.59454
[  5,  9701] loss: 0.62191
[  5,  9751] loss: 0.61481
[  5,  9801] loss: 0.66757
[  5,  9851] loss: 0.65631
[  5,  9901] loss: 0.61126
[  5,  9951] loss: 0.63363
[  5, 10001] loss: 0.66323
[  5, 10051] loss: 0.58959
[  5, 10101] loss: 0.57647
[  5, 10151] loss: 0.60551
[  5, 10201] loss: 0.63706
[  5, 10251] loss: 0.64417
[  5, 10301] loss: 0.68982
[  5, 10351] loss: 0.61741
[  5, 10401] loss: 0.63668
[  5, 10451] loss: 0.63052
[  5, 10501] loss: 0.66753
[  5, 10551] loss: 0.59708
[  5, 10601] loss: 0.60067
[  5, 10651] loss: 0.63337
[  5, 10701] loss: 0.64044
[  5, 10751] loss: 0.57625
[  5, 10801] loss: 0.60553
[  5, 10851] loss: 0.61239
[  5, 10901] loss: 0.69904
[  5, 10951] loss: 0.59115
[  5, 11001] loss: 0.58644
[  5, 11051] loss: 0.65005
[  5, 11101] loss: 0.65106
[  5, 11151] loss: 0.56892
[  5, 11201] loss: 0.59718
[  5, 11251] loss: 0.57030
[  5, 11301] loss: 0.64532
[  5, 11351] loss: 0.69227
[  5, 11401] loss: 0.63696
[  5, 11451] loss: 0.66232
[  5, 11501] loss: 0.66235
[  5, 11551] loss: 0.62354
[  5, 11601] loss: 0.59124
[  5, 11651] loss: 0.63525
[  5, 11701] loss: 0.58466
[  5, 11751] loss: 0.66987
[  5, 11801] loss: 0.60664
[  5, 11851] loss: 0.57720
[  5, 11901] loss: 0.57639
[  5, 11951] loss: 0.61709
[  5, 12001] loss: 0.61766
[  5, 12051] loss: 0.60085
[  5, 12101] loss: 0.68191
[  5, 12151] loss: 0.58453
[  5, 12201] loss: 0.65538
[  5, 12251] loss: 0.59262
[  5, 12301] loss: 0.66516
[  5, 12351] loss: 0.62380
[  5, 12401] loss: 0.62710
[  5, 12451] loss: 0.60379
[  5, 12501] loss: 0.65429
[  5, 12551] loss: 0.63116
[  5, 12601] loss: 0.60984
[  5, 12651] loss: 0.54552
[  5, 12701] loss: 0.54488
[  5, 12751] loss: 0.69297
[  5, 12801] loss: 0.61593
[  5, 12851] loss: 0.62211
[  5, 12901] loss: 0.61943
[  5, 12951] loss: 0.66718
[  5, 13001] loss: 0.65341
[  5, 13051] loss: 0.67939
[  5, 13101] loss: 0.59567
[  5, 13151] loss: 0.58057
[  5, 13201] loss: 0.64470
[  5, 13251] loss: 0.56412
[  5, 13301] loss: 0.63237
[  5, 13351] loss: 0.60511
[  5, 13401] loss: 0.63450
[  5, 13451] loss: 0.62115
[  5, 13501] loss: 0.64190
[  5, 13551] loss: 0.60313
[  5, 13601] loss: 0.57372
[  5, 13651] loss: 0.56882
[  5, 13701] loss: 0.64362
[  5, 13751] loss: 0.59466
[  5, 13801] loss: 0.62362
[  5, 13851] loss: 0.62755
[  5, 13901] loss: 0.64972
[  5, 13951] loss: 0.59263
[  5, 14001] loss: 0.66035
[  5, 14051] loss: 0.64493
[  5, 14101] loss: 0.61787
[  5, 14151] loss: 0.64380
[  5, 14201] loss: 0.67923
[  5, 14251] loss: 0.63580
[  5, 14301] loss: 0.61985
[  5, 14351] loss: 0.60128
[  5, 14401] loss: 0.62641
[  5, 14451] loss: 0.68022
[  5, 14501] loss: 0.60706
[  5, 14551] loss: 0.68586
[  5, 14601] loss: 0.59209
[  5, 14651] loss: 0.63024
[  5, 14701] loss: 0.65315
[  5, 14751] loss: 0.57667
[  5, 14801] loss: 0.61617
[  5, 14851] loss: 0.70409
[  5, 14901] loss: 0.63987
[  5, 14951] loss: 0.64562
[  5, 15001] loss: 0.61528
[  5, 15051] loss: 0.61235
[  5, 15101] loss: 0.62093
[  5, 15151] loss: 0.57893
[  5, 15201] loss: 0.62180
[  5, 15251] loss: 0.68343
[  5, 15301] loss: 0.66814
[  5, 15351] loss: 0.59474
[  5, 15401] loss: 0.58753
[  5, 15451] loss: 0.65213
[  5, 15501] loss: 0.65570
[  5, 15551] loss: 0.69884
[  5, 15601] loss: 0.58004
[  5, 15651] loss: 0.61122
[  5, 15701] loss: 0.67217
[  5, 15751] loss: 0.62168
[  5, 15801] loss: 0.60320
[  5, 15851] loss: 0.58961
[  5, 15901] loss: 0.61581
[  5, 15951] loss: 0.67622
[  5, 16001] loss: 0.66522
[  5, 16051] loss: 0.66051
[  5, 16101] loss: 0.62350
[  5, 16151] loss: 0.58241
[  5, 16201] loss: 0.65715
[  5, 16251] loss: 0.63608
[  5, 16301] loss: 0.60746
[  5, 16351] loss: 0.64468
[  5, 16401] loss: 0.66241
[  5, 16451] loss: 0.59808
[  5, 16501] loss: 0.56980
[  5, 16551] loss: 0.63847
[  5, 16601] loss: 0.60209
[  5, 16651] loss: 0.64837
[  5, 16701] loss: 0.63682
[  5, 16751] loss: 0.59128
[  5, 16801] loss: 0.70143
[  5, 16851] loss: 0.55127
[  5, 16901] loss: 0.66832
[  5, 16951] loss: 0.62037
[  5, 17001] loss: 0.68584
[  5, 17051] loss: 0.67240
[  5, 17101] loss: 0.63291
[  5, 17151] loss: 0.65968
[  5, 17201] loss: 0.64302
[  5, 17251] loss: 0.64741
[  5, 17301] loss: 0.63158
[  5, 17351] loss: 0.66857
[  5, 17401] loss: 0.56434
[  5, 17451] loss: 0.61020
[  5, 17501] loss: 0.56406
[  5, 17551] loss: 0.62051
[  5, 17601] loss: 0.64451
[  5, 17651] loss: 0.61781
[  5, 17701] loss: 0.56879
[  5, 17751] loss: 0.59449
[  5, 17801] loss: 0.60445
[  5, 17851] loss: 0.59697
[  5, 17901] loss: 0.64070
[  5, 17951] loss: 0.64582
[  5, 18001] loss: 0.59276
[  5, 18051] loss: 0.63081
[  5, 18101] loss: 0.63033
[  5, 18151] loss: 0.63344
[  5, 18201] loss: 0.64234
[  5, 18251] loss: 0.62570
[  5, 18301] loss: 0.71225
[  5, 18351] loss: 0.56728
[  5, 18401] loss: 0.54683
[  5, 18451] loss: 0.62230
[  5, 18501] loss: 0.53023
[  5, 18551] loss: 0.60765
[  5, 18601] loss: 0.63598
[  5, 18651] loss: 0.61151
[  5, 18701] loss: 0.64618
[  5, 18751] loss: 0.65747
[  5, 18801] loss: 0.64413
[  5, 18851] loss: 0.66089
[  5, 18901] loss: 0.66852
[  5, 18951] loss: 0.58305
[  5, 19001] loss: 0.65393
[  5, 19051] loss: 0.59317
[  5, 19101] loss: 0.64468
[  5, 19151] loss: 0.67726
[  5, 19201] loss: 0.61246
[  5, 19251] loss: 0.63766
[  5, 19301] loss: 0.66730
[  5, 19351] loss: 0.59880
[  5, 19401] loss: 0.70260
[  5, 19451] loss: 0.63732
[  5, 19501] loss: 0.66120
[  5, 19551] loss: 0.67706
[  5, 19601] loss: 0.65169
[  5, 19651] loss: 0.64133
[  5, 19701] loss: 0.57357
[  5, 19751] loss: 0.62985
[  5, 19801] loss: 0.63541
[  5, 19851] loss: 0.58090
[  5, 19901] loss: 0.65740
[  5, 19951] loss: 0.55566
[  5, 20001] loss: 0.63393
[  5, 20051] loss: 0.64222
[  5, 20101] loss: 0.64024
[  5, 20151] loss: 0.61705
[  5, 20201] loss: 0.60965
[  5, 20251] loss: 0.66810
[  5, 20301] loss: 0.62658
[  5, 20351] loss: 0.63803
[  5, 20401] loss: 0.61121
[  5, 20451] loss: 0.64204
[  5, 20501] loss: 0.61943
[  5, 20551] loss: 0.62923
[  5, 20601] loss: 0.59164
[  5, 20651] loss: 0.61411
[  5, 20701] loss: 0.65775
[  5, 20751] loss: 0.61466
[  5, 20801] loss: 0.60261
[  5, 20851] loss: 0.65949
[  5, 20901] loss: 0.69441
[  5, 20951] loss: 0.60201
[  5, 21001] loss: 0.62563
[  5, 21051] loss: 0.65812
[  5, 21101] loss: 0.58787
[  5, 21151] loss: 0.65885
[  5, 21201] loss: 0.59315
[  5, 21251] loss: 0.58705
[  5, 21301] loss: 0.52571
[  5, 21351] loss: 0.63660
[  5, 21401] loss: 0.61309
[  5, 21451] loss: 0.61344
[  5, 21501] loss: 0.64119
[  5, 21551] loss: 0.66733
[  5, 21601] loss: 0.60763
[  5, 21651] loss: 0.62106
[  5, 21701] loss: 0.60949
[  5, 21751] loss: 0.63886
[  5, 21801] loss: 0.64436
[  5, 21851] loss: 0.62268
[  5, 21901] loss: 0.60257
[  5, 21951] loss: 0.70151
[  5, 22001] loss: 0.63805
[  5, 22051] loss: 0.59382
[  5, 22101] loss: 0.59032
[  5, 22151] loss: 0.60838
[  5, 22201] loss: 0.63647
[  5, 22251] loss: 0.60422
[  5, 22301] loss: 0.64044
[  5, 22351] loss: 0.66081
[  5, 22401] loss: 0.58305
[  5, 22451] loss: 0.56600
[  5, 22501] loss: 0.65047
[  5, 22551] loss: 0.64033
[  5, 22601] loss: 0.65111
[  5, 22651] loss: 0.63335
[  5, 22701] loss: 0.64411
[  5, 22751] loss: 0.66610
[  5, 22801] loss: 0.60118
[  5, 22851] loss: 0.62642
[  5, 22901] loss: 0.59625
[  5, 22951] loss: 0.57721
[  5, 23001] loss: 0.63361
[  5, 23051] loss: 0.64966
[  5, 23101] loss: 0.62055
[  5, 23151] loss: 0.61150
[  5, 23201] loss: 0.62864
[  5, 23251] loss: 0.63413
[  5, 23301] loss: 0.59557
[  5, 23351] loss: 0.65933
[  5, 23401] loss: 0.66453
[  5, 23451] loss: 0.64031
[  5, 23501] loss: 0.64814
[  5, 23551] loss: 0.62178
[  5, 23601] loss: 0.58349
[  5, 23651] loss: 0.62088
[  5, 23701] loss: 0.60088
[  5, 23751] loss: 0.68082
[  5, 23801] loss: 0.59523
[  5, 23851] loss: 0.63919
[  5, 23901] loss: 0.62023
[  5, 23951] loss: 0.58379
[  5, 24001] loss: 0.53521
[  5, 24051] loss: 0.62269
[  5, 24101] loss: 0.60733
[  5, 24151] loss: 0.61386
[  5, 24201] loss: 0.64228
[  5, 24251] loss: 0.62218
[  5, 24301] loss: 0.59699
[  5, 24351] loss: 0.65934
[  5, 24401] loss: 0.66834
[  5, 24451] loss: 0.58492
[  5, 24501] loss: 0.64570
[  5, 24551] loss: 0.60272
[  5, 24601] loss: 0.61195
[  5, 24651] loss: 0.60575
[  5, 24701] loss: 0.55801
[  5, 24751] loss: 0.60833
[  5, 24801] loss: 0.64822
[  5, 24851] loss: 0.63099
[  5, 24901] loss: 0.60875
[  5, 24951] loss: 0.61968
Finished training
Accuracy on train: 0.67168
Accuracy on test: 0.57886
