{'word_context': 5, 'word_embed_size': 100, 'word_conv_units': 300, 'hidden_units': 0, 'dropout': False, 'batch_size': 50}
train set done
test set done
<bound method MixedNet.parameters of MixedNet (
  (W_wrd): DataParallel (
    (module): Embedding(89528, 100)
  )
  (word_level_conv): DataParallel (
    (module): Conv2d(1, 300, kernel_size=(100, 5), stride=(1, 1), padding=(0, 2))
  )
  (word_level_maxpool): DataParallel (
    (module): AdaptiveMaxPool2d (output_size=(300, 1))
  )
  (fc1): DataParallel (
    (module): Linear (300 -> 2)
  )
)>
[  1,     1] loss: 0.76039
[  1,    51] loss: 0.82517
[  1,   101] loss: 0.69666
[  1,   151] loss: 0.70856
[  1,   201] loss: 0.63416
[  1,   251] loss: 0.66965
[  1,   301] loss: 0.73586
[  1,   351] loss: 0.64536
[  1,   401] loss: 0.76056
[  1,   451] loss: 0.69998
[  1,   501] loss: 0.74139
[  1,   551] loss: 0.68481
[  1,   601] loss: 0.69516
[  1,   651] loss: 0.69010
[  1,   701] loss: 0.70735
[  1,   751] loss: 0.70563
[  1,   801] loss: 0.67598
[  1,   851] loss: 0.69393
[  1,   901] loss: 0.69876
[  1,   951] loss: 0.73781
[  1,  1001] loss: 0.67453
[  1,  1051] loss: 0.71413
[  1,  1101] loss: 0.70133
[  1,  1151] loss: 0.67825
[  1,  1201] loss: 0.70687
[  1,  1251] loss: 0.71614
[  1,  1301] loss: 0.70600
[  1,  1351] loss: 0.70037
[  1,  1401] loss: 0.63296
[  1,  1451] loss: 0.68859
[  1,  1501] loss: 0.65330
[  1,  1551] loss: 0.64606
[  1,  1601] loss: 0.65890
[  1,  1651] loss: 0.64735
[  1,  1701] loss: 0.71892
[  1,  1751] loss: 0.66908
[  1,  1801] loss: 0.65930
[  1,  1851] loss: 0.73346
[  1,  1901] loss: 0.72723
[  1,  1951] loss: 0.65644
[  1,  2001] loss: 0.64332
[  1,  2051] loss: 0.64181
[  1,  2101] loss: 0.61446
[  1,  2151] loss: 0.70448
[  1,  2201] loss: 0.73478
[  1,  2251] loss: 0.68794
[  1,  2301] loss: 0.65970
[  1,  2351] loss: 0.70885
[  1,  2401] loss: 0.65369
[  1,  2451] loss: 0.74679
[  1,  2501] loss: 0.67326
[  1,  2551] loss: 0.66944
[  1,  2601] loss: 0.72613
[  1,  2651] loss: 0.65431
[  1,  2701] loss: 0.66108
[  1,  2751] loss: 0.72241
[  1,  2801] loss: 0.77379
[  1,  2851] loss: 0.65567
[  1,  2901] loss: 0.67798
[  1,  2951] loss: 0.70571
[  1,  3001] loss: 0.66761
[  1,  3051] loss: 0.67712
[  1,  3101] loss: 0.70788
[  1,  3151] loss: 0.65908
[  1,  3201] loss: 0.62595
[  1,  3251] loss: 0.68007
[  1,  3301] loss: 0.67016
[  1,  3351] loss: 0.68842
[  1,  3401] loss: 0.60201
[  1,  3451] loss: 0.58895
[  1,  3501] loss: 0.66925
[  1,  3551] loss: 0.72914
[  1,  3601] loss: 0.68288
[  1,  3651] loss: 0.63681
[  1,  3701] loss: 0.58813
[  1,  3751] loss: 0.63721
[  1,  3801] loss: 0.65475
[  1,  3851] loss: 0.64251
[  1,  3901] loss: 0.70271
[  1,  3951] loss: 0.66905
[  1,  4001] loss: 0.63845
[  1,  4051] loss: 0.62277
[  1,  4101] loss: 0.61284
[  1,  4151] loss: 0.58499
[  1,  4201] loss: 0.68649
[  1,  4251] loss: 0.61431
[  1,  4301] loss: 0.65192
[  1,  4351] loss: 0.53207
[  1,  4401] loss: 0.66019
[  1,  4451] loss: 0.67894
[  1,  4501] loss: 0.60094
[  1,  4551] loss: 0.53124
[  1,  4601] loss: 0.54949
[  1,  4651] loss: 0.65350
[  1,  4701] loss: 0.67418
[  1,  4751] loss: 0.59540
[  1,  4801] loss: 0.65613
[  1,  4851] loss: 0.63344
[  1,  4901] loss: 0.63194
[  1,  4951] loss: 0.62845
[  1,  5001] loss: 0.60314
[  1,  5051] loss: 0.64197
[  1,  5101] loss: 0.69817
[  1,  5151] loss: 0.74060
[  1,  5201] loss: 0.57291
[  1,  5251] loss: 0.70113
[  1,  5301] loss: 0.74094
[  1,  5351] loss: 0.81277
[  1,  5401] loss: 0.76103
[  1,  5451] loss: 0.69093
[  1,  5501] loss: 0.81343
[  1,  5551] loss: 0.72413
[  1,  5601] loss: 0.69558
[  1,  5651] loss: 0.68697
[  1,  5701] loss: 0.52729
[  1,  5751] loss: 0.62357
[  1,  5801] loss: 0.67176
[  1,  5851] loss: 0.65079
[  1,  5901] loss: 0.65638
[  1,  5951] loss: 0.61109
[  1,  6001] loss: 0.67739
[  1,  6051] loss: 0.65185
[  1,  6101] loss: 0.65804
[  1,  6151] loss: 0.69188
[  1,  6201] loss: 0.69911
[  1,  6251] loss: 0.71771
[  1,  6301] loss: 0.62682
[  1,  6351] loss: 0.79604
[  1,  6401] loss: 0.68108
[  1,  6451] loss: 0.52327
[  1,  6501] loss: 0.58507
[  1,  6551] loss: 0.58520
[  1,  6601] loss: 0.66549
[  1,  6651] loss: 0.67884
[  1,  6701] loss: 0.61944
[  1,  6751] loss: 0.60353
[  1,  6801] loss: 0.66993
[  1,  6851] loss: 0.66950
[  1,  6901] loss: 0.68771
[  1,  6951] loss: 0.73853
[  1,  7001] loss: 0.63452
[  1,  7051] loss: 0.64337
[  1,  7101] loss: 0.60107
[  1,  7151] loss: 0.62878
[  1,  7201] loss: 0.63063
[  1,  7251] loss: 0.68380
[  1,  7301] loss: 0.63900
[  1,  7351] loss: 0.58395
[  1,  7401] loss: 0.66038
[  1,  7451] loss: 0.68994
[  1,  7501] loss: 0.65117
[  1,  7551] loss: 0.62831
[  1,  7601] loss: 0.64638
[  1,  7651] loss: 0.63106
[  1,  7701] loss: 0.58667
[  1,  7751] loss: 0.64642
[  1,  7801] loss: 0.56295
[  1,  7851] loss: 0.64165
[  1,  7901] loss: 0.63878
[  1,  7951] loss: 0.68270
[  1,  8001] loss: 0.66828
[  1,  8051] loss: 0.64024
[  1,  8101] loss: 0.64336
[  1,  8151] loss: 0.70531
[  1,  8201] loss: 0.63149
[  1,  8251] loss: 0.73535
[  1,  8301] loss: 0.64765
[  1,  8351] loss: 0.71413
[  1,  8401] loss: 0.57276
[  1,  8451] loss: 0.60253
[  1,  8501] loss: 0.60922
[  1,  8551] loss: 0.62384
[  1,  8601] loss: 0.58797
[  1,  8651] loss: 0.60594
[  1,  8701] loss: 0.67099
[  1,  8751] loss: 0.71590
[  1,  8801] loss: 0.60805
[  1,  8851] loss: 0.63323
[  1,  8901] loss: 0.62771
[  1,  8951] loss: 0.64578
[  1,  9001] loss: 0.59212
[  1,  9051] loss: 0.71089
[  1,  9101] loss: 0.62475
[  1,  9151] loss: 0.61799
[  1,  9201] loss: 0.62364
[  1,  9251] loss: 0.63572
[  1,  9301] loss: 0.69028
[  1,  9351] loss: 0.58692
[  1,  9401] loss: 0.58691
[  1,  9451] loss: 0.66827
[  1,  9501] loss: 0.67309
[  1,  9551] loss: 0.62881
[  1,  9601] loss: 0.66068
[  1,  9651] loss: 0.71567
[  1,  9701] loss: 0.62134
[  1,  9751] loss: 0.80161
[  1,  9801] loss: 0.68760
[  1,  9851] loss: 0.69989
[  1,  9901] loss: 0.57253
[  1,  9951] loss: 0.59107
[  1, 10001] loss: 0.66453
[  1, 10051] loss: 0.53423
[  1, 10101] loss: 0.53848
[  1, 10151] loss: 0.59030
[  1, 10201] loss: 0.61343
[  1, 10251] loss: 0.64584
[  1, 10301] loss: 0.73491
[  1, 10351] loss: 0.60588
[  1, 10401] loss: 0.65556
[  1, 10451] loss: 0.60965
[  1, 10501] loss: 0.61386
[  1, 10551] loss: 0.64849
[  1, 10601] loss: 0.60894
[  1, 10651] loss: 0.62473
[  1, 10701] loss: 0.62887
[  1, 10751] loss: 0.67047
[  1, 10801] loss: 0.65715
[  1, 10851] loss: 0.53867
[  1, 10901] loss: 0.60426
[  1, 10951] loss: 0.66229
[  1, 11001] loss: 0.66483
[  1, 11051] loss: 0.67192
[  1, 11101] loss: 0.60687
[  1, 11151] loss: 0.69644
[  1, 11201] loss: 0.62431
[  1, 11251] loss: 0.70826
[  1, 11301] loss: 0.57000
[  1, 11351] loss: 0.61615
[  1, 11401] loss: 0.73983
[  1, 11451] loss: 0.62581
[  1, 11501] loss: 0.62099
[  1, 11551] loss: 0.66287
[  1, 11601] loss: 0.61418
[  1, 11651] loss: 0.68099
[  1, 11701] loss: 0.66712
[  1, 11751] loss: 0.58920
[  1, 11801] loss: 0.70103
[  1, 11851] loss: 0.56562
[  1, 11901] loss: 0.90962
[  1, 11951] loss: 0.63298
[  1, 12001] loss: 0.62322
[  1, 12051] loss: 0.61247
[  1, 12101] loss: 0.66537
[  1, 12151] loss: 0.62569
[  1, 12201] loss: 0.62370
[  1, 12251] loss: 0.64366
[  1, 12301] loss: 0.56697
[  1, 12351] loss: 0.63065
[  1, 12401] loss: 0.66322
[  1, 12451] loss: 0.63401
[  1, 12501] loss: 0.62819
[  1, 12551] loss: 0.58392
[  1, 12601] loss: 0.67177
[  1, 12651] loss: 0.69889
[  1, 12701] loss: 0.72074
[  1, 12751] loss: 0.64478
[  1, 12801] loss: 0.63386
[  1, 12851] loss: 0.62441
[  1, 12901] loss: 0.61232
[  1, 12951] loss: 0.68196
[  1, 13001] loss: 0.66877
[  1, 13051] loss: 0.56723
[  1, 13101] loss: 0.71936
[  1, 13151] loss: 0.65182
[  1, 13201] loss: 0.73874
[  1, 13251] loss: 0.69763
[  1, 13301] loss: 0.58475
[  1, 13351] loss: 0.63766
[  1, 13401] loss: 0.62298
[  1, 13451] loss: 0.53940
[  1, 13501] loss: 0.67174
[  1, 13551] loss: 0.55303
[  1, 13601] loss: 0.61362
[  1, 13651] loss: 0.73073
[  1, 13701] loss: 0.61124
[  1, 13751] loss: 0.63153
[  1, 13801] loss: 0.67813
[  1, 13851] loss: 0.59106
[  1, 13901] loss: 0.67301
[  1, 13951] loss: 0.57070
[  1, 14001] loss: 0.62249
[  1, 14051] loss: 0.69605
[  1, 14101] loss: 0.57624
[  1, 14151] loss: 0.77626
[  1, 14201] loss: 0.65616
[  1, 14251] loss: 0.61057
[  1, 14301] loss: 0.57600
[  1, 14351] loss: 0.86092
[  1, 14401] loss: 0.63171
[  1, 14451] loss: 0.61040
[  1, 14501] loss: 0.66243
[  1, 14551] loss: 0.59574
[  1, 14601] loss: 0.70698
[  1, 14651] loss: 0.61770
[  1, 14701] loss: 0.66835
[  1, 14751] loss: 0.61928
[  1, 14801] loss: 0.54732
[  1, 14851] loss: 0.59728
[  1, 14901] loss: 0.62471
[  1, 14951] loss: 0.63373
[  1, 15001] loss: 0.60722
[  1, 15051] loss: 0.57913
[  1, 15101] loss: 0.70312
[  1, 15151] loss: 0.57862
[  1, 15201] loss: 0.64988
[  1, 15251] loss: 0.56993
[  1, 15301] loss: 0.61506
[  1, 15351] loss: 0.59962
[  1, 15401] loss: 0.74160
[  1, 15451] loss: 0.70767
[  1, 15501] loss: 0.64327
[  1, 15551] loss: 0.66764
[  1, 15601] loss: 0.69495
[  1, 15651] loss: 0.56267
[  1, 15701] loss: 0.59271
[  1, 15751] loss: 0.71738
[  1, 15801] loss: 0.60947
[  1, 15851] loss: 0.67642
[  1, 15901] loss: 0.59333
[  1, 15951] loss: 0.57882
[  1, 16001] loss: 0.68958
[  1, 16051] loss: 0.62980
[  1, 16101] loss: 0.64899
[  1, 16151] loss: 0.70695
[  1, 16201] loss: 0.59579
[  1, 16251] loss: 0.61433
[  1, 16301] loss: 0.74393
[  1, 16351] loss: 0.57282
[  1, 16401] loss: 0.57909
[  1, 16451] loss: 0.66821
[  1, 16501] loss: 0.59267
[  1, 16551] loss: 0.64744
[  1, 16601] loss: 0.60261
[  1, 16651] loss: 0.62546
[  1, 16701] loss: 0.61780
[  1, 16751] loss: 0.66262
[  1, 16801] loss: 0.60250
[  1, 16851] loss: 0.65275
[  1, 16901] loss: 0.60107
[  1, 16951] loss: 0.68618
[  1, 17001] loss: 0.59803
[  1, 17051] loss: 0.65871
[  1, 17101] loss: 0.59042
[  1, 17151] loss: 0.66005
[  1, 17201] loss: 0.57975
[  1, 17251] loss: 0.53636
[  1, 17301] loss: 0.63068
[  1, 17351] loss: 0.71015
[  1, 17401] loss: 0.64975
[  1, 17451] loss: 0.68321
[  1, 17501] loss: 0.60867
[  1, 17551] loss: 0.72275
[  1, 17601] loss: 0.65777
[  1, 17651] loss: 0.63497
[  1, 17701] loss: 0.68178
[  1, 17751] loss: 0.66166
[  1, 17801] loss: 0.66046
[  1, 17851] loss: 0.63751
[  1, 17901] loss: 0.69354
[  1, 17951] loss: 0.61954
[  1, 18001] loss: 0.47588
[  1, 18051] loss: 0.59581
[  1, 18101] loss: 0.64747
[  1, 18151] loss: 0.65356
[  1, 18201] loss: 0.58299
[  1, 18251] loss: 0.58515
[  1, 18301] loss: 0.63893
[  1, 18351] loss: 0.56868
[  1, 18401] loss: 0.54274
[  1, 18451] loss: 0.63764
[  1, 18501] loss: 0.62264
[  1, 18551] loss: 0.68237
[  1, 18601] loss: 0.61818
[  1, 18651] loss: 0.51926
[  1, 18701] loss: 0.67005
[  1, 18751] loss: 0.62396
[  1, 18801] loss: 0.60026
[  1, 18851] loss: 0.65211
[  1, 18901] loss: 0.52481
[  1, 18951] loss: 0.53907
[  1, 19001] loss: 0.67371
[  1, 19051] loss: 0.60628
[  1, 19101] loss: 0.57246
[  1, 19151] loss: 0.63194
[  1, 19201] loss: 0.58109
[  1, 19251] loss: 0.65277
[  1, 19301] loss: 0.73615
[  1, 19351] loss: 0.69564
[  1, 19401] loss: 0.70395
[  1, 19451] loss: 0.60903
[  1, 19501] loss: 0.62019
[  1, 19551] loss: 0.65636
[  1, 19601] loss: 0.61615
[  1, 19651] loss: 0.67678
[  1, 19701] loss: 0.68465
[  1, 19751] loss: 0.73231
[  1, 19801] loss: 0.51267
[  1, 19851] loss: 0.68052
[  1, 19901] loss: 0.76767
[  1, 19951] loss: 0.53303
[  1, 20001] loss: 0.63738
[  1, 20051] loss: 0.50128
[  1, 20101] loss: 0.63671
[  1, 20151] loss: 0.63286
[  1, 20201] loss: 0.64071
[  1, 20251] loss: 0.57739
[  1, 20301] loss: 0.72957
[  1, 20351] loss: 0.67557
[  1, 20401] loss: 0.60544
[  1, 20451] loss: 0.54054
[  1, 20501] loss: 0.63296
[  1, 20551] loss: 0.65575
[  1, 20601] loss: 0.65998
[  1, 20651] loss: 0.58404
[  1, 20701] loss: 0.62263
[  1, 20751] loss: 0.62057
[  1, 20801] loss: 0.64984
[  1, 20851] loss: 0.65744
[  1, 20901] loss: 0.52333
[  1, 20951] loss: 0.64435
[  1, 21001] loss: 0.52952
[  1, 21051] loss: 0.59993
[  1, 21101] loss: 0.66707
[  1, 21151] loss: 0.70320
[  1, 21201] loss: 0.71464
[  1, 21251] loss: 0.61990
[  1, 21301] loss: 0.54800
[  1, 21351] loss: 0.58037
[  1, 21401] loss: 0.59107
[  1, 21451] loss: 0.56162
[  1, 21501] loss: 0.56860
[  1, 21551] loss: 0.62235
[  1, 21601] loss: 0.64474
[  1, 21651] loss: 0.81171
[  1, 21701] loss: 0.58976
[  1, 21751] loss: 0.61162
[  1, 21801] loss: 0.63137
[  1, 21851] loss: 0.65847
[  1, 21901] loss: 0.58991
[  1, 21951] loss: 0.62566
[  1, 22001] loss: 0.62355
[  1, 22051] loss: 0.61320
[  1, 22101] loss: 0.74277
[  1, 22151] loss: 0.62825
[  1, 22201] loss: 0.69910
[  1, 22251] loss: 0.66980
[  1, 22301] loss: 0.73556
[  1, 22351] loss: 0.52247
[  1, 22401] loss: 0.50546
[  1, 22451] loss: 0.58519
[  1, 22501] loss: 0.66569
[  1, 22551] loss: 0.59035
[  1, 22601] loss: 0.56158
[  1, 22651] loss: 0.59503
[  1, 22701] loss: 0.65173
[  1, 22751] loss: 0.64114
[  1, 22801] loss: 0.59247
[  1, 22851] loss: 0.60258
[  1, 22901] loss: 0.59285
[  1, 22951] loss: 0.70769
[  1, 23001] loss: 0.63781
[  1, 23051] loss: 0.60036
[  1, 23101] loss: 0.60583
[  1, 23151] loss: 0.59647
[  1, 23201] loss: 0.71864
[  1, 23251] loss: 0.61398
[  1, 23301] loss: 0.59837
[  1, 23351] loss: 0.66376
[  1, 23401] loss: 0.55956
[  1, 23451] loss: 0.57345
[  1, 23501] loss: 0.57931
[  1, 23551] loss: 0.64728
[  1, 23601] loss: 0.54367
[  1, 23651] loss: 0.59718
[  1, 23701] loss: 0.53504
[  1, 23751] loss: 0.58661
[  1, 23801] loss: 0.61298
[  1, 23851] loss: 0.79303
[  1, 23901] loss: 0.65173
[  1, 23951] loss: 0.58104
[  1, 24001] loss: 0.74731
[  1, 24051] loss: 0.69186
[  1, 24101] loss: 0.53397
[  1, 24151] loss: 0.68533
[  1, 24201] loss: 0.52266
[  1, 24251] loss: 0.69097
[  1, 24301] loss: 0.67320
[  1, 24351] loss: 0.58213
[  1, 24401] loss: 0.74779
[  1, 24451] loss: 0.71741
[  1, 24501] loss: 0.61702
[  1, 24551] loss: 0.54222
[  1, 24601] loss: 0.60009
[  1, 24651] loss: 0.73216
[  1, 24701] loss: 0.60184
[  1, 24751] loss: 0.59896
[  1, 24801] loss: 0.61562
[  1, 24851] loss: 0.59420
[  1, 24901] loss: 0.55787
[  1, 24951] loss: 0.82025
[  2,     1] loss: 0.52420
[  2,    51] loss: 0.51146
[  2,   101] loss: 0.66247
[  2,   151] loss: 0.64896
[  2,   201] loss: 0.47391
[  2,   251] loss: 0.52136
[  2,   301] loss: 0.49059
[  2,   351] loss: 0.53059
[  2,   401] loss: 0.61102
[  2,   451] loss: 0.52135
[  2,   501] loss: 0.59841
[  2,   551] loss: 0.55531
[  2,   601] loss: 0.55798
[  2,   651] loss: 0.59761
[  2,   701] loss: 0.59882
[  2,   751] loss: 0.60596
[  2,   801] loss: 0.52752
[  2,   851] loss: 0.57642
[  2,   901] loss: 0.56530
[  2,   951] loss: 0.56166
[  2,  1001] loss: 0.50166
[  2,  1051] loss: 0.58523
[  2,  1101] loss: 0.57737
[  2,  1151] loss: 0.64082
[  2,  1201] loss: 0.58806
[  2,  1251] loss: 0.65026
[  2,  1301] loss: 0.57506
[  2,  1351] loss: 0.56802
[  2,  1401] loss: 0.47312
[  2,  1451] loss: 0.57641
[  2,  1501] loss: 0.53940
[  2,  1551] loss: 0.54548
[  2,  1601] loss: 0.55310
[  2,  1651] loss: 0.47886
[  2,  1701] loss: 0.52407
[  2,  1751] loss: 0.55815
[  2,  1801] loss: 0.54849
[  2,  1851] loss: 0.61175
[  2,  1901] loss: 0.58531
[  2,  1951] loss: 0.55507
[  2,  2001] loss: 0.50470
[  2,  2051] loss: 0.50219
[  2,  2101] loss: 0.54434
[  2,  2151] loss: 0.57434
[  2,  2201] loss: 0.58259
[  2,  2251] loss: 0.66355
[  2,  2301] loss: 0.50847
[  2,  2351] loss: 0.49556
[  2,  2401] loss: 0.50185
[  2,  2451] loss: 0.50485
[  2,  2501] loss: 0.58235
[  2,  2551] loss: 0.54367
[  2,  2601] loss: 0.64069
[  2,  2651] loss: 0.54151
[  2,  2701] loss: 0.58282
[  2,  2751] loss: 0.57598
[  2,  2801] loss: 0.59717
[  2,  2851] loss: 0.58765
[  2,  2901] loss: 0.62408
[  2,  2951] loss: 0.64104
[  2,  3001] loss: 0.51684
[  2,  3051] loss: 0.52889
[  2,  3101] loss: 0.61766
[  2,  3151] loss: 0.58019
[  2,  3201] loss: 0.53649
[  2,  3251] loss: 0.57017
[  2,  3301] loss: 0.59601
[  2,  3351] loss: 0.60217
[  2,  3401] loss: 0.46546
[  2,  3451] loss: 0.43811
[  2,  3501] loss: 0.53231
[  2,  3551] loss: 0.54030
[  2,  3601] loss: 0.60909
[  2,  3651] loss: 0.55411
[  2,  3701] loss: 0.48404
[  2,  3751] loss: 0.51912
[  2,  3801] loss: 0.56157
[  2,  3851] loss: 0.49608
[  2,  3901] loss: 0.56956
[  2,  3951] loss: 0.57081
[  2,  4001] loss: 0.48438
[  2,  4051] loss: 0.53027
[  2,  4101] loss: 0.48836
[  2,  4151] loss: 0.46404
[  2,  4201] loss: 0.59939
[  2,  4251] loss: 0.50795
[  2,  4301] loss: 0.53982
[  2,  4351] loss: 0.42165
[  2,  4401] loss: 0.59711
[  2,  4451] loss: 0.54918
[  2,  4501] loss: 0.45623
[  2,  4551] loss: 0.43213
[  2,  4601] loss: 0.43707
[  2,  4651] loss: 0.57404
[  2,  4701] loss: 0.54844
[  2,  4751] loss: 0.48471
[  2,  4801] loss: 0.60371
[  2,  4851] loss: 0.53475
[  2,  4901] loss: 0.54199
[  2,  4951] loss: 0.52691
[  2,  5001] loss: 0.52603
[  2,  5051] loss: 0.57570
[  2,  5101] loss: 0.58552
[  2,  5151] loss: 0.52305
[  2,  5201] loss: 0.46558
[  2,  5251] loss: 0.61428
[  2,  5301] loss: 0.66817
[  2,  5351] loss: 0.66163
[  2,  5401] loss: 0.58773
[  2,  5451] loss: 0.71967
[  2,  5501] loss: 0.74861
[  2,  5551] loss: 0.68848
[  2,  5601] loss: 0.51359
[  2,  5651] loss: 0.59555
[  2,  5701] loss: 0.53025
[  2,  5751] loss: 0.54768
[  2,  5801] loss: 0.48565
[  2,  5851] loss: 0.50003
[  2,  5901] loss: 0.62580
[  2,  5951] loss: 0.48265
[  2,  6001] loss: 0.58363
[  2,  6051] loss: 0.60412
[  2,  6101] loss: 0.52858
[  2,  6151] loss: 0.54112
[  2,  6201] loss: 0.59603
[  2,  6251] loss: 0.59644
[  2,  6301] loss: 0.48306
[  2,  6351] loss: 0.60313
[  2,  6401] loss: 0.52249
[  2,  6451] loss: 0.41956
[  2,  6501] loss: 0.44473
[  2,  6551] loss: 0.46879
[  2,  6601] loss: 0.52221
[  2,  6651] loss: 0.59596
[  2,  6701] loss: 0.47807
[  2,  6751] loss: 0.50344
[  2,  6801] loss: 0.55604
[  2,  6851] loss: 0.54759
[  2,  6901] loss: 0.61415
[  2,  6951] loss: 0.71750
[  2,  7001] loss: 0.52671
[  2,  7051] loss: 0.52099
[  2,  7101] loss: 0.44480
[  2,  7151] loss: 0.57662
[  2,  7201] loss: 0.45871
[  2,  7251] loss: 0.55049
[  2,  7301] loss: 0.52565
[  2,  7351] loss: 0.52197
[  2,  7401] loss: 0.54534
[  2,  7451] loss: 0.58874
[  2,  7501] loss: 0.48065
[  2,  7551] loss: 0.48715
[  2,  7601] loss: 0.49193
[  2,  7651] loss: 0.48361
[  2,  7701] loss: 0.45420
[  2,  7751] loss: 0.54317
[  2,  7801] loss: 0.44155
[  2,  7851] loss: 0.55766
[  2,  7901] loss: 0.49674
[  2,  7951] loss: 0.56363
[  2,  8001] loss: 0.54770
[  2,  8051] loss: 0.49230
[  2,  8101] loss: 0.51051
[  2,  8151] loss: 0.57192
[  2,  8201] loss: 0.50865
[  2,  8251] loss: 0.64057
[  2,  8301] loss: 0.52341
[  2,  8351] loss: 0.59278
[  2,  8401] loss: 0.46490
[  2,  8451] loss: 0.44255
[  2,  8501] loss: 0.45769
[  2,  8551] loss: 0.49438
[  2,  8601] loss: 0.52933
[  2,  8651] loss: 0.48252
[  2,  8701] loss: 0.56684
[  2,  8751] loss: 0.56155
[  2,  8801] loss: 0.47320
[  2,  8851] loss: 0.51318
[  2,  8901] loss: 0.54565
[  2,  8951] loss: 0.52750
[  2,  9001] loss: 0.46394
[  2,  9051] loss: 0.56724
[  2,  9101] loss: 0.55496
[  2,  9151] loss: 0.48734
[  2,  9201] loss: 0.54232
[  2,  9251] loss: 0.52847
[  2,  9301] loss: 0.59637
[  2,  9351] loss: 0.43723
[  2,  9401] loss: 0.44206
[  2,  9451] loss: 0.50263
[  2,  9501] loss: 0.56115
[  2,  9551] loss: 0.52190
[  2,  9601] loss: 0.47995
[  2,  9651] loss: 0.52150
[  2,  9701] loss: 0.53270
[  2,  9751] loss: 0.65821
[  2,  9801] loss: 0.56869
[  2,  9851] loss: 0.55069
[  2,  9901] loss: 0.44453
[  2,  9951] loss: 0.46710
[  2, 10001] loss: 0.54063
[  2, 10051] loss: 0.41555
[  2, 10101] loss: 0.44517
[  2, 10151] loss: 0.49835
[  2, 10201] loss: 0.50646
[  2, 10251] loss: 0.51463
[  2, 10301] loss: 0.57389
[  2, 10351] loss: 0.44413
[  2, 10401] loss: 0.53770
[  2, 10451] loss: 0.49609
[  2, 10501] loss: 0.48919
[  2, 10551] loss: 0.56438
[  2, 10601] loss: 0.47403
[  2, 10651] loss: 0.49873
[  2, 10701] loss: 0.50969
[  2, 10751] loss: 0.61134
[  2, 10801] loss: 0.49846
[  2, 10851] loss: 0.44776
[  2, 10901] loss: 0.46547
[  2, 10951] loss: 0.53568
[  2, 11001] loss: 0.56280
[  2, 11051] loss: 0.50992
[  2, 11101] loss: 0.45294
[  2, 11151] loss: 0.53804
[  2, 11201] loss: 0.47970
[  2, 11251] loss: 0.60170
[  2, 11301] loss: 0.40569
[  2, 11351] loss: 0.49679
[  2, 11401] loss: 0.59491
[  2, 11451] loss: 0.44595
[  2, 11501] loss: 0.51087
[  2, 11551] loss: 0.55661
[  2, 11601] loss: 0.52252
[  2, 11651] loss: 0.48638
[  2, 11701] loss: 0.52700
[  2, 11751] loss: 0.57602
[  2, 11801] loss: 0.63329
[  2, 11851] loss: 0.44168
[  2, 11901] loss: 0.79796
[  2, 11951] loss: 0.59329
[  2, 12001] loss: 0.53047
[  2, 12051] loss: 0.49473
[  2, 12101] loss: 0.48117
[  2, 12151] loss: 0.58684
[  2, 12201] loss: 0.54963
[  2, 12251] loss: 0.48613
[  2, 12301] loss: 0.46160
[  2, 12351] loss: 0.54074
[  2, 12401] loss: 0.54146
[  2, 12451] loss: 0.55587
[  2, 12501] loss: 0.46502
[  2, 12551] loss: 0.46378
[  2, 12601] loss: 0.54038
[  2, 12651] loss: 0.54424
[  2, 12701] loss: 0.56516
[  2, 12751] loss: 0.50029
[  2, 12801] loss: 0.53938
[  2, 12851] loss: 0.46889
[  2, 12901] loss: 0.48548
[  2, 12951] loss: 0.52593
[  2, 13001] loss: 0.50846
[  2, 13051] loss: 0.39880
[  2, 13101] loss: 0.56111
[  2, 13151] loss: 0.50703
[  2, 13201] loss: 0.61904
[  2, 13251] loss: 0.53801
[  2, 13301] loss: 0.47487
[  2, 13351] loss: 0.46443
[  2, 13401] loss: 0.48076
[  2, 13451] loss: 0.36345
[  2, 13501] loss: 0.49780
[  2, 13551] loss: 0.46401
[  2, 13601] loss: 0.49975
[  2, 13651] loss: 0.58154
[  2, 13701] loss: 0.53551
[  2, 13751] loss: 0.49959
[  2, 13801] loss: 0.55718
[  2, 13851] loss: 0.48012
[  2, 13901] loss: 0.55153
[  2, 13951] loss: 0.42841
[  2, 14001] loss: 0.47895
[  2, 14051] loss: 0.53571
[  2, 14101] loss: 0.43588
[  2, 14151] loss: 0.69158
[  2, 14201] loss: 0.49676
[  2, 14251] loss: 0.48291
[  2, 14301] loss: 0.47509
[  2, 14351] loss: 0.66089
[  2, 14401] loss: 0.47366
[  2, 14451] loss: 0.47873
[  2, 14501] loss: 0.52762
[  2, 14551] loss: 0.45593
[  2, 14601] loss: 0.53824
[  2, 14651] loss: 0.48427
[  2, 14701] loss: 0.53039
[  2, 14751] loss: 0.47075
[  2, 14801] loss: 0.45771
[  2, 14851] loss: 0.46812
[  2, 14901] loss: 0.48582
[  2, 14951] loss: 0.49501
[  2, 15001] loss: 0.47552
[  2, 15051] loss: 0.43234
[  2, 15101] loss: 0.53138
[  2, 15151] loss: 0.43951
[  2, 15201] loss: 0.55519
[  2, 15251] loss: 0.41042
[  2, 15301] loss: 0.47460
[  2, 15351] loss: 0.42908
[  2, 15401] loss: 0.59900
[  2, 15451] loss: 0.52066
[  2, 15501] loss: 0.51650
[  2, 15551] loss: 0.52819
[  2, 15601] loss: 0.54513
[  2, 15651] loss: 0.43356
[  2, 15701] loss: 0.47105
[  2, 15751] loss: 0.57412
[  2, 15801] loss: 0.51410
[  2, 15851] loss: 0.51414
[  2, 15901] loss: 0.42979
[  2, 15951] loss: 0.42881
[  2, 16001] loss: 0.53563
[  2, 16051] loss: 0.50010
[  2, 16101] loss: 0.55256
[  2, 16151] loss: 0.53597
[  2, 16201] loss: 0.46645
[  2, 16251] loss: 0.48688
[  2, 16301] loss: 0.69805
[  2, 16351] loss: 0.46974
[  2, 16401] loss: 0.51832
[  2, 16451] loss: 0.58244
[  2, 16501] loss: 0.43083
[  2, 16551] loss: 0.50719
[  2, 16601] loss: 0.40856
[  2, 16651] loss: 0.47899
[  2, 16701] loss: 0.48293
[  2, 16751] loss: 0.50430
[  2, 16801] loss: 0.50989
[  2, 16851] loss: 0.48164
[  2, 16901] loss: 0.45997
[  2, 16951] loss: 0.51579
[  2, 17001] loss: 0.48420
[  2, 17051] loss: 0.48023
[  2, 17101] loss: 0.42209
[  2, 17151] loss: 0.50778
[  2, 17201] loss: 0.43208
[  2, 17251] loss: 0.45467
[  2, 17301] loss: 0.50446
[  2, 17351] loss: 0.54368
[  2, 17401] loss: 0.47024
[  2, 17451] loss: 0.48054
[  2, 17501] loss: 0.43498
[  2, 17551] loss: 0.56020
[  2, 17601] loss: 0.55899
[  2, 17651] loss: 0.47177
[  2, 17701] loss: 0.52813
[  2, 17751] loss: 0.46225
[  2, 17801] loss: 0.52568
[  2, 17851] loss: 0.49193
[  2, 17901] loss: 0.50297
[  2, 17951] loss: 0.48708
[  2, 18001] loss: 0.37787
[  2, 18051] loss: 0.47820
[  2, 18101] loss: 0.50497
[  2, 18151] loss: 0.43745
[  2, 18201] loss: 0.48218
[  2, 18251] loss: 0.42398
[  2, 18301] loss: 0.52220
[  2, 18351] loss: 0.44804
[  2, 18401] loss: 0.46207
[  2, 18451] loss: 0.48647
[  2, 18501] loss: 0.49346
[  2, 18551] loss: 0.54849
[  2, 18601] loss: 0.47258
[  2, 18651] loss: 0.38472
[  2, 18701] loss: 0.52499
[  2, 18751] loss: 0.47173
[  2, 18801] loss: 0.50086
[  2, 18851] loss: 0.47843
[  2, 18901] loss: 0.44824
[  2, 18951] loss: 0.44812
[  2, 19001] loss: 0.48852
[  2, 19051] loss: 0.45251
[  2, 19101] loss: 0.43285
[  2, 19151] loss: 0.47095
[  2, 19201] loss: 0.44193
[  2, 19251] loss: 0.52034
[  2, 19301] loss: 0.62708
[  2, 19351] loss: 0.52584
[  2, 19401] loss: 0.55798
[  2, 19451] loss: 0.44562
[  2, 19501] loss: 0.49230
[  2, 19551] loss: 0.53753
[  2, 19601] loss: 0.47275
[  2, 19651] loss: 0.54672
[  2, 19701] loss: 0.55917
[  2, 19751] loss: 0.59037
[  2, 19801] loss: 0.41407
[  2, 19851] loss: 0.50089
[  2, 19901] loss: 0.63827
[  2, 19951] loss: 0.38510
[  2, 20001] loss: 0.50969
[  2, 20051] loss: 0.42187
[  2, 20101] loss: 0.52039
[  2, 20151] loss: 0.51552
[  2, 20201] loss: 0.49197
[  2, 20251] loss: 0.48864
[  2, 20301] loss: 0.63470
[  2, 20351] loss: 0.52096
[  2, 20401] loss: 0.43395
[  2, 20451] loss: 0.39455
[  2, 20501] loss: 0.47346
[  2, 20551] loss: 0.47346
[  2, 20601] loss: 0.52307
[  2, 20651] loss: 0.44141
[  2, 20701] loss: 0.51518
[  2, 20751] loss: 0.50017
[  2, 20801] loss: 0.48676
[  2, 20851] loss: 0.46547
[  2, 20901] loss: 0.41248
[  2, 20951] loss: 0.43732
[  2, 21001] loss: 0.38445
[  2, 21051] loss: 0.43943
[  2, 21101] loss: 0.53970
[  2, 21151] loss: 0.53160
[  2, 21201] loss: 0.57595
[  2, 21251] loss: 0.43407
[  2, 21301] loss: 0.42319
[  2, 21351] loss: 0.43628
[  2, 21401] loss: 0.47895
[  2, 21451] loss: 0.40299
[  2, 21501] loss: 0.39687
[  2, 21551] loss: 0.45571
[  2, 21601] loss: 0.49712
[  2, 21651] loss: 0.68288
[  2, 21701] loss: 0.42962
[  2, 21751] loss: 0.47977
[  2, 21801] loss: 0.48053
[  2, 21851] loss: 0.50081
[  2, 21901] loss: 0.47866
[  2, 21951] loss: 0.46725
[  2, 22001] loss: 0.40478
[  2, 22051] loss: 0.52920
[  2, 22101] loss: 0.57081
[  2, 22151] loss: 0.47611
[  2, 22201] loss: 0.48052
[  2, 22251] loss: 0.52375
[  2, 22301] loss: 0.59610
[  2, 22351] loss: 0.41889
[  2, 22401] loss: 0.38681
[  2, 22451] loss: 0.48516
[  2, 22501] loss: 0.48884
[  2, 22551] loss: 0.44129
[  2, 22601] loss: 0.44609
[  2, 22651] loss: 0.51928
[  2, 22701] loss: 0.50345
[  2, 22751] loss: 0.45991
[  2, 22801] loss: 0.42583
[  2, 22851] loss: 0.46332
[  2, 22901] loss: 0.41743
[  2, 22951] loss: 0.57236
[  2, 23001] loss: 0.46037
[  2, 23051] loss: 0.47023
[  2, 23101] loss: 0.45085
[  2, 23151] loss: 0.49225
[  2, 23201] loss: 0.50557
[  2, 23251] loss: 0.49115
[  2, 23301] loss: 0.48663
[  2, 23351] loss: 0.45206
[  2, 23401] loss: 0.38671
[  2, 23451] loss: 0.37306
[  2, 23501] loss: 0.41785
[  2, 23551] loss: 0.54463
[  2, 23601] loss: 0.42606
[  2, 23651] loss: 0.41660
[  2, 23701] loss: 0.41059
[  2, 23751] loss: 0.44813
[  2, 23801] loss: 0.42612
[  2, 23851] loss: 0.52258
[  2, 23901] loss: 0.53997
[  2, 23951] loss: 0.46922
[  2, 24001] loss: 0.57879
[  2, 24051] loss: 0.45827
[  2, 24101] loss: 0.39456
[  2, 24151] loss: 0.54246
[  2, 24201] loss: 0.34220
[  2, 24251] loss: 0.54567
[  2, 24301] loss: 0.57272
[  2, 24351] loss: 0.46102
[  2, 24401] loss: 0.57261
[  2, 24451] loss: 0.58137
[  2, 24501] loss: 0.50268
[  2, 24551] loss: 0.36335
[  2, 24601] loss: 0.48992
[  2, 24651] loss: 0.59594
[  2, 24701] loss: 0.42319
[  2, 24751] loss: 0.47454
[  2, 24801] loss: 0.47312
[  2, 24851] loss: 0.50440
[  2, 24901] loss: 0.44614
[  2, 24951] loss: 0.61628
[  3,     1] loss: 0.38101
[  3,    51] loss: 0.43138
[  3,   101] loss: 0.49639
[  3,   151] loss: 0.49655
[  3,   201] loss: 0.31173
[  3,   251] loss: 0.43872
[  3,   301] loss: 0.35138
[  3,   351] loss: 0.38626
[  3,   401] loss: 0.40685
[  3,   451] loss: 0.38312
[  3,   501] loss: 0.46146
[  3,   551] loss: 0.36164
[  3,   601] loss: 0.38205
[  3,   651] loss: 0.45941
[  3,   701] loss: 0.45443
[  3,   751] loss: 0.40775
[  3,   801] loss: 0.39139
[  3,   851] loss: 0.42569
[  3,   901] loss: 0.41844
[  3,   951] loss: 0.45984
[  3,  1001] loss: 0.38972
[  3,  1051] loss: 0.44084
[  3,  1101] loss: 0.45602
[  3,  1151] loss: 0.50226
[  3,  1201] loss: 0.44980
[  3,  1251] loss: 0.46369
[  3,  1301] loss: 0.41061
[  3,  1351] loss: 0.39144
[  3,  1401] loss: 0.37966
[  3,  1451] loss: 0.40832
[  3,  1501] loss: 0.39840
[  3,  1551] loss: 0.39298
[  3,  1601] loss: 0.40532
[  3,  1651] loss: 0.32333
[  3,  1701] loss: 0.34992
[  3,  1751] loss: 0.41127
[  3,  1801] loss: 0.39335
[  3,  1851] loss: 0.47101
[  3,  1901] loss: 0.46689
[  3,  1951] loss: 0.40044
[  3,  2001] loss: 0.39328
[  3,  2051] loss: 0.39797
[  3,  2101] loss: 0.38886
[  3,  2151] loss: 0.38939
[  3,  2201] loss: 0.41068
[  3,  2251] loss: 0.55682
[  3,  2301] loss: 0.36354
[  3,  2351] loss: 0.34896
[  3,  2401] loss: 0.35502
[  3,  2451] loss: 0.33486
[  3,  2501] loss: 0.44029
[  3,  2551] loss: 0.43039
[  3,  2601] loss: 0.55149
[  3,  2651] loss: 0.39592
[  3,  2701] loss: 0.45342
[  3,  2751] loss: 0.44464
[  3,  2801] loss: 0.43973
[  3,  2851] loss: 0.45749
[  3,  2901] loss: 0.46038
[  3,  2951] loss: 0.44627
[  3,  3001] loss: 0.35201
[  3,  3051] loss: 0.37512
[  3,  3101] loss: 0.47227
[  3,  3151] loss: 0.36107
[  3,  3201] loss: 0.39207
[  3,  3251] loss: 0.40862
[  3,  3301] loss: 0.44094
[  3,  3351] loss: 0.44313
[  3,  3401] loss: 0.33955
[  3,  3451] loss: 0.26050
[  3,  3501] loss: 0.34628
[  3,  3551] loss: 0.39701
[  3,  3601] loss: 0.45078
[  3,  3651] loss: 0.41794
[  3,  3701] loss: 0.31187
[  3,  3751] loss: 0.34117
[  3,  3801] loss: 0.40219
[  3,  3851] loss: 0.37162
[  3,  3901] loss: 0.41217
[  3,  3951] loss: 0.39958
[  3,  4001] loss: 0.33938
[  3,  4051] loss: 0.36722
[  3,  4101] loss: 0.30256
[  3,  4151] loss: 0.30333
[  3,  4201] loss: 0.40569
[  3,  4251] loss: 0.37739
[  3,  4301] loss: 0.39953
[  3,  4351] loss: 0.33201
[  3,  4401] loss: 0.38960
[  3,  4451] loss: 0.32805
[  3,  4501] loss: 0.29997
[  3,  4551] loss: 0.25982
[  3,  4601] loss: 0.27039
[  3,  4651] loss: 0.37271
[  3,  4701] loss: 0.40323
[  3,  4751] loss: 0.34245
[  3,  4801] loss: 0.40525
[  3,  4851] loss: 0.36621
[  3,  4901] loss: 0.36356
[  3,  4951] loss: 0.36541
[  3,  5001] loss: 0.37607
[  3,  5051] loss: 0.45632
[  3,  5101] loss: 0.38381
[  3,  5151] loss: 0.31058
[  3,  5201] loss: 0.32505
[  3,  5251] loss: 0.41616
[  3,  5301] loss: 0.43556
[  3,  5351] loss: 0.45431
[  3,  5401] loss: 0.40777
[  3,  5451] loss: 0.44942
[  3,  5501] loss: 0.44726
[  3,  5551] loss: 0.50703
[  3,  5601] loss: 0.34215
[  3,  5651] loss: 0.41559
[  3,  5701] loss: 0.30729
[  3,  5751] loss: 0.37766
[  3,  5801] loss: 0.32770
[  3,  5851] loss: 0.33047
[  3,  5901] loss: 0.40577
[  3,  5951] loss: 0.32446
[  3,  6001] loss: 0.44977
[  3,  6051] loss: 0.42848
[  3,  6101] loss: 0.34505
[  3,  6151] loss: 0.37719
[  3,  6201] loss: 0.43899
[  3,  6251] loss: 0.38514
[  3,  6301] loss: 0.35981
[  3,  6351] loss: 0.40677
[  3,  6401] loss: 0.32812
[  3,  6451] loss: 0.31348
[  3,  6501] loss: 0.28442
[  3,  6551] loss: 0.28727
[  3,  6601] loss: 0.37359
[  3,  6651] loss: 0.42929
[  3,  6701] loss: 0.34418
[  3,  6751] loss: 0.34154
[  3,  6801] loss: 0.37434
[  3,  6851] loss: 0.40571
[  3,  6901] loss: 0.45035
[  3,  6951] loss: 0.49837
[  3,  7001] loss: 0.34282
[  3,  7051] loss: 0.33264
[  3,  7101] loss: 0.26976
[  3,  7151] loss: 0.43557
[  3,  7201] loss: 0.31431
[  3,  7251] loss: 0.41412
[  3,  7301] loss: 0.32967
[  3,  7351] loss: 0.39312
[  3,  7401] loss: 0.39691
[  3,  7451] loss: 0.39205
[  3,  7501] loss: 0.31573
[  3,  7551] loss: 0.31534
[  3,  7601] loss: 0.34639
[  3,  7651] loss: 0.30078
[  3,  7701] loss: 0.32444
[  3,  7751] loss: 0.36343
[  3,  7801] loss: 0.26319
[  3,  7851] loss: 0.38729
[  3,  7901] loss: 0.34129
[  3,  7951] loss: 0.40192
[  3,  8001] loss: 0.32927
[  3,  8051] loss: 0.35029
[  3,  8101] loss: 0.30152
[  3,  8151] loss: 0.35779
[  3,  8201] loss: 0.36074
[  3,  8251] loss: 0.49548
[  3,  8301] loss: 0.37715
[  3,  8351] loss: 0.38188
[  3,  8401] loss: 0.31397
[  3,  8451] loss: 0.24736
[  3,  8501] loss: 0.28863
[  3,  8551] loss: 0.32043
[  3,  8601] loss: 0.37486
[  3,  8651] loss: 0.30489
[  3,  8701] loss: 0.43059
[  3,  8751] loss: 0.37584
[  3,  8801] loss: 0.31311
[  3,  8851] loss: 0.35371
[  3,  8901] loss: 0.40680
[  3,  8951] loss: 0.32743
[  3,  9001] loss: 0.28772
[  3,  9051] loss: 0.37068
[  3,  9101] loss: 0.50058
[  3,  9151] loss: 0.33876
[  3,  9201] loss: 0.35345
[  3,  9251] loss: 0.38631
[  3,  9301] loss: 0.42331
[  3,  9351] loss: 0.26990
[  3,  9401] loss: 0.28337
[  3,  9451] loss: 0.31728
[  3,  9501] loss: 0.39616
[  3,  9551] loss: 0.41545
[  3,  9601] loss: 0.36447
[  3,  9651] loss: 0.32641
[  3,  9701] loss: 0.34888
[  3,  9751] loss: 0.43929
[  3,  9801] loss: 0.36288
[  3,  9851] loss: 0.34835
[  3,  9901] loss: 0.26966
[  3,  9951] loss: 0.34094
[  3, 10001] loss: 0.32399
[  3, 10051] loss: 0.24456
[  3, 10101] loss: 0.28379
[  3, 10151] loss: 0.33705
[  3, 10201] loss: 0.34807
[  3, 10251] loss: 0.32004
[  3, 10301] loss: 0.39686
[  3, 10351] loss: 0.28807
[  3, 10401] loss: 0.31624
[  3, 10451] loss: 0.32372
[  3, 10501] loss: 0.32628
[  3, 10551] loss: 0.40620
[  3, 10601] loss: 0.33809
[  3, 10651] loss: 0.32679
[  3, 10701] loss: 0.32721
[  3, 10751] loss: 0.41051
[  3, 10801] loss: 0.30257
[  3, 10851] loss: 0.30939
[  3, 10901] loss: 0.30229
[  3, 10951] loss: 0.28515
[  3, 11001] loss: 0.37034
[  3, 11051] loss: 0.32396
[  3, 11101] loss: 0.24480
[  3, 11151] loss: 0.35876
[  3, 11201] loss: 0.28363
[  3, 11251] loss: 0.45758
[  3, 11301] loss: 0.23159
[  3, 11351] loss: 0.31475
[  3, 11401] loss: 0.43887
[  3, 11451] loss: 0.28920
[  3, 11501] loss: 0.26692
[  3, 11551] loss: 0.34551
[  3, 11601] loss: 0.33967
[  3, 11651] loss: 0.30938
[  3, 11701] loss: 0.35644
[  3, 11751] loss: 0.41740
[  3, 11801] loss: 0.48670
[  3, 11851] loss: 0.24794
[  3, 11901] loss: 0.49994
[  3, 11951] loss: 0.43940
[  3, 12001] loss: 0.44405
[  3, 12051] loss: 0.36575
[  3, 12101] loss: 0.25718
[  3, 12151] loss: 0.47088
[  3, 12201] loss: 0.49054
[  3, 12251] loss: 0.33627
[  3, 12301] loss: 0.30802
[  3, 12351] loss: 0.33696
[  3, 12401] loss: 0.34642
[  3, 12451] loss: 0.44288
[  3, 12501] loss: 0.31673
[  3, 12551] loss: 0.27571
[  3, 12601] loss: 0.31731
[  3, 12651] loss: 0.43829
[  3, 12701] loss: 0.44804
[  3, 12751] loss: 0.29070
[  3, 12801] loss: 0.34625
[  3, 12851] loss: 0.32910
[  3, 12901] loss: 0.25090
[  3, 12951] loss: 0.25590
[  3, 13001] loss: 0.29381
[  3, 13051] loss: 0.22234
[  3, 13101] loss: 0.34727
[  3, 13151] loss: 0.31054
[  3, 13201] loss: 0.38561
[  3, 13251] loss: 0.27148
[  3, 13301] loss: 0.26557
[  3, 13351] loss: 0.25430
[  3, 13401] loss: 0.31907
[  3, 13451] loss: 0.17395
[  3, 13501] loss: 0.32710
[  3, 13551] loss: 0.31363
[  3, 13601] loss: 0.30496
[  3, 13651] loss: 0.36370
[  3, 13701] loss: 0.31879
[  3, 13751] loss: 0.30575
[  3, 13801] loss: 0.31047
[  3, 13851] loss: 0.25899
[  3, 13901] loss: 0.33947
[  3, 13951] loss: 0.25287
[  3, 14001] loss: 0.29452
[  3, 14051] loss: 0.28154
[  3, 14101] loss: 0.24048
[  3, 14151] loss: 0.46261
[  3, 14201] loss: 0.32449
[  3, 14251] loss: 0.33172
[  3, 14301] loss: 0.31292
[  3, 14351] loss: 0.44936
[  3, 14401] loss: 0.32777
[  3, 14451] loss: 0.29070
[  3, 14501] loss: 0.29819
[  3, 14551] loss: 0.25414
[  3, 14601] loss: 0.31204
[  3, 14651] loss: 0.23720
[  3, 14701] loss: 0.32145
[  3, 14751] loss: 0.25432
[  3, 14801] loss: 0.32754
[  3, 14851] loss: 0.27576
[  3, 14901] loss: 0.31156
[  3, 14951] loss: 0.27027
[  3, 15001] loss: 0.28780
[  3, 15051] loss: 0.25252
[  3, 15101] loss: 0.32976
[  3, 15151] loss: 0.27577
[  3, 15201] loss: 0.34487
[  3, 15251] loss: 0.21936
[  3, 15301] loss: 0.25292
[  3, 15351] loss: 0.26603
[  3, 15401] loss: 0.39553
[  3, 15451] loss: 0.32548
[  3, 15501] loss: 0.27239
[  3, 15551] loss: 0.30406
[  3, 15601] loss: 0.31308
[  3, 15651] loss: 0.25469
[  3, 15701] loss: 0.26077
[  3, 15751] loss: 0.29144
[  3, 15801] loss: 0.35597
[  3, 15851] loss: 0.27836
[  3, 15901] loss: 0.24897
[  3, 15951] loss: 0.24757
[  3, 16001] loss: 0.30811
[  3, 16051] loss: 0.27440
[  3, 16101] loss: 0.32025
[  3, 16151] loss: 0.25710
[  3, 16201] loss: 0.26537
[  3, 16251] loss: 0.27745
[  3, 16301] loss: 0.46208
[  3, 16351] loss: 0.29871
[  3, 16401] loss: 0.28956
[  3, 16451] loss: 0.30324
[  3, 16501] loss: 0.24470
[  3, 16551] loss: 0.28751
[  3, 16601] loss: 0.24450
[  3, 16651] loss: 0.27324
[  3, 16701] loss: 0.32540
[  3, 16751] loss: 0.29687
[  3, 16801] loss: 0.28285
[  3, 16851] loss: 0.26209
[  3, 16901] loss: 0.28302
[  3, 16951] loss: 0.30397
[  3, 17001] loss: 0.23932
[  3, 17051] loss: 0.27841
[  3, 17101] loss: 0.21607
[  3, 17151] loss: 0.26847
[  3, 17201] loss: 0.27901
[  3, 17251] loss: 0.28520
[  3, 17301] loss: 0.36402
[  3, 17351] loss: 0.28399
[  3, 17401] loss: 0.21496
[  3, 17451] loss: 0.26026
[  3, 17501] loss: 0.18533
[  3, 17551] loss: 0.31556
[  3, 17601] loss: 0.28031
[  3, 17651] loss: 0.29666
[  3, 17701] loss: 0.29434
[  3, 17751] loss: 0.27343
[  3, 17801] loss: 0.32397
[  3, 17851] loss: 0.31169
[  3, 17901] loss: 0.28183
[  3, 17951] loss: 0.28089
[  3, 18001] loss: 0.20621
[  3, 18051] loss: 0.28854
[  3, 18101] loss: 0.31085
[  3, 18151] loss: 0.26382
[  3, 18201] loss: 0.28915
[  3, 18251] loss: 0.20128
[  3, 18301] loss: 0.32909
[  3, 18351] loss: 0.27813
[  3, 18401] loss: 0.30995
[  3, 18451] loss: 0.27402
[  3, 18501] loss: 0.26081
[  3, 18551] loss: 0.41363
[  3, 18601] loss: 0.28396
[  3, 18651] loss: 0.19322
[  3, 18701] loss: 0.28065
[  3, 18751] loss: 0.33002
[  3, 18801] loss: 0.39197
[  3, 18851] loss: 0.24927
[  3, 18901] loss: 0.26032
[  3, 18951] loss: 0.30832
[  3, 19001] loss: 0.40851
[  3, 19051] loss: 0.21328
[  3, 19101] loss: 0.23769
[  3, 19151] loss: 0.32544
[  3, 19201] loss: 0.32331
[  3, 19251] loss: 0.30406
[  3, 19301] loss: 0.31522
[  3, 19351] loss: 0.33669
[  3, 19401] loss: 0.33253
[  3, 19451] loss: 0.23863
[  3, 19501] loss: 0.30667
[  3, 19551] loss: 0.31034
[  3, 19601] loss: 0.35431
[  3, 19651] loss: 0.28567
[  3, 19701] loss: 0.36168
[  3, 19751] loss: 0.33103
[  3, 19801] loss: 0.22136
[  3, 19851] loss: 0.24406
[  3, 19901] loss: 0.35871
[  3, 19951] loss: 0.27381
[  3, 20001] loss: 0.25196
[  3, 20051] loss: 0.22775
[  3, 20101] loss: 0.30051
[  3, 20151] loss: 0.36402
[  3, 20201] loss: 0.26294
[  3, 20251] loss: 0.21133
[  3, 20301] loss: 0.36956
[  3, 20351] loss: 0.32061
[  3, 20401] loss: 0.26616
[  3, 20451] loss: 0.21719
[  3, 20501] loss: 0.24935
[  3, 20551] loss: 0.31985
[  3, 20601] loss: 0.37626
[  3, 20651] loss: 0.25179
[  3, 20701] loss: 0.34213
[  3, 20751] loss: 0.31004
[  3, 20801] loss: 0.26673
[  3, 20851] loss: 0.25717
[  3, 20901] loss: 0.21034
[  3, 20951] loss: 0.21380
[  3, 21001] loss: 0.25655
[  3, 21051] loss: 0.28303
[  3, 21101] loss: 0.31939
[  3, 21151] loss: 0.26913
[  3, 21201] loss: 0.39733
[  3, 21251] loss: 0.22632
[  3, 21301] loss: 0.23666
[  3, 21351] loss: 0.23205
[  3, 21401] loss: 0.30140
[  3, 21451] loss: 0.16236
[  3, 21501] loss: 0.21475
[  3, 21551] loss: 0.32635
[  3, 21601] loss: 0.29149
[  3, 21651] loss: 0.33280
[  3, 21701] loss: 0.22638
[  3, 21751] loss: 0.31934
[  3, 21801] loss: 0.30789
[  3, 21851] loss: 0.26596
[  3, 21901] loss: 0.30579
[  3, 21951] loss: 0.35011
[  3, 22001] loss: 0.26142
[  3, 22051] loss: 0.26485
[  3, 22101] loss: 0.28158
[  3, 22151] loss: 0.33394
[  3, 22201] loss: 0.33022
[  3, 22251] loss: 0.26785
[  3, 22301] loss: 0.31921
[  3, 22351] loss: 0.27268
[  3, 22401] loss: 0.24888
[  3, 22451] loss: 0.23456
[  3, 22501] loss: 0.23537
[  3, 22551] loss: 0.30670
[  3, 22601] loss: 0.26804
[  3, 22651] loss: 0.28499
[  3, 22701] loss: 0.21685
[  3, 22751] loss: 0.27111
[  3, 22801] loss: 0.23883
[  3, 22851] loss: 0.27014
[  3, 22901] loss: 0.19573
[  3, 22951] loss: 0.33918
[  3, 23001] loss: 0.27505
[  3, 23051] loss: 0.26304
[  3, 23101] loss: 0.24137
[  3, 23151] loss: 0.30038
[  3, 23201] loss: 0.23512
[  3, 23251] loss: 0.25718
[  3, 23301] loss: 0.23257
[  3, 23351] loss: 0.19738
[  3, 23401] loss: 0.22791
[  3, 23451] loss: 0.19184
[  3, 23501] loss: 0.21119
[  3, 23551] loss: 0.25854
[  3, 23601] loss: 0.30079
[  3, 23651] loss: 0.21905
[  3, 23701] loss: 0.25296
[  3, 23751] loss: 0.26167
[  3, 23801] loss: 0.23652
[  3, 23851] loss: 0.37337
[  3, 23901] loss: 0.33190
[  3, 23951] loss: 0.24016
[  3, 24001] loss: 0.36235
[  3, 24051] loss: 0.23253
[  3, 24101] loss: 0.23447
[  3, 24151] loss: 0.25254
[  3, 24201] loss: 0.17738
[  3, 24251] loss: 0.36251
[  3, 24301] loss: 0.25506
[  3, 24351] loss: 0.23915
[  3, 24401] loss: 0.38185
[  3, 24451] loss: 0.28567
[  3, 24501] loss: 0.21769
[  3, 24551] loss: 0.20607
[  3, 24601] loss: 0.23721
[  3, 24651] loss: 0.44738
[  3, 24701] loss: 0.18743
[  3, 24751] loss: 0.35038
[  3, 24801] loss: 0.40621
[  3, 24851] loss: 0.25671
[  3, 24901] loss: 0.21718
[  3, 24951] loss: 0.49427
[  4,     1] loss: 0.27185
[  4,    51] loss: 0.13762
[  4,   101] loss: 0.21531
[  4,   151] loss: 0.30984
[  4,   201] loss: 0.32418
[  4,   251] loss: 0.25776
[  4,   301] loss: 0.14983
[  4,   351] loss: 0.23767
[  4,   401] loss: 0.42848
[  4,   451] loss: 0.26598
[  4,   501] loss: 0.22048
[  4,   551] loss: 0.20840
[  4,   601] loss: 0.39849
[  4,   651] loss: 0.36702
[  4,   701] loss: 0.22336
[  4,   751] loss: 0.15798
[  4,   801] loss: 0.32382
[  4,   851] loss: 0.32679
[  4,   901] loss: 0.28591
[  4,   951] loss: 0.21499
[  4,  1001] loss: 0.29547
[  4,  1051] loss: 0.46258
[  4,  1101] loss: 0.29808
[  4,  1151] loss: 0.27295
[  4,  1201] loss: 0.29692
[  4,  1251] loss: 0.31199
[  4,  1301] loss: 0.30923
[  4,  1351] loss: 0.19472
[  4,  1401] loss: 0.19830
[  4,  1451] loss: 0.22840
[  4,  1501] loss: 0.29218
[  4,  1551] loss: 0.17729
[  4,  1601] loss: 0.22667
[  4,  1651] loss: 0.15609
[  4,  1701] loss: 0.18324
[  4,  1751] loss: 0.23031
[  4,  1801] loss: 0.21719
[  4,  1851] loss: 0.17013
[  4,  1901] loss: 0.21547
[  4,  1951] loss: 0.16370
[  4,  2001] loss: 0.19563
[  4,  2051] loss: 0.17458
[  4,  2101] loss: 0.21012
[  4,  2151] loss: 0.19270
[  4,  2201] loss: 0.23483
[  4,  2251] loss: 0.27688
[  4,  2301] loss: 0.20415
[  4,  2351] loss: 0.18025
[  4,  2401] loss: 0.20217
[  4,  2451] loss: 0.12630
[  4,  2501] loss: 0.21238
[  4,  2551] loss: 0.28634
[  4,  2601] loss: 0.35225
[  4,  2651] loss: 0.19732
[  4,  2701] loss: 0.20577
[  4,  2751] loss: 0.28498
[  4,  2801] loss: 0.34225
[  4,  2851] loss: 0.19884
[  4,  2901] loss: 0.17838
[  4,  2951] loss: 0.26304
[  4,  3001] loss: 0.29339
[  4,  3051] loss: 0.30172
[  4,  3101] loss: 0.22886
[  4,  3151] loss: 0.16348
[  4,  3201] loss: 0.31687
[  4,  3251] loss: 0.40199
[  4,  3301] loss: 0.27818
[  4,  3351] loss: 0.22979
[  4,  3401] loss: 0.23950
[  4,  3451] loss: 0.17822
[  4,  3501] loss: 0.37154
[  4,  3551] loss: 0.22070
[  4,  3601] loss: 0.23856
[  4,  3651] loss: 0.39061
[  4,  3701] loss: 0.21194
[  4,  3751] loss: 0.19879
[  4,  3801] loss: 0.19459
[  4,  3851] loss: 0.17715
[  4,  3901] loss: 0.26958
[  4,  3951] loss: 0.34862
[  4,  4001] loss: 0.15334
[  4,  4051] loss: 0.16001
[  4,  4101] loss: 0.22237
[  4,  4151] loss: 0.21633
[  4,  4201] loss: 0.18467
[  4,  4251] loss: 0.19029
[  4,  4301] loss: 0.18289
[  4,  4351] loss: 0.18900
[  4,  4401] loss: 0.20116
[  4,  4451] loss: 0.15038
[  4,  4501] loss: 0.12900
[  4,  4551] loss: 0.12762
[  4,  4601] loss: 0.14098
[  4,  4651] loss: 0.21541
[  4,  4701] loss: 0.17299
[  4,  4751] loss: 0.14456
[  4,  4801] loss: 0.21829
[  4,  4851] loss: 0.14931
[  4,  4901] loss: 0.17165
[  4,  4951] loss: 0.18416
[  4,  5001] loss: 0.17041
[  4,  5051] loss: 0.20416
[  4,  5101] loss: 0.13944
[  4,  5151] loss: 0.19178
[  4,  5201] loss: 0.15813
[  4,  5251] loss: 0.25199
[  4,  5301] loss: 0.16694
[  4,  5351] loss: 0.21866
[  4,  5401] loss: 0.35297
[  4,  5451] loss: 0.18779
[  4,  5501] loss: 0.15406
[  4,  5551] loss: 0.27307
[  4,  5601] loss: 0.29866
[  4,  5651] loss: 0.35992
[  4,  5701] loss: 0.11529
[  4,  5751] loss: 0.20189
[  4,  5801] loss: 0.27762
[  4,  5851] loss: 0.36064
[  4,  5901] loss: 0.18155
[  4,  5951] loss: 0.18088
[  4,  6001] loss: 0.24085
[  4,  6051] loss: 0.24705
[  4,  6101] loss: 0.18398
[  4,  6151] loss: 0.14841
[  4,  6201] loss: 0.15716
[  4,  6251] loss: 0.24276
[  4,  6301] loss: 0.15467
[  4,  6351] loss: 0.16107
[  4,  6401] loss: 0.13127
[  4,  6451] loss: 0.13833
[  4,  6501] loss: 0.15046
[  4,  6551] loss: 0.14071
[  4,  6601] loss: 0.17568
[  4,  6651] loss: 0.17402
[  4,  6701] loss: 0.18754
[  4,  6751] loss: 0.17890
[  4,  6801] loss: 0.12305
[  4,  6851] loss: 0.21414
[  4,  6901] loss: 0.21296
[  4,  6951] loss: 0.25507
[  4,  7001] loss: 0.20841
[  4,  7051] loss: 0.19179
[  4,  7101] loss: 0.11644
[  4,  7151] loss: 0.25977
[  4,  7201] loss: 0.17792
[  4,  7251] loss: 0.29042
[  4,  7301] loss: 0.11832
[  4,  7351] loss: 0.19788
[  4,  7401] loss: 0.18117
[  4,  7451] loss: 0.17463
[  4,  7501] loss: 0.14829
[  4,  7551] loss: 0.11869
[  4,  7601] loss: 0.16774
[  4,  7651] loss: 0.17603
[  4,  7701] loss: 0.20090
[  4,  7751] loss: 0.14477
[  4,  7801] loss: 0.10567
[  4,  7851] loss: 0.20902
[  4,  7901] loss: 0.24758
[  4,  7951] loss: 0.21798
[  4,  8001] loss: 0.17417
[  4,  8051] loss: 0.14401
[  4,  8101] loss: 0.21369
[  4,  8151] loss: 0.28700
[  4,  8201] loss: 0.28946
[  4,  8251] loss: 0.25906
[  4,  8301] loss: 0.17520
[  4,  8351] loss: 0.21386
[  4,  8401] loss: 0.41210
[  4,  8451] loss: 0.13703
[  4,  8501] loss: 0.16698
[  4,  8551] loss: 0.14861
[  4,  8601] loss: 0.25691
[  4,  8651] loss: 0.27487
[  4,  8701] loss: 0.16925
[  4,  8751] loss: 0.15489
[  4,  8801] loss: 0.27299
[  4,  8851] loss: 0.18180
[  4,  8901] loss: 0.16246
[  4,  8951] loss: 0.14158
[  4,  9001] loss: 0.20964
[  4,  9051] loss: 0.27820
[  4,  9101] loss: 0.15217
[  4,  9151] loss: 0.21721
[  4,  9201] loss: 0.34911
[  4,  9251] loss: 0.19043
[  4,  9301] loss: 0.21599
[  4,  9351] loss: 0.12199
[  4,  9401] loss: 0.43423
[  4,  9451] loss: 0.29918
[  4,  9501] loss: 0.29324
[  4,  9551] loss: 0.17088
[  4,  9601] loss: 0.38279
[  4,  9651] loss: 0.47270
[  4,  9701] loss: 0.48307
[  4,  9751] loss: 0.22810
[  4,  9801] loss: 0.18168
[  4,  9851] loss: 0.46293
[  4,  9901] loss: 0.44246
[  4,  9951] loss: 0.32023
[  4, 10001] loss: 0.18849
[  4, 10051] loss: 0.10399
[  4, 10101] loss: 0.35143
[  4, 10151] loss: 0.51857
[  4, 10201] loss: 0.26911
[  4, 10251] loss: 0.13213
[  4, 10301] loss: 0.23431
[  4, 10351] loss: 0.28957
[  4, 10401] loss: 0.31103
[  4, 10451] loss: 0.13846
[  4, 10501] loss: 0.15547
[  4, 10551] loss: 0.15598
[  4, 10601] loss: 0.22047
[  4, 10651] loss: 0.16987
[  4, 10701] loss: 0.12949
[  4, 10751] loss: 0.17812
[  4, 10801] loss: 0.10966
[  4, 10851] loss: 0.15394
[  4, 10901] loss: 0.11258
[  4, 10951] loss: 0.09942
[  4, 11001] loss: 0.16778
[  4, 11051] loss: 0.22172
[  4, 11101] loss: 0.17066
[  4, 11151] loss: 0.13416
[  4, 11201] loss: 0.13579
[  4, 11251] loss: 0.33199
[  4, 11301] loss: 0.18306
[  4, 11351] loss: 0.22615
[  4, 11401] loss: 0.22736
[  4, 11451] loss: 0.14121
[  4, 11501] loss: 0.26131
[  4, 11551] loss: 0.30016
[  4, 11601] loss: 0.21433
[  4, 11651] loss: 0.12451
[  4, 11701] loss: 0.17829
[  4, 11751] loss: 0.16891
[  4, 11801] loss: 0.18960
[  4, 11851] loss: 0.09988
[  4, 11901] loss: 0.14483
[  4, 11951] loss: 0.18400
[  4, 12001] loss: 0.10298
[  4, 12051] loss: 0.20697
[  4, 12101] loss: 0.22360
[  4, 12151] loss: 0.31644
[  4, 12201] loss: 0.22562
[  4, 12251] loss: 0.14095
[  4, 12301] loss: 0.65842
[  4, 12351] loss: 0.66513
[  4, 12401] loss: 0.35906
[  4, 12451] loss: 0.11803
[  4, 12501] loss: 0.31139
[  4, 12551] loss: 0.77439
[  4, 12601] loss: 0.56704
[  4, 12651] loss: 0.67195
[  4, 12701] loss: 0.13066
[  4, 12751] loss: 0.37165
[  4, 12801] loss: 0.68948
[  4, 12851] loss: 1.00542
[  4, 12901] loss: 0.44844
[  4, 12951] loss: 0.10064
[  4, 13001] loss: 0.51601
[  4, 13051] loss: 0.60764
[  4, 13101] loss: 0.72785
[  4, 13151] loss: 0.31219
[  4, 13201] loss: 0.19230
[  4, 13251] loss: 0.33887
[  4, 13301] loss: 0.49529
[  4, 13351] loss: 0.57314
[  4, 13401] loss: 0.26405
[  4, 13451] loss: 0.07041
[  4, 13501] loss: 0.24195
[  4, 13551] loss: 0.30216
[  4, 13601] loss: 0.40746
[  4, 13651] loss: 0.34543
[  4, 13701] loss: 0.15567
[  4, 13751] loss: 0.23307
[  4, 13801] loss: 0.28841
[  4, 13851] loss: 0.34178
[  4, 13901] loss: 0.32319
[  4, 13951] loss: 0.13555
[  4, 14001] loss: 0.19366
[  4, 14051] loss: 0.38914
[  4, 14101] loss: 0.34901
[  4, 14151] loss: 0.35468
[  4, 14201] loss: 0.09284
[  4, 14251] loss: 0.41016
[  4, 14301] loss: 0.63976
[  4, 14351] loss: 0.35266
[  4, 14401] loss: 0.13309
[  4, 14451] loss: 0.15222
[  4, 14501] loss: 0.29524
[  4, 14551] loss: 0.69615
[  4, 14601] loss: 0.34087
[  4, 14651] loss: 0.16867
[  4, 14701] loss: 0.16300
[  4, 14751] loss: 0.39105
[  4, 14801] loss: 0.33661
[  4, 14851] loss: 0.38376
[  4, 14901] loss: 0.15399
[  4, 14951] loss: 0.12739
[  4, 15001] loss: 0.30488
[  4, 15051] loss: 0.28748
[  4, 15101] loss: 0.24926
[  4, 15151] loss: 0.12306
[  4, 15201] loss: 0.16652
[  4, 15251] loss: 0.11220
[  4, 15301] loss: 0.16610
[  4, 15351] loss: 0.16351
[  4, 15401] loss: 0.19750
[  4, 15451] loss: 0.12018
[  4, 15501] loss: 0.15490
[  4, 15551] loss: 0.19747
[  4, 15601] loss: 0.16855
[  4, 15651] loss: 0.10891
[  4, 15701] loss: 0.14287
[  4, 15751] loss: 0.18559
[  4, 15801] loss: 0.17045
[  4, 15851] loss: 0.16544
[  4, 15901] loss: 0.11370
[  4, 15951] loss: 0.13793
[  4, 16001] loss: 0.18668
[  4, 16051] loss: 0.11117
[  4, 16101] loss: 0.13840
[  4, 16151] loss: 0.11622
[  4, 16201] loss: 0.16192
[  4, 16251] loss: 0.10344
[  4, 16301] loss: 0.16366
[  4, 16351] loss: 0.13004
[  4, 16401] loss: 0.18015
[  4, 16451] loss: 0.16268
[  4, 16501] loss: 0.13798
[  4, 16551] loss: 0.14754
[  4, 16601] loss: 0.18755
[  4, 16651] loss: 0.23620
[  4, 16701] loss: 0.22502
[  4, 16751] loss: 0.10911
[  4, 16801] loss: 0.19670
[  4, 16851] loss: 0.24856
[  4, 16901] loss: 0.25627
[  4, 16951] loss: 0.18523
[  4, 17001] loss: 0.09204
[  4, 17051] loss: 0.19544
[  4, 17101] loss: 0.18573
[  4, 17151] loss: 0.21538
[  4, 17201] loss: 0.15674
[  4, 17251] loss: 0.10607
[  4, 17301] loss: 0.22246
[  4, 17351] loss: 0.16033
[  4, 17401] loss: 0.10967
[  4, 17451] loss: 0.10581
[  4, 17501] loss: 0.12701
[  4, 17551] loss: 0.12144
[  4, 17601] loss: 0.13950
[  4, 17651] loss: 0.11459
[  4, 17701] loss: 0.13648
[  4, 17751] loss: 0.14666
[  4, 17801] loss: 0.16891
[  4, 17851] loss: 0.17383
[  4, 17901] loss: 0.12731
[  4, 17951] loss: 0.10542
[  4, 18001] loss: 0.13697
[  4, 18051] loss: 0.21044
[  4, 18101] loss: 0.19253
[  4, 18151] loss: 0.07422
[  4, 18201] loss: 0.13095
[  4, 18251] loss: 0.13928
[  4, 18301] loss: 0.35510
[  4, 18351] loss: 0.23631
[  4, 18401] loss: 0.13336
[  4, 18451] loss: 0.16991
[  4, 18501] loss: 0.35146
[  4, 18551] loss: 0.35901
[  4, 18601] loss: 0.13539
[  4, 18651] loss: 0.09280
[  4, 18701] loss: 0.29290
[  4, 18751] loss: 0.18956
[  4, 18801] loss: 0.13452
[  4, 18851] loss: 0.12797
[  4, 18901] loss: 0.17103
[  4, 18951] loss: 0.19185
[  4, 19001] loss: 0.11907
[  4, 19051] loss: 0.11576
[  4, 19101] loss: 0.15604
[  4, 19151] loss: 0.19113
[  4, 19201] loss: 0.13709
[  4, 19251] loss: 0.11452
[  4, 19301] loss: 0.20882
[  4, 19351] loss: 0.23791
[  4, 19401] loss: 0.17153
[  4, 19451] loss: 0.09205
[  4, 19501] loss: 0.13526
[  4, 19551] loss: 0.19132
[  4, 19601] loss: 0.20514
[  4, 19651] loss: 0.19067
[  4, 19701] loss: 0.16014
[  4, 19751] loss: 0.17452
[  4, 19801] loss: 0.12005
[  4, 19851] loss: 0.12259
[  4, 19901] loss: 0.16977
[  4, 19951] loss: 0.09232
[  4, 20001] loss: 0.11875
[  4, 20051] loss: 0.12458
[  4, 20101] loss: 0.11644
[  4, 20151] loss: 0.12717
[  4, 20201] loss: 0.18802
[  4, 20251] loss: 0.15943
[  4, 20301] loss: 0.19406
[  4, 20351] loss: 0.14355
[  4, 20401] loss: 0.15510
[  4, 20451] loss: 0.27245
[  4, 20501] loss: 0.27925
[  4, 20551] loss: 0.15705
[  4, 20601] loss: 0.16407
[  4, 20651] loss: 0.21255
[  4, 20701] loss: 0.49584
[  4, 20751] loss: 0.32217
[  4, 20801] loss: 0.14253
[  4, 20851] loss: 0.17620
[  4, 20901] loss: 0.21678
[  4, 20951] loss: 0.54931
[  4, 21001] loss: 0.24509
[  4, 21051] loss: 0.13977
[  4, 21101] loss: 0.16200
[  4, 21151] loss: 0.37349
[  4, 21201] loss: 0.32930
[  4, 21251] loss: 0.15603
[  4, 21301] loss: 0.09114
[  4, 21351] loss: 0.09391
[  4, 21401] loss: 0.11748
[  4, 21451] loss: 0.10828
[  4, 21501] loss: 0.11873
[  4, 21551] loss: 0.09628
[  4, 21601] loss: 0.10491
[  4, 21651] loss: 0.15248
[  4, 21701] loss: 0.09507
[  4, 21751] loss: 0.11557
[  4, 21801] loss: 0.16585
[  4, 21851] loss: 0.22128
[  4, 21901] loss: 0.25577
[  4, 21951] loss: 0.10685
[  4, 22001] loss: 0.09796
[  4, 22051] loss: 0.32458
[  4, 22101] loss: 0.28996
[  4, 22151] loss: 0.24746
[  4, 22201] loss: 0.10561
[  4, 22251] loss: 0.28567
[  4, 22301] loss: 0.27446
[  4, 22351] loss: 0.31150
[  4, 22401] loss: 0.11914
[  4, 22451] loss: 0.10686
[  4, 22501] loss: 0.33401
[  4, 22551] loss: 0.28159
[  4, 22601] loss: 0.25221
[  4, 22651] loss: 0.11730
[  4, 22701] loss: 0.19632
[  4, 22751] loss: 0.19584
[  4, 22801] loss: 0.28827
[  4, 22851] loss: 0.18065
[  4, 22901] loss: 0.09049
[  4, 22951] loss: 0.18007
[  4, 23001] loss: 0.15387
[  4, 23051] loss: 0.13840
[  4, 23101] loss: 0.09423
[  4, 23151] loss: 0.07928
[  4, 23201] loss: 0.09141
[  4, 23251] loss: 0.09623
[  4, 23301] loss: 0.10590
[  4, 23351] loss: 0.12920
[  4, 23401] loss: 0.10240
[  4, 23451] loss: 0.07717
[  4, 23501] loss: 0.08895
[  4, 23551] loss: 0.12224
[  4, 23601] loss: 0.16726
[  4, 23651] loss: 0.13052
[  4, 23701] loss: 0.07694
[  4, 23751] loss: 0.10914
[  4, 23801] loss: 0.14070
[  4, 23851] loss: 0.09207
[  4, 23901] loss: 0.14491
[  4, 23951] loss: 0.14760
[  4, 24001] loss: 0.16983
[  4, 24051] loss: 0.12781
[  4, 24101] loss: 0.11452
[  4, 24151] loss: 0.18383
[  4, 24201] loss: 0.16949
[  4, 24251] loss: 0.16831
[  4, 24301] loss: 0.13797
[  4, 24351] loss: 0.11285
[  4, 24401] loss: 0.18523
[  4, 24451] loss: 0.18195
[  4, 24501] loss: 0.14641
[  4, 24551] loss: 0.08241
[  4, 24601] loss: 0.11385
[  4, 24651] loss: 0.16177
[  4, 24701] loss: 0.10883
[  4, 24751] loss: 0.13619
[  4, 24801] loss: 0.14515
[  4, 24851] loss: 0.08832
[  4, 24901] loss: 0.14707
[  4, 24951] loss: 0.10117
[  5,     1] loss: 0.08804
[  5,    51] loss: 0.09011
[  5,   101] loss: 0.29079
[  5,   151] loss: 0.28911
[  5,   201] loss: 0.11210
[  5,   251] loss: 0.16429
[  5,   301] loss: 0.30660
[  5,   351] loss: 0.39815
[  5,   401] loss: 0.09961
[  5,   451] loss: 0.06907
[  5,   501] loss: 0.22611
[  5,   551] loss: 0.45027
[  5,   601] loss: 0.26883
[  5,   651] loss: 0.18984
[  5,   701] loss: 0.13746
[  5,   751] loss: 0.22436
[  5,   801] loss: 0.48090
[  5,   851] loss: 0.42548
[  5,   901] loss: 0.09517
[  5,   951] loss: 0.09959
[  5,  1001] loss: 0.35758
[  5,  1051] loss: 0.32829
[  5,  1101] loss: 0.16868
[  5,  1151] loss: 0.11116
[  5,  1201] loss: 0.25009
[  5,  1251] loss: 0.24098
[  5,  1301] loss: 0.10138
[  5,  1351] loss: 0.08206
[  5,  1401] loss: 0.08615
[  5,  1451] loss: 0.18246
[  5,  1501] loss: 0.21891
[  5,  1551] loss: 0.12258
[  5,  1601] loss: 0.13822
[  5,  1651] loss: 0.10974
[  5,  1701] loss: 0.21329
[  5,  1751] loss: 0.15321
[  5,  1801] loss: 0.07972
[  5,  1851] loss: 0.08661
[  5,  1901] loss: 0.19744
[  5,  1951] loss: 0.11450
[  5,  2001] loss: 0.12612
[  5,  2051] loss: 0.09695
[  5,  2101] loss: 0.10339
[  5,  2151] loss: 0.08318
[  5,  2201] loss: 0.09586
[  5,  2251] loss: 0.11355
[  5,  2301] loss: 0.13816
[  5,  2351] loss: 0.14910
[  5,  2401] loss: 0.15675
[  5,  2451] loss: 0.07851
[  5,  2501] loss: 0.11274
[  5,  2551] loss: 0.09007
[  5,  2601] loss: 0.22004
[  5,  2651] loss: 0.34935
[  5,  2701] loss: 0.16819
[  5,  2751] loss: 0.07335
[  5,  2801] loss: 0.09017
[  5,  2851] loss: 0.23928
[  5,  2901] loss: 0.43084
[  5,  2951] loss: 0.52811
[  5,  3001] loss: 0.12298
[  5,  3051] loss: 0.09899
[  5,  3101] loss: 0.42062
[  5,  3151] loss: 0.56314
[  5,  3201] loss: 0.55481
[  5,  3251] loss: 0.25069
[  5,  3301] loss: 0.10808
[  5,  3351] loss: 0.39334
[  5,  3401] loss: 0.68819
[  5,  3451] loss: 0.45378
[  5,  3501] loss: 0.18621
[  5,  3551] loss: 0.09726
[  5,  3601] loss: 0.22848
[  5,  3651] loss: 0.40739
[  5,  3701] loss: 0.49474
[  5,  3751] loss: 0.14008
[  5,  3801] loss: 0.17889
[  5,  3851] loss: 0.22746
[  5,  3901] loss: 0.42534
[  5,  3951] loss: 0.17534
[  5,  4001] loss: 0.09219
[  5,  4051] loss: 0.10004
[  5,  4101] loss: 0.08513
[  5,  4151] loss: 0.15804
[  5,  4201] loss: 0.21770
[  5,  4251] loss: 0.11866
[  5,  4301] loss: 0.10050
[  5,  4351] loss: 0.08176
[  5,  4401] loss: 0.13834
[  5,  4451] loss: 0.09773
[  5,  4501] loss: 0.07986
[  5,  4551] loss: 0.04195
[  5,  4601] loss: 0.05469
[  5,  4651] loss: 0.09768
[  5,  4701] loss: 0.12545
[  5,  4751] loss: 0.07874
[  5,  4801] loss: 0.08013
[  5,  4851] loss: 0.09638
[  5,  4901] loss: 0.10173
[  5,  4951] loss: 0.10847
[  5,  5001] loss: 0.19175
[  5,  5051] loss: 0.12680
[  5,  5101] loss: 0.08731
[  5,  5151] loss: 0.05696
[  5,  5201] loss: 0.08944
[  5,  5251] loss: 0.21164
[  5,  5301] loss: 0.33340
[  5,  5351] loss: 0.12771
[  5,  5401] loss: 0.14934
[  5,  5451] loss: 0.08020
[  5,  5501] loss: 0.27502
[  5,  5551] loss: 0.31539
[  5,  5601] loss: 0.17276
[  5,  5651] loss: 0.08967
[  5,  5701] loss: 0.07057
[  5,  5751] loss: 0.24292
[  5,  5801] loss: 0.33460
[  5,  5851] loss: 0.16570
[  5,  5901] loss: 0.08061
[  5,  5951] loss: 0.10456
[  5,  6001] loss: 0.37398
[  5,  6051] loss: 0.24601
[  5,  6101] loss: 0.15696
[  5,  6151] loss: 0.06384
[  5,  6201] loss: 0.11747
[  5,  6251] loss: 0.20154
[  5,  6301] loss: 0.27049
[  5,  6351] loss: 0.10365
[  5,  6401] loss: 0.06987
[  5,  6451] loss: 0.06109
[  5,  6501] loss: 0.16526
[  5,  6551] loss: 0.18844
[  5,  6601] loss: 0.16893
[  5,  6651] loss: 0.14359
[  5,  6701] loss: 0.05493
[  5,  6751] loss: 0.09103
[  5,  6801] loss: 0.21922
[  5,  6851] loss: 0.10987
[  5,  6901] loss: 0.15563
[  5,  6951] loss: 0.13133
[  5,  7001] loss: 0.07002
[  5,  7051] loss: 0.07662
[  5,  7101] loss: 0.05722
[  5,  7151] loss: 0.07838
[  5,  7201] loss: 0.04777
[  5,  7251] loss: 0.10347
[  5,  7301] loss: 0.12426
[  5,  7351] loss: 0.13839
[  5,  7401] loss: 0.11029
[  5,  7451] loss: 0.06860
[  5,  7501] loss: 0.10699
[  5,  7551] loss: 0.11178
[  5,  7601] loss: 0.13964
[  5,  7651] loss: 0.07570
[  5,  7701] loss: 0.06755
[  5,  7751] loss: 0.06707
[  5,  7801] loss: 0.11916
[  5,  7851] loss: 0.16683
[  5,  7901] loss: 0.07698
[  5,  7951] loss: 0.06403
[  5,  8001] loss: 0.12251
[  5,  8051] loss: 0.23289
[  5,  8101] loss: 0.15469
[  5,  8151] loss: 0.10350
[  5,  8201] loss: 0.07906
[  5,  8251] loss: 0.28320
[  5,  8301] loss: 0.37408
[  5,  8351] loss: 0.25627
[  5,  8401] loss: 0.08487
[  5,  8451] loss: 0.05619
[  5,  8501] loss: 0.22868
[  5,  8551] loss: 0.43805
[  5,  8601] loss: 0.27793
[  5,  8651] loss: 0.15100
[  5,  8701] loss: 0.07066
[  5,  8751] loss: 0.17759
[  5,  8801] loss: 0.13844
[  5,  8851] loss: 0.22731
[  5,  8901] loss: 0.16552
[  5,  8951] loss: 0.06875
[  5,  9001] loss: 0.05433
[  5,  9051] loss: 0.07127
[  5,  9101] loss: 0.11610
[  5,  9151] loss: 0.16370
[  5,  9201] loss: 0.08488
[  5,  9251] loss: 0.04482
[  5,  9301] loss: 0.20496
[  5,  9351] loss: 0.12682
[  5,  9401] loss: 0.04593
[  5,  9451] loss: 0.04798
[  5,  9501] loss: 0.18250
[  5,  9551] loss: 0.42690
[  5,  9601] loss: 0.23681
[  5,  9651] loss: 0.09904
[  5,  9701] loss: 0.06454
[  5,  9751] loss: 0.38671
[  5,  9801] loss: 0.77213
[  5,  9851] loss: 0.32203
[  5,  9901] loss: 0.09174
[  5,  9951] loss: 0.06630
[  5, 10001] loss: 0.31734
[  5, 10051] loss: 0.67254
[  5, 10101] loss: 0.42843
[  5, 10151] loss: 0.23606
[  5, 10201] loss: 0.12339
[  5, 10251] loss: 0.20647
[  5, 10301] loss: 0.52512
[  5, 10351] loss: 0.61395
[  5, 10401] loss: 0.29967
[  5, 10451] loss: 0.10034
[  5, 10501] loss: 0.17894
[  5, 10551] loss: 0.53442
[  5, 10601] loss: 0.57241
[  5, 10651] loss: 0.28701
[  5, 10701] loss: 0.13412
[  5, 10751] loss: 0.08910
[  5, 10801] loss: 0.29416
[  5, 10851] loss: 0.62288
[  5, 10901] loss: 0.40654
[  5, 10951] loss: 0.10194
[  5, 11001] loss: 0.04930
[  5, 11051] loss: 0.08790
[  5, 11101] loss: 0.47029
[  5, 11151] loss: 0.67967
[  5, 11201] loss: 0.36332
[  5, 11251] loss: 0.16207
[  5, 11301] loss: 0.03850
[  5, 11351] loss: 0.26268
[  5, 11401] loss: 0.78994
[  5, 11451] loss: 0.59058
[  5, 11501] loss: 0.36885
[  5, 11551] loss: 0.05262
[  5, 11601] loss: 0.09235
[  5, 11651] loss: 0.42435
[  5, 11701] loss: 0.72666
[  5, 11751] loss: 0.68845
[  5, 11801] loss: 0.44568
[  5, 11851] loss: 0.06529
[  5, 11901] loss: 0.20616
[  5, 11951] loss: 0.40494
[  5, 12001] loss: 0.80101
[  5, 12051] loss: 0.96329
[  5, 12101] loss: 0.20435
[  5, 12151] loss: 0.11477
[  5, 12201] loss: 0.15038
[  5, 12251] loss: 0.09321
[  5, 12301] loss: 0.35201
[  5, 12351] loss: 0.55805
[  5, 12401] loss: 0.90798
[  5, 12451] loss: 0.80966
[  5, 12501] loss: 0.12798
[  5, 12551] loss: 0.07143
[  5, 12601] loss: 0.12165
[  5, 12651] loss: 0.90049
[  5, 12701] loss: 1.70945
[  5, 12751] loss: 1.19918
[  5, 12801] loss: 0.49328
[  5, 12851] loss: 0.04671
[  5, 12901] loss: 0.29606
[  5, 12951] loss: 1.31535
[  5, 13001] loss: 1.34525
[  5, 13051] loss: 0.90810
[  5, 13101] loss: 0.36409
[  5, 13151] loss: 0.05583
[  5, 13201] loss: 0.60796
[  5, 13251] loss: 0.86508
[  5, 13301] loss: 1.03323
[  5, 13351] loss: 0.21819
[  5, 13401] loss: 0.19133
[  5, 13451] loss: 0.03151
[  5, 13501] loss: 0.14106
[  5, 13551] loss: 0.70106
[  5, 13601] loss: 0.60101
[  5, 13651] loss: 0.41373
[  5, 13701] loss: 0.19614
[  5, 13751] loss: 0.06961
[  5, 13801] loss: 0.26157
[  5, 13851] loss: 0.30355
[  5, 13901] loss: 0.36461
[  5, 13951] loss: 0.19264
[  5, 14001] loss: 0.07990
[  5, 14051] loss: 0.05022
[  5, 14101] loss: 0.08102
[  5, 14151] loss: 0.12681
[  5, 14201] loss: 0.07309
[  5, 14251] loss: 0.13158
[  5, 14301] loss: 0.08707
[  5, 14351] loss: 0.15956
[  5, 14401] loss: 0.17862
[  5, 14451] loss: 0.15722
[  5, 14501] loss: 0.11163
[  5, 14551] loss: 0.06312
[  5, 14601] loss: 0.08430
[  5, 14651] loss: 0.33702
[  5, 14701] loss: 0.54067
[  5, 14751] loss: 0.28231
[  5, 14801] loss: 0.19351
[  5, 14851] loss: 0.02940
[  5, 14901] loss: 0.15287
[  5, 14951] loss: 0.48765
[  5, 15001] loss: 0.43794
[  5, 15051] loss: 0.37862
[  5, 15101] loss: 0.29644
[  5, 15151] loss: 0.09761
[  5, 15201] loss: 0.20578
[  5, 15251] loss: 0.36686
[  5, 15301] loss: 0.42348
[  5, 15351] loss: 0.35208
[  5, 15401] loss: 0.33005
[  5, 15451] loss: 0.08921
[  5, 15501] loss: 0.08148
[  5, 15551] loss: 0.24720
[  5, 15601] loss: 0.23934
[  5, 15651] loss: 0.18584
[  5, 15701] loss: 0.20668
[  5, 15751] loss: 0.10677
[  5, 15801] loss: 0.09711
[  5, 15851] loss: 0.16029
[  5, 15901] loss: 0.10433
[  5, 15951] loss: 0.06735
[  5, 16001] loss: 0.24491
[  5, 16051] loss: 0.09184
[  5, 16101] loss: 0.12276
[  5, 16151] loss: 0.05062
[  5, 16201] loss: 0.08905
[  5, 16251] loss: 0.07018
[  5, 16301] loss: 0.10018
[  5, 16351] loss: 0.12422
[  5, 16401] loss: 0.06177
[  5, 16451] loss: 0.05364
[  5, 16501] loss: 0.07927
[  5, 16551] loss: 0.11816
[  5, 16601] loss: 0.07874
[  5, 16651] loss: 0.07164
[  5, 16701] loss: 0.05642
[  5, 16751] loss: 0.07356
[  5, 16801] loss: 0.10358
[  5, 16851] loss: 0.07345
[  5, 16901] loss: 0.06082
[  5, 16951] loss: 0.06384
[  5, 17001] loss: 0.11129
[  5, 17051] loss: 0.11292
[  5, 17101] loss: 0.08797
[  5, 17151] loss: 0.13531
[  5, 17201] loss: 0.08788
[  5, 17251] loss: 0.11021
[  5, 17301] loss: 0.15759
[  5, 17351] loss: 0.15548
[  5, 17401] loss: 0.10422
[  5, 17451] loss: 0.05850
[  5, 17501] loss: 0.04986
[  5, 17551] loss: 0.09104
[  5, 17601] loss: 0.11749
[  5, 17651] loss: 0.15643
[  5, 17701] loss: 0.21983
[  5, 17751] loss: 0.05514
[  5, 17801] loss: 0.08467
[  5, 17851] loss: 0.09815
[  5, 17901] loss: 0.10277
[  5, 17951] loss: 0.20795
[  5, 18001] loss: 0.13665
[  5, 18051] loss: 0.09939
[  5, 18101] loss: 0.05530
[  5, 18151] loss: 0.08037
[  5, 18201] loss: 0.14443
[  5, 18251] loss: 0.13258
[  5, 18301] loss: 0.13275
[  5, 18351] loss: 0.07204
[  5, 18401] loss: 0.09991
[  5, 18451] loss: 0.08269
[  5, 18501] loss: 0.08183
[  5, 18551] loss: 0.14504
[  5, 18601] loss: 0.08237
[  5, 18651] loss: 0.03835
[  5, 18701] loss: 0.07811
[  5, 18751] loss: 0.04989
[  5, 18801] loss: 0.11906
[  5, 18851] loss: 0.08173
[  5, 18901] loss: 0.06349
[  5, 18951] loss: 0.06563
[  5, 19001] loss: 0.05588
[  5, 19051] loss: 0.07672
[  5, 19101] loss: 0.04950
[  5, 19151] loss: 0.05434
[  5, 19201] loss: 0.04602
[  5, 19251] loss: 0.08803
[  5, 19301] loss: 0.24141
[  5, 19351] loss: 0.06196
[  5, 19401] loss: 0.06913
[  5, 19451] loss: 0.08881
[  5, 19501] loss: 0.11552
[  5, 19551] loss: 0.07630
[  5, 19601] loss: 0.08242
[  5, 19651] loss: 0.06671
[  5, 19701] loss: 0.07460
[  5, 19751] loss: 0.12432
[  5, 19801] loss: 0.09070
[  5, 19851] loss: 0.10870
[  5, 19901] loss: 0.10869
[  5, 19951] loss: 0.05397
[  5, 20001] loss: 0.07948
[  5, 20051] loss: 0.16648
[  5, 20101] loss: 0.08890
[  5, 20151] loss: 0.09997
[  5, 20201] loss: 0.04828
[  5, 20251] loss: 0.05066
[  5, 20301] loss: 0.06486
[  5, 20351] loss: 0.20524
[  5, 20401] loss: 0.13510
[  5, 20451] loss: 0.05296
[  5, 20501] loss: 0.04311
[  5, 20551] loss: 0.08900
[  5, 20601] loss: 0.25764
[  5, 20651] loss: 0.10775
[  5, 20701] loss: 0.15775
[  5, 20751] loss: 0.03511
[  5, 20801] loss: 0.08316
[  5, 20851] loss: 0.15224
[  5, 20901] loss: 0.16422
[  5, 20951] loss: 0.04447
[  5, 21001] loss: 0.06526
[  5, 21051] loss: 0.07345
[  5, 21101] loss: 0.22762
[  5, 21151] loss: 0.15761
[  5, 21201] loss: 0.26400
[  5, 21251] loss: 0.07975
[  5, 21301] loss: 0.05919
[  5, 21351] loss: 0.12244
[  5, 21401] loss: 0.19021
[  5, 21451] loss: 0.17896
[  5, 21501] loss: 0.23035
[  5, 21551] loss: 0.06204
[  5, 21601] loss: 0.03763
[  5, 21651] loss: 0.11339
[  5, 21701] loss: 0.21237
[  5, 21751] loss: 0.25862
[  5, 21801] loss: 0.17407
[  5, 21851] loss: 0.07862
[  5, 21901] loss: 0.06032
[  5, 21951] loss: 0.12239
[  5, 22001] loss: 0.15708
[  5, 22051] loss: 0.26230
[  5, 22101] loss: 0.11791
[  5, 22151] loss: 0.04737
[  5, 22201] loss: 0.07510
[  5, 22251] loss: 0.09481
[  5, 22301] loss: 0.09795
[  5, 22351] loss: 0.06999
[  5, 22401] loss: 0.03600
[  5, 22451] loss: 0.03884
[  5, 22501] loss: 0.03484
[  5, 22551] loss: 0.03642
[  5, 22601] loss: 0.03246
[  5, 22651] loss: 0.05649
[  5, 22701] loss: 0.04551
[  5, 22751] loss: 0.03246
[  5, 22801] loss: 0.04263
[  5, 22851] loss: 0.04617
[  5, 22901] loss: 0.06750
[  5, 22951] loss: 0.07201
[  5, 23001] loss: 0.09594
[  5, 23051] loss: 0.07635
[  5, 23101] loss: 0.05503
[  5, 23151] loss: 0.06026
[  5, 23201] loss: 0.03741
[  5, 23251] loss: 0.07606
[  5, 23301] loss: 0.11044
[  5, 23351] loss: 0.11806
[  5, 23401] loss: 0.10946
[  5, 23451] loss: 0.05347
[  5, 23501] loss: 0.07380
[  5, 23551] loss: 0.05267
[  5, 23601] loss: 0.12883
[  5, 23651] loss: 0.18409
[  5, 23701] loss: 0.07936
[  5, 23751] loss: 0.10854
[  5, 23801] loss: 0.09100
[  5, 23851] loss: 0.07791
[  5, 23901] loss: 0.07086
[  5, 23951] loss: 0.04866
[  5, 24001] loss: 0.06194
[  5, 24051] loss: 0.09994
[  5, 24101] loss: 0.07217
[  5, 24151] loss: 0.08767
[  5, 24201] loss: 0.07262
[  5, 24251] loss: 0.09619
[  5, 24301] loss: 0.11391
[  5, 24351] loss: 0.06479
[  5, 24401] loss: 0.07818
[  5, 24451] loss: 0.03354
[  5, 24501] loss: 0.06074
[  5, 24551] loss: 0.07403
[  5, 24601] loss: 0.10317
[  5, 24651] loss: 0.28629
[  5, 24701] loss: 0.06481
[  5, 24751] loss: 0.09953
[  5, 24801] loss: 0.07594
[  5, 24851] loss: 0.12510
[  5, 24901] loss: 0.26402
[  5, 24951] loss: 0.14023
Finished training
Accuracy on train: 0.99216
Accuracy on test: 0.67986
