{'word_context': 29, 'word_embed_size': 50, 'word_conv_units': 300, 'hidden_units': 500, 'drop_amount': 0.2, 'dropout': True, 'batch_size': 50}
train set done
test set done
<bound method MixedNet.parameters of MixedNet (
  (W_wrd): DataParallel (
    (module): Embedding(89528, 50)
  )
  (word_level_conv): DataParallel (
    (module): Conv2d(1, 300, kernel_size=(50, 29), stride=(1, 1), padding=(0, 14))
  )
  (word_level_maxpool): DataParallel (
    (module): AdaptiveMaxPool2d (output_size=(300, 1))
  )
  (fc1): DataParallel (
    (module): Linear (300 -> 500)
  )
  (fc2): DataParallel (
    (module): Linear (500 -> 2)
  )
  (dropout): DataParallel (
    (module): Dropout (p = 0.2)
  )
)>
[  1,     1] loss: 0.78097
[  1,    51] loss: 1.57628
[  1,   101] loss: 0.80006
[  1,   151] loss: 0.86840
[  1,   201] loss: 1.10939
[  1,   251] loss: 0.80548
[  1,   301] loss: 0.75022
[  1,   351] loss: 0.84516
[  1,   401] loss: 0.79956
[  1,   451] loss: 0.88649
[  1,   501] loss: 0.84657
[  1,   551] loss: 0.76239
[  1,   601] loss: 0.65116
[  1,   651] loss: 0.73418
[  1,   701] loss: 0.68357
[  1,   751] loss: 0.95572
[  1,   801] loss: 0.93184
[  1,   851] loss: 0.63398
[  1,   901] loss: 0.70596
[  1,   951] loss: 0.70244
[  1,  1001] loss: 0.69163
[  1,  1051] loss: 0.74582
[  1,  1101] loss: 0.80102
[  1,  1151] loss: 0.76070
[  1,  1201] loss: 0.79223
[  1,  1251] loss: 0.75748
[  1,  1301] loss: 0.69531
[  1,  1351] loss: 0.70662
[  1,  1401] loss: 0.71455
[  1,  1451] loss: 0.68470
[  1,  1501] loss: 0.79978
[  1,  1551] loss: 0.74739
[  1,  1601] loss: 0.75255
[  1,  1651] loss: 0.69062
[  1,  1701] loss: 0.70395
[  1,  1751] loss: 0.65787
[  1,  1801] loss: 0.73920
[  1,  1851] loss: 0.71229
[  1,  1901] loss: 0.76346
[  1,  1951] loss: 0.67633
[  1,  2001] loss: 0.79711
[  1,  2051] loss: 0.71070
[  1,  2101] loss: 0.67025
[  1,  2151] loss: 0.84952
[  1,  2201] loss: 0.73217
[  1,  2251] loss: 0.64893
[  1,  2301] loss: 0.68278
[  1,  2351] loss: 0.73571
[  1,  2401] loss: 0.68475
[  1,  2451] loss: 0.69796
[  1,  2501] loss: 0.70033
[  1,  2551] loss: 0.72112
[  1,  2601] loss: 0.68862
[  1,  2651] loss: 0.69630
[  1,  2701] loss: 0.68810
[  1,  2751] loss: 0.64906
[  1,  2801] loss: 0.69513
[  1,  2851] loss: 0.70221
[  1,  2901] loss: 0.68516
[  1,  2951] loss: 0.69153
[  1,  3001] loss: 0.68993
[  1,  3051] loss: 0.65212
[  1,  3101] loss: 0.70793
[  1,  3151] loss: 0.69940
[  1,  3201] loss: 0.68619
[  1,  3251] loss: 0.69885
[  1,  3301] loss: 0.69201
[  1,  3351] loss: 0.67374
[  1,  3401] loss: 0.70642
[  1,  3451] loss: 0.65295
[  1,  3501] loss: 0.73383
[  1,  3551] loss: 0.69662
[  1,  3601] loss: 0.73666
[  1,  3651] loss: 0.69360
[  1,  3701] loss: 0.81040
[  1,  3751] loss: 0.76864
[  1,  3801] loss: 0.69181
[  1,  3851] loss: 0.68791
[  1,  3901] loss: 0.72300
[  1,  3951] loss: 0.75855
[  1,  4001] loss: 0.68132
[  1,  4051] loss: 0.75389
[  1,  4101] loss: 0.70303
[  1,  4151] loss: 0.70610
[  1,  4201] loss: 0.70480
[  1,  4251] loss: 0.69339
[  1,  4301] loss: 0.66442
[  1,  4351] loss: 0.70283
[  1,  4401] loss: 0.65023
[  1,  4451] loss: 0.71512
[  1,  4501] loss: 0.70280
[  1,  4551] loss: 0.70285
[  1,  4601] loss: 0.67091
[  1,  4651] loss: 0.71212
[  1,  4701] loss: 0.67275
[  1,  4751] loss: 0.70340
[  1,  4801] loss: 0.70926
[  1,  4851] loss: 0.69472
[  1,  4901] loss: 0.67374
[  1,  4951] loss: 0.68992
[  1,  5001] loss: 0.71748
[  1,  5051] loss: 0.68578
[  1,  5101] loss: 0.66992
[  1,  5151] loss: 0.67819
[  1,  5201] loss: 0.73097
[  1,  5251] loss: 0.68863
[  1,  5301] loss: 0.67595
[  1,  5351] loss: 0.69866
[  1,  5401] loss: 0.68754
[  1,  5451] loss: 0.69983
[  1,  5501] loss: 0.72714
[  1,  5551] loss: 0.67768
[  1,  5601] loss: 0.69557
[  1,  5651] loss: 0.66467
[  1,  5701] loss: 0.68361
[  1,  5751] loss: 0.66536
[  1,  5801] loss: 0.68218
[  1,  5851] loss: 0.70069
[  1,  5901] loss: 0.68420
[  1,  5951] loss: 0.66854
[  1,  6001] loss: 0.68000
[  1,  6051] loss: 0.68466
[  1,  6101] loss: 0.68977
[  1,  6151] loss: 0.69542
[  1,  6201] loss: 0.69848
[  1,  6251] loss: 0.69736
[  1,  6301] loss: 0.67602
[  1,  6351] loss: 0.67208
[  1,  6401] loss: 0.71276
[  1,  6451] loss: 0.67399
[  1,  6501] loss: 0.68817
[  1,  6551] loss: 0.67300
[  1,  6601] loss: 0.66391
[  1,  6651] loss: 0.65324
[  1,  6701] loss: 0.67826
[  1,  6751] loss: 0.65842
[  1,  6801] loss: 0.69275
[  1,  6851] loss: 0.70395
[  1,  6901] loss: 0.68047
[  1,  6951] loss: 0.67753
[  1,  7001] loss: 0.69307
[  1,  7051] loss: 0.67023
[  1,  7101] loss: 0.69600
[  1,  7151] loss: 0.71051
[  1,  7201] loss: 0.69840
[  1,  7251] loss: 0.68960
[  1,  7301] loss: 0.68629
[  1,  7351] loss: 0.63612
[  1,  7401] loss: 0.70413
[  1,  7451] loss: 0.67491
[  1,  7501] loss: 0.70339
[  1,  7551] loss: 0.67072
[  1,  7601] loss: 0.65019
[  1,  7651] loss: 0.68398
[  1,  7701] loss: 0.73397
[  1,  7751] loss: 0.65076
[  1,  7801] loss: 0.65865
[  1,  7851] loss: 0.70601
[  1,  7901] loss: 0.67701
[  1,  7951] loss: 0.68886
[  1,  8001] loss: 0.67940
[  1,  8051] loss: 0.67320
[  1,  8101] loss: 0.66007
[  1,  8151] loss: 0.68460
[  1,  8201] loss: 0.67635
[  1,  8251] loss: 0.66593
[  1,  8301] loss: 0.67425
[  1,  8351] loss: 0.68911
[  1,  8401] loss: 0.69380
[  1,  8451] loss: 0.64567
[  1,  8501] loss: 0.65845
[  1,  8551] loss: 0.69623
[  1,  8601] loss: 0.72825
[  1,  8651] loss: 0.68831
[  1,  8701] loss: 0.66386
[  1,  8751] loss: 0.66042
[  1,  8801] loss: 0.72094
[  1,  8851] loss: 0.67662
[  1,  8901] loss: 0.68946
[  1,  8951] loss: 0.65905
[  1,  9001] loss: 0.70924
[  1,  9051] loss: 0.73394
[  1,  9101] loss: 0.65876
[  1,  9151] loss: 0.70684
[  1,  9201] loss: 0.70130
[  1,  9251] loss: 0.77368
[  1,  9301] loss: 0.69540
[  1,  9351] loss: 0.65215
[  1,  9401] loss: 0.68203
[  1,  9451] loss: 0.67427
[  1,  9501] loss: 0.67204
[  1,  9551] loss: 0.69503
[  1,  9601] loss: 0.68200
[  1,  9651] loss: 0.68505
[  1,  9701] loss: 0.65043
[  1,  9751] loss: 0.68215
[  1,  9801] loss: 0.68056
[  1,  9851] loss: 0.72588
[  1,  9901] loss: 0.63517
[  1,  9951] loss: 0.70103
[  1, 10001] loss: 0.68314
[  1, 10051] loss: 0.67894
[  1, 10101] loss: 0.69740
[  1, 10151] loss: 0.64604
[  1, 10201] loss: 0.67307
[  1, 10251] loss: 0.65316
[  1, 10301] loss: 0.70198
[  1, 10351] loss: 0.66224
[  1, 10401] loss: 0.65365
[  1, 10451] loss: 0.64956
[  1, 10501] loss: 0.68886
[  1, 10551] loss: 0.67612
[  1, 10601] loss: 0.67888
[  1, 10651] loss: 0.70239
[  1, 10701] loss: 0.66553
[  1, 10751] loss: 0.67131
[  1, 10801] loss: 0.65062
[  1, 10851] loss: 0.69085
[  1, 10901] loss: 0.66371
[  1, 10951] loss: 0.65195
[  1, 11001] loss: 0.62592
[  1, 11051] loss: 0.67327
[  1, 11101] loss: 0.69144
[  1, 11151] loss: 0.62934
[  1, 11201] loss: 0.68590
[  1, 11251] loss: 0.63201
[  1, 11301] loss: 0.65194
[  1, 11351] loss: 0.64111
[  1, 11401] loss: 0.63800
[  1, 11451] loss: 0.68263
[  1, 11501] loss: 0.66335
[  1, 11551] loss: 0.68365
[  1, 11601] loss: 0.69653
[  1, 11651] loss: 0.67550
[  1, 11701] loss: 0.67549
[  1, 11751] loss: 0.70626
[  1, 11801] loss: 0.67595
[  1, 11851] loss: 0.60987
[  1, 11901] loss: 0.64948
[  1, 11951] loss: 0.62016
[  1, 12001] loss: 0.69453
[  1, 12051] loss: 0.74596
[  1, 12101] loss: 0.65258
[  1, 12151] loss: 0.66045
[  1, 12201] loss: 0.67784
[  1, 12251] loss: 0.68137
[  1, 12301] loss: 0.61722
[  1, 12351] loss: 0.63661
[  1, 12401] loss: 0.67347
[  1, 12451] loss: 0.66533
[  1, 12501] loss: 0.63005
[  1, 12551] loss: 0.66284
[  1, 12601] loss: 0.62934
[  1, 12651] loss: 0.62734
[  1, 12701] loss: 0.66577
[  1, 12751] loss: 0.64179
[  1, 12801] loss: 0.64504
[  1, 12851] loss: 0.66426
[  1, 12901] loss: 0.63826
[  1, 12951] loss: 0.62868
[  1, 13001] loss: 0.68349
[  1, 13051] loss: 0.65335
[  1, 13101] loss: 0.62686
[  1, 13151] loss: 0.64521
[  1, 13201] loss: 0.65207
[  1, 13251] loss: 0.69323
[  1, 13301] loss: 0.64906
[  1, 13351] loss: 0.71208
[  1, 13401] loss: 0.65256
[  1, 13451] loss: 0.62097
[  1, 13501] loss: 0.69344
[  1, 13551] loss: 0.65745
[  1, 13601] loss: 0.66272
[  1, 13651] loss: 0.72787
[  1, 13701] loss: 0.63564
[  1, 13751] loss: 0.61939
[  1, 13801] loss: 0.58598
[  1, 13851] loss: 0.65294
[  1, 13901] loss: 0.64397
[  1, 13951] loss: 0.70769
[  1, 14001] loss: 0.64057
[  1, 14051] loss: 0.64557
[  1, 14101] loss: 0.65546
[  1, 14151] loss: 0.66705
[  1, 14201] loss: 0.66912
[  1, 14251] loss: 0.67624
[  1, 14301] loss: 0.69759
[  1, 14351] loss: 0.71535
[  1, 14401] loss: 0.69875
[  1, 14451] loss: 0.68768
[  1, 14501] loss: 0.65030
[  1, 14551] loss: 0.64353
[  1, 14601] loss: 0.64254
[  1, 14651] loss: 0.63851
[  1, 14701] loss: 0.65870
[  1, 14751] loss: 0.64233
[  1, 14801] loss: 0.72530
[  1, 14851] loss: 0.58204
[  1, 14901] loss: 0.61511
[  1, 14951] loss: 0.69786
[  1, 15001] loss: 0.58596
[  1, 15051] loss: 0.59895
[  1, 15101] loss: 0.61573
[  1, 15151] loss: 0.80608
[  1, 15201] loss: 0.75088
[  1, 15251] loss: 0.65441
[  1, 15301] loss: 0.62359
[  1, 15351] loss: 0.66334
[  1, 15401] loss: 0.60814
[  1, 15451] loss: 0.72941
[  1, 15501] loss: 0.65037
[  1, 15551] loss: 0.63499
[  1, 15601] loss: 0.61858
[  1, 15651] loss: 0.62042
[  1, 15701] loss: 0.61981
[  1, 15751] loss: 0.60647
[  1, 15801] loss: 0.64127
[  1, 15851] loss: 0.64415
[  1, 15901] loss: 0.63876
[  1, 15951] loss: 0.60083
[  1, 16001] loss: 0.62325
[  1, 16051] loss: 0.68681
[  1, 16101] loss: 0.65688
[  1, 16151] loss: 0.68798
[  1, 16201] loss: 0.64440
[  1, 16251] loss: 0.67141
[  1, 16301] loss: 0.74321
[  1, 16351] loss: 0.59257
[  1, 16401] loss: 0.62090
[  1, 16451] loss: 0.62904
[  1, 16501] loss: 0.61795
[  1, 16551] loss: 0.67362
[  1, 16601] loss: 0.61934
[  1, 16651] loss: 0.70340
[  1, 16701] loss: 0.66876
[  1, 16751] loss: 0.59829
[  1, 16801] loss: 0.62351
[  1, 16851] loss: 0.62999
[  1, 16901] loss: 0.65660
[  1, 16951] loss: 0.67868
[  1, 17001] loss: 0.64488
[  1, 17051] loss: 0.60338
[  1, 17101] loss: 0.61763
[  1, 17151] loss: 0.62657
[  1, 17201] loss: 0.65269
[  1, 17251] loss: 0.65767
[  1, 17301] loss: 0.62178
[  1, 17351] loss: 0.68205
[  1, 17401] loss: 0.69049
[  1, 17451] loss: 0.68203
[  1, 17501] loss: 0.73743
[  1, 17551] loss: 0.65550
[  1, 17601] loss: 0.59852
[  1, 17651] loss: 0.62841
[  1, 17701] loss: 0.63695
[  1, 17751] loss: 0.70329
[  1, 17801] loss: 0.61448
[  1, 17851] loss: 0.76164
[  1, 17901] loss: 0.62024
[  1, 17951] loss: 0.66557
[  1, 18001] loss: 0.64893
[  1, 18051] loss: 0.61187
[  1, 18101] loss: 0.70925
[  1, 18151] loss: 0.65770
[  1, 18201] loss: 0.66583
[  1, 18251] loss: 0.64139
[  1, 18301] loss: 0.66970
[  1, 18351] loss: 0.62279
[  1, 18401] loss: 0.61127
[  1, 18451] loss: 0.68812
[  1, 18501] loss: 0.62237
[  1, 18551] loss: 0.56984
[  1, 18601] loss: 0.64966
[  1, 18651] loss: 0.58923
[  1, 18701] loss: 0.65803
[  1, 18751] loss: 0.67192
[  1, 18801] loss: 0.71699
[  1, 18851] loss: 0.58036
[  1, 18901] loss: 0.59867
[  1, 18951] loss: 0.61258
[  1, 19001] loss: 0.61447
[  1, 19051] loss: 0.65637
[  1, 19101] loss: 0.66153
[  1, 19151] loss: 0.72073
[  1, 19201] loss: 0.64850
[  1, 19251] loss: 0.67191
[  1, 19301] loss: 0.53667
[  1, 19351] loss: 0.69517
[  1, 19401] loss: 0.64661
[  1, 19451] loss: 0.79219
[  1, 19501] loss: 0.69165
[  1, 19551] loss: 0.65836
[  1, 19601] loss: 0.59414
[  1, 19651] loss: 0.69350
[  1, 19701] loss: 0.64975
[  1, 19751] loss: 0.62124
[  1, 19801] loss: 0.72738
[  1, 19851] loss: 0.63881
[  1, 19901] loss: 0.71590
[  1, 19951] loss: 0.64291
[  1, 20001] loss: 0.68874
[  1, 20051] loss: 0.61108
[  1, 20101] loss: 0.70148
[  1, 20151] loss: 0.64596
[  1, 20201] loss: 0.68018
[  1, 20251] loss: 0.65219
[  1, 20301] loss: 0.67654
[  1, 20351] loss: 0.64682
[  1, 20401] loss: 0.65354
[  1, 20451] loss: 0.66713
[  1, 20501] loss: 0.67850
[  1, 20551] loss: 0.61095
[  1, 20601] loss: 0.65090
[  1, 20651] loss: 0.68766
[  1, 20701] loss: 0.75665
[  1, 20751] loss: 0.61226
[  1, 20801] loss: 0.66108
[  1, 20851] loss: 0.66805
[  1, 20901] loss: 0.57174
[  1, 20951] loss: 0.63917
[  1, 21001] loss: 0.77637
[  1, 21051] loss: 0.67443
[  1, 21101] loss: 0.66886
[  1, 21151] loss: 0.62610
[  1, 21201] loss: 0.65375
[  1, 21251] loss: 0.59352
[  1, 21301] loss: 0.69389
[  1, 21351] loss: 0.60734
[  1, 21401] loss: 0.66363
[  1, 21451] loss: 0.68875
[  1, 21501] loss: 0.70062
[  1, 21551] loss: 0.67484
[  1, 21601] loss: 0.63436
[  1, 21651] loss: 0.67399
[  1, 21701] loss: 0.67068
[  1, 21751] loss: 0.59106
[  1, 21801] loss: 0.68366
[  1, 21851] loss: 0.64605
[  1, 21901] loss: 0.63217
[  1, 21951] loss: 0.64909
[  1, 22001] loss: 0.58711
[  1, 22051] loss: 0.70956
[  1, 22101] loss: 0.63171
[  1, 22151] loss: 0.57864
[  1, 22201] loss: 0.71498
[  1, 22251] loss: 0.61829
[  1, 22301] loss: 0.71015
[  1, 22351] loss: 0.71336
[  1, 22401] loss: 0.62907
[  1, 22451] loss: 0.60050
[  1, 22501] loss: 0.60669
[  1, 22551] loss: 0.63628
[  1, 22601] loss: 0.63983
[  1, 22651] loss: 0.65878
[  1, 22701] loss: 0.62462
[  1, 22751] loss: 0.67761
[  1, 22801] loss: 0.64437
[  1, 22851] loss: 0.53861
[  1, 22901] loss: 0.69192
[  1, 22951] loss: 0.66664
[  1, 23001] loss: 0.66837
[  1, 23051] loss: 0.64504
[  1, 23101] loss: 0.69389
[  1, 23151] loss: 0.63085
[  1, 23201] loss: 0.61894
[  1, 23251] loss: 0.63315
[  1, 23301] loss: 0.58483
[  1, 23351] loss: 0.66189
[  1, 23401] loss: 0.61345
[  1, 23451] loss: 0.71394
[  1, 23501] loss: 0.60340
[  1, 23551] loss: 0.62219
[  1, 23601] loss: 0.68758
[  1, 23651] loss: 0.61911
[  1, 23701] loss: 0.74005
[  1, 23751] loss: 0.66428
[  1, 23801] loss: 0.67430
[  1, 23851] loss: 0.66370
[  1, 23901] loss: 0.67749
[  1, 23951] loss: 0.71299
[  1, 24001] loss: 0.57292
[  1, 24051] loss: 0.62028
[  1, 24101] loss: 0.63893
[  1, 24151] loss: 0.67727
[  1, 24201] loss: 0.60539
[  1, 24251] loss: 0.66482
[  1, 24301] loss: 0.67662
[  1, 24351] loss: 0.65678
[  1, 24401] loss: 0.65060
[  1, 24451] loss: 0.57825
[  1, 24501] loss: 0.64890
[  1, 24551] loss: 0.63410
[  1, 24601] loss: 0.61625
[  1, 24651] loss: 0.64616
[  1, 24701] loss: 0.58951
[  1, 24751] loss: 0.69054
[  1, 24801] loss: 0.60822
[  1, 24851] loss: 0.58730
[  1, 24901] loss: 0.59677
[  1, 24951] loss: 0.61787
[  2,     1] loss: 0.59773
[  2,    51] loss: 0.68250
[  2,   101] loss: 0.55884
[  2,   151] loss: 0.60046
[  2,   201] loss: 0.63704
[  2,   251] loss: 0.67824
[  2,   301] loss: 0.64032
[  2,   351] loss: 0.53763
[  2,   401] loss: 0.57375
[  2,   451] loss: 0.70329
[  2,   501] loss: 0.69828
[  2,   551] loss: 0.80902
[  2,   601] loss: 0.63454
[  2,   651] loss: 0.55794
[  2,   701] loss: 0.59238
[  2,   751] loss: 0.71346
[  2,   801] loss: 0.67193
[  2,   851] loss: 0.61270
[  2,   901] loss: 0.65312
[  2,   951] loss: 0.65936
[  2,  1001] loss: 0.64514
[  2,  1051] loss: 0.65149
[  2,  1101] loss: 0.65154
[  2,  1151] loss: 0.62209
[  2,  1201] loss: 0.66213
[  2,  1251] loss: 0.63510
[  2,  1301] loss: 0.63374
[  2,  1351] loss: 0.62633
[  2,  1401] loss: 0.61344
[  2,  1451] loss: 0.65626
[  2,  1501] loss: 0.62036
[  2,  1551] loss: 0.61662
[  2,  1601] loss: 0.59656
[  2,  1651] loss: 0.57632
[  2,  1701] loss: 0.60375
[  2,  1751] loss: 0.62924
[  2,  1801] loss: 0.56600
[  2,  1851] loss: 0.61705
[  2,  1901] loss: 0.64532
[  2,  1951] loss: 0.61723
[  2,  2001] loss: 0.68069
[  2,  2051] loss: 0.60341
[  2,  2101] loss: 0.65746
[  2,  2151] loss: 0.90447
[  2,  2201] loss: 0.61725
[  2,  2251] loss: 0.58877
[  2,  2301] loss: 0.62314
[  2,  2351] loss: 0.61403
[  2,  2401] loss: 0.61221
[  2,  2451] loss: 0.66387
[  2,  2501] loss: 0.67452
[  2,  2551] loss: 0.68162
[  2,  2601] loss: 0.64178
[  2,  2651] loss: 0.60049
[  2,  2701] loss: 0.65973
[  2,  2751] loss: 0.57713
[  2,  2801] loss: 0.58685
[  2,  2851] loss: 0.66192
[  2,  2901] loss: 0.61262
[  2,  2951] loss: 0.57750
[  2,  3001] loss: 0.60114
[  2,  3051] loss: 0.54408
[  2,  3101] loss: 0.56899
[  2,  3151] loss: 0.64902
[  2,  3201] loss: 0.58548
[  2,  3251] loss: 0.63423
[  2,  3301] loss: 0.57587
[  2,  3351] loss: 0.59468
[  2,  3401] loss: 0.61890
[  2,  3451] loss: 0.57304
[  2,  3501] loss: 0.75206
[  2,  3551] loss: 0.63828
[  2,  3601] loss: 0.66816
[  2,  3651] loss: 0.61790
[  2,  3701] loss: 0.78954
[  2,  3751] loss: 0.69069
[  2,  3801] loss: 0.60735
[  2,  3851] loss: 0.58478
[  2,  3901] loss: 0.64535
[  2,  3951] loss: 0.71243
[  2,  4001] loss: 0.60793
[  2,  4051] loss: 0.68452
[  2,  4101] loss: 0.65517
[  2,  4151] loss: 0.62150
[  2,  4201] loss: 0.61780
[  2,  4251] loss: 0.63913
[  2,  4301] loss: 0.65101
[  2,  4351] loss: 0.66937
[  2,  4401] loss: 0.58612
[  2,  4451] loss: 0.66315
[  2,  4501] loss: 0.65406
[  2,  4551] loss: 0.64181
[  2,  4601] loss: 0.61702
[  2,  4651] loss: 0.63856
[  2,  4701] loss: 0.62932
[  2,  4751] loss: 0.64423
[  2,  4801] loss: 0.66152
[  2,  4851] loss: 0.66494
[  2,  4901] loss: 0.61691
[  2,  4951] loss: 0.63494
[  2,  5001] loss: 0.70986
[  2,  5051] loss: 0.61011
[  2,  5101] loss: 0.53324
[  2,  5151] loss: 0.60817
[  2,  5201] loss: 0.60514
[  2,  5251] loss: 0.62068
[  2,  5301] loss: 0.60907
[  2,  5351] loss: 0.59254
[  2,  5401] loss: 0.65733
[  2,  5451] loss: 0.56544
[  2,  5501] loss: 0.59065
[  2,  5551] loss: 0.59156
[  2,  5601] loss: 0.57450
[  2,  5651] loss: 0.52831
[  2,  5701] loss: 0.69287
[  2,  5751] loss: 0.54793
[  2,  5801] loss: 0.67891
[  2,  5851] loss: 0.63520
[  2,  5901] loss: 0.64046
[  2,  5951] loss: 0.57620
[  2,  6001] loss: 0.59099
[  2,  6051] loss: 0.53735
[  2,  6101] loss: 0.62722
[  2,  6151] loss: 0.61208
[  2,  6201] loss: 0.70542
[  2,  6251] loss: 0.66418
[  2,  6301] loss: 0.66006
[  2,  6351] loss: 0.57805
[  2,  6401] loss: 0.60385
[  2,  6451] loss: 0.62028
[  2,  6501] loss: 0.57931
[  2,  6551] loss: 0.58769
[  2,  6601] loss: 0.63257
[  2,  6651] loss: 0.55182
[  2,  6701] loss: 0.59696
[  2,  6751] loss: 0.56228
[  2,  6801] loss: 0.67776
[  2,  6851] loss: 0.63310
[  2,  6901] loss: 0.57617
[  2,  6951] loss: 0.60772
[  2,  7001] loss: 0.65496
[  2,  7051] loss: 0.58220
[  2,  7101] loss: 0.60415
[  2,  7151] loss: 0.63213
[  2,  7201] loss: 0.67255
[  2,  7251] loss: 0.63591
[  2,  7301] loss: 0.56662
[  2,  7351] loss: 0.58269
[  2,  7401] loss: 0.59441
[  2,  7451] loss: 0.63002
[  2,  7501] loss: 0.68139
[  2,  7551] loss: 0.58516
[  2,  7601] loss: 0.55906
[  2,  7651] loss: 0.60523
[  2,  7701] loss: 0.72281
[  2,  7751] loss: 0.51579
[  2,  7801] loss: 0.52739
[  2,  7851] loss: 0.57203
[  2,  7901] loss: 0.58143
[  2,  7951] loss: 0.58653
[  2,  8001] loss: 0.61192
[  2,  8051] loss: 0.56230
[  2,  8101] loss: 0.55606
[  2,  8151] loss: 0.66012
[  2,  8201] loss: 0.52746
[  2,  8251] loss: 0.47727
[  2,  8301] loss: 0.68822
[  2,  8351] loss: 0.66507
[  2,  8401] loss: 0.66078
[  2,  8451] loss: 0.61376
[  2,  8501] loss: 0.55329
[  2,  8551] loss: 0.56577
[  2,  8601] loss: 0.50667
[  2,  8651] loss: 0.61166
[  2,  8701] loss: 0.54460
[  2,  8751] loss: 0.58729
[  2,  8801] loss: 0.60460
[  2,  8851] loss: 0.53688
[  2,  8901] loss: 0.59496
[  2,  8951] loss: 0.61876
[  2,  9001] loss: 0.65021
[  2,  9051] loss: 0.69952
[  2,  9101] loss: 0.59693
[  2,  9151] loss: 0.62614
[  2,  9201] loss: 0.56917
[  2,  9251] loss: 0.70917
[  2,  9301] loss: 0.65264
[  2,  9351] loss: 0.60636
[  2,  9401] loss: 0.61743
[  2,  9451] loss: 0.58156
[  2,  9501] loss: 0.54838
[  2,  9551] loss: 0.57763
[  2,  9601] loss: 0.50934
[  2,  9651] loss: 0.55723
[  2,  9701] loss: 0.49521
[  2,  9751] loss: 0.57735
[  2,  9801] loss: 0.55666
[  2,  9851] loss: 0.73556
[  2,  9901] loss: 0.47042
[  2,  9951] loss: 0.63006
[  2, 10001] loss: 0.62353
[  2, 10051] loss: 0.61139
[  2, 10101] loss: 0.59999
[  2, 10151] loss: 0.50751
[  2, 10201] loss: 0.62868
[  2, 10251] loss: 0.54850
[  2, 10301] loss: 0.56417
[  2, 10351] loss: 0.55654
[  2, 10401] loss: 0.63015
[  2, 10451] loss: 0.51840
[  2, 10501] loss: 0.58456
[  2, 10551] loss: 0.60642
[  2, 10601] loss: 0.52146
[  2, 10651] loss: 0.75838
[  2, 10701] loss: 0.61069
[  2, 10751] loss: 0.61320
[  2, 10801] loss: 0.53327
[  2, 10851] loss: 0.57554
[  2, 10901] loss: 0.63170
[  2, 10951] loss: 0.55887
[  2, 11001] loss: 0.51920
[  2, 11051] loss: 0.59909
[  2, 11101] loss: 0.58039
[  2, 11151] loss: 0.51615
[  2, 11201] loss: 0.58183
[  2, 11251] loss: 0.49402
[  2, 11301] loss: 0.54576
[  2, 11351] loss: 0.51445
[  2, 11401] loss: 0.49245
[  2, 11451] loss: 0.58674
[  2, 11501] loss: 0.51519
[  2, 11551] loss: 0.51500
[  2, 11601] loss: 0.61001
[  2, 11651] loss: 0.55788
[  2, 11701] loss: 0.54872
[  2, 11751] loss: 0.68543
[  2, 11801] loss: 0.56375
[  2, 11851] loss: 0.43678
[  2, 11901] loss: 0.60040
[  2, 11951] loss: 0.50019
[  2, 12001] loss: 0.54880
[  2, 12051] loss: 0.81674
[  2, 12101] loss: 0.51376
[  2, 12151] loss: 0.60756
[  2, 12201] loss: 0.58567
[  2, 12251] loss: 0.59001
[  2, 12301] loss: 0.47972
[  2, 12351] loss: 0.58591
[  2, 12401] loss: 0.55382
[  2, 12451] loss: 0.58179
[  2, 12501] loss: 0.50361
[  2, 12551] loss: 0.57409
[  2, 12601] loss: 0.46240
[  2, 12651] loss: 0.47629
[  2, 12701] loss: 0.55343
[  2, 12751] loss: 0.47918
[  2, 12801] loss: 0.46731
[  2, 12851] loss: 0.57299
[  2, 12901] loss: 0.44587
[  2, 12951] loss: 0.49200
[  2, 13001] loss: 0.56761
[  2, 13051] loss: 0.56582
[  2, 13101] loss: 0.42689
[  2, 13151] loss: 0.47822
[  2, 13201] loss: 0.50270
[  2, 13251] loss: 0.47012
[  2, 13301] loss: 0.51422
[  2, 13351] loss: 0.54946
[  2, 13401] loss: 0.52199
[  2, 13451] loss: 0.45034
[  2, 13501] loss: 0.49645
[  2, 13551] loss: 0.46515
[  2, 13601] loss: 0.50789
[  2, 13651] loss: 0.60198
[  2, 13701] loss: 0.46268
[  2, 13751] loss: 0.47349
[  2, 13801] loss: 0.43018
[  2, 13851] loss: 0.52682
[  2, 13901] loss: 0.44714
[  2, 13951] loss: 0.48227
[  2, 14001] loss: 0.56988
[  2, 14051] loss: 0.48573
[  2, 14101] loss: 0.47181
[  2, 14151] loss: 0.49625
[  2, 14201] loss: 0.57260
[  2, 14251] loss: 0.47602
[  2, 14301] loss: 0.68204
[  2, 14351] loss: 0.47544
[  2, 14401] loss: 0.56831
[  2, 14451] loss: 0.53996
[  2, 14501] loss: 0.49207
[  2, 14551] loss: 0.52678
[  2, 14601] loss: 0.47104
[  2, 14651] loss: 0.44393
[  2, 14701] loss: 0.53307
[  2, 14751] loss: 0.42809
[  2, 14801] loss: 0.56279
[  2, 14851] loss: 0.40368
[  2, 14901] loss: 0.49446
[  2, 14951] loss: 0.58010
[  2, 15001] loss: 0.39290
[  2, 15051] loss: 0.41141
[  2, 15101] loss: 0.56445
[  2, 15151] loss: 0.61901
[  2, 15201] loss: 0.53122
[  2, 15251] loss: 0.51936
[  2, 15301] loss: 0.40941
[  2, 15351] loss: 0.53604
[  2, 15401] loss: 0.39061
[  2, 15451] loss: 0.45054
[  2, 15501] loss: 0.56767
[  2, 15551] loss: 0.43819
[  2, 15601] loss: 0.44542
[  2, 15651] loss: 0.45536
[  2, 15701] loss: 0.39176
[  2, 15751] loss: 0.47807
[  2, 15801] loss: 0.48686
[  2, 15851] loss: 0.50574
[  2, 15901] loss: 0.54816
[  2, 15951] loss: 0.40841
[  2, 16001] loss: 0.38309
[  2, 16051] loss: 0.59184
[  2, 16101] loss: 0.39814
[  2, 16151] loss: 0.53994
[  2, 16201] loss: 0.38059
[  2, 16251] loss: 0.46306
[  2, 16301] loss: 0.53881
[  2, 16351] loss: 0.36760
[  2, 16401] loss: 0.46984
[  2, 16451] loss: 0.50506
[  2, 16501] loss: 0.37866
[  2, 16551] loss: 0.53645
[  2, 16601] loss: 0.47725
[  2, 16651] loss: 0.51481
[  2, 16701] loss: 0.48864
[  2, 16751] loss: 0.42063
[  2, 16801] loss: 0.40394
[  2, 16851] loss: 0.44335
[  2, 16901] loss: 0.54788
[  2, 16951] loss: 0.52686
[  2, 17001] loss: 0.44922
[  2, 17051] loss: 0.40618
[  2, 17101] loss: 0.41414
[  2, 17151] loss: 0.43110
[  2, 17201] loss: 0.47814
[  2, 17251] loss: 0.56001
[  2, 17301] loss: 0.44157
[  2, 17351] loss: 0.54096
[  2, 17401] loss: 0.51788
[  2, 17451] loss: 0.60000
[  2, 17501] loss: 0.58653
[  2, 17551] loss: 0.56038
[  2, 17601] loss: 0.45301
[  2, 17651] loss: 0.53630
[  2, 17701] loss: 0.48246
[  2, 17751] loss: 0.48288
[  2, 17801] loss: 0.46261
[  2, 17851] loss: 0.69939
[  2, 17901] loss: 0.49385
[  2, 17951] loss: 0.51518
[  2, 18001] loss: 0.51131
[  2, 18051] loss: 0.50610
[  2, 18101] loss: 0.49183
[  2, 18151] loss: 0.45506
[  2, 18201] loss: 0.43999
[  2, 18251] loss: 0.55232
[  2, 18301] loss: 0.44629
[  2, 18351] loss: 0.43943
[  2, 18401] loss: 0.42624
[  2, 18451] loss: 0.59017
[  2, 18501] loss: 0.46783
[  2, 18551] loss: 0.42592
[  2, 18601] loss: 0.51083
[  2, 18651] loss: 0.43919
[  2, 18701] loss: 0.49497
[  2, 18751] loss: 0.52473
[  2, 18801] loss: 0.47463
[  2, 18851] loss: 0.43275
[  2, 18901] loss: 0.36457
[  2, 18951] loss: 0.53320
[  2, 19001] loss: 0.52049
[  2, 19051] loss: 0.41695
[  2, 19101] loss: 0.47148
[  2, 19151] loss: 0.45401
[  2, 19201] loss: 0.48140
[  2, 19251] loss: 0.46164
[  2, 19301] loss: 0.39033
[  2, 19351] loss: 0.55729
[  2, 19401] loss: 0.38698
[  2, 19451] loss: 0.53773
[  2, 19501] loss: 0.65102
[  2, 19551] loss: 0.58132
[  2, 19601] loss: 0.39375
[  2, 19651] loss: 0.62077
[  2, 19701] loss: 0.62041
[  2, 19751] loss: 0.49544
[  2, 19801] loss: 0.54273
[  2, 19851] loss: 0.52357
[  2, 19901] loss: 0.62089
[  2, 19951] loss: 0.52749
[  2, 20001] loss: 0.65149
[  2, 20051] loss: 0.55489
[  2, 20101] loss: 0.58373
[  2, 20151] loss: 0.69367
[  2, 20201] loss: 0.62008
[  2, 20251] loss: 0.62394
[  2, 20301] loss: 0.65797
[  2, 20351] loss: 0.64345
[  2, 20401] loss: 0.55907
[  2, 20451] loss: 0.64144
[  2, 20501] loss: 0.56766
[  2, 20551] loss: 0.57480
[  2, 20601] loss: 0.78248
[  2, 20651] loss: 0.67666
[  2, 20701] loss: 0.69384
[  2, 20751] loss: 0.55367
[  2, 20801] loss: 0.58831
[  2, 20851] loss: 0.79115
[  2, 20901] loss: 0.60933
[  2, 20951] loss: 0.63146
[  2, 21001] loss: 0.66501
[  2, 21051] loss: 0.58932
[  2, 21101] loss: 0.73464
[  2, 21151] loss: 0.72480
[  2, 21201] loss: 0.69736
[  2, 21251] loss: 0.52109
[  2, 21301] loss: 0.59150
[  2, 21351] loss: 0.59784
[  2, 21401] loss: 0.67766
[  2, 21451] loss: 0.56584
[  2, 21501] loss: 0.61523
[  2, 21551] loss: 0.57199
[  2, 21601] loss: 0.53770
[  2, 21651] loss: 0.60076
[  2, 21701] loss: 0.61793
[  2, 21751] loss: 0.46076
[  2, 21801] loss: 0.53371
[  2, 21851] loss: 0.53370
[  2, 21901] loss: 0.54447
[  2, 21951] loss: 0.54936
[  2, 22001] loss: 0.53195
[  2, 22051] loss: 0.66367
[  2, 22101] loss: 0.49768
[  2, 22151] loss: 0.56137
[  2, 22201] loss: 0.65467
[  2, 22251] loss: 0.57734
[  2, 22301] loss: 0.55869
[  2, 22351] loss: 0.68900
[  2, 22401] loss: 0.53341
[  2, 22451] loss: 0.53849
[  2, 22501] loss: 0.55511
[  2, 22551] loss: 0.54926
[  2, 22601] loss: 0.54611
[  2, 22651] loss: 0.56866
[  2, 22701] loss: 0.57700
[  2, 22751] loss: 0.58363
[  2, 22801] loss: 0.53226
[  2, 22851] loss: 0.49936
[  2, 22901] loss: 0.61369
[  2, 22951] loss: 0.52522
[  2, 23001] loss: 0.51759
[  2, 23051] loss: 0.54888
[  2, 23101] loss: 0.56735
[  2, 23151] loss: 0.51451
[  2, 23201] loss: 0.51113
[  2, 23251] loss: 0.62678
[  2, 23301] loss: 0.45631
[  2, 23351] loss: 0.49059
[  2, 23401] loss: 0.55154
[  2, 23451] loss: 0.65567
[  2, 23501] loss: 0.52306
[  2, 23551] loss: 0.55862
[  2, 23601] loss: 0.58831
[  2, 23651] loss: 0.48642
[  2, 23701] loss: 0.63715
[  2, 23751] loss: 0.61297
[  2, 23801] loss: 0.63544
[  2, 23851] loss: 0.64855
[  2, 23901] loss: 0.59869
[  2, 23951] loss: 0.60446
[  2, 24001] loss: 0.55224
[  2, 24051] loss: 0.54518
[  2, 24101] loss: 0.56000
[  2, 24151] loss: 0.60544
[  2, 24201] loss: 0.55506
[  2, 24251] loss: 0.57998
[  2, 24301] loss: 0.57079
[  2, 24351] loss: 0.57681
[  2, 24401] loss: 0.53276
[  2, 24451] loss: 0.56027
[  2, 24501] loss: 0.56342
[  2, 24551] loss: 0.61056
[  2, 24601] loss: 0.56121
[  2, 24651] loss: 0.54774
[  2, 24701] loss: 0.41014
[  2, 24751] loss: 0.71216
[  2, 24801] loss: 0.49201
[  2, 24851] loss: 0.53126
[  2, 24901] loss: 0.47575
[  2, 24951] loss: 0.55328
[  3,     1] loss: 0.51417
[  3,    51] loss: 0.54498
[  3,   101] loss: 0.49377
[  3,   151] loss: 0.46462
[  3,   201] loss: 0.52361
[  3,   251] loss: 0.52688
[  3,   301] loss: 0.55455
[  3,   351] loss: 0.42646
[  3,   401] loss: 0.50185
[  3,   451] loss: 0.52335
[  3,   501] loss: 0.52093
[  3,   551] loss: 0.64239
[  3,   601] loss: 0.51621
[  3,   651] loss: 0.47195
[  3,   701] loss: 0.47859
[  3,   751] loss: 0.58865
[  3,   801] loss: 0.45961
[  3,   851] loss: 0.54760
[  3,   901] loss: 0.53504
[  3,   951] loss: 0.52415
[  3,  1001] loss: 0.59488
[  3,  1051] loss: 0.59887
[  3,  1101] loss: 0.57005
[  3,  1151] loss: 0.54235
[  3,  1201] loss: 0.48089
[  3,  1251] loss: 0.54028
[  3,  1301] loss: 0.60893
[  3,  1351] loss: 0.53376
[  3,  1401] loss: 0.55499
[  3,  1451] loss: 0.48089
[  3,  1501] loss: 0.58833
[  3,  1551] loss: 0.55916
[  3,  1601] loss: 0.46425
[  3,  1651] loss: 0.42657
[  3,  1701] loss: 0.44055
[  3,  1751] loss: 0.53522
[  3,  1801] loss: 0.44987
[  3,  1851] loss: 0.46747
[  3,  1901] loss: 0.43695
[  3,  1951] loss: 0.49331
[  3,  2001] loss: 0.43910
[  3,  2051] loss: 0.50031
[  3,  2101] loss: 0.54556
[  3,  2151] loss: 0.75565
[  3,  2201] loss: 0.38407
[  3,  2251] loss: 0.55120
[  3,  2301] loss: 0.50736
[  3,  2351] loss: 0.52645
[  3,  2401] loss: 0.53141
[  3,  2451] loss: 0.59166
[  3,  2501] loss: 0.62691
[  3,  2551] loss: 0.50767
[  3,  2601] loss: 0.64815
[  3,  2651] loss: 0.53687
[  3,  2701] loss: 0.58602
[  3,  2751] loss: 0.50736
[  3,  2801] loss: 0.54981
[  3,  2851] loss: 0.61137
[  3,  2901] loss: 0.60824
[  3,  2951] loss: 0.53245
[  3,  3001] loss: 0.52079
[  3,  3051] loss: 0.49094
[  3,  3101] loss: 0.52851
[  3,  3151] loss: 0.58424
[  3,  3201] loss: 0.51895
[  3,  3251] loss: 0.56123
[  3,  3301] loss: 0.46484
[  3,  3351] loss: 0.45539
[  3,  3401] loss: 0.47981
[  3,  3451] loss: 0.42808
[  3,  3501] loss: 0.48877
[  3,  3551] loss: 0.51526
[  3,  3601] loss: 0.51027
[  3,  3651] loss: 0.50115
[  3,  3701] loss: 0.69399
[  3,  3751] loss: 0.45552
[  3,  3801] loss: 0.39878
[  3,  3851] loss: 0.50458
[  3,  3901] loss: 0.60113
[  3,  3951] loss: 0.56803
[  3,  4001] loss: 0.37814
[  3,  4051] loss: 0.45502
[  3,  4101] loss: 0.45167
[  3,  4151] loss: 0.81688
[  3,  4201] loss: 0.54646
[  3,  4251] loss: 0.50785
[  3,  4301] loss: 0.52967
[  3,  4351] loss: 0.54413
[  3,  4401] loss: 0.57073
[  3,  4451] loss: 0.55081
[  3,  4501] loss: 0.57253
[  3,  4551] loss: 0.49013
[  3,  4601] loss: 0.51237
[  3,  4651] loss: 0.59336
[  3,  4701] loss: 0.57515
[  3,  4751] loss: 0.58608
[  3,  4801] loss: 0.59520
[  3,  4851] loss: 0.66392
[  3,  4901] loss: 0.46163
[  3,  4951] loss: 0.53042
[  3,  5001] loss: 0.60219
[  3,  5051] loss: 0.46821
[  3,  5101] loss: 0.40194
[  3,  5151] loss: 0.47633
[  3,  5201] loss: 0.51623
[  3,  5251] loss: 0.49408
[  3,  5301] loss: 0.41940
[  3,  5351] loss: 0.43312
[  3,  5401] loss: 0.48246
[  3,  5451] loss: 0.42495
[  3,  5501] loss: 0.56999
[  3,  5551] loss: 0.42732
[  3,  5601] loss: 0.42187
[  3,  5651] loss: 0.38199
[  3,  5701] loss: 0.54707
[  3,  5751] loss: 0.39492
[  3,  5801] loss: 0.66161
[  3,  5851] loss: 0.62628
[  3,  5901] loss: 0.57026
[  3,  5951] loss: 0.48664
[  3,  6001] loss: 0.39473
[  3,  6051] loss: 0.50656
[  3,  6101] loss: 0.49997
[  3,  6151] loss: 0.47963
[  3,  6201] loss: 0.60950
[  3,  6251] loss: 0.52823
[  3,  6301] loss: 0.44875
[  3,  6351] loss: 0.46024
[  3,  6401] loss: 0.54944
[  3,  6451] loss: 0.48233
[  3,  6501] loss: 0.46648
[  3,  6551] loss: 0.45435
[  3,  6601] loss: 0.50028
[  3,  6651] loss: 0.43913
[  3,  6701] loss: 0.46545
[  3,  6751] loss: 0.46327
[  3,  6801] loss: 0.61557
[  3,  6851] loss: 0.51726
[  3,  6901] loss: 0.37949
[  3,  6951] loss: 0.52015
[  3,  7001] loss: 0.59949
[  3,  7051] loss: 0.38286
[  3,  7101] loss: 0.45584
[  3,  7151] loss: 0.34155
[  3,  7201] loss: 0.58993
[  3,  7251] loss: 0.44208
[  3,  7301] loss: 0.39480
[  3,  7351] loss: 0.47181
[  3,  7401] loss: 0.39170
[  3,  7451] loss: 0.48326
[  3,  7501] loss: 0.53178
[  3,  7551] loss: 0.49071
[  3,  7601] loss: 0.42918
[  3,  7651] loss: 0.39092
[  3,  7701] loss: 0.49673
[  3,  7751] loss: 0.41203
[  3,  7801] loss: 0.42876
[  3,  7851] loss: 0.46352
[  3,  7901] loss: 0.47540
[  3,  7951] loss: 0.49250
[  3,  8001] loss: 0.41435
[  3,  8051] loss: 0.39485
[  3,  8101] loss: 0.38962
[  3,  8151] loss: 0.46660
[  3,  8201] loss: 0.31161
[  3,  8251] loss: 0.22474
[  3,  8301] loss: 0.44107
[  3,  8351] loss: 0.35551
[  3,  8401] loss: 0.41385
[  3,  8451] loss: 0.49732
[  3,  8501] loss: 0.36246
[  3,  8551] loss: 0.45782
[  3,  8601] loss: 0.38000
[  3,  8651] loss: 0.41749
[  3,  8701] loss: 0.36548
[  3,  8751] loss: 0.33570
[  3,  8801] loss: 0.47390
[  3,  8851] loss: 0.31525
[  3,  8901] loss: 0.25131
[  3,  8951] loss: 0.43287
[  3,  9001] loss: 0.36634
[  3,  9051] loss: 0.50570
[  3,  9101] loss: 0.44346
[  3,  9151] loss: 0.44067
[  3,  9201] loss: 0.39325
[  3,  9251] loss: 0.41371
[  3,  9301] loss: 0.47869
[  3,  9351] loss: 0.47621
[  3,  9401] loss: 0.40538
[  3,  9451] loss: 0.41688
[  3,  9501] loss: 0.38985
[  3,  9551] loss: 0.37901
[  3,  9601] loss: 0.30060
[  3,  9651] loss: 0.30657
[  3,  9701] loss: 0.37109
[  3,  9751] loss: 0.41027
[  3,  9801] loss: 0.38706
[  3,  9851] loss: 0.53834
[  3,  9901] loss: 0.25742
[  3,  9951] loss: 0.40788
[  3, 10001] loss: 0.30078
[  3, 10051] loss: 0.31930
[  3, 10101] loss: 0.41455
[  3, 10151] loss: 0.35793
[  3, 10201] loss: 0.40813
[  3, 10251] loss: 0.35468
[  3, 10301] loss: 0.32025
[  3, 10351] loss: 0.58700
[  3, 10401] loss: 0.39537
[  3, 10451] loss: 0.23585
[  3, 10501] loss: 0.29158
[  3, 10551] loss: 0.40665
[  3, 10601] loss: 0.32939
[  3, 10651] loss: 0.36913
[  3, 10701] loss: 0.29602
[  3, 10751] loss: 0.48796
[  3, 10801] loss: 0.28296
[  3, 10851] loss: 0.40028
[  3, 10901] loss: 0.36561
[  3, 10951] loss: 0.35238
[  3, 11001] loss: 0.31086
[  3, 11051] loss: 0.41417
[  3, 11101] loss: 0.40987
[  3, 11151] loss: 0.27116
[  3, 11201] loss: 0.40478
[  3, 11251] loss: 0.35843
[  3, 11301] loss: 0.28670
[  3, 11351] loss: 0.43015
[  3, 11401] loss: 0.23288
[  3, 11451] loss: 0.28782
[  3, 11501] loss: 0.31176
[  3, 11551] loss: 0.22733
[  3, 11601] loss: 0.33682
[  3, 11651] loss: 0.24172
[  3, 11701] loss: 0.29061
[  3, 11751] loss: 0.36583
[  3, 11801] loss: 0.43143
[  3, 11851] loss: 0.19236
[  3, 11901] loss: 0.32707
[  3, 11951] loss: 0.23487
[  3, 12001] loss: 0.27493
[  3, 12051] loss: 0.25911
[  3, 12101] loss: 0.25102
[  3, 12151] loss: 0.32857
[  3, 12201] loss: 0.34023
[  3, 12251] loss: 0.33919
[  3, 12301] loss: 0.24083
[  3, 12351] loss: 0.24899
[  3, 12401] loss: 0.41671
[  3, 12451] loss: 0.24962
[  3, 12501] loss: 0.27943
[  3, 12551] loss: 0.31919
[  3, 12601] loss: 0.26864
[  3, 12651] loss: 0.23227
[  3, 12701] loss: 0.26012
[  3, 12751] loss: 0.24695
[  3, 12801] loss: 0.21241
[  3, 12851] loss: 0.28803
[  3, 12901] loss: 0.20475
[  3, 12951] loss: 0.28470
[  3, 13001] loss: 0.26344
[  3, 13051] loss: 0.33463
[  3, 13101] loss: 0.16089
[  3, 13151] loss: 0.27438
[  3, 13201] loss: 0.26996
[  3, 13251] loss: 0.23581
[  3, 13301] loss: 0.22772
[  3, 13351] loss: 0.29120
[  3, 13401] loss: 0.27162
[  3, 13451] loss: 0.15864
[  3, 13501] loss: 0.24533
[  3, 13551] loss: 0.20644
[  3, 13601] loss: 0.22433
[  3, 13651] loss: 0.22876
[  3, 13701] loss: 0.19153
[  3, 13751] loss: 0.12018
[  3, 13801] loss: 0.19910
[  3, 13851] loss: 0.25134
[  3, 13901] loss: 0.19105
[  3, 13951] loss: 0.15639
[  3, 14001] loss: 0.25711
[  3, 14051] loss: 0.21532
[  3, 14101] loss: 0.21392
[  3, 14151] loss: 0.17638
[  3, 14201] loss: 0.16495
[  3, 14251] loss: 0.23379
[  3, 14301] loss: 0.29989
[  3, 14351] loss: 0.29510
[  3, 14401] loss: 0.39745
[  3, 14451] loss: 0.27292
[  3, 14501] loss: 0.28317
[  3, 14551] loss: 0.20086
[  3, 14601] loss: 0.19973
[  3, 14651] loss: 0.15192
[  3, 14701] loss: 0.23506
[  3, 14751] loss: 0.16114
[  3, 14801] loss: 0.35162
[  3, 14851] loss: 0.14156
[  3, 14901] loss: 0.27476
[  3, 14951] loss: 0.25963
[  3, 15001] loss: 0.13600
[  3, 15051] loss: 0.16618
[  3, 15101] loss: 0.19177
[  3, 15151] loss: 0.18113
[  3, 15201] loss: 0.14464
[  3, 15251] loss: 0.20628
[  3, 15301] loss: 0.16335
[  3, 15351] loss: 0.15670
[  3, 15401] loss: 0.16115
[  3, 15451] loss: 0.15590
[  3, 15501] loss: 0.09730
[  3, 15551] loss: 0.14185
[  3, 15601] loss: 0.16817
[  3, 15651] loss: 0.15191
[  3, 15701] loss: 0.09104
[  3, 15751] loss: 0.19505
[  3, 15801] loss: 0.16680
[  3, 15851] loss: 0.35148
[  3, 15901] loss: 0.23082
[  3, 15951] loss: 0.27244
[  3, 16001] loss: 0.32867
[  3, 16051] loss: 0.30044
[  3, 16101] loss: 0.09014
[  3, 16151] loss: 0.61081
[  3, 16201] loss: 0.39172
[  3, 16251] loss: 0.12988
[  3, 16301] loss: 0.28539
[  3, 16351] loss: 0.49703
[  3, 16401] loss: 0.33084
[  3, 16451] loss: 0.20105
[  3, 16501] loss: 0.28703
[  3, 16551] loss: 0.51310
[  3, 16601] loss: 0.26573
[  3, 16651] loss: 0.16961
[  3, 16701] loss: 0.15319
[  3, 16751] loss: 0.27682
[  3, 16801] loss: 0.26082
[  3, 16851] loss: 0.26387
[  3, 16901] loss: 0.17221
[  3, 16951] loss: 0.10928
[  3, 17001] loss: 0.39246
[  3, 17051] loss: 0.38298
[  3, 17101] loss: 0.14060
[  3, 17151] loss: 0.17630
[  3, 17201] loss: 0.25998
[  3, 17251] loss: 0.30716
[  3, 17301] loss: 0.17607
[  3, 17351] loss: 0.19841
[  3, 17401] loss: 0.35728
[  3, 17451] loss: 0.22956
[  3, 17501] loss: 0.35463
[  3, 17551] loss: 0.14480
[  3, 17601] loss: 0.19881
[  3, 17651] loss: 0.19395
[  3, 17701] loss: 0.20746
[  3, 17751] loss: 0.16212
[  3, 17801] loss: 0.11152
[  3, 17851] loss: 0.31441
[  3, 17901] loss: 0.14798
[  3, 17951] loss: 0.29123
[  3, 18001] loss: 0.17543
[  3, 18051] loss: 0.17816
[  3, 18101] loss: 0.25271
[  3, 18151] loss: 0.14477
[  3, 18201] loss: 0.09456
[  3, 18251] loss: 0.09161
[  3, 18301] loss: 0.07509
[  3, 18351] loss: 0.14184
[  3, 18401] loss: 0.08389
[  3, 18451] loss: 0.16311
[  3, 18501] loss: 0.15857
[  3, 18551] loss: 0.07283
[  3, 18601] loss: 0.06836
[  3, 18651] loss: 0.07919
[  3, 18701] loss: 0.08771
[  3, 18751] loss: 0.14517
[  3, 18801] loss: 0.31262
[  3, 18851] loss: 0.06891
[  3, 18901] loss: 0.16571
[  3, 18951] loss: 0.08341
[  3, 19001] loss: 0.07875
[  3, 19051] loss: 0.07997
[  3, 19101] loss: 0.18939
[  3, 19151] loss: 0.12370
[  3, 19201] loss: 0.10173
[  3, 19251] loss: 0.15625
[  3, 19301] loss: 0.07946
[  3, 19351] loss: 0.07848
[  3, 19401] loss: 0.09343
[  3, 19451] loss: 0.10894
[  3, 19501] loss: 0.15754
[  3, 19551] loss: 0.05093
[  3, 19601] loss: 0.06726
[  3, 19651] loss: 0.26959
[  3, 19701] loss: 0.06580
[  3, 19751] loss: 0.06475
[  3, 19801] loss: 0.12938
[  3, 19851] loss: 0.15932
[  3, 19901] loss: 0.19500
[  3, 19951] loss: 0.14623
[  3, 20001] loss: 0.19926
[  3, 20051] loss: 0.26554
[  3, 20101] loss: 0.33812
[  3, 20151] loss: 0.32596
[  3, 20201] loss: 0.34735
[  3, 20251] loss: 0.72569
[  3, 20301] loss: 0.35509
[  3, 20351] loss: 0.40892
[  3, 20401] loss: 0.43400
[  3, 20451] loss: 0.92927
[  3, 20501] loss: 0.56559
[  3, 20551] loss: 0.32381
[  3, 20601] loss: 0.51282
[  3, 20651] loss: 0.61359
[  3, 20701] loss: 0.74962
[  3, 20751] loss: 0.45275
[  3, 20801] loss: 0.45559
[  3, 20851] loss: 0.46322
[  3, 20901] loss: 0.43079
[  3, 20951] loss: 0.56615
[  3, 21001] loss: 0.73623
[  3, 21051] loss: 0.55787
[  3, 21101] loss: 0.50331
[  3, 21151] loss: 0.47427
[  3, 21201] loss: 0.62404
[  3, 21251] loss: 0.48122
[  3, 21301] loss: 0.44057
[  3, 21351] loss: 0.45596
[  3, 21401] loss: 0.49373
[  3, 21451] loss: 0.40792
[  3, 21501] loss: 0.42013
[  3, 21551] loss: 0.39428
[  3, 21601] loss: 0.44156
[  3, 21651] loss: 0.45103
[  3, 21701] loss: 0.45951
[  3, 21751] loss: 0.42057
[  3, 21801] loss: 0.41958
[  3, 21851] loss: 0.39188
[  3, 21901] loss: 0.33220
[  3, 21951] loss: 0.39429
[  3, 22001] loss: 0.35770
[  3, 22051] loss: 0.38594
[  3, 22101] loss: 0.37563
[  3, 22151] loss: 0.29633
[  3, 22201] loss: 0.38112
[  3, 22251] loss: 0.42096
[  3, 22301] loss: 0.40732
[  3, 22351] loss: 0.45064
[  3, 22401] loss: 0.46392
[  3, 22451] loss: 0.33372
[  3, 22501] loss: 0.32994
[  3, 22551] loss: 0.40653
[  3, 22601] loss: 0.42451
[  3, 22651] loss: 0.38686
[  3, 22701] loss: 0.41536
[  3, 22751] loss: 0.37481
[  3, 22801] loss: 0.46650
[  3, 22851] loss: 0.32429
[  3, 22901] loss: 0.36885
[  3, 22951] loss: 0.40655
[  3, 23001] loss: 0.42623
[  3, 23051] loss: 0.42239
[  3, 23101] loss: 0.36510
[  3, 23151] loss: 0.36963
[  3, 23201] loss: 0.37723
[  3, 23251] loss: 0.30604
[  3, 23301] loss: 0.26795
[  3, 23351] loss: 0.48729
[  3, 23401] loss: 0.30549
[  3, 23451] loss: 0.46272
[  3, 23501] loss: 0.47417
[  3, 23551] loss: 0.37143
[  3, 23601] loss: 0.43370
[  3, 23651] loss: 0.31148
[  3, 23701] loss: 0.63897
[  3, 23751] loss: 0.41171
[  3, 23801] loss: 0.43819
[  3, 23851] loss: 0.41727
[  3, 23901] loss: 0.48681
[  3, 23951] loss: 0.46863
[  3, 24001] loss: 0.45400
[  3, 24051] loss: 0.37845
[  3, 24101] loss: 0.39667
[  3, 24151] loss: 0.47232
[  3, 24201] loss: 0.44926
[  3, 24251] loss: 0.38910
[  3, 24301] loss: 0.43327
[  3, 24351] loss: 0.27360
[  3, 24401] loss: 0.35670
[  3, 24451] loss: 0.32564
[  3, 24501] loss: 0.40266
[  3, 24551] loss: 0.31940
[  3, 24601] loss: 0.29756
[  3, 24651] loss: 0.32931
[  3, 24701] loss: 0.26516
[  3, 24751] loss: 0.42533
[  3, 24801] loss: 0.35363
[  3, 24851] loss: 0.40607
[  3, 24901] loss: 0.23761
[  3, 24951] loss: 0.32069
[  4,     1] loss: 0.29639
[  4,    51] loss: 0.33590
[  4,   101] loss: 0.21528
[  4,   151] loss: 0.35737
[  4,   201] loss: 0.35526
[  4,   251] loss: 0.35455
[  4,   301] loss: 0.31185
[  4,   351] loss: 0.24827
[  4,   401] loss: 0.38148
[  4,   451] loss: 0.37658
[  4,   501] loss: 0.38626
[  4,   551] loss: 0.36973
[  4,   601] loss: 0.40512
[  4,   651] loss: 0.23722
[  4,   701] loss: 0.22859
[  4,   751] loss: 0.41973
[  4,   801] loss: 0.43157
[  4,   851] loss: 0.31818
[  4,   901] loss: 0.26221
[  4,   951] loss: 0.28640
[  4,  1001] loss: 0.37893
[  4,  1051] loss: 0.45197
[  4,  1101] loss: 0.40791
[  4,  1151] loss: 0.33422
[  4,  1201] loss: 0.37105
[  4,  1251] loss: 0.34419
[  4,  1301] loss: 0.39371
[  4,  1351] loss: 0.42396
[  4,  1401] loss: 0.33356
[  4,  1451] loss: 0.35052
[  4,  1501] loss: 0.31252
[  4,  1551] loss: 0.34485
[  4,  1601] loss: 0.30547
[  4,  1651] loss: 0.21846
[  4,  1701] loss: 0.25726
[  4,  1751] loss: 0.26775
[  4,  1801] loss: 0.32002
[  4,  1851] loss: 0.24891
[  4,  1901] loss: 0.21604
[  4,  1951] loss: 0.22791
[  4,  2001] loss: 0.26879
[  4,  2051] loss: 0.29563
[  4,  2101] loss: 0.28100
[  4,  2151] loss: 0.58763
[  4,  2201] loss: 0.20645
[  4,  2251] loss: 0.28140
[  4,  2301] loss: 0.36931
[  4,  2351] loss: 0.31360
[  4,  2401] loss: 0.31777
[  4,  2451] loss: 0.36382
[  4,  2501] loss: 0.24854
[  4,  2551] loss: 0.32703
[  4,  2601] loss: 0.57603
[  4,  2651] loss: 0.46770
[  4,  2701] loss: 0.34795
[  4,  2751] loss: 0.31114
[  4,  2801] loss: 0.32110
[  4,  2851] loss: 0.58226
[  4,  2901] loss: 0.41858
[  4,  2951] loss: 0.31399
[  4,  3001] loss: 0.38483
[  4,  3051] loss: 0.35447
[  4,  3101] loss: 0.39756
[  4,  3151] loss: 0.25756
[  4,  3201] loss: 0.22088
[  4,  3251] loss: 0.43310
[  4,  3301] loss: 0.23687
[  4,  3351] loss: 0.18295
[  4,  3401] loss: 0.20603
[  4,  3451] loss: 0.18717
[  4,  3501] loss: 0.21408
[  4,  3551] loss: 0.27566
[  4,  3601] loss: 0.22060
[  4,  3651] loss: 0.22996
[  4,  3701] loss: 0.21533
[  4,  3751] loss: 0.28859
[  4,  3801] loss: 0.22945
[  4,  3851] loss: 0.26682
[  4,  3901] loss: 0.30483
[  4,  3951] loss: 0.38061
[  4,  4001] loss: 0.26929
[  4,  4051] loss: 0.36113
[  4,  4101] loss: 0.24738
[  4,  4151] loss: 0.55889
[  4,  4201] loss: 0.50639
[  4,  4251] loss: 0.31752
[  4,  4301] loss: 0.30035
[  4,  4351] loss: 0.37205
[  4,  4401] loss: 0.40374
[  4,  4451] loss: 0.32900
[  4,  4501] loss: 0.28023
[  4,  4551] loss: 0.36269
[  4,  4601] loss: 0.24478
[  4,  4651] loss: 0.36709
[  4,  4701] loss: 0.34334
[  4,  4751] loss: 0.33104
[  4,  4801] loss: 0.49919
[  4,  4851] loss: 0.26961
[  4,  4901] loss: 0.34554
[  4,  4951] loss: 0.40757
[  4,  5001] loss: 0.33248
[  4,  5051] loss: 0.25567
[  4,  5101] loss: 0.25819
[  4,  5151] loss: 0.42423
[  4,  5201] loss: 0.39303
[  4,  5251] loss: 0.22028
[  4,  5301] loss: 0.27252
[  4,  5351] loss: 0.25726
[  4,  5401] loss: 0.22349
[  4,  5451] loss: 0.23835
[  4,  5501] loss: 0.22299
[  4,  5551] loss: 0.16568
[  4,  5601] loss: 0.25387
[  4,  5651] loss: 0.17857
[  4,  5701] loss: 0.32447
[  4,  5751] loss: 0.31131
[  4,  5801] loss: 0.27163
[  4,  5851] loss: 0.19455
[  4,  5901] loss: 0.20061
[  4,  5951] loss: 0.36218
[  4,  6001] loss: 0.52441
[  4,  6051] loss: 0.18339
[  4,  6101] loss: 0.21417
[  4,  6151] loss: 0.41523
[  4,  6201] loss: 0.45715
[  4,  6251] loss: 0.41033
[  4,  6301] loss: 0.27869
[  4,  6351] loss: 0.28085
[  4,  6401] loss: 0.35078
[  4,  6451] loss: 0.23166
[  4,  6501] loss: 0.27149
[  4,  6551] loss: 0.26861
[  4,  6601] loss: 0.26685
[  4,  6651] loss: 0.28074
[  4,  6701] loss: 0.33078
[  4,  6751] loss: 0.33700
[  4,  6801] loss: 0.25705
[  4,  6851] loss: 0.23149
[  4,  6901] loss: 0.18959
[  4,  6951] loss: 0.27923
[  4,  7001] loss: 0.31304
[  4,  7051] loss: 0.27677
[  4,  7101] loss: 0.36502
[  4,  7151] loss: 0.21447
[  4,  7201] loss: 0.25004
[  4,  7251] loss: 0.14562
[  4,  7301] loss: 0.15482
[  4,  7351] loss: 0.19250
[  4,  7401] loss: 0.14822
[  4,  7451] loss: 0.22610
[  4,  7501] loss: 0.29168
[  4,  7551] loss: 0.24849
[  4,  7601] loss: 0.16653
[  4,  7651] loss: 0.23150
[  4,  7701] loss: 0.12385
[  4,  7751] loss: 0.12128
[  4,  7801] loss: 0.17618
[  4,  7851] loss: 0.20854
[  4,  7901] loss: 0.29803
[  4,  7951] loss: 0.25446
[  4,  8001] loss: 0.17400
[  4,  8051] loss: 0.15587
[  4,  8101] loss: 0.23179
[  4,  8151] loss: 0.27759
[  4,  8201] loss: 0.15725
[  4,  8251] loss: 0.12341
[  4,  8301] loss: 0.12056
[  4,  8351] loss: 0.14490
[  4,  8401] loss: 0.18228
[  4,  8451] loss: 0.21014
[  4,  8501] loss: 0.09922
[  4,  8551] loss: 0.10684
[  4,  8601] loss: 0.09335
[  4,  8651] loss: 0.13327
[  4,  8701] loss: 0.12933
[  4,  8751] loss: 0.23801
[  4,  8801] loss: 0.36375
[  4,  8851] loss: 0.21963
[  4,  8901] loss: 0.23914
[  4,  8951] loss: 0.17791
[  4,  9001] loss: 0.13629
[  4,  9051] loss: 0.09605
[  4,  9101] loss: 0.17957
[  4,  9151] loss: 0.26297
[  4,  9201] loss: 0.15488
[  4,  9251] loss: 0.14700
[  4,  9301] loss: 0.16297
[  4,  9351] loss: 0.16545
[  4,  9401] loss: 0.21684
[  4,  9451] loss: 0.10287
[  4,  9501] loss: 0.15848
[  4,  9551] loss: 0.24509
[  4,  9601] loss: 0.19481
[  4,  9651] loss: 0.12434
[  4,  9701] loss: 0.20027
[  4,  9751] loss: 0.26140
[  4,  9801] loss: 0.29816
[  4,  9851] loss: 0.19745
[  4,  9901] loss: 0.10045
[  4,  9951] loss: 0.16792
[  4, 10001] loss: 0.16287
[  4, 10051] loss: 0.22597
[  4, 10101] loss: 0.25031
[  4, 10151] loss: 0.15847
[  4, 10201] loss: 0.07867
[  4, 10251] loss: 0.32843
[  4, 10301] loss: 0.76766
[  4, 10351] loss: 0.12578
[  4, 10401] loss: 0.15409
[  4, 10451] loss: 0.44094
[  4, 10501] loss: 1.12683
[  4, 10551] loss: 0.74518
[  4, 10601] loss: 0.24034
[  4, 10651] loss: 0.27736
[  4, 10701] loss: 0.45191
[  4, 10751] loss: 0.50220
[  4, 10801] loss: 0.60017
[  4, 10851] loss: 0.39017
[  4, 10901] loss: 0.38842
[  4, 10951] loss: 0.41241
[  4, 11001] loss: 0.46118
[  4, 11051] loss: 0.46357
[  4, 11101] loss: 0.45802
[  4, 11151] loss: 0.50219
[  4, 11201] loss: 0.45855
[  4, 11251] loss: 0.40120
[  4, 11301] loss: 0.42765
[  4, 11351] loss: 0.45971
[  4, 11401] loss: 0.40791
[  4, 11451] loss: 0.34072
[  4, 11501] loss: 0.37564
[  4, 11551] loss: 0.34769
[  4, 11601] loss: 0.37503
[  4, 11651] loss: 0.38487
[  4, 11701] loss: 0.38775
[  4, 11751] loss: 0.37541
[  4, 11801] loss: 0.38887
[  4, 11851] loss: 0.42479
[  4, 11901] loss: 0.37614
[  4, 11951] loss: 0.36246
[  4, 12001] loss: 0.32885
[  4, 12051] loss: 0.46085
[  4, 12101] loss: 0.39984
[  4, 12151] loss: 0.42184
[  4, 12201] loss: 0.37583
[  4, 12251] loss: 0.34371
[  4, 12301] loss: 0.43900
[  4, 12351] loss: 0.35018
[  4, 12401] loss: 0.37650
[  4, 12451] loss: 0.36980
[  4, 12501] loss: 0.35256
[  4, 12551] loss: 0.37890
[  4, 12601] loss: 0.38825
[  4, 12651] loss: 0.32193
[  4, 12701] loss: 0.32810
[  4, 12751] loss: 0.34136
[  4, 12801] loss: 0.21894
[  4, 12851] loss: 0.22778
[  4, 12901] loss: 0.23548
[  4, 12951] loss: 0.43820
[  4, 13001] loss: 0.43846
[  4, 13051] loss: 0.25177
[  4, 13101] loss: 0.23990
[  4, 13151] loss: 0.32922
[  4, 13201] loss: 0.29238
[  4, 13251] loss: 0.25506
[  4, 13301] loss: 0.28947
[  4, 13351] loss: 0.27424
[  4, 13401] loss: 0.22764
[  4, 13451] loss: 0.25381
[  4, 13501] loss: 0.32323
[  4, 13551] loss: 0.33494
[  4, 13601] loss: 0.27427
[  4, 13651] loss: 0.16607
[  4, 13701] loss: 0.24698
[  4, 13751] loss: 0.24735
[  4, 13801] loss: 0.12417
[  4, 13851] loss: 0.24463
[  4, 13901] loss: 0.33589
[  4, 13951] loss: 0.40183
[  4, 14001] loss: 0.40675
[  4, 14051] loss: 0.20371
[  4, 14101] loss: 0.26697
[  4, 14151] loss: 0.22564
[  4, 14201] loss: 0.36117
[  4, 14251] loss: 0.26278
[  4, 14301] loss: 0.26520
[  4, 14351] loss: 0.16976
[  4, 14401] loss: 0.24259
[  4, 14451] loss: 0.12831
[  4, 14501] loss: 0.14282
[  4, 14551] loss: 0.14908
[  4, 14601] loss: 0.08521
[  4, 14651] loss: 0.21109
[  4, 14701] loss: 0.17861
[  4, 14751] loss: 0.20417
[  4, 14801] loss: 0.19471
[  4, 14851] loss: 0.14805
[  4, 14901] loss: 0.15078
[  4, 14951] loss: 0.07848
[  4, 15001] loss: 0.12362
[  4, 15051] loss: 0.19284
[  4, 15101] loss: 0.09742
[  4, 15151] loss: 0.27275
[  4, 15201] loss: 0.09771
[  4, 15251] loss: 0.17415
[  4, 15301] loss: 0.24717
[  4, 15351] loss: 0.29746
[  4, 15401] loss: 0.31996
[  4, 15451] loss: 0.09610
[  4, 15501] loss: 0.18572
[  4, 15551] loss: 0.22925
[  4, 15601] loss: 0.29805
[  4, 15651] loss: 0.22374
[  4, 15701] loss: 0.12715
[  4, 15751] loss: 0.12362
[  4, 15801] loss: 0.18784
[  4, 15851] loss: 0.24265
[  4, 15901] loss: 0.12944
[  4, 15951] loss: 0.07813
[  4, 16001] loss: 0.09306
[  4, 16051] loss: 0.15097
[  4, 16101] loss: 0.51101
[  4, 16151] loss: 0.31519
[  4, 16201] loss: 0.08089
[  4, 16251] loss: 0.25453
[  4, 16301] loss: 0.87309
[  4, 16351] loss: 0.35324
[  4, 16401] loss: 0.26920
[  4, 16451] loss: 0.08111
[  4, 16501] loss: 0.31813
[  4, 16551] loss: 0.66940
[  4, 16601] loss: 0.52189
[  4, 16651] loss: 0.15035
[  4, 16701] loss: 0.22914
[  4, 16751] loss: 0.20623
[  4, 16801] loss: 0.20178
[  4, 16851] loss: 0.28445
[  4, 16901] loss: 0.26118
[  4, 16951] loss: 0.23586
[  4, 17001] loss: 0.14899
[  4, 17051] loss: 0.18377
[  4, 17101] loss: 0.10937
[  4, 17151] loss: 0.18453
[  4, 17201] loss: 0.13805
[  4, 17251] loss: 0.17377
[  4, 17301] loss: 0.12207
[  4, 17351] loss: 0.21116
[  4, 17401] loss: 0.15405
[  4, 17451] loss: 0.14068
[  4, 17501] loss: 0.15536
[  4, 17551] loss: 0.22136
[  4, 17601] loss: 0.35123
[  4, 17651] loss: 0.19985
[  4, 17701] loss: 0.07359
[  4, 17751] loss: 0.18048
[  4, 17801] loss: 0.24692
[  4, 17851] loss: 0.25575
[  4, 17901] loss: 0.19339
[  4, 17951] loss: 0.11814
[  4, 18001] loss: 0.14814
[  4, 18051] loss: 0.19212
[  4, 18101] loss: 0.35770
[  4, 18151] loss: 0.12304
[  4, 18201] loss: 0.19317
[  4, 18251] loss: 0.12971
[  4, 18301] loss: 0.20430
[  4, 18351] loss: 0.45303
[  4, 18401] loss: 0.15637
[  4, 18451] loss: 0.15366
[  4, 18501] loss: 0.14732
[  4, 18551] loss: 0.17302
[  4, 18601] loss: 0.30961
[  4, 18651] loss: 0.22161
[  4, 18701] loss: 0.16280
[  4, 18751] loss: 0.15408
[  4, 18801] loss: 0.35333
[  4, 18851] loss: 0.37731
[  4, 18901] loss: 0.27388
[  4, 18951] loss: 0.13848
[  4, 19001] loss: 0.16410
[  4, 19051] loss: 0.13126
[  4, 19101] loss: 0.29898
[  4, 19151] loss: 0.49484
[  4, 19201] loss: 0.31846
[  4, 19251] loss: 0.12611
[  4, 19301] loss: 0.11859
[  4, 19351] loss: 0.32455
[  4, 19401] loss: 0.13093
[  4, 19451] loss: 0.10064
[  4, 19501] loss: 0.18565
[  4, 19551] loss: 0.14226
[  4, 19601] loss: 0.13196
[  4, 19651] loss: 0.24216
[  4, 19701] loss: 0.26033
[  4, 19751] loss: 0.15989
[  4, 19801] loss: 0.09558
[  4, 19851] loss: 0.25136
[  4, 19901] loss: 0.34994
[  4, 19951] loss: 0.33683
[  4, 20001] loss: 0.37753
[  4, 20051] loss: 0.13150
[  4, 20101] loss: 0.07901
[  4, 20151] loss: 0.20158
[  4, 20201] loss: 0.72790
[  4, 20251] loss: 0.45141
[  4, 20301] loss: 0.17926
[  4, 20351] loss: 0.09146
[  4, 20401] loss: 0.51932
[  4, 20451] loss: 0.36641
[  4, 20501] loss: 0.30550
[  4, 20551] loss: 0.13809
[  4, 20601] loss: 0.18915
[  4, 20651] loss: 0.30122
[  4, 20701] loss: 0.26320
[  4, 20751] loss: 0.21526
[  4, 20801] loss: 0.23861
[  4, 20851] loss: 0.45302
[  4, 20901] loss: 0.13715
[  4, 20951] loss: 0.28139
[  4, 21001] loss: 0.26525
[  4, 21051] loss: 0.30048
[  4, 21101] loss: 0.20812
[  4, 21151] loss: 0.32915
[  4, 21201] loss: 0.26198
[  4, 21251] loss: 0.18235
[  4, 21301] loss: 0.15254
[  4, 21351] loss: 0.22053
[  4, 21401] loss: 0.24848
[  4, 21451] loss: 0.40060
[  4, 21501] loss: 0.24345
[  4, 21551] loss: 0.11503
[  4, 21601] loss: 0.29471
[  4, 21651] loss: 0.43247
[  4, 21701] loss: 0.28449
[  4, 21751] loss: 0.16880
[  4, 21801] loss: 0.12887
[  4, 21851] loss: 0.35880
[  4, 21901] loss: 0.21547
[  4, 21951] loss: 0.12955
[  4, 22001] loss: 0.07225
[  4, 22051] loss: 0.18207
[  4, 22101] loss: 0.22771
[  4, 22151] loss: 0.14188
[  4, 22201] loss: 0.15474
[  4, 22251] loss: 0.10016
[  4, 22301] loss: 0.19031
[  4, 22351] loss: 0.22542
[  4, 22401] loss: 0.31285
[  4, 22451] loss: 0.10132
[  4, 22501] loss: 0.20654
[  4, 22551] loss: 0.06358
[  4, 22601] loss: 0.23742
[  4, 22651] loss: 0.14465
[  4, 22701] loss: 0.26456
[  4, 22751] loss: 0.24266
[  4, 22801] loss: 0.15515
[  4, 22851] loss: 0.13728
[  4, 22901] loss: 0.28935
[  4, 22951] loss: 0.31862
[  4, 23001] loss: 0.08340
[  4, 23051] loss: 0.15279
[  4, 23101] loss: 0.09766
[  4, 23151] loss: 0.20796
[  4, 23201] loss: 0.07357
[  4, 23251] loss: 0.08625
[  4, 23301] loss: 0.12639
[  4, 23351] loss: 0.08863
[  4, 23401] loss: 0.12082
[  4, 23451] loss: 0.35169
[  4, 23501] loss: 0.10275
[  4, 23551] loss: 0.13493
[  4, 23601] loss: 0.10380
[  4, 23651] loss: 0.29094
[  4, 23701] loss: 0.25754
[  4, 23751] loss: 0.06608
[  4, 23801] loss: 0.17097
[  4, 23851] loss: 0.24883
[  4, 23901] loss: 0.12505
[  4, 23951] loss: 0.18457
[  4, 24001] loss: 0.19541
[  4, 24051] loss: 0.13857
[  4, 24101] loss: 0.12717
[  4, 24151] loss: 0.20563
[  4, 24201] loss: 0.10519
[  4, 24251] loss: 0.14009
[  4, 24301] loss: 0.15917
[  4, 24351] loss: 0.16626
[  4, 24401] loss: 0.15594
[  4, 24451] loss: 0.15370
[  4, 24501] loss: 0.15977
[  4, 24551] loss: 0.13972
[  4, 24601] loss: 0.06210
[  4, 24651] loss: 0.13039
[  4, 24701] loss: 0.16022
[  4, 24751] loss: 0.17878
[  4, 24801] loss: 0.12724
[  4, 24851] loss: 0.14440
[  4, 24901] loss: 0.17734
[  4, 24951] loss: 0.16788
[  5,     1] loss: 0.12258
[  5,    51] loss: 0.21211
[  5,   101] loss: 0.21196
[  5,   151] loss: 0.31825
[  5,   201] loss: 0.21202
[  5,   251] loss: 0.07850
[  5,   301] loss: 0.16263
[  5,   351] loss: 0.25287
[  5,   401] loss: 0.19463
[  5,   451] loss: 0.19450
[  5,   501] loss: 0.11697
[  5,   551] loss: 0.11188
[  5,   601] loss: 0.19116
[  5,   651] loss: 0.09796
[  5,   701] loss: 0.12951
[  5,   751] loss: 0.13414
[  5,   801] loss: 0.22280
[  5,   851] loss: 0.10213
[  5,   901] loss: 0.18730
[  5,   951] loss: 0.13308
[  5,  1001] loss: 0.04957
[  5,  1051] loss: 0.13046
[  5,  1101] loss: 0.22004
[  5,  1151] loss: 0.10247
[  5,  1201] loss: 0.20178
[  5,  1251] loss: 0.12939
[  5,  1301] loss: 0.11002
[  5,  1351] loss: 0.30907
[  5,  1401] loss: 0.26889
[  5,  1451] loss: 0.14653
[  5,  1501] loss: 0.14044
[  5,  1551] loss: 0.11418
[  5,  1601] loss: 0.14702
[  5,  1651] loss: 0.13195
[  5,  1701] loss: 0.28830
[  5,  1751] loss: 0.11015
[  5,  1801] loss: 0.14475
[  5,  1851] loss: 0.07757
[  5,  1901] loss: 0.17139
[  5,  1951] loss: 0.08179
[  5,  2001] loss: 0.10430
[  5,  2051] loss: 0.08225
[  5,  2101] loss: 0.23680
[  5,  2151] loss: 0.15349
[  5,  2201] loss: 0.11915
[  5,  2251] loss: 0.05916
[  5,  2301] loss: 0.18163
[  5,  2351] loss: 0.22680
[  5,  2401] loss: 0.10863
[  5,  2451] loss: 0.22726
[  5,  2501] loss: 0.24527
[  5,  2551] loss: 0.34841
[  5,  2601] loss: 0.39279
[  5,  2651] loss: 0.09695
[  5,  2701] loss: 0.25016
[  5,  2751] loss: 0.38897
[  5,  2801] loss: 0.47774
[  5,  2851] loss: 0.33004
[  5,  2901] loss: 0.15037
[  5,  2951] loss: 0.35557
[  5,  3001] loss: 0.55455
[  5,  3051] loss: 0.56129
[  5,  3101] loss: 0.25865
[  5,  3151] loss: 0.22336
[  5,  3201] loss: 0.30452
[  5,  3251] loss: 0.31902
[  5,  3301] loss: 0.47873
[  5,  3351] loss: 0.29725
[  5,  3401] loss: 0.16745
[  5,  3451] loss: 0.16059
[  5,  3501] loss: 0.23758
[  5,  3551] loss: 0.15424
[  5,  3601] loss: 0.27577
[  5,  3651] loss: 0.39007
[  5,  3701] loss: 0.16294
[  5,  3751] loss: 0.17907
[  5,  3801] loss: 0.23249
[  5,  3851] loss: 0.86992
[  5,  3901] loss: 0.36063
[  5,  3951] loss: 0.13301
[  5,  4001] loss: 0.20799
[  5,  4051] loss: 0.66940
[  5,  4101] loss: 1.10693
[  5,  4151] loss: 0.37594
[  5,  4201] loss: 0.20861
[  5,  4251] loss: 0.07707
[  5,  4301] loss: 0.39619
[  5,  4351] loss: 0.86385
[  5,  4401] loss: 0.46903
[  5,  4451] loss: 0.52310
[  5,  4501] loss: 0.49413
[  5,  4551] loss: 0.53644
[  5,  4601] loss: 0.50550
[  5,  4651] loss: 0.55558
[  5,  4701] loss: 0.49562
[  5,  4751] loss: 0.40399
[  5,  4801] loss: 0.37332
[  5,  4851] loss: 0.32988
[  5,  4901] loss: 0.28488
[  5,  4951] loss: 0.20379
[  5,  5001] loss: 0.50118
[  5,  5051] loss: 0.33601
[  5,  5101] loss: 0.19854
[  5,  5151] loss: 0.22876
[  5,  5201] loss: 0.26391
[  5,  5251] loss: 0.51806
[  5,  5301] loss: 0.30008
[  5,  5351] loss: 0.57978
[  5,  5401] loss: 0.37568
[  5,  5451] loss: 0.24686
[  5,  5501] loss: 0.52702
[  5,  5551] loss: 0.63279
[  5,  5601] loss: 0.56686
[  5,  5651] loss: 0.24229
[  5,  5701] loss: 0.23043
[  5,  5751] loss: 0.30551
[  5,  5801] loss: 0.77037
[  5,  5851] loss: 0.69042
[  5,  5901] loss: 0.67705
[  5,  5951] loss: 0.50670
[  5,  6001] loss: 0.46822
[  5,  6051] loss: 0.56847
[  5,  6101] loss: 0.66206
[  5,  6151] loss: 0.56161
[  5,  6201] loss: 0.62338
[  5,  6251] loss: 0.56371
[  5,  6301] loss: 0.63277
[  5,  6351] loss: 0.50391
[  5,  6401] loss: 0.52033
[  5,  6451] loss: 0.40290
[  5,  6501] loss: 0.35310
[  5,  6551] loss: 0.30280
[  5,  6601] loss: 0.32467
[  5,  6651] loss: 0.34000
[  5,  6701] loss: 0.46780
[  5,  6751] loss: 0.30636
[  5,  6801] loss: 0.31933
[  5,  6851] loss: 0.44617
[  5,  6901] loss: 0.29729
[  5,  6951] loss: 0.48356
[  5,  7001] loss: 0.27308
[  5,  7051] loss: 0.13759
[  5,  7101] loss: 0.34592
[  5,  7151] loss: 0.42042
[  5,  7201] loss: 0.24155
[  5,  7251] loss: 0.38995
[  5,  7301] loss: 0.15167
[  5,  7351] loss: 0.28369
[  5,  7401] loss: 0.30262
[  5,  7451] loss: 0.42741
[  5,  7501] loss: 0.33156
[  5,  7551] loss: 0.25005
[  5,  7601] loss: 0.20948
[  5,  7651] loss: 0.20314
[  5,  7701] loss: 0.25186
[  5,  7751] loss: 0.24373
[  5,  7801] loss: 0.20765
[  5,  7851] loss: 0.26505
[  5,  7901] loss: 0.22625
[  5,  7951] loss: 0.16538
[  5,  8001] loss: 0.31131
[  5,  8051] loss: 0.13427
[  5,  8101] loss: 0.21206
[  5,  8151] loss: 0.24558
[  5,  8201] loss: 0.26958
[  5,  8251] loss: 0.18450
[  5,  8301] loss: 0.14456
[  5,  8351] loss: 0.16982
[  5,  8401] loss: 0.19318
[  5,  8451] loss: 0.25899
[  5,  8501] loss: 0.16156
[  5,  8551] loss: 0.24038
[  5,  8601] loss: 0.17569
[  5,  8651] loss: 0.19459
[  5,  8701] loss: 0.29645
[  5,  8751] loss: 0.15768
[  5,  8801] loss: 0.24692
[  5,  8851] loss: 0.23100
[  5,  8901] loss: 0.16764
[  5,  8951] loss: 0.22068
[  5,  9001] loss: 0.16803
[  5,  9051] loss: 0.34424
[  5,  9101] loss: 0.39605
[  5,  9151] loss: 0.23332
[  5,  9201] loss: 0.27367
[  5,  9251] loss: 0.19341
[  5,  9301] loss: 0.21542
[  5,  9351] loss: 0.19891
[  5,  9401] loss: 0.12983
[  5,  9451] loss: 0.22934
[  5,  9501] loss: 0.29482
[  5,  9551] loss: 0.29461
[  5,  9601] loss: 0.10017
[  5,  9651] loss: 0.33695
[  5,  9701] loss: 0.13779
[  5,  9751] loss: 0.21272
[  5,  9801] loss: 0.17925
[  5,  9851] loss: 0.29851
[  5,  9901] loss: 0.17484
[  5,  9951] loss: 0.17915
[  5, 10001] loss: 0.23107
[  5, 10051] loss: 0.15811
[  5, 10101] loss: 0.14508
[  5, 10151] loss: 0.16662
[  5, 10201] loss: 0.18036
[  5, 10251] loss: 0.13918
[  5, 10301] loss: 0.14079
[  5, 10351] loss: 0.29457
[  5, 10401] loss: 0.15429
[  5, 10451] loss: 0.20009
[  5, 10501] loss: 0.19588
[  5, 10551] loss: 0.16806
[  5, 10601] loss: 0.24673
[  5, 10651] loss: 0.22859
[  5, 10701] loss: 0.18254
[  5, 10751] loss: 0.24062
[  5, 10801] loss: 0.17698
[  5, 10851] loss: 0.19990
[  5, 10901] loss: 0.33336
[  5, 10951] loss: 0.25691
[  5, 11001] loss: 0.22606
[  5, 11051] loss: 0.23791
[  5, 11101] loss: 0.28317
[  5, 11151] loss: 0.21250
[  5, 11201] loss: 0.15861
[  5, 11251] loss: 0.27715
[  5, 11301] loss: 0.24868
[  5, 11351] loss: 0.26267
[  5, 11401] loss: 0.35912
[  5, 11451] loss: 0.36664
[  5, 11501] loss: 0.22954
[  5, 11551] loss: 0.15773
[  5, 11601] loss: 0.24806
[  5, 11651] loss: 0.26123
[  5, 11701] loss: 0.28201
[  5, 11751] loss: 0.24060
[  5, 11801] loss: 0.31400
[  5, 11851] loss: 0.14964
[  5, 11901] loss: 0.16220
[  5, 11951] loss: 0.19064
[  5, 12001] loss: 0.25742
[  5, 12051] loss: 0.26449
[  5, 12101] loss: 0.15458
[  5, 12151] loss: 0.24513
[  5, 12201] loss: 0.12144
[  5, 12251] loss: 0.14107
[  5, 12301] loss: 0.14312
[  5, 12351] loss: 0.12517
[  5, 12401] loss: 0.24324
[  5, 12451] loss: 0.22444
[  5, 12501] loss: 0.24996
[  5, 12551] loss: 0.18476
[  5, 12601] loss: 0.14454
[  5, 12651] loss: 0.14943
[  5, 12701] loss: 0.23074
[  5, 12751] loss: 0.18602
[  5, 12801] loss: 0.16783
[  5, 12851] loss: 0.21891
[  5, 12901] loss: 0.10000
[  5, 12951] loss: 0.11094
[  5, 13001] loss: 0.15848
[  5, 13051] loss: 0.09355
[  5, 13101] loss: 0.20484
[  5, 13151] loss: 0.28868
[  5, 13201] loss: 0.14619
[  5, 13251] loss: 0.26262
[  5, 13301] loss: 0.13297
[  5, 13351] loss: 0.19102
[  5, 13401] loss: 0.13190
[  5, 13451] loss: 0.20573
[  5, 13501] loss: 0.32949
[  5, 13551] loss: 0.33815
[  5, 13601] loss: 0.10675
[  5, 13651] loss: 0.13509
[  5, 13701] loss: 0.16625
[  5, 13751] loss: 0.23197
[  5, 13801] loss: 0.20137
[  5, 13851] loss: 0.23599
[  5, 13901] loss: 0.13764
[  5, 13951] loss: 0.19705
[  5, 14001] loss: 0.15206
[  5, 14051] loss: 0.21997
[  5, 14101] loss: 0.15734
[  5, 14151] loss: 0.24419
[  5, 14201] loss: 0.23978
[  5, 14251] loss: 0.20046
[  5, 14301] loss: 0.23193
[  5, 14351] loss: 0.21604
[  5, 14401] loss: 0.14554
[  5, 14451] loss: 0.20711
[  5, 14501] loss: 0.17072
[  5, 14551] loss: 0.26894
[  5, 14601] loss: 0.15670
[  5, 14651] loss: 0.20093
[  5, 14701] loss: 0.17529
[  5, 14751] loss: 0.11120
[  5, 14801] loss: 0.22365
[  5, 14851] loss: 0.22593
[  5, 14901] loss: 0.30563
[  5, 14951] loss: 0.27645
[  5, 15001] loss: 0.18703
[  5, 15051] loss: 0.18685
[  5, 15101] loss: 0.24099
[  5, 15151] loss: 0.19184
[  5, 15201] loss: 0.16585
[  5, 15251] loss: 0.19346
[  5, 15301] loss: 0.14984
[  5, 15351] loss: 0.13889
[  5, 15401] loss: 0.17388
[  5, 15451] loss: 0.21825
[  5, 15501] loss: 0.24646
[  5, 15551] loss: 0.24380
[  5, 15601] loss: 0.17598
[  5, 15651] loss: 0.14334
[  5, 15701] loss: 0.23403
[  5, 15751] loss: 0.28301
[  5, 15801] loss: 0.40603
[  5, 15851] loss: 0.24671
[  5, 15901] loss: 0.15832
[  5, 15951] loss: 0.10921
[  5, 16001] loss: 0.16608
[  5, 16051] loss: 0.12874
[  5, 16101] loss: 0.29382
[  5, 16151] loss: 0.46652
[  5, 16201] loss: 0.57086
[  5, 16251] loss: 0.32838
[  5, 16301] loss: 0.27028
[  5, 16351] loss: 0.16294
[  5, 16401] loss: 0.17730
[  5, 16451] loss: 0.37288
[  5, 16501] loss: 0.31290
[  5, 16551] loss: 0.26291
[  5, 16601] loss: 0.31919
[  5, 16651] loss: 0.31170
[  5, 16701] loss: 0.18145
[  5, 16751] loss: 0.18867
[  5, 16801] loss: 0.18075
[  5, 16851] loss: 0.13371
[  5, 16901] loss: 0.24875
[  5, 16951] loss: 0.17508
[  5, 17001] loss: 0.20726
[  5, 17051] loss: 0.20116
[  5, 17101] loss: 0.15564
[  5, 17151] loss: 0.15173
[  5, 17201] loss: 0.12633
[  5, 17251] loss: 0.26298
[  5, 17301] loss: 0.18558
[  5, 17351] loss: 0.13445
[  5, 17401] loss: 0.12846
[  5, 17451] loss: 0.18170
[  5, 17501] loss: 0.12280
[  5, 17551] loss: 0.22227
[  5, 17601] loss: 0.17225
[  5, 17651] loss: 0.10414
[  5, 17701] loss: 0.15192
[  5, 17751] loss: 0.23207
[  5, 17801] loss: 0.12902
[  5, 17851] loss: 0.18874
[  5, 17901] loss: 0.17192
[  5, 17951] loss: 0.14048
[  5, 18001] loss: 0.12916
[  5, 18051] loss: 0.23008
[  5, 18101] loss: 0.17540
[  5, 18151] loss: 0.19650
[  5, 18201] loss: 0.14672
[  5, 18251] loss: 0.21321
[  5, 18301] loss: 0.16815
[  5, 18351] loss: 0.18731
[  5, 18401] loss: 0.18292
[  5, 18451] loss: 0.24443
[  5, 18501] loss: 0.25130
[  5, 18551] loss: 0.16066
[  5, 18601] loss: 0.12010
[  5, 18651] loss: 0.12227
[  5, 18701] loss: 0.24991
[  5, 18751] loss: 0.20209
[  5, 18801] loss: 0.24265
[  5, 18851] loss: 0.16973
[  5, 18901] loss: 0.20884
[  5, 18951] loss: 0.14528
[  5, 19001] loss: 0.18300
[  5, 19051] loss: 0.20135
[  5, 19101] loss: 0.20895
[  5, 19151] loss: 0.22988
[  5, 19201] loss: 0.13411
[  5, 19251] loss: 0.11995
[  5, 19301] loss: 0.16176
[  5, 19351] loss: 0.23941
[  5, 19401] loss: 0.19261
[  5, 19451] loss: 0.21679
[  5, 19501] loss: 0.13244
[  5, 19551] loss: 0.12284
[  5, 19601] loss: 0.20878
[  5, 19651] loss: 0.28133
[  5, 19701] loss: 0.27481
[  5, 19751] loss: 0.18785
[  5, 19801] loss: 0.19969
[  5, 19851] loss: 0.16888
[  5, 19901] loss: 0.17922
[  5, 19951] loss: 0.17174
[  5, 20001] loss: 0.33717
[  5, 20051] loss: 0.55443
[  5, 20101] loss: 0.56513
[  5, 20151] loss: 0.30060
[  5, 20201] loss: 0.09558
[  5, 20251] loss: 0.21592
[  5, 20301] loss: 0.24395
[  5, 20351] loss: 0.38501
[  5, 20401] loss: 0.33965
[  5, 20451] loss: 0.33813
[  5, 20501] loss: 0.72719
[  5, 20551] loss: 0.54597
[  5, 20601] loss: 0.27230
[  5, 20651] loss: 0.31289
[  5, 20701] loss: 0.33174
[  5, 20751] loss: 0.38444
[  5, 20801] loss: 0.50427
[  5, 20851] loss: 0.46125
[  5, 20901] loss: 0.54069
[  5, 20951] loss: 0.52606
[  5, 21001] loss: 0.46037
[  5, 21051] loss: 0.46580
[  5, 21101] loss: 0.42474
[  5, 21151] loss: 0.35701
[  5, 21201] loss: 0.27262
[  5, 21251] loss: 0.33772
[  5, 21301] loss: 0.32214
[  5, 21351] loss: 0.28608
[  5, 21401] loss: 0.24257
[  5, 21451] loss: 0.13141
[  5, 21501] loss: 0.18838
[  5, 21551] loss: 0.20946
[  5, 21601] loss: 0.18021
[  5, 21651] loss: 0.26191
[  5, 21701] loss: 0.17726
[  5, 21751] loss: 0.13760
[  5, 21801] loss: 0.30697
[  5, 21851] loss: 0.40493
[  5, 21901] loss: 0.20012
[  5, 21951] loss: 0.20720
[  5, 22001] loss: 0.06628
[  5, 22051] loss: 0.26681
[  5, 22101] loss: 0.25384
[  5, 22151] loss: 0.06715
[  5, 22201] loss: 0.12703
[  5, 22251] loss: 0.18729
[  5, 22301] loss: 0.15016
[  5, 22351] loss: 0.23617
[  5, 22401] loss: 0.18711
[  5, 22451] loss: 0.12835
[  5, 22501] loss: 0.25101
[  5, 22551] loss: 0.13149
[  5, 22601] loss: 0.17316
[  5, 22651] loss: 0.12844
[  5, 22701] loss: 0.12691
[  5, 22751] loss: 0.19441
[  5, 22801] loss: 0.13172
[  5, 22851] loss: 0.21337
[  5, 22901] loss: 0.26446
[  5, 22951] loss: 0.24322
[  5, 23001] loss: 0.23061
[  5, 23051] loss: 0.19918
[  5, 23101] loss: 0.13478
[  5, 23151] loss: 0.30307
[  5, 23201] loss: 0.15712
[  5, 23251] loss: 0.21451
[  5, 23301] loss: 0.16302
[  5, 23351] loss: 0.21788
[  5, 23401] loss: 0.11419
[  5, 23451] loss: 0.11355
[  5, 23501] loss: 0.26944
[  5, 23551] loss: 0.30269
[  5, 23601] loss: 0.27780
[  5, 23651] loss: 0.14689
[  5, 23701] loss: 0.31291
[  5, 23751] loss: 0.20944
[  5, 23801] loss: 0.16285
[  5, 23851] loss: 0.22031
[  5, 23901] loss: 0.28435
[  5, 23951] loss: 0.15094
[  5, 24001] loss: 0.19946
[  5, 24051] loss: 0.21917
[  5, 24101] loss: 0.18899
[  5, 24151] loss: 0.20815
[  5, 24201] loss: 0.18906
[  5, 24251] loss: 0.15307
[  5, 24301] loss: 0.16806
[  5, 24351] loss: 0.14121
[  5, 24401] loss: 0.15110
[  5, 24451] loss: 0.12236
[  5, 24501] loss: 0.29523
[  5, 24551] loss: 0.23762
[  5, 24601] loss: 0.29161
[  5, 24651] loss: 0.16844
[  5, 24701] loss: 0.20428
[  5, 24751] loss: 0.31293
[  5, 24801] loss: 0.29125
[  5, 24851] loss: 0.12692
[  5, 24901] loss: 0.08307
[  5, 24951] loss: 0.16331
Finished training
Accuracy on train: 0.89072
Accuracy on test: 0.58904
