{'word_context': 29, 'word_embed_size': 100, 'word_conv_units': 300, 'hidden_units': 1000, 'drop_amount': 0.2, 'dropout': True, 'batch_size': 50}
train set done
test set done
<bound method MixedNet.parameters of MixedNet (
  (W_wrd): DataParallel (
    (module): Embedding(89528, 100)
  )
  (word_level_conv): DataParallel (
    (module): Conv2d(1, 300, kernel_size=(100, 29), stride=(1, 1), padding=(0, 14))
  )
  (word_level_maxpool): DataParallel (
    (module): AdaptiveMaxPool2d (output_size=(300, 1))
  )
  (fc1): DataParallel (
    (module): Linear (300 -> 1000)
  )
  (fc2): DataParallel (
    (module): Linear (1000 -> 2)
  )
  (dropout): DataParallel (
    (module): Dropout (p = 0.2)
  )
)>
[  1,     1] loss: 0.76570
[  1,    51] loss: 2.69855
[  1,   101] loss: 1.44267
[  1,   151] loss: 0.79760
[  1,   201] loss: 1.67552
[  1,   251] loss: 0.87934
[  1,   301] loss: 0.69004
[  1,   351] loss: 0.87475
[  1,   401] loss: 0.93002
[  1,   451] loss: 0.70397
[  1,   501] loss: 0.69213
[  1,   551] loss: 0.68194
[  1,   601] loss: 0.69209
[  1,   651] loss: 0.82800
[  1,   701] loss: 0.68404
[  1,   751] loss: 0.76510
[  1,   801] loss: 0.67839
[  1,   851] loss: 0.71902
[  1,   901] loss: 0.72902
[  1,   951] loss: 0.74717
[  1,  1001] loss: 0.77221
[  1,  1051] loss: 0.72640
[  1,  1101] loss: 0.69374
[  1,  1151] loss: 0.69974
[  1,  1201] loss: 0.71047
[  1,  1251] loss: 0.75500
[  1,  1301] loss: 0.69953
[  1,  1351] loss: 0.67481
[  1,  1401] loss: 0.68963
[  1,  1451] loss: 0.76697
[  1,  1501] loss: 0.89148
[  1,  1551] loss: 0.71301
[  1,  1601] loss: 0.66895
[  1,  1651] loss: 0.65209
[  1,  1701] loss: 0.74952
[  1,  1751] loss: 0.74176
[  1,  1801] loss: 0.67484
[  1,  1851] loss: 0.70517
[  1,  1901] loss: 0.68909
[  1,  1951] loss: 0.69019
[  1,  2001] loss: 0.70456
[  1,  2051] loss: 0.69600
[  1,  2101] loss: 0.73592
[  1,  2151] loss: 0.74702
[  1,  2201] loss: 0.68896
[  1,  2251] loss: 0.71955
[  1,  2301] loss: 0.84122
[  1,  2351] loss: 0.70860
[  1,  2401] loss: 0.68486
[  1,  2451] loss: 0.69337
[  1,  2501] loss: 0.67118
[  1,  2551] loss: 0.66180
[  1,  2601] loss: 0.65838
[  1,  2651] loss: 0.78562
[  1,  2701] loss: 0.72184
[  1,  2751] loss: 0.70287
[  1,  2801] loss: 0.66128
[  1,  2851] loss: 0.66545
[  1,  2901] loss: 0.66676
[  1,  2951] loss: 0.77408
[  1,  3001] loss: 0.70723
[  1,  3051] loss: 0.70385
[  1,  3101] loss: 0.71773
[  1,  3151] loss: 0.68541
[  1,  3201] loss: 0.74890
[  1,  3251] loss: 0.68549
[  1,  3301] loss: 0.73020
[  1,  3351] loss: 0.69424
[  1,  3401] loss: 0.68882
[  1,  3451] loss: 0.68980
[  1,  3501] loss: 0.64988
[  1,  3551] loss: 0.74249
[  1,  3601] loss: 0.69806
[  1,  3651] loss: 0.74757
[  1,  3701] loss: 0.68241
[  1,  3751] loss: 0.68142
[  1,  3801] loss: 0.73121
[  1,  3851] loss: 0.72392
[  1,  3901] loss: 0.73903
[  1,  3951] loss: 0.75384
[  1,  4001] loss: 0.69445
[  1,  4051] loss: 0.68140
[  1,  4101] loss: 0.68287
[  1,  4151] loss: 0.75247
[  1,  4201] loss: 0.76247
[  1,  4251] loss: 0.77088
[  1,  4301] loss: 0.66410
[  1,  4351] loss: 0.72875
[  1,  4401] loss: 0.74101
[  1,  4451] loss: 0.66653
[  1,  4501] loss: 0.79101
[  1,  4551] loss: 0.73655
[  1,  4601] loss: 0.65264
[  1,  4651] loss: 0.68674
[  1,  4701] loss: 0.67796
[  1,  4751] loss: 0.72660
[  1,  4801] loss: 0.77733
[  1,  4851] loss: 0.64440
[  1,  4901] loss: 0.67768
[  1,  4951] loss: 0.66034
[  1,  5001] loss: 0.68012
[  1,  5051] loss: 0.69304
[  1,  5101] loss: 0.70450
[  1,  5151] loss: 0.70953
[  1,  5201] loss: 0.69293
[  1,  5251] loss: 0.66602
[  1,  5301] loss: 0.66156
[  1,  5351] loss: 0.67842
[  1,  5401] loss: 0.69806
[  1,  5451] loss: 0.64130
[  1,  5501] loss: 0.66363
[  1,  5551] loss: 0.69282
[  1,  5601] loss: 0.72595
[  1,  5651] loss: 0.67225
[  1,  5701] loss: 0.67428
[  1,  5751] loss: 0.64762
[  1,  5801] loss: 0.73072
[  1,  5851] loss: 0.69535
[  1,  5901] loss: 0.70924
[  1,  5951] loss: 0.64876
[  1,  6001] loss: 0.67121
[  1,  6051] loss: 0.67950
[  1,  6101] loss: 0.67202
[  1,  6151] loss: 0.66351
[  1,  6201] loss: 0.70479
[  1,  6251] loss: 0.71612
[  1,  6301] loss: 0.68007
[  1,  6351] loss: 0.70054
[  1,  6401] loss: 0.68586
[  1,  6451] loss: 0.66518
[  1,  6501] loss: 0.66406
[  1,  6551] loss: 0.71769
[  1,  6601] loss: 0.68423
[  1,  6651] loss: 0.67050
[  1,  6701] loss: 0.64068
[  1,  6751] loss: 0.66834
[  1,  6801] loss: 0.64288
[  1,  6851] loss: 0.66778
[  1,  6901] loss: 0.66884
[  1,  6951] loss: 0.64075
[  1,  7001] loss: 0.68126
[  1,  7051] loss: 0.68170
[  1,  7101] loss: 0.66891
[  1,  7151] loss: 0.68519
[  1,  7201] loss: 0.66004
[  1,  7251] loss: 0.60872
[  1,  7301] loss: 0.66528
[  1,  7351] loss: 0.70630
[  1,  7401] loss: 0.65044
[  1,  7451] loss: 0.66534
[  1,  7501] loss: 0.62234
[  1,  7551] loss: 0.64615
[  1,  7601] loss: 0.69241
[  1,  7651] loss: 0.70994
[  1,  7701] loss: 0.63691
[  1,  7751] loss: 0.68566
[  1,  7801] loss: 0.60608
[  1,  7851] loss: 0.71856
[  1,  7901] loss: 0.64007
[  1,  7951] loss: 0.67350
[  1,  8001] loss: 0.64660
[  1,  8051] loss: 0.69657
[  1,  8101] loss: 0.68214
[  1,  8151] loss: 0.61604
[  1,  8201] loss: 0.66710
[  1,  8251] loss: 0.70860
[  1,  8301] loss: 0.65427
[  1,  8351] loss: 0.67513
[  1,  8401] loss: 0.65455
[  1,  8451] loss: 0.62125
[  1,  8501] loss: 0.81977
[  1,  8551] loss: 0.65270
[  1,  8601] loss: 0.63830
[  1,  8651] loss: 0.65802
[  1,  8701] loss: 0.66792
[  1,  8751] loss: 0.70086
[  1,  8801] loss: 0.64745
[  1,  8851] loss: 0.67226
[  1,  8901] loss: 0.64367
[  1,  8951] loss: 0.73132
[  1,  9001] loss: 0.67137
[  1,  9051] loss: 0.62316
[  1,  9101] loss: 0.64240
[  1,  9151] loss: 0.66330
[  1,  9201] loss: 0.72165
[  1,  9251] loss: 0.64898
[  1,  9301] loss: 0.64524
[  1,  9351] loss: 0.72467
[  1,  9401] loss: 0.68840
[  1,  9451] loss: 0.61266
[  1,  9501] loss: 0.66366
[  1,  9551] loss: 0.59034
[  1,  9601] loss: 0.62736
[  1,  9651] loss: 0.78485
[  1,  9701] loss: 0.64042
[  1,  9751] loss: 0.68307
[  1,  9801] loss: 0.62995
[  1,  9851] loss: 0.62083
[  1,  9901] loss: 0.69301
[  1,  9951] loss: 0.67859
[  1, 10001] loss: 0.66399
[  1, 10051] loss: 0.63628
[  1, 10101] loss: 0.66288
[  1, 10151] loss: 0.67222
[  1, 10201] loss: 0.66949
[  1, 10251] loss: 0.70108
[  1, 10301] loss: 0.62017
[  1, 10351] loss: 0.61069
[  1, 10401] loss: 0.66677
[  1, 10451] loss: 0.64785
[  1, 10501] loss: 0.64591
[  1, 10551] loss: 0.60985
[  1, 10601] loss: 0.65470
[  1, 10651] loss: 0.62366
[  1, 10701] loss: 0.74518
[  1, 10751] loss: 0.65406
[  1, 10801] loss: 0.65944
[  1, 10851] loss: 0.55727
[  1, 10901] loss: 0.70499
[  1, 10951] loss: 0.76975
[  1, 11001] loss: 0.63878
[  1, 11051] loss: 0.65387
[  1, 11101] loss: 0.64097
[  1, 11151] loss: 0.66688
[  1, 11201] loss: 0.63198
[  1, 11251] loss: 0.69426
[  1, 11301] loss: 0.66322
[  1, 11351] loss: 0.64468
[  1, 11401] loss: 0.65800
[  1, 11451] loss: 0.65958
[  1, 11501] loss: 0.61604
[  1, 11551] loss: 0.60979
[  1, 11601] loss: 0.62819
[  1, 11651] loss: 0.65073
[  1, 11701] loss: 0.62854
[  1, 11751] loss: 0.56413
[  1, 11801] loss: 0.62077
[  1, 11851] loss: 0.66360
[  1, 11901] loss: 0.69107
[  1, 11951] loss: 0.67558
[  1, 12001] loss: 0.62682
[  1, 12051] loss: 0.78074
[  1, 12101] loss: 0.64097
[  1, 12151] loss: 0.55078
[  1, 12201] loss: 0.60150
[  1, 12251] loss: 0.61778
[  1, 12301] loss: 0.62701
[  1, 12351] loss: 0.68942
[  1, 12401] loss: 0.61809
[  1, 12451] loss: 0.72501
[  1, 12501] loss: 0.71112
[  1, 12551] loss: 0.66505
[  1, 12601] loss: 0.61188
[  1, 12651] loss: 0.63035
[  1, 12701] loss: 0.63550
[  1, 12751] loss: 0.57404
[  1, 12801] loss: 0.77239
[  1, 12851] loss: 0.71354
[  1, 12901] loss: 0.65482
[  1, 12951] loss: 0.65718
[  1, 13001] loss: 0.69925
[  1, 13051] loss: 0.63839
[  1, 13101] loss: 0.70811
[  1, 13151] loss: 0.67662
[  1, 13201] loss: 0.58978
[  1, 13251] loss: 0.59410
[  1, 13301] loss: 0.67644
[  1, 13351] loss: 0.62872
[  1, 13401] loss: 0.69977
[  1, 13451] loss: 0.56809
[  1, 13501] loss: 0.69142
[  1, 13551] loss: 0.60438
[  1, 13601] loss: 0.57487
[  1, 13651] loss: 0.61511
[  1, 13701] loss: 0.60740
[  1, 13751] loss: 0.57741
[  1, 13801] loss: 0.66514
[  1, 13851] loss: 0.66862
[  1, 13901] loss: 0.57514
[  1, 13951] loss: 0.67507
[  1, 14001] loss: 0.71835
[  1, 14051] loss: 0.67315
[  1, 14101] loss: 0.63600
[  1, 14151] loss: 0.67192
[  1, 14201] loss: 0.66593
[  1, 14251] loss: 0.69975
[  1, 14301] loss: 0.62783
[  1, 14351] loss: 0.64913
[  1, 14401] loss: 0.66984
[  1, 14451] loss: 0.67087
[  1, 14501] loss: 0.70345
[  1, 14551] loss: 0.69335
[  1, 14601] loss: 0.73954
[  1, 14651] loss: 0.60207
[  1, 14701] loss: 0.68989
[  1, 14751] loss: 0.70358
[  1, 14801] loss: 0.76909
[  1, 14851] loss: 0.65774
[  1, 14901] loss: 0.60118
[  1, 14951] loss: 0.67205
[  1, 15001] loss: 0.59586
[  1, 15051] loss: 0.55944
[  1, 15101] loss: 0.66690
[  1, 15151] loss: 0.70027
[  1, 15201] loss: 0.61195
[  1, 15251] loss: 0.57383
[  1, 15301] loss: 0.58036
[  1, 15351] loss: 0.63301
[  1, 15401] loss: 0.59216
[  1, 15451] loss: 0.61453
[  1, 15501] loss: 0.64890
[  1, 15551] loss: 0.67049
[  1, 15601] loss: 0.61303
[  1, 15651] loss: 0.59921
[  1, 15701] loss: 0.69809
[  1, 15751] loss: 0.60850
[  1, 15801] loss: 0.56546
[  1, 15851] loss: 0.59607
[  1, 15901] loss: 0.69597
[  1, 15951] loss: 0.60297
[  1, 16001] loss: 0.58244
[  1, 16051] loss: 0.66744
[  1, 16101] loss: 0.65585
[  1, 16151] loss: 0.71132
[  1, 16201] loss: 0.67540
[  1, 16251] loss: 0.65526
[  1, 16301] loss: 0.59284
[  1, 16351] loss: 0.62683
[  1, 16401] loss: 0.64004
[  1, 16451] loss: 0.49042
[  1, 16501] loss: 0.65082
[  1, 16551] loss: 0.64104
[  1, 16601] loss: 0.64121
[  1, 16651] loss: 0.72536
[  1, 16701] loss: 0.61077
[  1, 16751] loss: 0.73471
[  1, 16801] loss: 0.58840
[  1, 16851] loss: 0.60728
[  1, 16901] loss: 0.64619
[  1, 16951] loss: 0.67390
[  1, 17001] loss: 0.60290
[  1, 17051] loss: 0.62625
[  1, 17101] loss: 0.66230
[  1, 17151] loss: 0.64532
[  1, 17201] loss: 0.61254
[  1, 17251] loss: 0.58312
[  1, 17301] loss: 0.70373
[  1, 17351] loss: 0.71242
[  1, 17401] loss: 0.65864
[  1, 17451] loss: 0.60144
[  1, 17501] loss: 0.78670
[  1, 17551] loss: 0.57295
[  1, 17601] loss: 0.56807
[  1, 17651] loss: 0.66719
[  1, 17701] loss: 0.61468
[  1, 17751] loss: 0.61331
[  1, 17801] loss: 0.67979
[  1, 17851] loss: 0.63391
[  1, 17901] loss: 0.61948
[  1, 17951] loss: 0.58887
[  1, 18001] loss: 0.67799
[  1, 18051] loss: 0.58879
[  1, 18101] loss: 0.63588
[  1, 18151] loss: 0.64177
[  1, 18201] loss: 0.64224
[  1, 18251] loss: 0.74549
[  1, 18301] loss: 0.65152
[  1, 18351] loss: 0.63870
[  1, 18401] loss: 0.62517
[  1, 18451] loss: 0.67627
[  1, 18501] loss: 0.65344
[  1, 18551] loss: 0.67843
[  1, 18601] loss: 0.56690
[  1, 18651] loss: 0.63395
[  1, 18701] loss: 0.58733
[  1, 18751] loss: 0.59783
[  1, 18801] loss: 0.70577
[  1, 18851] loss: 0.67420
[  1, 18901] loss: 0.67982
[  1, 18951] loss: 0.65436
[  1, 19001] loss: 0.57280
[  1, 19051] loss: 0.65517
[  1, 19101] loss: 0.63157
[  1, 19151] loss: 0.68795
[  1, 19201] loss: 0.62865
[  1, 19251] loss: 0.69901
[  1, 19301] loss: 0.61022
[  1, 19351] loss: 0.67963
[  1, 19401] loss: 0.67599
[  1, 19451] loss: 0.69212
[  1, 19501] loss: 0.66168
[  1, 19551] loss: 0.65552
[  1, 19601] loss: 0.66251
[  1, 19651] loss: 0.69032
[  1, 19701] loss: 0.60145
[  1, 19751] loss: 0.66673
[  1, 19801] loss: 0.61469
[  1, 19851] loss: 0.65222
[  1, 19901] loss: 0.65865
[  1, 19951] loss: 0.57381
[  1, 20001] loss: 0.73390
[  1, 20051] loss: 0.57594
[  1, 20101] loss: 0.59673
[  1, 20151] loss: 0.57497
[  1, 20201] loss: 0.59388
[  1, 20251] loss: 0.55135
[  1, 20301] loss: 0.61890
[  1, 20351] loss: 0.60230
[  1, 20401] loss: 0.68363
[  1, 20451] loss: 0.61935
[  1, 20501] loss: 0.67176
[  1, 20551] loss: 0.66093
[  1, 20601] loss: 0.63835
[  1, 20651] loss: 0.55422
[  1, 20701] loss: 0.70766
[  1, 20751] loss: 0.73607
[  1, 20801] loss: 0.62345
[  1, 20851] loss: 0.66556
[  1, 20901] loss: 0.62928
[  1, 20951] loss: 0.62833
[  1, 21001] loss: 0.59809
[  1, 21051] loss: 0.61315
[  1, 21101] loss: 0.72535
[  1, 21151] loss: 0.58871
[  1, 21201] loss: 0.59209
[  1, 21251] loss: 0.68690
[  1, 21301] loss: 0.59617
[  1, 21351] loss: 0.66269
[  1, 21401] loss: 0.58735
[  1, 21451] loss: 0.61567
[  1, 21501] loss: 0.64806
[  1, 21551] loss: 0.66222
[  1, 21601] loss: 0.75032
[  1, 21651] loss: 0.69875
[  1, 21701] loss: 0.64922
[  1, 21751] loss: 0.62667
[  1, 21801] loss: 0.72783
[  1, 21851] loss: 0.71391
[  1, 21901] loss: 0.64824
[  1, 21951] loss: 0.66493
[  1, 22001] loss: 0.63441
[  1, 22051] loss: 0.60377
[  1, 22101] loss: 0.63136
[  1, 22151] loss: 0.71816
[  1, 22201] loss: 0.59071
[  1, 22251] loss: 0.61568
[  1, 22301] loss: 0.63281
[  1, 22351] loss: 0.60248
[  1, 22401] loss: 0.57563
[  1, 22451] loss: 0.62839
[  1, 22501] loss: 0.56774
[  1, 22551] loss: 0.63944
[  1, 22601] loss: 0.64397
[  1, 22651] loss: 0.67527
[  1, 22701] loss: 0.63527
[  1, 22751] loss: 0.62911
[  1, 22801] loss: 0.56845
[  1, 22851] loss: 0.72019
[  1, 22901] loss: 0.62050
[  1, 22951] loss: 0.59582
[  1, 23001] loss: 0.57282
[  1, 23051] loss: 0.59952
[  1, 23101] loss: 0.65753
[  1, 23151] loss: 0.63364
[  1, 23201] loss: 0.64644
[  1, 23251] loss: 0.61509
[  1, 23301] loss: 0.66769
[  1, 23351] loss: 0.60849
[  1, 23401] loss: 0.65600
[  1, 23451] loss: 0.62029
[  1, 23501] loss: 0.67237
[  1, 23551] loss: 0.68176
[  1, 23601] loss: 0.63476
[  1, 23651] loss: 0.58065
[  1, 23701] loss: 0.66217
[  1, 23751] loss: 0.69557
[  1, 23801] loss: 0.73577
[  1, 23851] loss: 0.62637
[  1, 23901] loss: 0.67712
[  1, 23951] loss: 0.66461
[  1, 24001] loss: 0.66250
[  1, 24051] loss: 0.57653
[  1, 24101] loss: 0.59517
[  1, 24151] loss: 0.57090
[  1, 24201] loss: 0.62560
[  1, 24251] loss: 0.53834
[  1, 24301] loss: 0.65783
[  1, 24351] loss: 0.71809
[  1, 24401] loss: 0.57229
[  1, 24451] loss: 0.66674
[  1, 24501] loss: 0.66277
[  1, 24551] loss: 0.67675
[  1, 24601] loss: 0.58283
[  1, 24651] loss: 0.62523
[  1, 24701] loss: 0.64187
[  1, 24751] loss: 0.52489
[  1, 24801] loss: 0.49179
[  1, 24851] loss: 0.62941
[  1, 24901] loss: 0.55592
[  1, 24951] loss: 0.53279
[  2,     1] loss: 0.50759
[  2,    51] loss: 0.70839
[  2,   101] loss: 0.64523
[  2,   151] loss: 0.60457
[  2,   201] loss: 0.59274
[  2,   251] loss: 0.61965
[  2,   301] loss: 0.56490
[  2,   351] loss: 0.56953
[  2,   401] loss: 0.57426
[  2,   451] loss: 0.60605
[  2,   501] loss: 0.66988
[  2,   551] loss: 0.61051
[  2,   601] loss: 0.53149
[  2,   651] loss: 0.77359
[  2,   701] loss: 0.49246
[  2,   751] loss: 0.65234
[  2,   801] loss: 0.52988
[  2,   851] loss: 0.60626
[  2,   901] loss: 0.61238
[  2,   951] loss: 0.57851
[  2,  1001] loss: 0.61498
[  2,  1051] loss: 0.68414
[  2,  1101] loss: 0.55513
[  2,  1151] loss: 0.58523
[  2,  1201] loss: 0.60070
[  2,  1251] loss: 0.64835
[  2,  1301] loss: 0.55982
[  2,  1351] loss: 0.59580
[  2,  1401] loss: 0.59998
[  2,  1451] loss: 0.75103
[  2,  1501] loss: 0.79559
[  2,  1551] loss: 0.54873
[  2,  1601] loss: 0.72858
[  2,  1651] loss: 0.55437
[  2,  1701] loss: 0.73482
[  2,  1751] loss: 0.64440
[  2,  1801] loss: 0.55247
[  2,  1851] loss: 0.61329
[  2,  1901] loss: 0.63858
[  2,  1951] loss: 0.57980
[  2,  2001] loss: 0.61450
[  2,  2051] loss: 0.56711
[  2,  2101] loss: 0.73894
[  2,  2151] loss: 0.56955
[  2,  2201] loss: 0.55668
[  2,  2251] loss: 0.64782
[  2,  2301] loss: 0.78746
[  2,  2351] loss: 0.59535
[  2,  2401] loss: 0.61211
[  2,  2451] loss: 0.56591
[  2,  2501] loss: 0.62849
[  2,  2551] loss: 0.61665
[  2,  2601] loss: 0.64825
[  2,  2651] loss: 0.69794
[  2,  2701] loss: 0.59569
[  2,  2751] loss: 0.58559
[  2,  2801] loss: 0.61153
[  2,  2851] loss: 0.57904
[  2,  2901] loss: 0.58891
[  2,  2951] loss: 0.61505
[  2,  3001] loss: 0.59800
[  2,  3051] loss: 0.58812
[  2,  3101] loss: 0.60611
[  2,  3151] loss: 0.52169
[  2,  3201] loss: 0.67355
[  2,  3251] loss: 0.49090
[  2,  3301] loss: 0.73156
[  2,  3351] loss: 0.59951
[  2,  3401] loss: 0.50154
[  2,  3451] loss: 0.56488
[  2,  3501] loss: 0.56137
[  2,  3551] loss: 0.61962
[  2,  3601] loss: 0.61283
[  2,  3651] loss: 0.62066
[  2,  3701] loss: 0.50794
[  2,  3751] loss: 0.52352
[  2,  3801] loss: 0.64639
[  2,  3851] loss: 0.63919
[  2,  3901] loss: 0.72129
[  2,  3951] loss: 0.66118
[  2,  4001] loss: 0.62366
[  2,  4051] loss: 0.65162
[  2,  4101] loss: 0.63268
[  2,  4151] loss: 0.56070
[  2,  4201] loss: 0.62064
[  2,  4251] loss: 0.57584
[  2,  4301] loss: 0.65936
[  2,  4351] loss: 0.69380
[  2,  4401] loss: 0.56146
[  2,  4451] loss: 0.56800
[  2,  4501] loss: 0.59687
[  2,  4551] loss: 0.62357
[  2,  4601] loss: 0.60281
[  2,  4651] loss: 0.64011
[  2,  4701] loss: 0.67232
[  2,  4751] loss: 0.56323
[  2,  4801] loss: 0.61891
[  2,  4851] loss: 0.55763
[  2,  4901] loss: 0.65975
[  2,  4951] loss: 0.60977
[  2,  5001] loss: 0.56886
[  2,  5051] loss: 0.61962
[  2,  5101] loss: 0.48142
[  2,  5151] loss: 0.55239
[  2,  5201] loss: 0.57109
[  2,  5251] loss: 0.51563
[  2,  5301] loss: 0.50572
[  2,  5351] loss: 0.59116
[  2,  5401] loss: 0.60976
[  2,  5451] loss: 0.49363
[  2,  5501] loss: 0.59475
[  2,  5551] loss: 0.57561
[  2,  5601] loss: 0.60807
[  2,  5651] loss: 0.75317
[  2,  5701] loss: 0.50984
[  2,  5751] loss: 0.50721
[  2,  5801] loss: 0.58419
[  2,  5851] loss: 0.54228
[  2,  5901] loss: 0.63302
[  2,  5951] loss: 0.55095
[  2,  6001] loss: 0.54525
[  2,  6051] loss: 0.55819
[  2,  6101] loss: 0.60046
[  2,  6151] loss: 0.55695
[  2,  6201] loss: 0.72926
[  2,  6251] loss: 0.55979
[  2,  6301] loss: 0.57844
[  2,  6351] loss: 0.54273
[  2,  6401] loss: 0.67477
[  2,  6451] loss: 0.53234
[  2,  6501] loss: 0.51351
[  2,  6551] loss: 0.46042
[  2,  6601] loss: 0.79534
[  2,  6651] loss: 0.53577
[  2,  6701] loss: 0.52845
[  2,  6751] loss: 0.53190
[  2,  6801] loss: 0.57900
[  2,  6851] loss: 0.56834
[  2,  6901] loss: 0.58876
[  2,  6951] loss: 0.54255
[  2,  7001] loss: 0.58897
[  2,  7051] loss: 0.63023
[  2,  7101] loss: 0.56589
[  2,  7151] loss: 0.50732
[  2,  7201] loss: 0.55000
[  2,  7251] loss: 0.39464
[  2,  7301] loss: 0.59385
[  2,  7351] loss: 0.51035
[  2,  7401] loss: 0.58061
[  2,  7451] loss: 0.56725
[  2,  7501] loss: 0.47868
[  2,  7551] loss: 0.48846
[  2,  7601] loss: 0.49225
[  2,  7651] loss: 0.47627
[  2,  7701] loss: 0.54674
[  2,  7751] loss: 0.61666
[  2,  7801] loss: 0.37923
[  2,  7851] loss: 0.57293
[  2,  7901] loss: 0.55682
[  2,  7951] loss: 0.54747
[  2,  8001] loss: 0.44743
[  2,  8051] loss: 0.57787
[  2,  8101] loss: 0.56013
[  2,  8151] loss: 0.44095
[  2,  8201] loss: 0.53356
[  2,  8251] loss: 0.60100
[  2,  8301] loss: 0.51250
[  2,  8351] loss: 0.42106
[  2,  8401] loss: 0.47235
[  2,  8451] loss: 0.47557
[  2,  8501] loss: 0.72451
[  2,  8551] loss: 0.43437
[  2,  8601] loss: 0.49470
[  2,  8651] loss: 0.46947
[  2,  8701] loss: 0.46663
[  2,  8751] loss: 0.54139
[  2,  8801] loss: 0.52824
[  2,  8851] loss: 0.60492
[  2,  8901] loss: 0.53466
[  2,  8951] loss: 0.56828
[  2,  9001] loss: 0.50417
[  2,  9051] loss: 0.49569
[  2,  9101] loss: 0.50260
[  2,  9151] loss: 0.50743
[  2,  9201] loss: 0.53977
[  2,  9251] loss: 0.49503
[  2,  9301] loss: 0.54946
[  2,  9351] loss: 0.55752
[  2,  9401] loss: 0.48908
[  2,  9451] loss: 0.52710
[  2,  9501] loss: 0.50153
[  2,  9551] loss: 0.42470
[  2,  9601] loss: 0.51888
[  2,  9651] loss: 0.60790
[  2,  9701] loss: 0.46356
[  2,  9751] loss: 0.51007
[  2,  9801] loss: 0.45361
[  2,  9851] loss: 0.47438
[  2,  9901] loss: 0.64156
[  2,  9951] loss: 0.53715
[  2, 10001] loss: 0.62313
[  2, 10051] loss: 0.55000
[  2, 10101] loss: 0.55347
[  2, 10151] loss: 0.46990
[  2, 10201] loss: 0.50978
[  2, 10251] loss: 0.64597
[  2, 10301] loss: 0.37725
[  2, 10351] loss: 0.43401
[  2, 10401] loss: 0.56108
[  2, 10451] loss: 0.48578
[  2, 10501] loss: 0.45112
[  2, 10551] loss: 0.50318
[  2, 10601] loss: 0.46660
[  2, 10651] loss: 0.46211
[  2, 10701] loss: 0.56758
[  2, 10751] loss: 0.44679
[  2, 10801] loss: 0.50930
[  2, 10851] loss: 0.40162
[  2, 10901] loss: 0.55444
[  2, 10951] loss: 0.51833
[  2, 11001] loss: 0.41539
[  2, 11051] loss: 0.55321
[  2, 11101] loss: 0.44477
[  2, 11151] loss: 0.54408
[  2, 11201] loss: 0.50638
[  2, 11251] loss: 0.61274
[  2, 11301] loss: 0.51471
[  2, 11351] loss: 0.42286
[  2, 11401] loss: 0.57759
[  2, 11451] loss: 0.50446
[  2, 11501] loss: 0.44497
[  2, 11551] loss: 0.45793
[  2, 11601] loss: 0.46189
[  2, 11651] loss: 0.47583
[  2, 11701] loss: 0.56320
[  2, 11751] loss: 0.39951
[  2, 11801] loss: 0.43558
[  2, 11851] loss: 0.46737
[  2, 11901] loss: 0.55792
[  2, 11951] loss: 0.49808
[  2, 12001] loss: 0.60775
[  2, 12051] loss: 0.61038
[  2, 12101] loss: 0.45370
[  2, 12151] loss: 0.52376
[  2, 12201] loss: 0.40490
[  2, 12251] loss: 0.49859
[  2, 12301] loss: 0.55642
[  2, 12351] loss: 0.47019
[  2, 12401] loss: 0.42381
[  2, 12451] loss: 0.64116
[  2, 12501] loss: 0.58417
[  2, 12551] loss: 0.45783
[  2, 12601] loss: 0.39524
[  2, 12651] loss: 0.55852
[  2, 12701] loss: 0.48578
[  2, 12751] loss: 0.45450
[  2, 12801] loss: 0.47902
[  2, 12851] loss: 0.48813
[  2, 12901] loss: 0.60350
[  2, 12951] loss: 0.48292
[  2, 13001] loss: 0.49694
[  2, 13051] loss: 0.58818
[  2, 13101] loss: 0.71198
[  2, 13151] loss: 0.53206
[  2, 13201] loss: 0.41562
[  2, 13251] loss: 0.78557
[  2, 13301] loss: 0.60955
[  2, 13351] loss: 0.59002
[  2, 13401] loss: 0.67221
[  2, 13451] loss: 0.50836
[  2, 13501] loss: 0.53917
[  2, 13551] loss: 0.51353
[  2, 13601] loss: 0.46426
[  2, 13651] loss: 0.49224
[  2, 13701] loss: 0.47472
[  2, 13751] loss: 0.47383
[  2, 13801] loss: 0.47870
[  2, 13851] loss: 0.49691
[  2, 13901] loss: 0.48928
[  2, 13951] loss: 0.62517
[  2, 14001] loss: 0.49283
[  2, 14051] loss: 0.45210
[  2, 14101] loss: 0.51918
[  2, 14151] loss: 0.48580
[  2, 14201] loss: 0.50225
[  2, 14251] loss: 0.57150
[  2, 14301] loss: 0.44532
[  2, 14351] loss: 0.42947
[  2, 14401] loss: 0.52650
[  2, 14451] loss: 0.52212
[  2, 14501] loss: 0.52318
[  2, 14551] loss: 0.46808
[  2, 14601] loss: 0.49072
[  2, 14651] loss: 0.46416
[  2, 14701] loss: 0.46694
[  2, 14751] loss: 0.51319
[  2, 14801] loss: 0.42586
[  2, 14851] loss: 0.47415
[  2, 14901] loss: 0.41334
[  2, 14951] loss: 0.52975
[  2, 15001] loss: 0.45493
[  2, 15051] loss: 0.50332
[  2, 15101] loss: 0.42239
[  2, 15151] loss: 0.59771
[  2, 15201] loss: 0.43694
[  2, 15251] loss: 0.35023
[  2, 15301] loss: 0.47536
[  2, 15351] loss: 0.45647
[  2, 15401] loss: 0.41055
[  2, 15451] loss: 0.45138
[  2, 15501] loss: 0.46970
[  2, 15551] loss: 0.51907
[  2, 15601] loss: 0.34158
[  2, 15651] loss: 0.35628
[  2, 15701] loss: 0.48740
[  2, 15751] loss: 0.50920
[  2, 15801] loss: 0.39398
[  2, 15851] loss: 0.35172
[  2, 15901] loss: 0.56332
[  2, 15951] loss: 0.42739
[  2, 16001] loss: 0.43496
[  2, 16051] loss: 0.51698
[  2, 16101] loss: 0.48142
[  2, 16151] loss: 0.54653
[  2, 16201] loss: 0.53197
[  2, 16251] loss: 0.48185
[  2, 16301] loss: 0.41977
[  2, 16351] loss: 0.45041
[  2, 16401] loss: 0.43734
[  2, 16451] loss: 0.29827
[  2, 16501] loss: 0.50722
[  2, 16551] loss: 0.46164
[  2, 16601] loss: 0.47417
[  2, 16651] loss: 0.51715
[  2, 16701] loss: 0.40089
[  2, 16751] loss: 0.62938
[  2, 16801] loss: 0.46873
[  2, 16851] loss: 0.40348
[  2, 16901] loss: 0.50279
[  2, 16951] loss: 0.52864
[  2, 17001] loss: 0.55439
[  2, 17051] loss: 0.48255
[  2, 17101] loss: 0.47548
[  2, 17151] loss: 0.61841
[  2, 17201] loss: 0.41772
[  2, 17251] loss: 0.36811
[  2, 17301] loss: 0.35865
[  2, 17351] loss: 0.75957
[  2, 17401] loss: 0.50110
[  2, 17451] loss: 0.34423
[  2, 17501] loss: 0.65938
[  2, 17551] loss: 0.41314
[  2, 17601] loss: 0.49190
[  2, 17651] loss: 0.47878
[  2, 17701] loss: 0.40454
[  2, 17751] loss: 0.55275
[  2, 17801] loss: 0.50448
[  2, 17851] loss: 0.39006
[  2, 17901] loss: 0.42542
[  2, 17951] loss: 0.43280
[  2, 18001] loss: 0.49884
[  2, 18051] loss: 0.47227
[  2, 18101] loss: 0.48712
[  2, 18151] loss: 0.44152
[  2, 18201] loss: 0.44510
[  2, 18251] loss: 0.67381
[  2, 18301] loss: 0.51273
[  2, 18351] loss: 0.54643
[  2, 18401] loss: 0.46207
[  2, 18451] loss: 0.51971
[  2, 18501] loss: 0.49423
[  2, 18551] loss: 0.52340
[  2, 18601] loss: 0.44668
[  2, 18651] loss: 0.48405
[  2, 18701] loss: 0.42327
[  2, 18751] loss: 0.43122
[  2, 18801] loss: 0.53781
[  2, 18851] loss: 0.51721
[  2, 18901] loss: 0.56356
[  2, 18951] loss: 0.50691
[  2, 19001] loss: 0.41114
[  2, 19051] loss: 0.48205
[  2, 19101] loss: 0.53430
[  2, 19151] loss: 0.55461
[  2, 19201] loss: 0.53194
[  2, 19251] loss: 0.69243
[  2, 19301] loss: 0.52107
[  2, 19351] loss: 0.53465
[  2, 19401] loss: 0.48573
[  2, 19451] loss: 0.57363
[  2, 19501] loss: 0.49567
[  2, 19551] loss: 0.51442
[  2, 19601] loss: 0.55532
[  2, 19651] loss: 0.54962
[  2, 19701] loss: 0.45666
[  2, 19751] loss: 0.59063
[  2, 19801] loss: 0.48776
[  2, 19851] loss: 0.46480
[  2, 19901] loss: 0.55048
[  2, 19951] loss: 0.49039
[  2, 20001] loss: 0.66875
[  2, 20051] loss: 0.39656
[  2, 20101] loss: 0.46898
[  2, 20151] loss: 0.40115
[  2, 20201] loss: 0.50164
[  2, 20251] loss: 0.46635
[  2, 20301] loss: 0.46006
[  2, 20351] loss: 0.36322
[  2, 20401] loss: 0.51492
[  2, 20451] loss: 0.44980
[  2, 20501] loss: 0.42662
[  2, 20551] loss: 0.53307
[  2, 20601] loss: 0.41687
[  2, 20651] loss: 0.46690
[  2, 20701] loss: 0.43885
[  2, 20751] loss: 0.52905
[  2, 20801] loss: 0.43795
[  2, 20851] loss: 0.48943
[  2, 20901] loss: 0.51817
[  2, 20951] loss: 0.39380
[  2, 21001] loss: 0.43920
[  2, 21051] loss: 0.38842
[  2, 21101] loss: 0.67891
[  2, 21151] loss: 0.38641
[  2, 21201] loss: 0.39549
[  2, 21251] loss: 0.47382
[  2, 21301] loss: 0.40444
[  2, 21351] loss: 0.46746
[  2, 21401] loss: 0.39490
[  2, 21451] loss: 0.53028
[  2, 21501] loss: 0.48635
[  2, 21551] loss: 0.47543
[  2, 21601] loss: 0.53454
[  2, 21651] loss: 0.47257
[  2, 21701] loss: 0.51408
[  2, 21751] loss: 0.45349
[  2, 21801] loss: 0.55069
[  2, 21851] loss: 0.51288
[  2, 21901] loss: 0.55404
[  2, 21951] loss: 0.57847
[  2, 22001] loss: 0.48236
[  2, 22051] loss: 0.45117
[  2, 22101] loss: 0.62999
[  2, 22151] loss: 0.48815
[  2, 22201] loss: 0.43810
[  2, 22251] loss: 0.58124
[  2, 22301] loss: 0.35465
[  2, 22351] loss: 0.49288
[  2, 22401] loss: 0.50590
[  2, 22451] loss: 0.61637
[  2, 22501] loss: 0.42884
[  2, 22551] loss: 0.40644
[  2, 22601] loss: 0.50367
[  2, 22651] loss: 0.50608
[  2, 22701] loss: 0.44327
[  2, 22751] loss: 0.49246
[  2, 22801] loss: 0.44072
[  2, 22851] loss: 0.54465
[  2, 22901] loss: 0.53340
[  2, 22951] loss: 0.44821
[  2, 23001] loss: 0.36546
[  2, 23051] loss: 0.53199
[  2, 23101] loss: 0.56190
[  2, 23151] loss: 0.44397
[  2, 23201] loss: 0.50795
[  2, 23251] loss: 0.41748
[  2, 23301] loss: 0.50987
[  2, 23351] loss: 0.35414
[  2, 23401] loss: 0.52101
[  2, 23451] loss: 0.39392
[  2, 23501] loss: 0.53803
[  2, 23551] loss: 0.65839
[  2, 23601] loss: 0.49107
[  2, 23651] loss: 0.41224
[  2, 23701] loss: 0.47595
[  2, 23751] loss: 0.50539
[  2, 23801] loss: 0.52613
[  2, 23851] loss: 0.50655
[  2, 23901] loss: 0.62116
[  2, 23951] loss: 0.43069
[  2, 24001] loss: 0.59215
[  2, 24051] loss: 0.48693
[  2, 24101] loss: 0.51345
[  2, 24151] loss: 0.42142
[  2, 24201] loss: 0.55022
[  2, 24251] loss: 0.51779
[  2, 24301] loss: 0.55243
[  2, 24351] loss: 0.57538
[  2, 24401] loss: 0.48709
[  2, 24451] loss: 0.63751
[  2, 24501] loss: 0.55723
[  2, 24551] loss: 0.48906
[  2, 24601] loss: 0.41608
[  2, 24651] loss: 0.52012
[  2, 24701] loss: 0.38094
[  2, 24751] loss: 0.40771
[  2, 24801] loss: 0.31706
[  2, 24851] loss: 0.42113
[  2, 24901] loss: 0.42037
[  2, 24951] loss: 0.31383
[  3,     1] loss: 0.36560
[  3,    51] loss: 0.52009
[  3,   101] loss: 0.45132
[  3,   151] loss: 0.38247
[  3,   201] loss: 0.55736
[  3,   251] loss: 0.51877
[  3,   301] loss: 0.35930
[  3,   351] loss: 0.35346
[  3,   401] loss: 0.45289
[  3,   451] loss: 0.38343
[  3,   501] loss: 0.35671
[  3,   551] loss: 0.29369
[  3,   601] loss: 0.30128
[  3,   651] loss: 0.70991
[  3,   701] loss: 0.32032
[  3,   751] loss: 0.53653
[  3,   801] loss: 0.40591
[  3,   851] loss: 0.62565
[  3,   901] loss: 0.52602
[  3,   951] loss: 0.38611
[  3,  1001] loss: 0.48565
[  3,  1051] loss: 0.58418
[  3,  1101] loss: 0.29721
[  3,  1151] loss: 0.35363
[  3,  1201] loss: 0.45309
[  3,  1251] loss: 0.42491
[  3,  1301] loss: 0.39209
[  3,  1351] loss: 0.38022
[  3,  1401] loss: 0.32085
[  3,  1451] loss: 0.49998
[  3,  1501] loss: 0.52437
[  3,  1551] loss: 0.35132
[  3,  1601] loss: 0.54051
[  3,  1651] loss: 0.30918
[  3,  1701] loss: 0.50005
[  3,  1751] loss: 0.38026
[  3,  1801] loss: 0.33692
[  3,  1851] loss: 0.47586
[  3,  1901] loss: 0.41131
[  3,  1951] loss: 0.41692
[  3,  2001] loss: 0.58780
[  3,  2051] loss: 0.38197
[  3,  2101] loss: 0.58816
[  3,  2151] loss: 0.46481
[  3,  2201] loss: 0.45669
[  3,  2251] loss: 0.36627
[  3,  2301] loss: 0.62670
[  3,  2351] loss: 0.37327
[  3,  2401] loss: 0.41050
[  3,  2451] loss: 0.36953
[  3,  2501] loss: 0.58054
[  3,  2551] loss: 0.52673
[  3,  2601] loss: 0.45622
[  3,  2651] loss: 0.59493
[  3,  2701] loss: 0.36321
[  3,  2751] loss: 0.48998
[  3,  2801] loss: 0.50734
[  3,  2851] loss: 0.40962
[  3,  2901] loss: 0.39248
[  3,  2951] loss: 0.36578
[  3,  3001] loss: 0.42650
[  3,  3051] loss: 0.35858
[  3,  3101] loss: 0.37599
[  3,  3151] loss: 0.31978
[  3,  3201] loss: 0.49569
[  3,  3251] loss: 0.21379
[  3,  3301] loss: 0.51359
[  3,  3351] loss: 0.36685
[  3,  3401] loss: 0.27426
[  3,  3451] loss: 0.34828
[  3,  3501] loss: 0.33283
[  3,  3551] loss: 0.35713
[  3,  3601] loss: 0.32767
[  3,  3651] loss: 0.38186
[  3,  3701] loss: 0.30556
[  3,  3751] loss: 0.27493
[  3,  3801] loss: 0.45934
[  3,  3851] loss: 0.26296
[  3,  3901] loss: 0.44726
[  3,  3951] loss: 0.34355
[  3,  4001] loss: 0.39565
[  3,  4051] loss: 0.36685
[  3,  4101] loss: 0.36728
[  3,  4151] loss: 0.34213
[  3,  4201] loss: 0.36225
[  3,  4251] loss: 0.32266
[  3,  4301] loss: 0.33204
[  3,  4351] loss: 0.43824
[  3,  4401] loss: 0.37427
[  3,  4451] loss: 0.43120
[  3,  4501] loss: 0.41232
[  3,  4551] loss: 0.48334
[  3,  4601] loss: 0.39728
[  3,  4651] loss: 0.39616
[  3,  4701] loss: 0.61838
[  3,  4751] loss: 0.39186
[  3,  4801] loss: 0.53024
[  3,  4851] loss: 0.34727
[  3,  4901] loss: 0.53546
[  3,  4951] loss: 0.36051
[  3,  5001] loss: 0.36263
[  3,  5051] loss: 0.37633
[  3,  5101] loss: 0.28438
[  3,  5151] loss: 0.34772
[  3,  5201] loss: 0.34546
[  3,  5251] loss: 0.34480
[  3,  5301] loss: 0.22979
[  3,  5351] loss: 0.29090
[  3,  5401] loss: 0.19297
[  3,  5451] loss: 0.21174
[  3,  5501] loss: 0.25287
[  3,  5551] loss: 0.23701
[  3,  5601] loss: 0.28626
[  3,  5651] loss: 0.31848
[  3,  5701] loss: 0.19650
[  3,  5751] loss: 0.26007
[  3,  5801] loss: 0.26282
[  3,  5851] loss: 0.29176
[  3,  5901] loss: 0.58332
[  3,  5951] loss: 0.24444
[  3,  6001] loss: 0.31314
[  3,  6051] loss: 0.19366
[  3,  6101] loss: 0.30227
[  3,  6151] loss: 0.28109
[  3,  6201] loss: 0.49857
[  3,  6251] loss: 0.27729
[  3,  6301] loss: 0.27588
[  3,  6351] loss: 0.43690
[  3,  6401] loss: 0.63322
[  3,  6451] loss: 0.26492
[  3,  6501] loss: 0.36257
[  3,  6551] loss: 0.26993
[  3,  6601] loss: 0.46070
[  3,  6651] loss: 0.22980
[  3,  6701] loss: 0.36370
[  3,  6751] loss: 0.31508
[  3,  6801] loss: 0.31368
[  3,  6851] loss: 0.24262
[  3,  6901] loss: 0.23499
[  3,  6951] loss: 0.20646
[  3,  7001] loss: 0.24374
[  3,  7051] loss: 0.17943
[  3,  7101] loss: 0.44458
[  3,  7151] loss: 0.21489
[  3,  7201] loss: 0.26523
[  3,  7251] loss: 0.20340
[  3,  7301] loss: 0.36836
[  3,  7351] loss: 0.29865
[  3,  7401] loss: 0.18646
[  3,  7451] loss: 0.21339
[  3,  7501] loss: 0.44988
[  3,  7551] loss: 0.10876
[  3,  7601] loss: 0.19699
[  3,  7651] loss: 0.21925
[  3,  7701] loss: 0.22487
[  3,  7751] loss: 0.24086
[  3,  7801] loss: 0.10685
[  3,  7851] loss: 0.43225
[  3,  7901] loss: 0.22281
[  3,  7951] loss: 0.31641
[  3,  8001] loss: 0.12608
[  3,  8051] loss: 0.13306
[  3,  8101] loss: 0.44071
[  3,  8151] loss: 0.16160
[  3,  8201] loss: 0.19621
[  3,  8251] loss: 0.27809
[  3,  8301] loss: 0.28048
[  3,  8351] loss: 0.08191
[  3,  8401] loss: 0.22257
[  3,  8451] loss: 0.17484
[  3,  8501] loss: 0.55420
[  3,  8551] loss: 0.18696
[  3,  8601] loss: 0.18247
[  3,  8651] loss: 0.16039
[  3,  8701] loss: 0.21893
[  3,  8751] loss: 0.23874
[  3,  8801] loss: 0.25947
[  3,  8851] loss: 0.25412
[  3,  8901] loss: 0.27386
[  3,  8951] loss: 0.18735
[  3,  9001] loss: 0.16102
[  3,  9051] loss: 0.23932
[  3,  9101] loss: 0.17635
[  3,  9151] loss: 0.12178
[  3,  9201] loss: 0.20899
[  3,  9251] loss: 0.20165
[  3,  9301] loss: 0.15516
[  3,  9351] loss: 0.24820
[  3,  9401] loss: 0.13809
[  3,  9451] loss: 0.19431
[  3,  9501] loss: 0.16644
[  3,  9551] loss: 0.18286
[  3,  9601] loss: 0.09888
[  3,  9651] loss: 0.18091
[  3,  9701] loss: 0.26719
[  3,  9751] loss: 0.10099
[  3,  9801] loss: 0.17577
[  3,  9851] loss: 0.16182
[  3,  9901] loss: 0.45653
[  3,  9951] loss: 0.13229
[  3, 10001] loss: 0.07378
[  3, 10051] loss: 0.16751
[  3, 10101] loss: 0.19431
[  3, 10151] loss: 0.21072
[  3, 10201] loss: 0.26028
[  3, 10251] loss: 0.38630
[  3, 10301] loss: 0.19376
[  3, 10351] loss: 0.17780
[  3, 10401] loss: 0.10143
[  3, 10451] loss: 0.23775
[  3, 10501] loss: 0.23632
[  3, 10551] loss: 0.19416
[  3, 10601] loss: 0.11066
[  3, 10651] loss: 0.22388
[  3, 10701] loss: 0.16630
[  3, 10751] loss: 0.21156
[  3, 10801] loss: 0.24626
[  3, 10851] loss: 0.19385
[  3, 10901] loss: 0.10552
[  3, 10951] loss: 0.18914
[  3, 11001] loss: 0.21395
[  3, 11051] loss: 0.13688
[  3, 11101] loss: 0.10945
[  3, 11151] loss: 0.27751
[  3, 11201] loss: 0.16852
[  3, 11251] loss: 0.14214
[  3, 11301] loss: 0.09760
[  3, 11351] loss: 0.07172
[  3, 11401] loss: 0.15853
[  3, 11451] loss: 0.08674
[  3, 11501] loss: 0.09881
[  3, 11551] loss: 0.05201
[  3, 11601] loss: 0.13488
[  3, 11651] loss: 0.13611
[  3, 11701] loss: 0.15549
[  3, 11751] loss: 0.08741
[  3, 11801] loss: 0.13331
[  3, 11851] loss: 0.06081
[  3, 11901] loss: 0.14313
[  3, 11951] loss: 0.29859
[  3, 12001] loss: 0.10839
[  3, 12051] loss: 0.18036
[  3, 12101] loss: 0.45809
[  3, 12151] loss: 0.06124
[  3, 12201] loss: 0.06454
[  3, 12251] loss: 0.11571
[  3, 12301] loss: 0.16459
[  3, 12351] loss: 0.13243
[  3, 12401] loss: 0.14213
[  3, 12451] loss: 0.25269
[  3, 12501] loss: 0.06955
[  3, 12551] loss: 0.10508
[  3, 12601] loss: 0.42078
[  3, 12651] loss: 0.08208
[  3, 12701] loss: 0.13636
[  3, 12751] loss: 0.11265
[  3, 12801] loss: 0.40178
[  3, 12851] loss: 0.18430
[  3, 12901] loss: 0.07493
[  3, 12951] loss: 0.09295
[  3, 13001] loss: 0.53894
[  3, 13051] loss: 0.33682
[  3, 13101] loss: 0.15677
[  3, 13151] loss: 0.49421
[  3, 13201] loss: 0.69793
[  3, 13251] loss: 0.09293
[  3, 13301] loss: 0.25538
[  3, 13351] loss: 0.64628
[  3, 13401] loss: 0.98264
[  3, 13451] loss: 0.20682
[  3, 13501] loss: 0.27365
[  3, 13551] loss: 0.76308
[  3, 13601] loss: 0.67626
[  3, 13651] loss: 0.41187
[  3, 13701] loss: 0.29329
[  3, 13751] loss: 0.40022
[  3, 13801] loss: 0.60661
[  3, 13851] loss: 0.47370
[  3, 13901] loss: 0.27320
[  3, 13951] loss: 0.21996
[  3, 14001] loss: 0.20697
[  3, 14051] loss: 0.25533
[  3, 14101] loss: 0.33727
[  3, 14151] loss: 0.37360
[  3, 14201] loss: 0.14503
[  3, 14251] loss: 0.15298
[  3, 14301] loss: 0.16682
[  3, 14351] loss: 0.52161
[  3, 14401] loss: 0.58253
[  3, 14451] loss: 0.25923
[  3, 14501] loss: 0.47282
[  3, 14551] loss: 0.89086
[  3, 14601] loss: 0.81862
[  3, 14651] loss: 0.10218
[  3, 14701] loss: 0.26450
[  3, 14751] loss: 0.51652
[  3, 14801] loss: 0.71995
[  3, 14851] loss: 0.31096
[  3, 14901] loss: 0.09325
[  3, 14951] loss: 0.42876
[  3, 15001] loss: 0.37039
[  3, 15051] loss: 0.40352
[  3, 15101] loss: 0.17070
[  3, 15151] loss: 0.20715
[  3, 15201] loss: 0.23312
[  3, 15251] loss: 0.21490
[  3, 15301] loss: 0.25400
[  3, 15351] loss: 0.16345
[  3, 15401] loss: 0.08658
[  3, 15451] loss: 0.15902
[  3, 15501] loss: 0.16230
[  3, 15551] loss: 0.18516
[  3, 15601] loss: 0.14336
[  3, 15651] loss: 0.09058
[  3, 15701] loss: 0.11099
[  3, 15751] loss: 0.13108
[  3, 15801] loss: 0.15226
[  3, 15851] loss: 0.15304
[  3, 15901] loss: 0.10032
[  3, 15951] loss: 0.10020
[  3, 16001] loss: 0.19111
[  3, 16051] loss: 0.23656
[  3, 16101] loss: 0.13394
[  3, 16151] loss: 0.12555
[  3, 16201] loss: 0.19574
[  3, 16251] loss: 0.08954
[  3, 16301] loss: 0.21160
[  3, 16351] loss: 0.09206
[  3, 16401] loss: 0.11887
[  3, 16451] loss: 0.11454
[  3, 16501] loss: 0.05122
[  3, 16551] loss: 0.10527
[  3, 16601] loss: 0.16658
[  3, 16651] loss: 0.12391
[  3, 16701] loss: 0.14932
[  3, 16751] loss: 0.12619
[  3, 16801] loss: 0.13583
[  3, 16851] loss: 0.29591
[  3, 16901] loss: 0.25947
[  3, 16951] loss: 0.12878
[  3, 17001] loss: 0.25046
[  3, 17051] loss: 0.29228
[  3, 17101] loss: 0.15919
[  3, 17151] loss: 0.11665
[  3, 17201] loss: 0.08154
[  3, 17251] loss: 0.18263
[  3, 17301] loss: 0.11416
[  3, 17351] loss: 0.13212
[  3, 17401] loss: 0.10744
[  3, 17451] loss: 0.11221
[  3, 17501] loss: 0.12946
[  3, 17551] loss: 0.15197
[  3, 17601] loss: 0.13420
[  3, 17651] loss: 0.16198
[  3, 17701] loss: 0.04141
[  3, 17751] loss: 0.08165
[  3, 17801] loss: 0.10214
[  3, 17851] loss: 0.08762
[  3, 17901] loss: 0.09142
[  3, 17951] loss: 0.06791
[  3, 18001] loss: 0.06308
[  3, 18051] loss: 0.12384
[  3, 18101] loss: 0.09377
[  3, 18151] loss: 0.07341
[  3, 18201] loss: 0.13910
[  3, 18251] loss: 0.09084
[  3, 18301] loss: 0.08884
[  3, 18351] loss: 0.12803
[  3, 18401] loss: 0.21054
[  3, 18451] loss: 0.12855
[  3, 18501] loss: 0.17244
[  3, 18551] loss: 0.18352
[  3, 18601] loss: 0.17721
[  3, 18651] loss: 0.14170
[  3, 18701] loss: 0.07799
[  3, 18751] loss: 0.10260
[  3, 18801] loss: 0.18773
[  3, 18851] loss: 0.14753
[  3, 18901] loss: 0.32284
[  3, 18951] loss: 0.10307
[  3, 19001] loss: 0.10076
[  3, 19051] loss: 0.12080
[  3, 19101] loss: 0.14910
[  3, 19151] loss: 0.14513
[  3, 19201] loss: 0.10643
[  3, 19251] loss: 0.12468
[  3, 19301] loss: 0.10185
[  3, 19351] loss: 0.20367
[  3, 19401] loss: 0.24691
[  3, 19451] loss: 0.14307
[  3, 19501] loss: 0.15112
[  3, 19551] loss: 0.17948
[  3, 19601] loss: 0.09412
[  3, 19651] loss: 0.20553
[  3, 19701] loss: 0.09417
[  3, 19751] loss: 0.09052
[  3, 19801] loss: 0.12717
[  3, 19851] loss: 0.08226
[  3, 19901] loss: 0.13070
[  3, 19951] loss: 0.14686
[  3, 20001] loss: 0.07884
[  3, 20051] loss: 0.05963
[  3, 20101] loss: 0.08259
[  3, 20151] loss: 0.06256
[  3, 20201] loss: 0.15527
[  3, 20251] loss: 0.04160
[  3, 20301] loss: 0.05170
[  3, 20351] loss: 0.08505
[  3, 20401] loss: 0.07134
[  3, 20451] loss: 0.05538
[  3, 20501] loss: 0.05888
[  3, 20551] loss: 0.09944
[  3, 20601] loss: 0.08453
[  3, 20651] loss: 0.10048
[  3, 20701] loss: 0.09011
[  3, 20751] loss: 0.17947
[  3, 20801] loss: 0.07024
[  3, 20851] loss: 0.11307
[  3, 20901] loss: 0.09496
[  3, 20951] loss: 0.08300
[  3, 21001] loss: 0.20545
[  3, 21051] loss: 0.13405
[  3, 21101] loss: 0.12069
[  3, 21151] loss: 0.05588
[  3, 21201] loss: 0.08120
[  3, 21251] loss: 0.28418
[  3, 21301] loss: 0.15794
[  3, 21351] loss: 0.06240
[  3, 21401] loss: 0.04442
[  3, 21451] loss: 0.04981
[  3, 21501] loss: 0.08666
[  3, 21551] loss: 0.32967
[  3, 21601] loss: 0.18352
[  3, 21651] loss: 0.03821
[  3, 21701] loss: 0.19704
[  3, 21751] loss: 0.16426
[  3, 21801] loss: 0.22086
[  3, 21851] loss: 0.06623
[  3, 21901] loss: 0.13071
[  3, 21951] loss: 0.12314
[  3, 22001] loss: 0.08032
[  3, 22051] loss: 0.05713
[  3, 22101] loss: 0.06302
[  3, 22151] loss: 0.19182
[  3, 22201] loss: 0.21060
[  3, 22251] loss: 0.10082
[  3, 22301] loss: 0.20915
[  3, 22351] loss: 0.45166
[  3, 22401] loss: 0.50526
[  3, 22451] loss: 0.12794
[  3, 22501] loss: 0.25047
[  3, 22551] loss: 0.39893
[  3, 22601] loss: 0.29642
[  3, 22651] loss: 0.23282
[  3, 22701] loss: 0.20972
[  3, 22751] loss: 0.31294
[  3, 22801] loss: 0.22418
[  3, 22851] loss: 0.11028
[  3, 22901] loss: 0.07118
[  3, 22951] loss: 0.10191
[  3, 23001] loss: 0.12791
[  3, 23051] loss: 0.08346
[  3, 23101] loss: 0.05681
[  3, 23151] loss: 0.05503
[  3, 23201] loss: 0.09068
[  3, 23251] loss: 0.04852
[  3, 23301] loss: 0.05189
[  3, 23351] loss: 0.06809
[  3, 23401] loss: 0.04904
[  3, 23451] loss: 0.07056
[  3, 23501] loss: 0.11686
[  3, 23551] loss: 0.11101
[  3, 23601] loss: 0.05794
[  3, 23651] loss: 0.05951
[  3, 23701] loss: 0.06755
[  3, 23751] loss: 0.03903
[  3, 23801] loss: 0.03655
[  3, 23851] loss: 0.31245
[  3, 23901] loss: 0.04396
[  3, 23951] loss: 0.04611
[  3, 24001] loss: 0.14360
[  3, 24051] loss: 0.08288
[  3, 24101] loss: 0.24716
[  3, 24151] loss: 0.19246
[  3, 24201] loss: 0.61288
[  3, 24251] loss: 0.04553
[  3, 24301] loss: 0.31949
[  3, 24351] loss: 0.46607
[  3, 24401] loss: 0.11478
[  3, 24451] loss: 0.15696
[  3, 24501] loss: 0.31860
[  3, 24551] loss: 0.48680
[  3, 24601] loss: 0.12324
[  3, 24651] loss: 0.19998
[  3, 24701] loss: 0.15793
[  3, 24751] loss: 0.31413
[  3, 24801] loss: 0.12777
[  3, 24851] loss: 0.18941
[  3, 24901] loss: 0.05855
[  3, 24951] loss: 0.17688
[  4,     1] loss: 0.32495
[  4,    51] loss: 0.16980
[  4,   101] loss: 0.06628
[  4,   151] loss: 0.40051
[  4,   201] loss: 0.41413
[  4,   251] loss: 0.24323
[  4,   301] loss: 0.08360
[  4,   351] loss: 0.23830
[  4,   401] loss: 0.70886
[  4,   451] loss: 0.30681
[  4,   501] loss: 0.08682
[  4,   551] loss: 0.13763
[  4,   601] loss: 0.34262
[  4,   651] loss: 0.43367
[  4,   701] loss: 0.18290
[  4,   751] loss: 0.08116
[  4,   801] loss: 0.06260
[  4,   851] loss: 0.10478
[  4,   901] loss: 0.08479
[  4,   951] loss: 0.23116
[  4,  1001] loss: 0.18720
[  4,  1051] loss: 0.27150
[  4,  1101] loss: 0.06859
[  4,  1151] loss: 0.12246
[  4,  1201] loss: 0.41013
[  4,  1251] loss: 0.18664
[  4,  1301] loss: 0.11837
[  4,  1351] loss: 0.14407
[  4,  1401] loss: 0.18992
[  4,  1451] loss: 0.42393
[  4,  1501] loss: 0.06347
[  4,  1551] loss: 0.11805
[  4,  1601] loss: 0.44899
[  4,  1651] loss: 0.27848
[  4,  1701] loss: 0.20783
[  4,  1751] loss: 0.10795
[  4,  1801] loss: 0.19447
[  4,  1851] loss: 0.48555
[  4,  1901] loss: 0.31398
[  4,  1951] loss: 0.30619
[  4,  2001] loss: 0.29113
[  4,  2051] loss: 0.18571
[  4,  2101] loss: 0.33228
[  4,  2151] loss: 0.10904
[  4,  2201] loss: 0.04879
[  4,  2251] loss: 0.04010
[  4,  2301] loss: 0.20983
[  4,  2351] loss: 0.10155
[  4,  2401] loss: 0.21960
[  4,  2451] loss: 0.06823
[  4,  2501] loss: 0.17352
[  4,  2551] loss: 0.30300
[  4,  2601] loss: 0.06486
[  4,  2651] loss: 0.11076
[  4,  2701] loss: 0.31435
[  4,  2751] loss: 0.32119
[  4,  2801] loss: 0.21171
[  4,  2851] loss: 0.09710
[  4,  2901] loss: 0.21940
[  4,  2951] loss: 0.48447
[  4,  3001] loss: 0.40539
[  4,  3051] loss: 0.06850
[  4,  3101] loss: 0.06700
[  4,  3151] loss: 0.11935
[  4,  3201] loss: 0.13242
[  4,  3251] loss: 0.15454
[  4,  3301] loss: 0.22379
[  4,  3351] loss: 0.07456
[  4,  3401] loss: 0.02778
[  4,  3451] loss: 0.04024
[  4,  3501] loss: 0.04405
[  4,  3551] loss: 0.04544
[  4,  3601] loss: 0.04659
[  4,  3651] loss: 0.09972
[  4,  3701] loss: 0.12739
[  4,  3751] loss: 0.16234
[  4,  3801] loss: 0.14623
[  4,  3851] loss: 0.03485
[  4,  3901] loss: 0.32792
[  4,  3951] loss: 0.28413
[  4,  4001] loss: 0.08989
[  4,  4051] loss: 0.03216
[  4,  4101] loss: 0.09905
[  4,  4151] loss: 0.24762
[  4,  4201] loss: 0.32514
[  4,  4251] loss: 0.15841
[  4,  4301] loss: 0.05160
[  4,  4351] loss: 0.16117
[  4,  4401] loss: 0.54662
[  4,  4451] loss: 0.30969
[  4,  4501] loss: 0.11897
[  4,  4551] loss: 0.04828
[  4,  4601] loss: 0.03847
[  4,  4651] loss: 0.14528
[  4,  4701] loss: 0.24487
[  4,  4751] loss: 0.12816
[  4,  4801] loss: 0.07055
[  4,  4851] loss: 0.08341
[  4,  4901] loss: 0.04876
[  4,  4951] loss: 0.14295
[  4,  5001] loss: 0.08925
[  4,  5051] loss: 0.05703
[  4,  5101] loss: 0.21095
[  4,  5151] loss: 0.13315
[  4,  5201] loss: 0.07967
[  4,  5251] loss: 0.03230
[  4,  5301] loss: 0.03567
[  4,  5351] loss: 0.01821
[  4,  5401] loss: 0.02358
[  4,  5451] loss: 0.02305
[  4,  5501] loss: 0.03320
[  4,  5551] loss: 0.02243
[  4,  5601] loss: 0.04491
[  4,  5651] loss: 0.06423
[  4,  5701] loss: 0.04170
[  4,  5751] loss: 0.01381
[  4,  5801] loss: 0.03296
[  4,  5851] loss: 0.03019
[  4,  5901] loss: 0.10899
[  4,  5951] loss: 0.06503
[  4,  6001] loss: 0.01888
[  4,  6051] loss: 0.04450
[  4,  6101] loss: 0.07762
[  4,  6151] loss: 0.21445
[  4,  6201] loss: 0.05000
[  4,  6251] loss: 0.03884
[  4,  6301] loss: 0.16373
[  4,  6351] loss: 0.32208
[  4,  6401] loss: 0.14571
[  4,  6451] loss: 0.02123
[  4,  6501] loss: 0.17839
[  4,  6551] loss: 0.15931
[  4,  6601] loss: 0.07706
[  4,  6651] loss: 0.05587
[  4,  6701] loss: 0.05751
[  4,  6751] loss: 0.07057
[  4,  6801] loss: 0.15527
[  4,  6851] loss: 0.01931
[  4,  6901] loss: 0.02981
[  4,  6951] loss: 0.07818
[  4,  7001] loss: 0.07860
[  4,  7051] loss: 0.16351
[  4,  7101] loss: 0.05900
[  4,  7151] loss: 0.02125
[  4,  7201] loss: 0.03967
[  4,  7251] loss: 0.11847
[  4,  7301] loss: 0.20781
[  4,  7351] loss: 0.01680
[  4,  7401] loss: 0.05205
[  4,  7451] loss: 0.44769
[  4,  7501] loss: 0.35515
[  4,  7551] loss: 0.04862
[  4,  7601] loss: 0.27183
[  4,  7651] loss: 0.81576
[  4,  7701] loss: 0.54650
[  4,  7751] loss: 0.09932
[  4,  7801] loss: 0.08715
[  4,  7851] loss: 0.65454
[  4,  7901] loss: 0.71466
[  4,  7951] loss: 0.40506
[  4,  8001] loss: 0.06655
[  4,  8051] loss: 0.23344
[  4,  8101] loss: 0.59991
[  4,  8151] loss: 0.47955
[  4,  8201] loss: 0.16649
[  4,  8251] loss: 0.12008
[  4,  8301] loss: 0.12878
[  4,  8351] loss: 0.19543
[  4,  8401] loss: 0.28376
[  4,  8451] loss: 0.12273
[  4,  8501] loss: 0.11512
[  4,  8551] loss: 0.14289
[  4,  8601] loss: 0.18370
[  4,  8651] loss: 0.15110
[  4,  8701] loss: 0.11092
[  4,  8751] loss: 0.09027
[  4,  8801] loss: 0.27007
[  4,  8851] loss: 0.36925
[  4,  8901] loss: 0.14200
[  4,  8951] loss: 0.10609
[  4,  9001] loss: 0.17251
[  4,  9051] loss: 0.08575
[  4,  9101] loss: 0.12547
[  4,  9151] loss: 0.06875
[  4,  9201] loss: 0.04270
[  4,  9251] loss: 0.03648
[  4,  9301] loss: 0.11295
[  4,  9351] loss: 0.21007
[  4,  9401] loss: 0.04333
[  4,  9451] loss: 0.02995
[  4,  9501] loss: 0.07309
[  4,  9551] loss: 0.04721
[  4,  9601] loss: 0.05419
[  4,  9651] loss: 0.10009
[  4,  9701] loss: 0.19488
[  4,  9751] loss: 0.13704
[  4,  9801] loss: 0.21073
[  4,  9851] loss: 0.09807
[  4,  9901] loss: 0.26578
[  4,  9951] loss: 0.10627
[  4, 10001] loss: 0.06515
[  4, 10051] loss: 0.17704
[  4, 10101] loss: 0.11607
[  4, 10151] loss: 0.10373
[  4, 10201] loss: 0.31041
[  4, 10251] loss: 0.25202
[  4, 10301] loss: 0.13993
[  4, 10351] loss: 0.04582
[  4, 10401] loss: 0.18147
[  4, 10451] loss: 0.65673
[  4, 10501] loss: 0.28211
[  4, 10551] loss: 0.06632
[  4, 10601] loss: 0.09488
[  4, 10651] loss: 0.15272
[  4, 10701] loss: 0.30148
[  4, 10751] loss: 0.32326
[  4, 10801] loss: 0.15301
[  4, 10851] loss: 0.05974
[  4, 10901] loss: 0.18682
[  4, 10951] loss: 0.15162
[  4, 11001] loss: 0.05435
[  4, 11051] loss: 0.10299
[  4, 11101] loss: 0.38418
[  4, 11151] loss: 0.47615
[  4, 11201] loss: 0.16579
[  4, 11251] loss: 0.07765
[  4, 11301] loss: 0.04532
[  4, 11351] loss: 0.07812
[  4, 11401] loss: 0.27417
[  4, 11451] loss: 0.29121
[  4, 11501] loss: 0.09440
[  4, 11551] loss: 0.06614
[  4, 11601] loss: 0.06319
[  4, 11651] loss: 0.06238
[  4, 11701] loss: 0.35746
[  4, 11751] loss: 0.12733
[  4, 11801] loss: 0.05002
[  4, 11851] loss: 0.03263
[  4, 11901] loss: 0.03704
[  4, 11951] loss: 0.22776
[  4, 12001] loss: 0.25403
[  4, 12051] loss: 0.24183
[  4, 12101] loss: 0.28504
[  4, 12151] loss: 0.01088
[  4, 12201] loss: 0.15287
[  4, 12251] loss: 0.05930
[  4, 12301] loss: 0.10155
[  4, 12351] loss: 0.09951
[  4, 12401] loss: 0.08242
[  4, 12451] loss: 0.02213
[  4, 12501] loss: 0.02437
[  4, 12551] loss: 0.01525
[  4, 12601] loss: 0.04127
[  4, 12651] loss: 0.08976
[  4, 12701] loss: 0.28358
[  4, 12751] loss: 0.38047
[  4, 12801] loss: 0.00982
[  4, 12851] loss: 0.02901
[  4, 12901] loss: 0.29370
[  4, 12951] loss: 0.85312
[  4, 13001] loss: 0.19677
[  4, 13051] loss: 0.12269
[  4, 13101] loss: 0.04062
[  4, 13151] loss: 0.34343
[  4, 13201] loss: 0.12016
[  4, 13251] loss: 0.04783
[  4, 13301] loss: 0.19755
[  4, 13351] loss: 0.03130
[  4, 13401] loss: 0.02226
[  4, 13451] loss: 0.05236
[  4, 13501] loss: 0.34090
[  4, 13551] loss: 0.19628
[  4, 13601] loss: 0.03138
[  4, 13651] loss: 0.10299
[  4, 13701] loss: 0.31046
[  4, 13751] loss: 0.22245
[  4, 13801] loss: 0.18314
[  4, 13851] loss: 0.34668
[  4, 13901] loss: 0.09419
[  4, 13951] loss: 0.17511
[  4, 14001] loss: 0.42333
[  4, 14051] loss: 0.25397
[  4, 14101] loss: 0.18341
[  4, 14151] loss: 0.12219
[  4, 14201] loss: 0.37007
[  4, 14251] loss: 0.37735
[  4, 14301] loss: 0.28266
[  4, 14351] loss: 0.02360
[  4, 14401] loss: 0.02742
[  4, 14451] loss: 0.70871
[  4, 14501] loss: 0.61865
[  4, 14551] loss: 0.14695
[  4, 14601] loss: 0.13307
[  4, 14651] loss: 0.35486
[  4, 14701] loss: 1.60150
[  4, 14751] loss: 0.57441
[  4, 14801] loss: 0.02909
[  4, 14851] loss: 0.00872
[  4, 14901] loss: 0.69042
[  4, 14951] loss: 1.39775
[  4, 15001] loss: 1.19399
[  4, 15051] loss: 0.43553
[  4, 15101] loss: 0.02358
[  4, 15151] loss: 0.29820
[  4, 15201] loss: 0.82269
[  4, 15251] loss: 1.20669
[  4, 15301] loss: 0.93170
[  4, 15351] loss: 1.03218
[  4, 15401] loss: 0.12727
[  4, 15451] loss: 0.06890
[  4, 15501] loss: 0.35281
[  4, 15551] loss: 0.51788
[  4, 15601] loss: 0.42860
[  4, 15651] loss: 0.41319
[  4, 15701] loss: 0.31908
[  4, 15751] loss: 0.19836
[  4, 15801] loss: 0.12012
[  4, 15851] loss: 0.17939
[  4, 15901] loss: 0.19288
[  4, 15951] loss: 0.13382
[  4, 16001] loss: 0.09139
[  4, 16051] loss: 0.09027
[  4, 16101] loss: 0.09742
[  4, 16151] loss: 0.16275
[  4, 16201] loss: 0.23554
[  4, 16251] loss: 0.11591
[  4, 16301] loss: 0.04936
[  4, 16351] loss: 0.06916
[  4, 16401] loss: 0.10161
[  4, 16451] loss: 0.14703
[  4, 16501] loss: 0.15118
[  4, 16551] loss: 0.10055
[  4, 16601] loss: 0.17898
[  4, 16651] loss: 0.07807
[  4, 16701] loss: 0.03023
[  4, 16751] loss: 0.13118
[  4, 16801] loss: 0.09080
[  4, 16851] loss: 0.07877
[  4, 16901] loss: 0.08293
[  4, 16951] loss: 0.09713
[  4, 17001] loss: 0.16007
[  4, 17051] loss: 0.08348
[  4, 17101] loss: 0.07127
[  4, 17151] loss: 0.07944
[  4, 17201] loss: 0.06538
[  4, 17251] loss: 0.08893
[  4, 17301] loss: 0.17900
[  4, 17351] loss: 0.09242
[  4, 17401] loss: 0.06553
[  4, 17451] loss: 0.08817
[  4, 17501] loss: 0.07506
[  4, 17551] loss: 0.13107
[  4, 17601] loss: 0.06974
[  4, 17651] loss: 0.06509
[  4, 17701] loss: 0.07313
[  4, 17751] loss: 0.13983
[  4, 17801] loss: 0.05206
[  4, 17851] loss: 0.04382
[  4, 17901] loss: 0.11751
[  4, 17951] loss: 0.03876
[  4, 18001] loss: 0.07940
[  4, 18051] loss: 0.09745
[  4, 18101] loss: 0.12341
[  4, 18151] loss: 0.10213
[  4, 18201] loss: 0.08406
[  4, 18251] loss: 0.07195
[  4, 18301] loss: 0.06125
[  4, 18351] loss: 0.11435
[  4, 18401] loss: 0.08792
[  4, 18451] loss: 0.13197
[  4, 18501] loss: 0.11413
[  4, 18551] loss: 0.02301
[  4, 18601] loss: 0.01948
[  4, 18651] loss: 0.06888
[  4, 18701] loss: 0.05506
[  4, 18751] loss: 0.15432
[  4, 18801] loss: 0.04772
[  4, 18851] loss: 0.05112
[  4, 18901] loss: 0.36648
[  4, 18951] loss: 0.22731
[  4, 19001] loss: 0.08684
[  4, 19051] loss: 0.14228
[  4, 19101] loss: 0.03647
[  4, 19151] loss: 0.05843
[  4, 19201] loss: 0.23471
[  4, 19251] loss: 0.43874
[  4, 19301] loss: 0.42582
[  4, 19351] loss: 0.16431
[  4, 19401] loss: 0.05575
[  4, 19451] loss: 0.13372
[  4, 19501] loss: 0.49488
[  4, 19551] loss: 0.45999
[  4, 19601] loss: 0.53498
[  4, 19651] loss: 0.05506
[  4, 19701] loss: 0.07109
[  4, 19751] loss: 0.20706
[  4, 19801] loss: 0.29386
[  4, 19851] loss: 0.62675
[  4, 19901] loss: 0.17667
[  4, 19951] loss: 0.07579
[  4, 20001] loss: 0.10485
[  4, 20051] loss: 0.09431
[  4, 20101] loss: 0.14970
[  4, 20151] loss: 0.22230
[  4, 20201] loss: 0.17470
[  4, 20251] loss: 0.14942
[  4, 20301] loss: 0.14041
[  4, 20351] loss: 0.06932
[  4, 20401] loss: 0.07551
[  4, 20451] loss: 0.08131
[  4, 20501] loss: 0.07613
[  4, 20551] loss: 0.05845
[  4, 20601] loss: 0.09626
[  4, 20651] loss: 0.18689
[  4, 20701] loss: 0.05748
[  4, 20751] loss: 0.13901
[  4, 20801] loss: 0.08862
[  4, 20851] loss: 0.09528
[  4, 20901] loss: 0.25459
[  4, 20951] loss: 0.13419
[  4, 21001] loss: 0.08698
[  4, 21051] loss: 0.04493
[  4, 21101] loss: 0.24000
[  4, 21151] loss: 0.15487
[  4, 21201] loss: 0.13695
[  4, 21251] loss: 0.15456
[  4, 21301] loss: 0.03611
[  4, 21351] loss: 0.05194
[  4, 21401] loss: 0.18240
[  4, 21451] loss: 0.19101
[  4, 21501] loss: 0.08403
[  4, 21551] loss: 0.04784
[  4, 21601] loss: 0.06476
[  4, 21651] loss: 0.05769
[  4, 21701] loss: 0.16391
[  4, 21751] loss: 0.14038
[  4, 21801] loss: 0.08029
[  4, 21851] loss: 0.02680
[  4, 21901] loss: 0.08211
[  4, 21951] loss: 0.14567
[  4, 22001] loss: 0.10618
[  4, 22051] loss: 0.26566
[  4, 22101] loss: 0.04910
[  4, 22151] loss: 0.03410
[  4, 22201] loss: 0.05074
[  4, 22251] loss: 0.18955
[  4, 22301] loss: 0.07229
[  4, 22351] loss: 0.19193
[  4, 22401] loss: 0.53016
[  4, 22451] loss: 0.08018
[  4, 22501] loss: 0.09614
[  4, 22551] loss: 0.08071
[  4, 22601] loss: 0.16219
[  4, 22651] loss: 0.02048
[  4, 22701] loss: 0.03972
[  4, 22751] loss: 0.18705
[  4, 22801] loss: 0.07353
[  4, 22851] loss: 0.04725
[  4, 22901] loss: 0.05542
[  4, 22951] loss: 0.02140
[  4, 23001] loss: 0.02653
[  4, 23051] loss: 0.04865
[  4, 23101] loss: 0.03245
[  4, 23151] loss: 0.03422
[  4, 23201] loss: 0.04492
[  4, 23251] loss: 0.03198
[  4, 23301] loss: 0.05123
[  4, 23351] loss: 0.05566
[  4, 23401] loss: 0.08006
[  4, 23451] loss: 0.02371
[  4, 23501] loss: 0.06746
[  4, 23551] loss: 0.03669
[  4, 23601] loss: 0.04992
[  4, 23651] loss: 0.04921
[  4, 23701] loss: 0.04595
[  4, 23751] loss: 0.03784
[  4, 23801] loss: 0.03958
[  4, 23851] loss: 0.13908
[  4, 23901] loss: 0.04681
[  4, 23951] loss: 0.05640
[  4, 24001] loss: 0.02772
[  4, 24051] loss: 0.01848
[  4, 24101] loss: 0.03353
[  4, 24151] loss: 0.00890
[  4, 24201] loss: 0.12365
[  4, 24251] loss: 0.05398
[  4, 24301] loss: 0.21063
[  4, 24351] loss: 0.05287
[  4, 24401] loss: 0.10065
[  4, 24451] loss: 0.13376
[  4, 24501] loss: 0.30475
[  4, 24551] loss: 0.09578
[  4, 24601] loss: 0.02519
[  4, 24651] loss: 0.11671
[  4, 24701] loss: 0.30648
[  4, 24751] loss: 0.23154
[  4, 24801] loss: 0.16276
[  4, 24851] loss: 0.04098
[  4, 24901] loss: 0.03279
[  4, 24951] loss: 0.05225
[  5,     1] loss: 0.09427
[  5,    51] loss: 0.06742
[  5,   101] loss: 0.04100
[  5,   151] loss: 0.02534
[  5,   201] loss: 0.00902
[  5,   251] loss: 0.06059
[  5,   301] loss: 0.18178
[  5,   351] loss: 0.06689
[  5,   401] loss: 0.00677
[  5,   451] loss: 0.01046
[  5,   501] loss: 0.03620
[  5,   551] loss: 0.15409
[  5,   601] loss: 0.03011
[  5,   651] loss: 0.21791
[  5,   701] loss: 0.03815
[  5,   751] loss: 0.08049
[  5,   801] loss: 0.00774
[  5,   851] loss: 0.04952
[  5,   901] loss: 0.13979
[  5,   951] loss: 0.07910
[  5,  1001] loss: 0.03289
[  5,  1051] loss: 0.00966
[  5,  1101] loss: 0.05134
[  5,  1151] loss: 0.06076
[  5,  1201] loss: 0.06792
[  5,  1251] loss: 0.05429
[  5,  1301] loss: 0.02497
[  5,  1351] loss: 0.02214
[  5,  1401] loss: 0.02675
[  5,  1451] loss: 0.01367
[  5,  1501] loss: 0.04267
[  5,  1551] loss: 0.01532
[  5,  1601] loss: 0.07177
[  5,  1651] loss: 0.00922
[  5,  1701] loss: 0.02468
[  5,  1751] loss: 0.13056
[  5,  1801] loss: 0.07681
[  5,  1851] loss: 0.01292
[  5,  1901] loss: 0.01401
[  5,  1951] loss: 0.31036
[  5,  2001] loss: 0.10726
[  5,  2051] loss: 0.08290
[  5,  2101] loss: 0.19155
[  5,  2151] loss: 0.05130
[  5,  2201] loss: 0.04442
[  5,  2251] loss: 0.07843
[  5,  2301] loss: 0.23917
[  5,  2351] loss: 0.12694
[  5,  2401] loss: 0.06195
[  5,  2451] loss: 0.01738
[  5,  2501] loss: 0.12228
[  5,  2551] loss: 0.27158
[  5,  2601] loss: 0.18942
[  5,  2651] loss: 0.09004
[  5,  2701] loss: 0.00689
[  5,  2751] loss: 0.02256
[  5,  2801] loss: 0.04246
[  5,  2851] loss: 0.62500
[  5,  2901] loss: 0.57867
[  5,  2951] loss: 0.16988
[  5,  3001] loss: 0.04727
[  5,  3051] loss: 0.31807
[  5,  3101] loss: 0.81183
[  5,  3151] loss: 0.79817
[  5,  3201] loss: 0.27325
[  5,  3251] loss: 0.03551
[  5,  3301] loss: 0.23197
[  5,  3351] loss: 0.23834
[  5,  3401] loss: 0.70896
[  5,  3451] loss: 0.73411
[  5,  3501] loss: 0.58331
[  5,  3551] loss: 0.19912
[  5,  3601] loss: 0.11035
[  5,  3651] loss: 0.20942
[  5,  3701] loss: 0.19834
[  5,  3751] loss: 0.34736
[  5,  3801] loss: 0.43784
[  5,  3851] loss: 0.40592
[  5,  3901] loss: 0.16254
[  5,  3951] loss: 0.11919
[  5,  4001] loss: 0.18084
[  5,  4051] loss: 0.23434
[  5,  4101] loss: 0.34286
[  5,  4151] loss: 0.19880
[  5,  4201] loss: 0.16387
[  5,  4251] loss: 0.05794
[  5,  4301] loss: 0.11485
[  5,  4351] loss: 0.13375
[  5,  4401] loss: 0.16864
[  5,  4451] loss: 0.06745
[  5,  4501] loss: 0.13447
[  5,  4551] loss: 0.09074
[  5,  4601] loss: 0.08376
[  5,  4651] loss: 0.06905
[  5,  4701] loss: 0.13607
[  5,  4751] loss: 0.06095
[  5,  4801] loss: 0.07917
[  5,  4851] loss: 0.13962
[  5,  4901] loss: 0.09226
[  5,  4951] loss: 0.20398
[  5,  5001] loss: 0.09333
[  5,  5051] loss: 0.14537
[  5,  5101] loss: 0.19535
[  5,  5151] loss: 0.10792
[  5,  5201] loss: 0.03782
[  5,  5251] loss: 0.05493
[  5,  5301] loss: 0.06070
[  5,  5351] loss: 0.11694
[  5,  5401] loss: 0.05545
[  5,  5451] loss: 0.06307
[  5,  5501] loss: 0.08176
[  5,  5551] loss: 0.07069
[  5,  5601] loss: 0.06924
[  5,  5651] loss: 0.05415
[  5,  5701] loss: 0.03394
[  5,  5751] loss: 0.06831
[  5,  5801] loss: 0.04275
[  5,  5851] loss: 0.04539
[  5,  5901] loss: 0.05619
[  5,  5951] loss: 0.04878
[  5,  6001] loss: 0.03339
[  5,  6051] loss: 0.02922
[  5,  6101] loss: 0.09202
[  5,  6151] loss: 0.37316
[  5,  6201] loss: 0.07823
[  5,  6251] loss: 0.13881
[  5,  6301] loss: 0.05986
[  5,  6351] loss: 0.04713
[  5,  6401] loss: 0.02398
[  5,  6451] loss: 0.05689
[  5,  6501] loss: 0.13890
[  5,  6551] loss: 0.04312
[  5,  6601] loss: 0.16636
[  5,  6651] loss: 0.24335
[  5,  6701] loss: 0.04264
[  5,  6751] loss: 0.05864
[  5,  6801] loss: 0.01483
[  5,  6851] loss: 0.03962
[  5,  6901] loss: 0.08077
[  5,  6951] loss: 0.05396
[  5,  7001] loss: 0.16579
[  5,  7051] loss: 0.09278
[  5,  7101] loss: 0.09346
[  5,  7151] loss: 0.05201
[  5,  7201] loss: 0.05829
[  5,  7251] loss: 0.02654
[  5,  7301] loss: 0.06741
[  5,  7351] loss: 0.07569
[  5,  7401] loss: 0.13078
[  5,  7451] loss: 0.01589
[  5,  7501] loss: 0.01290
[  5,  7551] loss: 0.05862
[  5,  7601] loss: 0.03752
[  5,  7651] loss: 0.09579
[  5,  7701] loss: 0.01265
[  5,  7751] loss: 0.02314
[  5,  7801] loss: 0.12405
[  5,  7851] loss: 0.01409
[  5,  7901] loss: 0.00550
[  5,  7951] loss: 0.00801
[  5,  8001] loss: 0.04200
[  5,  8051] loss: 0.02537
[  5,  8101] loss: 0.00957
[  5,  8151] loss: 0.03395
[  5,  8201] loss: 0.02128
[  5,  8251] loss: 0.02730
[  5,  8301] loss: 0.01797
[  5,  8351] loss: 0.03124
[  5,  8401] loss: 0.34259
[  5,  8451] loss: 0.02468
[  5,  8501] loss: 0.04482
[  5,  8551] loss: 0.03150
[  5,  8601] loss: 0.08367
[  5,  8651] loss: 0.05133
[  5,  8701] loss: 0.08625
[  5,  8751] loss: 0.21283
[  5,  8801] loss: 0.09231
[  5,  8851] loss: 0.02373
[  5,  8901] loss: 0.01787
[  5,  8951] loss: 0.07831
[  5,  9001] loss: 0.29233
[  5,  9051] loss: 0.15414
[  5,  9101] loss: 0.26765
[  5,  9151] loss: 0.12128
[  5,  9201] loss: 0.03104
[  5,  9251] loss: 0.01416
[  5,  9301] loss: 0.08701
[  5,  9351] loss: 0.04943
[  5,  9401] loss: 0.24245
[  5,  9451] loss: 0.49898
[  5,  9501] loss: 0.03950
[  5,  9551] loss: 0.02354
[  5,  9601] loss: 0.02042
[  5,  9651] loss: 0.04761
[  5,  9701] loss: 0.08269
[  5,  9751] loss: 0.16090
[  5,  9801] loss: 0.30970
[  5,  9851] loss: 0.05125
[  5,  9901] loss: 0.17864
[  5,  9951] loss: 0.03088
[  5, 10001] loss: 0.02033
[  5, 10051] loss: 0.02466
[  5, 10101] loss: 0.02601
[  5, 10151] loss: 0.04624
[  5, 10201] loss: 0.29449
[  5, 10251] loss: 0.02781
[  5, 10301] loss: 0.29893
[  5, 10351] loss: 0.17061
[  5, 10401] loss: 0.03852
[  5, 10451] loss: 0.01324
[  5, 10501] loss: 0.01873
[  5, 10551] loss: 0.06042
[  5, 10601] loss: 0.15671
[  5, 10651] loss: 0.08508
[  5, 10701] loss: 0.25731
[  5, 10751] loss: 0.10554
[  5, 10801] loss: 0.11199
[  5, 10851] loss: 0.00735
[  5, 10901] loss: 0.02569
[  5, 10951] loss: 0.10722
[  5, 11001] loss: 0.70146
[  5, 11051] loss: 0.43975
[  5, 11101] loss: 0.11650
[  5, 11151] loss: 0.00482
[  5, 11201] loss: 0.03500
[  5, 11251] loss: 0.49411
[  5, 11301] loss: 0.64668
[  5, 11351] loss: 0.66520
[  5, 11401] loss: 0.39307
[  5, 11451] loss: 0.08262
[  5, 11501] loss: 0.04415
[  5, 11551] loss: 0.26119
[  5, 11601] loss: 0.48242
[  5, 11651] loss: 0.52088
[  5, 11701] loss: 0.47043
[  5, 11751] loss: 0.16037
[  5, 11801] loss: 0.10581
[  5, 11851] loss: 0.08388
[  5, 11901] loss: 0.12162
[  5, 11951] loss: 0.21898
[  5, 12001] loss: 0.26064
[  5, 12051] loss: 0.17021
[  5, 12101] loss: 0.16494
[  5, 12151] loss: 0.03719
[  5, 12201] loss: 0.03664
[  5, 12251] loss: 0.03939
[  5, 12301] loss: 0.02538
[  5, 12351] loss: 0.06254
[  5, 12401] loss: 0.06549
[  5, 12451] loss: 0.06221
[  5, 12501] loss: 0.06613
[  5, 12551] loss: 0.05624
[  5, 12601] loss: 0.02997
[  5, 12651] loss: 0.03433
[  5, 12701] loss: 0.02271
[  5, 12751] loss: 0.06745
[  5, 12801] loss: 0.05083
[  5, 12851] loss: 0.05171
[  5, 12901] loss: 0.09008
[  5, 12951] loss: 0.02361
[  5, 13001] loss: 0.00528
[  5, 13051] loss: 0.32480
[  5, 13101] loss: 0.05162
[  5, 13151] loss: 0.01157
[  5, 13201] loss: 0.01034
[  5, 13251] loss: 0.03810
[  5, 13301] loss: 0.21966
[  5, 13351] loss: 0.06794
[  5, 13401] loss: 0.02529
[  5, 13451] loss: 0.01369
[  5, 13501] loss: 0.06148
[  5, 13551] loss: 0.25950
[  5, 13601] loss: 0.10921
[  5, 13651] loss: 0.21525
[  5, 13701] loss: 0.05497
[  5, 13751] loss: 0.00806
[  5, 13801] loss: 0.01365
[  5, 13851] loss: 0.18667
[  5, 13901] loss: 0.23338
[  5, 13951] loss: 0.15720
[  5, 14001] loss: 0.05648
[  5, 14051] loss: 0.07052
[  5, 14101] loss: 0.01963
[  5, 14151] loss: 0.04572
[  5, 14201] loss: 0.04802
[  5, 14251] loss: 0.05338
[  5, 14301] loss: 0.01232
[  5, 14351] loss: 0.02704
[  5, 14401] loss: 0.07580
[  5, 14451] loss: 0.02412
[  5, 14501] loss: 0.00695
[  5, 14551] loss: 0.02221
[  5, 14601] loss: 0.12141
[  5, 14651] loss: 0.08920
[  5, 14701] loss: 0.00964
[  5, 14751] loss: 0.00320
[  5, 14801] loss: 0.02226
[  5, 14851] loss: 0.06111
[  5, 14901] loss: 0.02752
[  5, 14951] loss: 0.09018
[  5, 15001] loss: 0.00435
[  5, 15051] loss: 0.00683
[  5, 15101] loss: 0.04099
[  5, 15151] loss: 0.07936
[  5, 15201] loss: 0.06986
[  5, 15251] loss: 0.02221
[  5, 15301] loss: 0.02917
[  5, 15351] loss: 0.02416
[  5, 15401] loss: 0.02188
[  5, 15451] loss: 0.03129
[  5, 15501] loss: 0.05317
[  5, 15551] loss: 0.05438
[  5, 15601] loss: 0.05174
[  5, 15651] loss: 0.05044
[  5, 15701] loss: 0.11183
[  5, 15751] loss: 0.06111
[  5, 15801] loss: 0.00729
[  5, 15851] loss: 0.04530
[  5, 15901] loss: 0.04543
[  5, 15951] loss: 0.19296
[  5, 16001] loss: 0.18349
[  5, 16051] loss: 0.01820
[  5, 16101] loss: 0.08900
[  5, 16151] loss: 0.07882
[  5, 16201] loss: 0.07971
[  5, 16251] loss: 0.06842
[  5, 16301] loss: 0.01894
[  5, 16351] loss: 0.05503
[  5, 16401] loss: 0.03366
[  5, 16451] loss: 0.02752
[  5, 16501] loss: 0.02280
[  5, 16551] loss: 0.01657
[  5, 16601] loss: 0.03274
[  5, 16651] loss: 0.04659
[  5, 16701] loss: 0.07278
[  5, 16751] loss: 0.09981
[  5, 16801] loss: 0.00501
[  5, 16851] loss: 0.00656
[  5, 16901] loss: 0.00818
[  5, 16951] loss: 0.11465
[  5, 17001] loss: 0.04662
[  5, 17051] loss: 0.02587
[  5, 17101] loss: 0.01976
[  5, 17151] loss: 0.03029
[  5, 17201] loss: 0.00348
[  5, 17251] loss: 0.01546
[  5, 17301] loss: 0.01459
[  5, 17351] loss: 0.02263
[  5, 17401] loss: 0.01401
[  5, 17451] loss: 0.00640
[  5, 17501] loss: 0.00737
[  5, 17551] loss: 0.08645
[  5, 17601] loss: 0.01097
[  5, 17651] loss: 0.04733
[  5, 17701] loss: 0.03251
[  5, 17751] loss: 0.01151
[  5, 17801] loss: 0.03148
[  5, 17851] loss: 0.01582
[  5, 17901] loss: 0.04867
[  5, 17951] loss: 0.00303
[  5, 18001] loss: 0.01174
[  5, 18051] loss: 0.04713
[  5, 18101] loss: 0.00256
[  5, 18151] loss: 0.01645
[  5, 18201] loss: 0.00797
[  5, 18251] loss: 0.00481
[  5, 18301] loss: 0.07067
[  5, 18351] loss: 0.00578
[  5, 18401] loss: 0.05452
[  5, 18451] loss: 0.07800
[  5, 18501] loss: 0.02548
[  5, 18551] loss: 0.02705
[  5, 18601] loss: 0.02881
[  5, 18651] loss: 0.02108
[  5, 18701] loss: 0.08948
[  5, 18751] loss: 0.04714
[  5, 18801] loss: 0.06888
[  5, 18851] loss: 0.07404
[  5, 18901] loss: 0.19753
[  5, 18951] loss: 0.03337
[  5, 19001] loss: 0.00394
[  5, 19051] loss: 0.07487
[  5, 19101] loss: 0.26157
[  5, 19151] loss: 0.20003
[  5, 19201] loss: 0.01158
[  5, 19251] loss: 0.01028
[  5, 19301] loss: 0.00749
[  5, 19351] loss: 0.07769
[  5, 19401] loss: 0.22715
[  5, 19451] loss: 0.27632
[  5, 19501] loss: 0.17637
[  5, 19551] loss: 0.02094
[  5, 19601] loss: 0.01641
[  5, 19651] loss: 0.02469
[  5, 19701] loss: 0.21267
[  5, 19751] loss: 0.07907
[  5, 19801] loss: 0.19694
[  5, 19851] loss: 0.09372
[  5, 19901] loss: 0.12998
[  5, 19951] loss: 0.57385
[  5, 20001] loss: 0.02505
[  5, 20051] loss: 0.13001
[  5, 20101] loss: 0.35299
[  5, 20151] loss: 0.12205
[  5, 20201] loss: 0.06459
[  5, 20251] loss: 0.09314
[  5, 20301] loss: 0.02724
[  5, 20351] loss: 0.04043
[  5, 20401] loss: 0.12856
[  5, 20451] loss: 0.24826
[  5, 20501] loss: 0.06005
[  5, 20551] loss: 0.04133
[  5, 20601] loss: 0.01509
[  5, 20651] loss: 0.03579
[  5, 20701] loss: 0.03061
[  5, 20751] loss: 0.08206
[  5, 20801] loss: 0.06030
[  5, 20851] loss: 0.08443
[  5, 20901] loss: 0.07213
[  5, 20951] loss: 0.00735
[  5, 21001] loss: 0.01589
[  5, 21051] loss: 0.01762
[  5, 21101] loss: 0.24578
[  5, 21151] loss: 0.02669
[  5, 21201] loss: 0.01142
[  5, 21251] loss: 0.11553
[  5, 21301] loss: 0.02475
[  5, 21351] loss: 0.01319
[  5, 21401] loss: 0.01803
[  5, 21451] loss: 0.01274
[  5, 21501] loss: 0.01104
[  5, 21551] loss: 0.01604
[  5, 21601] loss: 0.01329
[  5, 21651] loss: 0.03546
[  5, 21701] loss: 0.00471
[  5, 21751] loss: 0.02169
[  5, 21801] loss: 0.00863
[  5, 21851] loss: 0.01671
[  5, 21901] loss: 0.03435
[  5, 21951] loss: 0.00348
[  5, 22001] loss: 0.00349
[  5, 22051] loss: 0.01467
[  5, 22101] loss: 0.01750
[  5, 22151] loss: 0.02977
[  5, 22201] loss: 0.00702
[  5, 22251] loss: 0.00924
[  5, 22301] loss: 0.00364
[  5, 22351] loss: 0.00218
[  5, 22401] loss: 0.75644
[  5, 22451] loss: 0.02820
[  5, 22501] loss: 0.00303
[  5, 22551] loss: 0.00153
[  5, 22601] loss: 0.00995
[  5, 22651] loss: 0.00410
[  5, 22701] loss: 0.01955
[  5, 22751] loss: 0.00347
[  5, 22801] loss: 0.02296
[  5, 22851] loss: 0.01158
[  5, 22901] loss: 0.02662
[  5, 22951] loss: 0.01660
[  5, 23001] loss: 0.00655
[  5, 23051] loss: 0.00959
[  5, 23101] loss: 0.01031
[  5, 23151] loss: 0.01230
[  5, 23201] loss: 0.01116
[  5, 23251] loss: 0.00753
[  5, 23301] loss: 0.01898
[  5, 23351] loss: 0.00970
[  5, 23401] loss: 0.00887
[  5, 23451] loss: 0.01323
[  5, 23501] loss: 0.00955
[  5, 23551] loss: 0.20913
[  5, 23601] loss: 0.00741
[  5, 23651] loss: 0.00703
[  5, 23701] loss: 0.01031
[  5, 23751] loss: 0.01705
[  5, 23801] loss: 0.02342
[  5, 23851] loss: 0.06455
[  5, 23901] loss: 0.01236
[  5, 23951] loss: 0.01132
[  5, 24001] loss: 0.06856
[  5, 24051] loss: 0.00960
[  5, 24101] loss: 0.01810
[  5, 24151] loss: 0.00899
[  5, 24201] loss: 0.27932
[  5, 24251] loss: 0.01278
[  5, 24301] loss: 0.09351
[  5, 24351] loss: 0.00503
[  5, 24401] loss: 0.00479
[  5, 24451] loss: 0.01738
[  5, 24501] loss: 0.02190
[  5, 24551] loss: 0.01199
[  5, 24601] loss: 0.02710
[  5, 24651] loss: 0.01188
[  5, 24701] loss: 0.00526
[  5, 24751] loss: 0.00796
[  5, 24801] loss: 0.03133
[  5, 24851] loss: 0.01590
[  5, 24901] loss: 0.01881
[  5, 24951] loss: 0.02067
Finished training
Accuracy on train: 0.99768
Accuracy on test: 0.67258
