{'word_context': 5, 'word_embed_size': 300, 'word_conv_units': 300, 'hidden_units': 0, 'dropout': False, 'batch_size': 50}
train set done
test set done
<bound method MixedNet.parameters of MixedNet (
  (W_wrd): DataParallel (
    (module): Embedding(89528, 300)
  )
  (word_level_conv): DataParallel (
    (module): Conv2d(1, 300, kernel_size=(300, 5), stride=(1, 1), padding=(0, 2))
  )
  (word_level_maxpool): DataParallel (
    (module): AdaptiveMaxPool2d (output_size=(300, 1))
  )
  (fc1): DataParallel (
    (module): Linear (300 -> 2)
  )
)>
[  1,     1] loss: 0.91881
[  1,    51] loss: 0.76100
[  1,   101] loss: 0.89977
[  1,   151] loss: 1.40729
[  1,   201] loss: 0.86520
[  1,   251] loss: 0.73636
[  1,   301] loss: 0.82200
[  1,   351] loss: 0.83249
[  1,   401] loss: 1.03262
[  1,   451] loss: 0.94655
[  1,   501] loss: 0.79102
[  1,   551] loss: 0.69406
[  1,   601] loss: 0.74152
[  1,   651] loss: 0.88770
[  1,   701] loss: 1.06685
[  1,   751] loss: 0.75689
[  1,   801] loss: 0.67812
[  1,   851] loss: 0.72343
[  1,   901] loss: 0.70292
[  1,   951] loss: 1.02513
[  1,  1001] loss: 0.66332
[  1,  1051] loss: 0.68754
[  1,  1101] loss: 0.70839
[  1,  1151] loss: 0.73594
[  1,  1201] loss: 0.73505
[  1,  1251] loss: 0.67442
[  1,  1301] loss: 0.69711
[  1,  1351] loss: 0.75990
[  1,  1401] loss: 0.67255
[  1,  1451] loss: 0.67420
[  1,  1501] loss: 0.74001
[  1,  1551] loss: 0.63514
[  1,  1601] loss: 0.68998
[  1,  1651] loss: 0.80574
[  1,  1701] loss: 0.76670
[  1,  1751] loss: 0.65554
[  1,  1801] loss: 0.64162
[  1,  1851] loss: 0.61478
[  1,  1901] loss: 0.67991
[  1,  1951] loss: 0.78842
[  1,  2001] loss: 0.70786
[  1,  2051] loss: 0.66738
[  1,  2101] loss: 0.78000
[  1,  2151] loss: 0.67372
[  1,  2201] loss: 0.70070
[  1,  2251] loss: 0.63776
[  1,  2301] loss: 0.73872
[  1,  2351] loss: 0.62637
[  1,  2401] loss: 0.59695
[  1,  2451] loss: 0.63806
[  1,  2501] loss: 0.68201
[  1,  2551] loss: 0.65842
[  1,  2601] loss: 0.70110
[  1,  2651] loss: 0.70672
[  1,  2701] loss: 0.71280
[  1,  2751] loss: 0.70331
[  1,  2801] loss: 0.72311
[  1,  2851] loss: 0.71968
[  1,  2901] loss: 0.68918
[  1,  2951] loss: 0.66109
[  1,  3001] loss: 0.64787
[  1,  3051] loss: 0.65441
[  1,  3101] loss: 0.64653
[  1,  3151] loss: 0.70184
[  1,  3201] loss: 0.63441
[  1,  3251] loss: 0.78936
[  1,  3301] loss: 0.63745
[  1,  3351] loss: 0.67924
[  1,  3401] loss: 0.60008
[  1,  3451] loss: 0.70208
[  1,  3501] loss: 0.80088
[  1,  3551] loss: 0.69044
[  1,  3601] loss: 0.66903
[  1,  3651] loss: 0.65058
[  1,  3701] loss: 0.69958
[  1,  3751] loss: 0.65961
[  1,  3801] loss: 0.53596
[  1,  3851] loss: 0.67673
[  1,  3901] loss: 0.63497
[  1,  3951] loss: 0.57572
[  1,  4001] loss: 0.58661
[  1,  4051] loss: 0.66081
[  1,  4101] loss: 0.69974
[  1,  4151] loss: 0.57786
[  1,  4201] loss: 0.58036
[  1,  4251] loss: 0.61410
[  1,  4301] loss: 0.60750
[  1,  4351] loss: 0.62699
[  1,  4401] loss: 0.55371
[  1,  4451] loss: 0.64363
[  1,  4501] loss: 0.77395
[  1,  4551] loss: 0.61369
[  1,  4601] loss: 0.72902
[  1,  4651] loss: 0.62932
[  1,  4701] loss: 0.70950
[  1,  4751] loss: 0.66791
[  1,  4801] loss: 0.75491
[  1,  4851] loss: 0.73125
[  1,  4901] loss: 0.52645
[  1,  4951] loss: 0.47266
[  1,  5001] loss: 0.64621
[  1,  5051] loss: 0.84754
[  1,  5101] loss: 0.72167
[  1,  5151] loss: 0.60878
[  1,  5201] loss: 0.94887
[  1,  5251] loss: 1.02227
[  1,  5301] loss: 1.05839
[  1,  5351] loss: 0.69448
[  1,  5401] loss: 0.79035
[  1,  5451] loss: 0.77131
[  1,  5501] loss: 0.70082
[  1,  5551] loss: 0.74491
[  1,  5601] loss: 0.57763
[  1,  5651] loss: 0.71192
[  1,  5701] loss: 0.87085
[  1,  5751] loss: 0.85584
[  1,  5801] loss: 0.66861
[  1,  5851] loss: 0.72766
[  1,  5901] loss: 0.62192
[  1,  5951] loss: 0.69563
[  1,  6001] loss: 0.67330
[  1,  6051] loss: 0.59772
[  1,  6101] loss: 0.67509
[  1,  6151] loss: 0.72259
[  1,  6201] loss: 0.78893
[  1,  6251] loss: 0.75131
[  1,  6301] loss: 0.65955
[  1,  6351] loss: 0.62353
[  1,  6401] loss: 0.80426
[  1,  6451] loss: 0.73712
[  1,  6501] loss: 0.67586
[  1,  6551] loss: 0.61400
[  1,  6601] loss: 0.59183
[  1,  6651] loss: 0.90377
[  1,  6701] loss: 0.64654
[  1,  6751] loss: 0.55176
[  1,  6801] loss: 0.56795
[  1,  6851] loss: 0.91837
[  1,  6901] loss: 0.78808
[  1,  6951] loss: 0.66762
[  1,  7001] loss: 0.64242
[  1,  7051] loss: 0.75789
[  1,  7101] loss: 0.80623
[  1,  7151] loss: 0.67945
[  1,  7201] loss: 0.62129
[  1,  7251] loss: 0.60244
[  1,  7301] loss: 0.58425
[  1,  7351] loss: 0.75026
[  1,  7401] loss: 0.71152
[  1,  7451] loss: 0.74694
[  1,  7501] loss: 0.76811
[  1,  7551] loss: 0.69323
[  1,  7601] loss: 0.63084
[  1,  7651] loss: 0.62101
[  1,  7701] loss: 0.58353
[  1,  7751] loss: 0.61651
[  1,  7801] loss: 0.63135
[  1,  7851] loss: 0.63333
[  1,  7901] loss: 0.63256
[  1,  7951] loss: 0.73874
[  1,  8001] loss: 0.66903
[  1,  8051] loss: 0.66787
[  1,  8101] loss: 0.65302
[  1,  8151] loss: 0.68638
[  1,  8201] loss: 0.56947
[  1,  8251] loss: 0.65565
[  1,  8301] loss: 0.68780
[  1,  8351] loss: 0.66202
[  1,  8401] loss: 0.73732
[  1,  8451] loss: 0.55898
[  1,  8501] loss: 0.59824
[  1,  8551] loss: 0.72142
[  1,  8601] loss: 0.70504
[  1,  8651] loss: 0.54303
[  1,  8701] loss: 0.70660
[  1,  8751] loss: 0.67426
[  1,  8801] loss: 0.65886
[  1,  8851] loss: 0.68937
[  1,  8901] loss: 0.60818
[  1,  8951] loss: 0.67212
[  1,  9001] loss: 0.72361
[  1,  9051] loss: 0.55432
[  1,  9101] loss: 0.62642
[  1,  9151] loss: 0.70665
[  1,  9201] loss: 1.03627
[  1,  9251] loss: 0.62310
[  1,  9301] loss: 0.69541
[  1,  9351] loss: 0.73205
[  1,  9401] loss: 0.80498
[  1,  9451] loss: 0.70916
[  1,  9501] loss: 0.62996
[  1,  9551] loss: 0.68714
[  1,  9601] loss: 0.83831
[  1,  9651] loss: 0.57384
[  1,  9701] loss: 0.71359
[  1,  9751] loss: 0.67335
[  1,  9801] loss: 0.58476
[  1,  9851] loss: 0.70701
[  1,  9901] loss: 0.72737
[  1,  9951] loss: 0.62681
[  1, 10001] loss: 0.64395
[  1, 10051] loss: 0.59519
[  1, 10101] loss: 0.65808
[  1, 10151] loss: 0.61277
[  1, 10201] loss: 0.56416
[  1, 10251] loss: 0.59519
[  1, 10301] loss: 0.69326
[  1, 10351] loss: 0.75570
[  1, 10401] loss: 0.63588
[  1, 10451] loss: 0.68019
[  1, 10501] loss: 0.65212
[  1, 10551] loss: 0.62592
[  1, 10601] loss: 0.59710
[  1, 10651] loss: 0.68549
[  1, 10701] loss: 0.69588
[  1, 10751] loss: 0.75206
[  1, 10801] loss: 0.59793
[  1, 10851] loss: 0.71397
[  1, 10901] loss: 0.65470
[  1, 10951] loss: 0.67530
[  1, 11001] loss: 0.73794
[  1, 11051] loss: 0.58350
[  1, 11101] loss: 0.66956
[  1, 11151] loss: 0.64029
[  1, 11201] loss: 0.69073
[  1, 11251] loss: 0.67868
[  1, 11301] loss: 0.67715
[  1, 11351] loss: 0.68484
[  1, 11401] loss: 0.65821
[  1, 11451] loss: 0.71580
[  1, 11501] loss: 0.61660
[  1, 11551] loss: 0.72796
[  1, 11601] loss: 0.65618
[  1, 11651] loss: 0.69307
[  1, 11701] loss: 0.54855
[  1, 11751] loss: 0.83519
[  1, 11801] loss: 0.71217
[  1, 11851] loss: 0.64797
[  1, 11901] loss: 0.60820
[  1, 11951] loss: 0.81123
[  1, 12001] loss: 0.66974
[  1, 12051] loss: 0.71238
[  1, 12101] loss: 0.60743
[  1, 12151] loss: 0.74242
[  1, 12201] loss: 0.73894
[  1, 12251] loss: 0.58154
[  1, 12301] loss: 0.72429
[  1, 12351] loss: 0.67849
[  1, 12401] loss: 0.68787
[  1, 12451] loss: 0.60154
[  1, 12501] loss: 0.83629
[  1, 12551] loss: 0.75892
[  1, 12601] loss: 0.69042
[  1, 12651] loss: 0.72837
[  1, 12701] loss: 0.54756
[  1, 12751] loss: 0.62554
[  1, 12801] loss: 0.59793
[  1, 12851] loss: 0.82207
[  1, 12901] loss: 0.56006
[  1, 12951] loss: 0.73416
[  1, 13001] loss: 0.59614
[  1, 13051] loss: 0.65651
[  1, 13101] loss: 0.72649
[  1, 13151] loss: 0.53708
[  1, 13201] loss: 0.66904
[  1, 13251] loss: 0.66213
[  1, 13301] loss: 0.61568
[  1, 13351] loss: 0.82324
[  1, 13401] loss: 0.65818
[  1, 13451] loss: 0.66967
[  1, 13501] loss: 0.63789
[  1, 13551] loss: 0.63939
[  1, 13601] loss: 0.64728
[  1, 13651] loss: 1.03256
[  1, 13701] loss: 0.79084
[  1, 13751] loss: 0.72157
[  1, 13801] loss: 0.59448
[  1, 13851] loss: 0.75728
[  1, 13901] loss: 0.89812
[  1, 13951] loss: 0.57465
[  1, 14001] loss: 0.73516
[  1, 14051] loss: 0.80322
[  1, 14101] loss: 0.88500
[  1, 14151] loss: 0.61263
[  1, 14201] loss: 0.60557
[  1, 14251] loss: 0.81497
[  1, 14301] loss: 1.05641
[  1, 14351] loss: 0.67566
[  1, 14401] loss: 0.52998
[  1, 14451] loss: 0.68344
[  1, 14501] loss: 0.86906
[  1, 14551] loss: 0.68826
[  1, 14601] loss: 0.71930
[  1, 14651] loss: 0.63175
[  1, 14701] loss: 0.85357
[  1, 14751] loss: 0.59021
[  1, 14801] loss: 0.66562
[  1, 14851] loss: 0.60794
[  1, 14901] loss: 0.62921
[  1, 14951] loss: 0.59047
[  1, 15001] loss: 0.60564
[  1, 15051] loss: 0.61294
[  1, 15101] loss: 0.60584
[  1, 15151] loss: 0.69354
[  1, 15201] loss: 0.58463
[  1, 15251] loss: 0.67884
[  1, 15301] loss: 0.63702
[  1, 15351] loss: 0.56338
[  1, 15401] loss: 0.59519
[  1, 15451] loss: 0.77111
[  1, 15501] loss: 0.70225
[  1, 15551] loss: 0.62853
[  1, 15601] loss: 0.61677
[  1, 15651] loss: 0.61814
[  1, 15701] loss: 0.58906
[  1, 15751] loss: 0.57382
[  1, 15801] loss: 0.61326
[  1, 15851] loss: 0.62768
[  1, 15901] loss: 0.60025
[  1, 15951] loss: 0.68604
[  1, 16001] loss: 0.70197
[  1, 16051] loss: 0.65572
[  1, 16101] loss: 0.58742
[  1, 16151] loss: 0.70807
[  1, 16201] loss: 0.45087
[  1, 16251] loss: 0.67547
[  1, 16301] loss: 0.64193
[  1, 16351] loss: 0.80089
[  1, 16401] loss: 0.61771
[  1, 16451] loss: 0.64463
[  1, 16501] loss: 0.52033
[  1, 16551] loss: 0.76275
[  1, 16601] loss: 0.63655
[  1, 16651] loss: 0.53805
[  1, 16701] loss: 0.71296
[  1, 16751] loss: 0.69032
[  1, 16801] loss: 0.60897
[  1, 16851] loss: 0.62825
[  1, 16901] loss: 0.72419
[  1, 16951] loss: 0.62438
[  1, 17001] loss: 0.58368
[  1, 17051] loss: 0.62321
[  1, 17101] loss: 0.64744
[  1, 17151] loss: 0.52557
[  1, 17201] loss: 0.68332
[  1, 17251] loss: 0.57187
[  1, 17301] loss: 0.73265
[  1, 17351] loss: 0.66394
[  1, 17401] loss: 0.63286
[  1, 17451] loss: 0.73591
[  1, 17501] loss: 0.69406
[  1, 17551] loss: 0.61557
[  1, 17601] loss: 0.81869
[  1, 17651] loss: 0.63807
[  1, 17701] loss: 0.56865
[  1, 17751] loss: 0.59194
[  1, 17801] loss: 0.74090
[  1, 17851] loss: 0.67671
[  1, 17901] loss: 0.57515
[  1, 17951] loss: 0.67462
[  1, 18001] loss: 0.84418
[  1, 18051] loss: 0.66730
[  1, 18101] loss: 0.73001
[  1, 18151] loss: 0.90659
[  1, 18201] loss: 0.88401
[  1, 18251] loss: 0.56170
[  1, 18301] loss: 0.75133
[  1, 18351] loss: 0.87079
[  1, 18401] loss: 0.71792
[  1, 18451] loss: 0.48367
[  1, 18501] loss: 0.74601
[  1, 18551] loss: 0.80195
[  1, 18601] loss: 0.87325
[  1, 18651] loss: 0.57717
[  1, 18701] loss: 0.53017
[  1, 18751] loss: 0.82970
[  1, 18801] loss: 0.81833
[  1, 18851] loss: 0.71302
[  1, 18901] loss: 0.60385
[  1, 18951] loss: 0.69248
[  1, 19001] loss: 0.69752
[  1, 19051] loss: 0.85321
[  1, 19101] loss: 0.66445
[  1, 19151] loss: 0.76857
[  1, 19201] loss: 0.63267
[  1, 19251] loss: 0.55786
[  1, 19301] loss: 0.64559
[  1, 19351] loss: 0.56397
[  1, 19401] loss: 0.73025
[  1, 19451] loss: 0.77041
[  1, 19501] loss: 0.75395
[  1, 19551] loss: 0.63184
[  1, 19601] loss: 0.65883
[  1, 19651] loss: 0.61374
[  1, 19701] loss: 0.89430
[  1, 19751] loss: 0.65866
[  1, 19801] loss: 0.62082
[  1, 19851] loss: 0.51031
[  1, 19901] loss: 0.61700
[  1, 19951] loss: 0.59785
[  1, 20001] loss: 0.68353
[  1, 20051] loss: 0.58114
[  1, 20101] loss: 0.56301
[  1, 20151] loss: 0.63539
[  1, 20201] loss: 0.72654
[  1, 20251] loss: 0.75333
[  1, 20301] loss: 0.56053
[  1, 20351] loss: 0.61271
[  1, 20401] loss: 0.66819
[  1, 20451] loss: 0.60183
[  1, 20501] loss: 0.61359
[  1, 20551] loss: 0.61850
[  1, 20601] loss: 0.74112
[  1, 20651] loss: 0.56042
[  1, 20701] loss: 0.68307
[  1, 20751] loss: 0.68452
[  1, 20801] loss: 0.61625
[  1, 20851] loss: 0.60740
[  1, 20901] loss: 0.66378
[  1, 20951] loss: 0.62951
[  1, 21001] loss: 0.59945
[  1, 21051] loss: 0.51853
[  1, 21101] loss: 0.66448
[  1, 21151] loss: 0.64171
[  1, 21201] loss: 0.60506
[  1, 21251] loss: 0.51892
[  1, 21301] loss: 0.60565
[  1, 21351] loss: 0.70357
[  1, 21401] loss: 0.61123
[  1, 21451] loss: 0.71432
[  1, 21501] loss: 0.58265
[  1, 21551] loss: 0.71285
[  1, 21601] loss: 0.54615
[  1, 21651] loss: 0.60898
[  1, 21701] loss: 0.56924
[  1, 21751] loss: 0.62790
[  1, 21801] loss: 0.60672
[  1, 21851] loss: 0.74472
[  1, 21901] loss: 0.69087
[  1, 21951] loss: 0.53969
[  1, 22001] loss: 0.82611
[  1, 22051] loss: 0.80825
[  1, 22101] loss: 0.81118
[  1, 22151] loss: 0.64091
[  1, 22201] loss: 0.69088
[  1, 22251] loss: 0.67310
[  1, 22301] loss: 0.64975
[  1, 22351] loss: 0.68397
[  1, 22401] loss: 0.86889
[  1, 22451] loss: 0.77329
[  1, 22501] loss: 0.56108
[  1, 22551] loss: 0.67976
[  1, 22601] loss: 0.83469
[  1, 22651] loss: 0.65519
[  1, 22701] loss: 0.61138
[  1, 22751] loss: 0.65292
[  1, 22801] loss: 0.63222
[  1, 22851] loss: 0.59590
[  1, 22901] loss: 0.56918
[  1, 22951] loss: 0.73144
[  1, 23001] loss: 0.77802
[  1, 23051] loss: 0.65486
[  1, 23101] loss: 0.72320
[  1, 23151] loss: 0.66210
[  1, 23201] loss: 0.77743
[  1, 23251] loss: 0.73794
[  1, 23301] loss: 0.70675
[  1, 23351] loss: 0.62900
[  1, 23401] loss: 0.62016
[  1, 23451] loss: 0.71047
[  1, 23501] loss: 0.74108
[  1, 23551] loss: 0.69611
[  1, 23601] loss: 0.59632
[  1, 23651] loss: 0.61968
[  1, 23701] loss: 0.69873
[  1, 23751] loss: 0.69568
[  1, 23801] loss: 0.62483
[  1, 23851] loss: 0.62847
[  1, 23901] loss: 0.53497
[  1, 23951] loss: 0.56362
[  1, 24001] loss: 0.67416
[  1, 24051] loss: 0.71267
[  1, 24101] loss: 0.56536
[  1, 24151] loss: 0.82793
[  1, 24201] loss: 0.65074
[  1, 24251] loss: 0.62355
[  1, 24301] loss: 0.59617
[  1, 24351] loss: 0.62535
[  1, 24401] loss: 0.73943
[  1, 24451] loss: 0.76360
[  1, 24501] loss: 0.66738
[  1, 24551] loss: 0.66900
[  1, 24601] loss: 0.73354
[  1, 24651] loss: 0.64544
[  1, 24701] loss: 0.82332
[  1, 24751] loss: 0.58504
[  1, 24801] loss: 0.57413
[  1, 24851] loss: 0.92123
[  1, 24901] loss: 0.68993
[  1, 24951] loss: 0.62217
[  2,     1] loss: 0.82760
[  2,    51] loss: 0.52398
[  2,   101] loss: 0.54983
[  2,   151] loss: 0.65880
[  2,   201] loss: 0.59744
[  2,   251] loss: 0.51001
[  2,   301] loss: 0.50308
[  2,   351] loss: 0.61016
[  2,   401] loss: 0.66238
[  2,   451] loss: 0.72104
[  2,   501] loss: 0.61259
[  2,   551] loss: 0.67603
[  2,   601] loss: 0.59494
[  2,   651] loss: 0.62429
[  2,   701] loss: 0.65648
[  2,   751] loss: 0.61140
[  2,   801] loss: 0.48225
[  2,   851] loss: 0.52684
[  2,   901] loss: 0.47977
[  2,   951] loss: 0.76106
[  2,  1001] loss: 0.56462
[  2,  1051] loss: 0.56288
[  2,  1101] loss: 0.61224
[  2,  1151] loss: 0.57315
[  2,  1201] loss: 0.55744
[  2,  1251] loss: 0.49874
[  2,  1301] loss: 0.50373
[  2,  1351] loss: 0.60624
[  2,  1401] loss: 0.55134
[  2,  1451] loss: 0.56217
[  2,  1501] loss: 0.52271
[  2,  1551] loss: 0.51245
[  2,  1601] loss: 0.60586
[  2,  1651] loss: 0.66788
[  2,  1701] loss: 0.65092
[  2,  1751] loss: 0.57870
[  2,  1801] loss: 0.54481
[  2,  1851] loss: 0.51962
[  2,  1901] loss: 0.63863
[  2,  1951] loss: 0.68992
[  2,  2001] loss: 0.56937
[  2,  2051] loss: 0.61722
[  2,  2101] loss: 0.64708
[  2,  2151] loss: 0.52346
[  2,  2201] loss: 0.62178
[  2,  2251] loss: 0.53335
[  2,  2301] loss: 0.54563
[  2,  2351] loss: 0.56617
[  2,  2401] loss: 0.57639
[  2,  2451] loss: 0.45200
[  2,  2501] loss: 0.51526
[  2,  2551] loss: 0.52441
[  2,  2601] loss: 0.61953
[  2,  2651] loss: 0.59453
[  2,  2701] loss: 0.58743
[  2,  2751] loss: 0.60185
[  2,  2801] loss: 0.62496
[  2,  2851] loss: 0.70279
[  2,  2901] loss: 0.57146
[  2,  2951] loss: 0.56678
[  2,  3001] loss: 0.57909
[  2,  3051] loss: 0.58764
[  2,  3101] loss: 0.54603
[  2,  3151] loss: 0.57612
[  2,  3201] loss: 0.55878
[  2,  3251] loss: 0.65446
[  2,  3301] loss: 0.46518
[  2,  3351] loss: 0.54343
[  2,  3401] loss: 0.51383
[  2,  3451] loss: 0.52387
[  2,  3501] loss: 0.61923
[  2,  3551] loss: 0.54319
[  2,  3601] loss: 0.58640
[  2,  3651] loss: 0.46599
[  2,  3701] loss: 0.53860
[  2,  3751] loss: 0.50562
[  2,  3801] loss: 0.48376
[  2,  3851] loss: 0.56450
[  2,  3901] loss: 0.49575
[  2,  3951] loss: 0.51879
[  2,  4001] loss: 0.53250
[  2,  4051] loss: 0.56947
[  2,  4101] loss: 0.58112
[  2,  4151] loss: 0.43131
[  2,  4201] loss: 0.44282
[  2,  4251] loss: 0.52195
[  2,  4301] loss: 0.55913
[  2,  4351] loss: 0.51811
[  2,  4401] loss: 0.49912
[  2,  4451] loss: 0.50676
[  2,  4501] loss: 0.61766
[  2,  4551] loss: 0.51149
[  2,  4601] loss: 0.62173
[  2,  4651] loss: 0.46250
[  2,  4701] loss: 0.53657
[  2,  4751] loss: 0.48760
[  2,  4801] loss: 0.54326
[  2,  4851] loss: 0.51806
[  2,  4901] loss: 0.43401
[  2,  4951] loss: 0.38799
[  2,  5001] loss: 0.45546
[  2,  5051] loss: 0.66591
[  2,  5101] loss: 0.63398
[  2,  5151] loss: 0.55948
[  2,  5201] loss: 0.69613
[  2,  5251] loss: 0.72342
[  2,  5301] loss: 1.01617
[  2,  5351] loss: 0.47132
[  2,  5401] loss: 0.49944
[  2,  5451] loss: 0.61652
[  2,  5501] loss: 0.59035
[  2,  5551] loss: 0.76643
[  2,  5601] loss: 0.50494
[  2,  5651] loss: 0.55919
[  2,  5701] loss: 0.75934
[  2,  5751] loss: 0.74887
[  2,  5801] loss: 0.55746
[  2,  5851] loss: 0.51184
[  2,  5901] loss: 0.47665
[  2,  5951] loss: 0.53387
[  2,  6001] loss: 0.59145
[  2,  6051] loss: 0.45682
[  2,  6101] loss: 0.61760
[  2,  6151] loss: 0.55521
[  2,  6201] loss: 0.68907
[  2,  6251] loss: 0.70429
[  2,  6301] loss: 0.54827
[  2,  6351] loss: 0.48153
[  2,  6401] loss: 0.60381
[  2,  6451] loss: 0.69666
[  2,  6501] loss: 0.72795
[  2,  6551] loss: 0.45598
[  2,  6601] loss: 0.41507
[  2,  6651] loss: 0.77545
[  2,  6701] loss: 0.60402
[  2,  6751] loss: 0.57887
[  2,  6801] loss: 0.42445
[  2,  6851] loss: 0.61162
[  2,  6901] loss: 0.77603
[  2,  6951] loss: 0.51490
[  2,  7001] loss: 0.54663
[  2,  7051] loss: 0.51619
[  2,  7101] loss: 0.73397
[  2,  7151] loss: 0.74146
[  2,  7201] loss: 0.52176
[  2,  7251] loss: 0.49795
[  2,  7301] loss: 0.44782
[  2,  7351] loss: 0.82907
[  2,  7401] loss: 0.76363
[  2,  7451] loss: 0.69784
[  2,  7501] loss: 0.50188
[  2,  7551] loss: 0.48330
[  2,  7601] loss: 0.66798
[  2,  7651] loss: 0.62518
[  2,  7701] loss: 0.51679
[  2,  7751] loss: 0.47161
[  2,  7801] loss: 0.57902
[  2,  7851] loss: 0.62018
[  2,  7901] loss: 0.65763
[  2,  7951] loss: 0.60747
[  2,  8001] loss: 0.43720
[  2,  8051] loss: 0.63527
[  2,  8101] loss: 0.62840
[  2,  8151] loss: 0.56699
[  2,  8201] loss: 0.46459
[  2,  8251] loss: 0.51918
[  2,  8301] loss: 0.66945
[  2,  8351] loss: 0.76515
[  2,  8401] loss: 0.75382
[  2,  8451] loss: 0.60613
[  2,  8501] loss: 0.45889
[  2,  8551] loss: 0.66268
[  2,  8601] loss: 0.70131
[  2,  8651] loss: 0.51607
[  2,  8701] loss: 0.50568
[  2,  8751] loss: 0.47182
[  2,  8801] loss: 0.57880
[  2,  8851] loss: 0.58335
[  2,  8901] loss: 0.61994
[  2,  8951] loss: 0.51014
[  2,  9001] loss: 0.53088
[  2,  9051] loss: 0.49135
[  2,  9101] loss: 0.76465
[  2,  9151] loss: 0.66872
[  2,  9201] loss: 0.66480
[  2,  9251] loss: 0.56758
[  2,  9301] loss: 0.79488
[  2,  9351] loss: 0.56796
[  2,  9401] loss: 0.47554
[  2,  9451] loss: 0.49049
[  2,  9501] loss: 0.60925
[  2,  9551] loss: 0.54026
[  2,  9601] loss: 0.53338
[  2,  9651] loss: 0.40835
[  2,  9701] loss: 0.53162
[  2,  9751] loss: 0.56560
[  2,  9801] loss: 0.51707
[  2,  9851] loss: 0.63849
[  2,  9901] loss: 0.62320
[  2,  9951] loss: 0.54858
[  2, 10001] loss: 0.54955
[  2, 10051] loss: 0.44321
[  2, 10101] loss: 0.43012
[  2, 10151] loss: 0.46212
[  2, 10201] loss: 0.48454
[  2, 10251] loss: 0.54010
[  2, 10301] loss: 0.57403
[  2, 10351] loss: 0.62176
[  2, 10401] loss: 0.57280
[  2, 10451] loss: 0.69256
[  2, 10501] loss: 0.45404
[  2, 10551] loss: 0.46130
[  2, 10601] loss: 0.45429
[  2, 10651] loss: 0.47116
[  2, 10701] loss: 0.47837
[  2, 10751] loss: 0.53361
[  2, 10801] loss: 0.43253
[  2, 10851] loss: 0.49296
[  2, 10901] loss: 0.62505
[  2, 10951] loss: 0.50396
[  2, 11001] loss: 0.60083
[  2, 11051] loss: 0.50104
[  2, 11101] loss: 0.54823
[  2, 11151] loss: 0.46073
[  2, 11201] loss: 0.42997
[  2, 11251] loss: 0.57957
[  2, 11301] loss: 0.45798
[  2, 11351] loss: 0.50580
[  2, 11401] loss: 0.44814
[  2, 11451] loss: 0.59914
[  2, 11501] loss: 0.48718
[  2, 11551] loss: 0.48246
[  2, 11601] loss: 0.47026
[  2, 11651] loss: 0.57939
[  2, 11701] loss: 0.65086
[  2, 11751] loss: 0.54689
[  2, 11801] loss: 0.43998
[  2, 11851] loss: 0.53020
[  2, 11901] loss: 0.52066
[  2, 11951] loss: 0.53804
[  2, 12001] loss: 0.37898
[  2, 12051] loss: 0.55917
[  2, 12101] loss: 0.62756
[  2, 12151] loss: 0.51870
[  2, 12201] loss: 0.47576
[  2, 12251] loss: 0.46152
[  2, 12301] loss: 0.38413
[  2, 12351] loss: 0.54385
[  2, 12401] loss: 0.42871
[  2, 12451] loss: 0.46384
[  2, 12501] loss: 0.48637
[  2, 12551] loss: 0.48429
[  2, 12601] loss: 0.52656
[  2, 12651] loss: 0.48124
[  2, 12701] loss: 0.33301
[  2, 12751] loss: 0.52673
[  2, 12801] loss: 0.52432
[  2, 12851] loss: 0.54755
[  2, 12901] loss: 0.45392
[  2, 12951] loss: 0.54457
[  2, 13001] loss: 0.44218
[  2, 13051] loss: 0.45352
[  2, 13101] loss: 0.44231
[  2, 13151] loss: 0.39948
[  2, 13201] loss: 0.52862
[  2, 13251] loss: 0.46171
[  2, 13301] loss: 0.43944
[  2, 13351] loss: 0.54312
[  2, 13401] loss: 0.44842
[  2, 13451] loss: 0.49395
[  2, 13501] loss: 0.43630
[  2, 13551] loss: 0.49347
[  2, 13601] loss: 0.36469
[  2, 13651] loss: 0.67487
[  2, 13701] loss: 0.61580
[  2, 13751] loss: 0.47748
[  2, 13801] loss: 0.42437
[  2, 13851] loss: 0.49816
[  2, 13901] loss: 0.63109
[  2, 13951] loss: 0.52443
[  2, 14001] loss: 0.44972
[  2, 14051] loss: 0.44866
[  2, 14101] loss: 0.69359
[  2, 14151] loss: 0.54972
[  2, 14201] loss: 0.45998
[  2, 14251] loss: 0.43441
[  2, 14301] loss: 0.84899
[  2, 14351] loss: 0.50512
[  2, 14401] loss: 0.48710
[  2, 14451] loss: 0.42033
[  2, 14501] loss: 0.61257
[  2, 14551] loss: 0.61536
[  2, 14601] loss: 0.66522
[  2, 14651] loss: 0.34560
[  2, 14701] loss: 0.62988
[  2, 14751] loss: 0.53472
[  2, 14801] loss: 0.55762
[  2, 14851] loss: 0.42210
[  2, 14901] loss: 0.50186
[  2, 14951] loss: 0.37368
[  2, 15001] loss: 0.58582
[  2, 15051] loss: 0.49890
[  2, 15101] loss: 0.44944
[  2, 15151] loss: 0.48136
[  2, 15201] loss: 0.49039
[  2, 15251] loss: 0.48204
[  2, 15301] loss: 0.46479
[  2, 15351] loss: 0.43125
[  2, 15401] loss: 0.42152
[  2, 15451] loss: 0.60080
[  2, 15501] loss: 0.45408
[  2, 15551] loss: 0.47190
[  2, 15601] loss: 0.38593
[  2, 15651] loss: 0.41219
[  2, 15701] loss: 0.40742
[  2, 15751] loss: 0.36890
[  2, 15801] loss: 0.40300
[  2, 15851] loss: 0.41980
[  2, 15901] loss: 0.50480
[  2, 15951] loss: 0.53807
[  2, 16001] loss: 0.55234
[  2, 16051] loss: 0.50118
[  2, 16101] loss: 0.37885
[  2, 16151] loss: 0.50348
[  2, 16201] loss: 0.31705
[  2, 16251] loss: 0.43695
[  2, 16301] loss: 0.43889
[  2, 16351] loss: 0.61500
[  2, 16401] loss: 0.37572
[  2, 16451] loss: 0.44178
[  2, 16501] loss: 0.38828
[  2, 16551] loss: 0.51916
[  2, 16601] loss: 0.43089
[  2, 16651] loss: 0.39859
[  2, 16701] loss: 0.43241
[  2, 16751] loss: 0.49063
[  2, 16801] loss: 0.40569
[  2, 16851] loss: 0.45426
[  2, 16901] loss: 0.53406
[  2, 16951] loss: 0.49806
[  2, 17001] loss: 0.38241
[  2, 17051] loss: 0.38661
[  2, 17101] loss: 0.49911
[  2, 17151] loss: 0.34029
[  2, 17201] loss: 0.52066
[  2, 17251] loss: 0.39533
[  2, 17301] loss: 0.52579
[  2, 17351] loss: 0.41734
[  2, 17401] loss: 0.48084
[  2, 17451] loss: 0.51764
[  2, 17501] loss: 0.48319
[  2, 17551] loss: 0.43611
[  2, 17601] loss: 0.51657
[  2, 17651] loss: 0.43226
[  2, 17701] loss: 0.44293
[  2, 17751] loss: 0.37194
[  2, 17801] loss: 0.45982
[  2, 17851] loss: 0.45106
[  2, 17901] loss: 0.45234
[  2, 17951] loss: 0.42764
[  2, 18001] loss: 0.50199
[  2, 18051] loss: 0.45897
[  2, 18101] loss: 0.46876
[  2, 18151] loss: 0.47870
[  2, 18201] loss: 0.54061
[  2, 18251] loss: 0.38252
[  2, 18301] loss: 0.46952
[  2, 18351] loss: 0.45940
[  2, 18401] loss: 0.43333
[  2, 18451] loss: 0.34558
[  2, 18501] loss: 0.40815
[  2, 18551] loss: 0.51904
[  2, 18601] loss: 0.46460
[  2, 18651] loss: 0.40587
[  2, 18701] loss: 0.40493
[  2, 18751] loss: 0.53496
[  2, 18801] loss: 0.49369
[  2, 18851] loss: 0.51251
[  2, 18901] loss: 0.38506
[  2, 18951] loss: 0.43389
[  2, 19001] loss: 0.52011
[  2, 19051] loss: 0.55070
[  2, 19101] loss: 0.53377
[  2, 19151] loss: 0.53722
[  2, 19201] loss: 0.36621
[  2, 19251] loss: 0.34366
[  2, 19301] loss: 0.49482
[  2, 19351] loss: 0.38578
[  2, 19401] loss: 0.50537
[  2, 19451] loss: 0.46511
[  2, 19501] loss: 0.49714
[  2, 19551] loss: 0.40144
[  2, 19601] loss: 0.41776
[  2, 19651] loss: 0.42312
[  2, 19701] loss: 0.56419
[  2, 19751] loss: 0.44610
[  2, 19801] loss: 0.43678
[  2, 19851] loss: 0.39156
[  2, 19901] loss: 0.43548
[  2, 19951] loss: 0.37818
[  2, 20001] loss: 0.38419
[  2, 20051] loss: 0.40876
[  2, 20101] loss: 0.36833
[  2, 20151] loss: 0.46567
[  2, 20201] loss: 0.50494
[  2, 20251] loss: 0.49570
[  2, 20301] loss: 0.35777
[  2, 20351] loss: 0.40925
[  2, 20401] loss: 0.45396
[  2, 20451] loss: 0.37918
[  2, 20501] loss: 0.46478
[  2, 20551] loss: 0.36789
[  2, 20601] loss: 0.52109
[  2, 20651] loss: 0.37885
[  2, 20701] loss: 0.45744
[  2, 20751] loss: 0.47072
[  2, 20801] loss: 0.41627
[  2, 20851] loss: 0.36904
[  2, 20901] loss: 0.47238
[  2, 20951] loss: 0.40020
[  2, 21001] loss: 0.42549
[  2, 21051] loss: 0.36991
[  2, 21101] loss: 0.39635
[  2, 21151] loss: 0.50946
[  2, 21201] loss: 0.41729
[  2, 21251] loss: 0.36501
[  2, 21301] loss: 0.40533
[  2, 21351] loss: 0.53919
[  2, 21401] loss: 0.37757
[  2, 21451] loss: 0.49971
[  2, 21501] loss: 0.47005
[  2, 21551] loss: 0.52795
[  2, 21601] loss: 0.29242
[  2, 21651] loss: 0.38161
[  2, 21701] loss: 0.32247
[  2, 21751] loss: 0.46998
[  2, 21801] loss: 0.39574
[  2, 21851] loss: 0.47287
[  2, 21901] loss: 0.47208
[  2, 21951] loss: 0.37238
[  2, 22001] loss: 0.51311
[  2, 22051] loss: 0.57598
[  2, 22101] loss: 0.47594
[  2, 22151] loss: 0.42369
[  2, 22201] loss: 0.52489
[  2, 22251] loss: 0.46523
[  2, 22301] loss: 0.42798
[  2, 22351] loss: 0.42882
[  2, 22401] loss: 0.51996
[  2, 22451] loss: 0.47005
[  2, 22501] loss: 0.40667
[  2, 22551] loss: 0.52683
[  2, 22601] loss: 0.60638
[  2, 22651] loss: 0.37990
[  2, 22701] loss: 0.43199
[  2, 22751] loss: 0.48503
[  2, 22801] loss: 0.38244
[  2, 22851] loss: 0.41631
[  2, 22901] loss: 0.44038
[  2, 22951] loss: 0.48614
[  2, 23001] loss: 0.57992
[  2, 23051] loss: 0.45320
[  2, 23101] loss: 0.44764
[  2, 23151] loss: 0.49597
[  2, 23201] loss: 0.60139
[  2, 23251] loss: 0.43176
[  2, 23301] loss: 0.39983
[  2, 23351] loss: 0.40807
[  2, 23401] loss: 0.44252
[  2, 23451] loss: 0.54164
[  2, 23501] loss: 0.47550
[  2, 23551] loss: 0.61719
[  2, 23601] loss: 0.44945
[  2, 23651] loss: 0.39124
[  2, 23701] loss: 0.60965
[  2, 23751] loss: 0.54336
[  2, 23801] loss: 0.44719
[  2, 23851] loss: 0.48552
[  2, 23901] loss: 0.35789
[  2, 23951] loss: 0.43583
[  2, 24001] loss: 0.43916
[  2, 24051] loss: 0.47057
[  2, 24101] loss: 0.45529
[  2, 24151] loss: 0.57954
[  2, 24201] loss: 0.41315
[  2, 24251] loss: 0.44491
[  2, 24301] loss: 0.37011
[  2, 24351] loss: 0.40196
[  2, 24401] loss: 0.37859
[  2, 24451] loss: 0.38255
[  2, 24501] loss: 0.47434
[  2, 24551] loss: 0.48634
[  2, 24601] loss: 0.47004
[  2, 24651] loss: 0.39530
[  2, 24701] loss: 0.49647
[  2, 24751] loss: 0.43217
[  2, 24801] loss: 0.32750
[  2, 24851] loss: 0.59610
[  2, 24901] loss: 0.44667
[  2, 24951] loss: 0.47098
[  3,     1] loss: 0.59960
[  3,    51] loss: 0.33200
[  3,   101] loss: 0.41888
[  3,   151] loss: 0.39786
[  3,   201] loss: 0.42992
[  3,   251] loss: 0.35204
[  3,   301] loss: 0.38753
[  3,   351] loss: 0.40759
[  3,   401] loss: 0.49118
[  3,   451] loss: 0.53392
[  3,   501] loss: 0.41022
[  3,   551] loss: 0.41836
[  3,   601] loss: 0.42550
[  3,   651] loss: 0.55388
[  3,   701] loss: 0.54442
[  3,   751] loss: 0.40396
[  3,   801] loss: 0.35039
[  3,   851] loss: 0.38943
[  3,   901] loss: 0.30676
[  3,   951] loss: 0.53362
[  3,  1001] loss: 0.43246
[  3,  1051] loss: 0.37161
[  3,  1101] loss: 0.44961
[  3,  1151] loss: 0.31444
[  3,  1201] loss: 0.39170
[  3,  1251] loss: 0.28738
[  3,  1301] loss: 0.32581
[  3,  1351] loss: 0.38206
[  3,  1401] loss: 0.33215
[  3,  1451] loss: 0.45863
[  3,  1501] loss: 0.37296
[  3,  1551] loss: 0.36132
[  3,  1601] loss: 0.35840
[  3,  1651] loss: 0.40952
[  3,  1701] loss: 0.43854
[  3,  1751] loss: 0.35803
[  3,  1801] loss: 0.35204
[  3,  1851] loss: 0.33494
[  3,  1901] loss: 0.38694
[  3,  1951] loss: 0.51182
[  3,  2001] loss: 0.38796
[  3,  2051] loss: 0.41879
[  3,  2101] loss: 0.37255
[  3,  2151] loss: 0.34242
[  3,  2201] loss: 0.45252
[  3,  2251] loss: 0.37576
[  3,  2301] loss: 0.40605
[  3,  2351] loss: 0.36212
[  3,  2401] loss: 0.35724
[  3,  2451] loss: 0.28539
[  3,  2501] loss: 0.34916
[  3,  2551] loss: 0.31751
[  3,  2601] loss: 0.38789
[  3,  2651] loss: 0.43042
[  3,  2701] loss: 0.44238
[  3,  2751] loss: 0.37415
[  3,  2801] loss: 0.39333
[  3,  2851] loss: 0.50203
[  3,  2901] loss: 0.37252
[  3,  2951] loss: 0.34647
[  3,  3001] loss: 0.39737
[  3,  3051] loss: 0.44773
[  3,  3101] loss: 0.32524
[  3,  3151] loss: 0.36526
[  3,  3201] loss: 0.34522
[  3,  3251] loss: 0.45837
[  3,  3301] loss: 0.27265
[  3,  3351] loss: 0.40179
[  3,  3401] loss: 0.28956
[  3,  3451] loss: 0.33363
[  3,  3501] loss: 0.48987
[  3,  3551] loss: 0.31957
[  3,  3601] loss: 0.34198
[  3,  3651] loss: 0.30257
[  3,  3701] loss: 0.32181
[  3,  3751] loss: 0.30591
[  3,  3801] loss: 0.26562
[  3,  3851] loss: 0.37084
[  3,  3901] loss: 0.31051
[  3,  3951] loss: 0.33940
[  3,  4001] loss: 0.32834
[  3,  4051] loss: 0.33979
[  3,  4101] loss: 0.36945
[  3,  4151] loss: 0.24461
[  3,  4201] loss: 0.25718
[  3,  4251] loss: 0.30445
[  3,  4301] loss: 0.28518
[  3,  4351] loss: 0.29074
[  3,  4401] loss: 0.24251
[  3,  4451] loss: 0.27388
[  3,  4501] loss: 0.33355
[  3,  4551] loss: 0.26045
[  3,  4601] loss: 0.33633
[  3,  4651] loss: 0.23912
[  3,  4701] loss: 0.30717
[  3,  4751] loss: 0.28064
[  3,  4801] loss: 0.32855
[  3,  4851] loss: 0.27552
[  3,  4901] loss: 0.24331
[  3,  4951] loss: 0.20994
[  3,  5001] loss: 0.26849
[  3,  5051] loss: 0.44758
[  3,  5101] loss: 0.30724
[  3,  5151] loss: 0.34222
[  3,  5201] loss: 0.43487
[  3,  5251] loss: 0.44698
[  3,  5301] loss: 0.65817
[  3,  5351] loss: 0.32865
[  3,  5401] loss: 0.31400
[  3,  5451] loss: 0.33648
[  3,  5501] loss: 0.29252
[  3,  5551] loss: 0.48822
[  3,  5601] loss: 0.29266
[  3,  5651] loss: 0.36736
[  3,  5701] loss: 0.49948
[  3,  5751] loss: 0.46316
[  3,  5801] loss: 0.33594
[  3,  5851] loss: 0.34936
[  3,  5901] loss: 0.24893
[  3,  5951] loss: 0.35053
[  3,  6001] loss: 0.29396
[  3,  6051] loss: 0.28581
[  3,  6101] loss: 0.38007
[  3,  6151] loss: 0.35380
[  3,  6201] loss: 0.49549
[  3,  6251] loss: 0.37764
[  3,  6301] loss: 0.29703
[  3,  6351] loss: 0.27411
[  3,  6401] loss: 0.31796
[  3,  6451] loss: 0.33148
[  3,  6501] loss: 0.51839
[  3,  6551] loss: 0.27779
[  3,  6601] loss: 0.26331
[  3,  6651] loss: 0.49485
[  3,  6701] loss: 0.35271
[  3,  6751] loss: 0.32479
[  3,  6801] loss: 0.26538
[  3,  6851] loss: 0.31673
[  3,  6901] loss: 0.41167
[  3,  6951] loss: 0.29618
[  3,  7001] loss: 0.35548
[  3,  7051] loss: 0.27622
[  3,  7101] loss: 0.50470
[  3,  7151] loss: 0.43925
[  3,  7201] loss: 0.28379
[  3,  7251] loss: 0.27778
[  3,  7301] loss: 0.20914
[  3,  7351] loss: 0.42996
[  3,  7401] loss: 0.50004
[  3,  7451] loss: 0.49478
[  3,  7501] loss: 0.25911
[  3,  7551] loss: 0.29591
[  3,  7601] loss: 0.50008
[  3,  7651] loss: 0.34408
[  3,  7701] loss: 0.31570
[  3,  7751] loss: 0.24679
[  3,  7801] loss: 0.34662
[  3,  7851] loss: 0.35854
[  3,  7901] loss: 0.34045
[  3,  7951] loss: 0.32398
[  3,  8001] loss: 0.20316
[  3,  8051] loss: 0.35388
[  3,  8101] loss: 0.34963
[  3,  8151] loss: 0.32030
[  3,  8201] loss: 0.27706
[  3,  8251] loss: 0.32762
[  3,  8301] loss: 0.36816
[  3,  8351] loss: 0.48268
[  3,  8401] loss: 0.39518
[  3,  8451] loss: 0.36940
[  3,  8501] loss: 0.24626
[  3,  8551] loss: 0.30829
[  3,  8601] loss: 0.32751
[  3,  8651] loss: 0.28206
[  3,  8701] loss: 0.31506
[  3,  8751] loss: 0.28116
[  3,  8801] loss: 0.33744
[  3,  8851] loss: 0.36215
[  3,  8901] loss: 0.46524
[  3,  8951] loss: 0.30141
[  3,  9001] loss: 0.24093
[  3,  9051] loss: 0.28065
[  3,  9101] loss: 0.58547
[  3,  9151] loss: 0.55050
[  3,  9201] loss: 0.35570
[  3,  9251] loss: 0.34381
[  3,  9301] loss: 0.58525
[  3,  9351] loss: 0.34715
[  3,  9401] loss: 0.31038
[  3,  9451] loss: 0.26121
[  3,  9501] loss: 0.36757
[  3,  9551] loss: 0.36489
[  3,  9601] loss: 0.30637
[  3,  9651] loss: 0.22143
[  3,  9701] loss: 0.19986
[  3,  9751] loss: 0.33366
[  3,  9801] loss: 0.39140
[  3,  9851] loss: 0.39928
[  3,  9901] loss: 0.37905
[  3,  9951] loss: 0.31215
[  3, 10001] loss: 0.39443
[  3, 10051] loss: 0.28517
[  3, 10101] loss: 0.19634
[  3, 10151] loss: 0.24270
[  3, 10201] loss: 0.30228
[  3, 10251] loss: 0.38581
[  3, 10301] loss: 0.37527
[  3, 10351] loss: 0.32357
[  3, 10401] loss: 0.33278
[  3, 10451] loss: 0.49584
[  3, 10501] loss: 0.29553
[  3, 10551] loss: 0.16868
[  3, 10601] loss: 0.19752
[  3, 10651] loss: 0.28565
[  3, 10701] loss: 0.29527
[  3, 10751] loss: 0.27081
[  3, 10801] loss: 0.22748
[  3, 10851] loss: 0.21386
[  3, 10901] loss: 0.40852
[  3, 10951] loss: 0.27929
[  3, 11001] loss: 0.34250
[  3, 11051] loss: 0.30533
[  3, 11101] loss: 0.37873
[  3, 11151] loss: 0.27376
[  3, 11201] loss: 0.16509
[  3, 11251] loss: 0.23054
[  3, 11301] loss: 0.23903
[  3, 11351] loss: 0.30808
[  3, 11401] loss: 0.18712
[  3, 11451] loss: 0.31937
[  3, 11501] loss: 0.25822
[  3, 11551] loss: 0.37394
[  3, 11601] loss: 0.22648
[  3, 11651] loss: 0.26965
[  3, 11701] loss: 0.38868
[  3, 11751] loss: 0.37715
[  3, 11801] loss: 0.29127
[  3, 11851] loss: 0.17622
[  3, 11901] loss: 0.25110
[  3, 11951] loss: 0.38904
[  3, 12001] loss: 0.29188
[  3, 12051] loss: 0.23225
[  3, 12101] loss: 0.30061
[  3, 12151] loss: 0.29777
[  3, 12201] loss: 0.26327
[  3, 12251] loss: 0.25038
[  3, 12301] loss: 0.15239
[  3, 12351] loss: 0.31539
[  3, 12401] loss: 0.26550
[  3, 12451] loss: 0.32069
[  3, 12501] loss: 0.27495
[  3, 12551] loss: 0.21139
[  3, 12601] loss: 0.43778
[  3, 12651] loss: 0.27775
[  3, 12701] loss: 0.15036
[  3, 12751] loss: 0.30851
[  3, 12801] loss: 0.41804
[  3, 12851] loss: 0.42867
[  3, 12901] loss: 0.19824
[  3, 12951] loss: 0.32163
[  3, 13001] loss: 0.32226
[  3, 13051] loss: 0.40548
[  3, 13101] loss: 0.32761
[  3, 13151] loss: 0.17682
[  3, 13201] loss: 0.30588
[  3, 13251] loss: 0.23128
[  3, 13301] loss: 0.38548
[  3, 13351] loss: 0.36516
[  3, 13401] loss: 0.17613
[  3, 13451] loss: 0.38051
[  3, 13501] loss: 0.41309
[  3, 13551] loss: 0.48983
[  3, 13601] loss: 0.22095
[  3, 13651] loss: 0.40598
[  3, 13701] loss: 0.41640
[  3, 13751] loss: 0.43990
[  3, 13801] loss: 0.33357
[  3, 13851] loss: 0.25536
[  3, 13901] loss: 0.48974
[  3, 13951] loss: 0.54443
[  3, 14001] loss: 0.37244
[  3, 14051] loss: 0.24146
[  3, 14101] loss: 0.43968
[  3, 14151] loss: 0.62398
[  3, 14201] loss: 0.50801
[  3, 14251] loss: 0.31905
[  3, 14301] loss: 0.33545
[  3, 14351] loss: 0.30692
[  3, 14401] loss: 0.90435
[  3, 14451] loss: 0.54704
[  3, 14501] loss: 0.25573
[  3, 14551] loss: 0.35298
[  3, 14601] loss: 1.07999
[  3, 14651] loss: 0.72666
[  3, 14701] loss: 0.58149
[  3, 14751] loss: 0.22159
[  3, 14801] loss: 0.54504
[  3, 14851] loss: 1.09352
[  3, 14901] loss: 1.52472
[  3, 14951] loss: 0.52816
[  3, 15001] loss: 0.20811
[  3, 15051] loss: 0.55527
[  3, 15101] loss: 1.02798
[  3, 15151] loss: 1.62584
[  3, 15201] loss: 0.50277
[  3, 15251] loss: 0.25160
[  3, 15301] loss: 0.54535
[  3, 15351] loss: 1.06705
[  3, 15401] loss: 0.85160
[  3, 15451] loss: 1.09740
[  3, 15501] loss: 0.27889
[  3, 15551] loss: 0.48400
[  3, 15601] loss: 0.82018
[  3, 15651] loss: 0.71270
[  3, 15701] loss: 0.83475
[  3, 15751] loss: 0.20717
[  3, 15801] loss: 0.25159
[  3, 15851] loss: 0.49876
[  3, 15901] loss: 0.37041
[  3, 15951] loss: 0.73830
[  3, 16001] loss: 0.37629
[  3, 16051] loss: 0.25615
[  3, 16101] loss: 0.37677
[  3, 16151] loss: 0.54115
[  3, 16201] loss: 0.43376
[  3, 16251] loss: 0.30564
[  3, 16301] loss: 0.18753
[  3, 16351] loss: 0.44821
[  3, 16401] loss: 0.26791
[  3, 16451] loss: 0.51366
[  3, 16501] loss: 0.25634
[  3, 16551] loss: 0.24131
[  3, 16601] loss: 0.24267
[  3, 16651] loss: 0.35769
[  3, 16701] loss: 0.27870
[  3, 16751] loss: 0.25291
[  3, 16801] loss: 0.22528
[  3, 16851] loss: 0.50316
[  3, 16901] loss: 0.39327
[  3, 16951] loss: 0.20135
[  3, 17001] loss: 0.19805
[  3, 17051] loss: 0.18852
[  3, 17101] loss: 0.50835
[  3, 17151] loss: 0.29480
[  3, 17201] loss: 0.23301
[  3, 17251] loss: 0.29813
[  3, 17301] loss: 0.40947
[  3, 17351] loss: 0.32214
[  3, 17401] loss: 0.32985
[  3, 17451] loss: 0.29186
[  3, 17501] loss: 0.21429
[  3, 17551] loss: 0.36720
[  3, 17601] loss: 0.41015
[  3, 17651] loss: 0.20298
[  3, 17701] loss: 0.19726
[  3, 17751] loss: 0.22078
[  3, 17801] loss: 0.39442
[  3, 17851] loss: 0.31075
[  3, 17901] loss: 0.24395
[  3, 17951] loss: 0.23845
[  3, 18001] loss: 0.28263
[  3, 18051] loss: 0.42736
[  3, 18101] loss: 0.26135
[  3, 18151] loss: 0.13195
[  3, 18201] loss: 0.26148
[  3, 18251] loss: 0.29224
[  3, 18301] loss: 0.40898
[  3, 18351] loss: 0.19110
[  3, 18401] loss: 0.18424
[  3, 18451] loss: 0.24525
[  3, 18501] loss: 0.38596
[  3, 18551] loss: 0.33911
[  3, 18601] loss: 0.22019
[  3, 18651] loss: 0.27169
[  3, 18701] loss: 0.47241
[  3, 18751] loss: 0.55742
[  3, 18801] loss: 0.23112
[  3, 18851] loss: 0.36240
[  3, 18901] loss: 0.48901
[  3, 18951] loss: 0.61099
[  3, 19001] loss: 0.38746
[  3, 19051] loss: 0.22211
[  3, 19101] loss: 0.71396
[  3, 19151] loss: 0.70771
[  3, 19201] loss: 0.38475
[  3, 19251] loss: 0.19190
[  3, 19301] loss: 0.30876
[  3, 19351] loss: 0.62414
[  3, 19401] loss: 0.57691
[  3, 19451] loss: 0.22423
[  3, 19501] loss: 0.19385
[  3, 19551] loss: 0.23518
[  3, 19601] loss: 0.63642
[  3, 19651] loss: 0.76550
[  3, 19701] loss: 0.22098
[  3, 19751] loss: 0.24109
[  3, 19801] loss: 0.33397
[  3, 19851] loss: 0.73006
[  3, 19901] loss: 0.51516
[  3, 19951] loss: 0.18800
[  3, 20001] loss: 0.20138
[  3, 20051] loss: 0.29411
[  3, 20101] loss: 0.19928
[  3, 20151] loss: 0.51396
[  3, 20201] loss: 0.21165
[  3, 20251] loss: 0.20613
[  3, 20301] loss: 0.24790
[  3, 20351] loss: 0.23988
[  3, 20401] loss: 0.38684
[  3, 20451] loss: 0.21339
[  3, 20501] loss: 0.29149
[  3, 20551] loss: 0.21589
[  3, 20601] loss: 0.23725
[  3, 20651] loss: 0.23041
[  3, 20701] loss: 0.18074
[  3, 20751] loss: 0.27716
[  3, 20801] loss: 0.20663
[  3, 20851] loss: 0.16761
[  3, 20901] loss: 0.23992
[  3, 20951] loss: 0.14539
[  3, 21001] loss: 0.18428
[  3, 21051] loss: 0.15151
[  3, 21101] loss: 0.20819
[  3, 21151] loss: 0.26039
[  3, 21201] loss: 0.19289
[  3, 21251] loss: 0.15735
[  3, 21301] loss: 0.14357
[  3, 21351] loss: 0.26396
[  3, 21401] loss: 0.19002
[  3, 21451] loss: 0.35801
[  3, 21501] loss: 0.31940
[  3, 21551] loss: 0.18716
[  3, 21601] loss: 0.18341
[  3, 21651] loss: 0.22278
[  3, 21701] loss: 0.24221
[  3, 21751] loss: 0.21003
[  3, 21801] loss: 0.20050
[  3, 21851] loss: 0.26483
[  3, 21901] loss: 0.31865
[  3, 21951] loss: 0.33059
[  3, 22001] loss: 0.16646
[  3, 22051] loss: 0.28518
[  3, 22101] loss: 0.56493
[  3, 22151] loss: 0.29943
[  3, 22201] loss: 0.23482
[  3, 22251] loss: 0.22372
[  3, 22301] loss: 0.31659
[  3, 22351] loss: 0.35119
[  3, 22401] loss: 0.28323
[  3, 22451] loss: 0.23562
[  3, 22501] loss: 0.20966
[  3, 22551] loss: 0.32224
[  3, 22601] loss: 0.47880
[  3, 22651] loss: 0.17689
[  3, 22701] loss: 0.20867
[  3, 22751] loss: 0.42934
[  3, 22801] loss: 0.19368
[  3, 22851] loss: 0.22402
[  3, 22901] loss: 0.21571
[  3, 22951] loss: 0.25848
[  3, 23001] loss: 0.30591
[  3, 23051] loss: 0.30265
[  3, 23101] loss: 0.31162
[  3, 23151] loss: 0.19179
[  3, 23201] loss: 0.30241
[  3, 23251] loss: 0.33579
[  3, 23301] loss: 0.15905
[  3, 23351] loss: 0.14465
[  3, 23401] loss: 0.27171
[  3, 23451] loss: 0.51928
[  3, 23501] loss: 0.24938
[  3, 23551] loss: 0.20803
[  3, 23601] loss: 0.57072
[  3, 23651] loss: 0.46419
[  3, 23701] loss: 0.24886
[  3, 23751] loss: 0.26790
[  3, 23801] loss: 0.43996
[  3, 23851] loss: 0.54695
[  3, 23901] loss: 0.34437
[  3, 23951] loss: 0.16188
[  3, 24001] loss: 0.26700
[  3, 24051] loss: 0.71074
[  3, 24101] loss: 0.55334
[  3, 24151] loss: 0.32493
[  3, 24201] loss: 0.21496
[  3, 24251] loss: 0.71219
[  3, 24301] loss: 0.90186
[  3, 24351] loss: 0.49270
[  3, 24401] loss: 0.13642
[  3, 24451] loss: 0.40680
[  3, 24501] loss: 1.02050
[  3, 24551] loss: 1.18288
[  3, 24601] loss: 0.54718
[  3, 24651] loss: 0.24871
[  3, 24701] loss: 0.75751
[  3, 24751] loss: 1.09713
[  3, 24801] loss: 0.65899
[  3, 24851] loss: 0.35228
[  3, 24901] loss: 0.23345
[  3, 24951] loss: 0.58485
[  4,     1] loss: 0.66938
[  4,    51] loss: 0.89979
[  4,   101] loss: 0.30191
[  4,   151] loss: 0.18253
[  4,   201] loss: 0.43765
[  4,   251] loss: 0.63109
[  4,   301] loss: 0.72346
[  4,   351] loss: 0.54650
[  4,   401] loss: 0.20046
[  4,   451] loss: 0.27321
[  4,   501] loss: 0.75843
[  4,   551] loss: 0.99601
[  4,   601] loss: 0.96693
[  4,   651] loss: 0.39364
[  4,   701] loss: 0.28339
[  4,   751] loss: 0.82921
[  4,   801] loss: 0.92381
[  4,   851] loss: 1.23729
[  4,   901] loss: 0.36554
[  4,   951] loss: 0.31686
[  4,  1001] loss: 0.56329
[  4,  1051] loss: 1.35802
[  4,  1101] loss: 0.91325
[  4,  1151] loss: 0.21392
[  4,  1201] loss: 0.19642
[  4,  1251] loss: 0.35556
[  4,  1301] loss: 0.53813
[  4,  1351] loss: 0.59209
[  4,  1401] loss: 0.26235
[  4,  1451] loss: 0.19493
[  4,  1501] loss: 0.31183
[  4,  1551] loss: 0.41890
[  4,  1601] loss: 0.41294
[  4,  1651] loss: 0.28381
[  4,  1701] loss: 0.22345
[  4,  1751] loss: 0.22713
[  4,  1801] loss: 0.29784
[  4,  1851] loss: 0.43526
[  4,  1901] loss: 0.42354
[  4,  1951] loss: 0.27765
[  4,  2001] loss: 0.20544
[  4,  2051] loss: 0.40859
[  4,  2101] loss: 0.44909
[  4,  2151] loss: 0.23137
[  4,  2201] loss: 0.32834
[  4,  2251] loss: 0.16825
[  4,  2301] loss: 0.27536
[  4,  2351] loss: 0.35119
[  4,  2401] loss: 0.28348
[  4,  2451] loss: 0.17188
[  4,  2501] loss: 0.28086
[  4,  2551] loss: 0.11205
[  4,  2601] loss: 0.19667
[  4,  2651] loss: 0.20393
[  4,  2701] loss: 0.44314
[  4,  2751] loss: 0.33715
[  4,  2801] loss: 0.27071
[  4,  2851] loss: 0.16364
[  4,  2901] loss: 0.31120
[  4,  2951] loss: 0.61119
[  4,  3001] loss: 0.83441
[  4,  3051] loss: 0.42204
[  4,  3101] loss: 0.12624
[  4,  3151] loss: 0.32050
[  4,  3201] loss: 0.99916
[  4,  3251] loss: 0.87374
[  4,  3301] loss: 0.58944
[  4,  3351] loss: 0.12647
[  4,  3401] loss: 0.19248
[  4,  3451] loss: 0.75913
[  4,  3501] loss: 0.89283
[  4,  3551] loss: 0.49644
[  4,  3601] loss: 0.17526
[  4,  3651] loss: 0.13171
[  4,  3701] loss: 0.55105
[  4,  3751] loss: 0.47556
[  4,  3801] loss: 0.38732
[  4,  3851] loss: 0.25653
[  4,  3901] loss: 0.16036
[  4,  3951] loss: 0.30317
[  4,  4001] loss: 0.23036
[  4,  4051] loss: 0.19676
[  4,  4101] loss: 0.20614
[  4,  4151] loss: 0.12052
[  4,  4201] loss: 0.12182
[  4,  4251] loss: 0.18163
[  4,  4301] loss: 0.17120
[  4,  4351] loss: 0.15104
[  4,  4401] loss: 0.16052
[  4,  4451] loss: 0.11238
[  4,  4501] loss: 0.11422
[  4,  4551] loss: 0.14231
[  4,  4601] loss: 0.17177
[  4,  4651] loss: 0.14968
[  4,  4701] loss: 0.15631
[  4,  4751] loss: 0.11467
[  4,  4801] loss: 0.15961
[  4,  4851] loss: 0.11353
[  4,  4901] loss: 0.11585
[  4,  4951] loss: 0.14693
[  4,  5001] loss: 0.09177
[  4,  5051] loss: 0.25549
[  4,  5101] loss: 0.24657
[  4,  5151] loss: 0.50653
[  4,  5201] loss: 0.31078
[  4,  5251] loss: 0.10022
[  4,  5301] loss: 0.34201
[  4,  5351] loss: 0.48110
[  4,  5401] loss: 0.82127
[  4,  5451] loss: 0.56731
[  4,  5501] loss: 0.17584
[  4,  5551] loss: 0.23273
[  4,  5601] loss: 0.61445
[  4,  5651] loss: 1.05745
[  4,  5701] loss: 0.61398
[  4,  5751] loss: 0.28891
[  4,  5801] loss: 0.20913
[  4,  5851] loss: 0.77001
[  4,  5901] loss: 1.05264
[  4,  5951] loss: 0.68812
[  4,  6001] loss: 0.28025
[  4,  6051] loss: 0.17934
[  4,  6101] loss: 0.73379
[  4,  6151] loss: 1.25627
[  4,  6201] loss: 0.60156
[  4,  6251] loss: 0.34417
[  4,  6301] loss: 0.29520
[  4,  6351] loss: 0.69606
[  4,  6401] loss: 1.01817
[  4,  6451] loss: 0.81117
[  4,  6501] loss: 0.25167
[  4,  6551] loss: 0.15327
[  4,  6601] loss: 0.95577
[  4,  6651] loss: 0.75564
[  4,  6701] loss: 0.55966
[  4,  6751] loss: 0.10180
[  4,  6801] loss: 0.20305
[  4,  6851] loss: 0.59015
[  4,  6901] loss: 0.72144
[  4,  6951] loss: 0.37976
[  4,  7001] loss: 0.15671
[  4,  7051] loss: 0.21127
[  4,  7101] loss: 0.43992
[  4,  7151] loss: 0.23272
[  4,  7201] loss: 0.33050
[  4,  7251] loss: 0.14339
[  4,  7301] loss: 0.25083
[  4,  7351] loss: 0.30781
[  4,  7401] loss: 0.24870
[  4,  7451] loss: 0.14915
[  4,  7501] loss: 0.24505
[  4,  7551] loss: 0.29450
[  4,  7601] loss: 0.32715
[  4,  7651] loss: 0.24712
[  4,  7701] loss: 0.14962
[  4,  7751] loss: 0.32252
[  4,  7801] loss: 0.54493
[  4,  7851] loss: 0.28869
[  4,  7901] loss: 0.13830
[  4,  7951] loss: 0.13027
[  4,  8001] loss: 0.27814
[  4,  8051] loss: 0.36400
[  4,  8101] loss: 0.22402
[  4,  8151] loss: 0.26872
[  4,  8201] loss: 0.17795
[  4,  8251] loss: 0.41065
[  4,  8301] loss: 0.59745
[  4,  8351] loss: 0.46804
[  4,  8401] loss: 0.20184
[  4,  8451] loss: 0.32570
[  4,  8501] loss: 0.52631
[  4,  8551] loss: 0.60564
[  4,  8601] loss: 0.52145
[  4,  8651] loss: 0.16073
[  4,  8701] loss: 0.10475
[  4,  8751] loss: 0.43993
[  4,  8801] loss: 0.72926
[  4,  8851] loss: 0.47203
[  4,  8901] loss: 0.20177
[  4,  8951] loss: 0.16971
[  4,  9001] loss: 0.47539
[  4,  9051] loss: 0.59725
[  4,  9101] loss: 0.37771
[  4,  9151] loss: 0.33212
[  4,  9201] loss: 0.25512
[  4,  9251] loss: 0.47643
[  4,  9301] loss: 0.68663
[  4,  9351] loss: 0.42221
[  4,  9401] loss: 0.20512
[  4,  9451] loss: 0.13227
[  4,  9501] loss: 0.38898
[  4,  9551] loss: 0.37674
[  4,  9601] loss: 0.30122
[  4,  9651] loss: 0.10501
[  4,  9701] loss: 0.22794
[  4,  9751] loss: 0.23666
[  4,  9801] loss: 0.26605
[  4,  9851] loss: 0.19935
[  4,  9901] loss: 0.14353
[  4,  9951] loss: 0.24348
[  4, 10001] loss: 0.20407
[  4, 10051] loss: 0.16701
[  4, 10101] loss: 0.08701
[  4, 10151] loss: 0.12540
[  4, 10201] loss: 0.07917
[  4, 10251] loss: 0.11254
[  4, 10301] loss: 0.19376
[  4, 10351] loss: 0.23554
[  4, 10401] loss: 0.18600
[  4, 10451] loss: 0.16887
[  4, 10501] loss: 0.17199
[  4, 10551] loss: 0.13756
[  4, 10601] loss: 0.28153
[  4, 10651] loss: 0.35422
[  4, 10701] loss: 0.30641
[  4, 10751] loss: 0.11002
[  4, 10801] loss: 0.21480
[  4, 10851] loss: 0.46820
[  4, 10901] loss: 0.35064
[  4, 10951] loss: 0.15860
[  4, 11001] loss: 0.11259
[  4, 11051] loss: 0.18207
[  4, 11101] loss: 0.38171
[  4, 11151] loss: 0.26713
[  4, 11201] loss: 0.15512
[  4, 11251] loss: 0.06865
[  4, 11301] loss: 0.13295
[  4, 11351] loss: 0.11207
[  4, 11401] loss: 0.09580
[  4, 11451] loss: 0.15955
[  4, 11501] loss: 0.09078
[  4, 11551] loss: 0.13799
[  4, 11601] loss: 0.15890
[  4, 11651] loss: 0.22298
[  4, 11701] loss: 0.08452
[  4, 11751] loss: 0.18501
[  4, 11801] loss: 0.21969
[  4, 11851] loss: 0.29957
[  4, 11901] loss: 0.34971
[  4, 11951] loss: 0.27151
[  4, 12001] loss: 0.10831
[  4, 12051] loss: 0.30070
[  4, 12101] loss: 0.39652
[  4, 12151] loss: 0.39169
[  4, 12201] loss: 0.28864
[  4, 12251] loss: 0.08297
[  4, 12301] loss: 0.22682
[  4, 12351] loss: 0.30524
[  4, 12401] loss: 0.63228
[  4, 12451] loss: 0.34476
[  4, 12501] loss: 0.18872
[  4, 12551] loss: 0.24756
[  4, 12601] loss: 0.42700
[  4, 12651] loss: 0.24775
[  4, 12701] loss: 0.12365
[  4, 12751] loss: 0.10830
[  4, 12801] loss: 0.10444
[  4, 12851] loss: 0.22455
[  4, 12901] loss: 0.15324
[  4, 12951] loss: 0.12685
[  4, 13001] loss: 0.13595
[  4, 13051] loss: 0.06568
[  4, 13101] loss: 0.13009
[  4, 13151] loss: 0.27824
[  4, 13201] loss: 0.37614
[  4, 13251] loss: 0.19605
[  4, 13301] loss: 0.07877
[  4, 13351] loss: 0.17325
[  4, 13401] loss: 0.65867
[  4, 13451] loss: 0.65172
[  4, 13501] loss: 0.24338
[  4, 13551] loss: 0.09729
[  4, 13601] loss: 0.25140
[  4, 13651] loss: 0.51980
[  4, 13701] loss: 0.55735
[  4, 13751] loss: 0.41490
[  4, 13801] loss: 0.05474
[  4, 13851] loss: 0.27904
[  4, 13901] loss: 0.33589
[  4, 13951] loss: 0.48289
[  4, 14001] loss: 0.24100
[  4, 14051] loss: 0.11454
[  4, 14101] loss: 0.18955
[  4, 14151] loss: 0.24118
[  4, 14201] loss: 0.14068
[  4, 14251] loss: 0.07251
[  4, 14301] loss: 0.16578
[  4, 14351] loss: 0.36842
[  4, 14401] loss: 0.10462
[  4, 14451] loss: 0.07985
[  4, 14501] loss: 0.33143
[  4, 14551] loss: 0.31998
[  4, 14601] loss: 0.31408
[  4, 14651] loss: 0.06514
[  4, 14701] loss: 0.13594
[  4, 14751] loss: 0.67520
[  4, 14801] loss: 0.92719
[  4, 14851] loss: 0.29025
[  4, 14901] loss: 0.11052
[  4, 14951] loss: 0.13901
[  4, 15001] loss: 1.07350
[  4, 15051] loss: 1.16206
[  4, 15101] loss: 0.69304
[  4, 15151] loss: 0.08745
[  4, 15201] loss: 0.07163
[  4, 15251] loss: 0.76568
[  4, 15301] loss: 1.44605
[  4, 15351] loss: 1.31739
[  4, 15401] loss: 0.64581
[  4, 15451] loss: 0.06983
[  4, 15501] loss: 0.45570
[  4, 15551] loss: 1.10188
[  4, 15601] loss: 0.95779
[  4, 15651] loss: 0.62692
[  4, 15701] loss: 0.13062
[  4, 15751] loss: 0.09554
[  4, 15801] loss: 0.26626
[  4, 15851] loss: 0.63446
[  4, 15901] loss: 1.67857
[  4, 15951] loss: 0.87053
[  4, 16001] loss: 0.19730
[  4, 16051] loss: 0.31366
[  4, 16101] loss: 0.48256
[  4, 16151] loss: 1.00180
[  4, 16201] loss: 0.40088
[  4, 16251] loss: 0.44337
[  4, 16301] loss: 0.11044
[  4, 16351] loss: 0.26078
[  4, 16401] loss: 0.27761
[  4, 16451] loss: 0.31644
[  4, 16501] loss: 0.28521
[  4, 16551] loss: 0.20544
[  4, 16601] loss: 0.05904
[  4, 16651] loss: 0.10514
[  4, 16701] loss: 0.16527
[  4, 16751] loss: 0.12093
[  4, 16801] loss: 0.14840
[  4, 16851] loss: 0.23446
[  4, 16901] loss: 0.12242
[  4, 16951] loss: 0.07588
[  4, 17001] loss: 0.05229
[  4, 17051] loss: 0.06208
[  4, 17101] loss: 0.14524
[  4, 17151] loss: 0.11395
[  4, 17201] loss: 0.14938
[  4, 17251] loss: 0.13275
[  4, 17301] loss: 0.23582
[  4, 17351] loss: 0.05404
[  4, 17401] loss: 0.16878
[  4, 17451] loss: 0.36213
[  4, 17501] loss: 0.35158
[  4, 17551] loss: 0.21989
[  4, 17601] loss: 0.16234
[  4, 17651] loss: 0.13544
[  4, 17701] loss: 0.35588
[  4, 17751] loss: 0.29715
[  4, 17801] loss: 0.30911
[  4, 17851] loss: 0.08212
[  4, 17901] loss: 0.10481
[  4, 17951] loss: 0.37334
[  4, 18001] loss: 0.24100
[  4, 18051] loss: 0.22591
[  4, 18101] loss: 0.35575
[  4, 18151] loss: 0.06685
[  4, 18201] loss: 0.13149
[  4, 18251] loss: 0.12198
[  4, 18301] loss: 0.34970
[  4, 18351] loss: 0.16330
[  4, 18401] loss: 0.05677
[  4, 18451] loss: 0.08849
[  4, 18501] loss: 0.08903
[  4, 18551] loss: 0.12434
[  4, 18601] loss: 0.21495
[  4, 18651] loss: 0.04794
[  4, 18701] loss: 0.10845
[  4, 18751] loss: 0.16197
[  4, 18801] loss: 0.10036
[  4, 18851] loss: 0.11135
[  4, 18901] loss: 0.07721
[  4, 18951] loss: 0.07603
[  4, 19001] loss: 0.09626
[  4, 19051] loss: 0.32791
[  4, 19101] loss: 0.27885
[  4, 19151] loss: 0.11457
[  4, 19201] loss: 0.04881
[  4, 19251] loss: 0.14857
[  4, 19301] loss: 0.35362
[  4, 19351] loss: 0.23828
[  4, 19401] loss: 0.34260
[  4, 19451] loss: 0.08879
[  4, 19501] loss: 0.09474
[  4, 19551] loss: 0.26527
[  4, 19601] loss: 0.22127
[  4, 19651] loss: 0.28835
[  4, 19701] loss: 0.17033
[  4, 19751] loss: 0.09877
[  4, 19801] loss: 0.20918
[  4, 19851] loss: 0.20519
[  4, 19901] loss: 0.16207
[  4, 19951] loss: 0.11491
[  4, 20001] loss: 0.10634
[  4, 20051] loss: 0.14892
[  4, 20101] loss: 0.21904
[  4, 20151] loss: 0.04370
[  4, 20201] loss: 0.12572
[  4, 20251] loss: 0.19110
[  4, 20301] loss: 0.13308
[  4, 20351] loss: 0.36994
[  4, 20401] loss: 0.13355
[  4, 20451] loss: 0.05934
[  4, 20501] loss: 0.16585
[  4, 20551] loss: 0.21464
[  4, 20601] loss: 0.34928
[  4, 20651] loss: 0.22570
[  4, 20701] loss: 0.10698
[  4, 20751] loss: 0.09021
[  4, 20801] loss: 0.11257
[  4, 20851] loss: 0.10363
[  4, 20901] loss: 0.23253
[  4, 20951] loss: 0.14528
[  4, 21001] loss: 0.08594
[  4, 21051] loss: 0.07459
[  4, 21101] loss: 0.10165
[  4, 21151] loss: 0.10274
[  4, 21201] loss: 0.08703
[  4, 21251] loss: 0.12297
[  4, 21301] loss: 0.06838
[  4, 21351] loss: 0.10046
[  4, 21401] loss: 0.06482
[  4, 21451] loss: 0.12783
[  4, 21501] loss: 0.05941
[  4, 21551] loss: 0.12241
[  4, 21601] loss: 0.10990
[  4, 21651] loss: 0.06692
[  4, 21701] loss: 0.07583
[  4, 21751] loss: 0.12204
[  4, 21801] loss: 0.14290
[  4, 21851] loss: 0.12832
[  4, 21901] loss: 0.10490
[  4, 21951] loss: 0.03472
[  4, 22001] loss: 0.08961
[  4, 22051] loss: 0.23477
[  4, 22101] loss: 0.21034
[  4, 22151] loss: 0.04455
[  4, 22201] loss: 0.07953
[  4, 22251] loss: 0.18832
[  4, 22301] loss: 0.25119
[  4, 22351] loss: 0.15672
[  4, 22401] loss: 0.13623
[  4, 22451] loss: 0.05294
[  4, 22501] loss: 0.17069
[  4, 22551] loss: 0.17609
[  4, 22601] loss: 0.25515
[  4, 22651] loss: 0.08613
[  4, 22701] loss: 0.06158
[  4, 22751] loss: 0.11207
[  4, 22801] loss: 0.07641
[  4, 22851] loss: 0.09460
[  4, 22901] loss: 0.10018
[  4, 22951] loss: 0.07618
[  4, 23001] loss: 0.15704
[  4, 23051] loss: 0.11486
[  4, 23101] loss: 0.10634
[  4, 23151] loss: 0.10578
[  4, 23201] loss: 0.25590
[  4, 23251] loss: 0.11173
[  4, 23301] loss: 0.04657
[  4, 23351] loss: 0.11189
[  4, 23401] loss: 0.09697
[  4, 23451] loss: 0.12166
[  4, 23501] loss: 0.06802
[  4, 23551] loss: 0.06418
[  4, 23601] loss: 0.06993
[  4, 23651] loss: 0.07633
[  4, 23701] loss: 0.06000
[  4, 23751] loss: 0.21456
[  4, 23801] loss: 0.07771
[  4, 23851] loss: 0.04416
[  4, 23901] loss: 0.06557
[  4, 23951] loss: 0.19095
[  4, 24001] loss: 0.42783
[  4, 24051] loss: 0.19292
[  4, 24101] loss: 0.05565
[  4, 24151] loss: 0.12296
[  4, 24201] loss: 0.41228
[  4, 24251] loss: 0.37683
[  4, 24301] loss: 0.14465
[  4, 24351] loss: 0.11207
[  4, 24401] loss: 0.19973
[  4, 24451] loss: 0.33597
[  4, 24501] loss: 0.30743
[  4, 24551] loss: 0.16472
[  4, 24601] loss: 0.07138
[  4, 24651] loss: 0.35315
[  4, 24701] loss: 0.41442
[  4, 24751] loss: 0.38608
[  4, 24801] loss: 0.06023
[  4, 24851] loss: 0.06128
[  4, 24901] loss: 0.34991
[  4, 24951] loss: 0.47073
[  5,     1] loss: 0.32252
[  5,    51] loss: 0.04462
[  5,   101] loss: 0.08163
[  5,   151] loss: 0.10445
[  5,   201] loss: 0.45736
[  5,   251] loss: 0.20665
[  5,   301] loss: 0.08436
[  5,   351] loss: 0.03592
[  5,   401] loss: 0.08796
[  5,   451] loss: 0.22635
[  5,   501] loss: 0.31137
[  5,   551] loss: 0.19520
[  5,   601] loss: 0.08434
[  5,   651] loss: 0.18760
[  5,   701] loss: 0.31787
[  5,   751] loss: 0.44182
[  5,   801] loss: 0.13978
[  5,   851] loss: 0.09503
[  5,   901] loss: 0.09064
[  5,   951] loss: 0.32318
[  5,  1001] loss: 0.44622
[  5,  1051] loss: 0.18746
[  5,  1101] loss: 0.06965
[  5,  1151] loss: 0.03904
[  5,  1201] loss: 0.21210
[  5,  1251] loss: 0.49782
[  5,  1301] loss: 0.25936
[  5,  1351] loss: 0.22132
[  5,  1401] loss: 0.08403
[  5,  1451] loss: 0.12919
[  5,  1501] loss: 0.20703
[  5,  1551] loss: 0.28607
[  5,  1601] loss: 0.22816
[  5,  1651] loss: 0.15179
[  5,  1701] loss: 0.10058
[  5,  1751] loss: 0.17604
[  5,  1801] loss: 0.12619
[  5,  1851] loss: 0.08196
[  5,  1901] loss: 0.04806
[  5,  1951] loss: 0.06140
[  5,  2001] loss: 0.08575
[  5,  2051] loss: 0.06044
[  5,  2101] loss: 0.03911
[  5,  2151] loss: 0.05899
[  5,  2201] loss: 0.06526
[  5,  2251] loss: 0.07410
[  5,  2301] loss: 0.13185
[  5,  2351] loss: 0.08907
[  5,  2401] loss: 0.05404
[  5,  2451] loss: 0.03425
[  5,  2501] loss: 0.17885
[  5,  2551] loss: 0.10811
[  5,  2601] loss: 0.28789
[  5,  2651] loss: 0.20555
[  5,  2701] loss: 0.06855
[  5,  2751] loss: 0.08328
[  5,  2801] loss: 0.15768
[  5,  2851] loss: 0.66998
[  5,  2901] loss: 0.27608
[  5,  2951] loss: 0.17653
[  5,  3001] loss: 0.06255
[  5,  3051] loss: 0.20450
[  5,  3101] loss: 0.69899
[  5,  3151] loss: 0.62420
[  5,  3201] loss: 0.27830
[  5,  3251] loss: 0.08732
[  5,  3301] loss: 0.04529
[  5,  3351] loss: 0.30895
[  5,  3401] loss: 0.77683
[  5,  3451] loss: 0.71364
[  5,  3501] loss: 0.32687
[  5,  3551] loss: 0.09502
[  5,  3601] loss: 0.08165
[  5,  3651] loss: 0.35054
[  5,  3701] loss: 0.64757
[  5,  3751] loss: 0.65228
[  5,  3801] loss: 0.35521
[  5,  3851] loss: 0.07708
[  5,  3901] loss: 0.05137
[  5,  3951] loss: 0.25078
[  5,  4001] loss: 0.62621
[  5,  4051] loss: 0.46553
[  5,  4101] loss: 0.30606
[  5,  4151] loss: 0.04448
[  5,  4201] loss: 0.08133
[  5,  4251] loss: 0.35870
[  5,  4301] loss: 0.56695
[  5,  4351] loss: 0.16265
[  5,  4401] loss: 0.12945
[  5,  4451] loss: 0.08534
[  5,  4501] loss: 0.05629
[  5,  4551] loss: 0.14841
[  5,  4601] loss: 0.22988
[  5,  4651] loss: 0.27360
[  5,  4701] loss: 0.27213
[  5,  4751] loss: 0.09307
[  5,  4801] loss: 0.04915
[  5,  4851] loss: 0.15428
[  5,  4901] loss: 0.14110
[  5,  4951] loss: 0.42108
[  5,  5001] loss: 0.28106
[  5,  5051] loss: 0.11173
[  5,  5101] loss: 0.03302
[  5,  5151] loss: 0.12651
[  5,  5201] loss: 0.22878
[  5,  5251] loss: 0.57144
[  5,  5301] loss: 0.71523
[  5,  5351] loss: 0.24643
[  5,  5401] loss: 0.04054
[  5,  5451] loss: 0.07987
[  5,  5501] loss: 0.62128
[  5,  5551] loss: 0.66729
[  5,  5601] loss: 0.42320
[  5,  5651] loss: 0.11108
[  5,  5701] loss: 0.01437
[  5,  5751] loss: 0.09146
[  5,  5801] loss: 0.38311
[  5,  5851] loss: 0.46036
[  5,  5901] loss: 0.22086
[  5,  5951] loss: 0.18482
[  5,  6001] loss: 0.06639
[  5,  6051] loss: 0.08648
[  5,  6101] loss: 0.13672
[  5,  6151] loss: 0.07861
[  5,  6201] loss: 0.11066
[  5,  6251] loss: 0.08930
[  5,  6301] loss: 0.08248
[  5,  6351] loss: 0.03965
[  5,  6401] loss: 0.10736
[  5,  6451] loss: 0.02319
[  5,  6501] loss: 0.02636
[  5,  6551] loss: 0.05461
[  5,  6601] loss: 0.01704
[  5,  6651] loss: 0.01747
[  5,  6701] loss: 0.02341
[  5,  6751] loss: 0.05782
[  5,  6801] loss: 0.13465
[  5,  6851] loss: 0.03810
[  5,  6901] loss: 0.03050
[  5,  6951] loss: 0.02951
[  5,  7001] loss: 0.04222
[  5,  7051] loss: 0.05079
[  5,  7101] loss: 0.07622
[  5,  7151] loss: 0.04761
[  5,  7201] loss: 0.06801
[  5,  7251] loss: 0.18949
[  5,  7301] loss: 0.03286
[  5,  7351] loss: 0.03219
[  5,  7401] loss: 0.05765
[  5,  7451] loss: 0.08883
[  5,  7501] loss: 0.06388
[  5,  7551] loss: 0.04131
[  5,  7601] loss: 0.02787
[  5,  7651] loss: 0.13252
[  5,  7701] loss: 0.06805
[  5,  7751] loss: 0.02176
[  5,  7801] loss: 0.01544
[  5,  7851] loss: 0.03556
[  5,  7901] loss: 0.06277
[  5,  7951] loss: 0.11752
[  5,  8001] loss: 0.10231
[  5,  8051] loss: 0.09217
[  5,  8101] loss: 0.03129
[  5,  8151] loss: 0.03278
[  5,  8201] loss: 0.04612
[  5,  8251] loss: 0.07481
[  5,  8301] loss: 0.07372
[  5,  8351] loss: 0.13655
[  5,  8401] loss: 0.04638
[  5,  8451] loss: 0.15040
[  5,  8501] loss: 0.03994
[  5,  8551] loss: 0.04316
[  5,  8601] loss: 0.02121
[  5,  8651] loss: 0.02596
[  5,  8701] loss: 0.05290
[  5,  8751] loss: 0.11646
[  5,  8801] loss: 0.11837
[  5,  8851] loss: 0.02259
[  5,  8901] loss: 0.05616
[  5,  8951] loss: 0.06637
[  5,  9001] loss: 0.04094
[  5,  9051] loss: 0.04901
[  5,  9101] loss: 0.02652
[  5,  9151] loss: 0.17234
[  5,  9201] loss: 0.03093
[  5,  9251] loss: 0.05648
[  5,  9301] loss: 0.04531
[  5,  9351] loss: 0.04548
[  5,  9401] loss: 0.01993
[  5,  9451] loss: 0.03758
[  5,  9501] loss: 0.01745
[  5,  9551] loss: 0.02264
[  5,  9601] loss: 0.03484
[  5,  9651] loss: 0.06196
[  5,  9701] loss: 0.04748
[  5,  9751] loss: 0.03583
[  5,  9801] loss: 0.03962
[  5,  9851] loss: 0.06888
[  5,  9901] loss: 0.05559
[  5,  9951] loss: 0.05110
[  5, 10001] loss: 0.05818
[  5, 10051] loss: 0.07750
[  5, 10101] loss: 0.05481
[  5, 10151] loss: 0.07512
[  5, 10201] loss: 0.02640
[  5, 10251] loss: 0.05915
[  5, 10301] loss: 0.05862
[  5, 10351] loss: 0.05500
[  5, 10401] loss: 0.06767
[  5, 10451] loss: 0.08029
[  5, 10501] loss: 0.05560
[  5, 10551] loss: 0.03210
[  5, 10601] loss: 0.02539
[  5, 10651] loss: 0.02300
[  5, 10701] loss: 0.12520
[  5, 10751] loss: 0.14191
[  5, 10801] loss: 0.04595
[  5, 10851] loss: 0.03563
[  5, 10901] loss: 0.04206
[  5, 10951] loss: 0.06342
[  5, 11001] loss: 0.19860
[  5, 11051] loss: 0.25154
[  5, 11101] loss: 0.15389
[  5, 11151] loss: 0.06089
[  5, 11201] loss: 0.02489
[  5, 11251] loss: 0.02325
[  5, 11301] loss: 0.05168
[  5, 11351] loss: 0.17790
[  5, 11401] loss: 0.09775
[  5, 11451] loss: 0.08027
[  5, 11501] loss: 0.10369
[  5, 11551] loss: 0.02383
[  5, 11601] loss: 0.08254
[  5, 11651] loss: 0.10755
[  5, 11701] loss: 0.11482
[  5, 11751] loss: 0.36708
[  5, 11801] loss: 0.17427
[  5, 11851] loss: 0.01871
[  5, 11901] loss: 0.02088
[  5, 11951] loss: 0.06676
[  5, 12001] loss: 0.25640
[  5, 12051] loss: 0.29831
[  5, 12101] loss: 0.14502
[  5, 12151] loss: 0.04975
[  5, 12201] loss: 0.03567
[  5, 12251] loss: 0.03508
[  5, 12301] loss: 0.03293
[  5, 12351] loss: 0.15134
[  5, 12401] loss: 0.11036
[  5, 12451] loss: 0.06339
[  5, 12501] loss: 0.21831
[  5, 12551] loss: 0.02062
[  5, 12601] loss: 0.04500
[  5, 12651] loss: 0.03115
[  5, 12701] loss: 0.08209
[  5, 12751] loss: 0.03944
[  5, 12801] loss: 0.03418
[  5, 12851] loss: 0.11446
[  5, 12901] loss: 0.07503
[  5, 12951] loss: 0.12185
[  5, 13001] loss: 0.11637
[  5, 13051] loss: 0.05144
[  5, 13101] loss: 0.05964
[  5, 13151] loss: 0.02752
[  5, 13201] loss: 0.02118
[  5, 13251] loss: 0.13622
[  5, 13301] loss: 0.19628
[  5, 13351] loss: 0.28292
[  5, 13401] loss: 0.06511
[  5, 13451] loss: 0.01788
[  5, 13501] loss: 0.04064
[  5, 13551] loss: 0.14852
[  5, 13601] loss: 0.20022
[  5, 13651] loss: 0.24092
[  5, 13701] loss: 0.05613
[  5, 13751] loss: 0.03635
[  5, 13801] loss: 0.04640
[  5, 13851] loss: 0.04158
[  5, 13901] loss: 0.05188
[  5, 13951] loss: 0.04821
[  5, 14001] loss: 0.12732
[  5, 14051] loss: 0.09655
[  5, 14101] loss: 0.07495
[  5, 14151] loss: 0.01950
[  5, 14201] loss: 0.01420
[  5, 14251] loss: 0.05511
[  5, 14301] loss: 0.03315
[  5, 14351] loss: 0.05732
[  5, 14401] loss: 0.06946
[  5, 14451] loss: 0.09178
[  5, 14501] loss: 0.10287
[  5, 14551] loss: 0.01378
[  5, 14601] loss: 0.01386
[  5, 14651] loss: 0.02452
[  5, 14701] loss: 0.12514
[  5, 14751] loss: 0.02407
[  5, 14801] loss: 0.00504
[  5, 14851] loss: 0.00827
[  5, 14901] loss: 0.02553
[  5, 14951] loss: 0.06084
[  5, 15001] loss: 0.17161
[  5, 15051] loss: 0.00479
[  5, 15101] loss: 0.01495
[  5, 15151] loss: 0.04063
[  5, 15201] loss: 0.16945
[  5, 15251] loss: 0.06285
[  5, 15301] loss: 0.00680
[  5, 15351] loss: 0.00523
[  5, 15401] loss: 0.00810
[  5, 15451] loss: 0.04224
[  5, 15501] loss: 0.08699
[  5, 15551] loss: 0.22027
[  5, 15601] loss: 0.02018
[  5, 15651] loss: 0.01027
[  5, 15701] loss: 0.11135
[  5, 15751] loss: 0.04442
[  5, 15801] loss: 0.03213
[  5, 15851] loss: 0.00794
[  5, 15901] loss: 0.01239
[  5, 15951] loss: 0.15762
[  5, 16001] loss: 0.02449
[  5, 16051] loss: 0.03776
[  5, 16101] loss: 0.02509
[  5, 16151] loss: 0.01271
[  5, 16201] loss: 0.00935
[  5, 16251] loss: 0.00918
[  5, 16301] loss: 0.01790
[  5, 16351] loss: 0.02813
[  5, 16401] loss: 0.04194
[  5, 16451] loss: 0.01919
[  5, 16501] loss: 0.17197
[  5, 16551] loss: 0.02557
[  5, 16601] loss: 0.01975
[  5, 16651] loss: 0.02715
[  5, 16701] loss: 0.02380
[  5, 16751] loss: 0.07794
[  5, 16801] loss: 0.05495
[  5, 16851] loss: 0.17859
[  5, 16901] loss: 0.03830
[  5, 16951] loss: 0.02847
[  5, 17001] loss: 0.03509
[  5, 17051] loss: 0.03470
[  5, 17101] loss: 0.08168
[  5, 17151] loss: 0.02762
[  5, 17201] loss: 0.05338
[  5, 17251] loss: 0.13565
[  5, 17301] loss: 0.04073
[  5, 17351] loss: 0.04486
[  5, 17401] loss: 0.04213
[  5, 17451] loss: 0.04674
[  5, 17501] loss: 0.00891
[  5, 17551] loss: 0.01380
[  5, 17601] loss: 0.03444
[  5, 17651] loss: 0.02384
[  5, 17701] loss: 0.04097
[  5, 17751] loss: 0.00639
[  5, 17801] loss: 0.01397
[  5, 17851] loss: 0.03541
[  5, 17901] loss: 0.02966
[  5, 17951] loss: 0.04716
[  5, 18001] loss: 0.01173
[  5, 18051] loss: 0.10430
[  5, 18101] loss: 0.01955
[  5, 18151] loss: 0.02243
[  5, 18201] loss: 0.04409
[  5, 18251] loss: 0.05613
[  5, 18301] loss: 0.03068
[  5, 18351] loss: 0.01788
[  5, 18401] loss: 0.03080
[  5, 18451] loss: 0.01530
[  5, 18501] loss: 0.01891
[  5, 18551] loss: 0.03480
[  5, 18601] loss: 0.10225
[  5, 18651] loss: 0.03429
[  5, 18701] loss: 0.02404
[  5, 18751] loss: 0.03479
[  5, 18801] loss: 0.02449
[  5, 18851] loss: 0.03322
[  5, 18901] loss: 0.02497
[  5, 18951] loss: 0.04002
[  5, 19001] loss: 0.05485
[  5, 19051] loss: 0.02185
[  5, 19101] loss: 0.01609
[  5, 19151] loss: 0.01823
[  5, 19201] loss: 0.05787
[  5, 19251] loss: 0.02457
[  5, 19301] loss: 0.19253
[  5, 19351] loss: 0.00699
[  5, 19401] loss: 0.11451
[  5, 19451] loss: 0.03131
[  5, 19501] loss: 0.03340
[  5, 19551] loss: 0.01133
[  5, 19601] loss: 0.02952
[  5, 19651] loss: 0.10850
[  5, 19701] loss: 0.03964
[  5, 19751] loss: 0.02485
[  5, 19801] loss: 0.02759
[  5, 19851] loss: 0.23263
[  5, 19901] loss: 0.17927
[  5, 19951] loss: 0.01934
[  5, 20001] loss: 0.03242
[  5, 20051] loss: 0.02906
[  5, 20101] loss: 0.03179
[  5, 20151] loss: 0.03723
[  5, 20201] loss: 0.03003
[  5, 20251] loss: 0.13491
[  5, 20301] loss: 0.01106
[  5, 20351] loss: 0.01138
[  5, 20401] loss: 0.03293
[  5, 20451] loss: 0.10724
[  5, 20501] loss: 0.14455
[  5, 20551] loss: 0.04791
[  5, 20601] loss: 0.12400
[  5, 20651] loss: 0.13246
[  5, 20701] loss: 0.01813
[  5, 20751] loss: 0.03502
[  5, 20801] loss: 0.07704
[  5, 20851] loss: 0.07856
[  5, 20901] loss: 0.13915
[  5, 20951] loss: 0.07189
[  5, 21001] loss: 0.03569
[  5, 21051] loss: 0.02042
[  5, 21101] loss: 0.05382
[  5, 21151] loss: 0.06367
[  5, 21201] loss: 0.10779
[  5, 21251] loss: 0.06778
[  5, 21301] loss: 0.03062
[  5, 21351] loss: 0.03201
[  5, 21401] loss: 0.01929
[  5, 21451] loss: 0.03417
[  5, 21501] loss: 0.04821
[  5, 21551] loss: 0.05250
[  5, 21601] loss: 0.27951
[  5, 21651] loss: 0.06411
[  5, 21701] loss: 0.02152
[  5, 21751] loss: 0.04200
[  5, 21801] loss: 0.02851
[  5, 21851] loss: 0.04626
[  5, 21901] loss: 0.03784
[  5, 21951] loss: 0.04247
[  5, 22001] loss: 0.07936
[  5, 22051] loss: 0.05595
[  5, 22101] loss: 0.38519
[  5, 22151] loss: 0.02148
[  5, 22201] loss: 0.02991
[  5, 22251] loss: 0.02619
[  5, 22301] loss: 0.10152
[  5, 22351] loss: 0.01222
[  5, 22401] loss: 0.01246
[  5, 22451] loss: 0.02551
[  5, 22501] loss: 0.01699
[  5, 22551] loss: 0.00910
[  5, 22601] loss: 0.17751
[  5, 22651] loss: 0.02123
[  5, 22701] loss: 0.01749
[  5, 22751] loss: 0.01901
[  5, 22801] loss: 0.01080
[  5, 22851] loss: 0.04217
[  5, 22901] loss: 0.19003
[  5, 22951] loss: 0.02466
[  5, 23001] loss: 0.03105
[  5, 23051] loss: 0.01757
[  5, 23101] loss: 0.02777
[  5, 23151] loss: 0.02875
[  5, 23201] loss: 0.03303
[  5, 23251] loss: 0.01657
[  5, 23301] loss: 0.02219
[  5, 23351] loss: 0.13573
[  5, 23401] loss: 0.04145
[  5, 23451] loss: 0.05239
[  5, 23501] loss: 0.02563
[  5, 23551] loss: 0.02684
[  5, 23601] loss: 0.01941
[  5, 23651] loss: 0.02014
[  5, 23701] loss: 0.02508
[  5, 23751] loss: 0.22720
[  5, 23801] loss: 0.03926
[  5, 23851] loss: 0.03458
[  5, 23901] loss: 0.01577
[  5, 23951] loss: 0.02582
[  5, 24001] loss: 0.03029
[  5, 24051] loss: 0.01332
[  5, 24101] loss: 0.06125
[  5, 24151] loss: 0.09934
[  5, 24201] loss: 0.02500
[  5, 24251] loss: 0.00588
[  5, 24301] loss: 0.00480
[  5, 24351] loss: 0.13350
[  5, 24401] loss: 0.01473
[  5, 24451] loss: 0.00490
[  5, 24501] loss: 0.03584
[  5, 24551] loss: 0.01124
[  5, 24601] loss: 0.01748
[  5, 24651] loss: 0.02028
[  5, 24701] loss: 0.13597
[  5, 24751] loss: 0.00518
[  5, 24801] loss: 0.01489
[  5, 24851] loss: 0.05601
[  5, 24901] loss: 0.03479
[  5, 24951] loss: 0.12395
Finished training
Accuracy on train: 0.99872
Accuracy on test: 0.65176
