{'word_context': 5, 'word_embed_size': 300, 'word_conv_units': 300, 'hidden_units': 1000, 'dropout': False, 'batch_size': 50}
train set done
test set done
[  1,     1] loss: 0.70760
[  1,    51] loss: 7.03565
[  1,   101] loss: 0.70353
[  1,   151] loss: 0.79903
[  1,   201] loss: 1.12166
[  1,   251] loss: 0.91867
[  1,   301] loss: 0.68878
[  1,   351] loss: 0.69296
[  1,   401] loss: 0.68182
[  1,   451] loss: 0.67769
[  1,   501] loss: 0.75046
[  1,   551] loss: 0.77820
[  1,   601] loss: 0.69338
[  1,   651] loss: 0.69321
[  1,   701] loss: 0.68991
[  1,   751] loss: 0.69378
[  1,   801] loss: 0.69151
[  1,   851] loss: 0.68954
[  1,   901] loss: 0.69499
[  1,   951] loss: 0.77942
[  1,  1001] loss: 0.70779
[  1,  1051] loss: 0.70540
[  1,  1101] loss: 0.68646
[  1,  1151] loss: 0.69803
[  1,  1201] loss: 0.69318
[  1,  1251] loss: 0.68963
[  1,  1301] loss: 0.68910
[  1,  1351] loss: 0.68476
[  1,  1401] loss: 0.70550
[  1,  1451] loss: 0.68029
[  1,  1501] loss: 0.67962
[  1,  1551] loss: 0.68708
[  1,  1601] loss: 0.69544
[  1,  1651] loss: 0.71661
[  1,  1701] loss: 0.67930
[  1,  1751] loss: 0.68335
[  1,  1801] loss: 0.69956
[  1,  1851] loss: 0.70497
[  1,  1901] loss: 0.68258
[  1,  1951] loss: 0.68227
[  1,  2001] loss: 0.69996
[  1,  2051] loss: 0.67159
[  1,  2101] loss: 0.68956
[  1,  2151] loss: 0.69825
[  1,  2201] loss: 0.70012
[  1,  2251] loss: 0.66271
[  1,  2301] loss: 0.67809
[  1,  2351] loss: 0.70004
[  1,  2401] loss: 0.73798
[  1,  2451] loss: 0.67776
[  1,  2501] loss: 0.66688
[  1,  2551] loss: 0.67448
[  1,  2601] loss: 0.65401
[  1,  2651] loss: 0.74285
[  1,  2701] loss: 0.69149
[  1,  2751] loss: 0.68125
[  1,  2801] loss: 0.69511
[  1,  2851] loss: 0.67584
[  1,  2901] loss: 0.69326
[  1,  2951] loss: 0.68325
[  1,  3001] loss: 0.68756
[  1,  3051] loss: 0.67556
[  1,  3101] loss: 0.66513
[  1,  3151] loss: 0.68854
[  1,  3201] loss: 0.73233
[  1,  3251] loss: 0.68455
[  1,  3301] loss: 0.67259
[  1,  3351] loss: 0.67396
[  1,  3401] loss: 0.64425
[  1,  3451] loss: 0.64311
[  1,  3501] loss: 0.82046
[  1,  3551] loss: 0.72539
[  1,  3601] loss: 0.68921
[  1,  3651] loss: 0.68652
[  1,  3701] loss: 0.68382
[  1,  3751] loss: 0.67239
[  1,  3801] loss: 0.68041
[  1,  3851] loss: 0.68158
[  1,  3901] loss: 0.66653
[  1,  3951] loss: 0.67117
[  1,  4001] loss: 0.69838
[  1,  4051] loss: 0.68300
[  1,  4101] loss: 0.67912
[  1,  4151] loss: 0.67628
[  1,  4201] loss: 0.66448
[  1,  4251] loss: 0.69631
[  1,  4301] loss: 0.66848
[  1,  4351] loss: 0.72503
[  1,  4401] loss: 0.72027
[  1,  4451] loss: 0.67075
[  1,  4501] loss: 0.67767
[  1,  4551] loss: 0.66705
[  1,  4601] loss: 0.70314
[  1,  4651] loss: 0.68145
[  1,  4701] loss: 0.67774
[  1,  4751] loss: 0.70310
[  1,  4801] loss: 0.63250
[  1,  4851] loss: 0.74905
[  1,  4901] loss: 0.86921
[  1,  4951] loss: 0.67043
[  1,  5001] loss: 0.68674
[  1,  5051] loss: 0.68067
[  1,  5101] loss: 0.64980
[  1,  5151] loss: 0.67763
[  1,  5201] loss: 0.66286
[  1,  5251] loss: 0.67243
[  1,  5301] loss: 0.88953
[  1,  5351] loss: 0.69006
[  1,  5401] loss: 0.67635
[  1,  5451] loss: 0.66637
[  1,  5501] loss: 0.66327
[  1,  5551] loss: 0.67857
[  1,  5601] loss: 0.70293
[  1,  5651] loss: 0.66155
[  1,  5701] loss: 0.64805
[  1,  5751] loss: 0.68925
[  1,  5801] loss: 0.64587
[  1,  5851] loss: 0.69534
[  1,  5901] loss: 0.70075
[  1,  5951] loss: 0.68207
[  1,  6001] loss: 0.69952
[  1,  6051] loss: 0.68010
[  1,  6101] loss: 0.64463
[  1,  6151] loss: 0.75161
[  1,  6201] loss: 0.82314
[  1,  6251] loss: 0.69540
[  1,  6301] loss: 0.67768
[  1,  6351] loss: 0.68074
[  1,  6401] loss: 0.66368
[  1,  6451] loss: 0.66681
[  1,  6501] loss: 0.72052
[  1,  6551] loss: 0.70578
[  1,  6601] loss: 0.67130
[  1,  6651] loss: 0.67207
[  1,  6701] loss: 0.65838
[  1,  6751] loss: 0.67937
[  1,  6801] loss: 0.68147
[  1,  6851] loss: 0.59590
[  1,  6901] loss: 0.78619
[  1,  6951] loss: 0.67019
[  1,  7001] loss: 0.68706
[  1,  7051] loss: 0.66417
[  1,  7101] loss: 0.67830
[  1,  7151] loss: 0.64300
[  1,  7201] loss: 0.61467
[  1,  7251] loss: 0.71771
[  1,  7301] loss: 0.67846
[  1,  7351] loss: 0.69980
[  1,  7401] loss: 0.65822
[  1,  7451] loss: 0.64467
[  1,  7501] loss: 0.70899
[  1,  7551] loss: 0.71931
[  1,  7601] loss: 0.66662
[  1,  7651] loss: 0.66518
[  1,  7701] loss: 0.67335
[  1,  7751] loss: 0.72640
[  1,  7801] loss: 0.70964
[  1,  7851] loss: 0.65459
[  1,  7901] loss: 0.67406
[  1,  7951] loss: 0.68099
[  1,  8001] loss: 0.65315
[  1,  8051] loss: 0.73791
[  1,  8101] loss: 0.66734
[  1,  8151] loss: 0.64774
[  1,  8201] loss: 0.67873
[  1,  8251] loss: 0.65968
[  1,  8301] loss: 0.66826
[  1,  8351] loss: 0.68736
[  1,  8401] loss: 0.68565
[  1,  8451] loss: 0.66089
[  1,  8501] loss: 0.68494
[  1,  8551] loss: 0.70515
[  1,  8601] loss: 0.64522
[  1,  8651] loss: 0.68170
[  1,  8701] loss: 0.64306
[  1,  8751] loss: 0.65835
[  1,  8801] loss: 0.81089
[  1,  8851] loss: 0.77439
[  1,  8901] loss: 0.67128
[  1,  8951] loss: 0.67742
[  1,  9001] loss: 0.62490
[  1,  9051] loss: 0.63328
[  1,  9101] loss: 0.69292
[  1,  9151] loss: 0.70476
[  1,  9201] loss: 0.62798
[  1,  9251] loss: 0.67786
[  1,  9301] loss: 0.66381
[  1,  9351] loss: 0.68694
[  1,  9401] loss: 0.63988
[  1,  9451] loss: 0.63253
[  1,  9501] loss: 0.59154
[  1,  9551] loss: 0.67223
[  1,  9601] loss: 0.62888
[  1,  9651] loss: 0.61796
[  1,  9701] loss: 0.60545
[  1,  9751] loss: 0.73790
[  1,  9801] loss: 0.62302
[  1,  9851] loss: 0.69325
[  1,  9901] loss: 0.66045
[  1,  9951] loss: 0.67961
[  1, 10001] loss: 0.64483
[  1, 10051] loss: 0.69793
[  1, 10101] loss: 0.66037
[  1, 10151] loss: 0.66252
[  1, 10201] loss: 0.60921
[  1, 10251] loss: 0.61184
[  1, 10301] loss: 0.78751
[  1, 10351] loss: 0.76694
[  1, 10401] loss: 0.62709
[  1, 10451] loss: 0.61915
[  1, 10501] loss: 0.66041
[  1, 10551] loss: 0.67187
[  1, 10601] loss: 0.62992
[  1, 10651] loss: 0.64780
[  1, 10701] loss: 0.63464
[  1, 10751] loss: 0.72637
[  1, 10801] loss: 0.64483
[  1, 10851] loss: 0.61486
[  1, 10901] loss: 0.63597
[  1, 10951] loss: 0.66820
[  1, 11001] loss: 0.67978
[  1, 11051] loss: 0.63085
[  1, 11101] loss: 0.62822
[  1, 11151] loss: 0.81930
[  1, 11201] loss: 0.74222
[  1, 11251] loss: 0.63838
[  1, 11301] loss: 0.63783
[  1, 11351] loss: 0.64513
[  1, 11401] loss: 0.62775
[  1, 11451] loss: 0.64989
[  1, 11501] loss: 0.65034
[  1, 11551] loss: 0.67454
[  1, 11601] loss: 0.72629
[  1, 11651] loss: 0.62515
[  1, 11701] loss: 0.62891
[  1, 11751] loss: 0.70597
[  1, 11801] loss: 0.65974
[  1, 11851] loss: 0.72036
[  1, 11901] loss: 0.69665
[  1, 11951] loss: 0.63849
[  1, 12001] loss: 0.58737
[  1, 12051] loss: 0.72347
[  1, 12101] loss: 0.64759
[  1, 12151] loss: 0.58333
[  1, 12201] loss: 0.63601
[  1, 12251] loss: 0.76758
[  1, 12301] loss: 0.85100
[  1, 12351] loss: 0.66559
[  1, 12401] loss: 0.67328
[  1, 12451] loss: 0.67019
[  1, 12501] loss: 0.66167
[  1, 12551] loss: 0.59456
[  1, 12601] loss: 0.68271
[  1, 12651] loss: 0.68092
[  1, 12701] loss: 0.74014
[  1, 12751] loss: 0.60651
[  1, 12801] loss: 0.72595
[  1, 12851] loss: 0.67773
[  1, 12901] loss: 0.63201
[  1, 12951] loss: 0.61849
[  1, 13001] loss: 0.68347
[  1, 13051] loss: 0.66809
[  1, 13101] loss: 0.61256
[  1, 13151] loss: 0.72705
[  1, 13201] loss: 0.64312
[  1, 13251] loss: 0.65363
[  1, 13301] loss: 0.65411
[  1, 13351] loss: 0.68922
[  1, 13401] loss: 0.67967
[  1, 13451] loss: 0.65048
[  1, 13501] loss: 0.66543
[  1, 13551] loss: 0.64570
[  1, 13601] loss: 0.68250
[  1, 13651] loss: 0.66266
[  1, 13701] loss: 0.59444
[  1, 13751] loss: 0.64886
[  1, 13801] loss: 0.61758
[  1, 13851] loss: 0.62630
[  1, 13901] loss: 0.76991
[  1, 13951] loss: 0.69364
[  1, 14001] loss: 0.64923
[  1, 14051] loss: 0.62956
[  1, 14101] loss: 0.60260
[  1, 14151] loss: 0.63387
[  1, 14201] loss: 0.56595
[  1, 14251] loss: 0.62222
[  1, 14301] loss: 0.70995
[  1, 14351] loss: 0.87166
[  1, 14401] loss: 0.63910
[  1, 14451] loss: 0.65725
[  1, 14501] loss: 0.64923
[  1, 14551] loss: 0.70606
[  1, 14601] loss: 0.67753
[  1, 14651] loss: 0.67723
[  1, 14701] loss: 0.62862
[  1, 14751] loss: 0.62112
[  1, 14801] loss: 0.58194
[  1, 14851] loss: 0.60486
[  1, 14901] loss: 0.59355
[  1, 14951] loss: 0.58591
[  1, 15001] loss: 0.80801
[  1, 15051] loss: 0.76379
[  1, 15101] loss: 0.72569
[  1, 15151] loss: 0.63077
[  1, 15201] loss: 0.69098
[  1, 15251] loss: 0.65249
[  1, 15301] loss: 0.71352
[  1, 15351] loss: 0.64630
[  1, 15401] loss: 0.68075
[  1, 15451] loss: 0.64562
[  1, 15501] loss: 0.66889
[  1, 15551] loss: 0.60438
[  1, 15601] loss: 0.59682
[  1, 15651] loss: 0.59121
[  1, 15701] loss: 0.68881
[  1, 15751] loss: 0.64675
[  1, 15801] loss: 0.65384
[  1, 15851] loss: 0.66814
[  1, 15901] loss: 0.62311
[  1, 15951] loss: 0.70341
[  1, 16001] loss: 0.67576
[  1, 16051] loss: 0.71041
[  1, 16101] loss: 0.61647
[  1, 16151] loss: 0.63784
[  1, 16201] loss: 0.68978
[  1, 16251] loss: 0.56263
[  1, 16301] loss: 0.57298
[  1, 16351] loss: 0.87652
[  1, 16401] loss: 0.65201
[  1, 16451] loss: 0.65157
[  1, 16501] loss: 0.59323
[  1, 16551] loss: 0.76959
[  1, 16601] loss: 0.56312
[  1, 16651] loss: 0.72948
[  1, 16701] loss: 0.74540
[  1, 16751] loss: 0.63611
[  1, 16801] loss: 0.65538
[  1, 16851] loss: 0.65338
[  1, 16901] loss: 0.68471
[  1, 16951] loss: 0.60380
[  1, 17001] loss: 0.60381
[  1, 17051] loss: 0.57272
[  1, 17101] loss: 0.70746
[  1, 17151] loss: 0.79991
[  1, 17201] loss: 0.69506
[  1, 17251] loss: 0.66349
[  1, 17301] loss: 0.70752
[  1, 17351] loss: 0.65546
[  1, 17401] loss: 0.62632
[  1, 17451] loss: 0.64086
[  1, 17501] loss: 0.66816
[  1, 17551] loss: 0.65708
[  1, 17601] loss: 0.64276
[  1, 17651] loss: 0.61237
[  1, 17701] loss: 0.59059
[  1, 17751] loss: 0.67758
[  1, 17801] loss: 0.69084
[  1, 17851] loss: 0.58459
[  1, 17901] loss: 0.59450
[  1, 17951] loss: 0.64207
[  1, 18001] loss: 0.76719
[  1, 18051] loss: 0.72192
[  1, 18101] loss: 0.63286
[  1, 18151] loss: 0.67257
[  1, 18201] loss: 0.60846
[  1, 18251] loss: 0.60336
[  1, 18301] loss: 0.62072
[  1, 18351] loss: 0.62002
[  1, 18401] loss: 0.59101
[  1, 18451] loss: 0.63327
[  1, 18501] loss: 0.65473
[  1, 18551] loss: 0.69157
[  1, 18601] loss: 0.65293
[  1, 18651] loss: 0.62917
[  1, 18701] loss: 0.54026
[  1, 18751] loss: 0.63039
[  1, 18801] loss: 0.82474
[  1, 18851] loss: 0.69902
[  1, 18901] loss: 0.60639
[  1, 18951] loss: 0.59751
[  1, 19001] loss: 0.57303
[  1, 19051] loss: 0.59593
[  1, 19101] loss: 0.65158
[  1, 19151] loss: 0.65831
[  1, 19201] loss: 0.60079
[  1, 19251] loss: 0.70743
[  1, 19301] loss: 0.61669
[  1, 19351] loss: 0.59594
[  1, 19401] loss: 0.55762
[  1, 19451] loss: 0.57543
[  1, 19501] loss: 0.80857
[  1, 19551] loss: 0.77882
[  1, 19601] loss: 0.60099
[  1, 19651] loss: 0.74250
[  1, 19701] loss: 0.66059
[  1, 19751] loss: 0.59669
[  1, 19801] loss: 0.55556
[  1, 19851] loss: 0.54881
[  1, 19901] loss: 0.69896
[  1, 19951] loss: 0.67550
[  1, 20001] loss: 0.63642
[  1, 20051] loss: 0.57552
[  1, 20101] loss: 0.62163
[  1, 20151] loss: 0.69384
[  1, 20201] loss: 0.57929
[  1, 20251] loss: 0.68909
[  1, 20301] loss: 0.67041
[  1, 20351] loss: 0.60918
[  1, 20401] loss: 0.62580
[  1, 20451] loss: 0.61047
[  1, 20501] loss: 0.73609
[  1, 20551] loss: 0.84117
[  1, 20601] loss: 0.63734
[  1, 20651] loss: 0.64812
[  1, 20701] loss: 0.61365
[  1, 20751] loss: 0.65993
[  1, 20801] loss: 0.68595
[  1, 20851] loss: 0.74063
[  1, 20901] loss: 0.63917
[  1, 20951] loss: 0.62351
[  1, 21001] loss: 0.62370
[  1, 21051] loss: 0.65849
[  1, 21101] loss: 0.65134
[  1, 21151] loss: 0.54860
[  1, 21201] loss: 0.70395
[  1, 21251] loss: 0.59790
[  1, 21301] loss: 0.58264
[  1, 21351] loss: 0.65251
[  1, 21401] loss: 0.66404
[  1, 21451] loss: 0.73590
[  1, 21501] loss: 0.63649
[  1, 21551] loss: 0.66836
[  1, 21601] loss: 0.58307
[  1, 21651] loss: 0.62416
[  1, 21701] loss: 0.69140
[  1, 21751] loss: 0.60727
[  1, 21801] loss: 0.57630
[  1, 21851] loss: 0.61565
[  1, 21901] loss: 0.61513
[  1, 21951] loss: 0.63108
[  1, 22001] loss: 0.60752
[  1, 22051] loss: 0.66801
[  1, 22101] loss: 0.62512
[  1, 22151] loss: 0.63172
[  1, 22201] loss: 0.68086
[  1, 22251] loss: 0.61430
[  1, 22301] loss: 0.73015
[  1, 22351] loss: 0.65687
[  1, 22401] loss: 0.60120
[  1, 22451] loss: 0.64345
[  1, 22501] loss: 0.61730
[  1, 22551] loss: 0.63715
[  1, 22601] loss: 0.62445
[  1, 22651] loss: 0.63094
[  1, 22701] loss: 0.71306
[  1, 22751] loss: 0.80548
[  1, 22801] loss: 0.66032
[  1, 22851] loss: 0.59515
[  1, 22901] loss: 0.68027
[  1, 22951] loss: 0.61752
[  1, 23001] loss: 0.70203
[  1, 23051] loss: 0.66145
[  1, 23101] loss: 0.63833
[  1, 23151] loss: 0.62166
[  1, 23201] loss: 0.61292
[  1, 23251] loss: 0.63651
[  1, 23301] loss: 0.54531
[  1, 23351] loss: 0.68921
[  1, 23401] loss: 0.67119
[  1, 23451] loss: 0.60281
[  1, 23501] loss: 0.66369
[  1, 23551] loss: 0.65484
[  1, 23601] loss: 0.64332
[  1, 23651] loss: 0.55659
[  1, 23701] loss: 0.76639
[  1, 23751] loss: 0.71072
[  1, 23801] loss: 0.64830
[  1, 23851] loss: 0.65696
[  1, 23901] loss: 0.71836
[  1, 23951] loss: 0.69514
[  1, 24001] loss: 0.61694
[  1, 24051] loss: 0.60649
[  1, 24101] loss: 0.62150
[  1, 24151] loss: 0.56811
[  1, 24201] loss: 0.61163
[  1, 24251] loss: 0.69935
[  1, 24301] loss: 0.62672
[  1, 24351] loss: 0.70624
[  1, 24401] loss: 0.61618
[  1, 24451] loss: 0.63900
[  1, 24501] loss: 0.62145
[  1, 24551] loss: 0.63874
[  1, 24601] loss: 0.70417
[  1, 24651] loss: 0.66808
[  1, 24701] loss: 0.64328
[  1, 24751] loss: 0.60758
[  1, 24801] loss: 0.60709
[  1, 24851] loss: 0.71833
[  1, 24901] loss: 0.61748
[  1, 24951] loss: 0.64420
[  2,     1] loss: 0.63417
[  2,    51] loss: 0.70225
[  2,   101] loss: 0.57301
[  2,   151] loss: 0.60403
[  2,   201] loss: 0.53255
[  2,   251] loss: 0.69678
[  2,   301] loss: 0.60613
[  2,   351] loss: 0.62796
[  2,   401] loss: 0.59735
[  2,   451] loss: 0.66007
[  2,   501] loss: 0.88812
[  2,   551] loss: 0.77045
[  2,   601] loss: 0.59375
[  2,   651] loss: 0.59045
[  2,   701] loss: 0.62129
[  2,   751] loss: 0.57824
[  2,   801] loss: 0.70437
[  2,   851] loss: 0.63297
[  2,   901] loss: 0.58785
[  2,   951] loss: 0.67618
[  2,  1001] loss: 0.73433
[  2,  1051] loss: 0.60500
[  2,  1101] loss: 0.62807
[  2,  1151] loss: 0.59813
[  2,  1201] loss: 0.64409
[  2,  1251] loss: 0.64406
[  2,  1301] loss: 0.63061
[  2,  1351] loss: 0.62850
[  2,  1401] loss: 0.65252
[  2,  1451] loss: 0.59432
[  2,  1501] loss: 0.58647
[  2,  1551] loss: 0.59093
[  2,  1601] loss: 0.64633
[  2,  1651] loss: 0.58812
[  2,  1701] loss: 0.64985
[  2,  1751] loss: 0.72362
[  2,  1801] loss: 0.59522
[  2,  1851] loss: 0.64363
[  2,  1901] loss: 0.58210
[  2,  1951] loss: 0.68074
[  2,  2001] loss: 0.65091
[  2,  2051] loss: 0.55481
[  2,  2101] loss: 0.60061
[  2,  2151] loss: 0.60116
[  2,  2201] loss: 0.56104
[  2,  2251] loss: 0.56390
[  2,  2301] loss: 0.65018
[  2,  2351] loss: 0.62133
[  2,  2401] loss: 0.72602
[  2,  2451] loss: 0.56555
[  2,  2501] loss: 0.69900
[  2,  2551] loss: 0.66506
[  2,  2601] loss: 0.56758
[  2,  2651] loss: 0.70798
[  2,  2701] loss: 0.65648
[  2,  2751] loss: 0.63617
[  2,  2801] loss: 0.65286
[  2,  2851] loss: 0.58608
[  2,  2901] loss: 0.68119
[  2,  2951] loss: 0.66680
[  2,  3001] loss: 0.62693
[  2,  3051] loss: 0.55462
[  2,  3101] loss: 0.57136
[  2,  3151] loss: 0.53132
[  2,  3201] loss: 0.67641
[  2,  3251] loss: 0.65307
[  2,  3301] loss: 0.60649
[  2,  3351] loss: 0.65044
[  2,  3401] loss: 0.52015
[  2,  3451] loss: 0.57317
[  2,  3501] loss: 0.69418
[  2,  3551] loss: 0.66751
[  2,  3601] loss: 0.71975
[  2,  3651] loss: 0.63811
[  2,  3701] loss: 0.59484
[  2,  3751] loss: 0.61506
[  2,  3801] loss: 0.61552
[  2,  3851] loss: 0.64918
[  2,  3901] loss: 0.58112
[  2,  3951] loss: 0.66759
[  2,  4001] loss: 0.62350
[  2,  4051] loss: 0.64607
[  2,  4101] loss: 0.61065
[  2,  4151] loss: 0.56662
[  2,  4201] loss: 0.57518
[  2,  4251] loss: 0.66123
[  2,  4301] loss: 0.59078
[  2,  4351] loss: 0.68993
[  2,  4401] loss: 0.69836
[  2,  4451] loss: 0.65148
[  2,  4501] loss: 0.64113
[  2,  4551] loss: 0.60793
[  2,  4601] loss: 0.64353
[  2,  4651] loss: 0.61303
[  2,  4701] loss: 0.64558
[  2,  4751] loss: 0.62972
[  2,  4801] loss: 0.52434
[  2,  4851] loss: 0.58746
[  2,  4901] loss: 0.71766
[  2,  4951] loss: 0.60684
[  2,  5001] loss: 0.67290
[  2,  5051] loss: 0.68613
[  2,  5101] loss: 0.53207
[  2,  5151] loss: 0.57540
[  2,  5201] loss: 0.56318
[  2,  5251] loss: 0.69881
[  2,  5301] loss: 0.89049
[  2,  5351] loss: 0.69310
[  2,  5401] loss: 0.60813
[  2,  5451] loss: 0.61386
[  2,  5501] loss: 0.61363
[  2,  5551] loss: 0.55784
[  2,  5601] loss: 0.70966
[  2,  5651] loss: 0.60634
[  2,  5701] loss: 0.54717
[  2,  5751] loss: 0.66710
[  2,  5801] loss: 0.60914
[  2,  5851] loss: 0.66653
[  2,  5901] loss: 0.64450
[  2,  5951] loss: 0.56878
[  2,  6001] loss: 0.67446
[  2,  6051] loss: 0.63681
[  2,  6101] loss: 0.49829
[  2,  6151] loss: 0.72451
[  2,  6201] loss: 0.87870
[  2,  6251] loss: 0.68078
[  2,  6301] loss: 0.62254
[  2,  6351] loss: 0.62197
[  2,  6401] loss: 0.60426
[  2,  6451] loss: 0.60001
[  2,  6501] loss: 0.64541
[  2,  6551] loss: 0.72813
[  2,  6601] loss: 0.63212
[  2,  6651] loss: 0.65928
[  2,  6701] loss: 0.57296
[  2,  6751] loss: 0.64925
[  2,  6801] loss: 0.69609
[  2,  6851] loss: 0.50957
[  2,  6901] loss: 0.78427
[  2,  6951] loss: 0.61336
[  2,  7001] loss: 0.62529
[  2,  7051] loss: 0.57336
[  2,  7101] loss: 0.59262
[  2,  7151] loss: 0.55846
[  2,  7201] loss: 0.51075
[  2,  7251] loss: 0.84219
[  2,  7301] loss: 0.62486
[  2,  7351] loss: 0.57045
[  2,  7401] loss: 0.62415
[  2,  7451] loss: 0.56594
[  2,  7501] loss: 0.58508
[  2,  7551] loss: 0.74201
[  2,  7601] loss: 0.60519
[  2,  7651] loss: 0.57095
[  2,  7701] loss: 0.56795
[  2,  7751] loss: 0.59033
[  2,  7801] loss: 0.65996
[  2,  7851] loss: 0.51796
[  2,  7901] loss: 0.69547
[  2,  7951] loss: 0.62766
[  2,  8001] loss: 0.56561
[  2,  8051] loss: 0.64162
[  2,  8101] loss: 0.58810
[  2,  8151] loss: 0.56145
[  2,  8201] loss: 0.68792
[  2,  8251] loss: 0.62564
[  2,  8301] loss: 0.74371
[  2,  8351] loss: 0.67787
[  2,  8401] loss: 0.71141
[  2,  8451] loss: 0.63045
[  2,  8501] loss: 0.65692
[  2,  8551] loss: 0.71384
[  2,  8601] loss: 0.55774
[  2,  8651] loss: 0.59032
[  2,  8701] loss: 0.52167
[  2,  8751] loss: 0.63558
[  2,  8801] loss: 0.71996
[  2,  8851] loss: 0.68145
[  2,  8901] loss: 0.65562
[  2,  8951] loss: 0.60380
[  2,  9001] loss: 0.57791
[  2,  9051] loss: 0.54153
[  2,  9101] loss: 0.57486
[  2,  9151] loss: 0.64792
[  2,  9201] loss: 0.55423
[  2,  9251] loss: 0.61829
[  2,  9301] loss: 0.60305
[  2,  9351] loss: 0.65390
[  2,  9401] loss: 0.58820
[  2,  9451] loss: 0.55553
[  2,  9501] loss: 0.53192
[  2,  9551] loss: 0.50376
[  2,  9601] loss: 0.58634
[  2,  9651] loss: 0.67016
[  2,  9701] loss: 0.77607
[  2,  9751] loss: 0.67263
[  2,  9801] loss: 0.54670
[  2,  9851] loss: 0.67476
[  2,  9901] loss: 0.58173
[  2,  9951] loss: 0.61446
[  2, 10001] loss: 0.57412
[  2, 10051] loss: 0.65415
[  2, 10101] loss: 0.58846
[  2, 10151] loss: 0.60163
[  2, 10201] loss: 0.57203
[  2, 10251] loss: 0.53081
[  2, 10301] loss: 0.70504
[  2, 10351] loss: 0.68009
[  2, 10401] loss: 0.54002
[  2, 10451] loss: 0.55729
[  2, 10501] loss: 0.59303
[  2, 10551] loss: 0.62080
[  2, 10601] loss: 0.54058
[  2, 10651] loss: 0.55684
[  2, 10701] loss: 0.62796
[  2, 10751] loss: 0.82141
[  2, 10801] loss: 0.57665
[  2, 10851] loss: 0.52508
[  2, 10901] loss: 0.56428
[  2, 10951] loss: 0.60844
[  2, 11001] loss: 0.64253
[  2, 11051] loss: 0.56626
[  2, 11101] loss: 0.53921
[  2, 11151] loss: 0.64019
[  2, 11201] loss: 0.77190
[  2, 11251] loss: 0.55797
[  2, 11301] loss: 0.60251
[  2, 11351] loss: 0.63409
[  2, 11401] loss: 0.53093
[  2, 11451] loss: 0.60870
[  2, 11501] loss: 0.59139
[  2, 11551] loss: 0.49872
[  2, 11601] loss: 0.71014
[  2, 11651] loss: 0.63362
[  2, 11701] loss: 0.62917
[  2, 11751] loss: 0.67157
[  2, 11801] loss: 0.60556
[  2, 11851] loss: 0.69439
[  2, 11901] loss: 0.62211
[  2, 11951] loss: 0.52506
[  2, 12001] loss: 0.46579
[  2, 12051] loss: 0.77776
[  2, 12101] loss: 0.65112
[  2, 12151] loss: 0.47025
[  2, 12201] loss: 0.51226
[  2, 12251] loss: 0.62849
[  2, 12301] loss: 0.62360
[  2, 12351] loss: 0.62105
[  2, 12401] loss: 0.70461
[  2, 12451] loss: 0.56030
[  2, 12501] loss: 0.60956
[  2, 12551] loss: 0.49434
[  2, 12601] loss: 0.58635
[  2, 12651] loss: 0.55420
[  2, 12701] loss: 0.76442
[  2, 12751] loss: 0.55716
[  2, 12801] loss: 0.62907
[  2, 12851] loss: 0.66415
[  2, 12901] loss: 0.55953
[  2, 12951] loss: 0.57781
[  2, 13001] loss: 0.61055
[  2, 13051] loss: 0.59916
[  2, 13101] loss: 0.54036
[  2, 13151] loss: 0.78383
[  2, 13201] loss: 0.58589
[  2, 13251] loss: 0.58081
[  2, 13301] loss: 0.58410
[  2, 13351] loss: 0.60715
[  2, 13401] loss: 0.64486
[  2, 13451] loss: 0.58439
[  2, 13501] loss: 0.63810
[  2, 13551] loss: 0.55696
[  2, 13601] loss: 0.64201
[  2, 13651] loss: 0.62927
[  2, 13701] loss: 0.49270
[  2, 13751] loss: 0.64369
[  2, 13801] loss: 0.51715
[  2, 13851] loss: 0.55757
[  2, 13901] loss: 0.72960
[  2, 13951] loss: 0.67126
[  2, 14001] loss: 0.59725
[  2, 14051] loss: 0.55528
[  2, 14101] loss: 0.53760
[  2, 14151] loss: 0.55655
[  2, 14201] loss: 0.44445
[  2, 14251] loss: 0.57925
[  2, 14301] loss: 0.71824
[  2, 14351] loss: 0.76004
[  2, 14401] loss: 0.63873
[  2, 14451] loss: 0.63783
[  2, 14501] loss: 0.59903
[  2, 14551] loss: 0.59641
[  2, 14601] loss: 0.57794
[  2, 14651] loss: 0.62689
[  2, 14701] loss: 0.55061
[  2, 14751] loss: 0.57318
[  2, 14801] loss: 0.46529
[  2, 14851] loss: 0.53127
[  2, 14901] loss: 0.54380
[  2, 14951] loss: 0.48224
[  2, 15001] loss: 0.71082
[  2, 15051] loss: 0.87494
[  2, 15101] loss: 0.79711
[  2, 15151] loss: 0.61703
[  2, 15201] loss: 0.62640
[  2, 15251] loss: 0.61286
[  2, 15301] loss: 0.68614
[  2, 15351] loss: 0.59849
[  2, 15401] loss: 0.64683
[  2, 15451] loss: 0.57143
[  2, 15501] loss: 0.61785
[  2, 15551] loss: 0.54899
[  2, 15601] loss: 0.51724
[  2, 15651] loss: 0.49652
[  2, 15701] loss: 0.61151
[  2, 15751] loss: 0.57979
[  2, 15801] loss: 0.50118
[  2, 15851] loss: 0.58370
[  2, 15901] loss: 0.54135
[  2, 15951] loss: 0.66730
[  2, 16001] loss: 0.58854
[  2, 16051] loss: 0.60970
[  2, 16101] loss: 0.58240
[  2, 16151] loss: 0.57937
[  2, 16201] loss: 0.60931
[  2, 16251] loss: 0.45046
[  2, 16301] loss: 0.38663
[  2, 16351] loss: 0.79247
[  2, 16401] loss: 0.69761
[  2, 16451] loss: 0.71361
[  2, 16501] loss: 0.53954
[  2, 16551] loss: 0.70124
[  2, 16601] loss: 0.47971
[  2, 16651] loss: 0.70205
[  2, 16701] loss: 0.71853
[  2, 16751] loss: 0.58396
[  2, 16801] loss: 0.60313
[  2, 16851] loss: 0.58409
[  2, 16901] loss: 0.66721
[  2, 16951] loss: 0.56464
[  2, 17001] loss: 0.52710
[  2, 17051] loss: 0.47645
[  2, 17101] loss: 0.58098
[  2, 17151] loss: 0.65878
[  2, 17201] loss: 0.67104
[  2, 17251] loss: 0.61689
[  2, 17301] loss: 0.73358
[  2, 17351] loss: 0.60169
[  2, 17401] loss: 0.57805
[  2, 17451] loss: 0.59083
[  2, 17501] loss: 0.58890
[  2, 17551] loss: 0.63400
[  2, 17601] loss: 0.58117
[  2, 17651] loss: 0.52925
[  2, 17701] loss: 0.49148
[  2, 17751] loss: 0.58161
[  2, 17801] loss: 0.72066
[  2, 17851] loss: 1.10375
[  2, 17901] loss: 0.54891
[  2, 17951] loss: 0.56675
[  2, 18001] loss: 0.56574
[  2, 18051] loss: 0.64858
[  2, 18101] loss: 0.57480
[  2, 18151] loss: 0.59059
[  2, 18201] loss: 0.52961
[  2, 18251] loss: 0.53917
[  2, 18301] loss: 0.55257
[  2, 18351] loss: 0.54791
[  2, 18401] loss: 0.46575
[  2, 18451] loss: 0.56881
[  2, 18501] loss: 0.40011
[  2, 18551] loss: 0.60628
[  2, 18601] loss: 0.65325
[  2, 18651] loss: 0.63474
[  2, 18701] loss: 0.46532
[  2, 18751] loss: 0.54263
[  2, 18801] loss: 0.59252
[  2, 18851] loss: 0.64611
[  2, 18901] loss: 0.51850
[  2, 18951] loss: 0.49384
[  2, 19001] loss: 0.53044
[  2, 19051] loss: 0.54244
[  2, 19101] loss: 0.65640
[  2, 19151] loss: 0.68777
[  2, 19201] loss: 0.55343
[  2, 19251] loss: 0.62786
[  2, 19301] loss: 0.56377
[  2, 19351] loss: 0.50689
[  2, 19401] loss: 0.45733
[  2, 19451] loss: 0.60401
[  2, 19501] loss: 0.98075
[  2, 19551] loss: 0.64597
[  2, 19601] loss: 0.57832
[  2, 19651] loss: 0.61051
[  2, 19701] loss: 0.59888
[  2, 19751] loss: 0.52550
[  2, 19801] loss: 0.47669
[  2, 19851] loss: 0.47933
[  2, 19901] loss: 0.75381
[  2, 19951] loss: 0.60623
[  2, 20001] loss: 0.55277
[  2, 20051] loss: 0.51893
[  2, 20101] loss: 0.57983
[  2, 20151] loss: 0.63996
[  2, 20201] loss: 0.51015
[  2, 20251] loss: 0.63590
[  2, 20301] loss: 0.65693
[  2, 20351] loss: 0.56116
[  2, 20401] loss: 0.55776
[  2, 20451] loss: 0.58012
[  2, 20501] loss: 0.73731
[  2, 20551] loss: 0.73891
[  2, 20601] loss: 0.60805
[  2, 20651] loss: 0.59844
[  2, 20701] loss: 0.55497
[  2, 20751] loss: 0.61926
[  2, 20801] loss: 0.61765
[  2, 20851] loss: 0.71293
[  2, 20901] loss: 0.60356
[  2, 20951] loss: 0.59765
[  2, 21001] loss: 0.55458
[  2, 21051] loss: 0.62328
[  2, 21101] loss: 0.60171
[  2, 21151] loss: 0.47591
[  2, 21201] loss: 0.70582
[  2, 21251] loss: 0.58904
[  2, 21301] loss: 0.50804
[  2, 21351] loss: 0.57958
[  2, 21401] loss: 0.57045
[  2, 21451] loss: 0.72262
[  2, 21501] loss: 0.54286
[  2, 21551] loss: 0.62484
[  2, 21601] loss: 0.51578
[  2, 21651] loss: 0.64727
[  2, 21701] loss: 0.62849
[  2, 21751] loss: 0.54288
[  2, 21801] loss: 0.49390
[  2, 21851] loss: 0.49325
[  2, 21901] loss: 0.54248
[  2, 21951] loss: 0.65175
[  2, 22001] loss: 0.75136
[  2, 22051] loss: 0.64257
[  2, 22101] loss: 0.53193
[  2, 22151] loss: 0.58022
[  2, 22201] loss: 0.63487
[  2, 22251] loss: 0.53704
[  2, 22301] loss: 0.65658
[  2, 22351] loss: 0.58938
[  2, 22401] loss: 0.50540
[  2, 22451] loss: 0.54866
[  2, 22501] loss: 0.54272
[  2, 22551] loss: 0.62345
[  2, 22601] loss: 0.60164
[  2, 22651] loss: 0.58398
[  2, 22701] loss: 0.50062
[  2, 22751] loss: 0.74898
[  2, 22801] loss: 0.63348
[  2, 22851] loss: 0.48729
[  2, 22901] loss: 0.58854
[  2, 22951] loss: 0.54312
[  2, 23001] loss: 0.71878
[  2, 23051] loss: 0.60266
[  2, 23101] loss: 0.56199
[  2, 23151] loss: 0.50918
[  2, 23201] loss: 0.57936
[  2, 23251] loss: 0.57536
[  2, 23301] loss: 0.47907
[  2, 23351] loss: 0.54846
[  2, 23401] loss: 0.56989
[  2, 23451] loss: 0.54997
[  2, 23501] loss: 0.66696
[  2, 23551] loss: 0.60386
[  2, 23601] loss: 0.61394
[  2, 23651] loss: 0.52240
[  2, 23701] loss: 0.61409
[  2, 23751] loss: 0.54148
[  2, 23801] loss: 0.58744
[  2, 23851] loss: 0.60313
[  2, 23901] loss: 0.72782
[  2, 23951] loss: 0.69554
[  2, 24001] loss: 0.55540
[  2, 24051] loss: 0.53348
[  2, 24101] loss: 0.55257
[  2, 24151] loss: 0.49157
[  2, 24201] loss: 0.59647
[  2, 24251] loss: 0.80707
[  2, 24301] loss: 0.60582
[  2, 24351] loss: 0.61217
[  2, 24401] loss: 0.58406
[  2, 24451] loss: 0.58057
[  2, 24501] loss: 0.50490
[  2, 24551] loss: 0.51776
[  2, 24601] loss: 0.66705
[  2, 24651] loss: 0.60576
[  2, 24701] loss: 0.61677
[  2, 24751] loss: 0.53647
[  2, 24801] loss: 0.54297
[  2, 24851] loss: 0.62383
[  2, 24901] loss: 0.51825
[  2, 24951] loss: 0.60903
[  3,     1] loss: 0.56596
[  3,    51] loss: 0.53487
[  3,   101] loss: 0.48886
[  3,   151] loss: 0.50966
[  3,   201] loss: 0.49940
[  3,   251] loss: 0.72111
[  3,   301] loss: 0.52403
[  3,   351] loss: 0.52456
[  3,   401] loss: 0.46037
[  3,   451] loss: 0.59480
[  3,   501] loss: 0.49728
[  3,   551] loss: 0.59145
[  3,   601] loss: 0.42393
[  3,   651] loss: 0.50209
[  3,   701] loss: 0.53950
[  3,   751] loss: 0.44743
[  3,   801] loss: 0.74355
[  3,   851] loss: 0.69598
[  3,   901] loss: 0.56556
[  3,   951] loss: 0.56695
[  3,  1001] loss: 0.61536
[  3,  1051] loss: 0.52435
[  3,  1101] loss: 0.59984
[  3,  1151] loss: 0.65176
[  3,  1201] loss: 0.66553
[  3,  1251] loss: 0.65349
[  3,  1301] loss: 0.57340
[  3,  1351] loss: 0.60703
[  3,  1401] loss: 0.61338
[  3,  1451] loss: 0.54205
[  3,  1501] loss: 0.54234
[  3,  1551] loss: 0.51093
[  3,  1601] loss: 0.56399
[  3,  1651] loss: 0.52448
[  3,  1701] loss: 0.46088
[  3,  1751] loss: 0.61022
[  3,  1801] loss: 0.57318
[  3,  1851] loss: 0.58270
[  3,  1901] loss: 0.51355
[  3,  1951] loss: 0.53921
[  3,  2001] loss: 0.51797
[  3,  2051] loss: 0.55791
[  3,  2101] loss: 0.79492
[  3,  2151] loss: 0.61428
[  3,  2201] loss: 0.51622
[  3,  2251] loss: 0.48842
[  3,  2301] loss: 0.68121
[  3,  2351] loss: 0.55253
[  3,  2401] loss: 0.59130
[  3,  2451] loss: 0.48852
[  3,  2501] loss: 0.58062
[  3,  2551] loss: 0.59493
[  3,  2601] loss: 0.46179
[  3,  2651] loss: 0.62559
[  3,  2701] loss: 0.63424
[  3,  2751] loss: 0.59187
[  3,  2801] loss: 0.56780
[  3,  2851] loss: 0.51397
[  3,  2901] loss: 0.70849
[  3,  2951] loss: 0.66320
[  3,  3001] loss: 0.59303
[  3,  3051] loss: 0.48856
[  3,  3101] loss: 0.53941
[  3,  3151] loss: 0.45255
[  3,  3201] loss: 0.61592
[  3,  3251] loss: 0.60982
[  3,  3301] loss: 0.57303
[  3,  3351] loss: 0.65902
[  3,  3401] loss: 0.50551
[  3,  3451] loss: 0.53860
[  3,  3501] loss: 0.63491
[  3,  3551] loss: 0.51515
[  3,  3601] loss: 0.61637
[  3,  3651] loss: 0.61240
[  3,  3701] loss: 0.55223
[  3,  3751] loss: 0.53767
[  3,  3801] loss: 0.54788
[  3,  3851] loss: 0.67720
[  3,  3901] loss: 0.54009
[  3,  3951] loss: 0.60755
[  3,  4001] loss: 0.60456
[  3,  4051] loss: 0.57250
[  3,  4101] loss: 0.56555
[  3,  4151] loss: 0.50678
[  3,  4201] loss: 0.49009
[  3,  4251] loss: 0.72318
[  3,  4301] loss: 0.59548
[  3,  4351] loss: 0.62345
[  3,  4401] loss: 0.50230
[  3,  4451] loss: 0.56180
[  3,  4501] loss: 0.65490
[  3,  4551] loss: 0.56295
[  3,  4601] loss: 0.58316
[  3,  4651] loss: 0.56936
[  3,  4701] loss: 0.59491
[  3,  4751] loss: 0.56350
[  3,  4801] loss: 0.48311
[  3,  4851] loss: 0.48169
[  3,  4901] loss: 0.65529
[  3,  4951] loss: 0.53749
[  3,  5001] loss: 0.62002
[  3,  5051] loss: 0.69261
[  3,  5101] loss: 0.45449
[  3,  5151] loss: 0.53527
[  3,  5201] loss: 0.50254
[  3,  5251] loss: 0.66568
[  3,  5301] loss: 0.68915
[  3,  5351] loss: 0.64230
[  3,  5401] loss: 0.54034
[  3,  5451] loss: 0.56130
[  3,  5501] loss: 0.58975
[  3,  5551] loss: 0.47830
[  3,  5601] loss: 0.64927
[  3,  5651] loss: 0.52778
[  3,  5701] loss: 0.42296
[  3,  5751] loss: 0.66040
[  3,  5801] loss: 0.57154
[  3,  5851] loss: 0.65969
[  3,  5901] loss: 0.60740
[  3,  5951] loss: 0.53156
[  3,  6001] loss: 0.58734
[  3,  6051] loss: 0.56359
[  3,  6101] loss: 0.41919
[  3,  6151] loss: 0.70540
[  3,  6201] loss: 0.98607
[  3,  6251] loss: 0.63103
[  3,  6301] loss: 0.58085
[  3,  6351] loss: 0.59754
[  3,  6401] loss: 0.55762
[  3,  6451] loss: 0.58204
[  3,  6501] loss: 0.62439
[  3,  6551] loss: 0.62618
[  3,  6601] loss: 0.60857
[  3,  6651] loss: 0.58886
[  3,  6701] loss: 0.49611
[  3,  6751] loss: 0.59072
[  3,  6801] loss: 0.61002
[  3,  6851] loss: 0.45737
[  3,  6901] loss: 0.86302
[  3,  6951] loss: 0.59097
[  3,  7001] loss: 0.57320
[  3,  7051] loss: 0.48905
[  3,  7101] loss: 0.52262
[  3,  7151] loss: 0.54490
[  3,  7201] loss: 0.51243
[  3,  7251] loss: 0.68408
[  3,  7301] loss: 0.52250
[  3,  7351] loss: 0.48452
[  3,  7401] loss: 0.61889
[  3,  7451] loss: 0.52720
[  3,  7501] loss: 0.45757
[  3,  7551] loss: 0.64398
[  3,  7601] loss: 0.50629
[  3,  7651] loss: 0.54166
[  3,  7701] loss: 0.46101
[  3,  7751] loss: 0.48133
[  3,  7801] loss: 0.61283
[  3,  7851] loss: 0.84051
[  3,  7901] loss: 0.60465
[  3,  7951] loss: 0.57125
[  3,  8001] loss: 0.49438
[  3,  8051] loss: 0.58634
[  3,  8101] loss: 0.52112
[  3,  8151] loss: 0.48440
[  3,  8201] loss: 0.57502
[  3,  8251] loss: 0.55782
[  3,  8301] loss: 0.63419
[  3,  8351] loss: 0.65733
[  3,  8401] loss: 0.63627
[  3,  8451] loss: 0.58828
[  3,  8501] loss: 0.59522
[  3,  8551] loss: 0.70420
[  3,  8601] loss: 0.47586
[  3,  8651] loss: 0.52309
[  3,  8701] loss: 0.44408
[  3,  8751] loss: 0.66050
[  3,  8801] loss: 0.65213
[  3,  8851] loss: 0.60253
[  3,  8901] loss: 0.60522
[  3,  8951] loss: 0.56232
[  3,  9001] loss: 0.52640
[  3,  9051] loss: 0.47930
[  3,  9101] loss: 0.52501
[  3,  9151] loss: 0.54327
[  3,  9201] loss: 0.48682
[  3,  9251] loss: 0.53850
[  3,  9301] loss: 0.52997
[  3,  9351] loss: 0.59910
[  3,  9401] loss: 0.54740
[  3,  9451] loss: 0.45363
[  3,  9501] loss: 0.46642
[  3,  9551] loss: 0.40089
[  3,  9601] loss: 0.47908
[  3,  9651] loss: 0.56955
[  3,  9701] loss: 0.75798
[  3,  9751] loss: 0.63458
[  3,  9801] loss: 0.50265
[  3,  9851] loss: 0.65447
[  3,  9901] loss: 0.50605
[  3,  9951] loss: 0.58435
[  3, 10001] loss: 0.52873
[  3, 10051] loss: 0.57608
[  3, 10101] loss: 0.53132
[  3, 10151] loss: 0.51488
[  3, 10201] loss: 0.44684
[  3, 10251] loss: 0.44783
[  3, 10301] loss: 0.70281
[  3, 10351] loss: 0.75447
[  3, 10401] loss: 0.49904
[  3, 10451] loss: 0.46708
[  3, 10501] loss: 0.55353
[  3, 10551] loss: 0.53523
[  3, 10601] loss: 0.46713
[  3, 10651] loss: 0.46247
[  3, 10701] loss: 0.65973
[  3, 10751] loss: 0.76589
[  3, 10801] loss: 0.48400
[  3, 10851] loss: 0.43866
[  3, 10901] loss: 0.50313
[  3, 10951] loss: 0.51889
[  3, 11001] loss: 0.61074
[  3, 11051] loss: 0.56984
[  3, 11101] loss: 0.48241
[  3, 11151] loss: 0.49756
[  3, 11201] loss: 0.63028
[  3, 11251] loss: 0.51354
[  3, 11301] loss: 0.63706
[  3, 11351] loss: 0.63939
[  3, 11401] loss: 0.48616
[  3, 11451] loss: 0.56125
[  3, 11501] loss: 0.52920
[  3, 11551] loss: 0.44331
[  3, 11601] loss: 0.59059
[  3, 11651] loss: 0.46353
[  3, 11701] loss: 0.53942
[  3, 11751] loss: 0.70128
[  3, 11801] loss: 0.56305
[  3, 11851] loss: 0.65012
[  3, 11901] loss: 0.59801
[  3, 11951] loss: 0.47302
[  3, 12001] loss: 0.39466
[  3, 12051] loss: 0.56471
[  3, 12101] loss: 0.54752
[  3, 12151] loss: 0.37871
[  3, 12201] loss: 0.43357
[  3, 12251] loss: 0.61294
[  3, 12301] loss: 0.73055
[  3, 12351] loss: 0.57242
[  3, 12401] loss: 0.58563
[  3, 12451] loss: 0.52474
[  3, 12501] loss: 0.54411
[  3, 12551] loss: 0.40184
[  3, 12601] loss: 0.47751
[  3, 12651] loss: 0.50782
[  3, 12701] loss: 0.79583
[  3, 12751] loss: 0.52204
[  3, 12801] loss: 0.50744
[  3, 12851] loss: 0.53078
[  3, 12901] loss: 0.47617
[  3, 12951] loss: 0.51372
[  3, 13001] loss: 0.49791
[  3, 13051] loss: 0.52758
[  3, 13101] loss: 0.45659
[  3, 13151] loss: 0.75370
[  3, 13201] loss: 0.55409
[  3, 13251] loss: 0.52146
[  3, 13301] loss: 0.50073
[  3, 13351] loss: 0.50068
[  3, 13401] loss: 0.44453
[  3, 13451] loss: 0.52674
[  3, 13501] loss: 0.61176
[  3, 13551] loss: 0.87199
[  3, 13601] loss: 0.58337
[  3, 13651] loss: 0.59669
[  3, 13701] loss: 0.41757
[  3, 13751] loss: 0.52954
[  3, 13801] loss: 0.44083
[  3, 13851] loss: 0.59033
[  3, 13901] loss: 0.66612
[  3, 13951] loss: 0.50738
[  3, 14001] loss: 0.52314
[  3, 14051] loss: 0.53127
[  3, 14101] loss: 0.52915
[  3, 14151] loss: 0.60476
[  3, 14201] loss: 0.43787
[  3, 14251] loss: 0.45017
[  3, 14301] loss: 0.46883
[  3, 14351] loss: 0.46573
[  3, 14401] loss: 0.40536
[  3, 14451] loss: 0.60620
[  3, 14501] loss: 0.53650
[  3, 14551] loss: 0.58786
[  3, 14601] loss: 0.59964
[  3, 14651] loss: 0.58165
[  3, 14701] loss: 0.46605
[  3, 14751] loss: 0.49267
[  3, 14801] loss: 0.35658
[  3, 14851] loss: 0.46377
[  3, 14901] loss: 0.54362
[  3, 14951] loss: 0.62469
[  3, 15001] loss: 0.65290
[  3, 15051] loss: 0.59625
[  3, 15101] loss: 0.58311
[  3, 15151] loss: 0.50456
[  3, 15201] loss: 0.64150
[  3, 15251] loss: 0.53415
[  3, 15301] loss: 0.64685
[  3, 15351] loss: 0.52937
[  3, 15401] loss: 0.61418
[  3, 15451] loss: 0.52029
[  3, 15501] loss: 0.56518
[  3, 15551] loss: 0.49777
[  3, 15601] loss: 0.48397
[  3, 15651] loss: 0.45062
[  3, 15701] loss: 0.50816
[  3, 15751] loss: 0.61248
[  3, 15801] loss: 0.69109
[  3, 15851] loss: 0.52596
[  3, 15901] loss: 0.53200
[  3, 15951] loss: 0.59802
[  3, 16001] loss: 0.48957
[  3, 16051] loss: 0.48219
[  3, 16101] loss: 0.46189
[  3, 16151] loss: 0.42364
[  3, 16201] loss: 0.52468
[  3, 16251] loss: 0.38370
[  3, 16301] loss: 0.37891
[  3, 16351] loss: 0.96074
[  3, 16401] loss: 0.68373
[  3, 16451] loss: 0.59935
[  3, 16501] loss: 0.47398
[  3, 16551] loss: 0.68308
[  3, 16601] loss: 0.37141
[  3, 16651] loss: 0.58384
[  3, 16701] loss: 0.65847
[  3, 16751] loss: 0.52961
[  3, 16801] loss: 0.56702
[  3, 16851] loss: 0.53704
[  3, 16901] loss: 0.58815
[  3, 16951] loss: 0.51584
[  3, 17001] loss: 0.42926
[  3, 17051] loss: 0.39506
[  3, 17101] loss: 0.50628
[  3, 17151] loss: 0.50838
[  3, 17201] loss: 0.60106
[  3, 17251] loss: 0.68167
[  3, 17301] loss: 0.60569
[  3, 17351] loss: 0.52655
[  3, 17401] loss: 0.54113
[  3, 17451] loss: 0.57069
[  3, 17501] loss: 0.53048
[  3, 17551] loss: 0.56301
[  3, 17601] loss: 0.51554
[  3, 17651] loss: 0.43896
[  3, 17701] loss: 0.35636
[  3, 17751] loss: 0.50396
[  3, 17801] loss: 0.76073
[  3, 17851] loss: 1.04498
[  3, 17901] loss: 0.46772
[  3, 17951] loss: 0.54308
[  3, 18001] loss: 0.53524
[  3, 18051] loss: 0.59335
[  3, 18101] loss: 0.52163
[  3, 18151] loss: 0.49741
[  3, 18201] loss: 0.47050
[  3, 18251] loss: 0.45246
[  3, 18301] loss: 0.46416
[  3, 18351] loss: 0.46322
[  3, 18401] loss: 0.35785
[  3, 18451] loss: 0.48887
[  3, 18501] loss: 0.34208
[  3, 18551] loss: 0.76149
[  3, 18601] loss: 1.22368
[  3, 18651] loss: 0.74361
[  3, 18701] loss: 0.45001
[  3, 18751] loss: 0.48765
[  3, 18801] loss: 0.46751
[  3, 18851] loss: 0.54021
[  3, 18901] loss: 0.44585
[  3, 18951] loss: 0.42411
[  3, 19001] loss: 0.42489
[  3, 19051] loss: 0.44085
[  3, 19101] loss: 0.43490
[  3, 19151] loss: 0.58375
[  3, 19201] loss: 0.43531
[  3, 19251] loss: 0.56198
[  3, 19301] loss: 0.55861
[  3, 19351] loss: 0.38694
[  3, 19401] loss: 0.35634
[  3, 19451] loss: 0.40359
[  3, 19501] loss: 0.64851
[  3, 19551] loss: 0.83864
[  3, 19601] loss: 0.45348
[  3, 19651] loss: 0.53843
[  3, 19701] loss: 0.52491
[  3, 19751] loss: 0.41975
[  3, 19801] loss: 0.39463
[  3, 19851] loss: 0.35947
[  3, 19901] loss: 0.60641
[  3, 19951] loss: 0.48167
[  3, 20001] loss: 0.46545
[  3, 20051] loss: 0.50102
[  3, 20101] loss: 0.66633
[  3, 20151] loss: 0.58291
[  3, 20201] loss: 0.45135
[  3, 20251] loss: 0.51542
[  3, 20301] loss: 0.63426
[  3, 20351] loss: 0.44239
[  3, 20401] loss: 0.48956
[  3, 20451] loss: 0.52829
[  3, 20501] loss: 0.68040
[  3, 20551] loss: 0.74863
[  3, 20601] loss: 0.56641
[  3, 20651] loss: 0.55193
[  3, 20701] loss: 0.49101
[  3, 20751] loss: 0.56246
[  3, 20801] loss: 0.53254
[  3, 20851] loss: 0.58668
[  3, 20901] loss: 0.56010
[  3, 20951] loss: 0.57262
[  3, 21001] loss: 0.49823
[  3, 21051] loss: 0.62388
[  3, 21101] loss: 0.53759
[  3, 21151] loss: 0.43151
[  3, 21201] loss: 0.54961
[  3, 21251] loss: 0.43315
[  3, 21301] loss: 0.44914
[  3, 21351] loss: 0.61383
[  3, 21401] loss: 0.75085
[  3, 21451] loss: 0.63070
[  3, 21501] loss: 0.48609
[  3, 21551] loss: 0.57101
[  3, 21601] loss: 0.44537
[  3, 21651] loss: 0.58862
[  3, 21701] loss: 0.54192
[  3, 21751] loss: 0.49578
[  3, 21801] loss: 0.39787
[  3, 21851] loss: 0.41930
[  3, 21901] loss: 0.45757
[  3, 21951] loss: 0.59539
[  3, 22001] loss: 0.70182
[  3, 22051] loss: 0.56659
[  3, 22101] loss: 0.44200
[  3, 22151] loss: 0.54375
[  3, 22201] loss: 0.60632
[  3, 22251] loss: 0.44840
[  3, 22301] loss: 0.58779
[  3, 22351] loss: 0.50080
[  3, 22401] loss: 0.40239
[  3, 22451] loss: 0.50641
[  3, 22501] loss: 0.51755
[  3, 22551] loss: 0.59801
[  3, 22601] loss: 0.47787
[  3, 22651] loss: 0.49292
[  3, 22701] loss: 0.39530
[  3, 22751] loss: 0.53084
[  3, 22801] loss: 0.54092
[  3, 22851] loss: 0.38256
[  3, 22901] loss: 0.46282
[  3, 22951] loss: 0.48119
[  3, 23001] loss: 0.63446
[  3, 23051] loss: 0.57990
[  3, 23101] loss: 0.49905
[  3, 23151] loss: 0.41656
[  3, 23201] loss: 0.53275
[  3, 23251] loss: 0.48279
[  3, 23301] loss: 0.44981
[  3, 23351] loss: 0.40920
[  3, 23401] loss: 0.43702
[  3, 23451] loss: 0.70236
[  3, 23501] loss: 1.03107
[  3, 23551] loss: 0.58730
[  3, 23601] loss: 0.48492
[  3, 23651] loss: 0.45754
[  3, 23701] loss: 0.48398
[  3, 23751] loss: 0.42838
[  3, 23801] loss: 0.52665
[  3, 23851] loss: 0.64805
[  3, 23901] loss: 0.76144
[  3, 23951] loss: 0.63458
[  3, 24001] loss: 0.51721
[  3, 24051] loss: 0.43700
[  3, 24101] loss: 0.42978
[  3, 24151] loss: 0.37600
[  3, 24201] loss: 0.62620
[  3, 24251] loss: 0.91933
[  3, 24301] loss: 0.59064
[  3, 24351] loss: 0.52532
[  3, 24401] loss: 0.46125
[  3, 24451] loss: 0.53637
[  3, 24501] loss: 0.41894
[  3, 24551] loss: 0.42929
[  3, 24601] loss: 0.54677
[  3, 24651] loss: 0.46053
[  3, 24701] loss: 0.43827
[  3, 24751] loss: 0.41735
[  3, 24801] loss: 0.41305
[  3, 24851] loss: 0.46401
[  3, 24901] loss: 0.44733
[  3, 24951] loss: 0.61729
[  4,     1] loss: 0.59689
[  4,    51] loss: 0.49295
[  4,   101] loss: 0.38862
[  4,   151] loss: 0.41139
[  4,   201] loss: 0.34619
[  4,   251] loss: 0.77908
[  4,   301] loss: 0.95388
[  4,   351] loss: 0.49895
[  4,   401] loss: 0.42678
[  4,   451] loss: 0.37852
[  4,   501] loss: 0.57806
[  4,   551] loss: 0.88989
[  4,   601] loss: 0.38192
[  4,   651] loss: 0.43795
[  4,   701] loss: 0.49279
[  4,   751] loss: 0.39489
[  4,   801] loss: 0.60485
[  4,   851] loss: 0.56309
[  4,   901] loss: 0.44607
[  4,   951] loss: 0.58304
[  4,  1001] loss: 0.64859
[  4,  1051] loss: 0.46927
[  4,  1101] loss: 0.50574
[  4,  1151] loss: 0.49742
[  4,  1201] loss: 0.55625
[  4,  1251] loss: 0.57563
[  4,  1301] loss: 0.51496
[  4,  1351] loss: 0.57785
[  4,  1401] loss: 0.56276
[  4,  1451] loss: 0.48081
[  4,  1501] loss: 0.47535
[  4,  1551] loss: 0.40798
[  4,  1601] loss: 0.44734
[  4,  1651] loss: 0.46967
[  4,  1701] loss: 0.36009
[  4,  1751] loss: 0.50465
[  4,  1801] loss: 0.38717
[  4,  1851] loss: 0.42709
[  4,  1901] loss: 0.47359
[  4,  1951] loss: 0.75198
[  4,  2001] loss: 0.76796
[  4,  2051] loss: 0.42765
[  4,  2101] loss: 0.47097
[  4,  2151] loss: 0.47039
[  4,  2201] loss: 0.47086
[  4,  2251] loss: 0.55025
[  4,  2301] loss: 0.70583
[  4,  2351] loss: 0.47298
[  4,  2401] loss: 0.53552
[  4,  2451] loss: 0.43087
[  4,  2501] loss: 0.50824
[  4,  2551] loss: 0.51420
[  4,  2601] loss: 0.37771
[  4,  2651] loss: 0.55734
[  4,  2701] loss: 0.50605
[  4,  2751] loss: 0.51324
[  4,  2801] loss: 0.47242
[  4,  2851] loss: 0.41005
[  4,  2901] loss: 0.63985
[  4,  2951] loss: 0.53428
[  4,  3001] loss: 0.48865
[  4,  3051] loss: 0.37579
[  4,  3101] loss: 0.44996
[  4,  3151] loss: 0.34687
[  4,  3201] loss: 0.46218
[  4,  3251] loss: 0.46467
[  4,  3301] loss: 0.39227
[  4,  3351] loss: 0.54992
[  4,  3401] loss: 0.37259
[  4,  3451] loss: 0.42099
[  4,  3501] loss: 0.61266
[  4,  3551] loss: 0.70416
[  4,  3601] loss: 0.77121
[  4,  3651] loss: 0.50602
[  4,  3701] loss: 0.48614
[  4,  3751] loss: 0.44774
[  4,  3801] loss: 0.46250
[  4,  3851] loss: 0.58909
[  4,  3901] loss: 0.44242
[  4,  3951] loss: 0.51638
[  4,  4001] loss: 0.48068
[  4,  4051] loss: 0.45822
[  4,  4101] loss: 0.42421
[  4,  4151] loss: 0.39200
[  4,  4201] loss: 0.39185
[  4,  4251] loss: 0.68030
[  4,  4301] loss: 0.57388
[  4,  4351] loss: 0.60271
[  4,  4401] loss: 0.40580
[  4,  4451] loss: 0.44184
[  4,  4501] loss: 0.55052
[  4,  4551] loss: 0.45997
[  4,  4601] loss: 0.54744
[  4,  4651] loss: 0.46081
[  4,  4701] loss: 0.49113
[  4,  4751] loss: 0.49013
[  4,  4801] loss: 0.39536
[  4,  4851] loss: 0.40116
[  4,  4901] loss: 0.65481
[  4,  4951] loss: 0.51931
[  4,  5001] loss: 0.55608
[  4,  5051] loss: 0.65535
[  4,  5101] loss: 0.39521
[  4,  5151] loss: 0.53428
[  4,  5201] loss: 0.46621
[  4,  5251] loss: 0.55683
[  4,  5301] loss: 0.51343
[  4,  5351] loss: 0.49408
[  4,  5401] loss: 0.43637
[  4,  5451] loss: 0.44725
[  4,  5501] loss: 0.60172
[  4,  5551] loss: 0.60095
[  4,  5601] loss: 0.69119
[  4,  5651] loss: 0.47725
[  4,  5701] loss: 0.37081
[  4,  5751] loss: 0.53140
[  4,  5801] loss: 0.46316
[  4,  5851] loss: 0.56149
[  4,  5901] loss: 0.54375
[  4,  5951] loss: 0.52669
[  4,  6001] loss: 0.52160
[  4,  6051] loss: 0.46073
[  4,  6101] loss: 0.37318
[  4,  6151] loss: 0.66745
[  4,  6201] loss: 1.06490
[  4,  6251] loss: 0.62236
[  4,  6301] loss: 0.53253
[  4,  6351] loss: 0.51193
[  4,  6401] loss: 0.47036
[  4,  6451] loss: 0.45069
[  4,  6501] loss: 0.41485
[  4,  6551] loss: 0.48556
[  4,  6601] loss: 0.57666
[  4,  6651] loss: 0.52343
[  4,  6701] loss: 0.42295
[  4,  6751] loss: 0.45016
[  4,  6801] loss: 0.50906
[  4,  6851] loss: 0.36278
[  4,  6901] loss: 0.63902
[  4,  6951] loss: 0.55094
[  4,  7001] loss: 0.54349
[  4,  7051] loss: 0.41937
[  4,  7101] loss: 0.46377
[  4,  7151] loss: 0.41135
[  4,  7201] loss: 0.41044
[  4,  7251] loss: 0.60113
[  4,  7301] loss: 0.48856
[  4,  7351] loss: 0.44051
[  4,  7401] loss: 0.43313
[  4,  7451] loss: 0.42613
[  4,  7501] loss: 0.37377
[  4,  7551] loss: 0.65508
[  4,  7601] loss: 0.53988
[  4,  7651] loss: 0.54152
[  4,  7701] loss: 0.46535
[  4,  7751] loss: 0.41031
[  4,  7801] loss: 0.58867
[  4,  7851] loss: 0.39338
[  4,  7901] loss: 0.70164
[  4,  7951] loss: 0.54524
[  4,  8001] loss: 0.38955
[  4,  8051] loss: 0.42814
[  4,  8101] loss: 0.44170
[  4,  8151] loss: 0.42991
[  4,  8201] loss: 0.49758
[  4,  8251] loss: 0.52305
[  4,  8301] loss: 0.55181
[  4,  8351] loss: 0.56805
[  4,  8401] loss: 0.62966
[  4,  8451] loss: 0.55540
[  4,  8501] loss: 0.50552
[  4,  8551] loss: 0.59941
[  4,  8601] loss: 0.35946
[  4,  8651] loss: 0.37484
[  4,  8701] loss: 0.29047
[  4,  8751] loss: 0.47687
[  4,  8801] loss: 0.71432
[  4,  8851] loss: 0.63468
[  4,  8901] loss: 0.80415
[  4,  8951] loss: 0.54465
[  4,  9001] loss: 0.48575
[  4,  9051] loss: 0.39775
[  4,  9101] loss: 0.38792
[  4,  9151] loss: 0.49602
[  4,  9201] loss: 0.71901
[  4,  9251] loss: 0.47987
[  4,  9301] loss: 0.44906
[  4,  9351] loss: 0.47688
[  4,  9401] loss: 0.38360
[  4,  9451] loss: 0.33591
[  4,  9501] loss: 0.57314
[  4,  9551] loss: 0.61880
[  4,  9601] loss: 0.42131
[  4,  9651] loss: 0.39215
[  4,  9701] loss: 0.29806
[  4,  9751] loss: 0.59085
[  4,  9801] loss: 0.72007
[  4,  9851] loss: 0.71530
[  4,  9901] loss: 0.48638
[  4,  9951] loss: 0.50083
[  4, 10001] loss: 0.43136
[  4, 10051] loss: 0.50207
[  4, 10101] loss: 0.53490
[  4, 10151] loss: 0.50882
[  4, 10201] loss: 0.39277
[  4, 10251] loss: 0.45289
[  4, 10301] loss: 0.73264
[  4, 10351] loss: 0.62983
[  4, 10401] loss: 0.43775
[  4, 10451] loss: 0.40377
[  4, 10501] loss: 0.44278
[  4, 10551] loss: 0.49832
[  4, 10601] loss: 0.37817
[  4, 10651] loss: 0.32480
[  4, 10701] loss: 0.52791
[  4, 10751] loss: 0.65548
[  4, 10801] loss: 0.53262
[  4, 10851] loss: 0.34348
[  4, 10901] loss: 0.53230
[  4, 10951] loss: 0.64481
[  4, 11001] loss: 0.51646
[  4, 11051] loss: 0.41644
[  4, 11101] loss: 0.52725
[  4, 11151] loss: 0.64874
[  4, 11201] loss: 0.57552
[  4, 11251] loss: 0.43445
[  4, 11301] loss: 0.46725
[  4, 11351] loss: 0.53164
[  4, 11401] loss: 0.37248
[  4, 11451] loss: 0.51016
[  4, 11501] loss: 0.44222
[  4, 11551] loss: 0.33702
[  4, 11601] loss: 0.45129
[  4, 11651] loss: 0.31669
[  4, 11701] loss: 0.49912
[  4, 11751] loss: 0.71858
[  4, 11801] loss: 0.63565
[  4, 11851] loss: 0.53189
[  4, 11901] loss: 0.52823
[  4, 11951] loss: 0.37677
[  4, 12001] loss: 0.34136
[  4, 12051] loss: 0.47527
[  4, 12101] loss: 0.45231
[  4, 12151] loss: 0.31046
[  4, 12201] loss: 0.46085
[  4, 12251] loss: 0.55271
[  4, 12301] loss: 0.47326
[  4, 12351] loss: 0.49837
[  4, 12401] loss: 0.53064
[  4, 12451] loss: 0.42069
[  4, 12501] loss: 0.38657
[  4, 12551] loss: 0.27094
[  4, 12601] loss: 0.35316
[  4, 12651] loss: 0.46018
[  4, 12701] loss: 1.29862
[  4, 12751] loss: 0.61357
[  4, 12801] loss: 0.43189
[  4, 12851] loss: 0.48360
[  4, 12901] loss: 0.36433
[  4, 12951] loss: 0.49531
[  4, 13001] loss: 0.71708
[  4, 13051] loss: 0.47325
[  4, 13101] loss: 0.36548
[  4, 13151] loss: 0.58965
[  4, 13201] loss: 0.48942
[  4, 13251] loss: 0.49740
[  4, 13301] loss: 0.40629
[  4, 13351] loss: 0.43324
[  4, 13401] loss: 0.37740
[  4, 13451] loss: 0.36830
[  4, 13501] loss: 0.41704
[  4, 13551] loss: 0.37854
[  4, 13601] loss: 0.41797
[  4, 13651] loss: 0.78224
[  4, 13701] loss: 0.38843
[  4, 13751] loss: 0.42797
[  4, 13801] loss: 0.41203
[  4, 13851] loss: 0.62862
[  4, 13901] loss: 0.54049
[  4, 13951] loss: 0.43141
[  4, 14001] loss: 0.34777
[  4, 14051] loss: 0.41957
[  4, 14101] loss: 0.36959
[  4, 14151] loss: 0.35766
[  4, 14201] loss: 0.39482
[  4, 14251] loss: 1.18049
[  4, 14301] loss: 0.81085
[  4, 14351] loss: 0.49439
[  4, 14401] loss: 0.36113
[  4, 14451] loss: 0.46455
[  4, 14501] loss: 0.38909
[  4, 14551] loss: 0.41422
[  4, 14601] loss: 0.37662
[  4, 14651] loss: 0.50453
[  4, 14701] loss: 0.53343
[  4, 14751] loss: 0.52486
[  4, 14801] loss: 0.36272
[  4, 14851] loss: 0.35018
[  4, 14901] loss: 0.34550
[  4, 14951] loss: 0.37625
[  4, 15001] loss: 0.46172
[  4, 15051] loss: 0.48683
[  4, 15101] loss: 0.69979
[  4, 15151] loss: 0.64243
[  4, 15201] loss: 0.60052
[  4, 15251] loss: 0.45357
[  4, 15301] loss: 0.54426
[  4, 15351] loss: 0.47520
[  4, 15401] loss: 0.51008
[  4, 15451] loss: 0.46734
[  4, 15501] loss: 0.49500
[  4, 15551] loss: 0.36794
[  4, 15601] loss: 0.30621
[  4, 15651] loss: 0.27209
[  4, 15701] loss: 0.39178
[  4, 15751] loss: 0.72084
[  4, 15801] loss: 0.88505
[  4, 15851] loss: 0.49188
[  4, 15901] loss: 0.51671
[  4, 15951] loss: 0.52913
[  4, 16001] loss: 0.38870
[  4, 16051] loss: 0.34849
[  4, 16101] loss: 0.39427
[  4, 16151] loss: 0.48408
[  4, 16201] loss: 0.53963
[  4, 16251] loss: 0.37607
[  4, 16301] loss: 0.29425
[  4, 16351] loss: 0.58400
[  4, 16401] loss: 0.43237
[  4, 16451] loss: 0.44979
[  4, 16501] loss: 0.59796
[  4, 16551] loss: 0.94264
[  4, 16601] loss: 0.35799
[  4, 16651] loss: 0.54917
[  4, 16701] loss: 0.48490
[  4, 16751] loss: 0.44369
[  4, 16801] loss: 0.46372
[  4, 16851] loss: 0.42615
[  4, 16901] loss: 0.47881
[  4, 16951] loss: 0.48465
[  4, 17001] loss: 0.42340
[  4, 17051] loss: 0.34282
[  4, 17101] loss: 0.40283
[  4, 17151] loss: 0.39043
[  4, 17201] loss: 0.53430
[  4, 17251] loss: 0.43702
[  4, 17301] loss: 0.50872
[  4, 17351] loss: 0.45406
[  4, 17401] loss: 0.50995
[  4, 17451] loss: 0.58823
[  4, 17501] loss: 0.50398
[  4, 17551] loss: 0.47498
[  4, 17601] loss: 0.41696
[  4, 17651] loss: 0.37009
[  4, 17701] loss: 0.29370
[  4, 17751] loss: 0.34347
[  4, 17801] loss: 0.52233
[  4, 17851] loss: 0.61454
[  4, 17901] loss: 0.39525
[  4, 17951] loss: 0.47052
[  4, 18001] loss: 0.45486
[  4, 18051] loss: 0.48023
[  4, 18101] loss: 0.50533
[  4, 18151] loss: 0.45819
[  4, 18201] loss: 0.44891
[  4, 18251] loss: 0.35531
[  4, 18301] loss: 0.35392
[  4, 18351] loss: 0.30212
[  4, 18401] loss: 0.25835
[  4, 18451] loss: 0.76878
[  4, 18501] loss: 0.71534
[  4, 18551] loss: 0.54409
[  4, 18601] loss: 0.41552
[  4, 18651] loss: 0.41354
[  4, 18701] loss: 0.29287
[  4, 18751] loss: 0.37710
[  4, 18801] loss: 0.45431
[  4, 18851] loss: 0.50494
[  4, 18901] loss: 0.35979
[  4, 18951] loss: 0.35625
[  4, 19001] loss: 0.39619
[  4, 19051] loss: 0.53572
[  4, 19101] loss: 0.55619
[  4, 19151] loss: 0.66536
[  4, 19201] loss: 0.49496
[  4, 19251] loss: 0.45241
[  4, 19301] loss: 0.44134
[  4, 19351] loss: 0.31722
[  4, 19401] loss: 0.27759
[  4, 19451] loss: 0.29284
[  4, 19501] loss: 0.40775
[  4, 19551] loss: 0.60320
[  4, 19601] loss: 0.34518
[  4, 19651] loss: 0.35802
[  4, 19701] loss: 0.61085
[  4, 19751] loss: 0.69968
[  4, 19801] loss: 0.48249
[  4, 19851] loss: 0.33149
[  4, 19901] loss: 0.44226
[  4, 19951] loss: 0.43994
[  4, 20001] loss: 0.62488
[  4, 20051] loss: 0.62038
[  4, 20101] loss: 0.44407
[  4, 20151] loss: 0.47667
[  4, 20201] loss: 0.41334
[  4, 20251] loss: 0.43826
[  4, 20301] loss: 0.51128
[  4, 20351] loss: 0.34165
[  4, 20401] loss: 0.38854
[  4, 20451] loss: 0.43555
[  4, 20501] loss: 0.61258
[  4, 20551] loss: 0.75745
[  4, 20601] loss: 0.52989
[  4, 20651] loss: 0.47888
[  4, 20701] loss: 0.45131
[  4, 20751] loss: 0.43817
[  4, 20801] loss: 0.45523
[  4, 20851] loss: 0.50261
[  4, 20901] loss: 0.48201
[  4, 20951] loss: 0.42240
[  4, 21001] loss: 0.46991
[  4, 21051] loss: 0.56944
[  4, 21101] loss: 0.52957
[  4, 21151] loss: 0.40055
[  4, 21201] loss: 0.42113
[  4, 21251] loss: 0.30841
[  4, 21301] loss: 0.42597
[  4, 21351] loss: 0.61353
[  4, 21401] loss: 0.61649
[  4, 21451] loss: 0.56541
[  4, 21501] loss: 0.48344
[  4, 21551] loss: 0.48743
[  4, 21601] loss: 0.43705
[  4, 21651] loss: 0.48525
[  4, 21701] loss: 0.47360
[  4, 21751] loss: 0.43545
[  4, 21801] loss: 0.29140
[  4, 21851] loss: 0.29433
[  4, 21901] loss: 0.34699
[  4, 21951] loss: 0.56307
[  4, 22001] loss: 0.61006
[  4, 22051] loss: 0.46304
[  4, 22101] loss: 0.38936
[  4, 22151] loss: 0.50804
[  4, 22201] loss: 0.61915
[  4, 22251] loss: 0.44786
[  4, 22301] loss: 0.49332
[  4, 22351] loss: 0.43635
[  4, 22401] loss: 0.31647
[  4, 22451] loss: 0.35929
[  4, 22501] loss: 0.39978
[  4, 22551] loss: 0.54734
[  4, 22601] loss: 0.48216
[  4, 22651] loss: 0.44906
[  4, 22701] loss: 0.35777
[  4, 22751] loss: 0.67943
[  4, 22801] loss: 0.50624
[  4, 22851] loss: 0.34117
[  4, 22901] loss: 0.37238
[  4, 22951] loss: 0.48151
[  4, 23001] loss: 0.53642
[  4, 23051] loss: 0.52995
[  4, 23101] loss: 0.38479
[  4, 23151] loss: 0.31040
[  4, 23201] loss: 0.35643
[  4, 23251] loss: 0.38488
[  4, 23301] loss: 0.60943
[  4, 23351] loss: 1.21180
[  4, 23401] loss: 0.54596
[  4, 23451] loss: 0.41240
[  4, 23501] loss: 0.52581
[  4, 23551] loss: 0.48874
[  4, 23601] loss: 0.40709
[  4, 23651] loss: 0.38910
[  4, 23701] loss: 0.34469
[  4, 23751] loss: 0.28796
[  4, 23801] loss: 0.37107
[  4, 23851] loss: 0.49723
[  4, 23901] loss: 0.69521
[  4, 23951] loss: 0.59613
[  4, 24001] loss: 0.47663
[  4, 24051] loss: 0.38989
[  4, 24101] loss: 0.37600
[  4, 24151] loss: 0.27511
[  4, 24201] loss: 0.36209
[  4, 24251] loss: 0.55982
[  4, 24301] loss: 0.37088
[  4, 24351] loss: 0.42009
[  4, 24401] loss: 0.37924
[  4, 24451] loss: 0.47829
[  4, 24501] loss: 0.46375
[  4, 24551] loss: 0.42567
[  4, 24601] loss: 0.49265
[  4, 24651] loss: 0.66378
[  4, 24701] loss: 0.41564
[  4, 24751] loss: 0.37771
[  4, 24801] loss: 0.35959
[  4, 24851] loss: 0.33968
[  4, 24901] loss: 0.46936
[  4, 24951] loss: 0.63445
[  5,     1] loss: 0.64331
[  5,    51] loss: 0.42798
[  5,   101] loss: 0.28478
[  5,   151] loss: 0.28443
[  5,   201] loss: 0.20906
[  5,   251] loss: 0.45966
[  5,   301] loss: 0.66128
[  5,   351] loss: 0.65575
[  5,   401] loss: 0.39077
[  5,   451] loss: 0.32391
[  5,   501] loss: 0.45535
[  5,   551] loss: 0.72421
[  5,   601] loss: 0.31697
[  5,   651] loss: 0.27444
[  5,   701] loss: 0.33659
[  5,   751] loss: 0.27626
[  5,   801] loss: 0.47310
[  5,   851] loss: 0.41741
[  5,   901] loss: 0.36621
[  5,   951] loss: 0.39790
[  5,  1001] loss: 0.43985
[  5,  1051] loss: 0.45620
[  5,  1101] loss: 0.71031
[  5,  1151] loss: 0.75113
[  5,  1201] loss: 0.53407
[  5,  1251] loss: 0.48433
[  5,  1301] loss: 0.44862
[  5,  1351] loss: 0.45896
[  5,  1401] loss: 0.41799
[  5,  1451] loss: 0.45989
[  5,  1501] loss: 0.40090
[  5,  1551] loss: 0.27108
[  5,  1601] loss: 0.36248
[  5,  1651] loss: 0.41470
[  5,  1701] loss: 0.42626
[  5,  1751] loss: 0.67165
[  5,  1801] loss: 0.31293
[  5,  1851] loss: 0.31931
[  5,  1901] loss: 0.30545
[  5,  1951] loss: 0.31333
[  5,  2001] loss: 0.37028
[  5,  2051] loss: 0.35822
[  5,  2101] loss: 0.37053
[  5,  2151] loss: 0.32102
[  5,  2201] loss: 0.29633
[  5,  2251] loss: 0.45723
[  5,  2301] loss: 0.75527
[  5,  2351] loss: 1.14179
[  5,  2401] loss: 0.50034
[  5,  2451] loss: 0.37519
[  5,  2501] loss: 0.41456
[  5,  2551] loss: 0.44392
[  5,  2601] loss: 0.37707
[  5,  2651] loss: 0.41808
[  5,  2701] loss: 0.52376
[  5,  2751] loss: 0.45126
[  5,  2801] loss: 0.39201
[  5,  2851] loss: 0.31011
[  5,  2901] loss: 0.48445
[  5,  2951] loss: 0.37971
[  5,  3001] loss: 0.37647
[  5,  3051] loss: 0.32792
[  5,  3101] loss: 0.41444
[  5,  3151] loss: 0.28567
[  5,  3201] loss: 0.40584
[  5,  3251] loss: 0.41635
[  5,  3301] loss: 0.28114
[  5,  3351] loss: 0.45148
[  5,  3401] loss: 0.47531
[  5,  3451] loss: 0.37705
[  5,  3501] loss: 0.49378
[  5,  3551] loss: 0.65531
[  5,  3601] loss: 0.50543
[  5,  3651] loss: 0.46327
[  5,  3701] loss: 0.39789
[  5,  3751] loss: 0.26234
[  5,  3801] loss: 0.38913
[  5,  3851] loss: 0.69130
[  5,  3901] loss: 0.35373
[  5,  3951] loss: 0.36280
[  5,  4001] loss: 0.35720
[  5,  4051] loss: 0.78662
[  5,  4101] loss: 0.69903
[  5,  4151] loss: 0.43743
[  5,  4201] loss: 0.30480
[  5,  4251] loss: 0.35505
[  5,  4301] loss: 0.53572
[  5,  4351] loss: 1.45397
[  5,  4401] loss: 0.67881
[  5,  4451] loss: 0.46555
[  5,  4501] loss: 0.49567
[  5,  4551] loss: 0.41094
[  5,  4601] loss: 0.49481
[  5,  4651] loss: 0.38933
[  5,  4701] loss: 0.41187
[  5,  4751] loss: 0.51089
[  5,  4801] loss: 0.49280
[  5,  4851] loss: 0.32286
[  5,  4901] loss: 0.43466
[  5,  4951] loss: 0.28715
[  5,  5001] loss: 0.42771
[  5,  5051] loss: 0.83172
[  5,  5101] loss: 0.63704
[  5,  5151] loss: 0.40993
[  5,  5201] loss: 0.35090
[  5,  5251] loss: 0.42286
[  5,  5301] loss: 0.36856
[  5,  5351] loss: 0.36470
[  5,  5401] loss: 0.39510
[  5,  5451] loss: 0.39673
[  5,  5501] loss: 0.40291
[  5,  5551] loss: 0.34397
[  5,  5601] loss: 0.51555
[  5,  5651] loss: 0.47390
[  5,  5701] loss: 0.30019
[  5,  5751] loss: 0.43647
[  5,  5801] loss: 0.58007
[  5,  5851] loss: 0.54492
[  5,  5901] loss: 0.45775
[  5,  5951] loss: 0.33196
[  5,  6001] loss: 0.40062
[  5,  6051] loss: 0.34142
[  5,  6101] loss: 0.30363
[  5,  6151] loss: 0.60353
[  5,  6201] loss: 1.02007
[  5,  6251] loss: 0.59191
[  5,  6301] loss: 0.42517
[  5,  6351] loss: 0.45744
[  5,  6401] loss: 0.36427
[  5,  6451] loss: 0.34053
[  5,  6501] loss: 0.26809
[  5,  6551] loss: 0.33891
[  5,  6601] loss: 0.40683
[  5,  6651] loss: 0.44046
[  5,  6701] loss: 0.35646
[  5,  6751] loss: 0.48166
[  5,  6801] loss: 0.51799
[  5,  6851] loss: 0.56323
[  5,  6901] loss: 0.88310
[  5,  6951] loss: 0.39568
[  5,  7001] loss: 0.54339
[  5,  7051] loss: 0.37278
[  5,  7101] loss: 0.39622
[  5,  7151] loss: 0.30145
[  5,  7201] loss: 0.36969
[  5,  7251] loss: 0.75429
[  5,  7301] loss: 0.49712
[  5,  7351] loss: 0.39572
[  5,  7401] loss: 0.46451
[  5,  7451] loss: 0.35203
[  5,  7501] loss: 0.26203
[  5,  7551] loss: 0.36397
[  5,  7601] loss: 0.68332
[  5,  7651] loss: 0.88672
[  5,  7701] loss: 0.38082
[  5,  7751] loss: 0.28835
[  5,  7801] loss: 0.32616
[  5,  7851] loss: 0.50254
[  5,  7901] loss: 0.83624
[  5,  7951] loss: 0.52491
[  5,  8001] loss: 0.32001
[  5,  8051] loss: 0.39148
[  5,  8101] loss: 0.29728
[  5,  8151] loss: 0.26316
[  5,  8201] loss: 0.52516
[  5,  8251] loss: 0.46325
[  5,  8301] loss: 0.62142
[  5,  8351] loss: 0.53931
[  5,  8401] loss: 0.45384
[  5,  8451] loss: 0.47293
[  5,  8501] loss: 0.46868
[  5,  8551] loss: 0.52408
[  5,  8601] loss: 0.29839
[  5,  8651] loss: 0.33357
[  5,  8701] loss: 0.28504
[  5,  8751] loss: 0.51986
[  5,  8801] loss: 0.55815
[  5,  8851] loss: 0.47683
[  5,  8901] loss: 0.62695
[  5,  8951] loss: 0.46716
[  5,  9001] loss: 0.32598
[  5,  9051] loss: 0.30792
[  5,  9101] loss: 0.27000
[  5,  9151] loss: 0.29538
[  5,  9201] loss: 0.24857
[  5,  9251] loss: 0.37833
[  5,  9301] loss: 0.41520
[  5,  9351] loss: 0.52083
[  5,  9401] loss: 0.70857
[  5,  9451] loss: 0.52242
[  5,  9501] loss: 0.48019
[  5,  9551] loss: 0.25546
[  5,  9601] loss: 0.54296
[  5,  9651] loss: 0.55266
[  5,  9701] loss: 0.33795
[  5,  9751] loss: 0.41310
[  5,  9801] loss: 0.33948
[  5,  9851] loss: 0.47073
[  5,  9901] loss: 0.34669
[  5,  9951] loss: 0.45077
[  5, 10001] loss: 0.32428
[  5, 10051] loss: 0.32981
[  5, 10101] loss: 0.33285
[  5, 10151] loss: 0.33300
[  5, 10201] loss: 0.31125
[  5, 10251] loss: 0.30105
[  5, 10301] loss: 0.46963
[  5, 10351] loss: 0.54653
[  5, 10401] loss: 0.39670
[  5, 10451] loss: 0.37734
[  5, 10501] loss: 0.39114
[  5, 10551] loss: 0.50323
[  5, 10601] loss: 0.37010
[  5, 10651] loss: 0.58868
[  5, 10701] loss: 0.61775
[  5, 10751] loss: 0.43305
[  5, 10801] loss: 0.35473
[  5, 10851] loss: 0.46508
[  5, 10901] loss: 0.59131
[  5, 10951] loss: 0.40455
[  5, 11001] loss: 0.49694
[  5, 11051] loss: 0.32608
[  5, 11101] loss: 0.34256
[  5, 11151] loss: 0.27699
[  5, 11201] loss: 0.41145
[  5, 11251] loss: 0.69573
[  5, 11301] loss: 0.68048
[  5, 11351] loss: 0.46159
[  5, 11401] loss: 0.30651
[  5, 11451] loss: 0.43723
[  5, 11501] loss: 0.37043
[  5, 11551] loss: 0.28236
[  5, 11601] loss: 0.41236
[  5, 11651] loss: 0.21470
[  5, 11701] loss: 0.40984
[  5, 11751] loss: 0.93939
[  5, 11801] loss: 0.59939
[  5, 11851] loss: 0.53240
[  5, 11901] loss: 0.50180
[  5, 11951] loss: 0.27143
[  5, 12001] loss: 0.28238
[  5, 12051] loss: 0.47776
[  5, 12101] loss: 0.35284
[  5, 12151] loss: 0.25198
[  5, 12201] loss: 0.24818
[  5, 12251] loss: 0.30492
[  5, 12301] loss: 0.22858
[  5, 12351] loss: 0.42264
[  5, 12401] loss: 0.73490
[  5, 12451] loss: 1.56706
[  5, 12501] loss: 0.45642
[  5, 12551] loss: 0.39279
[  5, 12601] loss: 0.31185
[  5, 12651] loss: 0.32772
[  5, 12701] loss: 0.47573
[  5, 12751] loss: 0.57070
[  5, 12801] loss: 0.87083
[  5, 12851] loss: 0.48188
[  5, 12901] loss: 0.34124
[  5, 12951] loss: 0.33086
[  5, 13001] loss: 0.36763
[  5, 13051] loss: 0.36927
[  5, 13101] loss: 0.29757
[  5, 13151] loss: 0.49482
[  5, 13201] loss: 0.39649
[  5, 13251] loss: 0.37949
[  5, 13301] loss: 0.36787
[  5, 13351] loss: 0.49791
[  5, 13401] loss: 0.34471
[  5, 13451] loss: 0.30181
[  5, 13501] loss: 0.37099
[  5, 13551] loss: 0.23949
[  5, 13601] loss: 0.27863
[  5, 13651] loss: 0.38595
[  5, 13701] loss: 0.49689
[  5, 13751] loss: 0.99108
[  5, 13801] loss: 0.33157
[  5, 13851] loss: 0.37983
[  5, 13901] loss: 0.39698
[  5, 13951] loss: 0.42453
[  5, 14001] loss: 0.35323
[  5, 14051] loss: 0.35853
[  5, 14101] loss: 0.21837
[  5, 14151] loss: 0.21460
[  5, 14201] loss: 0.21509
[  5, 14251] loss: 0.22794
[  5, 14301] loss: 0.26153
[  5, 14351] loss: 0.26852
[  5, 14401] loss: 0.23957
[  5, 14451] loss: 0.77948
[  5, 14501] loss: 0.73935
[  5, 14551] loss: 0.66196
[  5, 14601] loss: 0.33414
[  5, 14651] loss: 0.39183
[  5, 14701] loss: 0.32203
[  5, 14751] loss: 0.38163
[  5, 14801] loss: 0.27477
[  5, 14851] loss: 0.34997
[  5, 14901] loss: 0.30635
[  5, 14951] loss: 0.34565
[  5, 15001] loss: 0.50995
[  5, 15051] loss: 0.57644
[  5, 15101] loss: 0.38951
[  5, 15151] loss: 0.36762
[  5, 15201] loss: 0.37364
[  5, 15251] loss: 0.39522
[  5, 15301] loss: 0.47230
[  5, 15351] loss: 0.42766
[  5, 15401] loss: 0.38062
[  5, 15451] loss: 0.33090
[  5, 15501] loss: 0.41664
[  5, 15551] loss: 0.29150
[  5, 15601] loss: 0.20433
[  5, 15651] loss: 0.16514
[  5, 15701] loss: 0.22752
[  5, 15751] loss: 0.26967
[  5, 15801] loss: 0.63738
[  5, 15851] loss: 0.83762
[  5, 15901] loss: 0.46209
[  5, 15951] loss: 0.60797
[  5, 16001] loss: 0.43481
[  5, 16051] loss: 0.29821
[  5, 16101] loss: 0.25338
[  5, 16151] loss: 0.24658
[  5, 16201] loss: 0.31427
[  5, 16251] loss: 0.41208
[  5, 16301] loss: 0.52260
[  5, 16351] loss: 0.63690
[  5, 16401] loss: 0.43433
[  5, 16451] loss: 0.33653
[  5, 16501] loss: 0.26844
[  5, 16551] loss: 0.48267
[  5, 16601] loss: 0.25967
[  5, 16651] loss: 0.47217
[  5, 16701] loss: 0.51802
[  5, 16751] loss: 0.33896
[  5, 16801] loss: 0.38338
[  5, 16851] loss: 0.32336
[  5, 16901] loss: 0.36881
[  5, 16951] loss: 0.36402
[  5, 17001] loss: 0.42003
[  5, 17051] loss: 0.87954
[  5, 17101] loss: 0.62509
[  5, 17151] loss: 0.50717
[  5, 17201] loss: 0.44678
[  5, 17251] loss: 0.35503
[  5, 17301] loss: 0.38053
[  5, 17351] loss: 0.29242
[  5, 17401] loss: 0.30443
[  5, 17451] loss: 0.41877
[  5, 17501] loss: 0.77856
[  5, 17551] loss: 0.71374
[  5, 17601] loss: 0.51809
[  5, 17651] loss: 0.33152
[  5, 17701] loss: 0.27456
[  5, 17751] loss: 0.22219
[  5, 17801] loss: 0.32977
[  5, 17851] loss: 0.99651
[  5, 17901] loss: 0.49495
[  5, 17951] loss: 0.46259
[  5, 18001] loss: 0.43109
[  5, 18051] loss: 0.46562
[  5, 18101] loss: 0.36106
[  5, 18151] loss: 0.31208
[  5, 18201] loss: 0.38093
[  5, 18251] loss: 0.50513
[  5, 18301] loss: 0.45674
[  5, 18351] loss: 0.38301
[  5, 18401] loss: 0.20838
[  5, 18451] loss: 0.27865
[  5, 18501] loss: 0.47293
[  5, 18551] loss: 0.75744
[  5, 18601] loss: 0.38613
[  5, 18651] loss: 0.36956
[  5, 18701] loss: 0.21621
[  5, 18751] loss: 0.27730
[  5, 18801] loss: 0.27633
[  5, 18851] loss: 0.30914
[  5, 18901] loss: 0.40854
[  5, 18951] loss: 0.52179
[  5, 19001] loss: 0.48829
[  5, 19051] loss: 0.55016
[  5, 19101] loss: 0.28424
[  5, 19151] loss: 0.42336
[  5, 19201] loss: 0.28210
[  5, 19251] loss: 0.32398
[  5, 19301] loss: 0.27987
[  5, 19351] loss: 0.19216
[  5, 19401] loss: 0.26184
[  5, 19451] loss: 0.32805
[  5, 19501] loss: 0.39281
[  5, 19551] loss: 0.65882
[  5, 19601] loss: 0.76450
[  5, 19651] loss: 0.42527
[  5, 19701] loss: 0.36363
[  5, 19751] loss: 0.27824
[  5, 19801] loss: 0.39245
[  5, 19851] loss: 0.33903
[  5, 19901] loss: 0.42406
[  5, 19951] loss: 0.28638
[  5, 20001] loss: 0.29905
[  5, 20051] loss: 0.27940
[  5, 20101] loss: 0.27361
[  5, 20151] loss: 0.56860
[  5, 20201] loss: 0.45165
[  5, 20251] loss: 0.32255
[  5, 20301] loss: 0.39890
[  5, 20351] loss: 0.20145
[  5, 20401] loss: 0.37233
[  5, 20451] loss: 0.59204
[  5, 20501] loss: 0.90945
[  5, 20551] loss: 0.62420
[  5, 20601] loss: 0.49460
[  5, 20651] loss: 0.40746
[  5, 20701] loss: 0.36556
[  5, 20751] loss: 0.34315
[  5, 20801] loss: 0.38730
[  5, 20851] loss: 0.36586
[  5, 20901] loss: 0.33360
[  5, 20951] loss: 0.27006
[  5, 21001] loss: 0.35062
[  5, 21051] loss: 0.82024
[  5, 21101] loss: 0.51721
[  5, 21151] loss: 0.38281
[  5, 21201] loss: 0.60021
[  5, 21251] loss: 0.26919
[  5, 21301] loss: 0.25524
[  5, 21351] loss: 0.35883
[  5, 21401] loss: 0.30286
[  5, 21451] loss: 0.53330
[  5, 21501] loss: 0.51863
[  5, 21551] loss: 0.42755
[  5, 21601] loss: 0.36358
[  5, 21651] loss: 0.34235
[  5, 21701] loss: 0.35227
[  5, 21751] loss: 0.31351
[  5, 21801] loss: 0.21271
[  5, 21851] loss: 0.15391
[  5, 21901] loss: 0.26662
[  5, 21951] loss: 1.02107
[  5, 22001] loss: 1.02774
[  5, 22051] loss: 0.56491
[  5, 22101] loss: 0.42966
[  5, 22151] loss: 0.34192
[  5, 22201] loss: 0.45496
[  5, 22251] loss: 0.34308
[  5, 22301] loss: 0.45220
[  5, 22351] loss: 0.40816
[  5, 22401] loss: 0.27612
[  5, 22451] loss: 0.25994
[  5, 22501] loss: 0.25369
[  5, 22551] loss: 0.24153
[  5, 22601] loss: 0.27586
[  5, 22651] loss: 0.69267
[  5, 22701] loss: 0.42479
[  5, 22751] loss: 0.35144
[  5, 22801] loss: 0.44424
[  5, 22851] loss: 0.27475
[  5, 22901] loss: 0.22894
[  5, 22951] loss: 0.39619
[  5, 23001] loss: 0.27123
[  5, 23051] loss: 0.78075
[  5, 23101] loss: 0.84569
[  5, 23151] loss: 0.30452
[  5, 23201] loss: 0.27534
[  5, 23251] loss: 0.20979
[  5, 23301] loss: 0.19599
[  5, 23351] loss: 0.32955
[  5, 23401] loss: 0.36708
[  5, 23451] loss: 0.66465
[  5, 23501] loss: 0.42302
[  5, 23551] loss: 0.38022
[  5, 23601] loss: 0.41767
[  5, 23651] loss: 0.29942
[  5, 23701] loss: 0.32252
[  5, 23751] loss: 0.37522
[  5, 23801] loss: 0.45564
[  5, 23851] loss: 0.89066
[  5, 23901] loss: 0.52842
[  5, 23951] loss: 0.45126
[  5, 24001] loss: 0.38759
[  5, 24051] loss: 0.27917
[  5, 24101] loss: 0.30153
[  5, 24151] loss: 0.19132
[  5, 24201] loss: 0.18913
[  5, 24251] loss: 0.50274
[  5, 24301] loss: 0.50113
[  5, 24351] loss: 0.56458
[  5, 24401] loss: 0.81489
[  5, 24451] loss: 0.34809
[  5, 24501] loss: 0.29013
[  5, 24551] loss: 0.37352
[  5, 24601] loss: 0.43157
[  5, 24651] loss: 0.27761
[  5, 24701] loss: 0.18753
[  5, 24751] loss: 0.30496
[  5, 24801] loss: 0.33636
[  5, 24851] loss: 0.20573
[  5, 24901] loss: 0.32528
[  5, 24951] loss: 0.36719
Finished training
Accuracy on train: 0.77232
Accuracy on test: 0.55870
