{'word_context': 5, 'word_embed_size': 300, 'word_conv_units': 300, 'hidden_units': 0, 'dropout': False, 'batch_size': 50}
train set done
test set done
[  1,     1] loss: 1.03439
[  1,    51] loss: 2.36741
[  1,   101] loss: 1.25813
[  1,   151] loss: 2.03651
[  1,   201] loss: 2.95437
[  1,   251] loss: 1.22051
[  1,   301] loss: 1.89108
[  1,   351] loss: 2.69528
[  1,   401] loss: 1.13701
[  1,   451] loss: 1.37402
[  1,   501] loss: 1.14067
[  1,   551] loss: 1.70783
[  1,   601] loss: 2.03998
[  1,   651] loss: 1.37805
[  1,   701] loss: 0.90358
[  1,   751] loss: 1.02015
[  1,   801] loss: 1.44013
[  1,   851] loss: 1.73621
[  1,   901] loss: 1.43761
[  1,   951] loss: 1.01614
[  1,  1001] loss: 1.41540
[  1,  1051] loss: 1.34516
[  1,  1101] loss: 1.25737
[  1,  1151] loss: 0.98472
[  1,  1201] loss: 0.86547
[  1,  1251] loss: 1.28469
[  1,  1301] loss: 1.56967
[  1,  1351] loss: 1.06267
[  1,  1401] loss: 0.94258
[  1,  1451] loss: 0.95994
[  1,  1501] loss: 1.15057
[  1,  1551] loss: 1.20476
[  1,  1601] loss: 1.35542
[  1,  1651] loss: 1.47071
[  1,  1701] loss: 0.74735
[  1,  1751] loss: 0.96844
[  1,  1801] loss: 0.83296
[  1,  1851] loss: 0.87273
[  1,  1901] loss: 1.11023
[  1,  1951] loss: 1.02139
[  1,  2001] loss: 0.71775
[  1,  2051] loss: 0.87106
[  1,  2101] loss: 1.24774
[  1,  2151] loss: 1.11056
[  1,  2201] loss: 0.77363
[  1,  2251] loss: 0.94391
[  1,  2301] loss: 0.82982
[  1,  2351] loss: 1.01204
[  1,  2401] loss: 1.58051
[  1,  2451] loss: 1.42432
[  1,  2501] loss: 1.32434
[  1,  2551] loss: 1.78803
[  1,  2601] loss: 1.38443
[  1,  2651] loss: 1.17300
[  1,  2701] loss: 1.67755
[  1,  2751] loss: 1.02331
[  1,  2801] loss: 0.70999
[  1,  2851] loss: 0.70176
[  1,  2901] loss: 0.70232
[  1,  2951] loss: 0.69276
[  1,  3001] loss: 0.65473
[  1,  3051] loss: 0.71752
[  1,  3101] loss: 0.91519
[  1,  3151] loss: 1.11158
[  1,  3201] loss: 1.15171
[  1,  3251] loss: 1.16729
[  1,  3301] loss: 1.12058
[  1,  3351] loss: 1.35271
[  1,  3401] loss: 1.90427
[  1,  3451] loss: 1.03162
[  1,  3501] loss: 0.72742
[  1,  3551] loss: 0.71654
[  1,  3601] loss: 0.72799
[  1,  3651] loss: 0.70508
[  1,  3701] loss: 0.68626
[  1,  3751] loss: 0.80833
[  1,  3801] loss: 1.61491
[  1,  3851] loss: 1.05769
[  1,  3901] loss: 0.81910
[  1,  3951] loss: 0.77337
[  1,  4001] loss: 0.99183
[  1,  4051] loss: 1.57951
[  1,  4101] loss: 0.89370
[  1,  4151] loss: 0.80056
[  1,  4201] loss: 0.77816
[  1,  4251] loss: 0.88381
[  1,  4301] loss: 0.72374
[  1,  4351] loss: 0.84015
[  1,  4401] loss: 1.45196
[  1,  4451] loss: 1.00375
[  1,  4501] loss: 0.88941
[  1,  4551] loss: 1.36356
[  1,  4601] loss: 1.86308
[  1,  4651] loss: 1.47866
[  1,  4701] loss: 1.20663
[  1,  4751] loss: 1.00818
[  1,  4801] loss: 0.90990
[  1,  4851] loss: 0.98907
[  1,  4901] loss: 0.82441
[  1,  4951] loss: 0.64208
[  1,  5001] loss: 0.65816
[  1,  5051] loss: 0.67008
[  1,  5101] loss: 0.66536
[  1,  5151] loss: 0.69763
[  1,  5201] loss: 0.81883
[  1,  5251] loss: 1.04520
[  1,  5301] loss: 1.42944
[  1,  5351] loss: 1.03082
[  1,  5401] loss: 0.88060
[  1,  5451] loss: 0.99510
[  1,  5501] loss: 1.09068
[  1,  5551] loss: 0.79001
[  1,  5601] loss: 0.65655
[  1,  5651] loss: 0.72201
[  1,  5701] loss: 0.68713
[  1,  5751] loss: 0.90874
[  1,  5801] loss: 1.20693
[  1,  5851] loss: 1.29873
[  1,  5901] loss: 1.11480
[  1,  5951] loss: 0.98630
[  1,  6001] loss: 1.20816
[  1,  6051] loss: 1.10122
[  1,  6101] loss: 1.19245
[  1,  6151] loss: 0.82788
[  1,  6201] loss: 0.83160
[  1,  6251] loss: 0.88116
[  1,  6301] loss: 0.81212
[  1,  6351] loss: 0.84730
[  1,  6401] loss: 1.07961
[  1,  6451] loss: 1.36410
[  1,  6501] loss: 1.33488
[  1,  6551] loss: 1.06928
[  1,  6601] loss: 1.01139
[  1,  6651] loss: 0.65592
[  1,  6701] loss: 0.72137
[  1,  6751] loss: 0.73434
[  1,  6801] loss: 0.81034
[  1,  6851] loss: 1.16154
[  1,  6901] loss: 1.72836
[  1,  6951] loss: 1.37085
[  1,  7001] loss: 0.69925
[  1,  7051] loss: 0.68395
[  1,  7101] loss: 0.69821
[  1,  7151] loss: 0.68761
[  1,  7201] loss: 0.65861
[  1,  7251] loss: 0.68736
[  1,  7301] loss: 0.67865
[  1,  7351] loss: 0.65236
[  1,  7401] loss: 0.66949
[  1,  7451] loss: 0.73939
[  1,  7501] loss: 0.81732
[  1,  7551] loss: 0.97406
[  1,  7601] loss: 0.66829
[  1,  7651] loss: 0.56947
[  1,  7701] loss: 0.86922
[  1,  7751] loss: 1.03127
[  1,  7801] loss: 1.08995
[  1,  7851] loss: 1.18433
[  1,  7901] loss: 0.70939
[  1,  7951] loss: 0.65009
[  1,  8001] loss: 0.66315
[  1,  8051] loss: 0.80582
[  1,  8101] loss: 0.93033
[  1,  8151] loss: 0.75730
[  1,  8201] loss: 0.97602
[  1,  8251] loss: 1.68573
[  1,  8301] loss: 1.13031
[  1,  8351] loss: 0.88934
[  1,  8401] loss: 0.86460
[  1,  8451] loss: 0.76639
[  1,  8501] loss: 0.88376
[  1,  8551] loss: 0.79987
[  1,  8601] loss: 0.74917
[  1,  8651] loss: 0.88529
[  1,  8701] loss: 0.89065
[  1,  8751] loss: 0.71636
[  1,  8801] loss: 0.72330
[  1,  8851] loss: 0.90974
[  1,  8901] loss: 1.01146
[  1,  8951] loss: 1.07809
[  1,  9001] loss: 0.87805
[  1,  9051] loss: 0.68284
[  1,  9101] loss: 0.62030
[  1,  9151] loss: 0.62028
[  1,  9201] loss: 0.60714
[  1,  9251] loss: 0.70316
[  1,  9301] loss: 0.79159
[  1,  9351] loss: 1.01618
[  1,  9401] loss: 1.37570
[  1,  9451] loss: 1.12185
[  1,  9501] loss: 1.07347
[  1,  9551] loss: 0.69136
[  1,  9601] loss: 0.75728
[  1,  9651] loss: 1.07925
[  1,  9701] loss: 0.74231
[  1,  9751] loss: 0.74448
[  1,  9801] loss: 0.92930
[  1,  9851] loss: 1.18907
[  1,  9901] loss: 0.98483
[  1,  9951] loss: 0.86861
[  1, 10001] loss: 0.98525
[  1, 10051] loss: 1.07104
[  1, 10101] loss: 0.78159
[  1, 10151] loss: 0.79551
[  1, 10201] loss: 0.96530
[  1, 10251] loss: 1.10589
[  1, 10301] loss: 1.11667
[  1, 10351] loss: 0.89978
[  1, 10401] loss: 0.81242
[  1, 10451] loss: 0.83244
[  1, 10501] loss: 1.06737
[  1, 10551] loss: 1.07835
[  1, 10601] loss: 0.99105
[  1, 10651] loss: 0.82238
[  1, 10701] loss: 0.78818
[  1, 10751] loss: 0.71229
[  1, 10801] loss: 0.68992
[  1, 10851] loss: 0.61480
[  1, 10901] loss: 0.62276
[  1, 10951] loss: 0.61671
[  1, 11001] loss: 0.93343
[  1, 11051] loss: 0.84791
[  1, 11101] loss: 1.34582
[  1, 11151] loss: 0.92456
[  1, 11201] loss: 0.70918
[  1, 11251] loss: 0.70297
[  1, 11301] loss: 0.98662
[  1, 11351] loss: 0.94448
[  1, 11401] loss: 0.93467
[  1, 11451] loss: 1.31835
[  1, 11501] loss: 0.75932
[  1, 11551] loss: 0.70484
[  1, 11601] loss: 0.83974
[  1, 11651] loss: 0.66790
[  1, 11701] loss: 0.64553
[  1, 11751] loss: 0.77081
[  1, 11801] loss: 0.78293
[  1, 11851] loss: 0.80857
[  1, 11901] loss: 0.86223
[  1, 11951] loss: 0.92848
[  1, 12001] loss: 1.26702
[  1, 12051] loss: 0.83618
[  1, 12101] loss: 0.97735
[  1, 12151] loss: 1.12442
[  1, 12201] loss: 0.74214
[  1, 12251] loss: 0.69608
[  1, 12301] loss: 0.60613
[  1, 12351] loss: 0.61418
[  1, 12401] loss: 0.67368
[  1, 12451] loss: 0.64148
[  1, 12501] loss: 0.66660
[  1, 12551] loss: 0.64009
[  1, 12601] loss: 0.63268
[  1, 12651] loss: 0.67859
[  1, 12701] loss: 0.63164
[  1, 12751] loss: 0.90906
[  1, 12801] loss: 1.00004
[  1, 12851] loss: 1.37618
[  1, 12901] loss: 0.88331
[  1, 12951] loss: 0.82500
[  1, 13001] loss: 0.98009
[  1, 13051] loss: 1.03202
[  1, 13101] loss: 0.88753
[  1, 13151] loss: 1.11019
[  1, 13201] loss: 1.05519
[  1, 13251] loss: 0.63681
[  1, 13301] loss: 0.65981
[  1, 13351] loss: 0.69265
[  1, 13401] loss: 0.69320
[  1, 13451] loss: 0.68489
[  1, 13501] loss: 0.62973
[  1, 13551] loss: 0.63072
[  1, 13601] loss: 0.63761
[  1, 13651] loss: 0.66543
[  1, 13701] loss: 0.62333
[  1, 13751] loss: 0.88308
[  1, 13801] loss: 1.09606
[  1, 13851] loss: 0.92978
[  1, 13901] loss: 0.77656
[  1, 13951] loss: 0.77970
[  1, 14001] loss: 0.71095
[  1, 14051] loss: 0.64764
[  1, 14101] loss: 0.62353
[  1, 14151] loss: 0.61711
[  1, 14201] loss: 0.76591
[  1, 14251] loss: 0.75675
[  1, 14301] loss: 0.71237
[  1, 14351] loss: 0.73107
[  1, 14401] loss: 0.83812
[  1, 14451] loss: 0.89094
[  1, 14501] loss: 0.97090
[  1, 14551] loss: 0.93176
[  1, 14601] loss: 0.96104
[  1, 14651] loss: 0.85078
[  1, 14701] loss: 0.80333
[  1, 14751] loss: 0.80294
[  1, 14801] loss: 0.92023
[  1, 14851] loss: 0.63674
[  1, 14901] loss: 0.63212
[  1, 14951] loss: 0.64289
[  1, 15001] loss: 0.73619
[  1, 15051] loss: 0.79118
[  1, 15101] loss: 0.79651
[  1, 15151] loss: 0.76244
[  1, 15201] loss: 0.80865
[  1, 15251] loss: 0.72160
[  1, 15301] loss: 0.87197
[  1, 15351] loss: 1.09125
[  1, 15401] loss: 1.02388
[  1, 15451] loss: 1.00616
[  1, 15501] loss: 0.60779
[  1, 15551] loss: 0.67282
[  1, 15601] loss: 0.81583
[  1, 15651] loss: 0.89065
[  1, 15701] loss: 0.58305
[  1, 15751] loss: 0.68123
[  1, 15801] loss: 0.74226
[  1, 15851] loss: 0.60627
[  1, 15901] loss: 0.69065
[  1, 15951] loss: 0.68300
[  1, 16001] loss: 0.60752
[  1, 16051] loss: 0.67248
[  1, 16101] loss: 0.90061
[  1, 16151] loss: 1.29202
[  1, 16201] loss: 0.93042
[  1, 16251] loss: 0.84636
[  1, 16301] loss: 0.74202
[  1, 16351] loss: 0.75663
[  1, 16401] loss: 0.73032
[  1, 16451] loss: 0.73802
[  1, 16501] loss: 0.67307
[  1, 16551] loss: 0.74323
[  1, 16601] loss: 0.97450
[  1, 16651] loss: 0.93523
[  1, 16701] loss: 0.85626
[  1, 16751] loss: 0.95078
[  1, 16801] loss: 0.88212
[  1, 16851] loss: 0.71015
[  1, 16901] loss: 0.80281
[  1, 16951] loss: 1.03432
[  1, 17001] loss: 1.14751
[  1, 17051] loss: 1.05090
[  1, 17101] loss: 0.64478
[  1, 17151] loss: 0.64482
[  1, 17201] loss: 0.69738
[  1, 17251] loss: 0.56263
[  1, 17301] loss: 0.71112
[  1, 17351] loss: 1.02192
[  1, 17401] loss: 0.81295
[  1, 17451] loss: 0.75041
[  1, 17501] loss: 0.73267
[  1, 17551] loss: 0.72572
[  1, 17601] loss: 0.66837
[  1, 17651] loss: 0.66648
[  1, 17701] loss: 0.70766
[  1, 17751] loss: 0.70894
[  1, 17801] loss: 0.74302
[  1, 17851] loss: 0.81929
[  1, 17901] loss: 0.78733
[  1, 17951] loss: 0.75783
[  1, 18001] loss: 0.62723
[  1, 18051] loss: 0.72387
[  1, 18101] loss: 0.71077
[  1, 18151] loss: 0.66649
[  1, 18201] loss: 0.65870
[  1, 18251] loss: 0.83836
[  1, 18301] loss: 0.78220
[  1, 18351] loss: 0.67981
[  1, 18401] loss: 0.60887
[  1, 18451] loss: 0.61725
[  1, 18501] loss: 0.68787
[  1, 18551] loss: 0.74043
[  1, 18601] loss: 1.21525
[  1, 18651] loss: 1.22573
[  1, 18701] loss: 0.87937
[  1, 18751] loss: 0.90179
[  1, 18801] loss: 0.73970
[  1, 18851] loss: 0.56991
[  1, 18901] loss: 0.69951
[  1, 18951] loss: 0.88549
[  1, 19001] loss: 1.18049
[  1, 19051] loss: 1.00161
[  1, 19101] loss: 0.73786
[  1, 19151] loss: 0.69220
[  1, 19201] loss: 0.65673
[  1, 19251] loss: 0.71623
[  1, 19301] loss: 0.69676
[  1, 19351] loss: 0.63296
[  1, 19401] loss: 0.82034
[  1, 19451] loss: 1.10918
[  1, 19501] loss: 0.76812
[  1, 19551] loss: 0.85917
[  1, 19601] loss: 0.84882
[  1, 19651] loss: 0.82221
[  1, 19701] loss: 0.67145
[  1, 19751] loss: 0.59256
[  1, 19801] loss: 0.66225
[  1, 19851] loss: 0.62997
[  1, 19901] loss: 0.70886
[  1, 19951] loss: 0.58131
[  1, 20001] loss: 0.54905
[  1, 20051] loss: 0.79164
[  1, 20101] loss: 1.03731
[  1, 20151] loss: 0.88516
[  1, 20201] loss: 0.90684
[  1, 20251] loss: 0.82128
[  1, 20301] loss: 0.67653
[  1, 20351] loss: 0.63577
[  1, 20401] loss: 0.57468
[  1, 20451] loss: 0.68891
[  1, 20501] loss: 0.74830
[  1, 20551] loss: 0.62382
[  1, 20601] loss: 0.58517
[  1, 20651] loss: 0.63142
[  1, 20701] loss: 0.74160
[  1, 20751] loss: 0.66758
[  1, 20801] loss: 1.03276
[  1, 20851] loss: 1.27180
[  1, 20901] loss: 1.06749
[  1, 20951] loss: 0.96250
[  1, 21001] loss: 0.81866
[  1, 21051] loss: 0.83988
[  1, 21101] loss: 0.84232
[  1, 21151] loss: 0.86373
[  1, 21201] loss: 0.82122
[  1, 21251] loss: 0.74897
[  1, 21301] loss: 0.84110
[  1, 21351] loss: 0.64244
[  1, 21401] loss: 0.62147
[  1, 21451] loss: 0.61161
[  1, 21501] loss: 0.63327
[  1, 21551] loss: 0.74214
[  1, 21601] loss: 0.82131
[  1, 21651] loss: 0.74694
[  1, 21701] loss: 0.58613
[  1, 21751] loss: 0.65820
[  1, 21801] loss: 0.67297
[  1, 21851] loss: 0.68147
[  1, 21901] loss: 0.74612
[  1, 21951] loss: 0.85930
[  1, 22001] loss: 0.73448
[  1, 22051] loss: 0.72579
[  1, 22101] loss: 0.61643
[  1, 22151] loss: 0.58868
[  1, 22201] loss: 0.74166
[  1, 22251] loss: 0.67888
[  1, 22301] loss: 0.77460
[  1, 22351] loss: 0.80653
[  1, 22401] loss: 0.82553
[  1, 22451] loss: 0.83494
[  1, 22501] loss: 1.07572
[  1, 22551] loss: 0.97118
[  1, 22601] loss: 0.71298
[  1, 22651] loss: 0.67264
[  1, 22701] loss: 0.70849
[  1, 22751] loss: 0.63262
[  1, 22801] loss: 0.65621
[  1, 22851] loss: 0.62056
[  1, 22901] loss: 0.69304
[  1, 22951] loss: 0.64642
[  1, 23001] loss: 0.65469
[  1, 23051] loss: 0.55487
[  1, 23101] loss: 0.68446
[  1, 23151] loss: 0.68511
[  1, 23201] loss: 0.63550
[  1, 23251] loss: 0.80708
[  1, 23301] loss: 1.03793
[  1, 23351] loss: 0.81193
[  1, 23401] loss: 1.07927
[  1, 23451] loss: 0.95427
[  1, 23501] loss: 0.87403
[  1, 23551] loss: 0.67582
[  1, 23601] loss: 0.58881
[  1, 23651] loss: 0.69082
[  1, 23701] loss: 0.67974
[  1, 23751] loss: 0.83539
[  1, 23801] loss: 0.68116
[  1, 23851] loss: 0.71389
[  1, 23901] loss: 0.95860
[  1, 23951] loss: 0.85519
[  1, 24001] loss: 0.74035
[  1, 24051] loss: 0.75057
[  1, 24101] loss: 1.13044
[  1, 24151] loss: 0.78537
[  1, 24201] loss: 0.93068
[  1, 24251] loss: 0.81666
[  1, 24301] loss: 0.74800
[  1, 24351] loss: 0.65800
[  1, 24401] loss: 0.66301
[  1, 24451] loss: 0.80027
[  1, 24501] loss: 0.86377
[  1, 24551] loss: 0.62210
[  1, 24601] loss: 0.64517
[  1, 24651] loss: 0.64236
[  1, 24701] loss: 0.63804
[  1, 24751] loss: 0.64308
[  1, 24801] loss: 0.63418
[  1, 24851] loss: 0.64787
[  1, 24901] loss: 0.64879
[  1, 24951] loss: 0.60682
[  2,     1] loss: 0.59045
[  2,    51] loss: 0.58130
[  2,   101] loss: 0.59886
[  2,   151] loss: 0.61782
[  2,   201] loss: 0.52145
[  2,   251] loss: 0.64567
[  2,   301] loss: 0.61923
[  2,   351] loss: 0.64806
[  2,   401] loss: 0.67449
[  2,   451] loss: 0.69297
[  2,   501] loss: 0.73141
[  2,   551] loss: 0.91867
[  2,   601] loss: 1.18051
[  2,   651] loss: 0.89337
[  2,   701] loss: 0.74265
[  2,   751] loss: 0.64404
[  2,   801] loss: 0.64036
[  2,   851] loss: 0.76181
[  2,   901] loss: 0.77920
[  2,   951] loss: 0.82855
[  2,  1001] loss: 0.67629
[  2,  1051] loss: 0.78280
[  2,  1101] loss: 0.76595
[  2,  1151] loss: 0.69144
[  2,  1201] loss: 0.60972
[  2,  1251] loss: 0.59759
[  2,  1301] loss: 0.51234
[  2,  1351] loss: 0.65428
[  2,  1401] loss: 0.62740
[  2,  1451] loss: 0.79136
[  2,  1501] loss: 0.75490
[  2,  1551] loss: 1.02554
[  2,  1601] loss: 0.82489
[  2,  1651] loss: 0.74279
[  2,  1701] loss: 0.70485
[  2,  1751] loss: 0.67037
[  2,  1801] loss: 0.74757
[  2,  1851] loss: 0.99268
[  2,  1901] loss: 0.68930
[  2,  1951] loss: 0.61156
[  2,  2001] loss: 1.12067
[  2,  2051] loss: 0.99026
[  2,  2101] loss: 0.86366
[  2,  2151] loss: 0.67819
[  2,  2201] loss: 0.56941
[  2,  2251] loss: 0.65294
[  2,  2301] loss: 0.81928
[  2,  2351] loss: 0.99404
[  2,  2401] loss: 0.72011
[  2,  2451] loss: 0.58485
[  2,  2501] loss: 0.62395
[  2,  2551] loss: 0.61672
[  2,  2601] loss: 0.64530
[  2,  2651] loss: 0.71849
[  2,  2701] loss: 1.02001
[  2,  2751] loss: 0.69021
[  2,  2801] loss: 0.65036
[  2,  2851] loss: 0.65247
[  2,  2901] loss: 0.66133
[  2,  2951] loss: 0.75510
[  2,  3001] loss: 0.78864
[  2,  3051] loss: 1.10620
[  2,  3101] loss: 0.94190
[  2,  3151] loss: 0.75273
[  2,  3201] loss: 0.70236
[  2,  3251] loss: 0.75851
[  2,  3301] loss: 0.73717
[  2,  3351] loss: 0.69729
[  2,  3401] loss: 0.88511
[  2,  3451] loss: 0.75197
[  2,  3501] loss: 0.62926
[  2,  3551] loss: 0.58988
[  2,  3601] loss: 0.71007
[  2,  3651] loss: 0.70722
[  2,  3701] loss: 0.78534
[  2,  3751] loss: 0.56723
[  2,  3801] loss: 0.59528
[  2,  3851] loss: 0.55605
[  2,  3901] loss: 0.64948
[  2,  3951] loss: 0.84362
[  2,  4001] loss: 0.75244
[  2,  4051] loss: 0.59469
[  2,  4101] loss: 0.62390
[  2,  4151] loss: 0.82037
[  2,  4201] loss: 0.77601
[  2,  4251] loss: 0.79823
[  2,  4301] loss: 0.94181
[  2,  4351] loss: 0.88554
[  2,  4401] loss: 0.66153
[  2,  4451] loss: 0.58614
[  2,  4501] loss: 0.70139
[  2,  4551] loss: 0.61312
[  2,  4601] loss: 0.57870
[  2,  4651] loss: 0.84670
[  2,  4701] loss: 0.89535
[  2,  4751] loss: 0.78989
[  2,  4801] loss: 0.76485
[  2,  4851] loss: 0.74940
[  2,  4901] loss: 0.67688
[  2,  4951] loss: 0.56459
[  2,  5001] loss: 0.65621
[  2,  5051] loss: 0.72711
[  2,  5101] loss: 0.65819
[  2,  5151] loss: 0.78342
[  2,  5201] loss: 0.77399
[  2,  5251] loss: 0.77404
[  2,  5301] loss: 1.03386
[  2,  5351] loss: 0.79012
[  2,  5401] loss: 0.64960
[  2,  5451] loss: 0.78807
[  2,  5501] loss: 0.94076
[  2,  5551] loss: 0.66784
[  2,  5601] loss: 0.56425
[  2,  5651] loss: 0.64253
[  2,  5701] loss: 0.57738
[  2,  5751] loss: 0.61627
[  2,  5801] loss: 0.66913
[  2,  5851] loss: 0.59487
[  2,  5901] loss: 0.70096
[  2,  5951] loss: 0.67625
[  2,  6001] loss: 0.77373
[  2,  6051] loss: 0.97935
[  2,  6101] loss: 0.92717
[  2,  6151] loss: 0.72107
[  2,  6201] loss: 0.72565
[  2,  6251] loss: 0.70884
[  2,  6301] loss: 0.60450
[  2,  6351] loss: 0.64328
[  2,  6401] loss: 0.67133
[  2,  6451] loss: 0.76026
[  2,  6501] loss: 1.08322
[  2,  6551] loss: 0.92120
[  2,  6601] loss: 0.79340
[  2,  6651] loss: 0.60723
[  2,  6701] loss: 0.61509
[  2,  6751] loss: 0.60685
[  2,  6801] loss: 0.72947
[  2,  6851] loss: 0.92684
[  2,  6901] loss: 1.47412
[  2,  6951] loss: 1.25325
[  2,  7001] loss: 0.60857
[  2,  7051] loss: 0.56283
[  2,  7101] loss: 0.64791
[  2,  7151] loss: 0.65207
[  2,  7201] loss: 0.53771
[  2,  7251] loss: 0.69661
[  2,  7301] loss: 0.79766
[  2,  7351] loss: 0.81235
[  2,  7401] loss: 0.66922
[  2,  7451] loss: 0.75644
[  2,  7501] loss: 0.69160
[  2,  7551] loss: 0.75836
[  2,  7601] loss: 1.00294
[  2,  7651] loss: 1.47144
[  2,  7701] loss: 1.22089
[  2,  7751] loss: 0.79181
[  2,  7801] loss: 0.73266
[  2,  7851] loss: 0.82878
[  2,  7901] loss: 0.59520
[  2,  7951] loss: 0.54114
[  2,  8001] loss: 0.55082
[  2,  8051] loss: 0.62030
[  2,  8101] loss: 0.51540
[  2,  8151] loss: 0.47923
[  2,  8201] loss: 0.52987
[  2,  8251] loss: 0.68773
[  2,  8301] loss: 0.71174
[  2,  8351] loss: 0.73412
[  2,  8401] loss: 0.62600
[  2,  8451] loss: 0.66083
[  2,  8501] loss: 0.58662
[  2,  8551] loss: 0.63395
[  2,  8601] loss: 0.59421
[  2,  8651] loss: 0.71681
[  2,  8701] loss: 0.68641
[  2,  8751] loss: 0.61101
[  2,  8801] loss: 0.59870
[  2,  8851] loss: 0.62276
[  2,  8901] loss: 0.73387
[  2,  8951] loss: 0.81621
[  2,  9001] loss: 0.73340
[  2,  9051] loss: 0.64305
[  2,  9101] loss: 0.55543
[  2,  9151] loss: 0.50487
[  2,  9201] loss: 0.59200
[  2,  9251] loss: 0.59534
[  2,  9301] loss: 0.65215
[  2,  9351] loss: 0.70094
[  2,  9401] loss: 1.03033
[  2,  9451] loss: 1.15993
[  2,  9501] loss: 0.93113
[  2,  9551] loss: 0.59323
[  2,  9601] loss: 0.69863
[  2,  9651] loss: 0.97869
[  2,  9701] loss: 0.63923
[  2,  9751] loss: 0.63585
[  2,  9801] loss: 0.62083
[  2,  9851] loss: 0.86733
[  2,  9901] loss: 0.79181
[  2,  9951] loss: 0.74444
[  2, 10001] loss: 0.79514
[  2, 10051] loss: 0.99958
[  2, 10101] loss: 0.61236
[  2, 10151] loss: 0.70020
[  2, 10201] loss: 0.95996
[  2, 10251] loss: 1.16287
[  2, 10301] loss: 0.97910
[  2, 10351] loss: 0.81335
[  2, 10401] loss: 0.62563
[  2, 10451] loss: 0.76242
[  2, 10501] loss: 0.94102
[  2, 10551] loss: 1.09311
[  2, 10601] loss: 0.83203
[  2, 10651] loss: 0.80193
[  2, 10701] loss: 0.68321
[  2, 10751] loss: 0.60206
[  2, 10801] loss: 0.59523
[  2, 10851] loss: 0.55364
[  2, 10901] loss: 0.58803
[  2, 10951] loss: 0.66497
[  2, 11001] loss: 0.92939
[  2, 11051] loss: 0.65628
[  2, 11101] loss: 0.96666
[  2, 11151] loss: 0.81059
[  2, 11201] loss: 0.68415
[  2, 11251] loss: 0.62093
[  2, 11301] loss: 0.90783
[  2, 11351] loss: 0.90663
[  2, 11401] loss: 0.92689
[  2, 11451] loss: 1.12623
[  2, 11501] loss: 0.65289
[  2, 11551] loss: 0.64683
[  2, 11601] loss: 0.80717
[  2, 11651] loss: 0.65343
[  2, 11701] loss: 0.62568
[  2, 11751] loss: 0.72347
[  2, 11801] loss: 0.60994
[  2, 11851] loss: 0.70676
[  2, 11901] loss: 0.67189
[  2, 11951] loss: 0.76937
[  2, 12001] loss: 1.01146
[  2, 12051] loss: 0.77951
[  2, 12101] loss: 0.93308
[  2, 12151] loss: 1.12681
[  2, 12201] loss: 0.65498
[  2, 12251] loss: 0.60278
[  2, 12301] loss: 0.52032
[  2, 12351] loss: 0.57996
[  2, 12401] loss: 0.52727
[  2, 12451] loss: 0.57703
[  2, 12501] loss: 0.64371
[  2, 12551] loss: 0.54464
[  2, 12601] loss: 0.62912
[  2, 12651] loss: 0.65371
[  2, 12701] loss: 0.58618
[  2, 12751] loss: 0.69489
[  2, 12801] loss: 0.63087
[  2, 12851] loss: 0.99443
[  2, 12901] loss: 0.93127
[  2, 12951] loss: 0.80051
[  2, 13001] loss: 0.94765
[  2, 13051] loss: 1.10915
[  2, 13101] loss: 0.84491
[  2, 13151] loss: 1.05310
[  2, 13201] loss: 1.09892
[  2, 13251] loss: 0.62130
[  2, 13301] loss: 0.63231
[  2, 13351] loss: 0.60120
[  2, 13401] loss: 0.60702
[  2, 13451] loss: 0.59845
[  2, 13501] loss: 0.64721
[  2, 13551] loss: 0.68096
[  2, 13601] loss: 0.78565
[  2, 13651] loss: 0.89483
[  2, 13701] loss: 0.55348
[  2, 13751] loss: 0.61502
[  2, 13801] loss: 0.57927
[  2, 13851] loss: 0.66369
[  2, 13901] loss: 0.72034
[  2, 13951] loss: 0.66174
[  2, 14001] loss: 0.61477
[  2, 14051] loss: 0.55243
[  2, 14101] loss: 0.55556
[  2, 14151] loss: 0.54686
[  2, 14201] loss: 0.68308
[  2, 14251] loss: 0.68594
[  2, 14301] loss: 0.63189
[  2, 14351] loss: 0.69897
[  2, 14401] loss: 0.74446
[  2, 14451] loss: 0.81713
[  2, 14501] loss: 0.89541
[  2, 14551] loss: 0.97450
[  2, 14601] loss: 0.95434
[  2, 14651] loss: 0.86028
[  2, 14701] loss: 0.77523
[  2, 14751] loss: 0.75572
[  2, 14801] loss: 0.89455
[  2, 14851] loss: 0.56859
[  2, 14901] loss: 0.54916
[  2, 14951] loss: 0.57614
[  2, 15001] loss: 0.74712
[  2, 15051] loss: 0.77078
[  2, 15101] loss: 0.67831
[  2, 15151] loss: 0.66342
[  2, 15201] loss: 0.67151
[  2, 15251] loss: 0.60975
[  2, 15301] loss: 0.66189
[  2, 15351] loss: 0.80870
[  2, 15401] loss: 0.95282
[  2, 15451] loss: 1.03592
[  2, 15501] loss: 0.60092
[  2, 15551] loss: 0.57866
[  2, 15601] loss: 0.79193
[  2, 15651] loss: 0.96487
[  2, 15701] loss: 0.52744
[  2, 15751] loss: 0.73445
[  2, 15801] loss: 0.79246
[  2, 15851] loss: 0.48912
[  2, 15901] loss: 0.65237
[  2, 15951] loss: 0.71030
[  2, 16001] loss: 0.83331
[  2, 16051] loss: 1.13022
[  2, 16101] loss: 1.09144
[  2, 16151] loss: 1.24348
[  2, 16201] loss: 0.82613
[  2, 16251] loss: 0.74196
[  2, 16301] loss: 0.61096
[  2, 16351] loss: 0.66881
[  2, 16401] loss: 0.59662
[  2, 16451] loss: 0.60941
[  2, 16501] loss: 0.65775
[  2, 16551] loss: 0.71892
[  2, 16601] loss: 0.99382
[  2, 16651] loss: 0.89499
[  2, 16701] loss: 0.78027
[  2, 16751] loss: 0.90275
[  2, 16801] loss: 0.84484
[  2, 16851] loss: 0.66747
[  2, 16901] loss: 0.75552
[  2, 16951] loss: 0.92864
[  2, 17001] loss: 0.98621
[  2, 17051] loss: 1.04846
[  2, 17101] loss: 0.60357
[  2, 17151] loss: 0.63163
[  2, 17201] loss: 0.68917
[  2, 17251] loss: 0.54004
[  2, 17301] loss: 0.53471
[  2, 17351] loss: 0.81791
[  2, 17401] loss: 0.86164
[  2, 17451] loss: 0.69450
[  2, 17501] loss: 0.63309
[  2, 17551] loss: 0.67752
[  2, 17601] loss: 0.59014
[  2, 17651] loss: 0.61718
[  2, 17701] loss: 0.72754
[  2, 17751] loss: 0.64366
[  2, 17801] loss: 0.70690
[  2, 17851] loss: 0.67703
[  2, 17901] loss: 0.63866
[  2, 17951] loss: 0.62122
[  2, 18001] loss: 0.56678
[  2, 18051] loss: 0.64022
[  2, 18101] loss: 0.62649
[  2, 18151] loss: 0.55532
[  2, 18201] loss: 0.51421
[  2, 18251] loss: 0.64564
[  2, 18301] loss: 0.70971
[  2, 18351] loss: 0.69096
[  2, 18401] loss: 0.55412
[  2, 18451] loss: 0.52843
[  2, 18501] loss: 0.66737
[  2, 18551] loss: 0.58086
[  2, 18601] loss: 0.55292
[  2, 18651] loss: 0.87581
[  2, 18701] loss: 1.00674
[  2, 18751] loss: 0.99007
[  2, 18801] loss: 0.72363
[  2, 18851] loss: 0.53617
[  2, 18901] loss: 0.56721
[  2, 18951] loss: 0.53756
[  2, 19001] loss: 0.89841
[  2, 19051] loss: 1.05883
[  2, 19101] loss: 0.77755
[  2, 19151] loss: 0.76765
[  2, 19201] loss: 0.66926
[  2, 19251] loss: 0.73140
[  2, 19301] loss: 0.65919
[  2, 19351] loss: 0.55194
[  2, 19401] loss: 0.66661
[  2, 19451] loss: 1.11057
[  2, 19501] loss: 0.84055
[  2, 19551] loss: 0.99626
[  2, 19601] loss: 0.83267
[  2, 19651] loss: 0.86205
[  2, 19701] loss: 0.72098
[  2, 19751] loss: 0.57609
[  2, 19801] loss: 0.61659
[  2, 19851] loss: 0.41648
[  2, 19901] loss: 0.59324
[  2, 19951] loss: 0.61764
[  2, 20001] loss: 0.80735
[  2, 20051] loss: 1.14867
[  2, 20101] loss: 1.40631
[  2, 20151] loss: 0.83147
[  2, 20201] loss: 0.83504
[  2, 20251] loss: 0.72541
[  2, 20301] loss: 0.65865
[  2, 20351] loss: 0.58459
[  2, 20401] loss: 0.52196
[  2, 20451] loss: 0.70087
[  2, 20501] loss: 0.82651
[  2, 20551] loss: 0.62480
[  2, 20601] loss: 0.58655
[  2, 20651] loss: 0.68274
[  2, 20701] loss: 0.81936
[  2, 20751] loss: 0.69208
[  2, 20801] loss: 1.05249
[  2, 20851] loss: 1.29811
[  2, 20901] loss: 1.12546
[  2, 20951] loss: 0.90128
[  2, 21001] loss: 0.86070
[  2, 21051] loss: 0.95981
[  2, 21101] loss: 1.03348
[  2, 21151] loss: 0.96652
[  2, 21201] loss: 0.77029
[  2, 21251] loss: 0.64451
[  2, 21301] loss: 0.82857
[  2, 21351] loss: 0.56458
[  2, 21401] loss: 0.54330
[  2, 21451] loss: 0.55791
[  2, 21501] loss: 0.67207
[  2, 21551] loss: 0.80269
[  2, 21601] loss: 0.81598
[  2, 21651] loss: 0.79795
[  2, 21701] loss: 0.56941
[  2, 21751] loss: 0.50852
[  2, 21801] loss: 0.51526
[  2, 21851] loss: 0.50168
[  2, 21901] loss: 0.56622
[  2, 21951] loss: 0.61965
[  2, 22001] loss: 0.59203
[  2, 22051] loss: 0.62957
[  2, 22101] loss: 0.50527
[  2, 22151] loss: 0.48053
[  2, 22201] loss: 0.69506
[  2, 22251] loss: 0.61979
[  2, 22301] loss: 0.76977
[  2, 22351] loss: 0.75336
[  2, 22401] loss: 0.82763
[  2, 22451] loss: 0.77763
[  2, 22501] loss: 1.17590
[  2, 22551] loss: 1.00950
[  2, 22601] loss: 0.67519
[  2, 22651] loss: 0.69446
[  2, 22701] loss: 0.78899
[  2, 22751] loss: 0.55617
[  2, 22801] loss: 0.69599
[  2, 22851] loss: 0.65819
[  2, 22901] loss: 0.62487
[  2, 22951] loss: 0.58322
[  2, 23001] loss: 0.64155
[  2, 23051] loss: 0.67620
[  2, 23101] loss: 1.04557
[  2, 23151] loss: 0.77841
[  2, 23201] loss: 0.70871
[  2, 23251] loss: 1.05105
[  2, 23301] loss: 1.01243
[  2, 23351] loss: 0.74061
[  2, 23401] loss: 1.11223
[  2, 23451] loss: 0.90548
[  2, 23501] loss: 0.90331
[  2, 23551] loss: 0.76094
[  2, 23601] loss: 0.48965
[  2, 23651] loss: 0.56740
[  2, 23701] loss: 0.56375
[  2, 23751] loss: 0.68057
[  2, 23801] loss: 0.67111
[  2, 23851] loss: 0.73990
[  2, 23901] loss: 0.50278
[  2, 23951] loss: 0.67874
[  2, 24001] loss: 0.67604
[  2, 24051] loss: 0.50924
[  2, 24101] loss: 0.59309
[  2, 24151] loss: 0.50894
[  2, 24201] loss: 0.65338
[  2, 24251] loss: 0.53256
[  2, 24301] loss: 0.53070
[  2, 24351] loss: 0.51723
[  2, 24401] loss: 0.85635
[  2, 24451] loss: 1.40017
[  2, 24501] loss: 0.90979
[  2, 24551] loss: 0.64475
[  2, 24601] loss: 0.57494
[  2, 24651] loss: 0.58423
[  2, 24701] loss: 0.57735
[  2, 24751] loss: 0.60731
[  2, 24801] loss: 0.49263
[  2, 24851] loss: 0.52938
[  2, 24901] loss: 0.60792
[  2, 24951] loss: 0.61607
[  3,     1] loss: 0.77504
[  3,    51] loss: 0.84333
[  3,   101] loss: 0.95577
[  3,   151] loss: 0.67544
[  3,   201] loss: 0.41191
[  3,   251] loss: 0.65502
[  3,   301] loss: 0.69991
[  3,   351] loss: 0.56669
[  3,   401] loss: 0.56926
[  3,   451] loss: 0.74235
[  3,   501] loss: 0.88203
[  3,   551] loss: 0.60898
[  3,   601] loss: 0.80895
[  3,   651] loss: 0.73452
[  3,   701] loss: 1.06882
[  3,   751] loss: 0.88215
[  3,   801] loss: 0.83309
[  3,   851] loss: 0.62580
[  3,   901] loss: 0.73253
[  3,   951] loss: 1.07672
[  3,  1001] loss: 0.82618
[  3,  1051] loss: 0.79972
[  3,  1101] loss: 0.92014
[  3,  1151] loss: 0.82166
[  3,  1201] loss: 1.09088
[  3,  1251] loss: 0.64320
[  3,  1301] loss: 0.60576
[  3,  1351] loss: 0.92526
[  3,  1401] loss: 0.95015
[  3,  1451] loss: 1.14112
[  3,  1501] loss: 0.82693
[  3,  1551] loss: 0.87078
[  3,  1601] loss: 0.75936
[  3,  1651] loss: 0.67689
[  3,  1701] loss: 0.52912
[  3,  1751] loss: 0.53343
[  3,  1801] loss: 0.53600
[  3,  1851] loss: 0.74655
[  3,  1901] loss: 0.56745
[  3,  1951] loss: 0.49509
[  3,  2001] loss: 0.80586
[  3,  2051] loss: 0.94721
[  3,  2101] loss: 0.90918
[  3,  2151] loss: 0.68142
[  3,  2201] loss: 0.52670
[  3,  2251] loss: 0.59865
[  3,  2301] loss: 0.69747
[  3,  2351] loss: 0.77032
[  3,  2401] loss: 0.60703
[  3,  2451] loss: 0.49119
[  3,  2501] loss: 0.55920
[  3,  2551] loss: 0.59095
[  3,  2601] loss: 0.51514
[  3,  2651] loss: 0.63823
[  3,  2701] loss: 0.81635
[  3,  2751] loss: 0.57401
[  3,  2801] loss: 0.58091
[  3,  2851] loss: 0.59788
[  3,  2901] loss: 0.65949
[  3,  2951] loss: 0.71110
[  3,  3001] loss: 0.79723
[  3,  3051] loss: 1.15792
[  3,  3101] loss: 1.00253
[  3,  3151] loss: 0.77486
[  3,  3201] loss: 0.66694
[  3,  3251] loss: 0.76533
[  3,  3301] loss: 0.84547
[  3,  3351] loss: 0.73052
[  3,  3401] loss: 0.98834
[  3,  3451] loss: 0.70297
[  3,  3501] loss: 0.48502
[  3,  3551] loss: 0.55286
[  3,  3601] loss: 0.66203
[  3,  3651] loss: 0.56624
[  3,  3701] loss: 0.65251
[  3,  3751] loss: 0.48135
[  3,  3801] loss: 0.50386
[  3,  3851] loss: 0.47769
[  3,  3901] loss: 0.54280
[  3,  3951] loss: 0.69856
[  3,  4001] loss: 0.64249
[  3,  4051] loss: 0.53518
[  3,  4101] loss: 0.59411
[  3,  4151] loss: 0.71460
[  3,  4201] loss: 0.70304
[  3,  4251] loss: 0.73598
[  3,  4301] loss: 0.93882
[  3,  4351] loss: 0.92265
[  3,  4401] loss: 0.66668
[  3,  4451] loss: 0.56050
[  3,  4501] loss: 0.65516
[  3,  4551] loss: 0.60844
[  3,  4601] loss: 0.50726
[  3,  4651] loss: 0.61650
[  3,  4701] loss: 0.59231
[  3,  4751] loss: 0.63898
[  3,  4801] loss: 0.70645
[  3,  4851] loss: 0.73484
[  3,  4901] loss: 0.70690
[  3,  4951] loss: 0.49662
[  3,  5001] loss: 0.48508
[  3,  5051] loss: 0.54818
[  3,  5101] loss: 0.61363
[  3,  5151] loss: 0.99894
[  3,  5201] loss: 1.06368
[  3,  5251] loss: 0.98782
[  3,  5301] loss: 0.86691
[  3,  5351] loss: 0.94491
[  3,  5401] loss: 1.06126
[  3,  5451] loss: 0.94866
[  3,  5501] loss: 1.17790
[  3,  5551] loss: 1.67598
[  3,  5601] loss: 1.00803
[  3,  5651] loss: 1.15479
[  3,  5701] loss: 0.68988
[  3,  5751] loss: 0.76190
[  3,  5801] loss: 0.67110
[  3,  5851] loss: 0.52639
[  3,  5901] loss: 0.70278
[  3,  5951] loss: 0.56215
[  3,  6001] loss: 0.56646
[  3,  6051] loss: 0.53890
[  3,  6101] loss: 0.49965
[  3,  6151] loss: 0.50468
[  3,  6201] loss: 0.62192
[  3,  6251] loss: 0.61683
[  3,  6301] loss: 0.84220
[  3,  6351] loss: 1.28593
[  3,  6401] loss: 1.01393
[  3,  6451] loss: 0.67899
[  3,  6501] loss: 0.54482
[  3,  6551] loss: 0.57107
[  3,  6601] loss: 0.63728
[  3,  6651] loss: 1.20028
[  3,  6701] loss: 1.42781
[  3,  6751] loss: 0.73259
[  3,  6801] loss: 0.77778
[  3,  6851] loss: 0.81739
[  3,  6901] loss: 1.27667
[  3,  6951] loss: 1.47850
[  3,  7001] loss: 0.46197
[  3,  7051] loss: 0.46408
[  3,  7101] loss: 0.59530
[  3,  7151] loss: 0.64134
[  3,  7201] loss: 0.45476
[  3,  7251] loss: 0.62261
[  3,  7301] loss: 0.75083
[  3,  7351] loss: 0.64957
[  3,  7401] loss: 0.61003
[  3,  7451] loss: 0.61611
[  3,  7501] loss: 0.51237
[  3,  7551] loss: 0.62854
[  3,  7601] loss: 0.75067
[  3,  7651] loss: 1.13313
[  3,  7701] loss: 1.37107
[  3,  7751] loss: 0.77222
[  3,  7801] loss: 0.63892
[  3,  7851] loss: 0.72202
[  3,  7901] loss: 0.46675
[  3,  7951] loss: 0.45036
[  3,  8001] loss: 0.50642
[  3,  8051] loss: 0.57210
[  3,  8101] loss: 0.47086
[  3,  8151] loss: 0.36229
[  3,  8201] loss: 0.43309
[  3,  8251] loss: 0.71809
[  3,  8301] loss: 0.61739
[  3,  8351] loss: 0.60365
[  3,  8401] loss: 0.54929
[  3,  8451] loss: 0.61035
[  3,  8501] loss: 0.52480
[  3,  8551] loss: 0.65052
[  3,  8601] loss: 0.62054
[  3,  8651] loss: 0.75586
[  3,  8701] loss: 0.77031
[  3,  8751] loss: 0.58237
[  3,  8801] loss: 0.67336
[  3,  8851] loss: 0.74458
[  3,  8901] loss: 0.70141
[  3,  8951] loss: 0.76606
[  3,  9001] loss: 0.71127
[  3,  9051] loss: 0.57535
[  3,  9101] loss: 0.47289
[  3,  9151] loss: 0.48693
[  3,  9201] loss: 0.68052
[  3,  9251] loss: 0.59963
[  3,  9301] loss: 0.59116
[  3,  9351] loss: 0.59155
[  3,  9401] loss: 0.58043
[  3,  9451] loss: 0.65219
[  3,  9501] loss: 0.63056
[  3,  9551] loss: 0.82200
[  3,  9601] loss: 0.83539
[  3,  9651] loss: 0.81879
[  3,  9701] loss: 0.99548
[  3,  9751] loss: 1.21839
[  3,  9801] loss: 0.63909
[  3,  9851] loss: 0.60351
[  3,  9901] loss: 0.60368
[  3,  9951] loss: 0.86375
[  3, 10001] loss: 0.98112
[  3, 10051] loss: 0.75162
[  3, 10101] loss: 0.80800
[  3, 10151] loss: 1.10031
[  3, 10201] loss: 0.83878
[  3, 10251] loss: 0.56086
[  3, 10301] loss: 0.56526
[  3, 10351] loss: 0.82029
[  3, 10401] loss: 0.79333
[  3, 10451] loss: 1.14069
[  3, 10501] loss: 0.72386
[  3, 10551] loss: 0.69598
[  3, 10601] loss: 0.52477
[  3, 10651] loss: 0.62074
[  3, 10701] loss: 0.63465
[  3, 10751] loss: 0.90032
[  3, 10801] loss: 0.88912
[  3, 10851] loss: 1.17739
[  3, 10901] loss: 1.02457
[  3, 10951] loss: 0.84460
[  3, 11001] loss: 1.18357
[  3, 11051] loss: 0.62822
[  3, 11101] loss: 0.89172
[  3, 11151] loss: 0.74449
[  3, 11201] loss: 0.67277
[  3, 11251] loss: 0.54346
[  3, 11301] loss: 0.52804
[  3, 11351] loss: 0.73474
[  3, 11401] loss: 0.74682
[  3, 11451] loss: 0.94730
[  3, 11501] loss: 0.58785
[  3, 11551] loss: 0.60281
[  3, 11601] loss: 0.91054
[  3, 11651] loss: 0.64728
[  3, 11701] loss: 0.62343
[  3, 11751] loss: 0.66655
[  3, 11801] loss: 0.53623
[  3, 11851] loss: 0.60446
[  3, 11901] loss: 0.60089
[  3, 11951] loss: 0.65476
[  3, 12001] loss: 0.44387
[  3, 12051] loss: 0.70007
[  3, 12101] loss: 0.56486
[  3, 12151] loss: 0.77145
[  3, 12201] loss: 0.94926
[  3, 12251] loss: 1.25803
[  3, 12301] loss: 0.85735
[  3, 12351] loss: 0.83056
[  3, 12401] loss: 0.64523
[  3, 12451] loss: 1.17707
[  3, 12501] loss: 1.20022
[  3, 12551] loss: 0.80144
[  3, 12601] loss: 0.81957
[  3, 12651] loss: 0.64775
[  3, 12701] loss: 0.50760
[  3, 12751] loss: 0.68080
[  3, 12801] loss: 0.48199
[  3, 12851] loss: 0.82005
[  3, 12901] loss: 0.81203
[  3, 12951] loss: 0.77599
[  3, 13001] loss: 0.74806
[  3, 13051] loss: 1.04202
[  3, 13101] loss: 0.78263
[  3, 13151] loss: 0.97849
[  3, 13201] loss: 1.01462
[  3, 13251] loss: 0.55496
[  3, 13301] loss: 0.54526
[  3, 13351] loss: 0.48833
[  3, 13401] loss: 0.51004
[  3, 13451] loss: 0.70499
[  3, 13501] loss: 1.10262
[  3, 13551] loss: 0.78755
[  3, 13601] loss: 0.67926
[  3, 13651] loss: 0.71968
[  3, 13701] loss: 0.45844
[  3, 13751] loss: 0.58125
[  3, 13801] loss: 0.71339
[  3, 13851] loss: 0.80398
[  3, 13901] loss: 0.74536
[  3, 13951] loss: 0.76123
[  3, 14001] loss: 0.55489
[  3, 14051] loss: 0.41157
[  3, 14101] loss: 0.52215
[  3, 14151] loss: 0.41317
[  3, 14201] loss: 0.62696
[  3, 14251] loss: 0.60184
[  3, 14301] loss: 0.57623
[  3, 14351] loss: 0.57100
[  3, 14401] loss: 0.46860
[  3, 14451] loss: 0.59689
[  3, 14501] loss: 0.49926
[  3, 14551] loss: 0.65619
[  3, 14601] loss: 1.08021
[  3, 14651] loss: 0.76636
[  3, 14701] loss: 0.81882
[  3, 14751] loss: 1.02945
[  3, 14801] loss: 0.75420
[  3, 14851] loss: 1.00848
[  3, 14901] loss: 0.93995
[  3, 14951] loss: 0.77588
[  3, 15001] loss: 0.55365
[  3, 15051] loss: 0.73726
[  3, 15101] loss: 0.86349
[  3, 15151] loss: 0.98503
[  3, 15201] loss: 0.98698
[  3, 15251] loss: 0.88163
[  3, 15301] loss: 0.79213
[  3, 15351] loss: 0.78160
[  3, 15401] loss: 0.65430
[  3, 15451] loss: 0.80524
[  3, 15501] loss: 1.45074
[  3, 15551] loss: 1.92637
[  3, 15601] loss: 0.80556
[  3, 15651] loss: 0.87013
[  3, 15701] loss: 0.39796
[  3, 15751] loss: 0.64703
[  3, 15801] loss: 0.50870
[  3, 15851] loss: 0.37057
[  3, 15901] loss: 0.76264
[  3, 15951] loss: 0.89710
[  3, 16001] loss: 0.84461
[  3, 16051] loss: 0.86182
[  3, 16101] loss: 0.90364
[  3, 16151] loss: 0.90418
[  3, 16201] loss: 0.68959
[  3, 16251] loss: 0.61508
[  3, 16301] loss: 0.42256
[  3, 16351] loss: 0.51846
[  3, 16401] loss: 0.49615
[  3, 16451] loss: 0.60836
[  3, 16501] loss: 1.10457
[  3, 16551] loss: 1.19307
[  3, 16601] loss: 1.01087
[  3, 16651] loss: 0.73410
[  3, 16701] loss: 0.57576
[  3, 16751] loss: 0.54363
[  3, 16801] loss: 0.50393
[  3, 16851] loss: 0.55485
[  3, 16901] loss: 0.41759
[  3, 16951] loss: 0.62078
[  3, 17001] loss: 0.41186
[  3, 17051] loss: 0.54977
[  3, 17101] loss: 0.64988
[  3, 17151] loss: 0.97830
[  3, 17201] loss: 1.02299
[  3, 17251] loss: 0.64054
[  3, 17301] loss: 0.39051
[  3, 17351] loss: 0.60431
[  3, 17401] loss: 0.67003
[  3, 17451] loss: 0.56370
[  3, 17501] loss: 0.49550
[  3, 17551] loss: 0.50728
[  3, 17601] loss: 0.44833
[  3, 17651] loss: 0.55250
[  3, 17701] loss: 0.84419
[  3, 17751] loss: 0.69596
[  3, 17801] loss: 0.98221
[  3, 17851] loss: 0.63014
[  3, 17901] loss: 0.56699
[  3, 17951] loss: 0.65122
[  3, 18001] loss: 1.34297
[  3, 18051] loss: 1.12260
[  3, 18101] loss: 0.91912
[  3, 18151] loss: 1.29446
[  3, 18201] loss: 0.96989
[  3, 18251] loss: 0.46234
[  3, 18301] loss: 0.57813
[  3, 18351] loss: 0.95697
[  3, 18401] loss: 0.89390
[  3, 18451] loss: 0.57698
[  3, 18501] loss: 0.63427
[  3, 18551] loss: 0.76180
[  3, 18601] loss: 1.29442
[  3, 18651] loss: 1.17502
[  3, 18701] loss: 0.88685
[  3, 18751] loss: 0.76875
[  3, 18801] loss: 0.63234
[  3, 18851] loss: 0.43647
[  3, 18901] loss: 0.78308
[  3, 18951] loss: 0.80962
[  3, 19001] loss: 0.92341
[  3, 19051] loss: 0.66415
[  3, 19101] loss: 0.52657
[  3, 19151] loss: 0.55673
[  3, 19201] loss: 0.44303
[  3, 19251] loss: 0.56483
[  3, 19301] loss: 0.97813
[  3, 19351] loss: 0.89850
[  3, 19401] loss: 0.45808
[  3, 19451] loss: 0.60720
[  3, 19501] loss: 0.66233
[  3, 19551] loss: 0.73580
[  3, 19601] loss: 0.88007
[  3, 19651] loss: 0.79119
[  3, 19701] loss: 1.26915
[  3, 19751] loss: 1.12487
[  3, 19801] loss: 0.95623
[  3, 19851] loss: 0.69388
[  3, 19901] loss: 0.67227
[  3, 19951] loss: 0.38822
[  3, 20001] loss: 0.31679
[  3, 20051] loss: 0.50531
[  3, 20101] loss: 0.52239
[  3, 20151] loss: 0.46117
[  3, 20201] loss: 0.51753
[  3, 20251] loss: 0.65747
[  3, 20301] loss: 1.14636
[  3, 20351] loss: 1.13511
[  3, 20401] loss: 0.71868
[  3, 20451] loss: 0.51108
[  3, 20501] loss: 0.65028
[  3, 20551] loss: 0.77754
[  3, 20601] loss: 0.79273
[  3, 20651] loss: 0.66917
[  3, 20701] loss: 0.94321
[  3, 20751] loss: 0.65879
[  3, 20801] loss: 0.40776
[  3, 20851] loss: 0.42943
[  3, 20901] loss: 0.54080
[  3, 20951] loss: 0.49252
[  3, 21001] loss: 0.84159
[  3, 21051] loss: 0.90595
[  3, 21101] loss: 0.56283
[  3, 21151] loss: 0.51353
[  3, 21201] loss: 0.51585
[  3, 21251] loss: 0.74515
[  3, 21301] loss: 0.85037
[  3, 21351] loss: 0.76664
[  3, 21401] loss: 0.79807
[  3, 21451] loss: 0.34046
[  3, 21501] loss: 0.39246
[  3, 21551] loss: 0.38782
[  3, 21601] loss: 0.61546
[  3, 21651] loss: 0.78636
[  3, 21701] loss: 0.98900
[  3, 21751] loss: 1.53718
[  3, 21801] loss: 0.75711
[  3, 21851] loss: 0.70780
[  3, 21901] loss: 0.63673
[  3, 21951] loss: 0.59940
[  3, 22001] loss: 0.55379
[  3, 22051] loss: 0.45752
[  3, 22101] loss: 0.41632
[  3, 22151] loss: 0.52163
[  3, 22201] loss: 0.78577
[  3, 22251] loss: 0.79952
[  3, 22301] loss: 0.73054
[  3, 22351] loss: 0.63612
[  3, 22401] loss: 0.66710
[  3, 22451] loss: 0.64094
[  3, 22501] loss: 0.78161
[  3, 22551] loss: 0.84916
[  3, 22601] loss: 1.09727
[  3, 22651] loss: 0.75596
[  3, 22701] loss: 0.88105
[  3, 22751] loss: 1.12439
[  3, 22801] loss: 1.32187
[  3, 22851] loss: 0.71141
[  3, 22901] loss: 1.01092
[  3, 22951] loss: 1.04302
[  3, 23001] loss: 0.83343
[  3, 23051] loss: 0.78209
[  3, 23101] loss: 0.78346
[  3, 23151] loss: 1.02051
[  3, 23201] loss: 0.77261
[  3, 23251] loss: 0.60948
[  3, 23301] loss: 0.54380
[  3, 23351] loss: 0.40048
[  3, 23401] loss: 0.43351
[  3, 23451] loss: 0.45292
[  3, 23501] loss: 0.51531
[  3, 23551] loss: 0.78377
[  3, 23601] loss: 1.17486
[  3, 23651] loss: 0.94321
[  3, 23701] loss: 0.67267
[  3, 23751] loss: 0.83534
[  3, 23801] loss: 0.77043
[  3, 23851] loss: 0.87753
[  3, 23901] loss: 1.09162
[  3, 23951] loss: 0.73995
[  3, 24001] loss: 0.70434
[  3, 24051] loss: 0.85135
[  3, 24101] loss: 1.11930
[  3, 24151] loss: 0.62311
[  3, 24201] loss: 0.69337
[  3, 24251] loss: 0.63821
[  3, 24301] loss: 0.58763
[  3, 24351] loss: 0.54434
[  3, 24401] loss: 0.52382
[  3, 24451] loss: 0.51518
[  3, 24501] loss: 0.47908
[  3, 24551] loss: 0.64990
[  3, 24601] loss: 0.73836
[  3, 24651] loss: 0.77653
[  3, 24701] loss: 0.89887
[  3, 24751] loss: 0.73459
[  3, 24801] loss: 0.58190
[  3, 24851] loss: 0.57749
[  3, 24901] loss: 0.57120
[  3, 24951] loss: 0.59844
[  4,     1] loss: 0.94680
[  4,    51] loss: 0.61617
[  4,   101] loss: 0.51557
[  4,   151] loss: 0.87710
[  4,   201] loss: 0.84743
[  4,   251] loss: 0.61853
[  4,   301] loss: 0.55208
[  4,   351] loss: 0.62496
[  4,   401] loss: 0.54231
[  4,   451] loss: 0.69460
[  4,   501] loss: 0.68243
[  4,   551] loss: 0.80660
[  4,   601] loss: 0.88154
[  4,   651] loss: 0.79682
[  4,   701] loss: 0.67679
[  4,   751] loss: 0.73272
[  4,   801] loss: 0.84188
[  4,   851] loss: 0.93837
[  4,   901] loss: 0.84670
[  4,   951] loss: 0.94049
[  4,  1001] loss: 0.76464
[  4,  1051] loss: 0.81862
[  4,  1101] loss: 0.74288
[  4,  1151] loss: 0.65589
[  4,  1201] loss: 0.36516
[  4,  1251] loss: 0.52874
[  4,  1301] loss: 0.37304
[  4,  1351] loss: 0.75703
[  4,  1401] loss: 0.62635
[  4,  1451] loss: 0.77076
[  4,  1501] loss: 0.57785
[  4,  1551] loss: 0.58507
[  4,  1601] loss: 0.73402
[  4,  1651] loss: 1.00893
[  4,  1701] loss: 0.65434
[  4,  1751] loss: 0.70008
[  4,  1801] loss: 0.50495
[  4,  1851] loss: 0.54643
[  4,  1901] loss: 0.72557
[  4,  1951] loss: 0.44077
[  4,  2001] loss: 0.45030
[  4,  2051] loss: 0.43670
[  4,  2101] loss: 0.47490
[  4,  2151] loss: 0.47408
[  4,  2201] loss: 0.86002
[  4,  2251] loss: 1.18028
[  4,  2301] loss: 1.72982
[  4,  2351] loss: 1.20118
[  4,  2401] loss: 0.52405
[  4,  2451] loss: 0.41229
[  4,  2501] loss: 0.43764
[  4,  2551] loss: 0.65682
[  4,  2601] loss: 0.71690
[  4,  2651] loss: 0.88099
[  4,  2701] loss: 0.96893
[  4,  2751] loss: 0.49589
[  4,  2801] loss: 0.61803
[  4,  2851] loss: 0.62711
[  4,  2901] loss: 0.63895
[  4,  2951] loss: 0.48848
[  4,  3001] loss: 0.49373
[  4,  3051] loss: 0.50248
[  4,  3101] loss: 0.55783
[  4,  3151] loss: 0.65314
[  4,  3201] loss: 1.01278
[  4,  3251] loss: 1.09660
[  4,  3301] loss: 1.16205
[  4,  3351] loss: 1.08275
[  4,  3401] loss: 0.46474
[  4,  3451] loss: 0.40531
[  4,  3501] loss: 0.56838
[  4,  3551] loss: 0.81513
[  4,  3601] loss: 1.02797
[  4,  3651] loss: 0.65514
[  4,  3701] loss: 0.65362
[  4,  3751] loss: 0.34465
[  4,  3801] loss: 0.51137
[  4,  3851] loss: 0.53125
[  4,  3901] loss: 0.42954
[  4,  3951] loss: 0.38291
[  4,  4001] loss: 0.50047
[  4,  4051] loss: 0.76939
[  4,  4101] loss: 0.65827
[  4,  4151] loss: 0.60022
[  4,  4201] loss: 0.55338
[  4,  4251] loss: 0.64396
[  4,  4301] loss: 0.62013
[  4,  4351] loss: 0.73417
[  4,  4401] loss: 1.27312
[  4,  4451] loss: 0.45938
[  4,  4501] loss: 0.53380
[  4,  4551] loss: 1.04595
[  4,  4601] loss: 1.50172
[  4,  4651] loss: 1.21334
[  4,  4701] loss: 0.75174
[  4,  4751] loss: 0.59149
[  4,  4801] loss: 0.69906
[  4,  4851] loss: 0.50842
[  4,  4901] loss: 0.46937
[  4,  4951] loss: 0.56938
[  4,  5001] loss: 0.91128
[  4,  5051] loss: 0.67604
[  4,  5101] loss: 0.67694
[  4,  5151] loss: 0.54812
[  4,  5201] loss: 0.51574
[  4,  5251] loss: 0.60149
[  4,  5301] loss: 0.81758
[  4,  5351] loss: 0.65102
[  4,  5401] loss: 0.48915
[  4,  5451] loss: 0.62905
[  4,  5501] loss: 0.88003
[  4,  5551] loss: 0.59695
[  4,  5601] loss: 0.40165
[  4,  5651] loss: 0.54279
[  4,  5701] loss: 0.65590
[  4,  5751] loss: 0.65463
[  4,  5801] loss: 0.88798
[  4,  5851] loss: 1.05398
[  4,  5901] loss: 0.97104
[  4,  5951] loss: 0.85321
[  4,  6001] loss: 0.78229
[  4,  6051] loss: 0.62625
[  4,  6101] loss: 0.65447
[  4,  6151] loss: 0.47754
[  4,  6201] loss: 0.52954
[  4,  6251] loss: 0.43209
[  4,  6301] loss: 0.38163
[  4,  6351] loss: 0.52242
[  4,  6401] loss: 0.50687
[  4,  6451] loss: 0.50797
[  4,  6501] loss: 0.71479
[  4,  6551] loss: 0.86297
[  4,  6601] loss: 0.61813
[  4,  6651] loss: 0.45868
[  4,  6701] loss: 0.40343
[  4,  6751] loss: 0.40842
[  4,  6801] loss: 0.61840
[  4,  6851] loss: 0.55085
[  4,  6901] loss: 0.57433
[  4,  6951] loss: 0.66895
[  4,  7001] loss: 0.82849
[  4,  7051] loss: 1.02789
[  4,  7101] loss: 0.89029
[  4,  7151] loss: 0.52077
[  4,  7201] loss: 0.36582
[  4,  7251] loss: 0.45661
[  4,  7301] loss: 0.46197
[  4,  7351] loss: 0.51415
[  4,  7401] loss: 0.50243
[  4,  7451] loss: 0.84282
[  4,  7501] loss: 0.68817
[  4,  7551] loss: 0.75369
[  4,  7601] loss: 0.62548
[  4,  7651] loss: 0.39917
[  4,  7701] loss: 0.59360
[  4,  7751] loss: 0.65437
[  4,  7801] loss: 0.63370
[  4,  7851] loss: 0.88008
[  4,  7901] loss: 1.32124
[  4,  7951] loss: 1.48605
[  4,  8001] loss: 0.72802
[  4,  8051] loss: 0.45443
[  4,  8101] loss: 0.36810
[  4,  8151] loss: 0.41847
[  4,  8201] loss: 0.35849
[  4,  8251] loss: 0.38666
[  4,  8301] loss: 0.43569
[  4,  8351] loss: 0.44655
[  4,  8401] loss: 0.39540
[  4,  8451] loss: 0.53312
[  4,  8501] loss: 0.35147
[  4,  8551] loss: 0.72561
[  4,  8601] loss: 0.71043
[  4,  8651] loss: 0.71369
[  4,  8701] loss: 0.99341
[  4,  8751] loss: 1.39203
[  4,  8801] loss: 1.12333
[  4,  8851] loss: 0.81992
[  4,  8901] loss: 0.73873
[  4,  8951] loss: 0.72443
[  4,  9001] loss: 0.74496
[  4,  9051] loss: 0.94609
[  4,  9101] loss: 0.66308
[  4,  9151] loss: 0.58715
[  4,  9201] loss: 0.52268
[  4,  9251] loss: 0.43668
[  4,  9301] loss: 0.46117
[  4,  9351] loss: 0.60884
[  4,  9401] loss: 0.96368
[  4,  9451] loss: 0.94164
[  4,  9501] loss: 0.80832
[  4,  9551] loss: 0.44456
[  4,  9601] loss: 0.52371
[  4,  9651] loss: 0.80718
[  4,  9701] loss: 0.51234
[  4,  9751] loss: 0.60859
[  4,  9801] loss: 0.90946
[  4,  9851] loss: 0.80002
[  4,  9901] loss: 0.54615
[  4,  9951] loss: 0.44994
[  4, 10001] loss: 0.46113
[  4, 10051] loss: 0.55285
[  4, 10101] loss: 0.60743
[  4, 10151] loss: 0.67717
[  4, 10201] loss: 0.93741
[  4, 10251] loss: 1.05287
[  4, 10301] loss: 0.98597
[  4, 10351] loss: 0.83300
[  4, 10401] loss: 0.71967
[  4, 10451] loss: 0.71124
[  4, 10501] loss: 0.96695
[  4, 10551] loss: 1.02480
[  4, 10601] loss: 0.82902
[  4, 10651] loss: 0.82173
[  4, 10701] loss: 0.55403
[  4, 10751] loss: 0.41228
[  4, 10801] loss: 0.44042
[  4, 10851] loss: 0.40401
[  4, 10901] loss: 0.42151
[  4, 10951] loss: 0.32398
[  4, 11001] loss: 0.48381
[  4, 11051] loss: 0.36806
[  4, 11101] loss: 0.51643
[  4, 11151] loss: 0.84432
[  4, 11201] loss: 1.24380
[  4, 11251] loss: 0.72777
[  4, 11301] loss: 0.43589
[  4, 11351] loss: 0.64853
[  4, 11401] loss: 0.50501
[  4, 11451] loss: 0.37702
[  4, 11501] loss: 0.36539
[  4, 11551] loss: 0.45533
[  4, 11601] loss: 0.66173
[  4, 11651] loss: 1.11708
[  4, 11701] loss: 1.00808
[  4, 11751] loss: 0.84510
[  4, 11801] loss: 0.52933
[  4, 11851] loss: 0.86423
[  4, 11901] loss: 0.86883
[  4, 11951] loss: 0.74414
[  4, 12001] loss: 0.87521
[  4, 12051] loss: 0.70709
[  4, 12101] loss: 1.02563
[  4, 12151] loss: 1.27083
[  4, 12201] loss: 0.62968
[  4, 12251] loss: 0.58721
[  4, 12301] loss: 0.54754
[  4, 12351] loss: 0.47545
[  4, 12401] loss: 0.91368
[  4, 12451] loss: 0.70026
[  4, 12501] loss: 0.91663
[  4, 12551] loss: 0.82113
[  4, 12601] loss: 0.86142
[  4, 12651] loss: 0.67084
[  4, 12701] loss: 1.00355
[  4, 12751] loss: 0.88144
[  4, 12801] loss: 0.53469
[  4, 12851] loss: 0.67515
[  4, 12901] loss: 0.51034
[  4, 12951] loss: 0.48309
[  4, 13001] loss: 0.48031
[  4, 13051] loss: 0.59591
[  4, 13101] loss: 0.59976
[  4, 13151] loss: 0.68104
[  4, 13201] loss: 0.51007
[  4, 13251] loss: 1.03695
[  4, 13301] loss: 0.95819
[  4, 13351] loss: 0.45041
[  4, 13401] loss: 0.34150
[  4, 13451] loss: 0.58662
[  4, 13501] loss: 0.55229
[  4, 13551] loss: 0.29087
[  4, 13601] loss: 0.32516
[  4, 13651] loss: 0.54540
[  4, 13701] loss: 0.66201
[  4, 13751] loss: 1.04272
[  4, 13801] loss: 0.79484
[  4, 13851] loss: 0.48505
[  4, 13901] loss: 0.41060
[  4, 13951] loss: 0.54964
[  4, 14001] loss: 0.99929
[  4, 14051] loss: 0.83916
[  4, 14101] loss: 0.65201
[  4, 14151] loss: 0.52744
[  4, 14201] loss: 0.42276
[  4, 14251] loss: 0.43111
[  4, 14301] loss: 0.59906
[  4, 14351] loss: 1.07128
[  4, 14401] loss: 0.78295
[  4, 14451] loss: 0.78756
[  4, 14501] loss: 0.71975
[  4, 14551] loss: 0.75894
[  4, 14601] loss: 0.71945
[  4, 14651] loss: 0.41567
[  4, 14701] loss: 0.36937
[  4, 14751] loss: 0.50857
[  4, 14801] loss: 0.51917
[  4, 14851] loss: 0.38424
[  4, 14901] loss: 0.46082
[  4, 14951] loss: 0.73962
[  4, 15001] loss: 1.21499
[  4, 15051] loss: 0.47845
[  4, 15101] loss: 0.60440
[  4, 15151] loss: 0.54064
[  4, 15201] loss: 0.61432
[  4, 15251] loss: 0.51124
[  4, 15301] loss: 0.57144
[  4, 15351] loss: 0.53264
[  4, 15401] loss: 0.67037
[  4, 15451] loss: 0.67440
[  4, 15501] loss: 0.66684
[  4, 15551] loss: 0.58624
[  4, 15601] loss: 0.45625
[  4, 15651] loss: 0.54402
[  4, 15701] loss: 0.46031
[  4, 15751] loss: 0.43711
[  4, 15801] loss: 0.36016
[  4, 15851] loss: 0.57047
[  4, 15901] loss: 1.27631
[  4, 15951] loss: 0.89191
[  4, 16001] loss: 0.53134
[  4, 16051] loss: 0.42237
[  4, 16101] loss: 0.46899
[  4, 16151] loss: 0.44505
[  4, 16201] loss: 0.47370
[  4, 16251] loss: 0.74681
[  4, 16301] loss: 0.70857
[  4, 16351] loss: 0.74882
[  4, 16401] loss: 0.48686
[  4, 16451] loss: 0.45625
[  4, 16501] loss: 0.63534
[  4, 16551] loss: 0.44239
[  4, 16601] loss: 0.38352
[  4, 16651] loss: 0.68781
[  4, 16701] loss: 0.79799
[  4, 16751] loss: 0.70510
[  4, 16801] loss: 0.41864
[  4, 16851] loss: 0.89798
[  4, 16901] loss: 0.88046
[  4, 16951] loss: 0.55894
[  4, 17001] loss: 0.31267
[  4, 17051] loss: 0.46511
[  4, 17101] loss: 0.29657
[  4, 17151] loss: 0.42341
[  4, 17201] loss: 0.42747
[  4, 17251] loss: 0.66311
[  4, 17301] loss: 1.24930
[  4, 17351] loss: 0.78350
[  4, 17401] loss: 0.47253
[  4, 17451] loss: 0.28496
[  4, 17501] loss: 0.45231
[  4, 17551] loss: 0.58095
[  4, 17601] loss: 0.60186
[  4, 17651] loss: 0.57152
[  4, 17701] loss: 0.49194
[  4, 17751] loss: 0.26164
[  4, 17801] loss: 0.62014
[  4, 17851] loss: 0.44911
[  4, 17901] loss: 0.38690
[  4, 17951] loss: 0.37514
[  4, 18001] loss: 0.37587
[  4, 18051] loss: 0.57718
[  4, 18101] loss: 0.69713
[  4, 18151] loss: 0.62195
[  4, 18201] loss: 0.40234
[  4, 18251] loss: 0.74169
[  4, 18301] loss: 0.78843
[  4, 18351] loss: 0.43846
[  4, 18401] loss: 0.43252
[  4, 18451] loss: 0.73595
[  4, 18501] loss: 0.63655
[  4, 18551] loss: 0.42761
[  4, 18601] loss: 0.41256
[  4, 18651] loss: 0.71647
[  4, 18701] loss: 0.74888
[  4, 18751] loss: 1.00185
[  4, 18801] loss: 1.25888
[  4, 18851] loss: 1.31668
[  4, 18901] loss: 1.41965
[  4, 18951] loss: 0.73099
[  4, 19001] loss: 0.39392
[  4, 19051] loss: 0.29965
[  4, 19101] loss: 0.38160
[  4, 19151] loss: 0.74918
[  4, 19201] loss: 0.81115
[  4, 19251] loss: 0.51913
[  4, 19301] loss: 0.71770
[  4, 19351] loss: 0.45743
[  4, 19401] loss: 0.25986
[  4, 19451] loss: 0.39510
[  4, 19501] loss: 0.40157
[  4, 19551] loss: 0.56482
[  4, 19601] loss: 0.60616
[  4, 19651] loss: 0.53653
[  4, 19701] loss: 0.46892
[  4, 19751] loss: 0.57741
[  4, 19801] loss: 0.50213
[  4, 19851] loss: 0.33774
[  4, 19901] loss: 0.72748
[  4, 19951] loss: 0.52621
[  4, 20001] loss: 0.63071
[  4, 20051] loss: 0.73749
[  4, 20101] loss: 1.28014
[  4, 20151] loss: 0.58367
[  4, 20201] loss: 0.49994
[  4, 20251] loss: 0.34834
[  4, 20301] loss: 0.37678
[  4, 20351] loss: 0.47007
[  4, 20401] loss: 0.55926
[  4, 20451] loss: 0.82597
[  4, 20501] loss: 0.62442
[  4, 20551] loss: 0.43328
[  4, 20601] loss: 0.59798
[  4, 20651] loss: 0.83592
[  4, 20701] loss: 0.69178
[  4, 20751] loss: 0.51767
[  4, 20801] loss: 0.81488
[  4, 20851] loss: 0.84103
[  4, 20901] loss: 0.76084
[  4, 20951] loss: 0.65641
[  4, 21001] loss: 0.63265
[  4, 21051] loss: 0.95712
[  4, 21101] loss: 1.44137
[  4, 21151] loss: 0.92358
[  4, 21201] loss: 0.72482
[  4, 21251] loss: 0.43312
[  4, 21301] loss: 0.54350
[  4, 21351] loss: 0.60710
[  4, 21401] loss: 0.46263
[  4, 21451] loss: 0.76041
[  4, 21501] loss: 0.65487
[  4, 21551] loss: 0.62987
[  4, 21601] loss: 0.56638
[  4, 21651] loss: 0.60830
[  4, 21701] loss: 0.64076
[  4, 21751] loss: 0.41186
[  4, 21801] loss: 0.67514
[  4, 21851] loss: 0.94928
[  4, 21901] loss: 0.88777
[  4, 21951] loss: 0.94763
[  4, 22001] loss: 1.03219
[  4, 22051] loss: 0.87440
[  4, 22101] loss: 0.59551
[  4, 22151] loss: 0.50049
[  4, 22201] loss: 0.58211
[  4, 22251] loss: 0.49598
[  4, 22301] loss: 0.40105
[  4, 22351] loss: 0.38782
[  4, 22401] loss: 0.34932
[  4, 22451] loss: 0.34903
[  4, 22501] loss: 0.88718
[  4, 22551] loss: 0.73248
[  4, 22601] loss: 0.53768
[  4, 22651] loss: 0.53318
[  4, 22701] loss: 0.69233
[  4, 22751] loss: 0.38367
[  4, 22801] loss: 0.68715
[  4, 22851] loss: 0.52071
[  4, 22901] loss: 0.47735
[  4, 22951] loss: 0.46677
[  4, 23001] loss: 0.62278
[  4, 23051] loss: 0.94489
[  4, 23101] loss: 1.19565
[  4, 23151] loss: 0.67189
[  4, 23201] loss: 0.63790
[  4, 23251] loss: 0.75038
[  4, 23301] loss: 0.52180
[  4, 23351] loss: 0.38399
[  4, 23401] loss: 0.52606
[  4, 23451] loss: 0.55418
[  4, 23501] loss: 0.68570
[  4, 23551] loss: 0.65189
[  4, 23601] loss: 0.30343
[  4, 23651] loss: 0.38965
[  4, 23701] loss: 0.74248
[  4, 23751] loss: 0.77543
[  4, 23801] loss: 1.54364
[  4, 23851] loss: 0.84757
[  4, 23901] loss: 0.30808
[  4, 23951] loss: 0.51228
[  4, 24001] loss: 0.71525
[  4, 24051] loss: 0.41327
[  4, 24101] loss: 0.38217
[  4, 24151] loss: 0.47942
[  4, 24201] loss: 0.51572
[  4, 24251] loss: 0.55592
[  4, 24301] loss: 0.88403
[  4, 24351] loss: 1.06015
[  4, 24401] loss: 1.45000
[  4, 24451] loss: 0.83071
[  4, 24501] loss: 0.55967
[  4, 24551] loss: 0.34331
[  4, 24601] loss: 0.33054
[  4, 24651] loss: 0.47309
[  4, 24701] loss: 0.62869
[  4, 24751] loss: 0.72326
[  4, 24801] loss: 0.91596
[  4, 24851] loss: 0.36551
[  4, 24901] loss: 0.74650
[  4, 24951] loss: 1.14655
[  5,     1] loss: 1.17672
[  5,    51] loss: 0.46649
[  5,   101] loss: 0.50633
[  5,   151] loss: 0.41469
[  5,   201] loss: 0.24187
[  5,   251] loss: 0.48772
[  5,   301] loss: 0.52375
[  5,   351] loss: 0.32131
[  5,   401] loss: 0.37434
[  5,   451] loss: 0.33349
[  5,   501] loss: 0.32357
[  5,   551] loss: 0.22285
[  5,   601] loss: 0.49071
[  5,   651] loss: 0.49756
[  5,   701] loss: 0.58624
[  5,   751] loss: 0.79093
[  5,   801] loss: 0.69168
[  5,   851] loss: 0.44813
[  5,   901] loss: 0.56477
[  5,   951] loss: 1.11847
[  5,  1001] loss: 0.83231
[  5,  1051] loss: 0.47555
[  5,  1101] loss: 0.62596
[  5,  1151] loss: 0.62661
[  5,  1201] loss: 0.80906
[  5,  1251] loss: 0.38355
[  5,  1301] loss: 0.37105
[  5,  1351] loss: 0.78679
[  5,  1401] loss: 0.59951
[  5,  1451] loss: 0.81803
[  5,  1501] loss: 0.79747
[  5,  1551] loss: 0.81744
[  5,  1601] loss: 0.63813
[  5,  1651] loss: 0.86514
[  5,  1701] loss: 0.69001
[  5,  1751] loss: 0.47115
[  5,  1801] loss: 0.52316
[  5,  1851] loss: 0.64842
[  5,  1901] loss: 0.39575
[  5,  1951] loss: 0.27595
[  5,  2001] loss: 0.31773
[  5,  2051] loss: 0.34320
[  5,  2101] loss: 0.22720
[  5,  2151] loss: 0.42449
[  5,  2201] loss: 0.39250
[  5,  2251] loss: 0.40852
[  5,  2301] loss: 0.51803
[  5,  2351] loss: 0.39076
[  5,  2401] loss: 0.87007
[  5,  2451] loss: 1.02387
[  5,  2501] loss: 0.70325
[  5,  2551] loss: 0.58100
[  5,  2601] loss: 0.42406
[  5,  2651] loss: 0.32188
[  5,  2701] loss: 0.42064
[  5,  2751] loss: 0.63020
[  5,  2801] loss: 1.03188
[  5,  2851] loss: 0.82839
[  5,  2901] loss: 0.36335
[  5,  2951] loss: 0.34656
[  5,  3001] loss: 0.20818
[  5,  3051] loss: 0.33338
[  5,  3101] loss: 0.33120
[  5,  3151] loss: 0.31314
[  5,  3201] loss: 0.18666
[  5,  3251] loss: 0.33710
[  5,  3301] loss: 0.47887
[  5,  3351] loss: 0.54937
[  5,  3401] loss: 0.93510
[  5,  3451] loss: 0.46668
[  5,  3501] loss: 0.31130
[  5,  3551] loss: 0.33298
[  5,  3601] loss: 0.49136
[  5,  3651] loss: 0.57091
[  5,  3701] loss: 0.87995
[  5,  3751] loss: 1.32681
[  5,  3801] loss: 0.97106
[  5,  3851] loss: 0.23660
[  5,  3901] loss: 0.28117
[  5,  3951] loss: 0.47050
[  5,  4001] loss: 0.37403
[  5,  4051] loss: 0.28365
[  5,  4101] loss: 0.40543
[  5,  4151] loss: 0.48876
[  5,  4201] loss: 0.37085
[  5,  4251] loss: 0.27930
[  5,  4301] loss: 0.51283
[  5,  4351] loss: 0.46200
[  5,  4401] loss: 0.62974
[  5,  4451] loss: 0.74920
[  5,  4501] loss: 0.55165
[  5,  4551] loss: 0.44456
[  5,  4601] loss: 0.30203
[  5,  4651] loss: 0.39423
[  5,  4701] loss: 0.37742
[  5,  4751] loss: 0.92839
[  5,  4801] loss: 1.38781
[  5,  4851] loss: 0.81802
[  5,  4901] loss: 1.00358
[  5,  4951] loss: 0.78853
[  5,  5001] loss: 0.55643
[  5,  5051] loss: 0.24069
[  5,  5101] loss: 0.30952
[  5,  5151] loss: 0.39143
[  5,  5201] loss: 0.54736
[  5,  5251] loss: 0.50812
[  5,  5301] loss: 0.45570
[  5,  5351] loss: 0.73003
[  5,  5401] loss: 0.48406
[  5,  5451] loss: 0.38855
[  5,  5501] loss: 0.70782
[  5,  5551] loss: 0.88555
[  5,  5601] loss: 0.75543
[  5,  5651] loss: 0.65372
[  5,  5701] loss: 0.51043
[  5,  5751] loss: 0.46410
[  5,  5801] loss: 0.48409
[  5,  5851] loss: 0.31365
[  5,  5901] loss: 0.52900
[  5,  5951] loss: 0.57602
[  5,  6001] loss: 0.75652
[  5,  6051] loss: 0.94731
[  5,  6101] loss: 0.94499
[  5,  6151] loss: 0.82154
[  5,  6201] loss: 0.55321
[  5,  6251] loss: 0.56439
[  5,  6301] loss: 0.45291
[  5,  6351] loss: 0.62231
[  5,  6401] loss: 0.52777
[  5,  6451] loss: 0.21261
[  5,  6501] loss: 0.31253
[  5,  6551] loss: 0.26920
[  5,  6601] loss: 0.51951
[  5,  6651] loss: 0.67381
[  5,  6701] loss: 0.30305
[  5,  6751] loss: 0.17889
[  5,  6801] loss: 0.26090
[  5,  6851] loss: 0.41077
[  5,  6901] loss: 0.57291
[  5,  6951] loss: 0.55471
[  5,  7001] loss: 0.35196
[  5,  7051] loss: 0.33095
[  5,  7101] loss: 0.42055
[  5,  7151] loss: 1.08633
[  5,  7201] loss: 1.14847
[  5,  7251] loss: 0.60506
[  5,  7301] loss: 0.68887
[  5,  7351] loss: 0.76533
[  5,  7401] loss: 0.74960
[  5,  7451] loss: 0.31369
[  5,  7501] loss: 0.27994
[  5,  7551] loss: 0.30888
[  5,  7601] loss: 0.55042
[  5,  7651] loss: 0.76000
[  5,  7701] loss: 0.72295
[  5,  7751] loss: 0.43122
[  5,  7801] loss: 0.54985
[  5,  7851] loss: 0.73395
[  5,  7901] loss: 0.32974
[  5,  7951] loss: 0.24774
[  5,  8001] loss: 0.47476
[  5,  8051] loss: 1.08009
[  5,  8101] loss: 0.92430
[  5,  8151] loss: 0.42927
[  5,  8201] loss: 0.29530
[  5,  8251] loss: 0.27220
[  5,  8301] loss: 0.34773
[  5,  8351] loss: 0.24843
[  5,  8401] loss: 0.20323
[  5,  8451] loss: 0.37888
[  5,  8501] loss: 0.18173
[  5,  8551] loss: 0.26793
[  5,  8601] loss: 0.41353
[  5,  8651] loss: 0.56747
[  5,  8701] loss: 0.41240
[  5,  8751] loss: 0.23225
[  5,  8801] loss: 0.40638
[  5,  8851] loss: 0.34938
[  5,  8901] loss: 0.41258
[  5,  8951] loss: 0.50676
[  5,  9001] loss: 0.52927
[  5,  9051] loss: 0.29068
[  5,  9101] loss: 0.55084
[  5,  9151] loss: 0.52316
[  5,  9201] loss: 0.57171
[  5,  9251] loss: 0.67706
[  5,  9301] loss: 0.47769
[  5,  9351] loss: 0.47910
[  5,  9401] loss: 0.53374
[  5,  9451] loss: 0.34643
[  5,  9501] loss: 0.40590
[  5,  9551] loss: 0.32643
[  5,  9601] loss: 0.28818
[  5,  9651] loss: 0.53848
[  5,  9701] loss: 0.78961
[  5,  9751] loss: 0.71634
[  5,  9801] loss: 0.32171
[  5,  9851] loss: 0.43635
[  5,  9901] loss: 0.39600
[  5,  9951] loss: 0.61092
[  5, 10001] loss: 0.58203
[  5, 10051] loss: 0.46771
[  5, 10101] loss: 0.43128
[  5, 10151] loss: 0.39864
[  5, 10201] loss: 0.32549
[  5, 10251] loss: 0.22670
[  5, 10301] loss: 0.47655
[  5, 10351] loss: 0.97616
[  5, 10401] loss: 0.62720
[  5, 10451] loss: 0.68049
[  5, 10501] loss: 0.58835
[  5, 10551] loss: 0.51748
[  5, 10601] loss: 0.35625
[  5, 10651] loss: 0.33765
[  5, 10701] loss: 0.52944
[  5, 10751] loss: 0.60283
[  5, 10801] loss: 0.37735
[  5, 10851] loss: 0.81140
[  5, 10901] loss: 0.75286
[  5, 10951] loss: 0.75733
[  5, 11001] loss: 0.96299
[  5, 11051] loss: 0.34157
[  5, 11101] loss: 0.54111
[  5, 11151] loss: 0.41809
[  5, 11201] loss: 0.47793
[  5, 11251] loss: 0.37792
[  5, 11301] loss: 0.85209
[  5, 11351] loss: 0.53449
[  5, 11401] loss: 0.49613
[  5, 11451] loss: 0.52180
[  5, 11501] loss: 0.18731
[  5, 11551] loss: 0.26029
[  5, 11601] loss: 0.65804
[  5, 11651] loss: 0.47296
[  5, 11701] loss: 0.54596
[  5, 11751] loss: 0.62845
[  5, 11801] loss: 0.85276
[  5, 11851] loss: 1.03880
[  5, 11901] loss: 0.76451
[  5, 11951] loss: 0.67471
[  5, 12001] loss: 0.36015
[  5, 12051] loss: 1.04980
[  5, 12101] loss: 0.58087
[  5, 12151] loss: 1.01983
[  5, 12201] loss: 1.15576
[  5, 12251] loss: 1.04450
[  5, 12301] loss: 0.61225
[  5, 12351] loss: 0.46784
[  5, 12401] loss: 0.15973
[  5, 12451] loss: 0.66093
[  5, 12501] loss: 1.10607
[  5, 12551] loss: 0.59619
[  5, 12601] loss: 0.57143
[  5, 12651] loss: 0.55140
[  5, 12701] loss: 0.41000
[  5, 12751] loss: 0.73570
[  5, 12801] loss: 0.72823
[  5, 12851] loss: 0.31608
[  5, 12901] loss: 0.48821
[  5, 12951] loss: 0.97081
[  5, 13001] loss: 0.58717
[  5, 13051] loss: 0.73943
[  5, 13101] loss: 0.29295
[  5, 13151] loss: 0.45723
[  5, 13201] loss: 0.49052
[  5, 13251] loss: 0.32164
[  5, 13301] loss: 0.28653
[  5, 13351] loss: 0.32937
[  5, 13401] loss: 0.29936
[  5, 13451] loss: 0.21813
[  5, 13501] loss: 0.39726
[  5, 13551] loss: 0.59899
[  5, 13601] loss: 0.61932
[  5, 13651] loss: 0.32944
[  5, 13701] loss: 0.45581
[  5, 13751] loss: 0.47807
[  5, 13801] loss: 0.15704
[  5, 13851] loss: 0.39001
[  5, 13901] loss: 0.73497
[  5, 13951] loss: 0.28036
[  5, 14001] loss: 0.19480
[  5, 14051] loss: 0.20502
[  5, 14101] loss: 0.32703
[  5, 14151] loss: 0.40732
[  5, 14201] loss: 0.54044
[  5, 14251] loss: 0.23646
[  5, 14301] loss: 0.27726
[  5, 14351] loss: 0.20032
[  5, 14401] loss: 0.44518
[  5, 14451] loss: 0.52132
[  5, 14501] loss: 0.85439
[  5, 14551] loss: 1.20619
[  5, 14601] loss: 1.42904
[  5, 14651] loss: 0.84045
[  5, 14701] loss: 0.61105
[  5, 14751] loss: 0.63287
[  5, 14801] loss: 0.42625
[  5, 14851] loss: 0.22215
[  5, 14901] loss: 0.39458
[  5, 14951] loss: 0.18967
[  5, 15001] loss: 0.16426
[  5, 15051] loss: 0.50610
[  5, 15101] loss: 0.72294
[  5, 15151] loss: 0.64135
[  5, 15201] loss: 0.67358
[  5, 15251] loss: 0.58126
[  5, 15301] loss: 0.43395
[  5, 15351] loss: 0.56873
[  5, 15401] loss: 0.71639
[  5, 15451] loss: 0.64803
[  5, 15501] loss: 1.31173
[  5, 15551] loss: 1.51003
[  5, 15601] loss: 0.78882
[  5, 15651] loss: 0.70905
[  5, 15701] loss: 0.21689
[  5, 15751] loss: 0.39910
[  5, 15801] loss: 0.49034
[  5, 15851] loss: 0.21060
[  5, 15901] loss: 0.30609
[  5, 15951] loss: 0.70333
[  5, 16001] loss: 0.99497
[  5, 16051] loss: 0.70251
[  5, 16101] loss: 0.83304
[  5, 16151] loss: 0.68443
[  5, 16201] loss: 0.47844
[  5, 16251] loss: 0.78526
[  5, 16301] loss: 0.28929
[  5, 16351] loss: 0.32388
[  5, 16401] loss: 0.67173
[  5, 16451] loss: 0.46652
[  5, 16501] loss: 0.31077
[  5, 16551] loss: 0.21577
[  5, 16601] loss: 0.28631
[  5, 16651] loss: 0.32431
[  5, 16701] loss: 0.21110
[  5, 16751] loss: 0.43641
[  5, 16801] loss: 0.42895
[  5, 16851] loss: 0.40872
[  5, 16901] loss: 0.52619
[  5, 16951] loss: 0.64835
[  5, 17001] loss: 0.72648
[  5, 17051] loss: 0.49902
[  5, 17101] loss: 0.22872
[  5, 17151] loss: 0.25128
[  5, 17201] loss: 0.24471
[  5, 17251] loss: 0.27242
[  5, 17301] loss: 0.13569
[  5, 17351] loss: 0.29693
[  5, 17401] loss: 0.94912
[  5, 17451] loss: 1.13513
[  5, 17501] loss: 0.49137
[  5, 17551] loss: 0.20381
[  5, 17601] loss: 0.18389
[  5, 17651] loss: 0.24172
[  5, 17701] loss: 0.54591
[  5, 17751] loss: 0.35904
[  5, 17801] loss: 0.28192
[  5, 17851] loss: 0.13561
[  5, 17901] loss: 0.23958
[  5, 17951] loss: 0.40987
[  5, 18001] loss: 0.76045
[  5, 18051] loss: 0.70329
[  5, 18101] loss: 0.51655
[  5, 18151] loss: 0.79730
[  5, 18201] loss: 0.46028
[  5, 18251] loss: 0.11631
[  5, 18301] loss: 0.26685
[  5, 18351] loss: 0.50292
[  5, 18401] loss: 0.28459
[  5, 18451] loss: 0.24288
[  5, 18501] loss: 0.49452
[  5, 18551] loss: 0.40054
[  5, 18601] loss: 0.55399
[  5, 18651] loss: 0.32194
[  5, 18701] loss: 0.30839
[  5, 18751] loss: 0.27813
[  5, 18801] loss: 0.40023
[  5, 18851] loss: 0.32348
[  5, 18901] loss: 0.25937
[  5, 18951] loss: 0.79228
[  5, 19001] loss: 0.43402
[  5, 19051] loss: 0.23923
[  5, 19101] loss: 0.35188
[  5, 19151] loss: 0.51416
[  5, 19201] loss: 0.22806
[  5, 19251] loss: 0.25772
[  5, 19301] loss: 0.26521
[  5, 19351] loss: 0.41144
[  5, 19401] loss: 0.72706
[  5, 19451] loss: 0.72073
[  5, 19501] loss: 0.31771
[  5, 19551] loss: 0.27378
[  5, 19601] loss: 0.23632
[  5, 19651] loss: 0.39073
[  5, 19701] loss: 0.63955
[  5, 19751] loss: 0.51133
[  5, 19801] loss: 0.26337
[  5, 19851] loss: 0.12321
[  5, 19901] loss: 0.38057
[  5, 19951] loss: 0.10707
[  5, 20001] loss: 0.38591
[  5, 20051] loss: 0.35359
[  5, 20101] loss: 0.39517
[  5, 20151] loss: 0.72597
[  5, 20201] loss: 0.56016
[  5, 20251] loss: 0.57195
[  5, 20301] loss: 0.77100
[  5, 20351] loss: 0.83683
[  5, 20401] loss: 0.40459
[  5, 20451] loss: 0.35184
[  5, 20501] loss: 0.37104
[  5, 20551] loss: 0.36718
[  5, 20601] loss: 0.32571
[  5, 20651] loss: 0.32440
[  5, 20701] loss: 0.56405
[  5, 20751] loss: 0.44023
[  5, 20801] loss: 0.27528
[  5, 20851] loss: 0.32061
[  5, 20901] loss: 0.55329
[  5, 20951] loss: 0.50726
[  5, 21001] loss: 0.79160
[  5, 21051] loss: 0.65747
[  5, 21101] loss: 0.33736
[  5, 21151] loss: 0.22114
[  5, 21201] loss: 0.27138
[  5, 21251] loss: 0.41954
[  5, 21301] loss: 0.31101
[  5, 21351] loss: 0.36564
[  5, 21401] loss: 0.40901
[  5, 21451] loss: 0.19599
[  5, 21501] loss: 0.16295
[  5, 21551] loss: 0.20591
[  5, 21601] loss: 0.69493
[  5, 21651] loss: 0.62453
[  5, 21701] loss: 0.68040
[  5, 21751] loss: 0.74665
[  5, 21801] loss: 0.55442
[  5, 21851] loss: 0.39046
[  5, 21901] loss: 0.39621
[  5, 21951] loss: 0.24539
[  5, 22001] loss: 0.19702
[  5, 22051] loss: 0.16169
[  5, 22101] loss: 0.31888
[  5, 22151] loss: 0.40456
[  5, 22201] loss: 0.96245
[  5, 22251] loss: 0.75975
[  5, 22301] loss: 0.52279
[  5, 22351] loss: 0.72410
[  5, 22401] loss: 0.41572
[  5, 22451] loss: 0.19608
[  5, 22501] loss: 0.32983
[  5, 22551] loss: 0.43357
[  5, 22601] loss: 0.67662
[  5, 22651] loss: 0.39207
[  5, 22701] loss: 0.53232
[  5, 22751] loss: 0.48495
[  5, 22801] loss: 0.67260
[  5, 22851] loss: 0.56553
[  5, 22901] loss: 1.37093
[  5, 22951] loss: 0.88872
[  5, 23001] loss: 0.72921
[  5, 23051] loss: 0.75949
[  5, 23101] loss: 0.72004
[  5, 23151] loss: 0.84659
[  5, 23201] loss: 0.74766
[  5, 23251] loss: 0.46132
[  5, 23301] loss: 0.42859
[  5, 23351] loss: 0.38231
[  5, 23401] loss: 0.27265
[  5, 23451] loss: 0.51577
[  5, 23501] loss: 0.48046
[  5, 23551] loss: 0.53607
[  5, 23601] loss: 0.94026
[  5, 23651] loss: 0.48329
[  5, 23701] loss: 0.33981
[  5, 23751] loss: 0.30225
[  5, 23801] loss: 0.29095
[  5, 23851] loss: 0.57272
[  5, 23901] loss: 0.91290
[  5, 23951] loss: 0.46837
[  5, 24001] loss: 0.32224
[  5, 24051] loss: 0.45210
[  5, 24101] loss: 0.33973
[  5, 24151] loss: 0.12331
[  5, 24201] loss: 0.32769
[  5, 24251] loss: 0.23740
[  5, 24301] loss: 0.32628
[  5, 24351] loss: 0.19237
[  5, 24401] loss: 0.33454
[  5, 24451] loss: 0.60734
[  5, 24501] loss: 0.98647
[  5, 24551] loss: 0.72402
[  5, 24601] loss: 0.66430
[  5, 24651] loss: 0.46248
[  5, 24701] loss: 0.49117
[  5, 24751] loss: 0.35628
[  5, 24801] loss: 0.42002
[  5, 24851] loss: 0.25439
[  5, 24901] loss: 0.27251
[  5, 24951] loss: 0.47555
Finished training
Accuracy on train: 0.85696
Accuracy on test: 0.64704
