{'word_context': 5, 'word_embed_size': 30, 'word_conv_units': 10, 'hidden_units': 0, 'dropout': False, 'batch_size': 50}
train set done
test set done
<bound method MixedNet.parameters of MixedNet (
  (W_wrd): DataParallel (
    (module): Embedding(89528, 30)
  )
  (word_level_conv): DataParallel (
    (module): Conv2d(1, 10, kernel_size=(30, 5), stride=(1, 1), padding=(0, 2))
  )
  (word_level_maxpool): DataParallel (
    (module): AdaptiveMaxPool2d (output_size=(10, 1))
  )
  (fc1): DataParallel (
    (module): Linear (10 -> 2)
  )
)>
[  1,     1] loss: 0.69472
[  1,    51] loss: 0.72778
[  1,   101] loss: 0.72023
[  1,   151] loss: 0.73631
[  1,   201] loss: 0.72021
[  1,   251] loss: 0.71533
[  1,   301] loss: 0.70933
[  1,   351] loss: 0.69023
[  1,   401] loss: 0.66058
[  1,   451] loss: 0.71402
[  1,   501] loss: 0.69191
[  1,   551] loss: 0.69813
[  1,   601] loss: 0.69712
[  1,   651] loss: 0.69924
[  1,   701] loss: 0.69827
[  1,   751] loss: 0.69962
[  1,   801] loss: 0.69970
[  1,   851] loss: 0.69763
[  1,   901] loss: 0.67908
[  1,   951] loss: 0.69458
[  1,  1001] loss: 0.70040
[  1,  1051] loss: 0.69226
[  1,  1101] loss: 0.69526
[  1,  1151] loss: 0.69650
[  1,  1201] loss: 0.70197
[  1,  1251] loss: 0.70542
[  1,  1301] loss: 0.68999
[  1,  1351] loss: 0.69301
[  1,  1401] loss: 0.69229
[  1,  1451] loss: 0.69270
[  1,  1501] loss: 0.69105
[  1,  1551] loss: 0.69342
[  1,  1601] loss: 0.68710
[  1,  1651] loss: 0.69787
[  1,  1701] loss: 0.67753
[  1,  1751] loss: 0.69975
[  1,  1801] loss: 0.68911
[  1,  1851] loss: 0.69217
[  1,  1901] loss: 0.69785
[  1,  1951] loss: 0.70246
[  1,  2001] loss: 0.68983
[  1,  2051] loss: 0.69804
[  1,  2101] loss: 0.69346
[  1,  2151] loss: 0.68678
[  1,  2201] loss: 0.70623
[  1,  2251] loss: 0.69006
[  1,  2301] loss: 0.69535
[  1,  2351] loss: 0.69162
[  1,  2401] loss: 0.68933
[  1,  2451] loss: 0.70692
[  1,  2501] loss: 0.68671
[  1,  2551] loss: 0.68575
[  1,  2601] loss: 0.72544
[  1,  2651] loss: 0.68613
[  1,  2701] loss: 0.68550
[  1,  2751] loss: 0.68125
[  1,  2801] loss: 0.69880
[  1,  2851] loss: 0.68903
[  1,  2901] loss: 0.68332
[  1,  2951] loss: 0.70156
[  1,  3001] loss: 0.71170
[  1,  3051] loss: 0.70328
[  1,  3101] loss: 0.70429
[  1,  3151] loss: 0.71450
[  1,  3201] loss: 0.67743
[  1,  3251] loss: 0.70318
[  1,  3301] loss: 0.68005
[  1,  3351] loss: 0.69845
[  1,  3401] loss: 0.69152
[  1,  3451] loss: 0.69964
[  1,  3501] loss: 0.69335
[  1,  3551] loss: 0.70517
[  1,  3601] loss: 0.70908
[  1,  3651] loss: 0.70514
[  1,  3701] loss: 0.69585
[  1,  3751] loss: 0.68162
[  1,  3801] loss: 0.69863
[  1,  3851] loss: 0.68501
[  1,  3901] loss: 0.68489
[  1,  3951] loss: 0.67944
[  1,  4001] loss: 0.70959
[  1,  4051] loss: 0.67647
[  1,  4101] loss: 0.70988
[  1,  4151] loss: 0.72342
[  1,  4201] loss: 0.70067
[  1,  4251] loss: 0.71057
[  1,  4301] loss: 0.69796
[  1,  4351] loss: 0.71813
[  1,  4401] loss: 0.67374
[  1,  4451] loss: 0.67847
[  1,  4501] loss: 0.72347
[  1,  4551] loss: 0.69675
[  1,  4601] loss: 0.68656
[  1,  4651] loss: 0.70882
[  1,  4701] loss: 0.72174
[  1,  4751] loss: 0.68811
[  1,  4801] loss: 0.71468
[  1,  4851] loss: 0.69728
[  1,  4901] loss: 0.67805
[  1,  4951] loss: 0.68174
[  1,  5001] loss: 0.69334
[  1,  5051] loss: 0.68252
[  1,  5101] loss: 0.70248
[  1,  5151] loss: 0.68926
[  1,  5201] loss: 0.69854
[  1,  5251] loss: 0.68741
[  1,  5301] loss: 0.67936
[  1,  5351] loss: 0.69972
[  1,  5401] loss: 0.69219
[  1,  5451] loss: 0.66869
[  1,  5501] loss: 0.69492
[  1,  5551] loss: 0.69977
[  1,  5601] loss: 0.68509
[  1,  5651] loss: 0.68986
[  1,  5701] loss: 0.69973
[  1,  5751] loss: 0.69315
[  1,  5801] loss: 0.69481
[  1,  5851] loss: 0.67845
[  1,  5901] loss: 0.70566
[  1,  5951] loss: 0.69275
[  1,  6001] loss: 0.70631
[  1,  6051] loss: 0.71281
[  1,  6101] loss: 0.69738
[  1,  6151] loss: 0.68525
[  1,  6201] loss: 0.68688
[  1,  6251] loss: 0.68276
[  1,  6301] loss: 0.70460
[  1,  6351] loss: 0.72106
[  1,  6401] loss: 0.68223
[  1,  6451] loss: 0.70457
[  1,  6501] loss: 0.69215
[  1,  6551] loss: 0.68718
[  1,  6601] loss: 0.69446
[  1,  6651] loss: 0.68510
[  1,  6701] loss: 0.69758
[  1,  6751] loss: 0.69624
[  1,  6801] loss: 0.69459
[  1,  6851] loss: 0.69448
[  1,  6901] loss: 0.70835
[  1,  6951] loss: 0.71174
[  1,  7001] loss: 0.70306
[  1,  7051] loss: 0.70514
[  1,  7101] loss: 0.69502
[  1,  7151] loss: 0.69718
[  1,  7201] loss: 0.69471
[  1,  7251] loss: 0.66830
[  1,  7301] loss: 0.70104
[  1,  7351] loss: 0.70429
[  1,  7401] loss: 0.69916
[  1,  7451] loss: 0.68215
[  1,  7501] loss: 0.68944
[  1,  7551] loss: 0.68593
[  1,  7601] loss: 0.68136
[  1,  7651] loss: 0.69397
[  1,  7701] loss: 0.70938
[  1,  7751] loss: 0.69285
[  1,  7801] loss: 0.68158
[  1,  7851] loss: 0.67703
[  1,  7901] loss: 0.69713
[  1,  7951] loss: 0.67822
[  1,  8001] loss: 0.71080
[  1,  8051] loss: 0.69833
[  1,  8101] loss: 0.68980
[  1,  8151] loss: 0.70145
[  1,  8201] loss: 0.70029
[  1,  8251] loss: 0.69772
[  1,  8301] loss: 0.69022
[  1,  8351] loss: 0.67799
[  1,  8401] loss: 0.69442
[  1,  8451] loss: 0.69733
[  1,  8501] loss: 0.69640
[  1,  8551] loss: 0.71039
[  1,  8601] loss: 0.70528
[  1,  8651] loss: 0.68040
[  1,  8701] loss: 0.70821
[  1,  8751] loss: 0.68007
[  1,  8801] loss: 0.66109
[  1,  8851] loss: 0.69677
[  1,  8901] loss: 0.70973
[  1,  8951] loss: 0.71889
[  1,  9001] loss: 0.68945
[  1,  9051] loss: 0.70797
[  1,  9101] loss: 0.69882
[  1,  9151] loss: 0.71170
[  1,  9201] loss: 0.69323
[  1,  9251] loss: 0.68713
[  1,  9301] loss: 0.70041
[  1,  9351] loss: 0.68777
[  1,  9401] loss: 0.69565
[  1,  9451] loss: 0.68885
[  1,  9501] loss: 0.68871
[  1,  9551] loss: 0.68670
[  1,  9601] loss: 0.67496
[  1,  9651] loss: 0.68850
[  1,  9701] loss: 0.68714
[  1,  9751] loss: 0.70637
[  1,  9801] loss: 0.69213
[  1,  9851] loss: 0.69141
[  1,  9901] loss: 0.68526
[  1,  9951] loss: 0.69647
[  1, 10001] loss: 0.70150
[  1, 10051] loss: 0.67566
[  1, 10101] loss: 0.68573
[  1, 10151] loss: 0.69244
[  1, 10201] loss: 0.70235
[  1, 10251] loss: 0.67869
[  1, 10301] loss: 0.68700
[  1, 10351] loss: 0.66975
[  1, 10401] loss: 0.68161
[  1, 10451] loss: 0.69748
[  1, 10501] loss: 0.69438
[  1, 10551] loss: 0.69155
[  1, 10601] loss: 0.68135
[  1, 10651] loss: 0.68148
[  1, 10701] loss: 0.69040
[  1, 10751] loss: 0.67466
[  1, 10801] loss: 0.67624
[  1, 10851] loss: 0.68935
[  1, 10901] loss: 0.67602
[  1, 10951] loss: 0.67846
[  1, 11001] loss: 0.67170
[  1, 11051] loss: 0.68129
[  1, 11101] loss: 0.67247
[  1, 11151] loss: 0.67149
[  1, 11201] loss: 0.68125
[  1, 11251] loss: 0.67398
[  1, 11301] loss: 0.70196
[  1, 11351] loss: 0.70347
[  1, 11401] loss: 0.67459
[  1, 11451] loss: 0.68295
[  1, 11501] loss: 0.68943
[  1, 11551] loss: 0.70617
[  1, 11601] loss: 0.68975
[  1, 11651] loss: 0.69597
[  1, 11701] loss: 0.69103
[  1, 11751] loss: 0.66928
[  1, 11801] loss: 0.65606
[  1, 11851] loss: 0.68769
[  1, 11901] loss: 0.67994
[  1, 11951] loss: 0.65672
[  1, 12001] loss: 0.69328
[  1, 12051] loss: 0.68231
[  1, 12101] loss: 0.70608
[  1, 12151] loss: 0.69516
[  1, 12201] loss: 0.67266
[  1, 12251] loss: 0.68179
[  1, 12301] loss: 0.68881
[  1, 12351] loss: 0.68239
[  1, 12401] loss: 0.66373
[  1, 12451] loss: 0.67007
[  1, 12501] loss: 0.68825
[  1, 12551] loss: 0.68273
[  1, 12601] loss: 0.65982
[  1, 12651] loss: 0.68072
[  1, 12701] loss: 0.68954
[  1, 12751] loss: 0.67137
[  1, 12801] loss: 0.67427
[  1, 12851] loss: 0.66868
[  1, 12901] loss: 0.67508
[  1, 12951] loss: 0.69159
[  1, 13001] loss: 0.67009
[  1, 13051] loss: 0.69807
[  1, 13101] loss: 0.68358
[  1, 13151] loss: 0.68116
[  1, 13201] loss: 0.69111
[  1, 13251] loss: 0.67731
[  1, 13301] loss: 0.65887
[  1, 13351] loss: 0.68604
[  1, 13401] loss: 0.67764
[  1, 13451] loss: 0.71032
[  1, 13501] loss: 0.67545
[  1, 13551] loss: 0.67258
[  1, 13601] loss: 0.69264
[  1, 13651] loss: 0.67338
[  1, 13701] loss: 0.68123
[  1, 13751] loss: 0.66626
[  1, 13801] loss: 0.68977
[  1, 13851] loss: 0.64171
[  1, 13901] loss: 0.66116
[  1, 13951] loss: 0.68783
[  1, 14001] loss: 0.65882
[  1, 14051] loss: 0.68086
[  1, 14101] loss: 0.66065
[  1, 14151] loss: 0.64974
[  1, 14201] loss: 0.66022
[  1, 14251] loss: 0.66492
[  1, 14301] loss: 0.68718
[  1, 14351] loss: 0.67929
[  1, 14401] loss: 0.64597
[  1, 14451] loss: 0.67928
[  1, 14501] loss: 0.65108
[  1, 14551] loss: 0.66565
[  1, 14601] loss: 0.67353
[  1, 14651] loss: 0.65184
[  1, 14701] loss: 0.67873
[  1, 14751] loss: 0.67611
[  1, 14801] loss: 0.67232
[  1, 14851] loss: 0.67640
[  1, 14901] loss: 0.66761
[  1, 14951] loss: 0.67001
[  1, 15001] loss: 0.67536
[  1, 15051] loss: 0.65628
[  1, 15101] loss: 0.65529
[  1, 15151] loss: 0.70252
[  1, 15201] loss: 0.67356
[  1, 15251] loss: 0.67209
[  1, 15301] loss: 0.64905
[  1, 15351] loss: 0.67670
[  1, 15401] loss: 0.68398
[  1, 15451] loss: 0.69177
[  1, 15501] loss: 0.68971
[  1, 15551] loss: 0.66096
[  1, 15601] loss: 0.67814
[  1, 15651] loss: 0.66709
[  1, 15701] loss: 0.69010
[  1, 15751] loss: 0.64629
[  1, 15801] loss: 0.66271
[  1, 15851] loss: 0.65551
[  1, 15901] loss: 0.67887
[  1, 15951] loss: 0.64093
[  1, 16001] loss: 0.64752
[  1, 16051] loss: 0.66578
[  1, 16101] loss: 0.69490
[  1, 16151] loss: 0.67016
[  1, 16201] loss: 0.65396
[  1, 16251] loss: 0.65417
[  1, 16301] loss: 0.66269
[  1, 16351] loss: 0.68325
[  1, 16401] loss: 0.67600
[  1, 16451] loss: 0.66664
[  1, 16501] loss: 0.67533
[  1, 16551] loss: 0.64230
[  1, 16601] loss: 0.65012
[  1, 16651] loss: 0.68794
[  1, 16701] loss: 0.66487
[  1, 16751] loss: 0.68609
[  1, 16801] loss: 0.67636
[  1, 16851] loss: 0.66433
[  1, 16901] loss: 0.68962
[  1, 16951] loss: 0.63705
[  1, 17001] loss: 0.69539
[  1, 17051] loss: 0.68530
[  1, 17101] loss: 0.70116
[  1, 17151] loss: 0.69533
[  1, 17201] loss: 0.63500
[  1, 17251] loss: 0.63404
[  1, 17301] loss: 0.65444
[  1, 17351] loss: 0.68188
[  1, 17401] loss: 0.66331
[  1, 17451] loss: 0.66666
[  1, 17501] loss: 0.68653
[  1, 17551] loss: 0.62992
[  1, 17601] loss: 0.69756
[  1, 17651] loss: 0.64099
[  1, 17701] loss: 0.65448
[  1, 17751] loss: 0.66576
[  1, 17801] loss: 0.66457
[  1, 17851] loss: 0.66904
[  1, 17901] loss: 0.69940
[  1, 17951] loss: 0.65200
[  1, 18001] loss: 0.66802
[  1, 18051] loss: 0.65088
[  1, 18101] loss: 0.65603
[  1, 18151] loss: 0.67209
[  1, 18201] loss: 0.62135
[  1, 18251] loss: 0.66354
[  1, 18301] loss: 0.63694
[  1, 18351] loss: 0.68890
[  1, 18401] loss: 0.64881
[  1, 18451] loss: 0.64509
[  1, 18501] loss: 0.63773
[  1, 18551] loss: 0.66745
[  1, 18601] loss: 0.67799
[  1, 18651] loss: 0.65636
[  1, 18701] loss: 0.66567
[  1, 18751] loss: 0.64701
[  1, 18801] loss: 0.65796
[  1, 18851] loss: 0.68388
[  1, 18901] loss: 0.65133
[  1, 18951] loss: 0.69645
[  1, 19001] loss: 0.66919
[  1, 19051] loss: 0.66284
[  1, 19101] loss: 0.66844
[  1, 19151] loss: 0.65918
[  1, 19201] loss: 0.67645
[  1, 19251] loss: 0.67923
[  1, 19301] loss: 0.68136
[  1, 19351] loss: 0.68251
[  1, 19401] loss: 0.66537
[  1, 19451] loss: 0.67210
[  1, 19501] loss: 0.69410
[  1, 19551] loss: 0.65121
[  1, 19601] loss: 0.66302
[  1, 19651] loss: 0.69016
[  1, 19701] loss: 0.63815
[  1, 19751] loss: 0.69723
[  1, 19801] loss: 0.66585
[  1, 19851] loss: 0.65782
[  1, 19901] loss: 0.67446
[  1, 19951] loss: 0.63673
[  1, 20001] loss: 0.66590
[  1, 20051] loss: 0.65812
[  1, 20101] loss: 0.64644
[  1, 20151] loss: 0.66606
[  1, 20201] loss: 0.65965
[  1, 20251] loss: 0.64008
[  1, 20301] loss: 0.64943
[  1, 20351] loss: 0.66134
[  1, 20401] loss: 0.69074
[  1, 20451] loss: 0.63908
[  1, 20501] loss: 0.65590
[  1, 20551] loss: 0.63275
[  1, 20601] loss: 0.67507
[  1, 20651] loss: 0.70271
[  1, 20701] loss: 0.64063
[  1, 20751] loss: 0.63541
[  1, 20801] loss: 0.59355
[  1, 20851] loss: 0.68377
[  1, 20901] loss: 0.66629
[  1, 20951] loss: 0.64697
[  1, 21001] loss: 0.71084
[  1, 21051] loss: 0.65249
[  1, 21101] loss: 0.69765
[  1, 21151] loss: 0.65285
[  1, 21201] loss: 0.70592
[  1, 21251] loss: 0.67380
[  1, 21301] loss: 0.66118
[  1, 21351] loss: 0.69218
[  1, 21401] loss: 0.65218
[  1, 21451] loss: 0.61370
[  1, 21501] loss: 0.66026
[  1, 21551] loss: 0.67012
[  1, 21601] loss: 0.62469
[  1, 21651] loss: 0.67837
[  1, 21701] loss: 0.66227
[  1, 21751] loss: 0.66932
[  1, 21801] loss: 0.70627
[  1, 21851] loss: 0.69081
[  1, 21901] loss: 0.66310
[  1, 21951] loss: 0.70901
[  1, 22001] loss: 0.68897
[  1, 22051] loss: 0.67991
[  1, 22101] loss: 0.65309
[  1, 22151] loss: 0.64904
[  1, 22201] loss: 0.72217
[  1, 22251] loss: 0.67325
[  1, 22301] loss: 0.64636
[  1, 22351] loss: 0.63688
[  1, 22401] loss: 0.64905
[  1, 22451] loss: 0.65813
[  1, 22501] loss: 0.65012
[  1, 22551] loss: 0.65379
[  1, 22601] loss: 0.66672
[  1, 22651] loss: 0.64245
[  1, 22701] loss: 0.70442
[  1, 22751] loss: 0.71366
[  1, 22801] loss: 0.61635
[  1, 22851] loss: 0.64349
[  1, 22901] loss: 0.64540
[  1, 22951] loss: 0.61822
[  1, 23001] loss: 0.65289
[  1, 23051] loss: 0.67706
[  1, 23101] loss: 0.66463
[  1, 23151] loss: 0.64352
[  1, 23201] loss: 0.64794
[  1, 23251] loss: 0.66950
[  1, 23301] loss: 0.62260
[  1, 23351] loss: 0.64741
[  1, 23401] loss: 0.67640
[  1, 23451] loss: 0.65760
[  1, 23501] loss: 0.65341
[  1, 23551] loss: 0.63119
[  1, 23601] loss: 0.66265
[  1, 23651] loss: 0.62364
[  1, 23701] loss: 0.68858
[  1, 23751] loss: 0.63677
[  1, 23801] loss: 0.65432
[  1, 23851] loss: 0.63721
[  1, 23901] loss: 0.63492
[  1, 23951] loss: 0.64060
[  1, 24001] loss: 0.65168
[  1, 24051] loss: 0.66034
[  1, 24101] loss: 0.67858
[  1, 24151] loss: 0.64439
[  1, 24201] loss: 0.63825
[  1, 24251] loss: 0.61389
[  1, 24301] loss: 0.69855
[  1, 24351] loss: 0.64692
[  1, 24401] loss: 0.66520
[  1, 24451] loss: 0.67614
[  1, 24501] loss: 0.62783
[  1, 24551] loss: 0.64562
[  1, 24601] loss: 0.67807
[  1, 24651] loss: 0.66085
[  1, 24701] loss: 0.67582
[  1, 24751] loss: 0.64798
[  1, 24801] loss: 0.67845
[  1, 24851] loss: 0.66107
[  1, 24901] loss: 0.67299
[  1, 24951] loss: 0.64586
[  2,     1] loss: 0.64239
[  2,    51] loss: 0.64438
[  2,   101] loss: 0.64421
[  2,   151] loss: 0.64587
[  2,   201] loss: 0.68195
[  2,   251] loss: 0.64189
[  2,   301] loss: 0.59383
[  2,   351] loss: 0.60582
[  2,   401] loss: 0.68841
[  2,   451] loss: 0.63660
[  2,   501] loss: 0.64953
[  2,   551] loss: 0.65003
[  2,   601] loss: 0.64577
[  2,   651] loss: 0.64734
[  2,   701] loss: 0.62267
[  2,   751] loss: 0.68660
[  2,   801] loss: 0.62584
[  2,   851] loss: 0.67979
[  2,   901] loss: 0.66226
[  2,   951] loss: 0.63591
[  2,  1001] loss: 0.61844
[  2,  1051] loss: 0.65613
[  2,  1101] loss: 0.68346
[  2,  1151] loss: 0.64667
[  2,  1201] loss: 0.64587
[  2,  1251] loss: 0.64329
[  2,  1301] loss: 0.65003
[  2,  1351] loss: 0.66348
[  2,  1401] loss: 0.68312
[  2,  1451] loss: 0.65334
[  2,  1501] loss: 0.64441
[  2,  1551] loss: 0.64355
[  2,  1601] loss: 0.63437
[  2,  1651] loss: 0.62090
[  2,  1701] loss: 0.62949
[  2,  1751] loss: 0.64631
[  2,  1801] loss: 0.62530
[  2,  1851] loss: 0.64426
[  2,  1901] loss: 0.62790
[  2,  1951] loss: 0.62201
[  2,  2001] loss: 0.67373
[  2,  2051] loss: 0.57849
[  2,  2101] loss: 0.67345
[  2,  2151] loss: 0.62228
[  2,  2201] loss: 0.63171
[  2,  2251] loss: 0.67423
[  2,  2301] loss: 0.68794
[  2,  2351] loss: 0.63647
[  2,  2401] loss: 0.65863
[  2,  2451] loss: 0.68533
[  2,  2501] loss: 0.61836
[  2,  2551] loss: 0.59123
[  2,  2601] loss: 0.68169
[  2,  2651] loss: 0.67113
[  2,  2701] loss: 0.66147
[  2,  2751] loss: 0.67269
[  2,  2801] loss: 0.64468
[  2,  2851] loss: 0.64194
[  2,  2901] loss: 0.62460
[  2,  2951] loss: 0.65866
[  2,  3001] loss: 0.65532
[  2,  3051] loss: 0.63402
[  2,  3101] loss: 0.69245
[  2,  3151] loss: 0.64664
[  2,  3201] loss: 0.65996
[  2,  3251] loss: 0.60885
[  2,  3301] loss: 0.61421
[  2,  3351] loss: 0.65269
[  2,  3401] loss: 0.63969
[  2,  3451] loss: 0.66954
[  2,  3501] loss: 0.61359
[  2,  3551] loss: 0.66138
[  2,  3601] loss: 0.65651
[  2,  3651] loss: 0.65028
[  2,  3701] loss: 0.63234
[  2,  3751] loss: 0.68719
[  2,  3801] loss: 0.64497
[  2,  3851] loss: 0.67095
[  2,  3901] loss: 0.62189
[  2,  3951] loss: 0.58594
[  2,  4001] loss: 0.69974
[  2,  4051] loss: 0.64929
[  2,  4101] loss: 0.72451
[  2,  4151] loss: 0.65531
[  2,  4201] loss: 0.66175
[  2,  4251] loss: 0.64619
[  2,  4301] loss: 0.65447
[  2,  4351] loss: 0.66086
[  2,  4401] loss: 0.67003
[  2,  4451] loss: 0.61280
[  2,  4501] loss: 0.63222
[  2,  4551] loss: 0.67599
[  2,  4601] loss: 0.63940
[  2,  4651] loss: 0.71592
[  2,  4701] loss: 0.62653
[  2,  4751] loss: 0.69264
[  2,  4801] loss: 0.61583
[  2,  4851] loss: 0.67101
[  2,  4901] loss: 0.65851
[  2,  4951] loss: 0.67363
[  2,  5001] loss: 0.60155
[  2,  5051] loss: 0.65815
[  2,  5101] loss: 0.64096
[  2,  5151] loss: 0.63901
[  2,  5201] loss: 0.60451
[  2,  5251] loss: 0.64623
[  2,  5301] loss: 0.65380
[  2,  5351] loss: 0.68606
[  2,  5401] loss: 0.66271
[  2,  5451] loss: 0.66148
[  2,  5501] loss: 0.62502
[  2,  5551] loss: 0.64907
[  2,  5601] loss: 0.63408
[  2,  5651] loss: 0.62975
[  2,  5701] loss: 0.67459
[  2,  5751] loss: 0.64358
[  2,  5801] loss: 0.63560
[  2,  5851] loss: 0.60793
[  2,  5901] loss: 0.69135
[  2,  5951] loss: 0.63711
[  2,  6001] loss: 0.65717
[  2,  6051] loss: 0.64541
[  2,  6101] loss: 0.63843
[  2,  6151] loss: 0.65485
[  2,  6201] loss: 0.63154
[  2,  6251] loss: 0.60139
[  2,  6301] loss: 0.62958
[  2,  6351] loss: 0.64683
[  2,  6401] loss: 0.59371
[  2,  6451] loss: 0.66930
[  2,  6501] loss: 0.68954
[  2,  6551] loss: 0.64741
[  2,  6601] loss: 0.65143
[  2,  6651] loss: 0.59571
[  2,  6701] loss: 0.68735
[  2,  6751] loss: 0.65551
[  2,  6801] loss: 0.66177
[  2,  6851] loss: 0.66521
[  2,  6901] loss: 0.57054
[  2,  6951] loss: 0.60196
[  2,  7001] loss: 0.66260
[  2,  7051] loss: 0.71224
[  2,  7101] loss: 0.63438
[  2,  7151] loss: 0.69452
[  2,  7201] loss: 0.60865
[  2,  7251] loss: 0.58967
[  2,  7301] loss: 0.65564
[  2,  7351] loss: 0.68123
[  2,  7401] loss: 0.65666
[  2,  7451] loss: 0.60857
[  2,  7501] loss: 0.59683
[  2,  7551] loss: 0.66734
[  2,  7601] loss: 0.61202
[  2,  7651] loss: 0.70290
[  2,  7701] loss: 0.67192
[  2,  7751] loss: 0.64509
[  2,  7801] loss: 0.67058
[  2,  7851] loss: 0.60572
[  2,  7901] loss: 0.61320
[  2,  7951] loss: 0.67399
[  2,  8001] loss: 0.70882
[  2,  8051] loss: 0.62193
[  2,  8101] loss: 0.68612
[  2,  8151] loss: 0.67829
[  2,  8201] loss: 0.62050
[  2,  8251] loss: 0.65776
[  2,  8301] loss: 0.58838
[  2,  8351] loss: 0.64764
[  2,  8401] loss: 0.65910
[  2,  8451] loss: 0.68971
[  2,  8501] loss: 0.63870
[  2,  8551] loss: 0.64494
[  2,  8601] loss: 0.67018
[  2,  8651] loss: 0.63270
[  2,  8701] loss: 0.65901
[  2,  8751] loss: 0.64340
[  2,  8801] loss: 0.64013
[  2,  8851] loss: 0.62669
[  2,  8901] loss: 0.64197
[  2,  8951] loss: 0.69203
[  2,  9001] loss: 0.66840
[  2,  9051] loss: 0.70987
[  2,  9101] loss: 0.65483
[  2,  9151] loss: 0.68437
[  2,  9201] loss: 0.60564
[  2,  9251] loss: 0.63421
[  2,  9301] loss: 0.64622
[  2,  9351] loss: 0.64724
[  2,  9401] loss: 0.67112
[  2,  9451] loss: 0.61372
[  2,  9501] loss: 0.66598
[  2,  9551] loss: 0.62992
[  2,  9601] loss: 0.60110
[  2,  9651] loss: 0.62436
[  2,  9701] loss: 0.62059
[  2,  9751] loss: 0.64271
[  2,  9801] loss: 0.65554
[  2,  9851] loss: 0.64838
[  2,  9901] loss: 0.60120
[  2,  9951] loss: 0.67714
[  2, 10001] loss: 0.63369
[  2, 10051] loss: 0.61717
[  2, 10101] loss: 0.61604
[  2, 10151] loss: 0.62053
[  2, 10201] loss: 0.66606
[  2, 10251] loss: 0.64854
[  2, 10301] loss: 0.63114
[  2, 10351] loss: 0.61853
[  2, 10401] loss: 0.63711
[  2, 10451] loss: 0.64099
[  2, 10501] loss: 0.64483
[  2, 10551] loss: 0.66995
[  2, 10601] loss: 0.65466
[  2, 10651] loss: 0.66127
[  2, 10701] loss: 0.66578
[  2, 10751] loss: 0.59526
[  2, 10801] loss: 0.60263
[  2, 10851] loss: 0.61963
[  2, 10901] loss: 0.56763
[  2, 10951] loss: 0.61925
[  2, 11001] loss: 0.62803
[  2, 11051] loss: 0.67513
[  2, 11101] loss: 0.60770
[  2, 11151] loss: 0.59011
[  2, 11201] loss: 0.67502
[  2, 11251] loss: 0.64121
[  2, 11301] loss: 0.75457
[  2, 11351] loss: 0.68591
[  2, 11401] loss: 0.59685
[  2, 11451] loss: 0.65331
[  2, 11501] loss: 0.60937
[  2, 11551] loss: 0.65597
[  2, 11601] loss: 0.66170
[  2, 11651] loss: 0.65573
[  2, 11701] loss: 0.67102
[  2, 11751] loss: 0.62279
[  2, 11801] loss: 0.54443
[  2, 11851] loss: 0.63999
[  2, 11901] loss: 0.65772
[  2, 11951] loss: 0.56641
[  2, 12001] loss: 0.67732
[  2, 12051] loss: 0.66428
[  2, 12101] loss: 0.66568
[  2, 12151] loss: 0.64986
[  2, 12201] loss: 0.61011
[  2, 12251] loss: 0.61456
[  2, 12301] loss: 0.63814
[  2, 12351] loss: 0.65075
[  2, 12401] loss: 0.56315
[  2, 12451] loss: 0.61127
[  2, 12501] loss: 0.67890
[  2, 12551] loss: 0.68435
[  2, 12601] loss: 0.57295
[  2, 12651] loss: 0.65151
[  2, 12701] loss: 0.68518
[  2, 12751] loss: 0.61594
[  2, 12801] loss: 0.64174
[  2, 12851] loss: 0.64513
[  2, 12901] loss: 0.60387
[  2, 12951] loss: 0.65167
[  2, 13001] loss: 0.64709
[  2, 13051] loss: 0.66950
[  2, 13101] loss: 0.66317
[  2, 13151] loss: 0.62562
[  2, 13201] loss: 0.69567
[  2, 13251] loss: 0.57617
[  2, 13301] loss: 0.55465
[  2, 13351] loss: 0.63391
[  2, 13401] loss: 0.64426
[  2, 13451] loss: 0.68421
[  2, 13501] loss: 0.64568
[  2, 13551] loss: 0.63458
[  2, 13601] loss: 0.67107
[  2, 13651] loss: 0.61661
[  2, 13701] loss: 0.65302
[  2, 13751] loss: 0.63961
[  2, 13801] loss: 0.68078
[  2, 13851] loss: 0.54873
[  2, 13901] loss: 0.59117
[  2, 13951] loss: 0.62043
[  2, 14001] loss: 0.58998
[  2, 14051] loss: 0.62068
[  2, 14101] loss: 0.59652
[  2, 14151] loss: 0.56557
[  2, 14201] loss: 0.59064
[  2, 14251] loss: 0.58746
[  2, 14301] loss: 0.70233
[  2, 14351] loss: 0.61764
[  2, 14401] loss: 0.61050
[  2, 14451] loss: 0.63560
[  2, 14501] loss: 0.57174
[  2, 14551] loss: 0.62460
[  2, 14601] loss: 0.62988
[  2, 14651] loss: 0.59858
[  2, 14701] loss: 0.65784
[  2, 14751] loss: 0.63926
[  2, 14801] loss: 0.61638
[  2, 14851] loss: 0.68026
[  2, 14901] loss: 0.61314
[  2, 14951] loss: 0.60352
[  2, 15001] loss: 0.59155
[  2, 15051] loss: 0.57085
[  2, 15101] loss: 0.60961
[  2, 15151] loss: 0.70753
[  2, 15201] loss: 0.66177
[  2, 15251] loss: 0.60919
[  2, 15301] loss: 0.55773
[  2, 15351] loss: 0.60149
[  2, 15401] loss: 0.64289
[  2, 15451] loss: 0.67039
[  2, 15501] loss: 0.66564
[  2, 15551] loss: 0.59586
[  2, 15601] loss: 0.63894
[  2, 15651] loss: 0.61940
[  2, 15701] loss: 0.69296
[  2, 15751] loss: 0.56432
[  2, 15801] loss: 0.61260
[  2, 15851] loss: 0.60969
[  2, 15901] loss: 0.65864
[  2, 15951] loss: 0.62248
[  2, 16001] loss: 0.57948
[  2, 16051] loss: 0.63050
[  2, 16101] loss: 0.68383
[  2, 16151] loss: 0.61737
[  2, 16201] loss: 0.61291
[  2, 16251] loss: 0.61297
[  2, 16301] loss: 0.61388
[  2, 16351] loss: 0.65336
[  2, 16401] loss: 0.66359
[  2, 16451] loss: 0.62238
[  2, 16501] loss: 0.62721
[  2, 16551] loss: 0.59856
[  2, 16601] loss: 0.58026
[  2, 16651] loss: 0.64008
[  2, 16701] loss: 0.62373
[  2, 16751] loss: 0.64827
[  2, 16801] loss: 0.65685
[  2, 16851] loss: 0.60014
[  2, 16901] loss: 0.67422
[  2, 16951] loss: 0.57168
[  2, 17001] loss: 0.64817
[  2, 17051] loss: 0.62220
[  2, 17101] loss: 0.67168
[  2, 17151] loss: 0.66574
[  2, 17201] loss: 0.58840
[  2, 17251] loss: 0.56598
[  2, 17301] loss: 0.59867
[  2, 17351] loss: 0.63572
[  2, 17401] loss: 0.62845
[  2, 17451] loss: 0.63433
[  2, 17501] loss: 0.65601
[  2, 17551] loss: 0.55830
[  2, 17601] loss: 0.67217
[  2, 17651] loss: 0.58935
[  2, 17701] loss: 0.63237
[  2, 17751] loss: 0.66079
[  2, 17801] loss: 0.64271
[  2, 17851] loss: 0.62274
[  2, 17901] loss: 0.69283
[  2, 17951] loss: 0.59988
[  2, 18001] loss: 0.62257
[  2, 18051] loss: 0.60457
[  2, 18101] loss: 0.64491
[  2, 18151] loss: 0.65614
[  2, 18201] loss: 0.57847
[  2, 18251] loss: 0.62684
[  2, 18301] loss: 0.58385
[  2, 18351] loss: 0.67089
[  2, 18401] loss: 0.58951
[  2, 18451] loss: 0.57691
[  2, 18501] loss: 0.61433
[  2, 18551] loss: 0.63696
[  2, 18601] loss: 0.66297
[  2, 18651] loss: 0.61520
[  2, 18701] loss: 0.62664
[  2, 18751] loss: 0.56273
[  2, 18801] loss: 0.59359
[  2, 18851] loss: 0.66324
[  2, 18901] loss: 0.58503
[  2, 18951] loss: 0.66716
[  2, 19001] loss: 0.62850
[  2, 19051] loss: 0.62461
[  2, 19101] loss: 0.60060
[  2, 19151] loss: 0.62980
[  2, 19201] loss: 0.63648
[  2, 19251] loss: 0.65268
[  2, 19301] loss: 0.67229
[  2, 19351] loss: 0.62863
[  2, 19401] loss: 0.64795
[  2, 19451] loss: 0.64881
[  2, 19501] loss: 0.67498
[  2, 19551] loss: 0.59354
[  2, 19601] loss: 0.66580
[  2, 19651] loss: 0.61372
[  2, 19701] loss: 0.58005
[  2, 19751] loss: 0.68096
[  2, 19801] loss: 0.62699
[  2, 19851] loss: 0.58823
[  2, 19901] loss: 0.63124
[  2, 19951] loss: 0.58534
[  2, 20001] loss: 0.61115
[  2, 20051] loss: 0.60896
[  2, 20101] loss: 0.60730
[  2, 20151] loss: 0.64536
[  2, 20201] loss: 0.61735
[  2, 20251] loss: 0.58556
[  2, 20301] loss: 0.60443
[  2, 20351] loss: 0.61426
[  2, 20401] loss: 0.66057
[  2, 20451] loss: 0.60822
[  2, 20501] loss: 0.61841
[  2, 20551] loss: 0.56847
[  2, 20601] loss: 0.64670
[  2, 20651] loss: 0.68534
[  2, 20701] loss: 0.59356
[  2, 20751] loss: 0.59855
[  2, 20801] loss: 0.51647
[  2, 20851] loss: 0.66574
[  2, 20901] loss: 0.59819
[  2, 20951] loss: 0.57929
[  2, 21001] loss: 0.67932
[  2, 21051] loss: 0.62238
[  2, 21101] loss: 0.66097
[  2, 21151] loss: 0.60526
[  2, 21201] loss: 0.68558
[  2, 21251] loss: 0.68021
[  2, 21301] loss: 0.63194
[  2, 21351] loss: 0.67828
[  2, 21401] loss: 0.62253
[  2, 21451] loss: 0.56276
[  2, 21501] loss: 0.62008
[  2, 21551] loss: 0.64454
[  2, 21601] loss: 0.58513
[  2, 21651] loss: 0.63688
[  2, 21701] loss: 0.61216
[  2, 21751] loss: 0.60874
[  2, 21801] loss: 0.70653
[  2, 21851] loss: 0.66913
[  2, 21901] loss: 0.62989
[  2, 21951] loss: 0.68353
[  2, 22001] loss: 0.64750
[  2, 22051] loss: 0.63490
[  2, 22101] loss: 0.61381
[  2, 22151] loss: 0.61080
[  2, 22201] loss: 0.71271
[  2, 22251] loss: 0.66858
[  2, 22301] loss: 0.58116
[  2, 22351] loss: 0.59355
[  2, 22401] loss: 0.60142
[  2, 22451] loss: 0.63633
[  2, 22501] loss: 0.59296
[  2, 22551] loss: 0.63577
[  2, 22601] loss: 0.63163
[  2, 22651] loss: 0.64180
[  2, 22701] loss: 0.68475
[  2, 22751] loss: 0.69263
[  2, 22801] loss: 0.53217
[  2, 22851] loss: 0.61198
[  2, 22901] loss: 0.59697
[  2, 22951] loss: 0.55995
[  2, 23001] loss: 0.59926
[  2, 23051] loss: 0.65000
[  2, 23101] loss: 0.63313
[  2, 23151] loss: 0.59923
[  2, 23201] loss: 0.60640
[  2, 23251] loss: 0.63608
[  2, 23301] loss: 0.56795
[  2, 23351] loss: 0.61782
[  2, 23401] loss: 0.64736
[  2, 23451] loss: 0.61349
[  2, 23501] loss: 0.60708
[  2, 23551] loss: 0.55235
[  2, 23601] loss: 0.60380
[  2, 23651] loss: 0.54506
[  2, 23701] loss: 0.65649
[  2, 23751] loss: 0.55797
[  2, 23801] loss: 0.62498
[  2, 23851] loss: 0.60058
[  2, 23901] loss: 0.59525
[  2, 23951] loss: 0.61372
[  2, 24001] loss: 0.61462
[  2, 24051] loss: 0.62185
[  2, 24101] loss: 0.66326
[  2, 24151] loss: 0.59885
[  2, 24201] loss: 0.61336
[  2, 24251] loss: 0.55770
[  2, 24301] loss: 0.67785
[  2, 24351] loss: 0.62730
[  2, 24401] loss: 0.63793
[  2, 24451] loss: 0.63435
[  2, 24501] loss: 0.59623
[  2, 24551] loss: 0.58286
[  2, 24601] loss: 0.65488
[  2, 24651] loss: 0.60650
[  2, 24701] loss: 0.65650
[  2, 24751] loss: 0.61984
[  2, 24801] loss: 0.64335
[  2, 24851] loss: 0.61306
[  2, 24901] loss: 0.64780
[  2, 24951] loss: 0.60474
[  3,     1] loss: 0.57658
[  3,    51] loss: 0.63610
[  3,   101] loss: 0.58807
[  3,   151] loss: 0.61312
[  3,   201] loss: 0.64610
[  3,   251] loss: 0.60354
[  3,   301] loss: 0.53640
[  3,   351] loss: 0.53890
[  3,   401] loss: 0.68170
[  3,   451] loss: 0.58572
[  3,   501] loss: 0.60462
[  3,   551] loss: 0.61809
[  3,   601] loss: 0.62177
[  3,   651] loss: 0.63574
[  3,   701] loss: 0.58604
[  3,   751] loss: 0.65462
[  3,   801] loss: 0.60003
[  3,   851] loss: 0.63351
[  3,   901] loss: 0.61172
[  3,   951] loss: 0.58144
[  3,  1001] loss: 0.55533
[  3,  1051] loss: 0.61084
[  3,  1101] loss: 0.65906
[  3,  1151] loss: 0.60942
[  3,  1201] loss: 0.59554
[  3,  1251] loss: 0.58634
[  3,  1301] loss: 0.63267
[  3,  1351] loss: 0.63007
[  3,  1401] loss: 0.65830
[  3,  1451] loss: 0.59520
[  3,  1501] loss: 0.59330
[  3,  1551] loss: 0.59162
[  3,  1601] loss: 0.58637
[  3,  1651] loss: 0.56199
[  3,  1701] loss: 0.59890
[  3,  1751] loss: 0.59436
[  3,  1801] loss: 0.57361
[  3,  1851] loss: 0.60265
[  3,  1901] loss: 0.58504
[  3,  1951] loss: 0.56018
[  3,  2001] loss: 0.64128
[  3,  2051] loss: 0.50205
[  3,  2101] loss: 0.62367
[  3,  2151] loss: 0.59864
[  3,  2201] loss: 0.60086
[  3,  2251] loss: 0.64790
[  3,  2301] loss: 0.65518
[  3,  2351] loss: 0.57575
[  3,  2401] loss: 0.60495
[  3,  2451] loss: 0.67861
[  3,  2501] loss: 0.55981
[  3,  2551] loss: 0.51608
[  3,  2601] loss: 0.65135
[  3,  2651] loss: 0.64699
[  3,  2701] loss: 0.64186
[  3,  2751] loss: 0.64342
[  3,  2801] loss: 0.59724
[  3,  2851] loss: 0.59774
[  3,  2901] loss: 0.58398
[  3,  2951] loss: 0.65801
[  3,  3001] loss: 0.60490
[  3,  3051] loss: 0.59957
[  3,  3101] loss: 0.66203
[  3,  3151] loss: 0.60259
[  3,  3201] loss: 0.63351
[  3,  3251] loss: 0.54793
[  3,  3301] loss: 0.56694
[  3,  3351] loss: 0.60793
[  3,  3401] loss: 0.59087
[  3,  3451] loss: 0.63355
[  3,  3501] loss: 0.55608
[  3,  3551] loss: 0.61048
[  3,  3601] loss: 0.62174
[  3,  3651] loss: 0.61550
[  3,  3701] loss: 0.56640
[  3,  3751] loss: 0.67421
[  3,  3801] loss: 0.60754
[  3,  3851] loss: 0.65694
[  3,  3901] loss: 0.59214
[  3,  3951] loss: 0.54958
[  3,  4001] loss: 0.64624
[  3,  4051] loss: 0.60769
[  3,  4101] loss: 0.69789
[  3,  4151] loss: 0.61602
[  3,  4201] loss: 0.62798
[  3,  4251] loss: 0.64052
[  3,  4301] loss: 0.64133
[  3,  4351] loss: 0.64017
[  3,  4401] loss: 0.63845
[  3,  4451] loss: 0.56578
[  3,  4501] loss: 0.58880
[  3,  4551] loss: 0.65365
[  3,  4601] loss: 0.61195
[  3,  4651] loss: 0.70734
[  3,  4701] loss: 0.55536
[  3,  4751] loss: 0.66823
[  3,  4801] loss: 0.57633
[  3,  4851] loss: 0.64735
[  3,  4901] loss: 0.61648
[  3,  4951] loss: 0.64366
[  3,  5001] loss: 0.54652
[  3,  5051] loss: 0.62786
[  3,  5101] loss: 0.59437
[  3,  5151] loss: 0.60767
[  3,  5201] loss: 0.56302
[  3,  5251] loss: 0.59390
[  3,  5301] loss: 0.63281
[  3,  5351] loss: 0.64155
[  3,  5401] loss: 0.65260
[  3,  5451] loss: 0.64156
[  3,  5501] loss: 0.58199
[  3,  5551] loss: 0.60336
[  3,  5601] loss: 0.57874
[  3,  5651] loss: 0.59196
[  3,  5701] loss: 0.64904
[  3,  5751] loss: 0.59094
[  3,  5801] loss: 0.58342
[  3,  5851] loss: 0.56424
[  3,  5901] loss: 0.67377
[  3,  5951] loss: 0.59878
[  3,  6001] loss: 0.63792
[  3,  6051] loss: 0.61065
[  3,  6101] loss: 0.58999
[  3,  6151] loss: 0.61769
[  3,  6201] loss: 0.58491
[  3,  6251] loss: 0.54322
[  3,  6301] loss: 0.56423
[  3,  6351] loss: 0.59417
[  3,  6401] loss: 0.54415
[  3,  6451] loss: 0.59741
[  3,  6501] loss: 0.65112
[  3,  6551] loss: 0.62162
[  3,  6601] loss: 0.61488
[  3,  6651] loss: 0.55162
[  3,  6701] loss: 0.63616
[  3,  6751] loss: 0.62244
[  3,  6801] loss: 0.60941
[  3,  6851] loss: 0.60619
[  3,  6901] loss: 0.50984
[  3,  6951] loss: 0.54940
[  3,  7001] loss: 0.62790
[  3,  7051] loss: 0.69617
[  3,  7101] loss: 0.58510
[  3,  7151] loss: 0.67343
[  3,  7201] loss: 0.55329
[  3,  7251] loss: 0.54660
[  3,  7301] loss: 0.61128
[  3,  7351] loss: 0.63033
[  3,  7401] loss: 0.62610
[  3,  7451] loss: 0.56384
[  3,  7501] loss: 0.54413
[  3,  7551] loss: 0.62632
[  3,  7601] loss: 0.57859
[  3,  7651] loss: 0.67900
[  3,  7701] loss: 0.61130
[  3,  7751] loss: 0.60087
[  3,  7801] loss: 0.60157
[  3,  7851] loss: 0.54843
[  3,  7901] loss: 0.52985
[  3,  7951] loss: 0.65097
[  3,  8001] loss: 0.64152
[  3,  8051] loss: 0.57360
[  3,  8101] loss: 0.64693
[  3,  8151] loss: 0.63462
[  3,  8201] loss: 0.57867
[  3,  8251] loss: 0.62591
[  3,  8301] loss: 0.52614
[  3,  8351] loss: 0.62642
[  3,  8401] loss: 0.61018
[  3,  8451] loss: 0.68571
[  3,  8501] loss: 0.58964
[  3,  8551] loss: 0.59918
[  3,  8601] loss: 0.64728
[  3,  8651] loss: 0.57172
[  3,  8701] loss: 0.60936
[  3,  8751] loss: 0.59699
[  3,  8801] loss: 0.61373
[  3,  8851] loss: 0.56204
[  3,  8901] loss: 0.61214
[  3,  8951] loss: 0.63703
[  3,  9001] loss: 0.65199
[  3,  9051] loss: 0.70397
[  3,  9101] loss: 0.63606
[  3,  9151] loss: 0.67888
[  3,  9201] loss: 0.53776
[  3,  9251] loss: 0.60211
[  3,  9301] loss: 0.61881
[  3,  9351] loss: 0.60999
[  3,  9401] loss: 0.62778
[  3,  9451] loss: 0.55138
[  3,  9501] loss: 0.63865
[  3,  9551] loss: 0.57337
[  3,  9601] loss: 0.55267
[  3,  9651] loss: 0.57702
[  3,  9701] loss: 0.54336
[  3,  9751] loss: 0.59414
[  3,  9801] loss: 0.62191
[  3,  9851] loss: 0.60662
[  3,  9901] loss: 0.51766
[  3,  9951] loss: 0.61405
[  3, 10001] loss: 0.58712
[  3, 10051] loss: 0.58888
[  3, 10101] loss: 0.54391
[  3, 10151] loss: 0.58507
[  3, 10201] loss: 0.63932
[  3, 10251] loss: 0.62081
[  3, 10301] loss: 0.56870
[  3, 10351] loss: 0.59128
[  3, 10401] loss: 0.58895
[  3, 10451] loss: 0.58001
[  3, 10501] loss: 0.61052
[  3, 10551] loss: 0.62848
[  3, 10601] loss: 0.62785
[  3, 10651] loss: 0.63112
[  3, 10701] loss: 0.60683
[  3, 10751] loss: 0.53071
[  3, 10801] loss: 0.54575
[  3, 10851] loss: 0.57069
[  3, 10901] loss: 0.50111
[  3, 10951] loss: 0.55564
[  3, 11001] loss: 0.62448
[  3, 11051] loss: 0.65657
[  3, 11101] loss: 0.55811
[  3, 11151] loss: 0.54098
[  3, 11201] loss: 0.62042
[  3, 11251] loss: 0.61015
[  3, 11301] loss: 0.72918
[  3, 11351] loss: 0.66231
[  3, 11401] loss: 0.52547
[  3, 11451] loss: 0.61968
[  3, 11501] loss: 0.56833
[  3, 11551] loss: 0.61066
[  3, 11601] loss: 0.63750
[  3, 11651] loss: 0.63534
[  3, 11701] loss: 0.62266
[  3, 11751] loss: 0.58936
[  3, 11801] loss: 0.48314
[  3, 11851] loss: 0.60662
[  3, 11901] loss: 0.60338
[  3, 11951] loss: 0.49670
[  3, 12001] loss: 0.67067
[  3, 12051] loss: 0.61891
[  3, 12101] loss: 0.65057
[  3, 12151] loss: 0.61120
[  3, 12201] loss: 0.56754
[  3, 12251] loss: 0.58698
[  3, 12301] loss: 0.59133
[  3, 12351] loss: 0.61032
[  3, 12401] loss: 0.50272
[  3, 12451] loss: 0.56376
[  3, 12501] loss: 0.64290
[  3, 12551] loss: 0.64635
[  3, 12601] loss: 0.51593
[  3, 12651] loss: 0.60011
[  3, 12701] loss: 0.66423
[  3, 12751] loss: 0.53854
[  3, 12801] loss: 0.59858
[  3, 12851] loss: 0.59259
[  3, 12901] loss: 0.56287
[  3, 12951] loss: 0.62620
[  3, 13001] loss: 0.59505
[  3, 13051] loss: 0.63100
[  3, 13101] loss: 0.63549
[  3, 13151] loss: 0.56991
[  3, 13201] loss: 0.65508
[  3, 13251] loss: 0.51085
[  3, 13301] loss: 0.49801
[  3, 13351] loss: 0.59899
[  3, 13401] loss: 0.62484
[  3, 13451] loss: 0.64859
[  3, 13501] loss: 0.57995
[  3, 13551] loss: 0.59021
[  3, 13601] loss: 0.65380
[  3, 13651] loss: 0.54500
[  3, 13701] loss: 0.61113
[  3, 13751] loss: 0.60052
[  3, 13801] loss: 0.66769
[  3, 13851] loss: 0.49836
[  3, 13901] loss: 0.52381
[  3, 13951] loss: 0.58047
[  3, 14001] loss: 0.54311
[  3, 14051] loss: 0.59961
[  3, 14101] loss: 0.55529
[  3, 14151] loss: 0.51274
[  3, 14201] loss: 0.55083
[  3, 14251] loss: 0.52867
[  3, 14301] loss: 0.66740
[  3, 14351] loss: 0.55224
[  3, 14401] loss: 0.56399
[  3, 14451] loss: 0.59841
[  3, 14501] loss: 0.51649
[  3, 14551] loss: 0.58888
[  3, 14601] loss: 0.57756
[  3, 14651] loss: 0.55369
[  3, 14701] loss: 0.62160
[  3, 14751] loss: 0.59559
[  3, 14801] loss: 0.55572
[  3, 14851] loss: 0.63500
[  3, 14901] loss: 0.55966
[  3, 14951] loss: 0.56348
[  3, 15001] loss: 0.51959
[  3, 15051] loss: 0.50440
[  3, 15101] loss: 0.57470
[  3, 15151] loss: 0.67573
[  3, 15201] loss: 0.61807
[  3, 15251] loss: 0.56138
[  3, 15301] loss: 0.49442
[  3, 15351] loss: 0.54542
[  3, 15401] loss: 0.59873
[  3, 15451] loss: 0.64167
[  3, 15501] loss: 0.62833
[  3, 15551] loss: 0.52468
[  3, 15601] loss: 0.61444
[  3, 15651] loss: 0.58115
[  3, 15701] loss: 0.65492
[  3, 15751] loss: 0.52139
[  3, 15801] loss: 0.56790
[  3, 15851] loss: 0.56051
[  3, 15901] loss: 0.62823
[  3, 15951] loss: 0.59524
[  3, 16001] loss: 0.51769
[  3, 16051] loss: 0.60211
[  3, 16101] loss: 0.64729
[  3, 16151] loss: 0.56381
[  3, 16201] loss: 0.57856
[  3, 16251] loss: 0.57174
[  3, 16301] loss: 0.55543
[  3, 16351] loss: 0.59969
[  3, 16401] loss: 0.62454
[  3, 16451] loss: 0.59008
[  3, 16501] loss: 0.59442
[  3, 16551] loss: 0.54257
[  3, 16601] loss: 0.51971
[  3, 16651] loss: 0.60151
[  3, 16701] loss: 0.58419
[  3, 16751] loss: 0.59968
[  3, 16801] loss: 0.64097
[  3, 16851] loss: 0.54369
[  3, 16901] loss: 0.65383
[  3, 16951] loss: 0.51524
[  3, 17001] loss: 0.60393
[  3, 17051] loss: 0.54735
[  3, 17101] loss: 0.65156
[  3, 17151] loss: 0.62958
[  3, 17201] loss: 0.52731
[  3, 17251] loss: 0.51222
[  3, 17301] loss: 0.56267
[  3, 17351] loss: 0.57320
[  3, 17401] loss: 0.58338
[  3, 17451] loss: 0.58236
[  3, 17501] loss: 0.59610
[  3, 17551] loss: 0.49560
[  3, 17601] loss: 0.64438
[  3, 17651] loss: 0.54374
[  3, 17701] loss: 0.59057
[  3, 17751] loss: 0.62850
[  3, 17801] loss: 0.61108
[  3, 17851] loss: 0.59246
[  3, 17901] loss: 0.65200
[  3, 17951] loss: 0.56786
[  3, 18001] loss: 0.58652
[  3, 18051] loss: 0.55177
[  3, 18101] loss: 0.60289
[  3, 18151] loss: 0.63468
[  3, 18201] loss: 0.52055
[  3, 18251] loss: 0.57054
[  3, 18301] loss: 0.54438
[  3, 18351] loss: 0.64353
[  3, 18401] loss: 0.51915
[  3, 18451] loss: 0.53206
[  3, 18501] loss: 0.54233
[  3, 18551] loss: 0.58480
[  3, 18601] loss: 0.64185
[  3, 18651] loss: 0.57475
[  3, 18701] loss: 0.58208
[  3, 18751] loss: 0.49076
[  3, 18801] loss: 0.53330
[  3, 18851] loss: 0.61569
[  3, 18901] loss: 0.52310
[  3, 18951] loss: 0.64300
[  3, 19001] loss: 0.58261
[  3, 19051] loss: 0.58690
[  3, 19101] loss: 0.54206
[  3, 19151] loss: 0.59305
[  3, 19201] loss: 0.59943
[  3, 19251] loss: 0.61261
[  3, 19301] loss: 0.64915
[  3, 19351] loss: 0.56504
[  3, 19401] loss: 0.60575
[  3, 19451] loss: 0.59237
[  3, 19501] loss: 0.66076
[  3, 19551] loss: 0.54473
[  3, 19601] loss: 0.63987
[  3, 19651] loss: 0.56002
[  3, 19701] loss: 0.53665
[  3, 19751] loss: 0.65270
[  3, 19801] loss: 0.58549
[  3, 19851] loss: 0.52387
[  3, 19901] loss: 0.59049
[  3, 19951] loss: 0.54250
[  3, 20001] loss: 0.56620
[  3, 20051] loss: 0.53914
[  3, 20101] loss: 0.58571
[  3, 20151] loss: 0.60809
[  3, 20201] loss: 0.57316
[  3, 20251] loss: 0.53703
[  3, 20301] loss: 0.54827
[  3, 20351] loss: 0.56940
[  3, 20401] loss: 0.61132
[  3, 20451] loss: 0.56891
[  3, 20501] loss: 0.56131
[  3, 20551] loss: 0.50719
[  3, 20601] loss: 0.61984
[  3, 20651] loss: 0.63243
[  3, 20701] loss: 0.55238
[  3, 20751] loss: 0.55112
[  3, 20801] loss: 0.45424
[  3, 20851] loss: 0.63641
[  3, 20901] loss: 0.54100
[  3, 20951] loss: 0.50743
[  3, 21001] loss: 0.64084
[  3, 21051] loss: 0.59048
[  3, 21101] loss: 0.61327
[  3, 21151] loss: 0.56110
[  3, 21201] loss: 0.65959
[  3, 21251] loss: 0.64595
[  3, 21301] loss: 0.60900
[  3, 21351] loss: 0.64067
[  3, 21401] loss: 0.57725
[  3, 21451] loss: 0.51768
[  3, 21501] loss: 0.57703
[  3, 21551] loss: 0.59168
[  3, 21601] loss: 0.53170
[  3, 21651] loss: 0.61583
[  3, 21701] loss: 0.58226
[  3, 21751] loss: 0.58504
[  3, 21801] loss: 0.71866
[  3, 21851] loss: 0.62877
[  3, 21901] loss: 0.58596
[  3, 21951] loss: 0.62915
[  3, 22001] loss: 0.59415
[  3, 22051] loss: 0.59493
[  3, 22101] loss: 0.54731
[  3, 22151] loss: 0.55360
[  3, 22201] loss: 0.68642
[  3, 22251] loss: 0.66118
[  3, 22301] loss: 0.50947
[  3, 22351] loss: 0.54352
[  3, 22401] loss: 0.53727
[  3, 22451] loss: 0.60375
[  3, 22501] loss: 0.54704
[  3, 22551] loss: 0.61131
[  3, 22601] loss: 0.58659
[  3, 22651] loss: 0.60878
[  3, 22701] loss: 0.65758
[  3, 22751] loss: 0.66003
[  3, 22801] loss: 0.47614
[  3, 22851] loss: 0.56934
[  3, 22901] loss: 0.53527
[  3, 22951] loss: 0.50425
[  3, 23001] loss: 0.54866
[  3, 23051] loss: 0.60876
[  3, 23101] loss: 0.58676
[  3, 23151] loss: 0.56302
[  3, 23201] loss: 0.57695
[  3, 23251] loss: 0.60804
[  3, 23301] loss: 0.51420
[  3, 23351] loss: 0.56862
[  3, 23401] loss: 0.59200
[  3, 23451] loss: 0.57411
[  3, 23501] loss: 0.56236
[  3, 23551] loss: 0.49459
[  3, 23601] loss: 0.54572
[  3, 23651] loss: 0.45683
[  3, 23701] loss: 0.61326
[  3, 23751] loss: 0.51263
[  3, 23801] loss: 0.58671
[  3, 23851] loss: 0.56654
[  3, 23901] loss: 0.53623
[  3, 23951] loss: 0.55920
[  3, 24001] loss: 0.57644
[  3, 24051] loss: 0.58531
[  3, 24101] loss: 0.60523
[  3, 24151] loss: 0.53732
[  3, 24201] loss: 0.56301
[  3, 24251] loss: 0.52768
[  3, 24301] loss: 0.62418
[  3, 24351] loss: 0.57459
[  3, 24401] loss: 0.59326
[  3, 24451] loss: 0.57642
[  3, 24501] loss: 0.57615
[  3, 24551] loss: 0.53261
[  3, 24601] loss: 0.61042
[  3, 24651] loss: 0.55382
[  3, 24701] loss: 0.62984
[  3, 24751] loss: 0.58276
[  3, 24801] loss: 0.59723
[  3, 24851] loss: 0.57763
[  3, 24901] loss: 0.62150
[  3, 24951] loss: 0.55539
[  4,     1] loss: 0.51125
[  4,    51] loss: 0.58529
[  4,   101] loss: 0.53117
[  4,   151] loss: 0.58415
[  4,   201] loss: 0.61325
[  4,   251] loss: 0.54954
[  4,   301] loss: 0.48082
[  4,   351] loss: 0.48203
[  4,   401] loss: 0.62630
[  4,   451] loss: 0.52914
[  4,   501] loss: 0.53728
[  4,   551] loss: 0.57598
[  4,   601] loss: 0.58498
[  4,   651] loss: 0.58707
[  4,   701] loss: 0.51864
[  4,   751] loss: 0.60835
[  4,   801] loss: 0.56781
[  4,   851] loss: 0.57973
[  4,   901] loss: 0.55295
[  4,   951] loss: 0.52784
[  4,  1001] loss: 0.49905
[  4,  1051] loss: 0.57517
[  4,  1101] loss: 0.60772
[  4,  1151] loss: 0.56484
[  4,  1201] loss: 0.54973
[  4,  1251] loss: 0.52963
[  4,  1301] loss: 0.60533
[  4,  1351] loss: 0.58780
[  4,  1401] loss: 0.61150
[  4,  1451] loss: 0.53453
[  4,  1501] loss: 0.53692
[  4,  1551] loss: 0.52714
[  4,  1601] loss: 0.56601
[  4,  1651] loss: 0.51463
[  4,  1701] loss: 0.58249
[  4,  1751] loss: 0.51829
[  4,  1801] loss: 0.52104
[  4,  1851] loss: 0.56062
[  4,  1901] loss: 0.54337
[  4,  1951] loss: 0.51690
[  4,  2001] loss: 0.57075
[  4,  2051] loss: 0.45353
[  4,  2101] loss: 0.56203
[  4,  2151] loss: 0.54745
[  4,  2201] loss: 0.59039
[  4,  2251] loss: 0.59064
[  4,  2301] loss: 0.63184
[  4,  2351] loss: 0.52900
[  4,  2401] loss: 0.54304
[  4,  2451] loss: 0.64394
[  4,  2501] loss: 0.51439
[  4,  2551] loss: 0.46813
[  4,  2601] loss: 0.60806
[  4,  2651] loss: 0.61197
[  4,  2701] loss: 0.58229
[  4,  2751] loss: 0.59230
[  4,  2801] loss: 0.55537
[  4,  2851] loss: 0.56140
[  4,  2901] loss: 0.54710
[  4,  2951] loss: 0.62062
[  4,  3001] loss: 0.56104
[  4,  3051] loss: 0.57490
[  4,  3101] loss: 0.61582
[  4,  3151] loss: 0.56423
[  4,  3201] loss: 0.59021
[  4,  3251] loss: 0.48715
[  4,  3301] loss: 0.53183
[  4,  3351] loss: 0.55107
[  4,  3401] loss: 0.53397
[  4,  3451] loss: 0.58633
[  4,  3501] loss: 0.49487
[  4,  3551] loss: 0.56642
[  4,  3601] loss: 0.60368
[  4,  3651] loss: 0.56835
[  4,  3701] loss: 0.50417
[  4,  3751] loss: 0.66286
[  4,  3801] loss: 0.56253
[  4,  3851] loss: 0.64228
[  4,  3901] loss: 0.53315
[  4,  3951] loss: 0.50153
[  4,  4001] loss: 0.59968
[  4,  4051] loss: 0.56395
[  4,  4101] loss: 0.67320
[  4,  4151] loss: 0.56328
[  4,  4201] loss: 0.58234
[  4,  4251] loss: 0.61016
[  4,  4301] loss: 0.59299
[  4,  4351] loss: 0.60330
[  4,  4401] loss: 0.59218
[  4,  4451] loss: 0.50719
[  4,  4501] loss: 0.53329
[  4,  4551] loss: 0.62205
[  4,  4601] loss: 0.57718
[  4,  4651] loss: 0.70473
[  4,  4701] loss: 0.52102
[  4,  4751] loss: 0.65253
[  4,  4801] loss: 0.52521
[  4,  4851] loss: 0.59836
[  4,  4901] loss: 0.56198
[  4,  4951] loss: 0.59860
[  4,  5001] loss: 0.50305
[  4,  5051] loss: 0.57039
[  4,  5101] loss: 0.53909
[  4,  5151] loss: 0.56235
[  4,  5201] loss: 0.51577
[  4,  5251] loss: 0.53354
[  4,  5301] loss: 0.60214
[  4,  5351] loss: 0.59980
[  4,  5401] loss: 0.60789
[  4,  5451] loss: 0.59324
[  4,  5501] loss: 0.52718
[  4,  5551] loss: 0.55242
[  4,  5601] loss: 0.52895
[  4,  5651] loss: 0.56402
[  4,  5701] loss: 0.60458
[  4,  5751] loss: 0.51258
[  4,  5801] loss: 0.50821
[  4,  5851] loss: 0.51271
[  4,  5901] loss: 0.64649
[  4,  5951] loss: 0.55036
[  4,  6001] loss: 0.59059
[  4,  6051] loss: 0.56471
[  4,  6101] loss: 0.55387
[  4,  6151] loss: 0.59560
[  4,  6201] loss: 0.53963
[  4,  6251] loss: 0.47895
[  4,  6301] loss: 0.48979
[  4,  6351] loss: 0.53975
[  4,  6401] loss: 0.48964
[  4,  6451] loss: 0.50927
[  4,  6501] loss: 0.59845
[  4,  6551] loss: 0.56764
[  4,  6601] loss: 0.57101
[  4,  6651] loss: 0.50992
[  4,  6701] loss: 0.60300
[  4,  6751] loss: 0.57804
[  4,  6801] loss: 0.54453
[  4,  6851] loss: 0.55903
[  4,  6901] loss: 0.45634
[  4,  6951] loss: 0.48957
[  4,  7001] loss: 0.57816
[  4,  7051] loss: 0.63957
[  4,  7101] loss: 0.53992
[  4,  7151] loss: 0.63069
[  4,  7201] loss: 0.49337
[  4,  7251] loss: 0.48762
[  4,  7301] loss: 0.55588
[  4,  7351] loss: 0.56376
[  4,  7401] loss: 0.57064
[  4,  7451] loss: 0.49268
[  4,  7501] loss: 0.49127
[  4,  7551] loss: 0.56807
[  4,  7601] loss: 0.53745
[  4,  7651] loss: 0.63875
[  4,  7701] loss: 0.55946
[  4,  7751] loss: 0.54052
[  4,  7801] loss: 0.53861
[  4,  7851] loss: 0.49330
[  4,  7901] loss: 0.46362
[  4,  7951] loss: 0.61433
[  4,  8001] loss: 0.58496
[  4,  8051] loss: 0.52162
[  4,  8101] loss: 0.59783
[  4,  8151] loss: 0.56962
[  4,  8201] loss: 0.54955
[  4,  8251] loss: 0.58133
[  4,  8301] loss: 0.46311
[  4,  8351] loss: 0.58775
[  4,  8401] loss: 0.55042
[  4,  8451] loss: 0.64922
[  4,  8501] loss: 0.54266
[  4,  8551] loss: 0.55566
[  4,  8601] loss: 0.59566
[  4,  8651] loss: 0.51050
[  4,  8701] loss: 0.54817
[  4,  8751] loss: 0.53508
[  4,  8801] loss: 0.57061
[  4,  8851] loss: 0.48032
[  4,  8901] loss: 0.58974
[  4,  8951] loss: 0.58304
[  4,  9001] loss: 0.60384
[  4,  9051] loss: 0.67921
[  4,  9101] loss: 0.59799
[  4,  9151] loss: 0.66740
[  4,  9201] loss: 0.46419
[  4,  9251] loss: 0.56056
[  4,  9301] loss: 0.57725
[  4,  9351] loss: 0.57147
[  4,  9401] loss: 0.58951
[  4,  9451] loss: 0.48229
[  4,  9501] loss: 0.56885
[  4,  9551] loss: 0.52271
[  4,  9601] loss: 0.50183
[  4,  9651] loss: 0.51785
[  4,  9701] loss: 0.47872
[  4,  9751] loss: 0.54550
[  4,  9801] loss: 0.58069
[  4,  9851] loss: 0.56186
[  4,  9901] loss: 0.44769
[  4,  9951] loss: 0.55829
[  4, 10001] loss: 0.53221
[  4, 10051] loss: 0.54210
[  4, 10101] loss: 0.46684
[  4, 10151] loss: 0.53276
[  4, 10201] loss: 0.60128
[  4, 10251] loss: 0.58387
[  4, 10301] loss: 0.51164
[  4, 10351] loss: 0.53119
[  4, 10401] loss: 0.53250
[  4, 10451] loss: 0.51347
[  4, 10501] loss: 0.57965
[  4, 10551] loss: 0.57245
[  4, 10601] loss: 0.58637
[  4, 10651] loss: 0.57448
[  4, 10701] loss: 0.53065
[  4, 10751] loss: 0.46631
[  4, 10801] loss: 0.50490
[  4, 10851] loss: 0.50855
[  4, 10901] loss: 0.43854
[  4, 10951] loss: 0.50437
[  4, 11001] loss: 0.60612
[  4, 11051] loss: 0.61883
[  4, 11101] loss: 0.49869
[  4, 11151] loss: 0.50240
[  4, 11201] loss: 0.57222
[  4, 11251] loss: 0.55491
[  4, 11301] loss: 0.69779
[  4, 11351] loss: 0.62207
[  4, 11401] loss: 0.45666
[  4, 11451] loss: 0.57110
[  4, 11501] loss: 0.52250
[  4, 11551] loss: 0.57121
[  4, 11601] loss: 0.59837
[  4, 11651] loss: 0.59107
[  4, 11701] loss: 0.57584
[  4, 11751] loss: 0.53856
[  4, 11801] loss: 0.42413
[  4, 11851] loss: 0.56922
[  4, 11901] loss: 0.55075
[  4, 11951] loss: 0.42515
[  4, 12001] loss: 0.63487
[  4, 12051] loss: 0.55553
[  4, 12101] loss: 0.62034
[  4, 12151] loss: 0.57076
[  4, 12201] loss: 0.51205
[  4, 12251] loss: 0.51500
[  4, 12301] loss: 0.53542
[  4, 12351] loss: 0.57213
[  4, 12401] loss: 0.45528
[  4, 12451] loss: 0.50364
[  4, 12501] loss: 0.61028
[  4, 12551] loss: 0.58236
[  4, 12601] loss: 0.45695
[  4, 12651] loss: 0.54567
[  4, 12701] loss: 0.61575
[  4, 12751] loss: 0.45904
[  4, 12801] loss: 0.54299
[  4, 12851] loss: 0.53186
[  4, 12901] loss: 0.51797
[  4, 12951] loss: 0.58502
[  4, 13001] loss: 0.54687
[  4, 13051] loss: 0.57985
[  4, 13101] loss: 0.59194
[  4, 13151] loss: 0.50807
[  4, 13201] loss: 0.61690
[  4, 13251] loss: 0.45505
[  4, 13301] loss: 0.43576
[  4, 13351] loss: 0.54954
[  4, 13401] loss: 0.58736
[  4, 13451] loss: 0.61134
[  4, 13501] loss: 0.50379
[  4, 13551] loss: 0.53995
[  4, 13601] loss: 0.63857
[  4, 13651] loss: 0.47924
[  4, 13701] loss: 0.55842
[  4, 13751] loss: 0.52468
[  4, 13801] loss: 0.63107
[  4, 13851] loss: 0.43327
[  4, 13901] loss: 0.45362
[  4, 13951] loss: 0.52980
[  4, 14001] loss: 0.49025
[  4, 14051] loss: 0.56315
[  4, 14101] loss: 0.51738
[  4, 14151] loss: 0.45368
[  4, 14201] loss: 0.50484
[  4, 14251] loss: 0.46091
[  4, 14301] loss: 0.62778
[  4, 14351] loss: 0.48992
[  4, 14401] loss: 0.52212
[  4, 14451] loss: 0.54301
[  4, 14501] loss: 0.46158
[  4, 14551] loss: 0.54300
[  4, 14601] loss: 0.52886
[  4, 14651] loss: 0.50326
[  4, 14701] loss: 0.58354
[  4, 14751] loss: 0.56183
[  4, 14801] loss: 0.50754
[  4, 14851] loss: 0.57341
[  4, 14901] loss: 0.51829
[  4, 14951] loss: 0.52627
[  4, 15001] loss: 0.45086
[  4, 15051] loss: 0.44408
[  4, 15101] loss: 0.51708
[  4, 15151] loss: 0.64002
[  4, 15201] loss: 0.56693
[  4, 15251] loss: 0.50806
[  4, 15301] loss: 0.42658
[  4, 15351] loss: 0.48481
[  4, 15401] loss: 0.55230
[  4, 15451] loss: 0.61874
[  4, 15501] loss: 0.58946
[  4, 15551] loss: 0.45145
[  4, 15601] loss: 0.57936
[  4, 15651] loss: 0.53731
[  4, 15701] loss: 0.61090
[  4, 15751] loss: 0.46978
[  4, 15801] loss: 0.51442
[  4, 15851] loss: 0.52106
[  4, 15901] loss: 0.61173
[  4, 15951] loss: 0.54759
[  4, 16001] loss: 0.46091
[  4, 16051] loss: 0.56126
[  4, 16101] loss: 0.59961
[  4, 16151] loss: 0.51652
[  4, 16201] loss: 0.53484
[  4, 16251] loss: 0.52033
[  4, 16301] loss: 0.50184
[  4, 16351] loss: 0.54492
[  4, 16401] loss: 0.58136
[  4, 16451] loss: 0.54735
[  4, 16501] loss: 0.54680
[  4, 16551] loss: 0.48602
[  4, 16601] loss: 0.47205
[  4, 16651] loss: 0.55234
[  4, 16701] loss: 0.52940
[  4, 16751] loss: 0.54806
[  4, 16801] loss: 0.61159
[  4, 16851] loss: 0.49854
[  4, 16901] loss: 0.63306
[  4, 16951] loss: 0.44111
[  4, 17001] loss: 0.55000
[  4, 17051] loss: 0.49263
[  4, 17101] loss: 0.61012
[  4, 17151] loss: 0.58911
[  4, 17201] loss: 0.46533
[  4, 17251] loss: 0.44874
[  4, 17301] loss: 0.52054
[  4, 17351] loss: 0.50686
[  4, 17401] loss: 0.50890
[  4, 17451] loss: 0.52181
[  4, 17501] loss: 0.53477
[  4, 17551] loss: 0.44236
[  4, 17601] loss: 0.60355
[  4, 17651] loss: 0.48330
[  4, 17701] loss: 0.52951
[  4, 17751] loss: 0.59157
[  4, 17801] loss: 0.56008
[  4, 17851] loss: 0.55258
[  4, 17901] loss: 0.60243
[  4, 17951] loss: 0.53537
[  4, 18001] loss: 0.55176
[  4, 18051] loss: 0.49720
[  4, 18101] loss: 0.55631
[  4, 18151] loss: 0.57954
[  4, 18201] loss: 0.45517
[  4, 18251] loss: 0.51017
[  4, 18301] loss: 0.50770
[  4, 18351] loss: 0.59761
[  4, 18401] loss: 0.45751
[  4, 18451] loss: 0.47143
[  4, 18501] loss: 0.47154
[  4, 18551] loss: 0.53061
[  4, 18601] loss: 0.61709
[  4, 18651] loss: 0.52332
[  4, 18701] loss: 0.52756
[  4, 18751] loss: 0.41388
[  4, 18801] loss: 0.47544
[  4, 18851] loss: 0.55959
[  4, 18901] loss: 0.47223
[  4, 18951] loss: 0.59211
[  4, 19001] loss: 0.54608
[  4, 19051] loss: 0.54157
[  4, 19101] loss: 0.48184
[  4, 19151] loss: 0.56613
[  4, 19201] loss: 0.54693
[  4, 19251] loss: 0.57012
[  4, 19301] loss: 0.60909
[  4, 19351] loss: 0.51325
[  4, 19401] loss: 0.54688
[  4, 19451] loss: 0.52824
[  4, 19501] loss: 0.63488
[  4, 19551] loss: 0.48854
[  4, 19601] loss: 0.60461
[  4, 19651] loss: 0.50393
[  4, 19701] loss: 0.48692
[  4, 19751] loss: 0.61969
[  4, 19801] loss: 0.52918
[  4, 19851] loss: 0.46994
[  4, 19901] loss: 0.53535
[  4, 19951] loss: 0.49685
[  4, 20001] loss: 0.50645
[  4, 20051] loss: 0.48721
[  4, 20101] loss: 0.53278
[  4, 20151] loss: 0.55564
[  4, 20201] loss: 0.52888
[  4, 20251] loss: 0.47839
[  4, 20301] loss: 0.48712
[  4, 20351] loss: 0.52690
[  4, 20401] loss: 0.53786
[  4, 20451] loss: 0.52631
[  4, 20501] loss: 0.50580
[  4, 20551] loss: 0.45581
[  4, 20601] loss: 0.58323
[  4, 20651] loss: 0.58759
[  4, 20701] loss: 0.50330
[  4, 20751] loss: 0.50705
[  4, 20801] loss: 0.41299
[  4, 20851] loss: 0.59013
[  4, 20901] loss: 0.48805
[  4, 20951] loss: 0.43369
[  4, 21001] loss: 0.59327
[  4, 21051] loss: 0.54283
[  4, 21101] loss: 0.57529
[  4, 21151] loss: 0.50808
[  4, 21201] loss: 0.62473
[  4, 21251] loss: 0.59333
[  4, 21301] loss: 0.58948
[  4, 21351] loss: 0.58733
[  4, 21401] loss: 0.51543
[  4, 21451] loss: 0.46260
[  4, 21501] loss: 0.53199
[  4, 21551] loss: 0.52506
[  4, 21601] loss: 0.47604
[  4, 21651] loss: 0.57754
[  4, 21701] loss: 0.52536
[  4, 21751] loss: 0.52788
[  4, 21801] loss: 0.69151
[  4, 21851] loss: 0.59082
[  4, 21901] loss: 0.53100
[  4, 21951] loss: 0.57038
[  4, 22001] loss: 0.53292
[  4, 22051] loss: 0.54254
[  4, 22101] loss: 0.47964
[  4, 22151] loss: 0.49811
[  4, 22201] loss: 0.63198
[  4, 22251] loss: 0.61820
[  4, 22301] loss: 0.44558
[  4, 22351] loss: 0.50033
[  4, 22401] loss: 0.48024
[  4, 22451] loss: 0.54989
[  4, 22501] loss: 0.48648
[  4, 22551] loss: 0.56053
[  4, 22601] loss: 0.54261
[  4, 22651] loss: 0.55963
[  4, 22701] loss: 0.60146
[  4, 22751] loss: 0.61544
[  4, 22801] loss: 0.41134
[  4, 22851] loss: 0.52165
[  4, 22901] loss: 0.46999
[  4, 22951] loss: 0.44552
[  4, 23001] loss: 0.49452
[  4, 23051] loss: 0.55045
[  4, 23101] loss: 0.53674
[  4, 23151] loss: 0.50967
[  4, 23201] loss: 0.53998
[  4, 23251] loss: 0.55543
[  4, 23301] loss: 0.46761
[  4, 23351] loss: 0.51501
[  4, 23401] loss: 0.53127
[  4, 23451] loss: 0.52722
[  4, 23501] loss: 0.52846
[  4, 23551] loss: 0.43369
[  4, 23601] loss: 0.49433
[  4, 23651] loss: 0.38906
[  4, 23701] loss: 0.56855
[  4, 23751] loss: 0.45328
[  4, 23801] loss: 0.53309
[  4, 23851] loss: 0.51484
[  4, 23901] loss: 0.47769
[  4, 23951] loss: 0.49582
[  4, 24001] loss: 0.51968
[  4, 24051] loss: 0.53468
[  4, 24101] loss: 0.53376
[  4, 24151] loss: 0.47184
[  4, 24201] loss: 0.49982
[  4, 24251] loss: 0.49236
[  4, 24301] loss: 0.57056
[  4, 24351] loss: 0.52628
[  4, 24401] loss: 0.54850
[  4, 24451] loss: 0.50484
[  4, 24501] loss: 0.53791
[  4, 24551] loss: 0.47576
[  4, 24601] loss: 0.56092
[  4, 24651] loss: 0.49963
[  4, 24701] loss: 0.59252
[  4, 24751] loss: 0.52038
[  4, 24801] loss: 0.51251
[  4, 24851] loss: 0.53002
[  4, 24901] loss: 0.58490
[  4, 24951] loss: 0.50834
[  5,     1] loss: 0.44850
[  5,    51] loss: 0.52678
[  5,   101] loss: 0.47057
[  5,   151] loss: 0.53686
[  5,   201] loss: 0.57573
[  5,   251] loss: 0.47958
[  5,   301] loss: 0.40909
[  5,   351] loss: 0.42394
[  5,   401] loss: 0.57078
[  5,   451] loss: 0.47065
[  5,   501] loss: 0.47755
[  5,   551] loss: 0.51138
[  5,   601] loss: 0.53837
[  5,   651] loss: 0.52339
[  5,   701] loss: 0.46599
[  5,   751] loss: 0.56261
[  5,   801] loss: 0.52485
[  5,   851] loss: 0.52504
[  5,   901] loss: 0.48902
[  5,   951] loss: 0.46033
[  5,  1001] loss: 0.44784
[  5,  1051] loss: 0.50934
[  5,  1101] loss: 0.57699
[  5,  1151] loss: 0.52294
[  5,  1201] loss: 0.49818
[  5,  1251] loss: 0.46347
[  5,  1301] loss: 0.56493
[  5,  1351] loss: 0.53461
[  5,  1401] loss: 0.56158
[  5,  1451] loss: 0.47365
[  5,  1501] loss: 0.49127
[  5,  1551] loss: 0.46320
[  5,  1601] loss: 0.52156
[  5,  1651] loss: 0.46820
[  5,  1701] loss: 0.54584
[  5,  1751] loss: 0.45560
[  5,  1801] loss: 0.45576
[  5,  1851] loss: 0.49551
[  5,  1901] loss: 0.50767
[  5,  1951] loss: 0.46491
[  5,  2001] loss: 0.50653
[  5,  2051] loss: 0.40425
[  5,  2101] loss: 0.51828
[  5,  2151] loss: 0.50803
[  5,  2201] loss: 0.57216
[  5,  2251] loss: 0.53203
[  5,  2301] loss: 0.59568
[  5,  2351] loss: 0.46916
[  5,  2401] loss: 0.47815
[  5,  2451] loss: 0.61959
[  5,  2501] loss: 0.46533
[  5,  2551] loss: 0.41804
[  5,  2601] loss: 0.54745
[  5,  2651] loss: 0.56781
[  5,  2701] loss: 0.51411
[  5,  2751] loss: 0.54211
[  5,  2801] loss: 0.50298
[  5,  2851] loss: 0.51697
[  5,  2901] loss: 0.50037
[  5,  2951] loss: 0.59092
[  5,  3001] loss: 0.51495
[  5,  3051] loss: 0.53501
[  5,  3101] loss: 0.56251
[  5,  3151] loss: 0.51229
[  5,  3201] loss: 0.53130
[  5,  3251] loss: 0.42386
[  5,  3301] loss: 0.48527
[  5,  3351] loss: 0.49639
[  5,  3401] loss: 0.48030
[  5,  3451] loss: 0.52548
[  5,  3501] loss: 0.43632
[  5,  3551] loss: 0.51910
[  5,  3601] loss: 0.57245
[  5,  3651] loss: 0.50978
[  5,  3701] loss: 0.44273
[  5,  3751] loss: 0.61944
[  5,  3801] loss: 0.50735
[  5,  3851] loss: 0.60055
[  5,  3901] loss: 0.48021
[  5,  3951] loss: 0.42895
[  5,  4001] loss: 0.54786
[  5,  4051] loss: 0.51876
[  5,  4101] loss: 0.63667
[  5,  4151] loss: 0.51545
[  5,  4201] loss: 0.54133
[  5,  4251] loss: 0.57239
[  5,  4301] loss: 0.55013
[  5,  4351] loss: 0.55344
[  5,  4401] loss: 0.53278
[  5,  4451] loss: 0.45152
[  5,  4501] loss: 0.49209
[  5,  4551] loss: 0.59200
[  5,  4601] loss: 0.53662
[  5,  4651] loss: 0.67408
[  5,  4701] loss: 0.46951
[  5,  4751] loss: 0.61489
[  5,  4801] loss: 0.47026
[  5,  4851] loss: 0.54277
[  5,  4901] loss: 0.51354
[  5,  4951] loss: 0.56934
[  5,  5001] loss: 0.45634
[  5,  5051] loss: 0.51267
[  5,  5101] loss: 0.48332
[  5,  5151] loss: 0.52246
[  5,  5201] loss: 0.46455
[  5,  5251] loss: 0.48394
[  5,  5301] loss: 0.55679
[  5,  5351] loss: 0.54715
[  5,  5401] loss: 0.55404
[  5,  5451] loss: 0.53720
[  5,  5501] loss: 0.46315
[  5,  5551] loss: 0.49423
[  5,  5601] loss: 0.47118
[  5,  5651] loss: 0.53410
[  5,  5701] loss: 0.56483
[  5,  5751] loss: 0.44455
[  5,  5801] loss: 0.44245
[  5,  5851] loss: 0.46174
[  5,  5901] loss: 0.60940
[  5,  5951] loss: 0.49667
[  5,  6001] loss: 0.54713
[  5,  6051] loss: 0.51546
[  5,  6101] loss: 0.51139
[  5,  6151] loss: 0.54099
[  5,  6201] loss: 0.48637
[  5,  6251] loss: 0.40822
[  5,  6301] loss: 0.41411
[  5,  6351] loss: 0.48967
[  5,  6401] loss: 0.42547
[  5,  6451] loss: 0.42402
[  5,  6501] loss: 0.53343
[  5,  6551] loss: 0.51255
[  5,  6601] loss: 0.51826
[  5,  6651] loss: 0.45089
[  5,  6701] loss: 0.55011
[  5,  6751] loss: 0.54047
[  5,  6801] loss: 0.48125
[  5,  6851] loss: 0.50038
[  5,  6901] loss: 0.41364
[  5,  6951] loss: 0.43236
[  5,  7001] loss: 0.51776
[  5,  7051] loss: 0.57733
[  5,  7101] loss: 0.50524
[  5,  7151] loss: 0.57252
[  5,  7201] loss: 0.43156
[  5,  7251] loss: 0.42761
[  5,  7301] loss: 0.51113
[  5,  7351] loss: 0.49787
[  5,  7401] loss: 0.52335
[  5,  7451] loss: 0.42105
[  5,  7501] loss: 0.43510
[  5,  7551] loss: 0.50034
[  5,  7601] loss: 0.48710
[  5,  7651] loss: 0.57081
[  5,  7701] loss: 0.49993
[  5,  7751] loss: 0.46620
[  5,  7801] loss: 0.48042
[  5,  7851] loss: 0.42767
[  5,  7901] loss: 0.40547
[  5,  7951] loss: 0.55294
[  5,  8001] loss: 0.52674
[  5,  8051] loss: 0.47744
[  5,  8101] loss: 0.54418
[  5,  8151] loss: 0.49329
[  5,  8201] loss: 0.52599
[  5,  8251] loss: 0.52706
[  5,  8301] loss: 0.39687
[  5,  8351] loss: 0.53314
[  5,  8401] loss: 0.48333
[  5,  8451] loss: 0.59956
[  5,  8501] loss: 0.47952
[  5,  8551] loss: 0.49812
[  5,  8601] loss: 0.55233
[  5,  8651] loss: 0.44404
[  5,  8701] loss: 0.48326
[  5,  8751] loss: 0.47496
[  5,  8801] loss: 0.52458
[  5,  8851] loss: 0.41590
[  5,  8901] loss: 0.55616
[  5,  8951] loss: 0.52472
[  5,  9001] loss: 0.54792
[  5,  9051] loss: 0.63429
[  5,  9101] loss: 0.54208
[  5,  9151] loss: 0.64280
[  5,  9201] loss: 0.39621
[  5,  9251] loss: 0.50287
[  5,  9301] loss: 0.53038
[  5,  9351] loss: 0.51556
[  5,  9401] loss: 0.53063
[  5,  9451] loss: 0.43282
[  5,  9501] loss: 0.50795
[  5,  9551] loss: 0.47091
[  5,  9601] loss: 0.45183
[  5,  9651] loss: 0.47238
[  5,  9701] loss: 0.40616
[  5,  9751] loss: 0.48946
[  5,  9801] loss: 0.51659
[  5,  9851] loss: 0.50161
[  5,  9901] loss: 0.39030
[  5,  9951] loss: 0.48538
[  5, 10001] loss: 0.45793
[  5, 10051] loss: 0.48565
[  5, 10101] loss: 0.39629
[  5, 10151] loss: 0.47993
[  5, 10201] loss: 0.56917
[  5, 10251] loss: 0.54972
[  5, 10301] loss: 0.45008
[  5, 10351] loss: 0.47054
[  5, 10401] loss: 0.48007
[  5, 10451] loss: 0.45383
[  5, 10501] loss: 0.54233
[  5, 10551] loss: 0.51630
[  5, 10601] loss: 0.54429
[  5, 10651] loss: 0.50965
[  5, 10701] loss: 0.45085
[  5, 10751] loss: 0.39259
[  5, 10801] loss: 0.44687
[  5, 10851] loss: 0.44841
[  5, 10901] loss: 0.38571
[  5, 10951] loss: 0.44381
[  5, 11001] loss: 0.57952
[  5, 11051] loss: 0.57481
[  5, 11101] loss: 0.44649
[  5, 11151] loss: 0.45315
[  5, 11201] loss: 0.52179
[  5, 11251] loss: 0.49494
[  5, 11301] loss: 0.63365
[  5, 11351] loss: 0.59301
[  5, 11401] loss: 0.38998
[  5, 11451] loss: 0.50647
[  5, 11501] loss: 0.46867
[  5, 11551] loss: 0.52721
[  5, 11601] loss: 0.53921
[  5, 11651] loss: 0.53827
[  5, 11701] loss: 0.51871
[  5, 11751] loss: 0.49123
[  5, 11801] loss: 0.36497
[  5, 11851] loss: 0.52061
[  5, 11901] loss: 0.47419
[  5, 11951] loss: 0.35636
[  5, 12001] loss: 0.57410
[  5, 12051] loss: 0.49313
[  5, 12101] loss: 0.57399
[  5, 12151] loss: 0.53318
[  5, 12201] loss: 0.44187
[  5, 12251] loss: 0.44102
[  5, 12301] loss: 0.47335
[  5, 12351] loss: 0.52311
[  5, 12401] loss: 0.41224
[  5, 12451] loss: 0.43224
[  5, 12501] loss: 0.54827
[  5, 12551] loss: 0.50376
[  5, 12601] loss: 0.38777
[  5, 12651] loss: 0.48341
[  5, 12701] loss: 0.55606
[  5, 12751] loss: 0.39136
[  5, 12801] loss: 0.48170
[  5, 12851] loss: 0.46676
[  5, 12901] loss: 0.46069
[  5, 12951] loss: 0.54153
[  5, 13001] loss: 0.48605
[  5, 13051] loss: 0.51211
[  5, 13101] loss: 0.55782
[  5, 13151] loss: 0.45260
[  5, 13201] loss: 0.55805
[  5, 13251] loss: 0.39642
[  5, 13301] loss: 0.37332
[  5, 13351] loss: 0.48019
[  5, 13401] loss: 0.54159
[  5, 13451] loss: 0.55658
[  5, 13501] loss: 0.43948
[  5, 13551] loss: 0.47978
[  5, 13601] loss: 0.60197
[  5, 13651] loss: 0.40827
[  5, 13701] loss: 0.48630
[  5, 13751] loss: 0.46620
[  5, 13801] loss: 0.57178
[  5, 13851] loss: 0.37286
[  5, 13901] loss: 0.39415
[  5, 13951] loss: 0.47428
[  5, 14001] loss: 0.44708
[  5, 14051] loss: 0.51928
[  5, 14101] loss: 0.47309
[  5, 14151] loss: 0.41318
[  5, 14201] loss: 0.45426
[  5, 14251] loss: 0.39175
[  5, 14301] loss: 0.57315
[  5, 14351] loss: 0.41633
[  5, 14401] loss: 0.46855
[  5, 14451] loss: 0.47954
[  5, 14501] loss: 0.39740
[  5, 14551] loss: 0.48333
[  5, 14601] loss: 0.48243
[  5, 14651] loss: 0.44211
[  5, 14701] loss: 0.55979
[  5, 14751] loss: 0.51647
[  5, 14801] loss: 0.44568
[  5, 14851] loss: 0.51156
[  5, 14901] loss: 0.46952
[  5, 14951] loss: 0.48832
[  5, 15001] loss: 0.38232
[  5, 15051] loss: 0.39132
[  5, 15101] loss: 0.46046
[  5, 15151] loss: 0.58049
[  5, 15201] loss: 0.51457
[  5, 15251] loss: 0.45996
[  5, 15301] loss: 0.37478
[  5, 15351] loss: 0.42254
[  5, 15401] loss: 0.49024
[  5, 15451] loss: 0.59204
[  5, 15501] loss: 0.53664
[  5, 15551] loss: 0.38505
[  5, 15601] loss: 0.52368
[  5, 15651] loss: 0.47964
[  5, 15701] loss: 0.55643
[  5, 15751] loss: 0.42681
[  5, 15801] loss: 0.45469
[  5, 15851] loss: 0.46914
[  5, 15901] loss: 0.56980
[  5, 15951] loss: 0.48265
[  5, 16001] loss: 0.39743
[  5, 16051] loss: 0.50135
[  5, 16101] loss: 0.54316
[  5, 16151] loss: 0.47571
[  5, 16201] loss: 0.48085
[  5, 16251] loss: 0.46069
[  5, 16301] loss: 0.43823
[  5, 16351] loss: 0.49879
[  5, 16401] loss: 0.51191
[  5, 16451] loss: 0.51262
[  5, 16501] loss: 0.47607
[  5, 16551] loss: 0.42633
[  5, 16601] loss: 0.41097
[  5, 16651] loss: 0.48992
[  5, 16701] loss: 0.47994
[  5, 16751] loss: 0.49655
[  5, 16801] loss: 0.57480
[  5, 16851] loss: 0.45282
[  5, 16901] loss: 0.58848
[  5, 16951] loss: 0.37879
[  5, 17001] loss: 0.49308
[  5, 17051] loss: 0.44095
[  5, 17101] loss: 0.56330
[  5, 17151] loss: 0.55407
[  5, 17201] loss: 0.40508
[  5, 17251] loss: 0.39044
[  5, 17301] loss: 0.48152
[  5, 17351] loss: 0.45639
[  5, 17401] loss: 0.43278
[  5, 17451] loss: 0.45166
[  5, 17501] loss: 0.46746
[  5, 17551] loss: 0.37355
[  5, 17601] loss: 0.54606
[  5, 17651] loss: 0.42121
[  5, 17701] loss: 0.47406
[  5, 17751] loss: 0.54479
[  5, 17801] loss: 0.48204
[  5, 17851] loss: 0.49565
[  5, 17901] loss: 0.54035
[  5, 17951] loss: 0.49141
[  5, 18001] loss: 0.51361
[  5, 18051] loss: 0.44229
[  5, 18101] loss: 0.51054
[  5, 18151] loss: 0.51788
[  5, 18201] loss: 0.39752
[  5, 18251] loss: 0.44313
[  5, 18301] loss: 0.44948
[  5, 18351] loss: 0.53708
[  5, 18401] loss: 0.40398
[  5, 18451] loss: 0.40376
[  5, 18501] loss: 0.40792
[  5, 18551] loss: 0.47478
[  5, 18601] loss: 0.59290
[  5, 18651] loss: 0.46714
[  5, 18701] loss: 0.45409
[  5, 18751] loss: 0.34667
[  5, 18801] loss: 0.41542
[  5, 18851] loss: 0.51028
[  5, 18901] loss: 0.41895
[  5, 18951] loss: 0.56213
[  5, 19001] loss: 0.50341
[  5, 19051] loss: 0.46882
[  5, 19101] loss: 0.43541
[  5, 19151] loss: 0.52202
[  5, 19201] loss: 0.48267
[  5, 19251] loss: 0.52955
[  5, 19301] loss: 0.54436
[  5, 19351] loss: 0.45571
[  5, 19401] loss: 0.48196
[  5, 19451] loss: 0.45823
[  5, 19501] loss: 0.58150
[  5, 19551] loss: 0.43301
[  5, 19601] loss: 0.57074
[  5, 19651] loss: 0.45411
[  5, 19701] loss: 0.43068
[  5, 19751] loss: 0.58177
[  5, 19801] loss: 0.47725
[  5, 19851] loss: 0.40876
[  5, 19901] loss: 0.47861
[  5, 19951] loss: 0.43976
[  5, 20001] loss: 0.46136
[  5, 20051] loss: 0.43272
[  5, 20101] loss: 0.46787
[  5, 20151] loss: 0.49839
[  5, 20201] loss: 0.46808
[  5, 20251] loss: 0.42862
[  5, 20301] loss: 0.41015
[  5, 20351] loss: 0.47345
[  5, 20401] loss: 0.45346
[  5, 20451] loss: 0.47989
[  5, 20501] loss: 0.45784
[  5, 20551] loss: 0.40988
[  5, 20601] loss: 0.52867
[  5, 20651] loss: 0.52344
[  5, 20701] loss: 0.45146
[  5, 20751] loss: 0.45391
[  5, 20801] loss: 0.36889
[  5, 20851] loss: 0.54241
[  5, 20901] loss: 0.41663
[  5, 20951] loss: 0.36220
[  5, 21001] loss: 0.53159
[  5, 21051] loss: 0.50409
[  5, 21101] loss: 0.52184
[  5, 21151] loss: 0.45744
[  5, 21201] loss: 0.57256
[  5, 21251] loss: 0.53652
[  5, 21301] loss: 0.55698
[  5, 21351] loss: 0.52913
[  5, 21401] loss: 0.44431
[  5, 21451] loss: 0.40991
[  5, 21501] loss: 0.49920
[  5, 21551] loss: 0.46860
[  5, 21601] loss: 0.41887
[  5, 21651] loss: 0.51660
[  5, 21701] loss: 0.45909
[  5, 21751] loss: 0.46985
[  5, 21801] loss: 0.65000
[  5, 21851] loss: 0.53682
[  5, 21901] loss: 0.46983
[  5, 21951] loss: 0.50610
[  5, 22001] loss: 0.48414
[  5, 22051] loss: 0.48771
[  5, 22101] loss: 0.41917
[  5, 22151] loss: 0.44623
[  5, 22201] loss: 0.57150
[  5, 22251] loss: 0.57054
[  5, 22301] loss: 0.37240
[  5, 22351] loss: 0.45431
[  5, 22401] loss: 0.42791
[  5, 22451] loss: 0.48657
[  5, 22501] loss: 0.42287
[  5, 22551] loss: 0.49489
[  5, 22601] loss: 0.49460
[  5, 22651] loss: 0.50209
[  5, 22701] loss: 0.54154
[  5, 22751] loss: 0.55718
[  5, 22801] loss: 0.35380
[  5, 22851] loss: 0.47642
[  5, 22901] loss: 0.40848
[  5, 22951] loss: 0.38584
[  5, 23001] loss: 0.43613
[  5, 23051] loss: 0.48947
[  5, 23101] loss: 0.48983
[  5, 23151] loss: 0.45799
[  5, 23201] loss: 0.50252
[  5, 23251] loss: 0.50722
[  5, 23301] loss: 0.41045
[  5, 23351] loss: 0.45276
[  5, 23401] loss: 0.46494
[  5, 23451] loss: 0.46788
[  5, 23501] loss: 0.47977
[  5, 23551] loss: 0.37377
[  5, 23601] loss: 0.42516
[  5, 23651] loss: 0.31730
[  5, 23701] loss: 0.50938
[  5, 23751] loss: 0.39012
[  5, 23801] loss: 0.47322
[  5, 23851] loss: 0.45271
[  5, 23901] loss: 0.42038
[  5, 23951] loss: 0.43739
[  5, 24001] loss: 0.45110
[  5, 24051] loss: 0.46742
[  5, 24101] loss: 0.46140
[  5, 24151] loss: 0.41014
[  5, 24201] loss: 0.44291
[  5, 24251] loss: 0.43654
[  5, 24301] loss: 0.47943
[  5, 24351] loss: 0.46530
[  5, 24401] loss: 0.48980
[  5, 24451] loss: 0.42568
[  5, 24501] loss: 0.48946
[  5, 24551] loss: 0.41568
[  5, 24601] loss: 0.51011
[  5, 24651] loss: 0.44349
[  5, 24701] loss: 0.53930
[  5, 24751] loss: 0.46131
[  5, 24801] loss: 0.45365
[  5, 24851] loss: 0.47414
[  5, 24901] loss: 0.54881
[  5, 24951] loss: 0.46077
Finished training
Accuracy on train: 0.80548
Accuracy on test: 0.61246
