{'word_context': 29, 'word_embed_size': 500, 'word_conv_units': 300, 'hidden_units': 1000, 'drop_amount': 0.2, 'dropout': True, 'batch_size': 50}
train set done
test set done
<bound method MixedNet.parameters of MixedNet (
  (W_wrd): DataParallel (
    (module): Embedding(89528, 500)
  )
  (word_level_conv): DataParallel (
    (module): Conv2d(1, 300, kernel_size=(500, 29), stride=(1, 1), padding=(0, 14))
  )
  (word_level_maxpool): DataParallel (
    (module): AdaptiveMaxPool2d (output_size=(300, 1))
  )
  (fc1): DataParallel (
    (module): Linear (300 -> 1000)
  )
  (fc2): DataParallel (
    (module): Linear (1000 -> 2)
  )
  (dropout): DataParallel (
    (module): Dropout (p = 0.2)
  )
)>
[  1,     1] loss: 0.68347
[  1,    51] loss: 3.81799
[  1,   101] loss: 1.24659
[  1,   151] loss: 1.91089
[  1,   201] loss: 2.46020
[  1,   251] loss: 1.30873
[  1,   301] loss: 0.98728
[  1,   351] loss: 1.44955
[  1,   401] loss: 0.80167
[  1,   451] loss: 0.74680
[  1,   501] loss: 0.98371
[  1,   551] loss: 0.76361
[  1,   601] loss: 0.71510
[  1,   651] loss: 1.00260
[  1,   701] loss: 1.02764
[  1,   751] loss: 0.72932
[  1,   801] loss: 0.71769
[  1,   851] loss: 0.80118
[  1,   901] loss: 0.75486
[  1,   951] loss: 0.78382
[  1,  1001] loss: 0.62806
[  1,  1051] loss: 0.82927
[  1,  1101] loss: 0.72568
[  1,  1151] loss: 0.75634
[  1,  1201] loss: 0.75014
[  1,  1251] loss: 0.72984
[  1,  1301] loss: 0.84563
[  1,  1351] loss: 0.74897
[  1,  1401] loss: 0.67361
[  1,  1451] loss: 0.75678
[  1,  1501] loss: 0.69705
[  1,  1551] loss: 0.66018
[  1,  1601] loss: 0.76418
[  1,  1651] loss: 0.73598
[  1,  1701] loss: 0.72318
[  1,  1751] loss: 0.70103
[  1,  1801] loss: 0.70103
[  1,  1851] loss: 0.69881
[  1,  1901] loss: 0.63001
[  1,  1951] loss: 0.65737
[  1,  2001] loss: 0.66202
[  1,  2051] loss: 0.74758
[  1,  2101] loss: 0.70355
[  1,  2151] loss: 0.60483
[  1,  2201] loss: 0.70275
[  1,  2251] loss: 0.69993
[  1,  2301] loss: 0.68269
[  1,  2351] loss: 0.69929
[  1,  2401] loss: 0.69106
[  1,  2451] loss: 0.63138
[  1,  2501] loss: 0.71653
[  1,  2551] loss: 0.68797
[  1,  2601] loss: 0.73111
[  1,  2651] loss: 0.74193
[  1,  2701] loss: 0.63559
[  1,  2751] loss: 0.71276
[  1,  2801] loss: 0.83417
[  1,  2851] loss: 0.68072
[  1,  2901] loss: 0.67758
[  1,  2951] loss: 0.82092
[  1,  3001] loss: 0.68655
[  1,  3051] loss: 0.62847
[  1,  3101] loss: 0.72139
[  1,  3151] loss: 0.73879
[  1,  3201] loss: 0.69265
[  1,  3251] loss: 0.71033
[  1,  3301] loss: 0.72616
[  1,  3351] loss: 0.71638
[  1,  3401] loss: 0.68671
[  1,  3451] loss: 0.62541
[  1,  3501] loss: 0.65521
[  1,  3551] loss: 0.70542
[  1,  3601] loss: 0.59681
[  1,  3651] loss: 0.74906
[  1,  3701] loss: 0.68232
[  1,  3751] loss: 0.63443
[  1,  3801] loss: 0.63244
[  1,  3851] loss: 0.71473
[  1,  3901] loss: 0.72741
[  1,  3951] loss: 0.63952
[  1,  4001] loss: 0.60601
[  1,  4051] loss: 0.94802
[  1,  4101] loss: 0.76611
[  1,  4151] loss: 0.70793
[  1,  4201] loss: 0.65025
[  1,  4251] loss: 0.81149
[  1,  4301] loss: 0.68629
[  1,  4351] loss: 0.60441
[  1,  4401] loss: 0.62869
[  1,  4451] loss: 0.66882
[  1,  4501] loss: 0.82629
[  1,  4551] loss: 0.66252
[  1,  4601] loss: 0.63663
[  1,  4651] loss: 0.64739
[  1,  4701] loss: 0.70341
[  1,  4751] loss: 0.69353
[  1,  4801] loss: 0.73390
[  1,  4851] loss: 0.67561
[  1,  4901] loss: 0.60898
[  1,  4951] loss: 0.69931
[  1,  5001] loss: 0.64437
[  1,  5051] loss: 0.68651
[  1,  5101] loss: 0.66346
[  1,  5151] loss: 0.64555
[  1,  5201] loss: 0.68044
[  1,  5251] loss: 0.64108
[  1,  5301] loss: 0.71219
[  1,  5351] loss: 0.63258
[  1,  5401] loss: 0.60590
[  1,  5451] loss: 0.65275
[  1,  5501] loss: 0.65145
[  1,  5551] loss: 0.64160
[  1,  5601] loss: 0.68240
[  1,  5651] loss: 0.61822
[  1,  5701] loss: 0.70289
[  1,  5751] loss: 0.69715
[  1,  5801] loss: 0.51874
[  1,  5851] loss: 0.69587
[  1,  5901] loss: 0.76888
[  1,  5951] loss: 0.67823
[  1,  6001] loss: 0.66627
[  1,  6051] loss: 0.61288
[  1,  6101] loss: 0.60246
[  1,  6151] loss: 0.74824
[  1,  6201] loss: 0.74587
[  1,  6251] loss: 0.69739
[  1,  6301] loss: 0.64770
[  1,  6351] loss: 0.64629
[  1,  6401] loss: 0.66450
[  1,  6451] loss: 0.66694
[  1,  6501] loss: 0.67638
[  1,  6551] loss: 0.81755
[  1,  6601] loss: 0.67210
[  1,  6651] loss: 0.60729
[  1,  6701] loss: 0.62259
[  1,  6751] loss: 0.73489
[  1,  6801] loss: 0.66204
[  1,  6851] loss: 0.58254
[  1,  6901] loss: 0.61797
[  1,  6951] loss: 0.66621
[  1,  7001] loss: 0.71705
[  1,  7051] loss: 0.60083
[  1,  7101] loss: 0.57613
[  1,  7151] loss: 0.60624
[  1,  7201] loss: 0.70133
[  1,  7251] loss: 0.62141
[  1,  7301] loss: 0.64428
[  1,  7351] loss: 0.62435
[  1,  7401] loss: 0.66087
[  1,  7451] loss: 0.70113
[  1,  7501] loss: 0.61106
[  1,  7551] loss: 0.63761
[  1,  7601] loss: 0.63953
[  1,  7651] loss: 0.96396
[  1,  7701] loss: 0.63540
[  1,  7751] loss: 0.62712
[  1,  7801] loss: 0.66049
[  1,  7851] loss: 0.67589
[  1,  7901] loss: 0.65193
[  1,  7951] loss: 0.63277
[  1,  8001] loss: 0.57867
[  1,  8051] loss: 0.65575
[  1,  8101] loss: 0.65563
[  1,  8151] loss: 0.69709
[  1,  8201] loss: 0.64916
[  1,  8251] loss: 0.67481
[  1,  8301] loss: 0.63007
[  1,  8351] loss: 0.60260
[  1,  8401] loss: 0.64307
[  1,  8451] loss: 0.66743
[  1,  8501] loss: 0.69088
[  1,  8551] loss: 0.57711
[  1,  8601] loss: 0.57506
[  1,  8651] loss: 0.63941
[  1,  8701] loss: 0.64100
[  1,  8751] loss: 0.63252
[  1,  8801] loss: 0.59505
[  1,  8851] loss: 0.62549
[  1,  8901] loss: 0.74164
[  1,  8951] loss: 0.59473
[  1,  9001] loss: 0.59876
[  1,  9051] loss: 0.62587
[  1,  9101] loss: 0.63622
[  1,  9151] loss: 0.60372
[  1,  9201] loss: 0.70836
[  1,  9251] loss: 0.59794
[  1,  9301] loss: 0.64332
[  1,  9351] loss: 0.70941
[  1,  9401] loss: 0.81919
[  1,  9451] loss: 0.75216
[  1,  9501] loss: 0.67098
[  1,  9551] loss: 0.64340
[  1,  9601] loss: 0.71721
[  1,  9651] loss: 0.62159
[  1,  9701] loss: 0.67272
[  1,  9751] loss: 0.70656
[  1,  9801] loss: 0.65383
[  1,  9851] loss: 0.62450
[  1,  9901] loss: 0.61362
[  1,  9951] loss: 0.67492
[  1, 10001] loss: 0.63453
[  1, 10051] loss: 0.68421
[  1, 10101] loss: 0.62464
[  1, 10151] loss: 0.63884
[  1, 10201] loss: 0.64624
[  1, 10251] loss: 0.66527
[  1, 10301] loss: 0.61316
[  1, 10351] loss: 0.68934
[  1, 10401] loss: 0.58692
[  1, 10451] loss: 0.65326
[  1, 10501] loss: 0.59182
[  1, 10551] loss: 0.64375
[  1, 10601] loss: 0.64088
[  1, 10651] loss: 0.66022
[  1, 10701] loss: 0.68875
[  1, 10751] loss: 0.63880
[  1, 10801] loss: 0.53011
[  1, 10851] loss: 0.68785
[  1, 10901] loss: 0.70115
[  1, 10951] loss: 0.72280
[  1, 11001] loss: 0.63125
[  1, 11051] loss: 0.64836
[  1, 11101] loss: 0.55741
[  1, 11151] loss: 0.59798
[  1, 11201] loss: 0.64577
[  1, 11251] loss: 0.61784
[  1, 11301] loss: 0.67099
[  1, 11351] loss: 0.64202
[  1, 11401] loss: 0.59568
[  1, 11451] loss: 0.56377
[  1, 11501] loss: 0.73423
[  1, 11551] loss: 0.58007
[  1, 11601] loss: 0.72250
[  1, 11651] loss: 0.58733
[  1, 11701] loss: 0.58251
[  1, 11751] loss: 0.60556
[  1, 11801] loss: 0.57718
[  1, 11851] loss: 0.74842
[  1, 11901] loss: 0.72964
[  1, 11951] loss: 0.61035
[  1, 12001] loss: 0.64583
[  1, 12051] loss: 0.64146
[  1, 12101] loss: 0.70640
[  1, 12151] loss: 0.63187
[  1, 12201] loss: 0.69898
[  1, 12251] loss: 0.62087
[  1, 12301] loss: 0.68293
[  1, 12351] loss: 0.61345
[  1, 12401] loss: 0.57808
[  1, 12451] loss: 0.58516
[  1, 12501] loss: 0.63980
[  1, 12551] loss: 0.60728
[  1, 12601] loss: 0.72846
[  1, 12651] loss: 0.60187
[  1, 12701] loss: 0.62063
[  1, 12751] loss: 0.59670
[  1, 12801] loss: 0.59672
[  1, 12851] loss: 0.61977
[  1, 12901] loss: 0.59178
[  1, 12951] loss: 0.64184
[  1, 13001] loss: 0.73529
[  1, 13051] loss: 0.59320
[  1, 13101] loss: 0.68667
[  1, 13151] loss: 0.66553
[  1, 13201] loss: 0.67543
[  1, 13251] loss: 0.61102
[  1, 13301] loss: 0.61988
[  1, 13351] loss: 0.70499
[  1, 13401] loss: 0.66506
[  1, 13451] loss: 0.61892
[  1, 13501] loss: 0.62930
[  1, 13551] loss: 0.63938
[  1, 13601] loss: 0.62424
[  1, 13651] loss: 0.69174
[  1, 13701] loss: 0.64822
[  1, 13751] loss: 0.63603
[  1, 13801] loss: 0.65025
[  1, 13851] loss: 0.69089
[  1, 13901] loss: 0.58840
[  1, 13951] loss: 0.62613
[  1, 14001] loss: 0.67733
[  1, 14051] loss: 0.68201
[  1, 14101] loss: 0.73926
[  1, 14151] loss: 0.61761
[  1, 14201] loss: 0.57553
[  1, 14251] loss: 0.64559
[  1, 14301] loss: 0.69967
[  1, 14351] loss: 0.66886
[  1, 14401] loss: 0.63795
[  1, 14451] loss: 0.62236
[  1, 14501] loss: 0.58601
[  1, 14551] loss: 0.69655
[  1, 14601] loss: 0.66577
[  1, 14651] loss: 0.63577
[  1, 14701] loss: 0.61780
[  1, 14751] loss: 0.70088
[  1, 14801] loss: 0.67687
[  1, 14851] loss: 0.62703
[  1, 14901] loss: 0.65318
[  1, 14951] loss: 0.59293
[  1, 15001] loss: 0.67107
[  1, 15051] loss: 0.64257
[  1, 15101] loss: 0.66118
[  1, 15151] loss: 0.65657
[  1, 15201] loss: 0.60798
[  1, 15251] loss: 0.66271
[  1, 15301] loss: 0.68056
[  1, 15351] loss: 0.71182
[  1, 15401] loss: 0.56290
[  1, 15451] loss: 0.70082
[  1, 15501] loss: 0.59648
[  1, 15551] loss: 0.61839
[  1, 15601] loss: 0.63841
[  1, 15651] loss: 0.76293
[  1, 15701] loss: 0.63223
[  1, 15751] loss: 0.67463
[  1, 15801] loss: 0.66956
[  1, 15851] loss: 0.68284
[  1, 15901] loss: 0.59808
[  1, 15951] loss: 0.65208
[  1, 16001] loss: 0.64001
[  1, 16051] loss: 0.63105
[  1, 16101] loss: 0.64038
[  1, 16151] loss: 0.59056
[  1, 16201] loss: 0.60185
[  1, 16251] loss: 0.64353
[  1, 16301] loss: 0.70940
[  1, 16351] loss: 0.58077
[  1, 16401] loss: 0.63465
[  1, 16451] loss: 0.59555
[  1, 16501] loss: 0.58984
[  1, 16551] loss: 0.65915
[  1, 16601] loss: 0.64072
[  1, 16651] loss: 0.63194
[  1, 16701] loss: 0.63524
[  1, 16751] loss: 0.61236
[  1, 16801] loss: 0.55788
[  1, 16851] loss: 0.70034
[  1, 16901] loss: 0.59017
[  1, 16951] loss: 0.70687
[  1, 17001] loss: 0.61802
[  1, 17051] loss: 0.63219
[  1, 17101] loss: 0.52293
[  1, 17151] loss: 0.59461
[  1, 17201] loss: 0.67608
[  1, 17251] loss: 0.68157
[  1, 17301] loss: 0.61866
[  1, 17351] loss: 0.66638
[  1, 17401] loss: 0.53661
[  1, 17451] loss: 0.55417
[  1, 17501] loss: 0.51384
[  1, 17551] loss: 0.58740
[  1, 17601] loss: 0.56404
[  1, 17651] loss: 0.72440
[  1, 17701] loss: 0.62014
[  1, 17751] loss: 0.60659
[  1, 17801] loss: 0.79301
[  1, 17851] loss: 0.67936
[  1, 17901] loss: 0.60613
[  1, 17951] loss: 0.63599
[  1, 18001] loss: 0.57775
[  1, 18051] loss: 0.59736
[  1, 18101] loss: 0.64666
[  1, 18151] loss: 0.62150
[  1, 18201] loss: 0.63692
[  1, 18251] loss: 0.62746
[  1, 18301] loss: 0.58640
[  1, 18351] loss: 0.58591
[  1, 18401] loss: 0.55258
[  1, 18451] loss: 0.68152
[  1, 18501] loss: 0.66579
[  1, 18551] loss: 0.66808
[  1, 18601] loss: 0.60826
[  1, 18651] loss: 0.64043
[  1, 18701] loss: 0.60607
[  1, 18751] loss: 0.53620
[  1, 18801] loss: 0.51522
[  1, 18851] loss: 0.67846
[  1, 18901] loss: 0.68194
[  1, 18951] loss: 0.60469
[  1, 19001] loss: 0.65238
[  1, 19051] loss: 0.70612
[  1, 19101] loss: 0.55018
[  1, 19151] loss: 0.65254
[  1, 19201] loss: 0.64995
[  1, 19251] loss: 0.72116
[  1, 19301] loss: 0.55732
[  1, 19351] loss: 0.55219
[  1, 19401] loss: 0.61043
[  1, 19451] loss: 0.67264
[  1, 19501] loss: 0.59814
[  1, 19551] loss: 0.56821
[  1, 19601] loss: 0.61557
[  1, 19651] loss: 0.60212
[  1, 19701] loss: 0.60055
[  1, 19751] loss: 0.54924
[  1, 19801] loss: 0.61329
[  1, 19851] loss: 0.57065
[  1, 19901] loss: 0.60988
[  1, 19951] loss: 0.64665
[  1, 20001] loss: 0.72614
[  1, 20051] loss: 0.67505
[  1, 20101] loss: 0.52236
[  1, 20151] loss: 0.68676
[  1, 20201] loss: 0.56838
[  1, 20251] loss: 0.61852
[  1, 20301] loss: 0.70321
[  1, 20351] loss: 0.54419
[  1, 20401] loss: 0.60304
[  1, 20451] loss: 0.53862
[  1, 20501] loss: 0.60387
[  1, 20551] loss: 0.66184
[  1, 20601] loss: 0.61665
[  1, 20651] loss: 0.59655
[  1, 20701] loss: 0.69556
[  1, 20751] loss: 0.64015
[  1, 20801] loss: 0.62229
[  1, 20851] loss: 0.59700
[  1, 20901] loss: 0.67950
[  1, 20951] loss: 0.68640
[  1, 21001] loss: 0.65224
[  1, 21051] loss: 0.65819
[  1, 21101] loss: 0.56359
[  1, 21151] loss: 0.60467
[  1, 21201] loss: 0.55932
[  1, 21251] loss: 0.68876
[  1, 21301] loss: 0.52877
[  1, 21351] loss: 0.69407
[  1, 21401] loss: 0.55517
[  1, 21451] loss: 0.56134
[  1, 21501] loss: 0.60524
[  1, 21551] loss: 0.51879
[  1, 21601] loss: 0.55278
[  1, 21651] loss: 0.70688
[  1, 21701] loss: 0.68313
[  1, 21751] loss: 0.58565
[  1, 21801] loss: 0.51407
[  1, 21851] loss: 0.63250
[  1, 21901] loss: 0.59239
[  1, 21951] loss: 0.62396
[  1, 22001] loss: 0.58335
[  1, 22051] loss: 0.65924
[  1, 22101] loss: 0.46127
[  1, 22151] loss: 0.60332
[  1, 22201] loss: 0.69318
[  1, 22251] loss: 0.56496
[  1, 22301] loss: 0.62981
[  1, 22351] loss: 0.60764
[  1, 22401] loss: 0.59777
[  1, 22451] loss: 0.72308
[  1, 22501] loss: 0.73064
[  1, 22551] loss: 0.61403
[  1, 22601] loss: 0.59164
[  1, 22651] loss: 0.69922
[  1, 22701] loss: 0.72639
[  1, 22751] loss: 0.64176
[  1, 22801] loss: 0.67115
[  1, 22851] loss: 0.66248
[  1, 22901] loss: 0.64823
[  1, 22951] loss: 0.66115
[  1, 23001] loss: 0.67462
[  1, 23051] loss: 0.65028
[  1, 23101] loss: 0.63682
[  1, 23151] loss: 0.62566
[  1, 23201] loss: 0.58204
[  1, 23251] loss: 0.59061
[  1, 23301] loss: 0.66186
[  1, 23351] loss: 0.66525
[  1, 23401] loss: 0.55202
[  1, 23451] loss: 0.69405
[  1, 23501] loss: 0.53062
[  1, 23551] loss: 0.58047
[  1, 23601] loss: 0.50159
[  1, 23651] loss: 0.70123
[  1, 23701] loss: 0.66335
[  1, 23751] loss: 0.70947
[  1, 23801] loss: 0.63007
[  1, 23851] loss: 0.59988
[  1, 23901] loss: 0.64696
[  1, 23951] loss: 0.59428
[  1, 24001] loss: 0.57744
[  1, 24051] loss: 0.59955
[  1, 24101] loss: 0.62032
[  1, 24151] loss: 0.50649
[  1, 24201] loss: 0.64847
[  1, 24251] loss: 0.63745
[  1, 24301] loss: 0.58708
[  1, 24351] loss: 0.59940
[  1, 24401] loss: 0.66922
[  1, 24451] loss: 0.67149
[  1, 24501] loss: 0.59950
[  1, 24551] loss: 0.52731
[  1, 24601] loss: 0.66092
[  1, 24651] loss: 0.68314
[  1, 24701] loss: 0.56014
[  1, 24751] loss: 0.56958
[  1, 24801] loss: 0.54255
[  1, 24851] loss: 0.61546
[  1, 24901] loss: 0.56720
[  1, 24951] loss: 0.50680
[  2,     1] loss: 0.62180
[  2,    51] loss: 0.64622
[  2,   101] loss: 0.67842
[  2,   151] loss: 0.66608
[  2,   201] loss: 0.50561
[  2,   251] loss: 0.62837
[  2,   301] loss: 0.69352
[  2,   351] loss: 0.65880
[  2,   401] loss: 0.55964
[  2,   451] loss: 0.62197
[  2,   501] loss: 0.61428
[  2,   551] loss: 0.67300
[  2,   601] loss: 0.53177
[  2,   651] loss: 0.60010
[  2,   701] loss: 0.56465
[  2,   751] loss: 0.56733
[  2,   801] loss: 0.59323
[  2,   851] loss: 0.70035
[  2,   901] loss: 0.52486
[  2,   951] loss: 0.61439
[  2,  1001] loss: 0.51190
[  2,  1051] loss: 0.66482
[  2,  1101] loss: 0.50034
[  2,  1151] loss: 0.66451
[  2,  1201] loss: 0.64840
[  2,  1251] loss: 0.56853
[  2,  1301] loss: 0.64473
[  2,  1351] loss: 0.61229
[  2,  1401] loss: 0.61089
[  2,  1451] loss: 0.55580
[  2,  1501] loss: 0.52243
[  2,  1551] loss: 0.53635
[  2,  1601] loss: 0.70871
[  2,  1651] loss: 0.61168
[  2,  1701] loss: 0.62084
[  2,  1751] loss: 0.65167
[  2,  1801] loss: 0.62694
[  2,  1851] loss: 0.53428
[  2,  1901] loss: 0.59530
[  2,  1951] loss: 0.69618
[  2,  2001] loss: 0.47820
[  2,  2051] loss: 0.53127
[  2,  2101] loss: 0.58017
[  2,  2151] loss: 0.49125
[  2,  2201] loss: 0.60474
[  2,  2251] loss: 0.66915
[  2,  2301] loss: 0.54872
[  2,  2351] loss: 0.61030
[  2,  2401] loss: 0.64434
[  2,  2451] loss: 0.68463
[  2,  2501] loss: 0.59018
[  2,  2551] loss: 0.58530
[  2,  2601] loss: 0.61439
[  2,  2651] loss: 0.55466
[  2,  2701] loss: 0.52816
[  2,  2751] loss: 0.52722
[  2,  2801] loss: 0.56974
[  2,  2851] loss: 0.55890
[  2,  2901] loss: 0.58362
[  2,  2951] loss: 0.57547
[  2,  3001] loss: 0.48440
[  2,  3051] loss: 0.45523
[  2,  3101] loss: 0.67959
[  2,  3151] loss: 0.72600
[  2,  3201] loss: 0.54684
[  2,  3251] loss: 0.53823
[  2,  3301] loss: 0.59245
[  2,  3351] loss: 0.69641
[  2,  3401] loss: 0.69636
[  2,  3451] loss: 0.54558
[  2,  3501] loss: 0.54415
[  2,  3551] loss: 0.62322
[  2,  3601] loss: 0.55481
[  2,  3651] loss: 0.64009
[  2,  3701] loss: 0.58299
[  2,  3751] loss: 0.55959
[  2,  3801] loss: 0.45889
[  2,  3851] loss: 0.51307
[  2,  3901] loss: 0.49911
[  2,  3951] loss: 0.56873
[  2,  4001] loss: 0.47542
[  2,  4051] loss: 0.59963
[  2,  4101] loss: 0.50573
[  2,  4151] loss: 0.61608
[  2,  4201] loss: 0.54972
[  2,  4251] loss: 0.51559
[  2,  4301] loss: 0.51835
[  2,  4351] loss: 0.45155
[  2,  4401] loss: 0.39718
[  2,  4451] loss: 0.60324
[  2,  4501] loss: 0.61865
[  2,  4551] loss: 0.55320
[  2,  4601] loss: 0.54081
[  2,  4651] loss: 0.49518
[  2,  4701] loss: 0.46408
[  2,  4751] loss: 0.53060
[  2,  4801] loss: 0.52901
[  2,  4851] loss: 0.57261
[  2,  4901] loss: 0.41156
[  2,  4951] loss: 0.45781
[  2,  5001] loss: 0.48974
[  2,  5051] loss: 0.68553
[  2,  5101] loss: 0.53879
[  2,  5151] loss: 0.40027
[  2,  5201] loss: 0.46422
[  2,  5251] loss: 0.42701
[  2,  5301] loss: 0.56891
[  2,  5351] loss: 0.53644
[  2,  5401] loss: 0.40751
[  2,  5451] loss: 0.47855
[  2,  5501] loss: 0.44456
[  2,  5551] loss: 0.41138
[  2,  5601] loss: 0.54132
[  2,  5651] loss: 0.39578
[  2,  5701] loss: 0.55454
[  2,  5751] loss: 0.53215
[  2,  5801] loss: 0.35029
[  2,  5851] loss: 0.46505
[  2,  5901] loss: 0.44858
[  2,  5951] loss: 0.51568
[  2,  6001] loss: 0.41978
[  2,  6051] loss: 0.44375
[  2,  6101] loss: 0.32752
[  2,  6151] loss: 0.53224
[  2,  6201] loss: 0.49102
[  2,  6251] loss: 0.55565
[  2,  6301] loss: 0.50229
[  2,  6351] loss: 0.52573
[  2,  6401] loss: 0.51208
[  2,  6451] loss: 0.42547
[  2,  6501] loss: 0.47702
[  2,  6551] loss: 0.61957
[  2,  6601] loss: 0.48550
[  2,  6651] loss: 0.42561
[  2,  6701] loss: 0.53049
[  2,  6751] loss: 0.59854
[  2,  6801] loss: 0.42189
[  2,  6851] loss: 0.36959
[  2,  6901] loss: 0.45694
[  2,  6951] loss: 0.48053
[  2,  7001] loss: 0.46429
[  2,  7051] loss: 0.37422
[  2,  7101] loss: 0.32259
[  2,  7151] loss: 0.37250
[  2,  7201] loss: 0.52489
[  2,  7251] loss: 0.42359
[  2,  7301] loss: 0.45928
[  2,  7351] loss: 0.39834
[  2,  7401] loss: 0.39170
[  2,  7451] loss: 0.40701
[  2,  7501] loss: 0.39597
[  2,  7551] loss: 0.41202
[  2,  7601] loss: 0.46480
[  2,  7651] loss: 0.72553
[  2,  7701] loss: 0.42186
[  2,  7751] loss: 0.45686
[  2,  7801] loss: 0.58240
[  2,  7851] loss: 0.48897
[  2,  7901] loss: 0.43683
[  2,  7951] loss: 0.45191
[  2,  8001] loss: 0.36722
[  2,  8051] loss: 0.43300
[  2,  8101] loss: 0.42213
[  2,  8151] loss: 0.51530
[  2,  8201] loss: 0.49350
[  2,  8251] loss: 0.47569
[  2,  8301] loss: 0.44485
[  2,  8351] loss: 0.49262
[  2,  8401] loss: 0.38505
[  2,  8451] loss: 0.43638
[  2,  8501] loss: 0.51692
[  2,  8551] loss: 0.47408
[  2,  8601] loss: 0.34946
[  2,  8651] loss: 0.48772
[  2,  8701] loss: 0.38739
[  2,  8751] loss: 0.38616
[  2,  8801] loss: 0.39112
[  2,  8851] loss: 0.42209
[  2,  8901] loss: 0.52969
[  2,  8951] loss: 0.33763
[  2,  9001] loss: 0.44438
[  2,  9051] loss: 0.38110
[  2,  9101] loss: 0.27615
[  2,  9151] loss: 0.46635
[  2,  9201] loss: 0.39476
[  2,  9251] loss: 0.34788
[  2,  9301] loss: 0.49955
[  2,  9351] loss: 0.54645
[  2,  9401] loss: 0.49684
[  2,  9451] loss: 0.51150
[  2,  9501] loss: 0.47997
[  2,  9551] loss: 0.52815
[  2,  9601] loss: 0.47972
[  2,  9651] loss: 0.40399
[  2,  9701] loss: 0.37757
[  2,  9751] loss: 0.47779
[  2,  9801] loss: 0.47220
[  2,  9851] loss: 0.59170
[  2,  9901] loss: 0.38421
[  2,  9951] loss: 0.47263
[  2, 10001] loss: 0.51554
[  2, 10051] loss: 0.48753
[  2, 10101] loss: 0.42547
[  2, 10151] loss: 0.60395
[  2, 10201] loss: 0.47526
[  2, 10251] loss: 0.51780
[  2, 10301] loss: 0.39565
[  2, 10351] loss: 0.53399
[  2, 10401] loss: 0.33770
[  2, 10451] loss: 0.35987
[  2, 10501] loss: 0.44492
[  2, 10551] loss: 0.59332
[  2, 10601] loss: 0.46170
[  2, 10651] loss: 0.46988
[  2, 10701] loss: 0.48137
[  2, 10751] loss: 0.63033
[  2, 10801] loss: 0.24336
[  2, 10851] loss: 0.46627
[  2, 10901] loss: 0.33517
[  2, 10951] loss: 0.48710
[  2, 11001] loss: 0.36203
[  2, 11051] loss: 0.45836
[  2, 11101] loss: 0.32052
[  2, 11151] loss: 0.47155
[  2, 11201] loss: 0.50782
[  2, 11251] loss: 0.40459
[  2, 11301] loss: 0.49847
[  2, 11351] loss: 0.39620
[  2, 11401] loss: 0.37074
[  2, 11451] loss: 0.40509
[  2, 11501] loss: 0.43949
[  2, 11551] loss: 0.45076
[  2, 11601] loss: 0.39096
[  2, 11651] loss: 0.37141
[  2, 11701] loss: 0.52495
[  2, 11751] loss: 0.42085
[  2, 11801] loss: 0.42389
[  2, 11851] loss: 0.74184
[  2, 11901] loss: 0.37226
[  2, 11951] loss: 0.35465
[  2, 12001] loss: 0.40130
[  2, 12051] loss: 0.46520
[  2, 12101] loss: 0.52888
[  2, 12151] loss: 0.42283
[  2, 12201] loss: 0.48989
[  2, 12251] loss: 0.42811
[  2, 12301] loss: 0.40791
[  2, 12351] loss: 0.38412
[  2, 12401] loss: 0.40999
[  2, 12451] loss: 0.49891
[  2, 12501] loss: 0.48303
[  2, 12551] loss: 0.59752
[  2, 12601] loss: 0.53509
[  2, 12651] loss: 0.44515
[  2, 12701] loss: 0.42506
[  2, 12751] loss: 0.53338
[  2, 12801] loss: 0.40627
[  2, 12851] loss: 0.49240
[  2, 12901] loss: 0.43071
[  2, 12951] loss: 0.52200
[  2, 13001] loss: 0.54679
[  2, 13051] loss: 0.51167
[  2, 13101] loss: 0.43472
[  2, 13151] loss: 0.39016
[  2, 13201] loss: 0.33408
[  2, 13251] loss: 0.29864
[  2, 13301] loss: 0.38413
[  2, 13351] loss: 0.38235
[  2, 13401] loss: 0.45838
[  2, 13451] loss: 0.34591
[  2, 13501] loss: 0.36253
[  2, 13551] loss: 0.42275
[  2, 13601] loss: 0.32897
[  2, 13651] loss: 0.46289
[  2, 13701] loss: 0.46544
[  2, 13751] loss: 0.29516
[  2, 13801] loss: 0.34778
[  2, 13851] loss: 0.54810
[  2, 13901] loss: 0.33209
[  2, 13951] loss: 0.44286
[  2, 14001] loss: 0.59855
[  2, 14051] loss: 0.31883
[  2, 14101] loss: 0.40840
[  2, 14151] loss: 0.53213
[  2, 14201] loss: 0.33822
[  2, 14251] loss: 0.42467
[  2, 14301] loss: 0.41754
[  2, 14351] loss: 0.43934
[  2, 14401] loss: 0.48048
[  2, 14451] loss: 0.40942
[  2, 14501] loss: 0.44464
[  2, 14551] loss: 0.52770
[  2, 14601] loss: 0.53338
[  2, 14651] loss: 0.46598
[  2, 14701] loss: 0.57164
[  2, 14751] loss: 0.58568
[  2, 14801] loss: 0.42584
[  2, 14851] loss: 0.47329
[  2, 14901] loss: 0.48656
[  2, 14951] loss: 0.45968
[  2, 15001] loss: 0.56902
[  2, 15051] loss: 0.40896
[  2, 15101] loss: 0.43646
[  2, 15151] loss: 0.57042
[  2, 15201] loss: 0.46943
[  2, 15251] loss: 0.43184
[  2, 15301] loss: 0.51329
[  2, 15351] loss: 0.46648
[  2, 15401] loss: 0.39776
[  2, 15451] loss: 0.51110
[  2, 15501] loss: 0.62296
[  2, 15551] loss: 0.42601
[  2, 15601] loss: 0.47042
[  2, 15651] loss: 0.35042
[  2, 15701] loss: 0.40318
[  2, 15751] loss: 0.39438
[  2, 15801] loss: 0.44028
[  2, 15851] loss: 0.27483
[  2, 15901] loss: 0.62725
[  2, 15951] loss: 0.58764
[  2, 16001] loss: 0.64010
[  2, 16051] loss: 0.61568
[  2, 16101] loss: 0.54980
[  2, 16151] loss: 0.43828
[  2, 16201] loss: 0.38641
[  2, 16251] loss: 0.45034
[  2, 16301] loss: 0.54035
[  2, 16351] loss: 0.61639
[  2, 16401] loss: 0.58412
[  2, 16451] loss: 0.43233
[  2, 16501] loss: 0.40259
[  2, 16551] loss: 0.47679
[  2, 16601] loss: 0.52935
[  2, 16651] loss: 0.52450
[  2, 16701] loss: 0.41918
[  2, 16751] loss: 0.46967
[  2, 16801] loss: 0.48156
[  2, 16851] loss: 0.43513
[  2, 16901] loss: 0.43547
[  2, 16951] loss: 0.50882
[  2, 17001] loss: 0.44373
[  2, 17051] loss: 0.57169
[  2, 17101] loss: 0.32254
[  2, 17151] loss: 0.39755
[  2, 17201] loss: 0.40502
[  2, 17251] loss: 0.63833
[  2, 17301] loss: 0.46876
[  2, 17351] loss: 0.39533
[  2, 17401] loss: 0.32658
[  2, 17451] loss: 0.42199
[  2, 17501] loss: 0.36643
[  2, 17551] loss: 0.41403
[  2, 17601] loss: 0.30686
[  2, 17651] loss: 0.41538
[  2, 17701] loss: 0.41312
[  2, 17751] loss: 0.46174
[  2, 17801] loss: 0.39932
[  2, 17851] loss: 0.51694
[  2, 17901] loss: 0.51696
[  2, 17951] loss: 0.50072
[  2, 18001] loss: 0.35398
[  2, 18051] loss: 0.37755
[  2, 18101] loss: 0.46407
[  2, 18151] loss: 0.41116
[  2, 18201] loss: 0.46972
[  2, 18251] loss: 0.47146
[  2, 18301] loss: 0.43507
[  2, 18351] loss: 0.46423
[  2, 18401] loss: 0.39534
[  2, 18451] loss: 0.47202
[  2, 18501] loss: 0.42181
[  2, 18551] loss: 0.45707
[  2, 18601] loss: 0.37338
[  2, 18651] loss: 0.47014
[  2, 18701] loss: 0.45011
[  2, 18751] loss: 0.30114
[  2, 18801] loss: 0.22833
[  2, 18851] loss: 0.43708
[  2, 18901] loss: 0.40172
[  2, 18951] loss: 0.41340
[  2, 19001] loss: 0.51958
[  2, 19051] loss: 0.45733
[  2, 19101] loss: 0.27759
[  2, 19151] loss: 0.47118
[  2, 19201] loss: 0.56107
[  2, 19251] loss: 0.45273
[  2, 19301] loss: 0.31436
[  2, 19351] loss: 0.29145
[  2, 19401] loss: 0.40289
[  2, 19451] loss: 0.55466
[  2, 19501] loss: 0.35533
[  2, 19551] loss: 0.38454
[  2, 19601] loss: 0.41681
[  2, 19651] loss: 0.45289
[  2, 19701] loss: 0.31241
[  2, 19751] loss: 0.33728
[  2, 19801] loss: 0.38659
[  2, 19851] loss: 0.30808
[  2, 19901] loss: 0.37393
[  2, 19951] loss: 0.31911
[  2, 20001] loss: 0.47345
[  2, 20051] loss: 0.50798
[  2, 20101] loss: 0.32436
[  2, 20151] loss: 0.66547
[  2, 20201] loss: 0.23606
[  2, 20251] loss: 0.30149
[  2, 20301] loss: 0.46557
[  2, 20351] loss: 0.33722
[  2, 20401] loss: 0.40480
[  2, 20451] loss: 0.40713
[  2, 20501] loss: 0.43267
[  2, 20551] loss: 0.36061
[  2, 20601] loss: 0.39441
[  2, 20651] loss: 0.32267
[  2, 20701] loss: 0.54397
[  2, 20751] loss: 0.35437
[  2, 20801] loss: 0.36299
[  2, 20851] loss: 0.36862
[  2, 20901] loss: 0.37734
[  2, 20951] loss: 0.38855
[  2, 21001] loss: 0.43897
[  2, 21051] loss: 0.30638
[  2, 21101] loss: 0.33695
[  2, 21151] loss: 0.45050
[  2, 21201] loss: 0.28718
[  2, 21251] loss: 0.31460
[  2, 21301] loss: 0.55008
[  2, 21351] loss: 0.50360
[  2, 21401] loss: 0.36568
[  2, 21451] loss: 0.42549
[  2, 21501] loss: 0.25459
[  2, 21551] loss: 0.35176
[  2, 21601] loss: 0.34717
[  2, 21651] loss: 0.47702
[  2, 21701] loss: 0.40529
[  2, 21751] loss: 0.36621
[  2, 21801] loss: 0.26538
[  2, 21851] loss: 0.46199
[  2, 21901] loss: 0.40205
[  2, 21951] loss: 0.33870
[  2, 22001] loss: 0.42115
[  2, 22051] loss: 0.30287
[  2, 22101] loss: 0.32838
[  2, 22151] loss: 0.25411
[  2, 22201] loss: 0.54519
[  2, 22251] loss: 0.34708
[  2, 22301] loss: 0.48321
[  2, 22351] loss: 0.31500
[  2, 22401] loss: 0.50540
[  2, 22451] loss: 0.48918
[  2, 22501] loss: 0.47449
[  2, 22551] loss: 0.45970
[  2, 22601] loss: 0.41226
[  2, 22651] loss: 0.50266
[  2, 22701] loss: 0.61155
[  2, 22751] loss: 0.45820
[  2, 22801] loss: 0.58529
[  2, 22851] loss: 0.55124
[  2, 22901] loss: 0.47905
[  2, 22951] loss: 0.46574
[  2, 23001] loss: 0.49262
[  2, 23051] loss: 0.38833
[  2, 23101] loss: 0.46258
[  2, 23151] loss: 0.60442
[  2, 23201] loss: 0.44943
[  2, 23251] loss: 0.40765
[  2, 23301] loss: 0.43843
[  2, 23351] loss: 0.46095
[  2, 23401] loss: 0.41696
[  2, 23451] loss: 0.42489
[  2, 23501] loss: 0.32175
[  2, 23551] loss: 0.44504
[  2, 23601] loss: 0.27820
[  2, 23651] loss: 0.43039
[  2, 23701] loss: 0.40315
[  2, 23751] loss: 0.35272
[  2, 23801] loss: 0.37154
[  2, 23851] loss: 0.25099
[  2, 23901] loss: 0.38126
[  2, 23951] loss: 0.38170
[  2, 24001] loss: 0.37991
[  2, 24051] loss: 0.31927
[  2, 24101] loss: 0.25431
[  2, 24151] loss: 0.31427
[  2, 24201] loss: 0.36780
[  2, 24251] loss: 0.31052
[  2, 24301] loss: 0.38144
[  2, 24351] loss: 0.38792
[  2, 24401] loss: 0.37101
[  2, 24451] loss: 0.50901
[  2, 24501] loss: 0.36639
[  2, 24551] loss: 0.42941
[  2, 24601] loss: 0.45569
[  2, 24651] loss: 0.42110
[  2, 24701] loss: 0.61600
[  2, 24751] loss: 0.41097
[  2, 24801] loss: 0.35769
[  2, 24851] loss: 0.41180
[  2, 24901] loss: 0.35573
[  2, 24951] loss: 0.30962
[  3,     1] loss: 0.36125
[  3,    51] loss: 0.44383
[  3,   101] loss: 0.38792
[  3,   151] loss: 0.35408
[  3,   201] loss: 0.22554
[  3,   251] loss: 0.37733
[  3,   301] loss: 0.47819
[  3,   351] loss: 0.38538
[  3,   401] loss: 0.32654
[  3,   451] loss: 0.51852
[  3,   501] loss: 0.61991
[  3,   551] loss: 0.35586
[  3,   601] loss: 0.59203
[  3,   651] loss: 0.31493
[  3,   701] loss: 0.33296
[  3,   751] loss: 0.29895
[  3,   801] loss: 0.51019
[  3,   851] loss: 0.37413
[  3,   901] loss: 0.25558
[  3,   951] loss: 0.40982
[  3,  1001] loss: 0.31591
[  3,  1051] loss: 0.34192
[  3,  1101] loss: 0.27629
[  3,  1151] loss: 0.36456
[  3,  1201] loss: 0.25918
[  3,  1251] loss: 0.29434
[  3,  1301] loss: 0.24670
[  3,  1351] loss: 0.30321
[  3,  1401] loss: 0.38501
[  3,  1451] loss: 0.36943
[  3,  1501] loss: 0.35748
[  3,  1551] loss: 0.34073
[  3,  1601] loss: 0.58834
[  3,  1651] loss: 0.34151
[  3,  1701] loss: 0.28122
[  3,  1751] loss: 0.44510
[  3,  1801] loss: 0.32370
[  3,  1851] loss: 0.24998
[  3,  1901] loss: 0.39072
[  3,  1951] loss: 0.26866
[  3,  2001] loss: 0.24105
[  3,  2051] loss: 0.27067
[  3,  2101] loss: 0.47880
[  3,  2151] loss: 0.28716
[  3,  2201] loss: 0.32131
[  3,  2251] loss: 0.30179
[  3,  2301] loss: 0.29828
[  3,  2351] loss: 0.37099
[  3,  2401] loss: 0.37161
[  3,  2451] loss: 0.32997
[  3,  2501] loss: 0.35058
[  3,  2551] loss: 0.36260
[  3,  2601] loss: 0.43086
[  3,  2651] loss: 0.30206
[  3,  2701] loss: 0.34455
[  3,  2751] loss: 0.27533
[  3,  2801] loss: 0.28703
[  3,  2851] loss: 0.31872
[  3,  2901] loss: 0.39071
[  3,  2951] loss: 0.24857
[  3,  3001] loss: 0.37006
[  3,  3051] loss: 0.23092
[  3,  3101] loss: 0.29228
[  3,  3151] loss: 0.33538
[  3,  3201] loss: 0.46777
[  3,  3251] loss: 0.22136
[  3,  3301] loss: 0.29898
[  3,  3351] loss: 0.60863
[  3,  3401] loss: 0.41967
[  3,  3451] loss: 0.22119
[  3,  3501] loss: 0.50960
[  3,  3551] loss: 0.62617
[  3,  3601] loss: 0.38678
[  3,  3651] loss: 0.41076
[  3,  3701] loss: 0.43349
[  3,  3751] loss: 0.63726
[  3,  3801] loss: 0.31725
[  3,  3851] loss: 0.29556
[  3,  3901] loss: 0.46663
[  3,  3951] loss: 0.43514
[  3,  4001] loss: 0.47921
[  3,  4051] loss: 0.43721
[  3,  4101] loss: 0.31625
[  3,  4151] loss: 0.51996
[  3,  4201] loss: 0.54194
[  3,  4251] loss: 0.29375
[  3,  4301] loss: 0.36751
[  3,  4351] loss: 0.31246
[  3,  4401] loss: 0.37490
[  3,  4451] loss: 0.87656
[  3,  4501] loss: 0.29458
[  3,  4551] loss: 0.22769
[  3,  4601] loss: 0.42057
[  3,  4651] loss: 0.70992
[  3,  4701] loss: 0.48986
[  3,  4751] loss: 0.24478
[  3,  4801] loss: 0.30936
[  3,  4851] loss: 0.57424
[  3,  4901] loss: 0.50342
[  3,  4951] loss: 0.31130
[  3,  5001] loss: 0.29811
[  3,  5051] loss: 0.28913
[  3,  5101] loss: 0.37246
[  3,  5151] loss: 0.29102
[  3,  5201] loss: 0.26620
[  3,  5251] loss: 0.53084
[  3,  5301] loss: 0.32328
[  3,  5351] loss: 0.28796
[  3,  5401] loss: 0.31462
[  3,  5451] loss: 0.40505
[  3,  5501] loss: 0.37057
[  3,  5551] loss: 0.22763
[  3,  5601] loss: 0.26006
[  3,  5651] loss: 0.20881
[  3,  5701] loss: 0.24761
[  3,  5751] loss: 0.25698
[  3,  5801] loss: 0.12229
[  3,  5851] loss: 0.30495
[  3,  5901] loss: 0.22267
[  3,  5951] loss: 0.17570
[  3,  6001] loss: 0.17041
[  3,  6051] loss: 0.21443
[  3,  6101] loss: 0.08089
[  3,  6151] loss: 0.08414
[  3,  6201] loss: 0.14208
[  3,  6251] loss: 0.23329
[  3,  6301] loss: 0.36884
[  3,  6351] loss: 0.16161
[  3,  6401] loss: 0.12967
[  3,  6451] loss: 0.35443
[  3,  6501] loss: 0.37130
[  3,  6551] loss: 0.28946
[  3,  6601] loss: 0.07805
[  3,  6651] loss: 0.27158
[  3,  6701] loss: 0.53908
[  3,  6751] loss: 0.47758
[  3,  6801] loss: 0.10405
[  3,  6851] loss: 0.12551
[  3,  6901] loss: 0.44164
[  3,  6951] loss: 0.44826
[  3,  7001] loss: 0.23890
[  3,  7051] loss: 0.13616
[  3,  7101] loss: 0.08891
[  3,  7151] loss: 0.25075
[  3,  7201] loss: 0.43188
[  3,  7251] loss: 0.35275
[  3,  7301] loss: 0.16534
[  3,  7351] loss: 0.10428
[  3,  7401] loss: 0.34605
[  3,  7451] loss: 0.53536
[  3,  7501] loss: 0.53817
[  3,  7551] loss: 0.25186
[  3,  7601] loss: 0.13582
[  3,  7651] loss: 0.26833
[  3,  7701] loss: 0.46390
[  3,  7751] loss: 0.71909
[  3,  7801] loss: 0.33414
[  3,  7851] loss: 0.23865
[  3,  7901] loss: 0.17799
[  3,  7951] loss: 0.22559
[  3,  8001] loss: 0.25366
[  3,  8051] loss: 0.19660
[  3,  8101] loss: 0.19635
[  3,  8151] loss: 0.25674
[  3,  8201] loss: 0.30801
[  3,  8251] loss: 0.35753
[  3,  8301] loss: 0.30053
[  3,  8351] loss: 0.12417
[  3,  8401] loss: 0.17230
[  3,  8451] loss: 0.62986
[  3,  8501] loss: 0.33927
[  3,  8551] loss: 0.11154
[  3,  8601] loss: 0.09121
[  3,  8651] loss: 0.11781
[  3,  8701] loss: 0.15749
[  3,  8751] loss: 0.10560
[  3,  8801] loss: 0.09253
[  3,  8851] loss: 0.09260
[  3,  8901] loss: 0.15842
[  3,  8951] loss: 0.06974
[  3,  9001] loss: 0.07337
[  3,  9051] loss: 0.09760
[  3,  9101] loss: 0.04508
[  3,  9151] loss: 0.16155
[  3,  9201] loss: 0.23756
[  3,  9251] loss: 0.05062
[  3,  9301] loss: 0.05899
[  3,  9351] loss: 0.08844
[  3,  9401] loss: 0.04977
[  3,  9451] loss: 0.22442
[  3,  9501] loss: 0.18006
[  3,  9551] loss: 0.24275
[  3,  9601] loss: 0.06647
[  3,  9651] loss: 0.04466
[  3,  9701] loss: 0.09265
[  3,  9751] loss: 0.23549
[  3,  9801] loss: 0.06024
[  3,  9851] loss: 0.20132
[  3,  9901] loss: 0.12688
[  3,  9951] loss: 0.10010
[  3, 10001] loss: 0.20285
[  3, 10051] loss: 0.08026
[  3, 10101] loss: 0.12178
[  3, 10151] loss: 0.05733
[  3, 10201] loss: 0.09547
[  3, 10251] loss: 0.25337
[  3, 10301] loss: 0.19202
[  3, 10351] loss: 0.21713
[  3, 10401] loss: 0.09166
[  3, 10451] loss: 0.08859
[  3, 10501] loss: 0.14901
[  3, 10551] loss: 0.05894
[  3, 10601] loss: 0.10370
[  3, 10651] loss: 0.07384
[  3, 10701] loss: 0.13225
[  3, 10751] loss: 0.09433
[  3, 10801] loss: 0.03079
[  3, 10851] loss: 0.08743
[  3, 10901] loss: 0.12788
[  3, 10951] loss: 0.20962
[  3, 11001] loss: 0.08695
[  3, 11051] loss: 0.04745
[  3, 11101] loss: 0.02173
[  3, 11151] loss: 0.10379
[  3, 11201] loss: 0.06953
[  3, 11251] loss: 0.07283
[  3, 11301] loss: 0.09074
[  3, 11351] loss: 0.35334
[  3, 11401] loss: 0.18786
[  3, 11451] loss: 0.03410
[  3, 11501] loss: 0.10711
[  3, 11551] loss: 0.36233
[  3, 11601] loss: 0.72870
[  3, 11651] loss: 0.05473
[  3, 11701] loss: 0.24315
[  3, 11751] loss: 0.43343
[  3, 11801] loss: 0.15119
[  3, 11851] loss: 0.14255
[  3, 11901] loss: 0.08748
[  3, 11951] loss: 0.02282
[  3, 12001] loss: 0.07731
[  3, 12051] loss: 0.03447
[  3, 12101] loss: 0.20523
[  3, 12151] loss: 0.23692
[  3, 12201] loss: 0.16698
[  3, 12251] loss: 0.05670
[  3, 12301] loss: 0.09173
[  3, 12351] loss: 0.24767
[  3, 12401] loss: 0.17335
[  3, 12451] loss: 0.02809
[  3, 12501] loss: 0.26293
[  3, 12551] loss: 0.12093
[  3, 12601] loss: 0.17094
[  3, 12651] loss: 0.24011
[  3, 12701] loss: 0.15419
[  3, 12751] loss: 0.06736
[  3, 12801] loss: 0.05389
[  3, 12851] loss: 0.06390
[  3, 12901] loss: 0.06735
[  3, 12951] loss: 0.10095
[  3, 13001] loss: 0.22982
[  3, 13051] loss: 0.18908
[  3, 13101] loss: 0.08565
[  3, 13151] loss: 0.09388
[  3, 13201] loss: 0.08291
[  3, 13251] loss: 0.21184
[  3, 13301] loss: 0.08510
[  3, 13351] loss: 0.03225
[  3, 13401] loss: 0.03805
[  3, 13451] loss: 0.04535
[  3, 13501] loss: 0.04908
[  3, 13551] loss: 0.12068
[  3, 13601] loss: 0.13927
[  3, 13651] loss: 0.07419
[  3, 13701] loss: 0.05503
[  3, 13751] loss: 0.11685
[  3, 13801] loss: 0.09441
[  3, 13851] loss: 0.07675
[  3, 13901] loss: 0.07293
[  3, 13951] loss: 0.10614
[  3, 14001] loss: 0.64111
[  3, 14051] loss: 0.12366
[  3, 14101] loss: 0.09799
[  3, 14151] loss: 0.02927
[  3, 14201] loss: 0.01469
[  3, 14251] loss: 0.07321
[  3, 14301] loss: 0.03377
[  3, 14351] loss: 0.07203
[  3, 14401] loss: 0.04142
[  3, 14451] loss: 0.02088
[  3, 14501] loss: 0.12111
[  3, 14551] loss: 0.06363
[  3, 14601] loss: 0.10230
[  3, 14651] loss: 0.03698
[  3, 14701] loss: 0.09946
[  3, 14751] loss: 0.12657
[  3, 14801] loss: 0.27233
[  3, 14851] loss: 0.16018
[  3, 14901] loss: 0.15161
[  3, 14951] loss: 0.18789
[  3, 15001] loss: 0.34448
[  3, 15051] loss: 0.14507
[  3, 15101] loss: 0.19543
[  3, 15151] loss: 0.06340
[  3, 15201] loss: 0.06923
[  3, 15251] loss: 0.29758
[  3, 15301] loss: 0.09756
[  3, 15351] loss: 0.05860
[  3, 15401] loss: 0.04775
[  3, 15451] loss: 0.09888
[  3, 15501] loss: 0.52950
[  3, 15551] loss: 0.07772
[  3, 15601] loss: 0.05967
[  3, 15651] loss: 0.17299
[  3, 15701] loss: 0.10695
[  3, 15751] loss: 0.03636
[  3, 15801] loss: 0.08443
[  3, 15851] loss: 0.37343
[  3, 15901] loss: 0.38890
[  3, 15951] loss: 0.06747
[  3, 16001] loss: 0.16297
[  3, 16051] loss: 0.18455
[  3, 16101] loss: 0.03403
[  3, 16151] loss: 0.04274
[  3, 16201] loss: 0.10871
[  3, 16251] loss: 0.04485
[  3, 16301] loss: 0.08330
[  3, 16351] loss: 0.14883
[  3, 16401] loss: 0.03487
[  3, 16451] loss: 0.07168
[  3, 16501] loss: 0.06423
[  3, 16551] loss: 0.48431
[  3, 16601] loss: 0.14026
[  3, 16651] loss: 0.10480
[  3, 16701] loss: 0.23527
[  3, 16751] loss: 0.09220
[  3, 16801] loss: 0.09560
[  3, 16851] loss: 0.38219
[  3, 16901] loss: 0.11203
[  3, 16951] loss: 0.24689
[  3, 17001] loss: 0.14877
[  3, 17051] loss: 0.16928
[  3, 17101] loss: 0.12087
[  3, 17151] loss: 0.10026
[  3, 17201] loss: 0.16609
[  3, 17251] loss: 0.30501
[  3, 17301] loss: 0.09145
[  3, 17351] loss: 0.04080
[  3, 17401] loss: 0.24791
[  3, 17451] loss: 0.17805
[  3, 17501] loss: 0.31655
[  3, 17551] loss: 0.10116
[  3, 17601] loss: 0.58272
[  3, 17651] loss: 0.22499
[  3, 17701] loss: 0.28194
[  3, 17751] loss: 0.33692
[  3, 17801] loss: 0.12776
[  3, 17851] loss: 0.12733
[  3, 17901] loss: 0.11327
[  3, 17951] loss: 0.15973
[  3, 18001] loss: 0.09615
[  3, 18051] loss: 0.12336
[  3, 18101] loss: 0.06979
[  3, 18151] loss: 0.13843
[  3, 18201] loss: 0.12738
[  3, 18251] loss: 0.21795
[  3, 18301] loss: 0.19515
[  3, 18351] loss: 0.22129
[  3, 18401] loss: 0.19245
[  3, 18451] loss: 0.18016
[  3, 18501] loss: 0.06710
[  3, 18551] loss: 0.09503
[  3, 18601] loss: 0.15450
[  3, 18651] loss: 0.21568
[  3, 18701] loss: 0.14201
[  3, 18751] loss: 0.03856
[  3, 18801] loss: 0.12184
[  3, 18851] loss: 0.04559
[  3, 18901] loss: 0.05658
[  3, 18951] loss: 0.19079
[  3, 19001] loss: 0.08039
[  3, 19051] loss: 0.06156
[  3, 19101] loss: 0.08392
[  3, 19151] loss: 0.05632
[  3, 19201] loss: 0.05647
[  3, 19251] loss: 0.07677
[  3, 19301] loss: 0.05454
[  3, 19351] loss: 0.21390
[  3, 19401] loss: 0.12823
[  3, 19451] loss: 0.08302
[  3, 19501] loss: 0.04499
[  3, 19551] loss: 0.05703
[  3, 19601] loss: 0.10588
[  3, 19651] loss: 0.10774
[  3, 19701] loss: 0.09001
[  3, 19751] loss: 0.04918
[  3, 19801] loss: 0.14041
[  3, 19851] loss: 0.17779
[  3, 19901] loss: 0.15427
[  3, 19951] loss: 0.10145
[  3, 20001] loss: 0.03909
[  3, 20051] loss: 0.08788
[  3, 20101] loss: 0.03198
[  3, 20151] loss: 0.03478
[  3, 20201] loss: 0.14672
[  3, 20251] loss: 0.06821
[  3, 20301] loss: 0.07723
[  3, 20351] loss: 0.05369
[  3, 20401] loss: 0.05613
[  3, 20451] loss: 0.02079
[  3, 20501] loss: 0.23969
[  3, 20551] loss: 0.10490
[  3, 20601] loss: 0.06512
[  3, 20651] loss: 0.04470
[  3, 20701] loss: 0.20704
[  3, 20751] loss: 0.14220
[  3, 20801] loss: 0.18971
[  3, 20851] loss: 0.01546
[  3, 20901] loss: 0.12518
[  3, 20951] loss: 0.14627
[  3, 21001] loss: 0.07738
[  3, 21051] loss: 0.03096
[  3, 21101] loss: 0.11569
[  3, 21151] loss: 0.06203
[  3, 21201] loss: 0.06836
[  3, 21251] loss: 0.09689
[  3, 21301] loss: 0.23812
[  3, 21351] loss: 0.33813
[  3, 21401] loss: 0.04471
[  3, 21451] loss: 0.02373
[  3, 21501] loss: 0.05734
[  3, 21551] loss: 0.08372
[  3, 21601] loss: 0.05883
[  3, 21651] loss: 0.04377
[  3, 21701] loss: 0.04049
[  3, 21751] loss: 0.07365
[  3, 21801] loss: 0.02538
[  3, 21851] loss: 0.03074
[  3, 21901] loss: 0.01685
[  3, 21951] loss: 0.08827
[  3, 22001] loss: 0.03700
[  3, 22051] loss: 0.03675
[  3, 22101] loss: 0.08470
[  3, 22151] loss: 0.01705
[  3, 22201] loss: 0.41249
[  3, 22251] loss: 0.11450
[  3, 22301] loss: 0.11345
[  3, 22351] loss: 0.01431
[  3, 22401] loss: 0.07176
[  3, 22451] loss: 0.14322
[  3, 22501] loss: 0.05051
[  3, 22551] loss: 0.02151
[  3, 22601] loss: 0.30819
[  3, 22651] loss: 0.07864
[  3, 22701] loss: 0.09594
[  3, 22751] loss: 0.18564
[  3, 22801] loss: 0.42417
[  3, 22851] loss: 0.22424
[  3, 22901] loss: 0.09327
[  3, 22951] loss: 0.21862
[  3, 23001] loss: 0.72805
[  3, 23051] loss: 0.03158
[  3, 23101] loss: 0.17599
[  3, 23151] loss: 0.30673
[  3, 23201] loss: 0.33315
[  3, 23251] loss: 0.31033
[  3, 23301] loss: 0.10559
[  3, 23351] loss: 0.05248
[  3, 23401] loss: 0.23329
[  3, 23451] loss: 0.42955
[  3, 23501] loss: 0.45169
[  3, 23551] loss: 0.18678
[  3, 23601] loss: 0.12295
[  3, 23651] loss: 0.06932
[  3, 23701] loss: 0.31983
[  3, 23751] loss: 0.30698
[  3, 23801] loss: 0.26183
[  3, 23851] loss: 0.08036
[  3, 23901] loss: 0.07324
[  3, 23951] loss: 0.19120
[  3, 24001] loss: 0.26299
[  3, 24051] loss: 0.08905
[  3, 24101] loss: 0.04304
[  3, 24151] loss: 0.04011
[  3, 24201] loss: 0.14903
[  3, 24251] loss: 0.06599
[  3, 24301] loss: 0.04319
[  3, 24351] loss: 0.03845
[  3, 24401] loss: 0.11822
[  3, 24451] loss: 0.03443
[  3, 24501] loss: 0.04747
[  3, 24551] loss: 0.07011
[  3, 24601] loss: 0.13691
[  3, 24651] loss: 0.05481
[  3, 24701] loss: 0.43479
[  3, 24751] loss: 0.18173
[  3, 24801] loss: 0.06469
[  3, 24851] loss: 0.38510
[  3, 24901] loss: 0.08671
[  3, 24951] loss: 0.12007
[  4,     1] loss: 0.13162
[  4,    51] loss: 0.22528
[  4,   101] loss: 0.08860
[  4,   151] loss: 0.03522
[  4,   201] loss: 0.12274
[  4,   251] loss: 0.29105
[  4,   301] loss: 0.23145
[  4,   351] loss: 0.04800
[  4,   401] loss: 0.06883
[  4,   451] loss: 0.21250
[  4,   501] loss: 0.26932
[  4,   551] loss: 0.01156
[  4,   601] loss: 0.10443
[  4,   651] loss: 0.08002
[  4,   701] loss: 0.06016
[  4,   751] loss: 0.06159
[  4,   801] loss: 0.11937
[  4,   851] loss: 0.16470
[  4,   901] loss: 0.13163
[  4,   951] loss: 0.17352
[  4,  1001] loss: 0.16816
[  4,  1051] loss: 0.18771
[  4,  1101] loss: 0.04215
[  4,  1151] loss: 0.07796
[  4,  1201] loss: 0.18584
[  4,  1251] loss: 0.06138
[  4,  1301] loss: 0.01324
[  4,  1351] loss: 0.01209
[  4,  1401] loss: 0.00705
[  4,  1451] loss: 0.09395
[  4,  1501] loss: 0.03598
[  4,  1551] loss: 0.33119
[  4,  1601] loss: 0.21317
[  4,  1651] loss: 0.08085
[  4,  1701] loss: 0.13341
[  4,  1751] loss: 0.64885
[  4,  1801] loss: 0.28471
[  4,  1851] loss: 0.05500
[  4,  1901] loss: 0.03428
[  4,  1951] loss: 0.07861
[  4,  2001] loss: 0.80213
[  4,  2051] loss: 0.84469
[  4,  2101] loss: 0.69309
[  4,  2151] loss: 0.05302
[  4,  2201] loss: 0.39047
[  4,  2251] loss: 1.22964
[  4,  2301] loss: 1.01579
[  4,  2351] loss: 0.26302
[  4,  2401] loss: 0.19374
[  4,  2451] loss: 0.26328
[  4,  2501] loss: 0.32603
[  4,  2551] loss: 0.37055
[  4,  2601] loss: 0.37269
[  4,  2651] loss: 0.51072
[  4,  2701] loss: 0.40521
[  4,  2751] loss: 0.43316
[  4,  2801] loss: 0.27291
[  4,  2851] loss: 0.24933
[  4,  2901] loss: 0.18457
[  4,  2951] loss: 0.24466
[  4,  3001] loss: 0.21245
[  4,  3051] loss: 0.14513
[  4,  3101] loss: 0.22939
[  4,  3151] loss: 0.18136
[  4,  3201] loss: 0.29057
[  4,  3251] loss: 0.33627
[  4,  3301] loss: 0.18028
[  4,  3351] loss: 0.17721
[  4,  3401] loss: 0.09155
[  4,  3451] loss: 0.18280
[  4,  3501] loss: 0.34280
[  4,  3551] loss: 0.24970
[  4,  3601] loss: 0.05140
[  4,  3651] loss: 0.14663
[  4,  3701] loss: 0.30641
[  4,  3751] loss: 0.47464
[  4,  3801] loss: 0.07992
[  4,  3851] loss: 0.10636
[  4,  3901] loss: 0.13917
[  4,  3951] loss: 0.11823
[  4,  4001] loss: 0.09548
[  4,  4051] loss: 0.16311
[  4,  4101] loss: 0.17716
[  4,  4151] loss: 0.11460
[  4,  4201] loss: 0.10639
[  4,  4251] loss: 0.14717
[  4,  4301] loss: 0.16694
[  4,  4351] loss: 0.20907
[  4,  4401] loss: 0.04304
[  4,  4451] loss: 0.62734
[  4,  4501] loss: 0.08784
[  4,  4551] loss: 0.23086
[  4,  4601] loss: 0.14870
[  4,  4651] loss: 0.09075
[  4,  4701] loss: 0.11692
[  4,  4751] loss: 0.32545
[  4,  4801] loss: 0.30483
[  4,  4851] loss: 0.28972
[  4,  4901] loss: 0.04694
[  4,  4951] loss: 0.06441
[  4,  5001] loss: 0.49848
[  4,  5051] loss: 0.57672
[  4,  5101] loss: 0.67894
[  4,  5151] loss: 0.23931
[  4,  5201] loss: 0.02998
[  4,  5251] loss: 0.19925
[  4,  5301] loss: 0.55943
[  4,  5351] loss: 0.76924
[  4,  5401] loss: 0.60752
[  4,  5451] loss: 0.40242
[  4,  5501] loss: 0.16677
[  4,  5551] loss: 0.07766
[  4,  5601] loss: 0.20955
[  4,  5651] loss: 0.32102
[  4,  5701] loss: 0.57129
[  4,  5751] loss: 0.45935
[  4,  5801] loss: 0.47283
[  4,  5851] loss: 0.23025
[  4,  5901] loss: 0.16923
[  4,  5951] loss: 0.16392
[  4,  6001] loss: 0.32796
[  4,  6051] loss: 0.58394
[  4,  6101] loss: 0.37992
[  4,  6151] loss: 0.33629
[  4,  6201] loss: 0.23246
[  4,  6251] loss: 0.12836
[  4,  6301] loss: 0.13008
[  4,  6351] loss: 0.17914
[  4,  6401] loss: 0.22478
[  4,  6451] loss: 0.36070
[  4,  6501] loss: 0.36459
[  4,  6551] loss: 0.21303
[  4,  6601] loss: 0.05013
[  4,  6651] loss: 0.07791
[  4,  6701] loss: 0.17041
[  4,  6751] loss: 0.30816
[  4,  6801] loss: 0.07191
[  4,  6851] loss: 0.14661
[  4,  6901] loss: 0.06280
[  4,  6951] loss: 0.04532
[  4,  7001] loss: 0.04922
[  4,  7051] loss: 0.11498
[  4,  7101] loss: 0.06274
[  4,  7151] loss: 0.22161
[  4,  7201] loss: 0.09489
[  4,  7251] loss: 0.12746
[  4,  7301] loss: 0.10202
[  4,  7351] loss: 0.14608
[  4,  7401] loss: 0.45888
[  4,  7451] loss: 0.17054
[  4,  7501] loss: 0.10484
[  4,  7551] loss: 0.04175
[  4,  7601] loss: 0.09464
[  4,  7651] loss: 0.09221
[  4,  7701] loss: 0.06288
[  4,  7751] loss: 0.12114
[  4,  7801] loss: 0.02067
[  4,  7851] loss: 0.02788
[  4,  7901] loss: 0.05210
[  4,  7951] loss: 0.07579
[  4,  8001] loss: 0.09949
[  4,  8051] loss: 0.12254
[  4,  8101] loss: 0.17222
[  4,  8151] loss: 0.05545
[  4,  8201] loss: 0.05991
[  4,  8251] loss: 0.08128
[  4,  8301] loss: 0.09264
[  4,  8351] loss: 0.16964
[  4,  8401] loss: 0.17863
[  4,  8451] loss: 0.08917
[  4,  8501] loss: 0.02274
[  4,  8551] loss: 0.20289
[  4,  8601] loss: 0.18617
[  4,  8651] loss: 0.22634
[  4,  8701] loss: 0.11680
[  4,  8751] loss: 0.03961
[  4,  8801] loss: 0.05063
[  4,  8851] loss: 0.04155
[  4,  8901] loss: 0.14738
[  4,  8951] loss: 0.11637
[  4,  9001] loss: 0.19812
[  4,  9051] loss: 0.13837
[  4,  9101] loss: 0.09775
[  4,  9151] loss: 0.21592
[  4,  9201] loss: 0.01112
[  4,  9251] loss: 0.14898
[  4,  9301] loss: 0.23010
[  4,  9351] loss: 0.24667
[  4,  9401] loss: 0.12264
[  4,  9451] loss: 0.07760
[  4,  9501] loss: 0.01179
[  4,  9551] loss: 0.02605
[  4,  9601] loss: 0.26265
[  4,  9651] loss: 0.64709
[  4,  9701] loss: 0.14390
[  4,  9751] loss: 0.13307
[  4,  9801] loss: 0.00857
[  4,  9851] loss: 0.12438
[  4,  9901] loss: 0.45445
[  4,  9951] loss: 0.47125
[  4, 10001] loss: 0.41901
[  4, 10051] loss: 0.26080
[  4, 10101] loss: 0.02920
[  4, 10151] loss: 0.04381
[  4, 10201] loss: 0.14211
[  4, 10251] loss: 0.48955
[  4, 10301] loss: 0.20468
[  4, 10351] loss: 0.20620
[  4, 10401] loss: 0.17640
[  4, 10451] loss: 0.03150
[  4, 10501] loss: 0.21875
[  4, 10551] loss: 0.04998
[  4, 10601] loss: 0.10900
[  4, 10651] loss: 0.06210
[  4, 10701] loss: 0.10045
[  4, 10751] loss: 0.05185
[  4, 10801] loss: 0.03545
[  4, 10851] loss: 0.06895
[  4, 10901] loss: 0.03044
[  4, 10951] loss: 0.19770
[  4, 11001] loss: 0.05012
[  4, 11051] loss: 0.07734
[  4, 11101] loss: 0.10665
[  4, 11151] loss: 0.07617
[  4, 11201] loss: 0.05653
[  4, 11251] loss: 0.07459
[  4, 11301] loss: 0.06746
[  4, 11351] loss: 0.05030
[  4, 11401] loss: 0.01733
[  4, 11451] loss: 0.07672
[  4, 11501] loss: 0.03122
[  4, 11551] loss: 0.19532
[  4, 11601] loss: 0.01424
[  4, 11651] loss: 0.06994
[  4, 11701] loss: 0.00996
[  4, 11751] loss: 0.08659
[  4, 11801] loss: 0.15515
[  4, 11851] loss: 0.20092
[  4, 11901] loss: 0.06001
[  4, 11951] loss: 0.04033
[  4, 12001] loss: 0.03482
[  4, 12051] loss: 0.44967
[  4, 12101] loss: 0.63294
[  4, 12151] loss: 0.28652
[  4, 12201] loss: 0.07786
[  4, 12251] loss: 0.12891
[  4, 12301] loss: 0.14757
[  4, 12351] loss: 0.29346
[  4, 12401] loss: 0.16232
[  4, 12451] loss: 0.08287
[  4, 12501] loss: 0.22630
[  4, 12551] loss: 0.01803
[  4, 12601] loss: 0.04851
[  4, 12651] loss: 0.37304
[  4, 12701] loss: 0.11945
[  4, 12751] loss: 0.08175
[  4, 12801] loss: 0.06196
[  4, 12851] loss: 0.05446
[  4, 12901] loss: 0.04604
[  4, 12951] loss: 0.06588
[  4, 13001] loss: 0.05211
[  4, 13051] loss: 0.06205
[  4, 13101] loss: 0.09894
[  4, 13151] loss: 0.10178
[  4, 13201] loss: 0.05098
[  4, 13251] loss: 0.01832
[  4, 13301] loss: 0.02467
[  4, 13351] loss: 0.06365
[  4, 13401] loss: 0.09965
[  4, 13451] loss: 0.22359
[  4, 13501] loss: 0.16205
[  4, 13551] loss: 0.05228
[  4, 13601] loss: 0.01575
[  4, 13651] loss: 0.03829
[  4, 13701] loss: 0.05022
[  4, 13751] loss: 0.11776
[  4, 13801] loss: 0.13857
[  4, 13851] loss: 0.09273
[  4, 13901] loss: 0.07327
[  4, 13951] loss: 0.09813
[  4, 14001] loss: 0.23815
[  4, 14051] loss: 0.06649
[  4, 14101] loss: 0.04282
[  4, 14151] loss: 0.03758
[  4, 14201] loss: 0.04789
[  4, 14251] loss: 0.02914
[  4, 14301] loss: 0.09883
[  4, 14351] loss: 0.06838
[  4, 14401] loss: 0.03351
[  4, 14451] loss: 0.04825
[  4, 14501] loss: 0.10724
[  4, 14551] loss: 0.04375
[  4, 14601] loss: 0.01696
[  4, 14651] loss: 0.04263
[  4, 14701] loss: 0.05829
[  4, 14751] loss: 0.07115
[  4, 14801] loss: 0.07761
[  4, 14851] loss: 0.02670
[  4, 14901] loss: 0.06606
[  4, 14951] loss: 0.01330
[  4, 15001] loss: 0.05352
[  4, 15051] loss: 0.02359
[  4, 15101] loss: 0.02091
[  4, 15151] loss: 0.02080
[  4, 15201] loss: 0.27088
[  4, 15251] loss: 0.12747
[  4, 15301] loss: 0.07419
[  4, 15351] loss: 0.01571
[  4, 15401] loss: 0.23009
[  4, 15451] loss: 0.31648
[  4, 15501] loss: 0.42637
[  4, 15551] loss: 0.07848
[  4, 15601] loss: 0.00831
[  4, 15651] loss: 0.06318
[  4, 15701] loss: 0.24987
[  4, 15751] loss: 0.44721
[  4, 15801] loss: 0.37184
[  4, 15851] loss: 0.00924
[  4, 15901] loss: 0.00787
[  4, 15951] loss: 0.18452
[  4, 16001] loss: 0.15370
[  4, 16051] loss: 0.24341
[  4, 16101] loss: 0.62910
[  4, 16151] loss: 0.41157
[  4, 16201] loss: 0.03499
[  4, 16251] loss: 0.14392
[  4, 16301] loss: 0.27879
[  4, 16351] loss: 0.27562
[  4, 16401] loss: 0.54197
[  4, 16451] loss: 0.36946
[  4, 16501] loss: 0.21338
[  4, 16551] loss: 0.06115
[  4, 16601] loss: 0.13216
[  4, 16651] loss: 0.29886
[  4, 16701] loss: 0.47444
[  4, 16751] loss: 0.25472
[  4, 16801] loss: 0.15037
[  4, 16851] loss: 0.10864
[  4, 16901] loss: 0.10495
[  4, 16951] loss: 0.13529
[  4, 17001] loss: 0.08701
[  4, 17051] loss: 0.17834
[  4, 17101] loss: 0.06178
[  4, 17151] loss: 0.13287
[  4, 17201] loss: 0.11450
[  4, 17251] loss: 0.06262
[  4, 17301] loss: 0.18081
[  4, 17351] loss: 0.06194
[  4, 17401] loss: 0.03501
[  4, 17451] loss: 0.01195
[  4, 17501] loss: 0.02597
[  4, 17551] loss: 0.08871
[  4, 17601] loss: 0.32953
[  4, 17651] loss: 0.12122
[  4, 17701] loss: 0.07730
[  4, 17751] loss: 0.04422
[  4, 17801] loss: 0.03396
[  4, 17851] loss: 0.04738
[  4, 17901] loss: 0.11425
[  4, 17951] loss: 0.09391
[  4, 18001] loss: 0.12987
[  4, 18051] loss: 0.04514
[  4, 18101] loss: 0.01432
[  4, 18151] loss: 0.03079
[  4, 18201] loss: 0.28644
[  4, 18251] loss: 0.23653
[  4, 18301] loss: 0.01773
[  4, 18351] loss: 0.04063
[  4, 18401] loss: 0.01521
[  4, 18451] loss: 0.01964
[  4, 18501] loss: 0.03759
[  4, 18551] loss: 0.18137
[  4, 18601] loss: 0.17516
[  4, 18651] loss: 0.05954
[  4, 18701] loss: 0.01108
[  4, 18751] loss: 0.02295
[  4, 18801] loss: 0.04186
[  4, 18851] loss: 0.06099
[  4, 18901] loss: 0.11223
[  4, 18951] loss: 0.08784
[  4, 19001] loss: 0.05729
[  4, 19051] loss: 0.05567
[  4, 19101] loss: 0.01946
[  4, 19151] loss: 0.02596
[  4, 19201] loss: 0.11150
[  4, 19251] loss: 0.20036
[  4, 19301] loss: 0.06944
[  4, 19351] loss: 0.15442
[  4, 19401] loss: 0.03559
[  4, 19451] loss: 0.05066
[  4, 19501] loss: 0.01329
[  4, 19551] loss: 0.29154
[  4, 19601] loss: 0.11954
[  4, 19651] loss: 0.03782
[  4, 19701] loss: 0.09144
[  4, 19751] loss: 0.01112
[  4, 19801] loss: 0.04134
[  4, 19851] loss: 0.11131
[  4, 19901] loss: 0.07823
[  4, 19951] loss: 0.07729
[  4, 20001] loss: 0.01422
[  4, 20051] loss: 0.22735
[  4, 20101] loss: 0.00616
[  4, 20151] loss: 0.01748
[  4, 20201] loss: 0.07168
[  4, 20251] loss: 0.01022
[  4, 20301] loss: 0.02635
[  4, 20351] loss: 0.06576
[  4, 20401] loss: 0.05315
[  4, 20451] loss: 0.03358
[  4, 20501] loss: 0.01733
[  4, 20551] loss: 0.01033
[  4, 20601] loss: 0.00711
[  4, 20651] loss: 0.01175
[  4, 20701] loss: 0.01137
[  4, 20751] loss: 0.01429
[  4, 20801] loss: 0.09428
[  4, 20851] loss: 0.01955
[  4, 20901] loss: 0.01977
[  4, 20951] loss: 0.01168
[  4, 21001] loss: 0.02158
[  4, 21051] loss: 0.01245
[  4, 21101] loss: 0.00495
[  4, 21151] loss: 0.02392
[  4, 21201] loss: 0.01399
[  4, 21251] loss: 0.04174
[  4, 21301] loss: 0.09061
[  4, 21351] loss: 0.12569
[  4, 21401] loss: 0.01432
[  4, 21451] loss: 0.00778
[  4, 21501] loss: 0.02702
[  4, 21551] loss: 0.06582
[  4, 21601] loss: 0.01254
[  4, 21651] loss: 0.01387
[  4, 21701] loss: 0.11302
[  4, 21751] loss: 0.00856
[  4, 21801] loss: 0.01194
[  4, 21851] loss: 0.00797
[  4, 21901] loss: 0.01383
[  4, 21951] loss: 0.03057
[  4, 22001] loss: 0.00893
[  4, 22051] loss: 0.02230
[  4, 22101] loss: 0.02078
[  4, 22151] loss: 0.02245
[  4, 22201] loss: 0.10463
[  4, 22251] loss: 0.02661
[  4, 22301] loss: 0.02820
[  4, 22351] loss: 0.01754
[  4, 22401] loss: 0.19582
[  4, 22451] loss: 0.02254
[  4, 22501] loss: 0.02187
[  4, 22551] loss: 0.08158
[  4, 22601] loss: 0.05648
[  4, 22651] loss: 0.03387
[  4, 22701] loss: 0.13427
[  4, 22751] loss: 0.12799
[  4, 22801] loss: 0.02856
[  4, 22851] loss: 0.05665
[  4, 22901] loss: 0.12926
[  4, 22951] loss: 0.16001
[  4, 23001] loss: 0.07287
[  4, 23051] loss: 0.01995
[  4, 23101] loss: 0.38038
[  4, 23151] loss: 0.25884
[  4, 23201] loss: 0.17847
[  4, 23251] loss: 0.02065
[  4, 23301] loss: 0.04272
[  4, 23351] loss: 0.48406
[  4, 23401] loss: 0.29734
[  4, 23451] loss: 0.08773
[  4, 23501] loss: 0.00753
[  4, 23551] loss: 0.04714
[  4, 23601] loss: 0.19939
[  4, 23651] loss: 0.17588
[  4, 23701] loss: 0.22779
[  4, 23751] loss: 0.05739
[  4, 23801] loss: 0.10360
[  4, 23851] loss: 0.02311
[  4, 23901] loss: 0.02674
[  4, 23951] loss: 0.02092
[  4, 24001] loss: 0.02113
[  4, 24051] loss: 0.20559
[  4, 24101] loss: 0.11499
[  4, 24151] loss: 0.04299
[  4, 24201] loss: 0.03632
[  4, 24251] loss: 0.04502
[  4, 24301] loss: 0.02894
[  4, 24351] loss: 0.02424
[  4, 24401] loss: 0.05528
[  4, 24451] loss: 0.03194
[  4, 24501] loss: 0.03488
[  4, 24551] loss: 0.01444
[  4, 24601] loss: 0.02830
[  4, 24651] loss: 0.03815
[  4, 24701] loss: 0.26382
[  4, 24751] loss: 0.01346
[  4, 24801] loss: 0.01714
[  4, 24851] loss: 0.18964
[  4, 24901] loss: 0.10600
[  4, 24951] loss: 0.04323
[  5,     1] loss: 0.03392
[  5,    51] loss: 0.02148
[  5,   101] loss: 0.02336
[  5,   151] loss: 0.01667
[  5,   201] loss: 0.01681
[  5,   251] loss: 0.03046
[  5,   301] loss: 0.01261
[  5,   351] loss: 0.03278
[  5,   401] loss: 0.14522
[  5,   451] loss: 0.00802
[  5,   501] loss: 0.01502
[  5,   551] loss: 0.03494
[  5,   601] loss: 0.01253
[  5,   651] loss: 0.01679
[  5,   701] loss: 0.00940
[  5,   751] loss: 0.02305
[  5,   801] loss: 0.03061
[  5,   851] loss: 0.05766
[  5,   901] loss: 0.02950
[  5,   951] loss: 0.19184
[  5,  1001] loss: 0.00944
[  5,  1051] loss: 0.42067
[  5,  1101] loss: 0.08053
[  5,  1151] loss: 0.08196
[  5,  1201] loss: 0.01202
[  5,  1251] loss: 0.01167
[  5,  1301] loss: 0.02662
[  5,  1351] loss: 0.01142
[  5,  1401] loss: 0.01480
[  5,  1451] loss: 0.01826
[  5,  1501] loss: 0.00891
[  5,  1551] loss: 0.08436
[  5,  1601] loss: 0.00167
[  5,  1651] loss: 0.01661
[  5,  1701] loss: 0.03622
[  5,  1751] loss: 0.03863
[  5,  1801] loss: 0.02388
[  5,  1851] loss: 0.05412
[  5,  1901] loss: 0.15857
[  5,  1951] loss: 0.04375
[  5,  2001] loss: 0.00228
[  5,  2051] loss: 0.00512
[  5,  2101] loss: 0.01188
[  5,  2151] loss: 0.21206
[  5,  2201] loss: 0.41390
[  5,  2251] loss: 0.04751
[  5,  2301] loss: 0.13807
[  5,  2351] loss: 0.00865
[  5,  2401] loss: 0.22266
[  5,  2451] loss: 0.16283
[  5,  2501] loss: 0.14939
[  5,  2551] loss: 0.03400
[  5,  2601] loss: 0.31474
[  5,  2651] loss: 0.03320
[  5,  2701] loss: 0.03041
[  5,  2751] loss: 0.04489
[  5,  2801] loss: 0.02262
[  5,  2851] loss: 0.01936
[  5,  2901] loss: 0.05836
[  5,  2951] loss: 0.10112
[  5,  3001] loss: 0.11200
[  5,  3051] loss: 0.08818
[  5,  3101] loss: 0.01671
[  5,  3151] loss: 0.01504
[  5,  3201] loss: 0.06942
[  5,  3251] loss: 0.13615
[  5,  3301] loss: 0.03382
[  5,  3351] loss: 0.01225
[  5,  3401] loss: 0.02157
[  5,  3451] loss: 0.01923
[  5,  3501] loss: 0.09604
[  5,  3551] loss: 0.03769
[  5,  3601] loss: 0.05753
[  5,  3651] loss: 0.01148
[  5,  3701] loss: 0.01207
[  5,  3751] loss: 0.03539
[  5,  3801] loss: 0.01577
[  5,  3851] loss: 0.01663
[  5,  3901] loss: 0.00651
[  5,  3951] loss: 0.01065
[  5,  4001] loss: 0.05610
[  5,  4051] loss: 0.05766
[  5,  4101] loss: 0.01601
[  5,  4151] loss: 0.01100
[  5,  4201] loss: 0.03307
[  5,  4251] loss: 0.05233
[  5,  4301] loss: 0.02961
[  5,  4351] loss: 0.02959
[  5,  4401] loss: 0.00365
[  5,  4451] loss: 0.21448
[  5,  4501] loss: 0.01685
[  5,  4551] loss: 0.01358
[  5,  4601] loss: 0.01688
[  5,  4651] loss: 0.07943
[  5,  4701] loss: 0.01849
[  5,  4751] loss: 0.17647
[  5,  4801] loss: 0.00808
[  5,  4851] loss: 0.03180
[  5,  4901] loss: 0.00853
[  5,  4951] loss: 0.03978
[  5,  5001] loss: 0.04024
[  5,  5051] loss: 0.00310
[  5,  5101] loss: 0.00464
[  5,  5151] loss: 0.03199
[  5,  5201] loss: 0.02554
[  5,  5251] loss: 0.39170
[  5,  5301] loss: 0.03970
[  5,  5351] loss: 0.00360
[  5,  5401] loss: 0.00341
[  5,  5451] loss: 0.00130
[  5,  5501] loss: 0.00610
[  5,  5551] loss: 0.16859
[  5,  5601] loss: 0.20462
[  5,  5651] loss: 0.04602
[  5,  5701] loss: 0.01292
[  5,  5751] loss: 0.01890
[  5,  5801] loss: 0.00281
[  5,  5851] loss: 0.02526
[  5,  5901] loss: 0.12708
[  5,  5951] loss: 0.23167
[  5,  6001] loss: 0.21244
[  5,  6051] loss: 0.06771
[  5,  6101] loss: 0.00692
[  5,  6151] loss: 0.00354
[  5,  6201] loss: 0.02975
[  5,  6251] loss: 0.45891
[  5,  6301] loss: 0.17083
[  5,  6351] loss: 0.09691
[  5,  6401] loss: 0.02271
[  5,  6451] loss: 0.00536
[  5,  6501] loss: 0.06107
[  5,  6551] loss: 0.12041
[  5,  6601] loss: 0.16238
[  5,  6651] loss: 0.06071
[  5,  6701] loss: 0.02081
[  5,  6751] loss: 0.33549
[  5,  6801] loss: 0.02407
[  5,  6851] loss: 0.01803
[  5,  6901] loss: 0.00582
[  5,  6951] loss: 0.01546
[  5,  7001] loss: 0.19259
[  5,  7051] loss: 0.06488
[  5,  7101] loss: 0.04560
[  5,  7151] loss: 0.00115
[  5,  7201] loss: 0.02200
[  5,  7251] loss: 0.02012
[  5,  7301] loss: 0.00654
[  5,  7351] loss: 0.00509
[  5,  7401] loss: 0.21462
[  5,  7451] loss: 0.00384
[  5,  7501] loss: 0.01133
[  5,  7551] loss: 0.11531
[  5,  7601] loss: 0.00228
[  5,  7651] loss: 0.01620
[  5,  7701] loss: 0.00040
[  5,  7751] loss: 0.00558
[  5,  7801] loss: 0.00129
[  5,  7851] loss: 0.00236
[  5,  7901] loss: 0.00073
[  5,  7951] loss: 0.00407
[  5,  8001] loss: 0.00308
[  5,  8051] loss: 0.04512
[  5,  8101] loss: 0.01595
[  5,  8151] loss: 0.00237
[  5,  8201] loss: 0.00172
[  5,  8251] loss: 0.00367
[  5,  8301] loss: 0.01180
[  5,  8351] loss: 0.00640
[  5,  8401] loss: 0.00888
[  5,  8451] loss: 0.10135
[  5,  8501] loss: 0.15783
[  5,  8551] loss: 0.00363
[  5,  8601] loss: 0.00891
[  5,  8651] loss: 0.00161
[  5,  8701] loss: 0.03396
[  5,  8751] loss: 0.28987
[  5,  8801] loss: 0.35936
[  5,  8851] loss: 0.04870
[  5,  8901] loss: 0.00226
[  5,  8951] loss: 0.00063
[  5,  9001] loss: 0.00729
[  5,  9051] loss: 0.50749
[  5,  9101] loss: 0.31252
[  5,  9151] loss: 0.14496
[  5,  9201] loss: 0.10362
[  5,  9251] loss: 0.01060
[  5,  9301] loss: 0.00797
[  5,  9351] loss: 0.07185
[  5,  9401] loss: 0.35868
[  5,  9451] loss: 0.34683
[  5,  9501] loss: 0.32328
[  5,  9551] loss: 0.20013
[  5,  9601] loss: 0.00664
[  5,  9651] loss: 0.00354
[  5,  9701] loss: 0.09226
[  5,  9751] loss: 0.56781
[  5,  9801] loss: 1.25771
[  5,  9851] loss: 0.53200
[  5,  9901] loss: 0.13425
[  5,  9951] loss: 0.03436
[  5, 10001] loss: 0.03492
[  5, 10051] loss: 0.20230
[  5, 10101] loss: 0.33111
[  5, 10151] loss: 0.80945
[  5, 10201] loss: 0.48868
[  5, 10251] loss: 0.38629
[  5, 10301] loss: 0.33952
[  5, 10351] loss: 0.29264
[  5, 10401] loss: 0.26274
[  5, 10451] loss: 0.27407
[  5, 10501] loss: 0.33368
[  5, 10551] loss: 0.44907
[  5, 10601] loss: 0.36750
[  5, 10651] loss: 0.34587
[  5, 10701] loss: 0.30526
[  5, 10751] loss: 0.24515
[  5, 10801] loss: 0.14996
[  5, 10851] loss: 0.15729
[  5, 10901] loss: 0.08043
[  5, 10951] loss: 0.14623
[  5, 11001] loss: 0.07939
[  5, 11051] loss: 0.03663
[  5, 11101] loss: 0.03946
[  5, 11151] loss: 0.12721
[  5, 11201] loss: 0.09109
[  5, 11251] loss: 0.02585
[  5, 11301] loss: 0.03262
[  5, 11351] loss: 0.05367
[  5, 11401] loss: 0.06846
[  5, 11451] loss: 0.08906
[  5, 11501] loss: 0.06806
[  5, 11551] loss: 0.03330
[  5, 11601] loss: 0.00483
[  5, 11651] loss: 0.07635
[  5, 11701] loss: 0.00614
[  5, 11751] loss: 0.00627
[  5, 11801] loss: 0.02996
[  5, 11851] loss: 0.02710
[  5, 11901] loss: 0.11024
[  5, 11951] loss: 0.06385
[  5, 12001] loss: 0.10403
[  5, 12051] loss: 0.05565
[  5, 12101] loss: 0.01040
[  5, 12151] loss: 0.01739
[  5, 12201] loss: 0.13575
[  5, 12251] loss: 0.18789
[  5, 12301] loss: 0.17909
[  5, 12351] loss: 0.00274
[  5, 12401] loss: 0.01396
[  5, 12451] loss: 0.03339
[  5, 12501] loss: 0.17790
[  5, 12551] loss: 0.01182
[  5, 12601] loss: 0.12888
[  5, 12651] loss: 0.32505
[  5, 12701] loss: 0.08640
[  5, 12751] loss: 0.02097
[  5, 12801] loss: 0.09635
[  5, 12851] loss: 0.04751
[  5, 12901] loss: 0.01912
[  5, 12951] loss: 0.08104
[  5, 13001] loss: 0.03301
[  5, 13051] loss: 0.04371
[  5, 13101] loss: 0.05132
[  5, 13151] loss: 0.09947
[  5, 13201] loss: 0.02221
[  5, 13251] loss: 0.01730
[  5, 13301] loss: 0.07579
[  5, 13351] loss: 0.01634
[  5, 13401] loss: 0.01423
[  5, 13451] loss: 0.00628
[  5, 13501] loss: 0.00415
[  5, 13551] loss: 0.01491
[  5, 13601] loss: 0.06796
[  5, 13651] loss: 0.02118
[  5, 13701] loss: 0.03642
[  5, 13751] loss: 0.01969
[  5, 13801] loss: 0.03234
[  5, 13851] loss: 0.02482
[  5, 13901] loss: 0.07272
[  5, 13951] loss: 0.02141
[  5, 14001] loss: 0.19636
[  5, 14051] loss: 0.00828
[  5, 14101] loss: 0.06876
[  5, 14151] loss: 0.01486
[  5, 14201] loss: 0.05886
[  5, 14251] loss: 0.04120
[  5, 14301] loss: 0.07747
[  5, 14351] loss: 0.01584
[  5, 14401] loss: 0.00675
[  5, 14451] loss: 0.00716
[  5, 14501] loss: 0.07311
[  5, 14551] loss: 0.03860
[  5, 14601] loss: 0.01292
[  5, 14651] loss: 0.03997
[  5, 14701] loss: 0.04837
[  5, 14751] loss: 0.01565
[  5, 14801] loss: 0.01274
[  5, 14851] loss: 0.00862
[  5, 14901] loss: 0.02551
[  5, 14951] loss: 0.04004
[  5, 15001] loss: 0.01801
[  5, 15051] loss: 0.03554
[  5, 15101] loss: 0.02292
[  5, 15151] loss: 0.01949
[  5, 15201] loss: 0.00454
[  5, 15251] loss: 0.00172
[  5, 15301] loss: 0.04730
[  5, 15351] loss: 0.02416
[  5, 15401] loss: 0.08965
[  5, 15451] loss: 0.00874
[  5, 15501] loss: 0.01997
[  5, 15551] loss: 0.00795
[  5, 15601] loss: 0.01400
[  5, 15651] loss: 0.02649
[  5, 15701] loss: 0.06535
[  5, 15751] loss: 0.02844
[  5, 15801] loss: 0.00598
[  5, 15851] loss: 0.03619
[  5, 15901] loss: 0.09312
[  5, 15951] loss: 0.10235
[  5, 16001] loss: 0.01236
[  5, 16051] loss: 0.00125
[  5, 16101] loss: 0.00075
[  5, 16151] loss: 0.00659
[  5, 16201] loss: 0.00699
[  5, 16251] loss: 0.14144
[  5, 16301] loss: 0.06511
[  5, 16351] loss: 0.00851
[  5, 16401] loss: 0.01367
[  5, 16451] loss: 0.00326
[  5, 16501] loss: 0.00633
[  5, 16551] loss: 0.00974
[  5, 16601] loss: 0.06575
[  5, 16651] loss: 0.12154
[  5, 16701] loss: 0.00266
[  5, 16751] loss: 0.00948
[  5, 16801] loss: 0.00439
[  5, 16851] loss: 0.00733
[  5, 16901] loss: 0.00233
[  5, 16951] loss: 0.08890
[  5, 17001] loss: 0.02141
[  5, 17051] loss: 0.00671
[  5, 17101] loss: 0.00600
[  5, 17151] loss: 0.00560
[  5, 17201] loss: 0.00942
[  5, 17251] loss: 0.00099
[  5, 17301] loss: 0.03283
[  5, 17351] loss: 0.01150
[  5, 17401] loss: 0.10398
[  5, 17451] loss: 0.00597
[  5, 17501] loss: 0.01756
[  5, 17551] loss: 0.01976
[  5, 17601] loss: 0.02357
[  5, 17651] loss: 0.01267
[  5, 17701] loss: 0.00894
[  5, 17751] loss: 0.02658
[  5, 17801] loss: 0.01735
[  5, 17851] loss: 0.02857
[  5, 17901] loss: 0.00159
[  5, 17951] loss: 0.00874
[  5, 18001] loss: 0.00559
[  5, 18051] loss: 0.01259
[  5, 18101] loss: 0.01685
[  5, 18151] loss: 0.00521
[  5, 18201] loss: 0.02026
[  5, 18251] loss: 0.06615
[  5, 18301] loss: 0.00699
[  5, 18351] loss: 0.00231
[  5, 18401] loss: 0.02244
[  5, 18451] loss: 0.01062
[  5, 18501] loss: 0.00771
[  5, 18551] loss: 0.00468
[  5, 18601] loss: 0.12339
[  5, 18651] loss: 0.01339
[  5, 18701] loss: 0.06126
[  5, 18751] loss: 0.06593
[  5, 18801] loss: 0.00806
[  5, 18851] loss: 0.01987
[  5, 18901] loss: 0.00484
[  5, 18951] loss: 0.01662
[  5, 19001] loss: 0.00393
[  5, 19051] loss: 0.04326
[  5, 19101] loss: 0.02513
[  5, 19151] loss: 0.09056
[  5, 19201] loss: 0.04862
[  5, 19251] loss: 0.05377
[  5, 19301] loss: 0.00626
[  5, 19351] loss: 0.03433
[  5, 19401] loss: 0.10966
[  5, 19451] loss: 0.14307
[  5, 19501] loss: 0.09725
[  5, 19551] loss: 0.00652
[  5, 19601] loss: 0.00680
[  5, 19651] loss: 0.00842
[  5, 19701] loss: 0.04029
[  5, 19751] loss: 0.04010
[  5, 19801] loss: 0.06132
[  5, 19851] loss: 0.11226
[  5, 19901] loss: 0.09567
[  5, 19951] loss: 0.03042
[  5, 20001] loss: 0.17031
[  5, 20051] loss: 0.25263
[  5, 20101] loss: 0.08065
[  5, 20151] loss: 0.03608
[  5, 20201] loss: 0.10240
[  5, 20251] loss: 0.01082
[  5, 20301] loss: 0.09383
[  5, 20351] loss: 0.02341
[  5, 20401] loss: 0.05769
[  5, 20451] loss: 0.01485
[  5, 20501] loss: 0.02063
[  5, 20551] loss: 0.01217
[  5, 20601] loss: 0.00906
[  5, 20651] loss: 0.01587
[  5, 20701] loss: 0.06535
[  5, 20751] loss: 0.01308
[  5, 20801] loss: 0.14579
[  5, 20851] loss: 0.00194
[  5, 20901] loss: 0.01302
[  5, 20951] loss: 0.00516
[  5, 21001] loss: 0.00668
[  5, 21051] loss: 0.00124
[  5, 21101] loss: 0.02481
[  5, 21151] loss: 0.03985
[  5, 21201] loss: 0.00348
[  5, 21251] loss: 0.00147
[  5, 21301] loss: 0.00295
[  5, 21351] loss: 0.01979
[  5, 21401] loss: 0.01240
[  5, 21451] loss: 0.00173
[  5, 21501] loss: 0.00487
[  5, 21551] loss: 0.00644
[  5, 21601] loss: 0.01123
[  5, 21651] loss: 0.00676
[  5, 21701] loss: 0.03522
[  5, 21751] loss: 0.20645
[  5, 21801] loss: 0.00303
[  5, 21851] loss: 0.00915
[  5, 21901] loss: 0.01682
[  5, 21951] loss: 0.00101
[  5, 22001] loss: 0.01023
[  5, 22051] loss: 0.04733
[  5, 22101] loss: 0.00604
[  5, 22151] loss: 0.02855
[  5, 22201] loss: 0.16049
[  5, 22251] loss: 0.00345
[  5, 22301] loss: 0.00318
[  5, 22351] loss: 0.04379
[  5, 22401] loss: 0.01077
[  5, 22451] loss: 0.00858
[  5, 22501] loss: 0.01185
[  5, 22551] loss: 0.05161
[  5, 22601] loss: 0.02740
[  5, 22651] loss: 0.01324
[  5, 22701] loss: 0.02722
[  5, 22751] loss: 0.01811
[  5, 22801] loss: 0.00559
[  5, 22851] loss: 0.16989
[  5, 22901] loss: 0.08453
[  5, 22951] loss: 0.00658
[  5, 23001] loss: 0.03178
[  5, 23051] loss: 0.06216
[  5, 23101] loss: 0.00696
[  5, 23151] loss: 0.00053
[  5, 23201] loss: 0.02284
[  5, 23251] loss: 0.24634
[  5, 23301] loss: 0.09177
[  5, 23351] loss: 0.00344
[  5, 23401] loss: 0.00519
[  5, 23451] loss: 0.00369
[  5, 23501] loss: 0.00829
[  5, 23551] loss: 0.04484
[  5, 23601] loss: 0.21689
[  5, 23651] loss: 0.22195
[  5, 23701] loss: 0.00137
[  5, 23751] loss: 0.01337
[  5, 23801] loss: 0.00088
[  5, 23851] loss: 0.01232
[  5, 23901] loss: 0.02824
[  5, 23951] loss: 0.02709
[  5, 24001] loss: 0.03912
[  5, 24051] loss: 0.12597
[  5, 24101] loss: 0.01637
[  5, 24151] loss: 0.08688
[  5, 24201] loss: 0.01219
[  5, 24251] loss: 0.06820
[  5, 24301] loss: 0.01389
[  5, 24351] loss: 0.00926
[  5, 24401] loss: 0.12834
[  5, 24451] loss: 0.05723
[  5, 24501] loss: 0.02620
[  5, 24551] loss: 0.14078
[  5, 24601] loss: 0.01452
[  5, 24651] loss: 0.07010
[  5, 24701] loss: 0.00438
[  5, 24751] loss: 0.02358
[  5, 24801] loss: 0.02854
[  5, 24851] loss: 0.30597
[  5, 24901] loss: 0.06583
[  5, 24951] loss: 0.05872
Finished training
Accuracy on train: 0.99668
Accuracy on test: 0.67830
