{'word_context': 5, 'word_embed_size': 300, 'word_conv_units': 300, 'hidden_units': 1000, 'dropout': False, 'batch_size': 50}
2482
train set done
test set done
[  1,     1] loss: 0.68616
[  1,    51] loss: 1.46389
[  1,   101] loss: 5.66908
[  1,   151] loss: 0.78445
[  1,   201] loss: 1.44602
[  1,   251] loss: 0.71442
[  1,   301] loss: 0.69208
[  1,   351] loss: 0.70890
[  1,   401] loss: 0.77614
[  1,   451] loss: 0.69333
[  1,   501] loss: 0.70510
[  1,   551] loss: 0.68594
[  1,   601] loss: 0.71032
[  1,   651] loss: 0.70805
[  1,   701] loss: 0.71873
[  1,   751] loss: 0.69403
[  1,   801] loss: 0.68112
[  1,   851] loss: 0.68708
[  1,   901] loss: 0.68191
[  1,   951] loss: 0.69602
[  1,  1001] loss: 0.69435
[  1,  1051] loss: 0.71003
[  1,  1101] loss: 0.73113
[  1,  1151] loss: 0.69293
[  1,  1201] loss: 0.66883
[  1,  1251] loss: 0.66999
[  1,  1301] loss: 0.72658
[  1,  1351] loss: 0.72482
[  1,  1401] loss: 0.68181
[  1,  1451] loss: 0.75081
[  1,  1501] loss: 0.72618
[  1,  1551] loss: 0.69672
[  1,  1601] loss: 0.69808
[  1,  1651] loss: 0.69253
[  1,  1701] loss: 0.68779
[  1,  1751] loss: 0.70533
[  1,  1801] loss: 0.73703
[  1,  1851] loss: 0.68948
[  1,  1901] loss: 0.70025
[  1,  1951] loss: 0.69026
[  1,  2001] loss: 0.69371
[  1,  2051] loss: 0.69764
[  1,  2101] loss: 0.68584
[  1,  2151] loss: 0.67698
[  1,  2201] loss: 0.71350
[  1,  2251] loss: 0.72620
[  1,  2301] loss: 0.71637
[  1,  2351] loss: 0.69490
[  1,  2401] loss: 0.67991
[  1,  2451] loss: 0.68510
[  1,  2501] loss: 0.69220
[  1,  2551] loss: 0.68780
[  1,  2601] loss: 0.69546
[  1,  2651] loss: 0.70427
[  1,  2701] loss: 0.68212
[  1,  2751] loss: 0.75832
[  1,  2801] loss: 0.70541
[  1,  2851] loss: 0.68818
[  1,  2901] loss: 0.67881
[  1,  2951] loss: 0.68746
[  1,  3001] loss: 0.67350
[  1,  3051] loss: 0.70183
[  1,  3101] loss: 0.60193
[  1,  3151] loss: 0.94113
[  1,  3201] loss: 0.69607
[  1,  3251] loss: 0.69433
[  1,  3301] loss: 0.69343
[  1,  3351] loss: 0.68508
[  1,  3401] loss: 0.67773
[  1,  3451] loss: 0.69349
[  1,  3501] loss: 0.69453
[  1,  3551] loss: 0.69462
[  1,  3601] loss: 0.70665
[  1,  3651] loss: 0.69256
[  1,  3701] loss: 0.69248
[  1,  3751] loss: 0.68582
[  1,  3801] loss: 0.68263
[  1,  3851] loss: 0.70500
[  1,  3901] loss: 0.68279
[  1,  3951] loss: 0.68538
[  1,  4001] loss: 0.69588
[  1,  4051] loss: 0.65892
[  1,  4101] loss: 0.76729
[  1,  4151] loss: 0.70918
[  1,  4201] loss: 0.68256
[  1,  4251] loss: 0.68147
[  1,  4301] loss: 0.67506
[  1,  4351] loss: 0.68437
[  1,  4401] loss: 0.66943
[  1,  4451] loss: 0.67501
[  1,  4501] loss: 0.68363
[  1,  4551] loss: 0.74917
[  1,  4601] loss: 0.67612
[  1,  4651] loss: 0.69599
[  1,  4701] loss: 0.68277
[  1,  4751] loss: 0.68139
[  1,  4801] loss: 0.67336
[  1,  4851] loss: 0.68796
[  1,  4901] loss: 0.69571
[  1,  4951] loss: 0.66270
[  1,  5001] loss: 0.68204
[  1,  5051] loss: 0.64675
[  1,  5101] loss: 0.67719
[  1,  5151] loss: 0.79819
[  1,  5201] loss: 0.69339
[  1,  5251] loss: 0.66884
[  1,  5301] loss: 0.71983
[  1,  5351] loss: 0.71570
[  1,  5401] loss: 0.67617
[  1,  5451] loss: 0.68223
[  1,  5501] loss: 0.67236
[  1,  5551] loss: 0.71812
[  1,  5601] loss: 0.77711
[  1,  5651] loss: 0.68802
[  1,  5701] loss: 0.70978
[  1,  5751] loss: 0.69086
[  1,  5801] loss: 0.68263
[  1,  5851] loss: 0.68807
[  1,  5901] loss: 0.67780
[  1,  5951] loss: 0.69878
[  1,  6001] loss: 0.68036
[  1,  6051] loss: 0.69045
[  1,  6101] loss: 0.67837
[  1,  6151] loss: 0.66726
[  1,  6201] loss: 0.68589
[  1,  6251] loss: 0.67348
[  1,  6301] loss: 0.66324
[  1,  6351] loss: 0.64380
[  1,  6401] loss: 0.63158
[  1,  6451] loss: 0.72328
[  1,  6501] loss: 0.89042
[  1,  6551] loss: 0.67556
[  1,  6601] loss: 0.65005
[  1,  6651] loss: 0.64545
[  1,  6701] loss: 0.68961
[  1,  6751] loss: 0.68771
[  1,  6801] loss: 0.62357
[  1,  6851] loss: 0.67453
[  1,  6901] loss: 0.69154
[  1,  6951] loss: 0.63479
[  1,  7001] loss: 0.66993
[  1,  7051] loss: 0.67152
[  1,  7101] loss: 0.64033
[  1,  7151] loss: 0.75925
[  1,  7201] loss: 0.62060
[  1,  7251] loss: 0.68342
[  1,  7301] loss: 0.71812
[  1,  7351] loss: 0.75310
[  1,  7401] loss: 0.71869
[  1,  7451] loss: 0.67399
[  1,  7501] loss: 0.70186
[  1,  7551] loss: 0.66539
[  1,  7601] loss: 0.69322
[  1,  7651] loss: 0.66852
[  1,  7701] loss: 0.66729
[  1,  7751] loss: 0.68212
[  1,  7801] loss: 0.65835
[  1,  7851] loss: 0.73834
[  1,  7901] loss: 0.65766
[  1,  7951] loss: 0.64635
[  1,  8001] loss: 0.61605
[  1,  8051] loss: 0.68228
[  1,  8101] loss: 0.71685
[  1,  8151] loss: 0.73529
[  1,  8201] loss: 0.69952
[  1,  8251] loss: 0.66180
[  1,  8301] loss: 0.67415
[  1,  8351] loss: 0.72155
[  1,  8401] loss: 0.73268
[  1,  8451] loss: 0.66537
[  1,  8501] loss: 0.74217
[  1,  8551] loss: 0.64577
[  1,  8601] loss: 0.64935
[  1,  8651] loss: 0.75550
[  1,  8701] loss: 0.76502
[  1,  8751] loss: 0.66504
[  1,  8801] loss: 0.69332
[  1,  8851] loss: 0.66058
[  1,  8901] loss: 0.65505
[  1,  8951] loss: 0.70994
[  1,  9001] loss: 0.69710
[  1,  9051] loss: 0.67311
[  1,  9101] loss: 0.69089
[  1,  9151] loss: 0.64970
[  1,  9201] loss: 0.73282
[  1,  9251] loss: 0.65088
[  1,  9301] loss: 0.67320
[  1,  9351] loss: 0.67326
[  1,  9401] loss: 0.67289
[  1,  9451] loss: 0.60894
[  1,  9501] loss: 0.66598
[  1,  9551] loss: 0.95624
[  1,  9601] loss: 0.65342
[  1,  9651] loss: 0.68427
[  1,  9701] loss: 0.67412
[  1,  9751] loss: 0.63541
[  1,  9801] loss: 0.67375
[  1,  9851] loss: 0.66196
[  1,  9901] loss: 0.64321
[  1,  9951] loss: 0.71266
[  1, 10001] loss: 0.65367
[  1, 10051] loss: 0.63882
[  1, 10101] loss: 0.69830
[  1, 10151] loss: 0.69498
[  1, 10201] loss: 0.68798
[  1, 10251] loss: 0.60900
[  1, 10301] loss: 0.78276
[  1, 10351] loss: 0.74533
[  1, 10401] loss: 0.59964
[  1, 10451] loss: 0.67095
[  1, 10501] loss: 0.61581
[  1, 10551] loss: 0.66268
[  1, 10601] loss: 0.65240
[  1, 10651] loss: 0.68347
[  1, 10701] loss: 0.66031
[  1, 10751] loss: 0.63783
[  1, 10801] loss: 0.59919
[  1, 10851] loss: 0.65116
[  1, 10901] loss: 0.72908
[  1, 10951] loss: 0.92026
[  1, 11001] loss: 0.68094
[  1, 11051] loss: 0.64044
[  1, 11101] loss: 0.63700
[  1, 11151] loss: 0.62853
[  1, 11201] loss: 0.64523
[  1, 11251] loss: 0.60009
[  1, 11301] loss: 0.65441
[  1, 11351] loss: 0.70403
[  1, 11401] loss: 0.64746
[  1, 11451] loss: 0.72173
[  1, 11501] loss: 0.66711
[  1, 11551] loss: 0.59299
[  1, 11601] loss: 0.60104
[  1, 11651] loss: 0.67026
[  1, 11701] loss: 0.79204
[  1, 11751] loss: 0.75127
[  1, 11801] loss: 0.66692
[  1, 11851] loss: 0.66300
[  1, 11901] loss: 0.63921
[  1, 11951] loss: 0.61958
[  1, 12001] loss: 0.65958
[  1, 12051] loss: 0.56657
[  1, 12101] loss: 0.62684
[  1, 12151] loss: 0.72907
[  1, 12201] loss: 0.73300
[  1, 12251] loss: 0.74232
[  1, 12301] loss: 0.59017
[  1, 12351] loss: 0.66773
[  1, 12401] loss: 0.64694
[  1, 12451] loss: 0.64857
[  1, 12501] loss: 0.67728
[  1, 12551] loss: 0.66237
[  1, 12601] loss: 0.59675
[  1, 12651] loss: 0.62432
[  1, 12701] loss: 0.61292
[  1, 12751] loss: 0.75395
[  1, 12801] loss: 0.72014
[  1, 12851] loss: 0.63001
[  1, 12901] loss: 0.66329
[  1, 12951] loss: 0.59770
[  1, 13001] loss: 0.67883
[  1, 13051] loss: 0.71075
[  1, 13101] loss: 0.72641
[  1, 13151] loss: 0.68863
[  1, 13201] loss: 0.61863
[  1, 13251] loss: 0.63750
[  1, 13301] loss: 0.72667
[  1, 13351] loss: 0.67923
[  1, 13401] loss: 0.63665
[  1, 13451] loss: 0.64057
[  1, 13501] loss: 0.64435
[  1, 13551] loss: 0.64502
[  1, 13601] loss: 0.63332
[  1, 13651] loss: 0.59166
[  1, 13701] loss: 0.72407
[  1, 13751] loss: 0.67721
[  1, 13801] loss: 0.69800
[  1, 13851] loss: 0.64657
[  1, 13901] loss: 0.63555
[  1, 13951] loss: 0.59952
[  1, 14001] loss: 0.74241
[  1, 14051] loss: 0.90636
[  1, 14101] loss: 0.68561
[  1, 14151] loss: 0.63463
[  1, 14201] loss: 0.67772
[  1, 14251] loss: 0.65125
[  1, 14301] loss: 0.65929
[  1, 14351] loss: 0.70608
[  1, 14401] loss: 0.68660
[  1, 14451] loss: 0.60650
[  1, 14501] loss: 0.64214
[  1, 14551] loss: 0.61052
[  1, 14601] loss: 0.67060
[  1, 14651] loss: 0.61948
[  1, 14701] loss: 0.65043
[  1, 14751] loss: 0.81019
[  1, 14801] loss: 0.64832
[  1, 14851] loss: 0.64541
[  1, 14901] loss: 0.58382
[  1, 14951] loss: 0.63588
[  1, 15001] loss: 0.61098
[  1, 15051] loss: 0.76248
[  1, 15101] loss: 0.60497
[  1, 15151] loss: 0.64399
[  1, 15201] loss: 0.66159
[  1, 15251] loss: 0.57128
[  1, 15301] loss: 0.58833
[  1, 15351] loss: 0.87899
[  1, 15401] loss: 0.77148
[  1, 15451] loss: 0.66830
[  1, 15501] loss: 0.62506
[  1, 15551] loss: 0.65968
[  1, 15601] loss: 0.68543
[  1, 15651] loss: 0.62599
[  1, 15701] loss: 0.61103
[  1, 15751] loss: 0.64033
[  1, 15801] loss: 0.79433
[  1, 15851] loss: 0.63751
[  1, 15901] loss: 0.63668
[  1, 15951] loss: 0.60963
[  1, 16001] loss: 0.62876
[  1, 16051] loss: 0.64298
[  1, 16101] loss: 0.72349
[  1, 16151] loss: 0.67306
[  1, 16201] loss: 0.60534
[  1, 16251] loss: 0.63187
[  1, 16301] loss: 0.84477
[  1, 16351] loss: 0.70737
[  1, 16401] loss: 0.62068
[  1, 16451] loss: 0.57317
[  1, 16501] loss: 0.60908
[  1, 16551] loss: 0.63546
[  1, 16601] loss: 0.74386
[  1, 16651] loss: 0.69047
[  1, 16701] loss: 0.66056
[  1, 16751] loss: 0.78198
[  1, 16801] loss: 0.68201
[  1, 16851] loss: 0.63609
[  1, 16901] loss: 0.64924
[  1, 16951] loss: 0.62447
[  1, 17001] loss: 0.76684
[  1, 17051] loss: 0.65375
[  1, 17101] loss: 0.61628
[  1, 17151] loss: 0.70509
[  1, 17201] loss: 0.62750
[  1, 17251] loss: 0.70435
[  1, 17301] loss: 0.60826
[  1, 17351] loss: 0.70814
[  1, 17401] loss: 0.60991
[  1, 17451] loss: 0.62554
[  1, 17501] loss: 0.68820
[  1, 17551] loss: 0.74061
[  1, 17601] loss: 0.70711
[  1, 17651] loss: 0.65282
[  1, 17701] loss: 0.62406
[  1, 17751] loss: 0.70393
[  1, 17801] loss: 0.64099
[  1, 17851] loss: 0.65212
[  1, 17901] loss: 0.61250
[  1, 17951] loss: 0.65155
[  1, 18001] loss: 0.66254
[  1, 18051] loss: 0.62818
[  1, 18101] loss: 0.59413
[  1, 18151] loss: 0.80007
[  1, 18201] loss: 0.64071
[  1, 18251] loss: 0.60397
[  1, 18301] loss: 0.66867
[  1, 18351] loss: 0.64976
[  1, 18401] loss: 0.55714
[  1, 18451] loss: 0.80245
[  1, 18501] loss: 0.64882
[  1, 18551] loss: 0.70636
[  1, 18601] loss: 0.60930
[  1, 18651] loss: 0.73769
[  1, 18701] loss: 0.68835
[  1, 18751] loss: 0.61941
[  1, 18801] loss: 0.65459
[  1, 18851] loss: 0.65858
[  1, 18901] loss: 0.62560
[  1, 18951] loss: 0.66896
[  1, 19001] loss: 0.74915
[  1, 19051] loss: 0.72388
[  1, 19101] loss: 0.66543
[  1, 19151] loss: 0.64031
[  1, 19201] loss: 0.64250
[  1, 19251] loss: 0.63067
[  1, 19301] loss: 0.68708
[  1, 19351] loss: 0.68304
[  1, 19401] loss: 0.64472
[  1, 19451] loss: 0.62607
[  1, 19501] loss: 0.57431
[  1, 19551] loss: 0.61064
[  1, 19601] loss: 0.78071
[  1, 19651] loss: 0.72685
[  1, 19701] loss: 0.66642
[  1, 19751] loss: 0.62432
[  1, 19801] loss: 0.55014
[  1, 19851] loss: 0.65607
[  1, 19901] loss: 0.62819
[  1, 19951] loss: 0.59561
[  1, 20001] loss: 0.50178
[  1, 20051] loss: 0.68921
[  1, 20101] loss: 0.75385
[  1, 20151] loss: 0.74182
[  1, 20201] loss: 0.63181
[  1, 20251] loss: 0.59787
[  1, 20301] loss: 0.71290
[  1, 20351] loss: 0.53751
[  1, 20401] loss: 0.68762
[  1, 20451] loss: 0.68908
[  1, 20501] loss: 0.61576
[  1, 20551] loss: 0.65025
[  1, 20601] loss: 0.74435
[  1, 20651] loss: 0.72834
[  1, 20701] loss: 0.59449
[  1, 20751] loss: 0.61080
[  1, 20801] loss: 0.58605
[  1, 20851] loss: 0.59167
[  1, 20901] loss: 0.61239
[  1, 20951] loss: 0.61883
[  1, 21001] loss: 0.58678
[  1, 21051] loss: 0.62594
[  1, 21101] loss: 0.65424
[  1, 21151] loss: 0.62580
[  1, 21201] loss: 0.55915
[  1, 21251] loss: 0.70916
[  1, 21301] loss: 0.74930
[  1, 21351] loss: 0.69195
[  1, 21401] loss: 0.59224
[  1, 21451] loss: 0.66466
[  1, 21501] loss: 0.60777
[  1, 21551] loss: 0.61064
[  1, 21601] loss: 0.57300
[  1, 21651] loss: 0.60661
[  1, 21701] loss: 0.71838
[  1, 21751] loss: 0.78488
[  1, 21801] loss: 0.62200
[  1, 21851] loss: 0.61116
[  1, 21901] loss: 0.60187
[  1, 21951] loss: 0.55310
[  1, 22001] loss: 0.59865
[  1, 22051] loss: 0.66884
[  1, 22101] loss: 0.73201
[  1, 22151] loss: 0.61204
[  1, 22201] loss: 0.59467
[  1, 22251] loss: 0.59474
[  1, 22301] loss: 0.69239
[  1, 22351] loss: 0.65138
[  1, 22401] loss: 0.60098
[  1, 22451] loss: 0.73511
[  1, 22501] loss: 0.68404
[  1, 22551] loss: 0.63629
[  1, 22601] loss: 0.62940
[  1, 22651] loss: 0.63666
[  1, 22701] loss: 0.66596
[  1, 22751] loss: 0.60981
[  1, 22801] loss: 0.58045
[  1, 22851] loss: 0.73258
[  1, 22901] loss: 0.75486
[  1, 22951] loss: 0.60458
[  1, 23001] loss: 0.67225
[  1, 23051] loss: 0.60859
[  1, 23101] loss: 0.68417
[  1, 23151] loss: 0.59042
[  1, 23201] loss: 0.59696
[  1, 23251] loss: 0.60801
[  1, 23301] loss: 0.65627
[  1, 23351] loss: 0.67878
[  1, 23401] loss: 0.66461
[  1, 23451] loss: 0.68322
[  1, 23501] loss: 0.62284
[  1, 23551] loss: 0.72530
[  1, 23601] loss: 0.62404
[  1, 23651] loss: 0.64331
[  1, 23701] loss: 0.65777
[  1, 23751] loss: 0.61811
[  1, 23801] loss: 0.66937
[  1, 23851] loss: 0.71932
[  1, 23901] loss: 0.58448
[  1, 23951] loss: 0.64502
[  1, 24001] loss: 0.61120
[  1, 24051] loss: 0.65862
[  1, 24101] loss: 0.69721
[  1, 24151] loss: 0.62788
[  1, 24201] loss: 0.56365
[  1, 24251] loss: 0.55050
[  1, 24301] loss: 0.64921
[  1, 24351] loss: 0.66019
[  1, 24401] loss: 0.77426
[  1, 24451] loss: 0.73895
[  1, 24501] loss: 0.63958
[  1, 24551] loss: 0.60071
[  1, 24601] loss: 0.58361
[  1, 24651] loss: 0.64895
[  1, 24701] loss: 0.80963
[  1, 24751] loss: 0.65212
[  1, 24801] loss: 0.69423
[  1, 24851] loss: 0.65368
[  1, 24901] loss: 0.61756
[  1, 24951] loss: 0.63992
[  2,     1] loss: 0.56823
[  2,    51] loss: 0.64648
[  2,   101] loss: 0.64953
[  2,   151] loss: 0.73411
[  2,   201] loss: 0.65317
[  2,   251] loss: 0.60792
[  2,   301] loss: 0.63144
[  2,   351] loss: 0.62511
[  2,   401] loss: 0.67274
[  2,   451] loss: 0.55227
[  2,   501] loss: 0.63958
[  2,   551] loss: 0.55096
[  2,   601] loss: 0.55628
[  2,   651] loss: 0.61466
[  2,   701] loss: 0.85425
[  2,   751] loss: 0.66674
[  2,   801] loss: 0.63198
[  2,   851] loss: 0.65671
[  2,   901] loss: 0.58192
[  2,   951] loss: 0.65562
[  2,  1001] loss: 0.60920
[  2,  1051] loss: 0.56958
[  2,  1101] loss: 0.50475
[  2,  1151] loss: 0.80653
[  2,  1201] loss: 0.69037
[  2,  1251] loss: 0.55512
[  2,  1301] loss: 0.70507
[  2,  1351] loss: 0.64244
[  2,  1401] loss: 0.59509
[  2,  1451] loss: 0.68382
[  2,  1501] loss: 0.66474
[  2,  1551] loss: 0.65194
[  2,  1601] loss: 0.60829
[  2,  1651] loss: 0.58852
[  2,  1701] loss: 0.64016
[  2,  1751] loss: 0.68721
[  2,  1801] loss: 0.72037
[  2,  1851] loss: 0.60745
[  2,  1901] loss: 0.65685
[  2,  1951] loss: 0.69703
[  2,  2001] loss: 0.63336
[  2,  2051] loss: 0.65184
[  2,  2101] loss: 0.60679
[  2,  2151] loss: 0.64311
[  2,  2201] loss: 0.57151
[  2,  2251] loss: 0.56638
[  2,  2301] loss: 0.58474
[  2,  2351] loss: 0.78780
[  2,  2401] loss: 0.55099
[  2,  2451] loss: 0.62986
[  2,  2501] loss: 0.56258
[  2,  2551] loss: 0.63117
[  2,  2601] loss: 0.71709
[  2,  2651] loss: 0.65668
[  2,  2701] loss: 0.64088
[  2,  2751] loss: 0.66479
[  2,  2801] loss: 0.66455
[  2,  2851] loss: 0.57985
[  2,  2901] loss: 0.53961
[  2,  2951] loss: 0.55588
[  2,  3001] loss: 0.53959
[  2,  3051] loss: 0.65154
[  2,  3101] loss: 0.65892
[  2,  3151] loss: 0.86881
[  2,  3201] loss: 0.69894
[  2,  3251] loss: 0.67903
[  2,  3301] loss: 0.63304
[  2,  3351] loss: 0.59593
[  2,  3401] loss: 0.64582
[  2,  3451] loss: 0.73026
[  2,  3501] loss: 0.55296
[  2,  3551] loss: 0.66310
[  2,  3601] loss: 0.66920
[  2,  3651] loss: 0.62804
[  2,  3701] loss: 0.63130
[  2,  3751] loss: 0.60798
[  2,  3801] loss: 0.56978
[  2,  3851] loss: 0.71537
[  2,  3901] loss: 0.51919
[  2,  3951] loss: 0.63422
[  2,  4001] loss: 0.65495
[  2,  4051] loss: 0.52600
[  2,  4101] loss: 0.78780
[  2,  4151] loss: 0.73351
[  2,  4201] loss: 0.62240
[  2,  4251] loss: 0.62415
[  2,  4301] loss: 0.58767
[  2,  4351] loss: 0.62544
[  2,  4401] loss: 0.59767
[  2,  4451] loss: 0.62579
[  2,  4501] loss: 0.66419
[  2,  4551] loss: 0.68123
[  2,  4601] loss: 0.59590
[  2,  4651] loss: 0.63327
[  2,  4701] loss: 0.62039
[  2,  4751] loss: 0.61450
[  2,  4801] loss: 0.60123
[  2,  4851] loss: 0.66131
[  2,  4901] loss: 0.62368
[  2,  4951] loss: 0.55097
[  2,  5001] loss: 0.60658
[  2,  5051] loss: 0.53104
[  2,  5101] loss: 0.55303
[  2,  5151] loss: 0.65735
[  2,  5201] loss: 0.61036
[  2,  5251] loss: 0.76318
[  2,  5301] loss: 0.86346
[  2,  5351] loss: 0.62262
[  2,  5401] loss: 0.62233
[  2,  5451] loss: 0.59818
[  2,  5501] loss: 0.56296
[  2,  5551] loss: 0.64290
[  2,  5601] loss: 0.74669
[  2,  5651] loss: 0.69981
[  2,  5701] loss: 0.66933
[  2,  5751] loss: 0.64730
[  2,  5801] loss: 0.63536
[  2,  5851] loss: 0.60662
[  2,  5901] loss: 0.60817
[  2,  5951] loss: 0.63252
[  2,  6001] loss: 0.62452
[  2,  6051] loss: 0.63110
[  2,  6101] loss: 0.59430
[  2,  6151] loss: 0.55232
[  2,  6201] loss: 0.61143
[  2,  6251] loss: 0.58026
[  2,  6301] loss: 0.58034
[  2,  6351] loss: 0.52644
[  2,  6401] loss: 0.53258
[  2,  6451] loss: 0.58390
[  2,  6501] loss: 0.68565
[  2,  6551] loss: 0.63413
[  2,  6601] loss: 0.65922
[  2,  6651] loss: 0.56517
[  2,  6701] loss: 0.69101
[  2,  6751] loss: 0.63300
[  2,  6801] loss: 0.52496
[  2,  6851] loss: 0.64155
[  2,  6901] loss: 0.67544
[  2,  6951] loss: 0.53973
[  2,  7001] loss: 0.77081
[  2,  7051] loss: 0.77500
[  2,  7101] loss: 0.58928
[  2,  7151] loss: 0.59479
[  2,  7201] loss: 0.55446
[  2,  7251] loss: 0.78269
[  2,  7301] loss: 0.67995
[  2,  7351] loss: 0.66200
[  2,  7401] loss: 0.62480
[  2,  7451] loss: 0.61094
[  2,  7501] loss: 0.69877
[  2,  7551] loss: 0.64508
[  2,  7601] loss: 0.66981
[  2,  7651] loss: 0.59850
[  2,  7701] loss: 0.61126
[  2,  7751] loss: 0.61354
[  2,  7801] loss: 0.59699
[  2,  7851] loss: 0.68435
[  2,  7901] loss: 0.61095
[  2,  7951] loss: 0.57466
[  2,  8001] loss: 0.57056
[  2,  8051] loss: 0.64799
[  2,  8101] loss: 0.60622
[  2,  8151] loss: 0.66380
[  2,  8201] loss: 0.55827
[  2,  8251] loss: 0.53019
[  2,  8301] loss: 0.53289
[  2,  8351] loss: 0.58819
[  2,  8401] loss: 0.57875
[  2,  8451] loss: 0.54598
[  2,  8501] loss: 1.09508
[  2,  8551] loss: 0.50936
[  2,  8601] loss: 0.52759
[  2,  8651] loss: 0.60626
[  2,  8701] loss: 0.76463
[  2,  8751] loss: 0.57769
[  2,  8801] loss: 0.70145
[  2,  8851] loss: 0.56504
[  2,  8901] loss: 0.56754
[  2,  8951] loss: 0.70820
[  2,  9001] loss: 0.73230
[  2,  9051] loss: 0.62431
[  2,  9101] loss: 0.63949
[  2,  9151] loss: 0.58902
[  2,  9201] loss: 0.64137
[  2,  9251] loss: 0.64032
[  2,  9301] loss: 0.58913
[  2,  9351] loss: 0.63398
[  2,  9401] loss: 0.65294
[  2,  9451] loss: 0.55662
[  2,  9501] loss: 0.57752
[  2,  9551] loss: 0.75117
[  2,  9601] loss: 0.57513
[  2,  9651] loss: 0.65157
[  2,  9701] loss: 0.59794
[  2,  9751] loss: 0.57453
[  2,  9801] loss: 0.58007
[  2,  9851] loss: 0.68700
[  2,  9901] loss: 0.64642
[  2,  9951] loss: 0.67801
[  2, 10001] loss: 0.59134
[  2, 10051] loss: 0.57330
[  2, 10101] loss: 0.63394
[  2, 10151] loss: 0.60705
[  2, 10201] loss: 0.59073
[  2, 10251] loss: 0.51128
[  2, 10301] loss: 0.77153
[  2, 10351] loss: 0.68433
[  2, 10401] loss: 0.50489
[  2, 10451] loss: 0.61164
[  2, 10501] loss: 0.51695
[  2, 10551] loss: 0.57780
[  2, 10601] loss: 0.52334
[  2, 10651] loss: 0.60988
[  2, 10701] loss: 0.65140
[  2, 10751] loss: 0.58180
[  2, 10801] loss: 0.49635
[  2, 10851] loss: 0.58880
[  2, 10901] loss: 0.62147
[  2, 10951] loss: 0.87696
[  2, 11001] loss: 0.75031
[  2, 11051] loss: 0.55384
[  2, 11101] loss: 0.54159
[  2, 11151] loss: 0.56727
[  2, 11201] loss: 0.59530
[  2, 11251] loss: 0.52560
[  2, 11301] loss: 0.57341
[  2, 11351] loss: 0.61951
[  2, 11401] loss: 0.56888
[  2, 11451] loss: 0.65548
[  2, 11501] loss: 0.61526
[  2, 11551] loss: 0.63930
[  2, 11601] loss: 0.54511
[  2, 11651] loss: 0.57061
[  2, 11701] loss: 0.55003
[  2, 11751] loss: 0.59516
[  2, 11801] loss: 0.65798
[  2, 11851] loss: 0.63886
[  2, 11901] loss: 0.65851
[  2, 11951] loss: 0.54899
[  2, 12001] loss: 0.59537
[  2, 12051] loss: 0.49619
[  2, 12101] loss: 0.55309
[  2, 12151] loss: 0.66127
[  2, 12201] loss: 0.63121
[  2, 12251] loss: 0.70490
[  2, 12301] loss: 0.51434
[  2, 12351] loss: 0.55897
[  2, 12401] loss: 0.57957
[  2, 12451] loss: 0.58905
[  2, 12501] loss: 0.64226
[  2, 12551] loss: 0.62506
[  2, 12601] loss: 0.53099
[  2, 12651] loss: 0.55404
[  2, 12701] loss: 0.52227
[  2, 12751] loss: 0.62694
[  2, 12801] loss: 0.64437
[  2, 12851] loss: 0.60403
[  2, 12901] loss: 0.69779
[  2, 12951] loss: 0.57381
[  2, 13001] loss: 0.64676
[  2, 13051] loss: 0.60077
[  2, 13101] loss: 0.68558
[  2, 13151] loss: 0.63916
[  2, 13201] loss: 0.53305
[  2, 13251] loss: 0.59170
[  2, 13301] loss: 0.71610
[  2, 13351] loss: 0.65545
[  2, 13401] loss: 0.59049
[  2, 13451] loss: 0.58699
[  2, 13501] loss: 0.57183
[  2, 13551] loss: 0.57200
[  2, 13601] loss: 0.54002
[  2, 13651] loss: 0.49424
[  2, 13701] loss: 0.62116
[  2, 13751] loss: 0.65628
[  2, 13801] loss: 0.71263
[  2, 13851] loss: 0.59329
[  2, 13901] loss: 0.58662
[  2, 13951] loss: 0.46819
[  2, 14001] loss: 0.47277
[  2, 14051] loss: 0.89839
[  2, 14101] loss: 0.74659
[  2, 14151] loss: 0.56729
[  2, 14201] loss: 0.61418
[  2, 14251] loss: 0.58112
[  2, 14301] loss: 0.56090
[  2, 14351] loss: 0.66234
[  2, 14401] loss: 0.73881
[  2, 14451] loss: 0.52061
[  2, 14501] loss: 0.57834
[  2, 14551] loss: 0.56361
[  2, 14601] loss: 0.61463
[  2, 14651] loss: 0.52366
[  2, 14701] loss: 0.57857
[  2, 14751] loss: 0.74686
[  2, 14801] loss: 0.71438
[  2, 14851] loss: 0.59623
[  2, 14901] loss: 0.52002
[  2, 14951] loss: 0.55806
[  2, 15001] loss: 0.57480
[  2, 15051] loss: 0.74152
[  2, 15101] loss: 0.54666
[  2, 15151] loss: 0.50304
[  2, 15201] loss: 0.50051
[  2, 15251] loss: 0.44430
[  2, 15301] loss: 0.55233
[  2, 15351] loss: 0.74494
[  2, 15401] loss: 0.64711
[  2, 15451] loss: 0.60235
[  2, 15501] loss: 0.52511
[  2, 15551] loss: 0.62028
[  2, 15601] loss: 0.70620
[  2, 15651] loss: 0.60091
[  2, 15701] loss: 0.54734
[  2, 15751] loss: 0.57598
[  2, 15801] loss: 0.71050
[  2, 15851] loss: 0.58543
[  2, 15901] loss: 0.56106
[  2, 15951] loss: 0.48496
[  2, 16001] loss: 0.57835
[  2, 16051] loss: 0.63520
[  2, 16101] loss: 0.70278
[  2, 16151] loss: 0.59533
[  2, 16201] loss: 0.52242
[  2, 16251] loss: 0.54063
[  2, 16301] loss: 0.82246
[  2, 16351] loss: 0.75140
[  2, 16401] loss: 0.56264
[  2, 16451] loss: 0.51233
[  2, 16501] loss: 0.55869
[  2, 16551] loss: 0.54281
[  2, 16601] loss: 0.56116
[  2, 16651] loss: 0.76418
[  2, 16701] loss: 0.71391
[  2, 16751] loss: 0.62422
[  2, 16801] loss: 0.58651
[  2, 16851] loss: 0.52985
[  2, 16901] loss: 0.59169
[  2, 16951] loss: 0.54832
[  2, 17001] loss: 0.89638
[  2, 17051] loss: 0.66303
[  2, 17101] loss: 0.55774
[  2, 17151] loss: 0.61654
[  2, 17201] loss: 0.53584
[  2, 17251] loss: 0.70988
[  2, 17301] loss: 0.53257
[  2, 17351] loss: 0.69916
[  2, 17401] loss: 0.54922
[  2, 17451] loss: 0.54524
[  2, 17501] loss: 0.66234
[  2, 17551] loss: 0.71270
[  2, 17601] loss: 0.66204
[  2, 17651] loss: 0.59847
[  2, 17701] loss: 0.57199
[  2, 17751] loss: 0.63717
[  2, 17801] loss: 0.61020
[  2, 17851] loss: 0.59113
[  2, 17901] loss: 0.54576
[  2, 17951] loss: 0.57301
[  2, 18001] loss: 0.62713
[  2, 18051] loss: 0.58560
[  2, 18101] loss: 0.48831
[  2, 18151] loss: 0.76808
[  2, 18201] loss: 0.62725
[  2, 18251] loss: 0.54915
[  2, 18301] loss: 0.59258
[  2, 18351] loss: 0.47388
[  2, 18401] loss: 0.41711
[  2, 18451] loss: 0.63839
[  2, 18501] loss: 0.63402
[  2, 18551] loss: 0.66395
[  2, 18601] loss: 0.53435
[  2, 18651] loss: 0.67220
[  2, 18701] loss: 0.69796
[  2, 18751] loss: 0.58119
[  2, 18801] loss: 0.60955
[  2, 18851] loss: 0.59481
[  2, 18901] loss: 0.54789
[  2, 18951] loss: 0.57522
[  2, 19001] loss: 0.59486
[  2, 19051] loss: 0.61260
[  2, 19101] loss: 0.65217
[  2, 19151] loss: 0.58014
[  2, 19201] loss: 0.59584
[  2, 19251] loss: 0.52616
[  2, 19301] loss: 0.62852
[  2, 19351] loss: 0.68227
[  2, 19401] loss: 0.62868
[  2, 19451] loss: 0.57606
[  2, 19501] loss: 0.49298
[  2, 19551] loss: 0.53717
[  2, 19601] loss: 0.66300
[  2, 19651] loss: 0.63975
[  2, 19701] loss: 0.61723
[  2, 19751] loss: 0.57920
[  2, 19801] loss: 0.49553
[  2, 19851] loss: 0.58537
[  2, 19901] loss: 0.54485
[  2, 19951] loss: 0.50840
[  2, 20001] loss: 0.35647
[  2, 20051] loss: 0.59630
[  2, 20101] loss: 0.53891
[  2, 20151] loss: 0.62006
[  2, 20201] loss: 0.57142
[  2, 20251] loss: 0.50370
[  2, 20301] loss: 0.80759
[  2, 20351] loss: 0.48643
[  2, 20401] loss: 0.63131
[  2, 20451] loss: 0.64746
[  2, 20501] loss: 0.54237
[  2, 20551] loss: 0.57872
[  2, 20601] loss: 0.71055
[  2, 20651] loss: 0.77776
[  2, 20701] loss: 0.55576
[  2, 20751] loss: 0.58245
[  2, 20801] loss: 0.50850
[  2, 20851] loss: 0.50718
[  2, 20901] loss: 0.61343
[  2, 20951] loss: 0.62469
[  2, 21001] loss: 0.53945
[  2, 21051] loss: 0.56600
[  2, 21101] loss: 0.60412
[  2, 21151] loss: 0.55143
[  2, 21201] loss: 0.48115
[  2, 21251] loss: 0.61589
[  2, 21301] loss: 0.71762
[  2, 21351] loss: 0.71038
[  2, 21401] loss: 0.55078
[  2, 21451] loss: 0.61833
[  2, 21501] loss: 0.57703
[  2, 21551] loss: 0.56892
[  2, 21601] loss: 0.52013
[  2, 21651] loss: 0.51934
[  2, 21701] loss: 0.64750
[  2, 21751] loss: 0.67504
[  2, 21801] loss: 0.63110
[  2, 21851] loss: 0.54360
[  2, 21901] loss: 0.56021
[  2, 21951] loss: 0.43921
[  2, 22001] loss: 0.52009
[  2, 22051] loss: 0.53255
[  2, 22101] loss: 0.57927
[  2, 22151] loss: 0.60591
[  2, 22201] loss: 0.56594
[  2, 22251] loss: 0.54732
[  2, 22301] loss: 0.59093
[  2, 22351] loss: 0.58059
[  2, 22401] loss: 0.48883
[  2, 22451] loss: 0.64146
[  2, 22501] loss: 0.70448
[  2, 22551] loss: 0.63247
[  2, 22601] loss: 0.55104
[  2, 22651] loss: 0.54381
[  2, 22701] loss: 0.60992
[  2, 22751] loss: 0.55514
[  2, 22801] loss: 0.49803
[  2, 22851] loss: 0.62380
[  2, 22901] loss: 0.67780
[  2, 22951] loss: 0.60529
[  2, 23001] loss: 0.64754
[  2, 23051] loss: 0.55068
[  2, 23101] loss: 0.63418
[  2, 23151] loss: 0.52701
[  2, 23201] loss: 0.49654
[  2, 23251] loss: 0.50534
[  2, 23301] loss: 0.59570
[  2, 23351] loss: 0.62870
[  2, 23401] loss: 0.59618
[  2, 23451] loss: 0.63824
[  2, 23501] loss: 0.58030
[  2, 23551] loss: 0.60334
[  2, 23601] loss: 0.58808
[  2, 23651] loss: 0.53923
[  2, 23701] loss: 0.62538
[  2, 23751] loss: 0.57714
[  2, 23801] loss: 0.59102
[  2, 23851] loss: 0.71463
[  2, 23901] loss: 0.52668
[  2, 23951] loss: 0.68719
[  2, 24001] loss: 0.56266
[  2, 24051] loss: 0.59165
[  2, 24101] loss: 0.65944
[  2, 24151] loss: 0.58695
[  2, 24201] loss: 0.50376
[  2, 24251] loss: 0.47110
[  2, 24301] loss: 0.59642
[  2, 24351] loss: 0.62537
[  2, 24401] loss: 0.69711
[  2, 24451] loss: 0.63536
[  2, 24501] loss: 0.57027
[  2, 24551] loss: 0.55242
[  2, 24601] loss: 0.51203
[  2, 24651] loss: 0.59011
[  2, 24701] loss: 0.73135
[  2, 24751] loss: 0.62518
[  2, 24801] loss: 0.63962
[  2, 24851] loss: 0.60661
[  2, 24901] loss: 0.56640
[  2, 24951] loss: 0.59400
[  3,     1] loss: 0.54978
[  3,    51] loss: 0.61779
[  3,   101] loss: 0.56646
[  3,   151] loss: 0.61063
[  3,   201] loss: 0.54091
[  3,   251] loss: 0.54371
[  3,   301] loss: 0.58065
[  3,   351] loss: 0.49611
[  3,   401] loss: 0.58887
[  3,   451] loss: 0.52879
[  3,   501] loss: 0.58715
[  3,   551] loss: 0.49063
[  3,   601] loss: 0.49470
[  3,   651] loss: 0.71809
[  3,   701] loss: 0.94172
[  3,   751] loss: 0.59162
[  3,   801] loss: 0.57566
[  3,   851] loss: 0.61780
[  3,   901] loss: 0.53852
[  3,   951] loss: 0.59846
[  3,  1001] loss: 0.53870
[  3,  1051] loss: 0.52512
[  3,  1101] loss: 0.45783
[  3,  1151] loss: 0.77454
[  3,  1201] loss: 0.64904
[  3,  1251] loss: 0.50473
[  3,  1301] loss: 0.61915
[  3,  1351] loss: 0.54699
[  3,  1401] loss: 0.52068
[  3,  1451] loss: 0.55364
[  3,  1501] loss: 0.58712
[  3,  1551] loss: 0.64759
[  3,  1601] loss: 0.56429
[  3,  1651] loss: 0.53942
[  3,  1701] loss: 0.58809
[  3,  1751] loss: 0.63974
[  3,  1801] loss: 0.64429
[  3,  1851] loss: 0.54432
[  3,  1901] loss: 0.51591
[  3,  1951] loss: 0.63726
[  3,  2001] loss: 0.61365
[  3,  2051] loss: 0.61212
[  3,  2101] loss: 0.52950
[  3,  2151] loss: 0.56973
[  3,  2201] loss: 0.48150
[  3,  2251] loss: 0.42813
[  3,  2301] loss: 0.45428
[  3,  2351] loss: 0.81891
[  3,  2401] loss: 0.50139
[  3,  2451] loss: 0.49107
[  3,  2501] loss: 0.42868
[  3,  2551] loss: 0.53373
[  3,  2601] loss: 0.63560
[  3,  2651] loss: 0.61785
[  3,  2701] loss: 0.66829
[  3,  2751] loss: 0.67403
[  3,  2801] loss: 0.63374
[  3,  2851] loss: 0.53923
[  3,  2901] loss: 0.45728
[  3,  2951] loss: 0.49892
[  3,  3001] loss: 0.47307
[  3,  3051] loss: 0.53358
[  3,  3101] loss: 0.48708
[  3,  3151] loss: 0.91877
[  3,  3201] loss: 0.72207
[  3,  3251] loss: 0.64378
[  3,  3301] loss: 0.57273
[  3,  3351] loss: 0.53455
[  3,  3401] loss: 0.59968
[  3,  3451] loss: 0.63615
[  3,  3501] loss: 0.51159
[  3,  3551] loss: 0.59749
[  3,  3601] loss: 0.61164
[  3,  3651] loss: 0.54355
[  3,  3701] loss: 0.58115
[  3,  3751] loss: 0.51888
[  3,  3801] loss: 0.58342
[  3,  3851] loss: 0.80653
[  3,  3901] loss: 0.47855
[  3,  3951] loss: 0.60417
[  3,  4001] loss: 0.57598
[  3,  4051] loss: 0.46356
[  3,  4101] loss: 0.71930
[  3,  4151] loss: 0.62186
[  3,  4201] loss: 0.58000
[  3,  4251] loss: 0.59811
[  3,  4301] loss: 0.50202
[  3,  4351] loss: 0.54647
[  3,  4401] loss: 0.50355
[  3,  4451] loss: 0.54816
[  3,  4501] loss: 0.60329
[  3,  4551] loss: 0.48392
[  3,  4601] loss: 0.55424
[  3,  4651] loss: 0.65263
[  3,  4701] loss: 0.66436
[  3,  4751] loss: 0.57879
[  3,  4801] loss: 0.54056
[  3,  4851] loss: 0.58040
[  3,  4901] loss: 0.51658
[  3,  4951] loss: 0.42259
[  3,  5001] loss: 0.65021
[  3,  5051] loss: 0.56601
[  3,  5101] loss: 0.47390
[  3,  5151] loss: 0.51263
[  3,  5201] loss: 0.57426
[  3,  5251] loss: 0.57017
[  3,  5301] loss: 0.46159
[  3,  5351] loss: 0.62653
[  3,  5401] loss: 0.58650
[  3,  5451] loss: 0.54694
[  3,  5501] loss: 0.48973
[  3,  5551] loss: 0.61376
[  3,  5601] loss: 0.74607
[  3,  5651] loss: 0.63487
[  3,  5701] loss: 0.62889
[  3,  5751] loss: 0.61959
[  3,  5801] loss: 0.59659
[  3,  5851] loss: 0.57051
[  3,  5901] loss: 0.59405
[  3,  5951] loss: 0.53042
[  3,  6001] loss: 0.51133
[  3,  6051] loss: 0.57519
[  3,  6101] loss: 0.55622
[  3,  6151] loss: 0.48488
[  3,  6201] loss: 0.54380
[  3,  6251] loss: 0.38609
[  3,  6301] loss: 0.52408
[  3,  6351] loss: 0.42187
[  3,  6401] loss: 0.48388
[  3,  6451] loss: 0.53499
[  3,  6501] loss: 0.64122
[  3,  6551] loss: 0.54886
[  3,  6601] loss: 0.56381
[  3,  6651] loss: 0.46211
[  3,  6701] loss: 0.61619
[  3,  6751] loss: 0.54901
[  3,  6801] loss: 0.46826
[  3,  6851] loss: 0.61631
[  3,  6901] loss: 0.68102
[  3,  6951] loss: 0.54899
[  3,  7001] loss: 0.65966
[  3,  7051] loss: 0.59885
[  3,  7101] loss: 0.51866
[  3,  7151] loss: 0.50854
[  3,  7201] loss: 0.46756
[  3,  7251] loss: 0.76435
[  3,  7301] loss: 0.67240
[  3,  7351] loss: 0.64766
[  3,  7401] loss: 0.56931
[  3,  7451] loss: 0.57277
[  3,  7501] loss: 0.62340
[  3,  7551] loss: 0.54280
[  3,  7601] loss: 0.66776
[  3,  7651] loss: 0.54537
[  3,  7701] loss: 0.55282
[  3,  7751] loss: 0.57627
[  3,  7801] loss: 0.54871
[  3,  7851] loss: 0.60396
[  3,  7901] loss: 0.56762
[  3,  7951] loss: 0.51535
[  3,  8001] loss: 0.54895
[  3,  8051] loss: 0.66546
[  3,  8101] loss: 0.58497
[  3,  8151] loss: 0.59184
[  3,  8201] loss: 0.48079
[  3,  8251] loss: 0.44582
[  3,  8301] loss: 0.49676
[  3,  8351] loss: 0.77931
[  3,  8401] loss: 0.70932
[  3,  8451] loss: 0.60572
[  3,  8501] loss: 0.54987
[  3,  8551] loss: 0.44221
[  3,  8601] loss: 0.46745
[  3,  8651] loss: 0.55266
[  3,  8701] loss: 0.80822
[  3,  8751] loss: 0.56911
[  3,  8801] loss: 0.63718
[  3,  8851] loss: 0.49373
[  3,  8901] loss: 0.51501
[  3,  8951] loss: 0.60448
[  3,  9001] loss: 0.64617
[  3,  9051] loss: 0.59488
[  3,  9101] loss: 0.57211
[  3,  9151] loss: 0.53207
[  3,  9201] loss: 0.59235
[  3,  9251] loss: 0.57002
[  3,  9301] loss: 0.54725
[  3,  9351] loss: 0.57111
[  3,  9401] loss: 0.66659
[  3,  9451] loss: 0.54414
[  3,  9501] loss: 0.54738
[  3,  9551] loss: 0.60801
[  3,  9601] loss: 0.45819
[  3,  9651] loss: 0.63764
[  3,  9701] loss: 0.53902
[  3,  9751] loss: 0.48645
[  3,  9801] loss: 0.46041
[  3,  9851] loss: 0.75803
[  3,  9901] loss: 0.70016
[  3,  9951] loss: 0.60158
[  3, 10001] loss: 0.52209
[  3, 10051] loss: 0.49405
[  3, 10101] loss: 0.60158
[  3, 10151] loss: 0.59012
[  3, 10201] loss: 0.53644
[  3, 10251] loss: 0.45559
[  3, 10301] loss: 0.67812
[  3, 10351] loss: 0.65044
[  3, 10401] loss: 0.49104
[  3, 10451] loss: 0.65169
[  3, 10501] loss: 0.46806
[  3, 10551] loss: 0.49045
[  3, 10601] loss: 0.45418
[  3, 10651] loss: 0.52428
[  3, 10701] loss: 0.71451
[  3, 10751] loss: 0.56744
[  3, 10801] loss: 0.43628
[  3, 10851] loss: 0.50539
[  3, 10901] loss: 0.52912
[  3, 10951] loss: 0.61820
[  3, 11001] loss: 0.70886
[  3, 11051] loss: 0.60858
[  3, 11101] loss: 0.49832
[  3, 11151] loss: 0.50842
[  3, 11201] loss: 0.56448
[  3, 11251] loss: 0.56394
[  3, 11301] loss: 0.58855
[  3, 11351] loss: 0.52879
[  3, 11401] loss: 0.48961
[  3, 11451] loss: 0.58115
[  3, 11501] loss: 0.49630
[  3, 11551] loss: 0.46660
[  3, 11601] loss: 0.50704
[  3, 11651] loss: 0.51339
[  3, 11701] loss: 0.50439
[  3, 11751] loss: 0.56121
[  3, 11801] loss: 0.62460
[  3, 11851] loss: 0.67871
[  3, 11901] loss: 0.64234
[  3, 11951] loss: 0.49207
[  3, 12001] loss: 0.55308
[  3, 12051] loss: 0.49962
[  3, 12101] loss: 0.51237
[  3, 12151] loss: 0.50928
[  3, 12201] loss: 0.53883
[  3, 12251] loss: 0.63360
[  3, 12301] loss: 0.43711
[  3, 12351] loss: 0.49596
[  3, 12401] loss: 0.53111
[  3, 12451] loss: 0.54306
[  3, 12501] loss: 0.57914
[  3, 12551] loss: 0.54478
[  3, 12601] loss: 0.45907
[  3, 12651] loss: 0.51148
[  3, 12701] loss: 0.47272
[  3, 12751] loss: 0.57857
[  3, 12801] loss: 0.59793
[  3, 12851] loss: 0.47803
[  3, 12901] loss: 0.60252
[  3, 12951] loss: 0.45445
[  3, 13001] loss: 0.63765
[  3, 13051] loss: 0.57302
[  3, 13101] loss: 0.65701
[  3, 13151] loss: 0.57280
[  3, 13201] loss: 0.44959
[  3, 13251] loss: 0.58617
[  3, 13301] loss: 0.74629
[  3, 13351] loss: 0.64415
[  3, 13401] loss: 0.57347
[  3, 13451] loss: 0.51924
[  3, 13501] loss: 0.50728
[  3, 13551] loss: 0.51429
[  3, 13601] loss: 0.43149
[  3, 13651] loss: 0.44732
[  3, 13701] loss: 0.58567
[  3, 13751] loss: 0.61965
[  3, 13801] loss: 0.73317
[  3, 13851] loss: 0.55763
[  3, 13901] loss: 0.51564
[  3, 13951] loss: 0.40300
[  3, 14001] loss: 0.34371
[  3, 14051] loss: 0.79800
[  3, 14101] loss: 0.70170
[  3, 14151] loss: 0.49991
[  3, 14201] loss: 0.57290
[  3, 14251] loss: 0.53002
[  3, 14301] loss: 0.45274
[  3, 14351] loss: 0.62182
[  3, 14401] loss: 0.70485
[  3, 14451] loss: 0.44181
[  3, 14501] loss: 0.50945
[  3, 14551] loss: 0.48541
[  3, 14601] loss: 0.52857
[  3, 14651] loss: 0.42201
[  3, 14701] loss: 0.52045
[  3, 14751] loss: 0.71024
[  3, 14801] loss: 0.64829
[  3, 14851] loss: 0.53829
[  3, 14901] loss: 0.43977
[  3, 14951] loss: 0.46860
[  3, 15001] loss: 0.42091
[  3, 15051] loss: 0.60153
[  3, 15101] loss: 0.86513
[  3, 15151] loss: 0.68126
[  3, 15201] loss: 0.45186
[  3, 15251] loss: 0.38413
[  3, 15301] loss: 0.45465
[  3, 15351] loss: 0.57917
[  3, 15401] loss: 0.61890
[  3, 15451] loss: 0.63845
[  3, 15501] loss: 0.61257
[  3, 15551] loss: 0.56397
[  3, 15601] loss: 0.56283
[  3, 15651] loss: 0.47315
[  3, 15701] loss: 0.47601
[  3, 15751] loss: 0.55636
[  3, 15801] loss: 0.87918
[  3, 15851] loss: 0.54223
[  3, 15901] loss: 0.50086
[  3, 15951] loss: 0.40638
[  3, 16001] loss: 0.50831
[  3, 16051] loss: 0.39173
[  3, 16101] loss: 0.42932
[  3, 16151] loss: 0.70041
[  3, 16201] loss: 0.58895
[  3, 16251] loss: 0.47486
[  3, 16301] loss: 0.66457
[  3, 16351] loss: 0.61544
[  3, 16401] loss: 0.49085
[  3, 16451] loss: 0.45897
[  3, 16501] loss: 0.50893
[  3, 16551] loss: 0.47805
[  3, 16601] loss: 0.42557
[  3, 16651] loss: 0.68395
[  3, 16701] loss: 0.69831
[  3, 16751] loss: 0.65728
[  3, 16801] loss: 0.53836
[  3, 16851] loss: 0.51582
[  3, 16901] loss: 0.53647
[  3, 16951] loss: 0.48418
[  3, 17001] loss: 0.55756
[  3, 17051] loss: 0.49571
[  3, 17101] loss: 0.43480
[  3, 17151] loss: 0.55867
[  3, 17201] loss: 0.47807
[  3, 17251] loss: 0.62437
[  3, 17301] loss: 0.51572
[  3, 17351] loss: 0.72361
[  3, 17401] loss: 0.50796
[  3, 17451] loss: 0.48297
[  3, 17501] loss: 0.56767
[  3, 17551] loss: 0.69348
[  3, 17601] loss: 0.68103
[  3, 17651] loss: 0.53871
[  3, 17701] loss: 0.54579
[  3, 17751] loss: 0.53115
[  3, 17801] loss: 0.58564
[  3, 17851] loss: 0.57644
[  3, 17901] loss: 0.49331
[  3, 17951] loss: 0.51765
[  3, 18001] loss: 0.57975
[  3, 18051] loss: 0.47222
[  3, 18101] loss: 0.36928
[  3, 18151] loss: 0.69180
[  3, 18201] loss: 0.66095
[  3, 18251] loss: 0.49552
[  3, 18301] loss: 0.52125
[  3, 18351] loss: 0.39423
[  3, 18401] loss: 0.32476
[  3, 18451] loss: 0.49153
[  3, 18501] loss: 0.57741
[  3, 18551] loss: 0.67426
[  3, 18601] loss: 0.48988
[  3, 18651] loss: 0.53665
[  3, 18701] loss: 0.76200
[  3, 18751] loss: 0.53502
[  3, 18801] loss: 0.55401
[  3, 18851] loss: 0.50679
[  3, 18901] loss: 0.45726
[  3, 18951] loss: 0.49596
[  3, 19001] loss: 0.50257
[  3, 19051] loss: 0.41341
[  3, 19101] loss: 0.53074
[  3, 19151] loss: 0.56310
[  3, 19201] loss: 0.59315
[  3, 19251] loss: 0.53945
[  3, 19301] loss: 0.57839
[  3, 19351] loss: 0.55446
[  3, 19401] loss: 0.53142
[  3, 19451] loss: 0.49730
[  3, 19501] loss: 0.41947
[  3, 19551] loss: 0.45836
[  3, 19601] loss: 0.67322
[  3, 19651] loss: 0.59435
[  3, 19701] loss: 0.56307
[  3, 19751] loss: 0.51493
[  3, 19801] loss: 0.41008
[  3, 19851] loss: 0.50825
[  3, 19901] loss: 0.41243
[  3, 19951] loss: 0.43266
[  3, 20001] loss: 0.27789
[  3, 20051] loss: 0.41925
[  3, 20101] loss: 0.47716
[  3, 20151] loss: 0.71469
[  3, 20201] loss: 0.74066
[  3, 20251] loss: 0.48116
[  3, 20301] loss: 0.60804
[  3, 20351] loss: 0.45357
[  3, 20401] loss: 0.57279
[  3, 20451] loss: 0.59661
[  3, 20501] loss: 0.48538
[  3, 20551] loss: 0.50052
[  3, 20601] loss: 0.52531
[  3, 20651] loss: 0.64745
[  3, 20701] loss: 0.51451
[  3, 20751] loss: 0.50054
[  3, 20801] loss: 0.43580
[  3, 20851] loss: 0.40062
[  3, 20901] loss: 0.44666
[  3, 20951] loss: 0.45467
[  3, 21001] loss: 0.47001
[  3, 21051] loss: 0.51223
[  3, 21101] loss: 0.54599
[  3, 21151] loss: 0.44693
[  3, 21201] loss: 0.38705
[  3, 21251] loss: 0.49789
[  3, 21301] loss: 0.52586
[  3, 21351] loss: 0.57871
[  3, 21401] loss: 0.44621
[  3, 21451] loss: 0.53179
[  3, 21501] loss: 0.57548
[  3, 21551] loss: 0.57523
[  3, 21601] loss: 0.49000
[  3, 21651] loss: 0.42095
[  3, 21701] loss: 0.45282
[  3, 21751] loss: 0.62324
[  3, 21801] loss: 0.53234
[  3, 21851] loss: 0.55936
[  3, 21901] loss: 0.62375
[  3, 21951] loss: 0.43291
[  3, 22001] loss: 0.41841
[  3, 22051] loss: 0.55249
[  3, 22101] loss: 0.49295
[  3, 22151] loss: 0.41131
[  3, 22201] loss: 0.39724
[  3, 22251] loss: 0.45832
[  3, 22301] loss: 0.55804
[  3, 22351] loss: 0.64040
[  3, 22401] loss: 0.58671
[  3, 22451] loss: 0.54969
[  3, 22501] loss: 0.47387
[  3, 22551] loss: 0.52295
[  3, 22601] loss: 0.41891
[  3, 22651] loss: 0.48282
[  3, 22701] loss: 0.70922
[  3, 22751] loss: 0.69452
[  3, 22801] loss: 0.55179
[  3, 22851] loss: 0.45899
[  3, 22901] loss: 0.47952
[  3, 22951] loss: 0.48486
[  3, 23001] loss: 0.63027
[  3, 23051] loss: 0.51610
[  3, 23101] loss: 0.61074
[  3, 23151] loss: 0.41492
[  3, 23201] loss: 0.45253
[  3, 23251] loss: 0.45601
[  3, 23301] loss: 0.46057
[  3, 23351] loss: 0.50554
[  3, 23401] loss: 0.50590
[  3, 23451] loss: 0.48928
[  3, 23501] loss: 0.52200
[  3, 23551] loss: 0.70133
[  3, 23601] loss: 0.64795
[  3, 23651] loss: 0.49711
[  3, 23701] loss: 0.47919
[  3, 23751] loss: 0.51488
[  3, 23801] loss: 0.48299
[  3, 23851] loss: 0.61878
[  3, 23901] loss: 0.44006
[  3, 23951] loss: 0.61195
[  3, 24001] loss: 0.65200
[  3, 24051] loss: 0.50713
[  3, 24101] loss: 0.61580
[  3, 24151] loss: 0.51675
[  3, 24201] loss: 0.45057
[  3, 24251] loss: 0.41975
[  3, 24301] loss: 0.53439
[  3, 24351] loss: 0.45811
[  3, 24401] loss: 0.52279
[  3, 24451] loss: 0.47494
[  3, 24501] loss: 0.50185
[  3, 24551] loss: 0.62961
[  3, 24601] loss: 0.59113
[  3, 24651] loss: 0.52913
[  3, 24701] loss: 0.53972
[  3, 24751] loss: 0.51021
[  3, 24801] loss: 0.55880
[  3, 24851] loss: 0.61959
[  3, 24901] loss: 0.54793
[  3, 24951] loss: 0.51531
[  4,     1] loss: 0.43301
[  4,    51] loss: 0.52363
[  4,   101] loss: 0.55094
[  4,   151] loss: 0.54997
[  4,   201] loss: 0.45409
[  4,   251] loss: 0.41130
[  4,   301] loss: 0.56485
[  4,   351] loss: 0.44502
[  4,   401] loss: 0.47115
[  4,   451] loss: 0.44518
[  4,   501] loss: 0.52761
[  4,   551] loss: 0.41337
[  4,   601] loss: 0.41238
[  4,   651] loss: 0.58598
[  4,   701] loss: 0.72927
[  4,   751] loss: 0.54003
[  4,   801] loss: 0.50392
[  4,   851] loss: 0.53021
[  4,   901] loss: 0.47122
[  4,   951] loss: 0.49413
[  4,  1001] loss: 0.47288
[  4,  1051] loss: 0.48475
[  4,  1101] loss: 0.38574
[  4,  1151] loss: 0.67632
[  4,  1201] loss: 0.70764
[  4,  1251] loss: 0.50619
[  4,  1301] loss: 0.58283
[  4,  1351] loss: 0.45327
[  4,  1401] loss: 0.47142
[  4,  1451] loss: 0.54755
[  4,  1501] loss: 0.56595
[  4,  1551] loss: 0.62226
[  4,  1601] loss: 0.51841
[  4,  1651] loss: 0.49577
[  4,  1701] loss: 0.49879
[  4,  1751] loss: 0.67029
[  4,  1801] loss: 0.60704
[  4,  1851] loss: 0.46737
[  4,  1901] loss: 0.42450
[  4,  1951] loss: 0.56457
[  4,  2001] loss: 0.53086
[  4,  2051] loss: 0.54462
[  4,  2101] loss: 0.48309
[  4,  2151] loss: 0.55153
[  4,  2201] loss: 0.40047
[  4,  2251] loss: 0.33794
[  4,  2301] loss: 0.26365
[  4,  2351] loss: 0.58355
[  4,  2401] loss: 0.46027
[  4,  2451] loss: 0.44979
[  4,  2501] loss: 0.40926
[  4,  2551] loss: 0.76480
[  4,  2601] loss: 0.57654
[  4,  2651] loss: 0.44382
[  4,  2701] loss: 0.45089
[  4,  2751] loss: 0.48514
[  4,  2801] loss: 0.48400
[  4,  2851] loss: 0.44363
[  4,  2901] loss: 0.47619
[  4,  2951] loss: 0.44595
[  4,  3001] loss: 0.43218
[  4,  3051] loss: 0.92338
[  4,  3101] loss: 0.39045
[  4,  3151] loss: 0.48706
[  4,  3201] loss: 0.55042
[  4,  3251] loss: 0.59865
[  4,  3301] loss: 0.46069
[  4,  3351] loss: 0.41549
[  4,  3401] loss: 0.48587
[  4,  3451] loss: 0.55987
[  4,  3501] loss: 0.41721
[  4,  3551] loss: 0.46414
[  4,  3601] loss: 0.54642
[  4,  3651] loss: 0.49760
[  4,  3701] loss: 0.51716
[  4,  3751] loss: 0.40189
[  4,  3801] loss: 0.41047
[  4,  3851] loss: 0.64088
[  4,  3901] loss: 0.39602
[  4,  3951] loss: 0.70497
[  4,  4001] loss: 0.58429
[  4,  4051] loss: 0.50289
[  4,  4101] loss: 0.59505
[  4,  4151] loss: 0.55571
[  4,  4201] loss: 0.55162
[  4,  4251] loss: 0.55243
[  4,  4301] loss: 0.46237
[  4,  4351] loss: 0.46139
[  4,  4401] loss: 0.40165
[  4,  4451] loss: 0.47110
[  4,  4501] loss: 0.70450
[  4,  4551] loss: 0.74693
[  4,  4601] loss: 0.54198
[  4,  4651] loss: 0.61472
[  4,  4701] loss: 0.48774
[  4,  4751] loss: 0.48808
[  4,  4801] loss: 0.47870
[  4,  4851] loss: 0.49287
[  4,  4901] loss: 0.40736
[  4,  4951] loss: 0.34694
[  4,  5001] loss: 0.56573
[  4,  5051] loss: 0.70787
[  4,  5101] loss: 1.17211
[  4,  5151] loss: 0.46984
[  4,  5201] loss: 0.38072
[  4,  5251] loss: 0.46704
[  4,  5301] loss: 0.50896
[  4,  5351] loss: 0.62181
[  4,  5401] loss: 0.50306
[  4,  5451] loss: 0.42845
[  4,  5501] loss: 0.45075
[  4,  5551] loss: 0.54946
[  4,  5601] loss: 0.62627
[  4,  5651] loss: 0.53990
[  4,  5701] loss: 0.57109
[  4,  5751] loss: 0.59291
[  4,  5801] loss: 0.53638
[  4,  5851] loss: 0.49414
[  4,  5901] loss: 0.52518
[  4,  5951] loss: 0.46999
[  4,  6001] loss: 0.48855
[  4,  6051] loss: 0.49281
[  4,  6101] loss: 0.47959
[  4,  6151] loss: 0.42516
[  4,  6201] loss: 0.45342
[  4,  6251] loss: 0.34312
[  4,  6301] loss: 0.47639
[  4,  6351] loss: 0.35141
[  4,  6401] loss: 0.53825
[  4,  6451] loss: 0.52035
[  4,  6501] loss: 0.53432
[  4,  6551] loss: 0.46632
[  4,  6601] loss: 0.47373
[  4,  6651] loss: 0.43946
[  4,  6701] loss: 0.59369
[  4,  6751] loss: 0.72458
[  4,  6801] loss: 0.40942
[  4,  6851] loss: 0.50286
[  4,  6901] loss: 0.62996
[  4,  6951] loss: 0.47253
[  4,  7001] loss: 0.60672
[  4,  7051] loss: 0.51901
[  4,  7101] loss: 0.47741
[  4,  7151] loss: 0.44216
[  4,  7201] loss: 0.44939
[  4,  7251] loss: 0.70183
[  4,  7301] loss: 0.54411
[  4,  7351] loss: 0.58074
[  4,  7401] loss: 0.54088
[  4,  7451] loss: 0.51252
[  4,  7501] loss: 0.54586
[  4,  7551] loss: 0.49858
[  4,  7601] loss: 0.65405
[  4,  7651] loss: 0.48453
[  4,  7701] loss: 0.49149
[  4,  7751] loss: 0.53141
[  4,  7801] loss: 0.49422
[  4,  7851] loss: 0.58970
[  4,  7901] loss: 0.52005
[  4,  7951] loss: 0.45209
[  4,  8001] loss: 0.44695
[  4,  8051] loss: 0.46099
[  4,  8101] loss: 0.51791
[  4,  8151] loss: 0.67512
[  4,  8201] loss: 0.61998
[  4,  8251] loss: 0.43291
[  4,  8301] loss: 0.41181
[  4,  8351] loss: 0.42612
[  4,  8401] loss: 0.39279
[  4,  8451] loss: 0.41649
[  4,  8501] loss: 1.43381
[  4,  8551] loss: 0.50906
[  4,  8601] loss: 0.39535
[  4,  8651] loss: 0.40647
[  4,  8701] loss: 0.50723
[  4,  8751] loss: 0.40769
[  4,  8801] loss: 0.55625
[  4,  8851] loss: 0.40395
[  4,  8901] loss: 0.48615
[  4,  8951] loss: 0.58053
[  4,  9001] loss: 0.70090
[  4,  9051] loss: 0.55895
[  4,  9101] loss: 0.51632
[  4,  9151] loss: 0.48755
[  4,  9201] loss: 0.49793
[  4,  9251] loss: 0.46439
[  4,  9301] loss: 0.49939
[  4,  9351] loss: 0.51003
[  4,  9401] loss: 0.65048
[  4,  9451] loss: 0.46935
[  4,  9501] loss: 0.46742
[  4,  9551] loss: 0.49274
[  4,  9601] loss: 0.38423
[  4,  9651] loss: 0.55612
[  4,  9701] loss: 0.46436
[  4,  9751] loss: 0.38490
[  4,  9801] loss: 0.33789
[  4,  9851] loss: 0.50704
[  4,  9901] loss: 0.53336
[  4,  9951] loss: 0.88788
[  4, 10001] loss: 0.61565
[  4, 10051] loss: 0.43963
[  4, 10101] loss: 0.59340
[  4, 10151] loss: 0.46583
[  4, 10201] loss: 0.43147
[  4, 10251] loss: 0.35672
[  4, 10301] loss: 0.51791
[  4, 10351] loss: 0.43398
[  4, 10401] loss: 0.34701
[  4, 10451] loss: 0.66110
[  4, 10501] loss: 0.44937
[  4, 10551] loss: 0.39183
[  4, 10601] loss: 0.40076
[  4, 10651] loss: 0.46459
[  4, 10701] loss: 0.58695
[  4, 10751] loss: 0.49991
[  4, 10801] loss: 0.36168
[  4, 10851] loss: 0.40843
[  4, 10901] loss: 0.56778
[  4, 10951] loss: 0.73090
[  4, 11001] loss: 0.77414
[  4, 11051] loss: 0.47180
[  4, 11101] loss: 0.40013
[  4, 11151] loss: 0.42555
[  4, 11201] loss: 0.56864
[  4, 11251] loss: 0.77799
[  4, 11301] loss: 0.52125
[  4, 11351] loss: 0.44817
[  4, 11401] loss: 0.36659
[  4, 11451] loss: 0.59204
[  4, 11501] loss: 0.43374
[  4, 11551] loss: 0.48328
[  4, 11601] loss: 0.40770
[  4, 11651] loss: 0.39847
[  4, 11701] loss: 0.34231
[  4, 11751] loss: 0.61723
[  4, 11801] loss: 0.54169
[  4, 11851] loss: 0.53162
[  4, 11901] loss: 0.46264
[  4, 11951] loss: 0.41695
[  4, 12001] loss: 0.46524
[  4, 12051] loss: 0.39840
[  4, 12101] loss: 0.43232
[  4, 12151] loss: 0.41249
[  4, 12201] loss: 0.41499
[  4, 12251] loss: 0.57656
[  4, 12301] loss: 0.40693
[  4, 12351] loss: 0.40426
[  4, 12401] loss: 0.49976
[  4, 12451] loss: 0.54136
[  4, 12501] loss: 0.51967
[  4, 12551] loss: 0.46045
[  4, 12601] loss: 0.35915
[  4, 12651] loss: 0.39080
[  4, 12701] loss: 0.35567
[  4, 12751] loss: 0.47717
[  4, 12801] loss: 0.58409
[  4, 12851] loss: 0.75232
[  4, 12901] loss: 0.68944
[  4, 12951] loss: 0.43764
[  4, 13001] loss: 0.45887
[  4, 13051] loss: 0.44983
[  4, 13101] loss: 0.70953
[  4, 13151] loss: 0.59147
[  4, 13201] loss: 0.39079
[  4, 13251] loss: 0.44389
[  4, 13301] loss: 0.57671
[  4, 13351] loss: 0.50368
[  4, 13401] loss: 0.53134
[  4, 13451] loss: 0.42900
[  4, 13501] loss: 0.43966
[  4, 13551] loss: 0.41914
[  4, 13601] loss: 0.37088
[  4, 13651] loss: 0.40566
[  4, 13701] loss: 0.44837
[  4, 13751] loss: 0.48709
[  4, 13801] loss: 0.56360
[  4, 13851] loss: 0.48763
[  4, 13901] loss: 0.43045
[  4, 13951] loss: 0.35168
[  4, 14001] loss: 0.26545
[  4, 14051] loss: 0.54267
[  4, 14101] loss: 0.51812
[  4, 14151] loss: 0.59859
[  4, 14201] loss: 0.52411
[  4, 14251] loss: 0.53327
[  4, 14301] loss: 0.36362
[  4, 14351] loss: 0.44092
[  4, 14401] loss: 0.50694
[  4, 14451] loss: 0.32252
[  4, 14501] loss: 0.43090
[  4, 14551] loss: 0.44561
[  4, 14601] loss: 0.49083
[  4, 14651] loss: 0.36957
[  4, 14701] loss: 0.42222
[  4, 14751] loss: 0.63754
[  4, 14801] loss: 0.57248
[  4, 14851] loss: 0.50086
[  4, 14901] loss: 0.33663
[  4, 14951] loss: 0.34790
[  4, 15001] loss: 0.45782
[  4, 15051] loss: 1.23846
[  4, 15101] loss: 0.60116
[  4, 15151] loss: 0.45638
[  4, 15201] loss: 0.38499
[  4, 15251] loss: 0.28552
[  4, 15301] loss: 0.30706
[  4, 15351] loss: 0.43645
[  4, 15401] loss: 0.34286
[  4, 15451] loss: 0.37985
[  4, 15501] loss: 0.74849
[  4, 15551] loss: 0.95093
[  4, 15601] loss: 0.47557
[  4, 15651] loss: 0.41642
[  4, 15701] loss: 0.47007
[  4, 15751] loss: 0.30845
[  4, 15801] loss: 0.36051
[  4, 15851] loss: 0.42009
[  4, 15901] loss: 0.50070
[  4, 15951] loss: 0.42632
[  4, 16001] loss: 0.40869
[  4, 16051] loss: 0.32025
[  4, 16101] loss: 0.36138
[  4, 16151] loss: 0.64178
[  4, 16201] loss: 0.49833
[  4, 16251] loss: 0.40382
[  4, 16301] loss: 0.64773
[  4, 16351] loss: 0.63409
[  4, 16401] loss: 0.43295
[  4, 16451] loss: 0.41426
[  4, 16501] loss: 0.45784
[  4, 16551] loss: 0.43977
[  4, 16601] loss: 0.31802
[  4, 16651] loss: 0.56360
[  4, 16701] loss: 0.53252
[  4, 16751] loss: 0.39142
[  4, 16801] loss: 0.45536
[  4, 16851] loss: 0.49631
[  4, 16901] loss: 0.54791
[  4, 16951] loss: 0.40170
[  4, 17001] loss: 0.41248
[  4, 17051] loss: 0.43866
[  4, 17101] loss: 0.41281
[  4, 17151] loss: 0.39274
[  4, 17201] loss: 0.31405
[  4, 17251] loss: 0.57492
[  4, 17301] loss: 0.54721
[  4, 17351] loss: 0.52777
[  4, 17401] loss: 0.57564
[  4, 17451] loss: 0.61985
[  4, 17501] loss: 0.59233
[  4, 17551] loss: 0.41725
[  4, 17601] loss: 0.45337
[  4, 17651] loss: 0.48954
[  4, 17701] loss: 0.48472
[  4, 17751] loss: 0.55222
[  4, 17801] loss: 0.69657
[  4, 17851] loss: 0.50826
[  4, 17901] loss: 0.44265
[  4, 17951] loss: 0.46736
[  4, 18001] loss: 0.48736
[  4, 18051] loss: 0.39903
[  4, 18101] loss: 0.32323
[  4, 18151] loss: 0.37908
[  4, 18201] loss: 0.49665
[  4, 18251] loss: 0.38539
[  4, 18301] loss: 0.43152
[  4, 18351] loss: 0.25790
[  4, 18401] loss: 0.25879
[  4, 18451] loss: 0.56260
[  4, 18501] loss: 0.59317
[  4, 18551] loss: 0.36503
[  4, 18601] loss: 0.40482
[  4, 18651] loss: 0.58186
[  4, 18701] loss: 0.85035
[  4, 18751] loss: 0.49358
[  4, 18801] loss: 0.52016
[  4, 18851] loss: 0.39635
[  4, 18901] loss: 0.39098
[  4, 18951] loss: 0.38608
[  4, 19001] loss: 0.38267
[  4, 19051] loss: 0.47788
[  4, 19101] loss: 0.75640
[  4, 19151] loss: 0.49201
[  4, 19201] loss: 0.47059
[  4, 19251] loss: 0.38653
[  4, 19301] loss: 0.52083
[  4, 19351] loss: 0.64398
[  4, 19401] loss: 0.53924
[  4, 19451] loss: 0.45617
[  4, 19501] loss: 0.34520
[  4, 19551] loss: 0.31619
[  4, 19601] loss: 0.42366
[  4, 19651] loss: 0.75021
[  4, 19701] loss: 1.00808
[  4, 19751] loss: 0.47245
[  4, 19801] loss: 0.38719
[  4, 19851] loss: 0.40773
[  4, 19901] loss: 0.30338
[  4, 19951] loss: 0.40913
[  4, 20001] loss: 0.37652
[  4, 20051] loss: 0.56737
[  4, 20101] loss: 0.76196
[  4, 20151] loss: 0.48675
[  4, 20201] loss: 0.43188
[  4, 20251] loss: 0.36512
[  4, 20301] loss: 0.56529
[  4, 20351] loss: 0.37234
[  4, 20401] loss: 0.42693
[  4, 20451] loss: 0.54830
[  4, 20501] loss: 0.40559
[  4, 20551] loss: 0.43888
[  4, 20601] loss: 0.46292
[  4, 20651] loss: 0.68424
[  4, 20701] loss: 0.46315
[  4, 20751] loss: 0.45401
[  4, 20801] loss: 0.37517
[  4, 20851] loss: 0.30814
[  4, 20901] loss: 0.31689
[  4, 20951] loss: 0.54216
[  4, 21001] loss: 0.93567
[  4, 21051] loss: 0.71357
[  4, 21101] loss: 0.51954
[  4, 21151] loss: 0.35389
[  4, 21201] loss: 0.31660
[  4, 21251] loss: 0.38376
[  4, 21301] loss: 0.34307
[  4, 21351] loss: 0.49248
[  4, 21401] loss: 0.38538
[  4, 21451] loss: 0.41907
[  4, 21501] loss: 0.42831
[  4, 21551] loss: 0.37231
[  4, 21601] loss: 0.32386
[  4, 21651] loss: 0.43246
[  4, 21701] loss: 0.73418
[  4, 21751] loss: 0.65484
[  4, 21801] loss: 0.62161
[  4, 21851] loss: 0.45437
[  4, 21901] loss: 0.42324
[  4, 21951] loss: 0.33436
[  4, 22001] loss: 0.38728
[  4, 22051] loss: 0.37095
[  4, 22101] loss: 0.48505
[  4, 22151] loss: 0.51460
[  4, 22201] loss: 0.42979
[  4, 22251] loss: 0.37416
[  4, 22301] loss: 0.43428
[  4, 22351] loss: 0.49036
[  4, 22401] loss: 0.55217
[  4, 22451] loss: 0.72682
[  4, 22501] loss: 0.53375
[  4, 22551] loss: 0.51609
[  4, 22601] loss: 0.41236
[  4, 22651] loss: 0.38099
[  4, 22701] loss: 0.43161
[  4, 22751] loss: 0.41496
[  4, 22801] loss: 0.41125
[  4, 22851] loss: 0.37594
[  4, 22901] loss: 0.36022
[  4, 22951] loss: 0.33410
[  4, 23001] loss: 0.52534
[  4, 23051] loss: 0.41377
[  4, 23101] loss: 0.50655
[  4, 23151] loss: 0.44467
[  4, 23201] loss: 0.53952
[  4, 23251] loss: 0.38148
[  4, 23301] loss: 0.44528
[  4, 23351] loss: 0.38818
[  4, 23401] loss: 0.32830
[  4, 23451] loss: 0.40869
[  4, 23501] loss: 0.44963
[  4, 23551] loss: 0.35909
[  4, 23601] loss: 0.40245
[  4, 23651] loss: 0.41244
[  4, 23701] loss: 0.47397
[  4, 23751] loss: 0.48214
[  4, 23801] loss: 0.50815
[  4, 23851] loss: 0.60264
[  4, 23901] loss: 0.44627
[  4, 23951] loss: 0.54890
[  4, 24001] loss: 0.47937
[  4, 24051] loss: 0.43940
[  4, 24101] loss: 0.51821
[  4, 24151] loss: 0.46551
[  4, 24201] loss: 0.35449
[  4, 24251] loss: 0.32502
[  4, 24301] loss: 0.58701
[  4, 24351] loss: 0.38160
[  4, 24401] loss: 0.44900
[  4, 24451] loss: 0.49322
[  4, 24501] loss: 0.41831
[  4, 24551] loss: 0.41185
[  4, 24601] loss: 0.37488
[  4, 24651] loss: 0.50791
[  4, 24701] loss: 1.02322
[  4, 24751] loss: 0.61090
[  4, 24801] loss: 0.48246
[  4, 24851] loss: 0.44501
[  4, 24901] loss: 0.43803
[  4, 24951] loss: 0.42058
[  5,     1] loss: 0.36730
[  5,    51] loss: 0.39923
[  5,   101] loss: 0.44888
[  5,   151] loss: 0.42046
[  5,   201] loss: 0.38525
[  5,   251] loss: 0.33883
[  5,   301] loss: 0.33468
[  5,   351] loss: 0.31971
[  5,   401] loss: 0.59548
[  5,   451] loss: 0.78255
[  5,   501] loss: 0.43168
[  5,   551] loss: 0.37446
[  5,   601] loss: 0.32833
[  5,   651] loss: 0.67525
[  5,   701] loss: 0.76934
[  5,   751] loss: 0.58929
[  5,   801] loss: 0.51670
[  5,   851] loss: 0.44890
[  5,   901] loss: 0.34276
[  5,   951] loss: 0.30150
[  5,  1001] loss: 0.34968
[  5,  1051] loss: 0.34986
[  5,  1101] loss: 0.17223
[  5,  1151] loss: 0.51715
[  5,  1201] loss: 0.44034
[  5,  1251] loss: 1.00643
[  5,  1301] loss: 1.09558
[  5,  1351] loss: 0.46302
[  5,  1401] loss: 0.42208
[  5,  1451] loss: 0.39576
[  5,  1501] loss: 0.39872
[  5,  1551] loss: 0.70571
[  5,  1601] loss: 0.51626
[  5,  1651] loss: 0.37444
[  5,  1701] loss: 0.33926
[  5,  1751] loss: 0.59044
[  5,  1801] loss: 0.61164
[  5,  1851] loss: 0.39765
[  5,  1901] loss: 0.37189
[  5,  1951] loss: 0.43729
[  5,  2001] loss: 0.39552
[  5,  2051] loss: 0.45786
[  5,  2101] loss: 0.32762
[  5,  2151] loss: 0.47455
[  5,  2201] loss: 0.27533
[  5,  2251] loss: 0.24817
[  5,  2301] loss: 0.22970
[  5,  2351] loss: 0.41305
[  5,  2401] loss: 0.36207
[  5,  2451] loss: 0.27803
[  5,  2501] loss: 0.60789
[  5,  2551] loss: 1.00592
[  5,  2601] loss: 0.67840
[  5,  2651] loss: 0.38415
[  5,  2701] loss: 0.36176
[  5,  2751] loss: 0.38688
[  5,  2801] loss: 0.35700
[  5,  2851] loss: 0.38252
[  5,  2901] loss: 0.42915
[  5,  2951] loss: 0.47140
[  5,  3001] loss: 0.28621
[  5,  3051] loss: 0.36274
[  5,  3101] loss: 0.33369
[  5,  3151] loss: 0.58647
[  5,  3201] loss: 0.61534
[  5,  3251] loss: 0.60088
[  5,  3301] loss: 0.43188
[  5,  3351] loss: 0.34288
[  5,  3401] loss: 0.38062
[  5,  3451] loss: 0.51955
[  5,  3501] loss: 0.35266
[  5,  3551] loss: 0.31934
[  5,  3601] loss: 0.48697
[  5,  3651] loss: 0.54425
[  5,  3701] loss: 0.73680
[  5,  3751] loss: 0.52529
[  5,  3801] loss: 0.41596
[  5,  3851] loss: 0.46026
[  5,  3901] loss: 0.25726
[  5,  3951] loss: 0.51000
[  5,  4001] loss: 0.49229
[  5,  4051] loss: 0.37852
[  5,  4101] loss: 0.46647
[  5,  4151] loss: 0.69268
[  5,  4201] loss: 0.58107
[  5,  4251] loss: 0.54035
[  5,  4301] loss: 0.41051
[  5,  4351] loss: 0.40227
[  5,  4401] loss: 0.30664
[  5,  4451] loss: 0.29552
[  5,  4501] loss: 0.34609
[  5,  4551] loss: 0.25468
[  5,  4601] loss: 0.49712
[  5,  4651] loss: 0.72390
[  5,  4701] loss: 0.81828
[  5,  4751] loss: 0.52499
[  5,  4801] loss: 0.43164
[  5,  4851] loss: 0.38829
[  5,  4901] loss: 0.28897
[  5,  4951] loss: 0.19356
[  5,  5001] loss: 0.54543
[  5,  5051] loss: 0.63144
[  5,  5101] loss: 0.45718
[  5,  5151] loss: 0.51311
[  5,  5201] loss: 0.49383
[  5,  5251] loss: 0.36909
[  5,  5301] loss: 0.28329
[  5,  5351] loss: 0.33340
[  5,  5401] loss: 0.40648
[  5,  5451] loss: 0.35780
[  5,  5501] loss: 0.43319
[  5,  5551] loss: 0.68686
[  5,  5601] loss: 0.65182
[  5,  5651] loss: 0.45132
[  5,  5701] loss: 0.50515
[  5,  5751] loss: 0.45742
[  5,  5801] loss: 0.45250
[  5,  5851] loss: 0.40954
[  5,  5901] loss: 0.38507
[  5,  5951] loss: 0.32064
[  5,  6001] loss: 0.37751
[  5,  6051] loss: 0.41724
[  5,  6101] loss: 0.42111
[  5,  6151] loss: 0.55539
[  5,  6201] loss: 0.51529
[  5,  6251] loss: 0.37633
[  5,  6301] loss: 0.29112
[  5,  6351] loss: 0.23057
[  5,  6401] loss: 0.35328
[  5,  6451] loss: 0.50017
[  5,  6501] loss: 0.84802
[  5,  6551] loss: 0.59254
[  5,  6601] loss: 0.50073
[  5,  6651] loss: 0.39593
[  5,  6701] loss: 0.37380
[  5,  6751] loss: 0.39445
[  5,  6801] loss: 0.30727
[  5,  6851] loss: 0.39342
[  5,  6901] loss: 0.47326
[  5,  6951] loss: 0.28084
[  5,  7001] loss: 0.73162
[  5,  7051] loss: 0.74096
[  5,  7101] loss: 0.49628
[  5,  7151] loss: 0.34965
[  5,  7201] loss: 0.33134
[  5,  7251] loss: 0.48545
[  5,  7301] loss: 0.35824
[  5,  7351] loss: 0.50185
[  5,  7401] loss: 0.54651
[  5,  7451] loss: 0.56389
[  5,  7501] loss: 0.49221
[  5,  7551] loss: 0.38905
[  5,  7601] loss: 0.54954
[  5,  7651] loss: 0.40034
[  5,  7701] loss: 0.43243
[  5,  7751] loss: 0.44180
[  5,  7801] loss: 0.39446
[  5,  7851] loss: 0.44831
[  5,  7901] loss: 0.48505
[  5,  7951] loss: 0.54488
[  5,  8001] loss: 0.55188
[  5,  8051] loss: 0.41185
[  5,  8101] loss: 0.46034
[  5,  8151] loss: 0.44796
[  5,  8201] loss: 0.37486
[  5,  8251] loss: 0.33536
[  5,  8301] loss: 0.30512
[  5,  8351] loss: 0.57310
[  5,  8401] loss: 0.92407
[  5,  8451] loss: 0.71277
[  5,  8501] loss: 0.44456
[  5,  8551] loss: 0.35176
[  5,  8601] loss: 0.38904
[  5,  8651] loss: 0.36179
[  5,  8701] loss: 0.44497
[  5,  8751] loss: 0.34434
[  5,  8801] loss: 0.42279
[  5,  8851] loss: 0.35798
[  5,  8901] loss: 0.44738
[  5,  8951] loss: 0.53763
[  5,  9001] loss: 0.91085
[  5,  9051] loss: 0.63261
[  5,  9101] loss: 0.52463
[  5,  9151] loss: 0.43792
[  5,  9201] loss: 0.48017
[  5,  9251] loss: 0.33890
[  5,  9301] loss: 0.43289
[  5,  9351] loss: 0.49796
[  5,  9401] loss: 0.55332
[  5,  9451] loss: 0.39996
[  5,  9501] loss: 0.34638
[  5,  9551] loss: 0.41406
[  5,  9601] loss: 0.32502
[  5,  9651] loss: 0.60024
[  5,  9701] loss: 0.56245
[  5,  9751] loss: 0.35113
[  5,  9801] loss: 0.26043
[  5,  9851] loss: 0.49068
[  5,  9901] loss: 0.50143
[  5,  9951] loss: 0.46058
[  5, 10001] loss: 0.35694
[  5, 10051] loss: 0.35127
[  5, 10101] loss: 0.45095
[  5, 10151] loss: 0.36302
[  5, 10201] loss: 0.32490
[  5, 10251] loss: 0.25609
[  5, 10301] loss: 0.37774
[  5, 10351] loss: 0.29577
[  5, 10401] loss: 0.28367
[  5, 10451] loss: 0.48103
[  5, 10501] loss: 0.36204
[  5, 10551] loss: 0.29601
[  5, 10601] loss: 0.31153
[  5, 10651] loss: 0.49931
[  5, 10701] loss: 0.59601
[  5, 10751] loss: 0.46634
[  5, 10801] loss: 0.33434
[  5, 10851] loss: 0.30513
[  5, 10901] loss: 0.31954
[  5, 10951] loss: 0.53946
[  5, 11001] loss: 0.62585
[  5, 11051] loss: 0.41992
[  5, 11101] loss: 0.44269
[  5, 11151] loss: 0.37405
[  5, 11201] loss: 0.33822
[  5, 11251] loss: 0.40022
[  5, 11301] loss: 0.42364
[  5, 11351] loss: 0.34238
[  5, 11401] loss: 0.25147
[  5, 11451] loss: 0.52100
[  5, 11501] loss: 0.32662
[  5, 11551] loss: 0.37200
[  5, 11601] loss: 0.72699
[  5, 11651] loss: 0.76418
[  5, 11701] loss: 0.38951
[  5, 11751] loss: 0.37447
[  5, 11801] loss: 0.37079
[  5, 11851] loss: 0.51009
[  5, 11901] loss: 0.40124
[  5, 11951] loss: 0.34315
[  5, 12001] loss: 0.32647
[  5, 12051] loss: 0.24514
[  5, 12101] loss: 0.22617
[  5, 12151] loss: 0.56637
[  5, 12201] loss: 1.40317
[  5, 12251] loss: 0.58893
[  5, 12301] loss: 0.47815
[  5, 12351] loss: 0.31586
[  5, 12401] loss: 0.38162
[  5, 12451] loss: 0.47143
[  5, 12501] loss: 0.54482
[  5, 12551] loss: 0.58901
[  5, 12601] loss: 0.50105
[  5, 12651] loss: 0.35628
[  5, 12701] loss: 0.31069
[  5, 12751] loss: 0.36577
[  5, 12801] loss: 0.38876
[  5, 12851] loss: 0.35827
[  5, 12901] loss: 0.66818
[  5, 12951] loss: 0.43373
[  5, 13001] loss: 0.36216
[  5, 13051] loss: 0.30143
[  5, 13101] loss: 0.48940
[  5, 13151] loss: 0.39162
[  5, 13201] loss: 0.31033
[  5, 13251] loss: 0.31131
[  5, 13301] loss: 0.40704
[  5, 13351] loss: 0.32166
[  5, 13401] loss: 0.46342
[  5, 13451] loss: 0.38813
[  5, 13501] loss: 0.43985
[  5, 13551] loss: 0.47138
[  5, 13601] loss: 0.30807
[  5, 13651] loss: 0.64200
[  5, 13701] loss: 1.04246
[  5, 13751] loss: 0.36920
[  5, 13801] loss: 0.44129
[  5, 13851] loss: 0.36624
[  5, 13901] loss: 0.38002
[  5, 13951] loss: 0.34083
[  5, 14001] loss: 0.31476
[  5, 14051] loss: 0.47915
[  5, 14101] loss: 0.42093
[  5, 14151] loss: 0.30755
[  5, 14201] loss: 0.45220
[  5, 14251] loss: 0.57119
[  5, 14301] loss: 0.56014
[  5, 14351] loss: 0.34411
[  5, 14401] loss: 0.47394
[  5, 14451] loss: 0.34690
[  5, 14501] loss: 0.33063
[  5, 14551] loss: 0.34112
[  5, 14601] loss: 0.30123
[  5, 14651] loss: 0.22961
[  5, 14701] loss: 0.62413
[  5, 14751] loss: 1.17176
[  5, 14801] loss: 0.61654
[  5, 14851] loss: 0.50281
[  5, 14901] loss: 0.33971
[  5, 14951] loss: 0.28226
[  5, 15001] loss: 0.22411
[  5, 15051] loss: 0.29852
[  5, 15101] loss: 0.33614
[  5, 15151] loss: 0.33792
[  5, 15201] loss: 0.35888
[  5, 15251] loss: 0.40623
[  5, 15301] loss: 0.43246
[  5, 15351] loss: 0.37083
[  5, 15401] loss: 0.42153
[  5, 15451] loss: 0.37878
[  5, 15501] loss: 0.45096
[  5, 15551] loss: 0.39943
[  5, 15601] loss: 0.43106
[  5, 15651] loss: 0.27462
[  5, 15701] loss: 0.27861
[  5, 15751] loss: 0.24866
[  5, 15801] loss: 0.54001
[  5, 15851] loss: 0.50331
[  5, 15901] loss: 0.52874
[  5, 15951] loss: 0.52071
[  5, 16001] loss: 0.40922
[  5, 16051] loss: 0.24343
[  5, 16101] loss: 0.21684
[  5, 16151] loss: 0.49810
[  5, 16201] loss: 0.53344
[  5, 16251] loss: 0.52760
[  5, 16301] loss: 0.43069
[  5, 16351] loss: 0.42575
[  5, 16401] loss: 0.29489
[  5, 16451] loss: 0.24480
[  5, 16501] loss: 0.28261
[  5, 16551] loss: 0.36248
[  5, 16601] loss: 0.20945
[  5, 16651] loss: 0.48058
[  5, 16701] loss: 0.51884
[  5, 16751] loss: 0.29978
[  5, 16801] loss: 0.42156
[  5, 16851] loss: 0.47641
[  5, 16901] loss: 0.76828
[  5, 16951] loss: 0.83689
[  5, 17001] loss: 0.46030
[  5, 17051] loss: 0.35509
[  5, 17101] loss: 0.33824
[  5, 17151] loss: 0.53474
[  5, 17201] loss: 0.31357
[  5, 17251] loss: 0.37721
[  5, 17301] loss: 0.58268
[  5, 17351] loss: 0.91654
[  5, 17401] loss: 0.44641
[  5, 17451] loss: 0.31828
[  5, 17501] loss: 0.32734
[  5, 17551] loss: 0.36616
[  5, 17601] loss: 0.39994
[  5, 17651] loss: 0.51623
[  5, 17701] loss: 0.50219
[  5, 17751] loss: 0.33464
[  5, 17801] loss: 0.33569
[  5, 17851] loss: 0.39971
[  5, 17901] loss: 0.42385
[  5, 17951] loss: 0.36307
[  5, 18001] loss: 0.35802
[  5, 18051] loss: 0.43879
[  5, 18101] loss: 0.72577
[  5, 18151] loss: 1.12689
[  5, 18201] loss: 0.50517
[  5, 18251] loss: 0.37642
[  5, 18301] loss: 0.33100
[  5, 18351] loss: 0.18400
[  5, 18401] loss: 0.19069
[  5, 18451] loss: 0.34737
[  5, 18501] loss: 0.47096
[  5, 18551] loss: 0.61464
[  5, 18601] loss: 0.29101
[  5, 18651] loss: 0.32418
[  5, 18701] loss: 0.32814
[  5, 18751] loss: 0.38722
[  5, 18801] loss: 0.37313
[  5, 18851] loss: 0.24140
[  5, 18901] loss: 0.34876
[  5, 18951] loss: 0.34315
[  5, 19001] loss: 0.37710
[  5, 19051] loss: 0.47609
[  5, 19101] loss: 0.48226
[  5, 19151] loss: 0.35548
[  5, 19201] loss: 0.44753
[  5, 19251] loss: 0.32526
[  5, 19301] loss: 0.41159
[  5, 19351] loss: 0.52427
[  5, 19401] loss: 0.55289
[  5, 19451] loss: 0.32570
[  5, 19501] loss: 0.30542
[  5, 19551] loss: 0.31777
[  5, 19601] loss: 0.51327
[  5, 19651] loss: 0.57112
[  5, 19701] loss: 0.43031
[  5, 19751] loss: 0.39016
[  5, 19801] loss: 0.24017
[  5, 19851] loss: 0.24264
[  5, 19901] loss: 0.12273
[  5, 19951] loss: 0.21209
[  5, 20001] loss: 0.15697
[  5, 20051] loss: 0.22998
[  5, 20101] loss: 0.49639
[  5, 20151] loss: 1.08064
[  5, 20201] loss: 1.00602
[  5, 20251] loss: 0.38442
[  5, 20301] loss: 0.42194
[  5, 20351] loss: 0.31802
[  5, 20401] loss: 0.31448
[  5, 20451] loss: 0.37282
[  5, 20501] loss: 0.30641
[  5, 20551] loss: 0.32239
[  5, 20601] loss: 0.24983
[  5, 20651] loss: 0.37782
[  5, 20701] loss: 0.26856
[  5, 20751] loss: 0.39149
[  5, 20801] loss: 0.27291
[  5, 20851] loss: 0.16899
[  5, 20901] loss: 0.16862
[  5, 20951] loss: 0.23181
[  5, 21001] loss: 0.78878
[  5, 21051] loss: 0.73520
[  5, 21101] loss: 1.07272
[  5, 21151] loss: 0.38018
[  5, 21201] loss: 0.34791
[  5, 21251] loss: 0.28209
[  5, 21301] loss: 0.30426
[  5, 21351] loss: 0.31416
[  5, 21401] loss: 0.33312
[  5, 21451] loss: 0.30340
[  5, 21501] loss: 0.40947
[  5, 21551] loss: 0.40240
[  5, 21601] loss: 0.32689
[  5, 21651] loss: 0.23906
[  5, 21701] loss: 0.31145
[  5, 21751] loss: 0.32560
[  5, 21801] loss: 0.49674
[  5, 21851] loss: 0.44858
[  5, 21901] loss: 0.42991
[  5, 21951] loss: 0.21811
[  5, 22001] loss: 0.25289
[  5, 22051] loss: 0.68137
[  5, 22101] loss: 0.48866
[  5, 22151] loss: 0.34206
[  5, 22201] loss: 0.23837
[  5, 22251] loss: 0.25253
[  5, 22301] loss: 0.35131
[  5, 22351] loss: 0.49297
[  5, 22401] loss: 0.49763
[  5, 22451] loss: 0.36364
[  5, 22501] loss: 0.33782
[  5, 22551] loss: 0.35229
[  5, 22601] loss: 0.26177
[  5, 22651] loss: 0.24645
[  5, 22701] loss: 0.36276
[  5, 22751] loss: 0.47440
[  5, 22801] loss: 0.36705
[  5, 22851] loss: 0.35657
[  5, 22901] loss: 0.29596
[  5, 22951] loss: 0.24713
[  5, 23001] loss: 0.26870
[  5, 23051] loss: 0.27736
[  5, 23101] loss: 0.38043
[  5, 23151] loss: 0.54826
[  5, 23201] loss: 0.77118
[  5, 23251] loss: 0.29357
[  5, 23301] loss: 0.27224
[  5, 23351] loss: 0.33071
[  5, 23401] loss: 0.22870
[  5, 23451] loss: 0.19377
[  5, 23501] loss: 0.28025
[  5, 23551] loss: 0.19995
[  5, 23601] loss: 0.29717
[  5, 23651] loss: 0.70668
[  5, 23701] loss: 0.66592
[  5, 23751] loss: 0.33824
[  5, 23801] loss: 0.34254
[  5, 23851] loss: 0.47608
[  5, 23901] loss: 0.38753
[  5, 23951] loss: 0.26603
[  5, 24001] loss: 0.29727
[  5, 24051] loss: 0.57430
[  5, 24101] loss: 0.60309
[  5, 24151] loss: 0.45192
[  5, 24201] loss: 0.24042
[  5, 24251] loss: 0.23450
[  5, 24301] loss: 0.32960
[  5, 24351] loss: 0.27628
[  5, 24401] loss: 0.33854
[  5, 24451] loss: 0.61139
[  5, 24501] loss: 0.80207
[  5, 24551] loss: 0.33446
[  5, 24601] loss: 0.27752
[  5, 24651] loss: 0.41434
[  5, 24701] loss: 0.40509
[  5, 24751] loss: 0.37152
[  5, 24801] loss: 0.59574
[  5, 24851] loss: 0.61360
[  5, 24901] loss: 0.40702
[  5, 24951] loss: 0.31531
Finished training
Accuracy on train: 0.90476
Accuracy on test: 0.63874
