{'word_context': 13, 'word_embed_size': 100, 'word_conv_units': 300, 'hidden_units': 0, 'dropout': False, 'batch_size': 50}
train set done
test set done
<bound method MixedNet.parameters of MixedNet (
  (W_wrd): DataParallel (
    (module): Embedding(89528, 100)
  )
  (word_level_conv): DataParallel (
    (module): Conv2d(1, 300, kernel_size=(100, 13), stride=(1, 1), padding=(0, 6))
  )
  (word_level_maxpool): DataParallel (
    (module): AdaptiveMaxPool2d (output_size=(300, 1))
  )
  (fc1): DataParallel (
    (module): Linear (300 -> 2)
  )
)>
[  1,     1] loss: 1.09026
[  1,    51] loss: 0.73084
[  1,   101] loss: 0.93880
[  1,   151] loss: 0.96753
[  1,   201] loss: 0.71921
[  1,   251] loss: 0.70199
[  1,   301] loss: 0.80900
[  1,   351] loss: 0.77018
[  1,   401] loss: 0.71377
[  1,   451] loss: 0.71562
[  1,   501] loss: 0.68434
[  1,   551] loss: 0.67692
[  1,   601] loss: 0.79132
[  1,   651] loss: 0.77188
[  1,   701] loss: 0.80391
[  1,   751] loss: 0.68552
[  1,   801] loss: 0.75703
[  1,   851] loss: 0.82523
[  1,   901] loss: 0.66804
[  1,   951] loss: 0.66811
[  1,  1001] loss: 0.72426
[  1,  1051] loss: 0.68916
[  1,  1101] loss: 0.67403
[  1,  1151] loss: 0.71463
[  1,  1201] loss: 0.71274
[  1,  1251] loss: 0.69215
[  1,  1301] loss: 0.68956
[  1,  1351] loss: 0.68626
[  1,  1401] loss: 0.71128
[  1,  1451] loss: 0.69978
[  1,  1501] loss: 0.68967
[  1,  1551] loss: 0.69856
[  1,  1601] loss: 0.70181
[  1,  1651] loss: 0.65934
[  1,  1701] loss: 0.70327
[  1,  1751] loss: 0.69090
[  1,  1801] loss: 0.66925
[  1,  1851] loss: 0.66759
[  1,  1901] loss: 0.68077
[  1,  1951] loss: 0.71229
[  1,  2001] loss: 0.69954
[  1,  2051] loss: 0.65736
[  1,  2101] loss: 0.70153
[  1,  2151] loss: 0.68059
[  1,  2201] loss: 0.70483
[  1,  2251] loss: 0.65438
[  1,  2301] loss: 0.67125
[  1,  2351] loss: 0.66941
[  1,  2401] loss: 0.70350
[  1,  2451] loss: 0.62058
[  1,  2501] loss: 0.67703
[  1,  2551] loss: 0.72456
[  1,  2601] loss: 0.61436
[  1,  2651] loss: 0.74916
[  1,  2701] loss: 0.72809
[  1,  2751] loss: 0.70459
[  1,  2801] loss: 0.67079
[  1,  2851] loss: 0.68506
[  1,  2901] loss: 0.66578
[  1,  2951] loss: 0.70191
[  1,  3001] loss: 0.66705
[  1,  3051] loss: 0.64330
[  1,  3101] loss: 0.64584
[  1,  3151] loss: 0.60808
[  1,  3201] loss: 0.68045
[  1,  3251] loss: 0.69814
[  1,  3301] loss: 0.71849
[  1,  3351] loss: 0.72612
[  1,  3401] loss: 0.60686
[  1,  3451] loss: 0.61507
[  1,  3501] loss: 0.70631
[  1,  3551] loss: 0.74958
[  1,  3601] loss: 0.67261
[  1,  3651] loss: 0.66894
[  1,  3701] loss: 0.65082
[  1,  3751] loss: 0.67341
[  1,  3801] loss: 0.66456
[  1,  3851] loss: 0.69740
[  1,  3901] loss: 0.70220
[  1,  3951] loss: 0.65357
[  1,  4001] loss: 0.79760
[  1,  4051] loss: 0.77282
[  1,  4101] loss: 0.67350
[  1,  4151] loss: 0.66425
[  1,  4201] loss: 0.61862
[  1,  4251] loss: 0.76748
[  1,  4301] loss: 0.60969
[  1,  4351] loss: 0.70455
[  1,  4401] loss: 0.64565
[  1,  4451] loss: 0.65920
[  1,  4501] loss: 0.65127
[  1,  4551] loss: 0.68859
[  1,  4601] loss: 0.63216
[  1,  4651] loss: 0.70849
[  1,  4701] loss: 0.63225
[  1,  4751] loss: 0.60929
[  1,  4801] loss: 0.57388
[  1,  4851] loss: 0.69078
[  1,  4901] loss: 0.64867
[  1,  4951] loss: 0.63251
[  1,  5001] loss: 0.57612
[  1,  5051] loss: 0.66761
[  1,  5101] loss: 0.74952
[  1,  5151] loss: 0.64371
[  1,  5201] loss: 0.69143
[  1,  5251] loss: 0.62020
[  1,  5301] loss: 0.66831
[  1,  5351] loss: 0.65662
[  1,  5401] loss: 0.68263
[  1,  5451] loss: 0.63515
[  1,  5501] loss: 0.62672
[  1,  5551] loss: 0.58410
[  1,  5601] loss: 0.64311
[  1,  5651] loss: 0.61907
[  1,  5701] loss: 0.69937
[  1,  5751] loss: 0.70003
[  1,  5801] loss: 0.64283
[  1,  5851] loss: 0.63705
[  1,  5901] loss: 0.65628
[  1,  5951] loss: 0.64109
[  1,  6001] loss: 0.65442
[  1,  6051] loss: 0.60216
[  1,  6101] loss: 0.73287
[  1,  6151] loss: 0.64633
[  1,  6201] loss: 0.80711
[  1,  6251] loss: 0.70667
[  1,  6301] loss: 0.60732
[  1,  6351] loss: 0.67671
[  1,  6401] loss: 1.05607
[  1,  6451] loss: 0.90379
[  1,  6501] loss: 0.65318
[  1,  6551] loss: 0.62109
[  1,  6601] loss: 0.68174
[  1,  6651] loss: 0.91853
[  1,  6701] loss: 0.88011
[  1,  6751] loss: 0.64654
[  1,  6801] loss: 0.60000
[  1,  6851] loss: 0.81512
[  1,  6901] loss: 0.86364
[  1,  6951] loss: 1.05703
[  1,  7001] loss: 0.81301
[  1,  7051] loss: 0.66623
[  1,  7101] loss: 0.63371
[  1,  7151] loss: 0.79569
[  1,  7201] loss: 0.92253
[  1,  7251] loss: 0.95629
[  1,  7301] loss: 0.70267
[  1,  7351] loss: 0.65198
[  1,  7401] loss: 0.83388
[  1,  7451] loss: 0.79277
[  1,  7501] loss: 0.71400
[  1,  7551] loss: 0.85407
[  1,  7601] loss: 0.61510
[  1,  7651] loss: 0.65855
[  1,  7701] loss: 0.79386
[  1,  7751] loss: 0.69824
[  1,  7801] loss: 0.71571
[  1,  7851] loss: 0.71168
[  1,  7901] loss: 0.66504
[  1,  7951] loss: 0.68286
[  1,  8001] loss: 0.67532
[  1,  8051] loss: 0.73311
[  1,  8101] loss: 0.56230
[  1,  8151] loss: 0.64902
[  1,  8201] loss: 0.65792
[  1,  8251] loss: 0.65433
[  1,  8301] loss: 0.49311
[  1,  8351] loss: 0.65379
[  1,  8401] loss: 0.60840
[  1,  8451] loss: 0.57837
[  1,  8501] loss: 0.81846
[  1,  8551] loss: 0.69101
[  1,  8601] loss: 0.62250
[  1,  8651] loss: 0.70181
[  1,  8701] loss: 0.71990
[  1,  8751] loss: 0.66983
[  1,  8801] loss: 0.57093
[  1,  8851] loss: 0.63133
[  1,  8901] loss: 0.74104
[  1,  8951] loss: 0.71749
[  1,  9001] loss: 0.62829
[  1,  9051] loss: 0.70674
[  1,  9101] loss: 0.67099
[  1,  9151] loss: 0.66555
[  1,  9201] loss: 0.62936
[  1,  9251] loss: 0.62125
[  1,  9301] loss: 0.61240
[  1,  9351] loss: 0.62982
[  1,  9401] loss: 0.60871
[  1,  9451] loss: 0.56106
[  1,  9501] loss: 0.61160
[  1,  9551] loss: 0.66021
[  1,  9601] loss: 0.68502
[  1,  9651] loss: 0.69081
[  1,  9701] loss: 0.71007
[  1,  9751] loss: 0.60701
[  1,  9801] loss: 0.64755
[  1,  9851] loss: 0.65695
[  1,  9901] loss: 0.64078
[  1,  9951] loss: 0.55159
[  1, 10001] loss: 0.55703
[  1, 10051] loss: 0.60882
[  1, 10101] loss: 0.64977
[  1, 10151] loss: 0.72262
[  1, 10201] loss: 0.60786
[  1, 10251] loss: 0.72200
[  1, 10301] loss: 0.64422
[  1, 10351] loss: 0.67370
[  1, 10401] loss: 0.60555
[  1, 10451] loss: 0.63029
[  1, 10501] loss: 0.73584
[  1, 10551] loss: 0.66042
[  1, 10601] loss: 0.70209
[  1, 10651] loss: 0.65433
[  1, 10701] loss: 0.58090
[  1, 10751] loss: 0.67952
[  1, 10801] loss: 0.65594
[  1, 10851] loss: 0.61758
[  1, 10901] loss: 0.62616
[  1, 10951] loss: 0.56375
[  1, 11001] loss: 0.63064
[  1, 11051] loss: 0.65085
[  1, 11101] loss: 0.67664
[  1, 11151] loss: 0.64670
[  1, 11201] loss: 0.74572
[  1, 11251] loss: 0.66359
[  1, 11301] loss: 0.65141
[  1, 11351] loss: 0.60504
[  1, 11401] loss: 0.60372
[  1, 11451] loss: 0.65521
[  1, 11501] loss: 0.56663
[  1, 11551] loss: 0.72022
[  1, 11601] loss: 0.60307
[  1, 11651] loss: 0.63410
[  1, 11701] loss: 0.64282
[  1, 11751] loss: 0.67159
[  1, 11801] loss: 0.63974
[  1, 11851] loss: 0.66004
[  1, 11901] loss: 0.65604
[  1, 11951] loss: 0.70605
[  1, 12001] loss: 0.69890
[  1, 12051] loss: 0.62902
[  1, 12101] loss: 0.70972
[  1, 12151] loss: 0.66041
[  1, 12201] loss: 0.65921
[  1, 12251] loss: 0.60855
[  1, 12301] loss: 0.63717
[  1, 12351] loss: 0.90708
[  1, 12401] loss: 0.63399
[  1, 12451] loss: 0.62359
[  1, 12501] loss: 0.58993
[  1, 12551] loss: 0.74991
[  1, 12601] loss: 0.71395
[  1, 12651] loss: 0.76269
[  1, 12701] loss: 0.71275
[  1, 12751] loss: 0.72847
[  1, 12801] loss: 0.86498
[  1, 12851] loss: 0.80396
[  1, 12901] loss: 0.82353
[  1, 12951] loss: 0.70021
[  1, 13001] loss: 0.61926
[  1, 13051] loss: 0.73531
[  1, 13101] loss: 0.68943
[  1, 13151] loss: 0.61206
[  1, 13201] loss: 0.69558
[  1, 13251] loss: 0.66724
[  1, 13301] loss: 0.68579
[  1, 13351] loss: 0.61300
[  1, 13401] loss: 0.54968
[  1, 13451] loss: 0.62587
[  1, 13501] loss: 0.64035
[  1, 13551] loss: 0.66763
[  1, 13601] loss: 0.59978
[  1, 13651] loss: 0.68950
[  1, 13701] loss: 0.68140
[  1, 13751] loss: 0.60844
[  1, 13801] loss: 0.62564
[  1, 13851] loss: 0.65003
[  1, 13901] loss: 0.62808
[  1, 13951] loss: 0.64402
[  1, 14001] loss: 0.54196
[  1, 14051] loss: 0.77666
[  1, 14101] loss: 0.59890
[  1, 14151] loss: 0.62956
[  1, 14201] loss: 0.72050
[  1, 14251] loss: 0.66052
[  1, 14301] loss: 0.75968
[  1, 14351] loss: 0.52085
[  1, 14401] loss: 0.70242
[  1, 14451] loss: 0.78541
[  1, 14501] loss: 0.62022
[  1, 14551] loss: 0.62172
[  1, 14601] loss: 0.71114
[  1, 14651] loss: 0.61089
[  1, 14701] loss: 0.77582
[  1, 14751] loss: 0.57651
[  1, 14801] loss: 0.59176
[  1, 14851] loss: 0.70137
[  1, 14901] loss: 0.67554
[  1, 14951] loss: 0.67645
[  1, 15001] loss: 0.69024
[  1, 15051] loss: 0.67094
[  1, 15101] loss: 0.59113
[  1, 15151] loss: 0.53928
[  1, 15201] loss: 0.65143
[  1, 15251] loss: 0.65469
[  1, 15301] loss: 0.57968
[  1, 15351] loss: 0.64910
[  1, 15401] loss: 0.56044
[  1, 15451] loss: 0.64894
[  1, 15501] loss: 0.66467
[  1, 15551] loss: 0.66217
[  1, 15601] loss: 0.60918
[  1, 15651] loss: 0.70465
[  1, 15701] loss: 0.82953
[  1, 15751] loss: 0.64945
[  1, 15801] loss: 0.58757
[  1, 15851] loss: 0.60261
[  1, 15901] loss: 0.57467
[  1, 15951] loss: 0.57301
[  1, 16001] loss: 0.70278
[  1, 16051] loss: 0.71606
[  1, 16101] loss: 0.56657
[  1, 16151] loss: 0.61740
[  1, 16201] loss: 0.70930
[  1, 16251] loss: 0.55254
[  1, 16301] loss: 0.54060
[  1, 16351] loss: 0.64621
[  1, 16401] loss: 0.60643
[  1, 16451] loss: 0.57717
[  1, 16501] loss: 0.68706
[  1, 16551] loss: 0.61467
[  1, 16601] loss: 0.68069
[  1, 16651] loss: 0.63703
[  1, 16701] loss: 0.59789
[  1, 16751] loss: 0.67866
[  1, 16801] loss: 0.70354
[  1, 16851] loss: 0.72363
[  1, 16901] loss: 0.66514
[  1, 16951] loss: 0.58600
[  1, 17001] loss: 0.61935
[  1, 17051] loss: 0.66084
[  1, 17101] loss: 0.63087
[  1, 17151] loss: 0.64942
[  1, 17201] loss: 0.47100
[  1, 17251] loss: 0.60480
[  1, 17301] loss: 0.69337
[  1, 17351] loss: 0.57191
[  1, 17401] loss: 0.69541
[  1, 17451] loss: 0.68231
[  1, 17501] loss: 0.60862
[  1, 17551] loss: 0.66282
[  1, 17601] loss: 0.65638
[  1, 17651] loss: 0.62901
[  1, 17701] loss: 0.57932
[  1, 17751] loss: 0.50938
[  1, 17801] loss: 0.60245
[  1, 17851] loss: 0.71253
[  1, 17901] loss: 0.62327
[  1, 17951] loss: 0.69414
[  1, 18001] loss: 0.59580
[  1, 18051] loss: 0.70699
[  1, 18101] loss: 0.63893
[  1, 18151] loss: 0.65026
[  1, 18201] loss: 0.64777
[  1, 18251] loss: 0.64898
[  1, 18301] loss: 0.72524
[  1, 18351] loss: 0.69591
[  1, 18401] loss: 0.64204
[  1, 18451] loss: 0.71383
[  1, 18501] loss: 0.76809
[  1, 18551] loss: 0.67103
[  1, 18601] loss: 0.65264
[  1, 18651] loss: 0.72755
[  1, 18701] loss: 0.77877
[  1, 18751] loss: 0.71533
[  1, 18801] loss: 0.56272
[  1, 18851] loss: 0.69707
[  1, 18901] loss: 0.70179
[  1, 18951] loss: 0.60181
[  1, 19001] loss: 0.61133
[  1, 19051] loss: 0.66040
[  1, 19101] loss: 0.80032
[  1, 19151] loss: 0.66149
[  1, 19201] loss: 0.63477
[  1, 19251] loss: 0.80551
[  1, 19301] loss: 0.59786
[  1, 19351] loss: 0.57772
[  1, 19401] loss: 0.63672
[  1, 19451] loss: 0.59925
[  1, 19501] loss: 0.72132
[  1, 19551] loss: 0.64364
[  1, 19601] loss: 0.71111
[  1, 19651] loss: 0.62945
[  1, 19701] loss: 0.58764
[  1, 19751] loss: 0.68465
[  1, 19801] loss: 0.57599
[  1, 19851] loss: 0.64880
[  1, 19901] loss: 0.74390
[  1, 19951] loss: 0.71650
[  1, 20001] loss: 0.65928
[  1, 20051] loss: 0.73171
[  1, 20101] loss: 0.57330
[  1, 20151] loss: 0.67715
[  1, 20201] loss: 0.62038
[  1, 20251] loss: 0.63285
[  1, 20301] loss: 0.65553
[  1, 20351] loss: 0.58203
[  1, 20401] loss: 0.65370
[  1, 20451] loss: 0.63745
[  1, 20501] loss: 0.69544
[  1, 20551] loss: 0.61305
[  1, 20601] loss: 0.71752
[  1, 20651] loss: 0.60181
[  1, 20701] loss: 0.49822
[  1, 20751] loss: 0.62600
[  1, 20801] loss: 0.66006
[  1, 20851] loss: 0.65527
[  1, 20901] loss: 0.77112
[  1, 20951] loss: 0.61375
[  1, 21001] loss: 0.64246
[  1, 21051] loss: 0.59658
[  1, 21101] loss: 0.72822
[  1, 21151] loss: 0.65340
[  1, 21201] loss: 0.58813
[  1, 21251] loss: 0.66743
[  1, 21301] loss: 0.55640
[  1, 21351] loss: 0.59814
[  1, 21401] loss: 0.60879
[  1, 21451] loss: 0.61090
[  1, 21501] loss: 0.70189
[  1, 21551] loss: 0.63072
[  1, 21601] loss: 0.64684
[  1, 21651] loss: 0.56114
[  1, 21701] loss: 0.57872
[  1, 21751] loss: 0.62857
[  1, 21801] loss: 0.64505
[  1, 21851] loss: 0.68931
[  1, 21901] loss: 0.62507
[  1, 21951] loss: 0.65415
[  1, 22001] loss: 0.61098
[  1, 22051] loss: 0.56199
[  1, 22101] loss: 0.67125
[  1, 22151] loss: 0.54224
[  1, 22201] loss: 0.63286
[  1, 22251] loss: 0.59544
[  1, 22301] loss: 0.79672
[  1, 22351] loss: 0.64833
[  1, 22401] loss: 0.66604
[  1, 22451] loss: 0.60468
[  1, 22501] loss: 0.73771
[  1, 22551] loss: 0.60945
[  1, 22601] loss: 0.58454
[  1, 22651] loss: 0.78286
[  1, 22701] loss: 0.56059
[  1, 22751] loss: 0.60499
[  1, 22801] loss: 0.61248
[  1, 22851] loss: 0.62971
[  1, 22901] loss: 0.60452
[  1, 22951] loss: 0.65126
[  1, 23001] loss: 0.61720
[  1, 23051] loss: 0.64419
[  1, 23101] loss: 0.70027
[  1, 23151] loss: 0.61028
[  1, 23201] loss: 0.64112
[  1, 23251] loss: 0.68803
[  1, 23301] loss: 0.71405
[  1, 23351] loss: 0.59274
[  1, 23401] loss: 0.56786
[  1, 23451] loss: 0.64995
[  1, 23501] loss: 0.70838
[  1, 23551] loss: 0.55577
[  1, 23601] loss: 0.77998
[  1, 23651] loss: 0.67351
[  1, 23701] loss: 0.62156
[  1, 23751] loss: 0.59679
[  1, 23801] loss: 0.57476
[  1, 23851] loss: 0.67689
[  1, 23901] loss: 0.61410
[  1, 23951] loss: 0.60325
[  1, 24001] loss: 0.62506
[  1, 24051] loss: 0.69438
[  1, 24101] loss: 0.67446
[  1, 24151] loss: 0.57929
[  1, 24201] loss: 0.58374
[  1, 24251] loss: 0.83122
[  1, 24301] loss: 0.72042
[  1, 24351] loss: 0.76127
[  1, 24401] loss: 0.59207
[  1, 24451] loss: 0.63772
[  1, 24501] loss: 0.63276
[  1, 24551] loss: 0.62442
[  1, 24601] loss: 0.57482
[  1, 24651] loss: 0.58003
[  1, 24701] loss: 0.65165
[  1, 24751] loss: 0.61132
[  1, 24801] loss: 0.61612
[  1, 24851] loss: 0.66771
[  1, 24901] loss: 0.53134
[  1, 24951] loss: 0.58982
[  2,     1] loss: 0.58863
[  2,    51] loss: 0.55795
[  2,   101] loss: 0.54326
[  2,   151] loss: 0.55835
[  2,   201] loss: 0.61990
[  2,   251] loss: 0.51962
[  2,   301] loss: 0.62552
[  2,   351] loss: 0.62274
[  2,   401] loss: 0.56231
[  2,   451] loss: 0.58123
[  2,   501] loss: 0.58406
[  2,   551] loss: 0.54480
[  2,   601] loss: 0.71179
[  2,   651] loss: 0.59713
[  2,   701] loss: 0.52680
[  2,   751] loss: 0.57448
[  2,   801] loss: 0.60992
[  2,   851] loss: 0.72169
[  2,   901] loss: 0.54987
[  2,   951] loss: 0.51857
[  2,  1001] loss: 0.58381
[  2,  1051] loss: 0.53036
[  2,  1101] loss: 0.48464
[  2,  1151] loss: 0.58556
[  2,  1201] loss: 0.63806
[  2,  1251] loss: 0.57155
[  2,  1301] loss: 0.57555
[  2,  1351] loss: 0.52814
[  2,  1401] loss: 0.58526
[  2,  1451] loss: 0.52122
[  2,  1501] loss: 0.47819
[  2,  1551] loss: 0.57173
[  2,  1601] loss: 0.65811
[  2,  1651] loss: 0.50447
[  2,  1701] loss: 0.56786
[  2,  1751] loss: 0.53420
[  2,  1801] loss: 0.57984
[  2,  1851] loss: 0.53391
[  2,  1901] loss: 0.55735
[  2,  1951] loss: 0.63205
[  2,  2001] loss: 0.58511
[  2,  2051] loss: 0.62286
[  2,  2101] loss: 0.52845
[  2,  2151] loss: 0.50944
[  2,  2201] loss: 0.58998
[  2,  2251] loss: 0.56050
[  2,  2301] loss: 0.47992
[  2,  2351] loss: 0.54774
[  2,  2401] loss: 0.60762
[  2,  2451] loss: 0.43674
[  2,  2501] loss: 0.53288
[  2,  2551] loss: 0.55567
[  2,  2601] loss: 0.49890
[  2,  2651] loss: 0.53131
[  2,  2701] loss: 0.60393
[  2,  2751] loss: 0.56879
[  2,  2801] loss: 0.55746
[  2,  2851] loss: 0.57388
[  2,  2901] loss: 0.51063
[  2,  2951] loss: 0.47662
[  2,  3001] loss: 0.52313
[  2,  3051] loss: 0.46087
[  2,  3101] loss: 0.57142
[  2,  3151] loss: 0.50080
[  2,  3201] loss: 0.44361
[  2,  3251] loss: 0.48729
[  2,  3301] loss: 0.53890
[  2,  3351] loss: 0.61824
[  2,  3401] loss: 0.49770
[  2,  3451] loss: 0.44582
[  2,  3501] loss: 0.70660
[  2,  3551] loss: 0.61646
[  2,  3601] loss: 0.48320
[  2,  3651] loss: 0.50432
[  2,  3701] loss: 0.49802
[  2,  3751] loss: 0.47045
[  2,  3801] loss: 0.48749
[  2,  3851] loss: 0.57842
[  2,  3901] loss: 0.59033
[  2,  3951] loss: 0.52431
[  2,  4001] loss: 0.63067
[  2,  4051] loss: 0.56269
[  2,  4101] loss: 0.60642
[  2,  4151] loss: 0.49483
[  2,  4201] loss: 0.45157
[  2,  4251] loss: 0.61758
[  2,  4301] loss: 0.48169
[  2,  4351] loss: 0.52822
[  2,  4401] loss: 0.57584
[  2,  4451] loss: 0.50319
[  2,  4501] loss: 0.55613
[  2,  4551] loss: 0.52892
[  2,  4601] loss: 0.50190
[  2,  4651] loss: 0.51327
[  2,  4701] loss: 0.47818
[  2,  4751] loss: 0.50098
[  2,  4801] loss: 0.42147
[  2,  4851] loss: 0.57636
[  2,  4901] loss: 0.47369
[  2,  4951] loss: 0.50891
[  2,  5001] loss: 0.42791
[  2,  5051] loss: 0.55394
[  2,  5101] loss: 0.49899
[  2,  5151] loss: 0.48254
[  2,  5201] loss: 0.48807
[  2,  5251] loss: 0.45938
[  2,  5301] loss: 0.52826
[  2,  5351] loss: 0.51432
[  2,  5401] loss: 0.47185
[  2,  5451] loss: 0.44140
[  2,  5501] loss: 0.44246
[  2,  5551] loss: 0.52376
[  2,  5601] loss: 0.45232
[  2,  5651] loss: 0.46095
[  2,  5701] loss: 0.55855
[  2,  5751] loss: 0.52850
[  2,  5801] loss: 0.52667
[  2,  5851] loss: 0.41984
[  2,  5901] loss: 0.52265
[  2,  5951] loss: 0.45816
[  2,  6001] loss: 0.48689
[  2,  6051] loss: 0.37434
[  2,  6101] loss: 0.57642
[  2,  6151] loss: 0.53513
[  2,  6201] loss: 0.54049
[  2,  6251] loss: 0.52972
[  2,  6301] loss: 0.41856
[  2,  6351] loss: 0.55595
[  2,  6401] loss: 0.75954
[  2,  6451] loss: 0.59220
[  2,  6501] loss: 0.46547
[  2,  6551] loss: 0.53676
[  2,  6601] loss: 0.51865
[  2,  6651] loss: 0.62775
[  2,  6701] loss: 0.51814
[  2,  6751] loss: 0.50382
[  2,  6801] loss: 0.47577
[  2,  6851] loss: 0.64027
[  2,  6901] loss: 0.51304
[  2,  6951] loss: 0.57492
[  2,  7001] loss: 0.67587
[  2,  7051] loss: 0.53614
[  2,  7101] loss: 0.51730
[  2,  7151] loss: 0.54464
[  2,  7201] loss: 0.44950
[  2,  7251] loss: 0.48327
[  2,  7301] loss: 0.40430
[  2,  7351] loss: 0.54989
[  2,  7401] loss: 0.58949
[  2,  7451] loss: 0.40901
[  2,  7501] loss: 0.39912
[  2,  7551] loss: 0.55941
[  2,  7601] loss: 0.41269
[  2,  7651] loss: 0.46380
[  2,  7701] loss: 0.52782
[  2,  7751] loss: 0.43993
[  2,  7801] loss: 0.42288
[  2,  7851] loss: 0.47384
[  2,  7901] loss: 0.44219
[  2,  7951] loss: 0.40733
[  2,  8001] loss: 0.43669
[  2,  8051] loss: 0.43528
[  2,  8101] loss: 0.41592
[  2,  8151] loss: 0.44384
[  2,  8201] loss: 0.57030
[  2,  8251] loss: 0.43532
[  2,  8301] loss: 0.35045
[  2,  8351] loss: 0.49775
[  2,  8401] loss: 0.43463
[  2,  8451] loss: 0.38046
[  2,  8501] loss: 0.68609
[  2,  8551] loss: 0.51468
[  2,  8601] loss: 0.41006
[  2,  8651] loss: 0.61195
[  2,  8701] loss: 0.54987
[  2,  8751] loss: 0.45048
[  2,  8801] loss: 0.46069
[  2,  8851] loss: 0.47487
[  2,  8901] loss: 0.55186
[  2,  8951] loss: 0.45955
[  2,  9001] loss: 0.49315
[  2,  9051] loss: 0.56285
[  2,  9101] loss: 0.43422
[  2,  9151] loss: 0.46731
[  2,  9201] loss: 0.45734
[  2,  9251] loss: 0.41097
[  2,  9301] loss: 0.41922
[  2,  9351] loss: 0.42118
[  2,  9401] loss: 0.43113
[  2,  9451] loss: 0.45516
[  2,  9501] loss: 0.46789
[  2,  9551] loss: 0.46791
[  2,  9601] loss: 0.43258
[  2,  9651] loss: 0.49427
[  2,  9701] loss: 0.56853
[  2,  9751] loss: 0.42576
[  2,  9801] loss: 0.43256
[  2,  9851] loss: 0.52771
[  2,  9901] loss: 0.47837
[  2,  9951] loss: 0.35022
[  2, 10001] loss: 0.37751
[  2, 10051] loss: 0.41179
[  2, 10101] loss: 0.41810
[  2, 10151] loss: 0.46933
[  2, 10201] loss: 0.45476
[  2, 10251] loss: 0.54572
[  2, 10301] loss: 0.44347
[  2, 10351] loss: 0.48086
[  2, 10401] loss: 0.39002
[  2, 10451] loss: 0.45270
[  2, 10501] loss: 0.48288
[  2, 10551] loss: 0.49961
[  2, 10601] loss: 0.53096
[  2, 10651] loss: 0.49506
[  2, 10701] loss: 0.34333
[  2, 10751] loss: 0.44831
[  2, 10801] loss: 0.42434
[  2, 10851] loss: 0.39110
[  2, 10901] loss: 0.41798
[  2, 10951] loss: 0.37680
[  2, 11001] loss: 0.41253
[  2, 11051] loss: 0.44275
[  2, 11101] loss: 0.42649
[  2, 11151] loss: 0.38051
[  2, 11201] loss: 0.47162
[  2, 11251] loss: 0.43489
[  2, 11301] loss: 0.42140
[  2, 11351] loss: 0.42422
[  2, 11401] loss: 0.38412
[  2, 11451] loss: 0.39966
[  2, 11501] loss: 0.41333
[  2, 11551] loss: 0.46499
[  2, 11601] loss: 0.35007
[  2, 11651] loss: 0.41467
[  2, 11701] loss: 0.45518
[  2, 11751] loss: 0.48258
[  2, 11801] loss: 0.44594
[  2, 11851] loss: 0.44769
[  2, 11901] loss: 0.43371
[  2, 11951] loss: 0.45586
[  2, 12001] loss: 0.47984
[  2, 12051] loss: 0.41400
[  2, 12101] loss: 0.50617
[  2, 12151] loss: 0.46779
[  2, 12201] loss: 0.41814
[  2, 12251] loss: 0.38358
[  2, 12301] loss: 0.42205
[  2, 12351] loss: 0.60285
[  2, 12401] loss: 0.37887
[  2, 12451] loss: 0.39680
[  2, 12501] loss: 0.37787
[  2, 12551] loss: 0.47069
[  2, 12601] loss: 0.46287
[  2, 12651] loss: 0.42591
[  2, 12701] loss: 0.45749
[  2, 12751] loss: 0.46343
[  2, 12801] loss: 0.55684
[  2, 12851] loss: 0.44991
[  2, 12901] loss: 0.40113
[  2, 12951] loss: 0.54350
[  2, 13001] loss: 0.41235
[  2, 13051] loss: 0.43670
[  2, 13101] loss: 0.38305
[  2, 13151] loss: 0.27898
[  2, 13201] loss: 0.46159
[  2, 13251] loss: 0.42765
[  2, 13301] loss: 0.46946
[  2, 13351] loss: 0.42029
[  2, 13401] loss: 0.39249
[  2, 13451] loss: 0.36745
[  2, 13501] loss: 0.39805
[  2, 13551] loss: 0.48680
[  2, 13601] loss: 0.39511
[  2, 13651] loss: 0.44712
[  2, 13701] loss: 0.42446
[  2, 13751] loss: 0.49119
[  2, 13801] loss: 0.41421
[  2, 13851] loss: 0.39563
[  2, 13901] loss: 0.39279
[  2, 13951] loss: 0.42209
[  2, 14001] loss: 0.33192
[  2, 14051] loss: 0.50341
[  2, 14101] loss: 0.33090
[  2, 14151] loss: 0.40921
[  2, 14201] loss: 0.51882
[  2, 14251] loss: 0.39127
[  2, 14301] loss: 0.56212
[  2, 14351] loss: 0.35001
[  2, 14401] loss: 0.45754
[  2, 14451] loss: 0.50759
[  2, 14501] loss: 0.36879
[  2, 14551] loss: 0.42890
[  2, 14601] loss: 0.53132
[  2, 14651] loss: 0.36038
[  2, 14701] loss: 0.40181
[  2, 14751] loss: 0.35247
[  2, 14801] loss: 0.42732
[  2, 14851] loss: 0.38979
[  2, 14901] loss: 0.35555
[  2, 14951] loss: 0.48814
[  2, 15001] loss: 0.46091
[  2, 15051] loss: 0.36694
[  2, 15101] loss: 0.41191
[  2, 15151] loss: 0.35196
[  2, 15201] loss: 0.36659
[  2, 15251] loss: 0.42120
[  2, 15301] loss: 0.35417
[  2, 15351] loss: 0.35330
[  2, 15401] loss: 0.31709
[  2, 15451] loss: 0.45885
[  2, 15501] loss: 0.40136
[  2, 15551] loss: 0.38654
[  2, 15601] loss: 0.34764
[  2, 15651] loss: 0.44273
[  2, 15701] loss: 0.47265
[  2, 15751] loss: 0.46509
[  2, 15801] loss: 0.41675
[  2, 15851] loss: 0.35643
[  2, 15901] loss: 0.37704
[  2, 15951] loss: 0.36923
[  2, 16001] loss: 0.42177
[  2, 16051] loss: 0.42589
[  2, 16101] loss: 0.36032
[  2, 16151] loss: 0.38040
[  2, 16201] loss: 0.50154
[  2, 16251] loss: 0.31065
[  2, 16301] loss: 0.33286
[  2, 16351] loss: 0.38419
[  2, 16401] loss: 0.34513
[  2, 16451] loss: 0.31827
[  2, 16501] loss: 0.39386
[  2, 16551] loss: 0.38695
[  2, 16601] loss: 0.40437
[  2, 16651] loss: 0.36794
[  2, 16701] loss: 0.35904
[  2, 16751] loss: 0.40001
[  2, 16801] loss: 0.47593
[  2, 16851] loss: 0.48350
[  2, 16901] loss: 0.43650
[  2, 16951] loss: 0.38696
[  2, 17001] loss: 0.41309
[  2, 17051] loss: 0.39832
[  2, 17101] loss: 0.32764
[  2, 17151] loss: 0.37162
[  2, 17201] loss: 0.26391
[  2, 17251] loss: 0.34282
[  2, 17301] loss: 0.42852
[  2, 17351] loss: 0.35384
[  2, 17401] loss: 0.39638
[  2, 17451] loss: 0.41743
[  2, 17501] loss: 0.37675
[  2, 17551] loss: 0.38728
[  2, 17601] loss: 0.39341
[  2, 17651] loss: 0.36840
[  2, 17701] loss: 0.27725
[  2, 17751] loss: 0.30826
[  2, 17801] loss: 0.39406
[  2, 17851] loss: 0.45115
[  2, 17901] loss: 0.37142
[  2, 17951] loss: 0.37991
[  2, 18001] loss: 0.35465
[  2, 18051] loss: 0.41748
[  2, 18101] loss: 0.34087
[  2, 18151] loss: 0.30188
[  2, 18201] loss: 0.38049
[  2, 18251] loss: 0.35529
[  2, 18301] loss: 0.41283
[  2, 18351] loss: 0.42031
[  2, 18401] loss: 0.41200
[  2, 18451] loss: 0.40087
[  2, 18501] loss: 0.41778
[  2, 18551] loss: 0.33194
[  2, 18601] loss: 0.46431
[  2, 18651] loss: 0.40762
[  2, 18701] loss: 0.37271
[  2, 18751] loss: 0.38339
[  2, 18801] loss: 0.34940
[  2, 18851] loss: 0.45097
[  2, 18901] loss: 0.47389
[  2, 18951] loss: 0.35116
[  2, 19001] loss: 0.35371
[  2, 19051] loss: 0.40714
[  2, 19101] loss: 0.52315
[  2, 19151] loss: 0.35531
[  2, 19201] loss: 0.38383
[  2, 19251] loss: 0.38622
[  2, 19301] loss: 0.40967
[  2, 19351] loss: 0.33867
[  2, 19401] loss: 0.34410
[  2, 19451] loss: 0.38323
[  2, 19501] loss: 0.40861
[  2, 19551] loss: 0.40574
[  2, 19601] loss: 0.41538
[  2, 19651] loss: 0.27595
[  2, 19701] loss: 0.32582
[  2, 19751] loss: 0.38104
[  2, 19801] loss: 0.33701
[  2, 19851] loss: 0.31681
[  2, 19901] loss: 0.40012
[  2, 19951] loss: 0.41650
[  2, 20001] loss: 0.35228
[  2, 20051] loss: 0.43113
[  2, 20101] loss: 0.32827
[  2, 20151] loss: 0.45336
[  2, 20201] loss: 0.35034
[  2, 20251] loss: 0.37384
[  2, 20301] loss: 0.42771
[  2, 20351] loss: 0.32597
[  2, 20401] loss: 0.42291
[  2, 20451] loss: 0.31002
[  2, 20501] loss: 0.36316
[  2, 20551] loss: 0.40585
[  2, 20601] loss: 0.38528
[  2, 20651] loss: 0.35230
[  2, 20701] loss: 0.26905
[  2, 20751] loss: 0.40459
[  2, 20801] loss: 0.37124
[  2, 20851] loss: 0.37691
[  2, 20901] loss: 0.43113
[  2, 20951] loss: 0.37060
[  2, 21001] loss: 0.37744
[  2, 21051] loss: 0.42689
[  2, 21101] loss: 0.52574
[  2, 21151] loss: 0.36834
[  2, 21201] loss: 0.38553
[  2, 21251] loss: 0.36634
[  2, 21301] loss: 0.33116
[  2, 21351] loss: 0.32237
[  2, 21401] loss: 0.33557
[  2, 21451] loss: 0.36502
[  2, 21501] loss: 0.39523
[  2, 21551] loss: 0.35097
[  2, 21601] loss: 0.37185
[  2, 21651] loss: 0.34221
[  2, 21701] loss: 0.30530
[  2, 21751] loss: 0.43590
[  2, 21801] loss: 0.35156
[  2, 21851] loss: 0.39171
[  2, 21901] loss: 0.36445
[  2, 21951] loss: 0.40123
[  2, 22001] loss: 0.35335
[  2, 22051] loss: 0.29222
[  2, 22101] loss: 0.43611
[  2, 22151] loss: 0.29173
[  2, 22201] loss: 0.38351
[  2, 22251] loss: 0.38280
[  2, 22301] loss: 0.45751
[  2, 22351] loss: 0.40846
[  2, 22401] loss: 0.35468
[  2, 22451] loss: 0.34404
[  2, 22501] loss: 0.35837
[  2, 22551] loss: 0.39807
[  2, 22601] loss: 0.34309
[  2, 22651] loss: 0.48229
[  2, 22701] loss: 0.26753
[  2, 22751] loss: 0.33230
[  2, 22801] loss: 0.36506
[  2, 22851] loss: 0.34501
[  2, 22901] loss: 0.35672
[  2, 22951] loss: 0.39288
[  2, 23001] loss: 0.30586
[  2, 23051] loss: 0.34321
[  2, 23101] loss: 0.44613
[  2, 23151] loss: 0.38705
[  2, 23201] loss: 0.34796
[  2, 23251] loss: 0.38415
[  2, 23301] loss: 0.40877
[  2, 23351] loss: 0.31728
[  2, 23401] loss: 0.30235
[  2, 23451] loss: 0.43867
[  2, 23501] loss: 0.40593
[  2, 23551] loss: 0.32586
[  2, 23601] loss: 0.43937
[  2, 23651] loss: 0.40011
[  2, 23701] loss: 0.37144
[  2, 23751] loss: 0.30573
[  2, 23801] loss: 0.25282
[  2, 23851] loss: 0.38516
[  2, 23901] loss: 0.36102
[  2, 23951] loss: 0.36219
[  2, 24001] loss: 0.32942
[  2, 24051] loss: 0.41952
[  2, 24101] loss: 0.33986
[  2, 24151] loss: 0.30687
[  2, 24201] loss: 0.39465
[  2, 24251] loss: 0.48220
[  2, 24301] loss: 0.39704
[  2, 24351] loss: 0.45034
[  2, 24401] loss: 0.32993
[  2, 24451] loss: 0.31245
[  2, 24501] loss: 0.31524
[  2, 24551] loss: 0.40766
[  2, 24601] loss: 0.29538
[  2, 24651] loss: 0.34717
[  2, 24701] loss: 0.36292
[  2, 24751] loss: 0.31115
[  2, 24801] loss: 0.33939
[  2, 24851] loss: 0.41737
[  2, 24901] loss: 0.26005
[  2, 24951] loss: 0.31610
[  3,     1] loss: 0.33651
[  3,    51] loss: 0.30814
[  3,   101] loss: 0.28791
[  3,   151] loss: 0.28877
[  3,   201] loss: 0.35270
[  3,   251] loss: 0.29544
[  3,   301] loss: 0.38590
[  3,   351] loss: 0.36079
[  3,   401] loss: 0.28918
[  3,   451] loss: 0.35885
[  3,   501] loss: 0.31074
[  3,   551] loss: 0.25100
[  3,   601] loss: 0.34771
[  3,   651] loss: 0.35312
[  3,   701] loss: 0.28789
[  3,   751] loss: 0.31334
[  3,   801] loss: 0.31079
[  3,   851] loss: 0.49304
[  3,   901] loss: 0.28808
[  3,   951] loss: 0.29729
[  3,  1001] loss: 0.35357
[  3,  1051] loss: 0.29904
[  3,  1101] loss: 0.25876
[  3,  1151] loss: 0.24405
[  3,  1201] loss: 0.38220
[  3,  1251] loss: 0.30383
[  3,  1301] loss: 0.32744
[  3,  1351] loss: 0.23716
[  3,  1401] loss: 0.30779
[  3,  1451] loss: 0.29151
[  3,  1501] loss: 0.23408
[  3,  1551] loss: 0.26403
[  3,  1601] loss: 0.37493
[  3,  1651] loss: 0.24997
[  3,  1701] loss: 0.30988
[  3,  1751] loss: 0.24434
[  3,  1801] loss: 0.29208
[  3,  1851] loss: 0.23532
[  3,  1901] loss: 0.31788
[  3,  1951] loss: 0.27637
[  3,  2001] loss: 0.32001
[  3,  2051] loss: 0.37431
[  3,  2101] loss: 0.25434
[  3,  2151] loss: 0.25760
[  3,  2201] loss: 0.34967
[  3,  2251] loss: 0.26948
[  3,  2301] loss: 0.25722
[  3,  2351] loss: 0.29401
[  3,  2401] loss: 0.28814
[  3,  2451] loss: 0.24693
[  3,  2501] loss: 0.30703
[  3,  2551] loss: 0.25341
[  3,  2601] loss: 0.20568
[  3,  2651] loss: 0.24856
[  3,  2701] loss: 0.30308
[  3,  2751] loss: 0.29619
[  3,  2801] loss: 0.24105
[  3,  2851] loss: 0.31675
[  3,  2901] loss: 0.25864
[  3,  2951] loss: 0.20878
[  3,  3001] loss: 0.26923
[  3,  3051] loss: 0.24387
[  3,  3101] loss: 0.29590
[  3,  3151] loss: 0.26141
[  3,  3201] loss: 0.19096
[  3,  3251] loss: 0.22086
[  3,  3301] loss: 0.29030
[  3,  3351] loss: 0.35669
[  3,  3401] loss: 0.19354
[  3,  3451] loss: 0.18582
[  3,  3501] loss: 0.38713
[  3,  3551] loss: 0.33810
[  3,  3601] loss: 0.20587
[  3,  3651] loss: 0.34715
[  3,  3701] loss: 0.26537
[  3,  3751] loss: 0.21305
[  3,  3801] loss: 0.27080
[  3,  3851] loss: 0.36128
[  3,  3901] loss: 0.33816
[  3,  3951] loss: 0.31934
[  3,  4001] loss: 0.37578
[  3,  4051] loss: 0.30267
[  3,  4101] loss: 0.30626
[  3,  4151] loss: 0.35289
[  3,  4201] loss: 0.24129
[  3,  4251] loss: 0.26192
[  3,  4301] loss: 0.24689
[  3,  4351] loss: 0.27414
[  3,  4401] loss: 0.26538
[  3,  4451] loss: 0.27643
[  3,  4501] loss: 0.28005
[  3,  4551] loss: 0.26123
[  3,  4601] loss: 0.24016
[  3,  4651] loss: 0.17808
[  3,  4701] loss: 0.25684
[  3,  4751] loss: 0.34646
[  3,  4801] loss: 0.18774
[  3,  4851] loss: 0.24983
[  3,  4901] loss: 0.23308
[  3,  4951] loss: 0.23848
[  3,  5001] loss: 0.20792
[  3,  5051] loss: 0.25793
[  3,  5101] loss: 0.29442
[  3,  5151] loss: 0.23690
[  3,  5201] loss: 0.20314
[  3,  5251] loss: 0.20124
[  3,  5301] loss: 0.26351
[  3,  5351] loss: 0.34167
[  3,  5401] loss: 0.27411
[  3,  5451] loss: 0.25858
[  3,  5501] loss: 0.20367
[  3,  5551] loss: 0.25429
[  3,  5601] loss: 0.26889
[  3,  5651] loss: 0.25417
[  3,  5701] loss: 0.26839
[  3,  5751] loss: 0.20896
[  3,  5801] loss: 0.37337
[  3,  5851] loss: 0.18217
[  3,  5901] loss: 0.19960
[  3,  5951] loss: 0.19563
[  3,  6001] loss: 0.21573
[  3,  6051] loss: 0.16318
[  3,  6101] loss: 0.27027
[  3,  6151] loss: 0.23527
[  3,  6201] loss: 0.27476
[  3,  6251] loss: 0.26796
[  3,  6301] loss: 0.16575
[  3,  6351] loss: 0.29409
[  3,  6401] loss: 0.41538
[  3,  6451] loss: 0.42295
[  3,  6501] loss: 0.23986
[  3,  6551] loss: 0.23189
[  3,  6601] loss: 0.32502
[  3,  6651] loss: 0.50079
[  3,  6701] loss: 0.33083
[  3,  6751] loss: 0.21462
[  3,  6801] loss: 0.27608
[  3,  6851] loss: 0.51790
[  3,  6901] loss: 0.29127
[  3,  6951] loss: 0.27675
[  3,  7001] loss: 0.31030
[  3,  7051] loss: 0.31950
[  3,  7101] loss: 0.28255
[  3,  7151] loss: 0.30911
[  3,  7201] loss: 0.19738
[  3,  7251] loss: 0.19668
[  3,  7301] loss: 0.22303
[  3,  7351] loss: 0.24091
[  3,  7401] loss: 0.28066
[  3,  7451] loss: 0.20909
[  3,  7501] loss: 0.19776
[  3,  7551] loss: 0.20139
[  3,  7601] loss: 0.17322
[  3,  7651] loss: 0.22168
[  3,  7701] loss: 0.22069
[  3,  7751] loss: 0.13953
[  3,  7801] loss: 0.15655
[  3,  7851] loss: 0.18646
[  3,  7901] loss: 0.20935
[  3,  7951] loss: 0.12905
[  3,  8001] loss: 0.17157
[  3,  8051] loss: 0.14160
[  3,  8101] loss: 0.21151
[  3,  8151] loss: 0.16943
[  3,  8201] loss: 0.18720
[  3,  8251] loss: 0.18859
[  3,  8301] loss: 0.15824
[  3,  8351] loss: 0.24415
[  3,  8401] loss: 0.20839
[  3,  8451] loss: 0.17459
[  3,  8501] loss: 0.50610
[  3,  8551] loss: 0.35324
[  3,  8601] loss: 0.17812
[  3,  8651] loss: 0.24859
[  3,  8701] loss: 0.47799
[  3,  8751] loss: 0.39791
[  3,  8801] loss: 0.13722
[  3,  8851] loss: 0.16198
[  3,  8901] loss: 0.58163
[  3,  8951] loss: 0.52732
[  3,  9001] loss: 0.14801
[  3,  9051] loss: 0.23324
[  3,  9101] loss: 0.45788
[  3,  9151] loss: 0.44654
[  3,  9201] loss: 0.18420
[  3,  9251] loss: 0.14682
[  3,  9301] loss: 0.34000
[  3,  9351] loss: 0.47470
[  3,  9401] loss: 0.20188
[  3,  9451] loss: 0.15851
[  3,  9501] loss: 0.34311
[  3,  9551] loss: 0.30705
[  3,  9601] loss: 0.38564
[  3,  9651] loss: 0.26030
[  3,  9701] loss: 0.24965
[  3,  9751] loss: 0.39744
[  3,  9801] loss: 0.45064
[  3,  9851] loss: 0.47778
[  3,  9901] loss: 0.11632
[  3,  9951] loss: 0.21051
[  3, 10001] loss: 0.35811
[  3, 10051] loss: 0.23483
[  3, 10101] loss: 0.28284
[  3, 10151] loss: 0.13734
[  3, 10201] loss: 0.32686
[  3, 10251] loss: 0.28448
[  3, 10301] loss: 0.18630
[  3, 10351] loss: 0.26224
[  3, 10401] loss: 0.16976
[  3, 10451] loss: 0.32896
[  3, 10501] loss: 0.27628
[  3, 10551] loss: 0.25050
[  3, 10601] loss: 0.22217
[  3, 10651] loss: 0.39161
[  3, 10701] loss: 0.27555
[  3, 10751] loss: 0.23872
[  3, 10801] loss: 0.13997
[  3, 10851] loss: 0.23149
[  3, 10901] loss: 0.38593
[  3, 10951] loss: 0.26207
[  3, 11001] loss: 0.16243
[  3, 11051] loss: 0.24612
[  3, 11101] loss: 0.21854
[  3, 11151] loss: 0.26630
[  3, 11201] loss: 0.16100
[  3, 11251] loss: 0.15270
[  3, 11301] loss: 0.17952
[  3, 11351] loss: 0.33120
[  3, 11401] loss: 0.14634
[  3, 11451] loss: 0.13080
[  3, 11501] loss: 0.17562
[  3, 11551] loss: 0.34643
[  3, 11601] loss: 0.12291
[  3, 11651] loss: 0.11751
[  3, 11701] loss: 0.26981
[  3, 11751] loss: 0.21364
[  3, 11801] loss: 0.17897
[  3, 11851] loss: 0.16122
[  3, 11901] loss: 0.24968
[  3, 11951] loss: 0.20237
[  3, 12001] loss: 0.15642
[  3, 12051] loss: 0.18121
[  3, 12101] loss: 0.13965
[  3, 12151] loss: 0.12891
[  3, 12201] loss: 0.12674
[  3, 12251] loss: 0.22168
[  3, 12301] loss: 0.13318
[  3, 12351] loss: 0.20006
[  3, 12401] loss: 0.13075
[  3, 12451] loss: 0.26606
[  3, 12501] loss: 0.19846
[  3, 12551] loss: 0.12203
[  3, 12601] loss: 0.18502
[  3, 12651] loss: 0.47095
[  3, 12701] loss: 0.45578
[  3, 12751] loss: 0.14546
[  3, 12801] loss: 0.29581
[  3, 12851] loss: 0.58274
[  3, 12901] loss: 0.77569
[  3, 12951] loss: 0.30627
[  3, 13001] loss: 0.10475
[  3, 13051] loss: 0.51283
[  3, 13101] loss: 0.79577
[  3, 13151] loss: 0.53319
[  3, 13201] loss: 0.29337
[  3, 13251] loss: 0.20794
[  3, 13301] loss: 0.54642
[  3, 13351] loss: 0.60112
[  3, 13401] loss: 0.18992
[  3, 13451] loss: 0.12417
[  3, 13501] loss: 0.29532
[  3, 13551] loss: 0.34183
[  3, 13601] loss: 0.14955
[  3, 13651] loss: 0.20392
[  3, 13701] loss: 0.20171
[  3, 13751] loss: 0.23674
[  3, 13801] loss: 0.23753
[  3, 13851] loss: 0.09661
[  3, 13901] loss: 0.27737
[  3, 13951] loss: 0.37019
[  3, 14001] loss: 0.14401
[  3, 14051] loss: 0.19033
[  3, 14101] loss: 0.25289
[  3, 14151] loss: 0.31806
[  3, 14201] loss: 0.16023
[  3, 14251] loss: 0.11730
[  3, 14301] loss: 0.40127
[  3, 14351] loss: 0.33862
[  3, 14401] loss: 0.20896
[  3, 14451] loss: 0.13982
[  3, 14501] loss: 0.26089
[  3, 14551] loss: 0.48843
[  3, 14601] loss: 0.20629
[  3, 14651] loss: 0.10352
[  3, 14701] loss: 0.34894
[  3, 14751] loss: 0.36175
[  3, 14801] loss: 0.29840
[  3, 14851] loss: 0.14825
[  3, 14901] loss: 0.21110
[  3, 14951] loss: 0.28183
[  3, 15001] loss: 0.34341
[  3, 15051] loss: 0.11741
[  3, 15101] loss: 0.16786
[  3, 15151] loss: 0.17593
[  3, 15201] loss: 0.31519
[  3, 15251] loss: 0.24921
[  3, 15301] loss: 0.24122
[  3, 15351] loss: 0.17723
[  3, 15401] loss: 0.32287
[  3, 15451] loss: 0.38243
[  3, 15501] loss: 0.13813
[  3, 15551] loss: 0.13638
[  3, 15601] loss: 0.19742
[  3, 15651] loss: 0.37460
[  3, 15701] loss: 0.14545
[  3, 15751] loss: 0.16440
[  3, 15801] loss: 0.13917
[  3, 15851] loss: 0.15682
[  3, 15901] loss: 0.18486
[  3, 15951] loss: 0.09882
[  3, 16001] loss: 0.10021
[  3, 16051] loss: 0.16515
[  3, 16101] loss: 0.14825
[  3, 16151] loss: 0.09886
[  3, 16201] loss: 0.17510
[  3, 16251] loss: 0.06728
[  3, 16301] loss: 0.08519
[  3, 16351] loss: 0.11718
[  3, 16401] loss: 0.09718
[  3, 16451] loss: 0.16870
[  3, 16501] loss: 0.11462
[  3, 16551] loss: 0.11569
[  3, 16601] loss: 0.13975
[  3, 16651] loss: 0.19981
[  3, 16701] loss: 0.11097
[  3, 16751] loss: 0.08821
[  3, 16801] loss: 0.27539
[  3, 16851] loss: 0.22445
[  3, 16901] loss: 0.08815
[  3, 16951] loss: 0.09361
[  3, 17001] loss: 0.15000
[  3, 17051] loss: 0.18085
[  3, 17101] loss: 0.11490
[  3, 17151] loss: 0.09341
[  3, 17201] loss: 0.12134
[  3, 17251] loss: 0.14448
[  3, 17301] loss: 0.14312
[  3, 17351] loss: 0.09051
[  3, 17401] loss: 0.11602
[  3, 17451] loss: 0.16084
[  3, 17501] loss: 0.18756
[  3, 17551] loss: 0.10389
[  3, 17601] loss: 0.13431
[  3, 17651] loss: 0.13809
[  3, 17701] loss: 0.13963
[  3, 17751] loss: 0.12804
[  3, 17801] loss: 0.15679
[  3, 17851] loss: 0.10274
[  3, 17901] loss: 0.15797
[  3, 17951] loss: 0.11448
[  3, 18001] loss: 0.12805
[  3, 18051] loss: 0.12700
[  3, 18101] loss: 0.12176
[  3, 18151] loss: 0.09750
[  3, 18201] loss: 0.15270
[  3, 18251] loss: 0.11090
[  3, 18301] loss: 0.11967
[  3, 18351] loss: 0.14671
[  3, 18401] loss: 0.30214
[  3, 18451] loss: 0.12009
[  3, 18501] loss: 0.12314
[  3, 18551] loss: 0.22732
[  3, 18601] loss: 0.11802
[  3, 18651] loss: 0.16575
[  3, 18701] loss: 0.12493
[  3, 18751] loss: 0.22198
[  3, 18801] loss: 0.17781
[  3, 18851] loss: 0.13326
[  3, 18901] loss: 0.11563
[  3, 18951] loss: 0.10304
[  3, 19001] loss: 0.15530
[  3, 19051] loss: 0.12390
[  3, 19101] loss: 0.10555
[  3, 19151] loss: 0.09243
[  3, 19201] loss: 0.11390
[  3, 19251] loss: 0.11397
[  3, 19301] loss: 0.12445
[  3, 19351] loss: 0.18015
[  3, 19401] loss: 0.12816
[  3, 19451] loss: 0.10744
[  3, 19501] loss: 0.14162
[  3, 19551] loss: 0.12782
[  3, 19601] loss: 0.13270
[  3, 19651] loss: 0.11104
[  3, 19701] loss: 0.10587
[  3, 19751] loss: 0.17762
[  3, 19801] loss: 0.11630
[  3, 19851] loss: 0.08477
[  3, 19901] loss: 0.09184
[  3, 19951] loss: 0.14471
[  3, 20001] loss: 0.14642
[  3, 20051] loss: 0.27958
[  3, 20101] loss: 0.17121
[  3, 20151] loss: 0.08790
[  3, 20201] loss: 0.10779
[  3, 20251] loss: 0.31184
[  3, 20301] loss: 0.18483
[  3, 20351] loss: 0.12410
[  3, 20401] loss: 0.09479
[  3, 20451] loss: 0.13665
[  3, 20501] loss: 0.14259
[  3, 20551] loss: 0.17232
[  3, 20601] loss: 0.08907
[  3, 20651] loss: 0.09968
[  3, 20701] loss: 0.12072
[  3, 20751] loss: 0.10926
[  3, 20801] loss: 0.10043
[  3, 20851] loss: 0.09203
[  3, 20901] loss: 0.12681
[  3, 20951] loss: 0.11401
[  3, 21001] loss: 0.08817
[  3, 21051] loss: 0.13915
[  3, 21101] loss: 0.12037
[  3, 21151] loss: 0.10977
[  3, 21201] loss: 0.06265
[  3, 21251] loss: 0.12369
[  3, 21301] loss: 0.17099
[  3, 21351] loss: 0.07692
[  3, 21401] loss: 0.08376
[  3, 21451] loss: 0.10023
[  3, 21501] loss: 0.16714
[  3, 21551] loss: 0.17287
[  3, 21601] loss: 0.08896
[  3, 21651] loss: 0.14276
[  3, 21701] loss: 0.14551
[  3, 21751] loss: 0.11284
[  3, 21801] loss: 0.09852
[  3, 21851] loss: 0.09868
[  3, 21901] loss: 0.09412
[  3, 21951] loss: 0.12097
[  3, 22001] loss: 0.14648
[  3, 22051] loss: 0.13732
[  3, 22101] loss: 0.09147
[  3, 22151] loss: 0.08643
[  3, 22201] loss: 0.11601
[  3, 22251] loss: 0.18701
[  3, 22301] loss: 0.20737
[  3, 22351] loss: 0.11491
[  3, 22401] loss: 0.13225
[  3, 22451] loss: 0.07618
[  3, 22501] loss: 0.13384
[  3, 22551] loss: 0.11101
[  3, 22601] loss: 0.07510
[  3, 22651] loss: 0.30924
[  3, 22701] loss: 0.08078
[  3, 22751] loss: 0.10842
[  3, 22801] loss: 0.13586
[  3, 22851] loss: 0.07390
[  3, 22901] loss: 0.08059
[  3, 22951] loss: 0.09452
[  3, 23001] loss: 0.10776
[  3, 23051] loss: 0.10968
[  3, 23101] loss: 0.18917
[  3, 23151] loss: 0.09065
[  3, 23201] loss: 0.05515
[  3, 23251] loss: 0.16136
[  3, 23301] loss: 0.18964
[  3, 23351] loss: 0.09613
[  3, 23401] loss: 0.09835
[  3, 23451] loss: 0.15740
[  3, 23501] loss: 0.12972
[  3, 23551] loss: 0.08205
[  3, 23601] loss: 0.09602
[  3, 23651] loss: 0.09547
[  3, 23701] loss: 0.11337
[  3, 23751] loss: 0.14440
[  3, 23801] loss: 0.13552
[  3, 23851] loss: 0.06971
[  3, 23901] loss: 0.10412
[  3, 23951] loss: 0.30117
[  3, 24001] loss: 0.20167
[  3, 24051] loss: 0.08592
[  3, 24101] loss: 0.06645
[  3, 24151] loss: 0.21097
[  3, 24201] loss: 0.45925
[  3, 24251] loss: 0.19918
[  3, 24301] loss: 0.08437
[  3, 24351] loss: 0.19121
[  3, 24401] loss: 0.24998
[  3, 24451] loss: 0.14106
[  3, 24501] loss: 0.07714
[  3, 24551] loss: 0.08317
[  3, 24601] loss: 0.12250
[  3, 24651] loss: 0.17526
[  3, 24701] loss: 0.07375
[  3, 24751] loss: 0.07295
[  3, 24801] loss: 0.07380
[  3, 24851] loss: 0.07296
[  3, 24901] loss: 0.08264
[  3, 24951] loss: 0.07927
[  4,     1] loss: 0.07287
[  4,    51] loss: 0.08146
[  4,   101] loss: 0.06511
[  4,   151] loss: 0.08951
[  4,   201] loss: 0.08825
[  4,   251] loss: 0.06679
[  4,   301] loss: 0.06567
[  4,   351] loss: 0.06253
[  4,   401] loss: 0.31157
[  4,   451] loss: 0.14717
[  4,   501] loss: 0.09668
[  4,   551] loss: 0.06360
[  4,   601] loss: 0.08533
[  4,   651] loss: 0.08198
[  4,   701] loss: 0.05853
[  4,   751] loss: 0.05483
[  4,   801] loss: 0.05065
[  4,   851] loss: 0.17181
[  4,   901] loss: 0.07564
[  4,   951] loss: 0.07911
[  4,  1001] loss: 0.24351
[  4,  1051] loss: 0.14428
[  4,  1101] loss: 0.09027
[  4,  1151] loss: 0.06678
[  4,  1201] loss: 0.08136
[  4,  1251] loss: 0.08832
[  4,  1301] loss: 0.05614
[  4,  1351] loss: 0.04701
[  4,  1401] loss: 0.09713
[  4,  1451] loss: 0.06586
[  4,  1501] loss: 0.05203
[  4,  1551] loss: 0.09572
[  4,  1601] loss: 0.09659
[  4,  1651] loss: 0.07735
[  4,  1701] loss: 0.06013
[  4,  1751] loss: 0.06436
[  4,  1801] loss: 0.17949
[  4,  1851] loss: 0.07808
[  4,  1901] loss: 0.06590
[  4,  1951] loss: 0.10240
[  4,  2001] loss: 0.04350
[  4,  2051] loss: 0.06675
[  4,  2101] loss: 0.05664
[  4,  2151] loss: 0.05574
[  4,  2201] loss: 0.05954
[  4,  2251] loss: 0.05503
[  4,  2301] loss: 0.05058
[  4,  2351] loss: 0.05972
[  4,  2401] loss: 0.07699
[  4,  2451] loss: 0.06140
[  4,  2501] loss: 0.07179
[  4,  2551] loss: 0.07109
[  4,  2601] loss: 0.07331
[  4,  2651] loss: 0.04900
[  4,  2701] loss: 0.07471
[  4,  2751] loss: 0.14034
[  4,  2801] loss: 0.17762
[  4,  2851] loss: 0.09004
[  4,  2901] loss: 0.07003
[  4,  2951] loss: 0.03825
[  4,  3001] loss: 0.16131
[  4,  3051] loss: 0.17539
[  4,  3101] loss: 0.19414
[  4,  3151] loss: 0.05417
[  4,  3201] loss: 0.07367
[  4,  3251] loss: 0.12619
[  4,  3301] loss: 0.26570
[  4,  3351] loss: 0.10374
[  4,  3401] loss: 0.06496
[  4,  3451] loss: 0.05272
[  4,  3501] loss: 0.08868
[  4,  3551] loss: 0.11959
[  4,  3601] loss: 0.14932
[  4,  3651] loss: 0.45764
[  4,  3701] loss: 0.06963
[  4,  3751] loss: 0.04314
[  4,  3801] loss: 0.08460
[  4,  3851] loss: 0.34305
[  4,  3901] loss: 0.45494
[  4,  3951] loss: 0.38228
[  4,  4001] loss: 0.05485
[  4,  4051] loss: 0.34943
[  4,  4101] loss: 0.77421
[  4,  4151] loss: 0.42432
[  4,  4201] loss: 0.07385
[  4,  4251] loss: 0.18907
[  4,  4301] loss: 0.54751
[  4,  4351] loss: 1.08488
[  4,  4401] loss: 0.35826
[  4,  4451] loss: 0.04681
[  4,  4501] loss: 0.54429
[  4,  4551] loss: 0.90683
[  4,  4601] loss: 0.58586
[  4,  4651] loss: 0.08655
[  4,  4701] loss: 0.04913
[  4,  4751] loss: 0.40397
[  4,  4801] loss: 0.37233
[  4,  4851] loss: 0.26061
[  4,  4901] loss: 0.08681
[  4,  4951] loss: 0.04370
[  4,  5001] loss: 0.04442
[  4,  5051] loss: 0.06398
[  4,  5101] loss: 0.29936
[  4,  5151] loss: 0.15472
[  4,  5201] loss: 0.18892
[  4,  5251] loss: 0.05793
[  4,  5301] loss: 0.06547
[  4,  5351] loss: 0.39515
[  4,  5401] loss: 0.15327
[  4,  5451] loss: 0.10908
[  4,  5501] loss: 0.03567
[  4,  5551] loss: 0.07152
[  4,  5601] loss: 0.13654
[  4,  5651] loss: 0.09565
[  4,  5701] loss: 0.06657
[  4,  5751] loss: 0.13714
[  4,  5801] loss: 0.33477
[  4,  5851] loss: 0.21009
[  4,  5901] loss: 0.04336
[  4,  5951] loss: 0.04420
[  4,  6001] loss: 0.29164
[  4,  6051] loss: 0.51047
[  4,  6101] loss: 0.23458
[  4,  6151] loss: 0.15585
[  4,  6201] loss: 0.12431
[  4,  6251] loss: 0.48730
[  4,  6301] loss: 1.35459
[  4,  6351] loss: 0.43045
[  4,  6401] loss: 0.04376
[  4,  6451] loss: 0.69483
[  4,  6501] loss: 1.72085
[  4,  6551] loss: 1.52828
[  4,  6601] loss: 1.30124
[  4,  6651] loss: 0.12792
[  4,  6701] loss: 0.64071
[  4,  6751] loss: 2.48299
[  4,  6801] loss: 3.18595
[  4,  6851] loss: 0.58799
[  4,  6901] loss: 0.02700
[  4,  6951] loss: 1.03168
[  4,  7001] loss: 2.65494
[  4,  7051] loss: 2.60892
[  4,  7101] loss: 1.37828
[  4,  7151] loss: 0.13464
[  4,  7201] loss: 0.50221
[  4,  7251] loss: 2.27953
[  4,  7301] loss: 2.68543
[  4,  7351] loss: 2.57612
[  4,  7401] loss: 0.82572
[  4,  7451] loss: 0.04109
[  4,  7501] loss: 0.59244
[  4,  7551] loss: 2.31304
[  4,  7601] loss: 2.26430
[  4,  7651] loss: 1.17291
[  4,  7701] loss: 0.32756
[  4,  7751] loss: 0.09160
[  4,  7801] loss: 0.94861
[  4,  7851] loss: 1.53016
[  4,  7901] loss: 1.03224
[  4,  7951] loss: 0.24904
[  4,  8001] loss: 0.08880
[  4,  8051] loss: 0.10169
[  4,  8101] loss: 0.34108
[  4,  8151] loss: 0.37768
[  4,  8201] loss: 0.40902
[  4,  8251] loss: 0.15495
[  4,  8301] loss: 0.08687
[  4,  8351] loss: 0.09136
[  4,  8401] loss: 0.11350
[  4,  8451] loss: 0.08979
[  4,  8501] loss: 0.12395
[  4,  8551] loss: 0.29173
[  4,  8601] loss: 0.59603
[  4,  8651] loss: 0.61255
[  4,  8701] loss: 0.15941
[  4,  8751] loss: 0.05670
[  4,  8801] loss: 0.17362
[  4,  8851] loss: 0.98451
[  4,  8901] loss: 0.82657
[  4,  8951] loss: 0.41708
[  4,  9001] loss: 0.08368
[  4,  9051] loss: 0.70562
[  4,  9101] loss: 0.80728
[  4,  9151] loss: 0.66582
[  4,  9201] loss: 0.21171
[  4,  9251] loss: 0.14367
[  4,  9301] loss: 0.60709
[  4,  9351] loss: 0.29165
[  4,  9401] loss: 0.31482
[  4,  9451] loss: 0.10427
[  4,  9501] loss: 0.04190
[  4,  9551] loss: 0.11350
[  4,  9601] loss: 0.09684
[  4,  9651] loss: 0.24579
[  4,  9701] loss: 0.11239
[  4,  9751] loss: 0.04967
[  4,  9801] loss: 0.13426
[  4,  9851] loss: 0.21082
[  4,  9901] loss: 0.21850
[  4,  9951] loss: 0.31121
[  4, 10001] loss: 0.19878
[  4, 10051] loss: 0.12593
[  4, 10101] loss: 0.21644
[  4, 10151] loss: 0.28258
[  4, 10201] loss: 0.29372
[  4, 10251] loss: 0.56866
[  4, 10301] loss: 0.21558
[  4, 10351] loss: 0.18791
[  4, 10401] loss: 0.25859
[  4, 10451] loss: 0.40140
[  4, 10501] loss: 0.33224
[  4, 10551] loss: 0.13213
[  4, 10601] loss: 0.09325
[  4, 10651] loss: 0.13138
[  4, 10701] loss: 0.16018
[  4, 10751] loss: 0.27343
[  4, 10801] loss: 0.07983
[  4, 10851] loss: 0.13207
[  4, 10901] loss: 0.07838
[  4, 10951] loss: 0.07653
[  4, 11001] loss: 0.10493
[  4, 11051] loss: 0.05228
[  4, 11101] loss: 0.14731
[  4, 11151] loss: 0.08289
[  4, 11201] loss: 0.05237
[  4, 11251] loss: 0.13087
[  4, 11301] loss: 0.15261
[  4, 11351] loss: 0.15259
[  4, 11401] loss: 0.06079
[  4, 11451] loss: 0.11282
[  4, 11501] loss: 0.19395
[  4, 11551] loss: 0.22197
[  4, 11601] loss: 0.09468
[  4, 11651] loss: 0.07312
[  4, 11701] loss: 0.21544
[  4, 11751] loss: 0.11870
[  4, 11801] loss: 0.11713
[  4, 11851] loss: 0.10640
[  4, 11901] loss: 0.06522
[  4, 11951] loss: 0.10610
[  4, 12001] loss: 0.07247
[  4, 12051] loss: 0.09934
[  4, 12101] loss: 0.10360
[  4, 12151] loss: 0.07530
[  4, 12201] loss: 0.07889
[  4, 12251] loss: 0.12842
[  4, 12301] loss: 0.08642
[  4, 12351] loss: 0.05624
[  4, 12401] loss: 0.06380
[  4, 12451] loss: 0.06673
[  4, 12501] loss: 0.07320
[  4, 12551] loss: 0.25325
[  4, 12601] loss: 0.15314
[  4, 12651] loss: 0.09281
[  4, 12701] loss: 0.05230
[  4, 12751] loss: 0.26056
[  4, 12801] loss: 0.65678
[  4, 12851] loss: 0.28718
[  4, 12901] loss: 0.10739
[  4, 12951] loss: 0.08562
[  4, 13001] loss: 0.86374
[  4, 13051] loss: 1.15054
[  4, 13101] loss: 0.35216
[  4, 13151] loss: 0.04798
[  4, 13201] loss: 0.23643
[  4, 13251] loss: 0.81847
[  4, 13301] loss: 1.65001
[  4, 13351] loss: 0.75591
[  4, 13401] loss: 0.18520
[  4, 13451] loss: 0.07031
[  4, 13501] loss: 0.74415
[  4, 13551] loss: 0.96029
[  4, 13601] loss: 0.82677
[  4, 13651] loss: 0.45392
[  4, 13701] loss: 0.08428
[  4, 13751] loss: 0.06664
[  4, 13801] loss: 0.30409
[  4, 13851] loss: 0.47001
[  4, 13901] loss: 0.29366
[  4, 13951] loss: 0.13732
[  4, 14001] loss: 0.09499
[  4, 14051] loss: 0.07185
[  4, 14101] loss: 0.04027
[  4, 14151] loss: 0.10528
[  4, 14201] loss: 0.19772
[  4, 14251] loss: 0.69123
[  4, 14301] loss: 0.75432
[  4, 14351] loss: 0.06575
[  4, 14401] loss: 0.03361
[  4, 14451] loss: 0.35854
[  4, 14501] loss: 0.62860
[  4, 14551] loss: 0.26506
[  4, 14601] loss: 0.26246
[  4, 14651] loss: 0.04964
[  4, 14701] loss: 0.14078
[  4, 14751] loss: 0.14101
[  4, 14801] loss: 0.17968
[  4, 14851] loss: 0.21249
[  4, 14901] loss: 0.05104
[  4, 14951] loss: 0.03144
[  4, 15001] loss: 0.05589
[  4, 15051] loss: 0.07771
[  4, 15101] loss: 0.08084
[  4, 15151] loss: 0.06718
[  4, 15201] loss: 0.05473
[  4, 15251] loss: 0.06153
[  4, 15301] loss: 0.28019
[  4, 15351] loss: 0.17596
[  4, 15401] loss: 0.21571
[  4, 15451] loss: 0.16199
[  4, 15501] loss: 0.04697
[  4, 15551] loss: 0.20598
[  4, 15601] loss: 0.31980
[  4, 15651] loss: 0.49505
[  4, 15701] loss: 0.27686
[  4, 15751] loss: 0.09350
[  4, 15801] loss: 0.33259
[  4, 15851] loss: 0.59611
[  4, 15901] loss: 0.51220
[  4, 15951] loss: 0.14187
[  4, 16001] loss: 0.14388
[  4, 16051] loss: 0.19206
[  4, 16101] loss: 0.50376
[  4, 16151] loss: 0.33131
[  4, 16201] loss: 0.43367
[  4, 16251] loss: 0.18198
[  4, 16301] loss: 0.08640
[  4, 16351] loss: 0.07061
[  4, 16401] loss: 0.22383
[  4, 16451] loss: 0.40269
[  4, 16501] loss: 0.41613
[  4, 16551] loss: 0.24713
[  4, 16601] loss: 0.08452
[  4, 16651] loss: 0.12073
[  4, 16701] loss: 0.15976
[  4, 16751] loss: 0.28604
[  4, 16801] loss: 0.46488
[  4, 16851] loss: 0.20149
[  4, 16901] loss: 0.08213
[  4, 16951] loss: 0.11259
[  4, 17001] loss: 0.21017
[  4, 17051] loss: 0.14584
[  4, 17101] loss: 0.18325
[  4, 17151] loss: 0.06183
[  4, 17201] loss: 0.06939
[  4, 17251] loss: 0.04716
[  4, 17301] loss: 0.07428
[  4, 17351] loss: 0.09680
[  4, 17401] loss: 0.08423
[  4, 17451] loss: 0.06093
[  4, 17501] loss: 0.09915
[  4, 17551] loss: 0.05943
[  4, 17601] loss: 0.17591
[  4, 17651] loss: 0.06541
[  4, 17701] loss: 0.07204
[  4, 17751] loss: 0.05599
[  4, 17801] loss: 0.15122
[  4, 17851] loss: 0.24275
[  4, 17901] loss: 0.11881
[  4, 17951] loss: 0.17195
[  4, 18001] loss: 0.07868
[  4, 18051] loss: 0.12876
[  4, 18101] loss: 0.07494
[  4, 18151] loss: 0.14528
[  4, 18201] loss: 0.14395
[  4, 18251] loss: 0.06762
[  4, 18301] loss: 0.08180
[  4, 18351] loss: 0.07523
[  4, 18401] loss: 0.29379
[  4, 18451] loss: 0.10676
[  4, 18501] loss: 0.16829
[  4, 18551] loss: 0.05427
[  4, 18601] loss: 0.08155
[  4, 18651] loss: 0.06186
[  4, 18701] loss: 0.05142
[  4, 18751] loss: 0.10356
[  4, 18801] loss: 0.05557
[  4, 18851] loss: 0.06972
[  4, 18901] loss: 0.04719
[  4, 18951] loss: 0.08107
[  4, 19001] loss: 0.09510
[  4, 19051] loss: 0.17146
[  4, 19101] loss: 0.12589
[  4, 19151] loss: 0.04199
[  4, 19201] loss: 0.09308
[  4, 19251] loss: 0.18733
[  4, 19301] loss: 0.22227
[  4, 19351] loss: 0.25792
[  4, 19401] loss: 0.07958
[  4, 19451] loss: 0.04351
[  4, 19501] loss: 0.11498
[  4, 19551] loss: 0.20716
[  4, 19601] loss: 0.39162
[  4, 19651] loss: 0.15312
[  4, 19701] loss: 0.15435
[  4, 19751] loss: 0.03782
[  4, 19801] loss: 0.11771
[  4, 19851] loss: 0.37295
[  4, 19901] loss: 0.28631
[  4, 19951] loss: 0.56993
[  4, 20001] loss: 0.15313
[  4, 20051] loss: 0.04744
[  4, 20101] loss: 0.33344
[  4, 20151] loss: 0.46938
[  4, 20201] loss: 0.96950
[  4, 20251] loss: 0.29640
[  4, 20301] loss: 0.08421
[  4, 20351] loss: 0.07555
[  4, 20401] loss: 0.81806
[  4, 20451] loss: 0.63638
[  4, 20501] loss: 0.61984
[  4, 20551] loss: 0.30611
[  4, 20601] loss: 0.08296
[  4, 20651] loss: 0.24250
[  4, 20701] loss: 0.46868
[  4, 20751] loss: 0.68798
[  4, 20801] loss: 0.59744
[  4, 20851] loss: 0.06609
[  4, 20901] loss: 0.08337
[  4, 20951] loss: 0.18435
[  4, 21001] loss: 0.38060
[  4, 21051] loss: 0.39227
[  4, 21101] loss: 0.20512
[  4, 21151] loss: 0.21867
[  4, 21201] loss: 0.08348
[  4, 21251] loss: 0.05121
[  4, 21301] loss: 0.10707
[  4, 21351] loss: 0.31134
[  4, 21401] loss: 0.34410
[  4, 21451] loss: 0.29987
[  4, 21501] loss: 0.14981
[  4, 21551] loss: 0.20971
[  4, 21601] loss: 0.15505
[  4, 21651] loss: 0.47894
[  4, 21701] loss: 0.33640
[  4, 21751] loss: 0.24338
[  4, 21801] loss: 0.15701
[  4, 21851] loss: 0.04794
[  4, 21901] loss: 0.15899
[  4, 21951] loss: 0.19352
[  4, 22001] loss: 0.33503
[  4, 22051] loss: 0.12204
[  4, 22101] loss: 0.06898
[  4, 22151] loss: 0.08013
[  4, 22201] loss: 0.11222
[  4, 22251] loss: 0.11953
[  4, 22301] loss: 0.14905
[  4, 22351] loss: 0.16874
[  4, 22401] loss: 0.07238
[  4, 22451] loss: 0.11525
[  4, 22501] loss: 0.13863
[  4, 22551] loss: 0.09210
[  4, 22601] loss: 0.09609
[  4, 22651] loss: 0.23099
[  4, 22701] loss: 0.06585
[  4, 22751] loss: 0.14075
[  4, 22801] loss: 0.08481
[  4, 22851] loss: 0.07011
[  4, 22901] loss: 0.06104
[  4, 22951] loss: 0.10525
[  4, 23001] loss: 0.12889
[  4, 23051] loss: 0.12228
[  4, 23101] loss: 0.17715
[  4, 23151] loss: 0.08254
[  4, 23201] loss: 0.08362
[  4, 23251] loss: 0.06960
[  4, 23301] loss: 0.17762
[  4, 23351] loss: 0.05532
[  4, 23401] loss: 0.07407
[  4, 23451] loss: 0.06331
[  4, 23501] loss: 0.09270
[  4, 23551] loss: 0.10985
[  4, 23601] loss: 0.05545
[  4, 23651] loss: 0.05488
[  4, 23701] loss: 0.05575
[  4, 23751] loss: 0.03444
[  4, 23801] loss: 0.03842
[  4, 23851] loss: 0.09005
[  4, 23901] loss: 0.13905
[  4, 23951] loss: 0.09919
[  4, 24001] loss: 0.04468
[  4, 24051] loss: 0.10321
[  4, 24101] loss: 0.16479
[  4, 24151] loss: 0.14131
[  4, 24201] loss: 0.22316
[  4, 24251] loss: 0.12043
[  4, 24301] loss: 0.06702
[  4, 24351] loss: 0.20004
[  4, 24401] loss: 0.14054
[  4, 24451] loss: 0.11379
[  4, 24501] loss: 0.07700
[  4, 24551] loss: 0.07626
[  4, 24601] loss: 0.09808
[  4, 24651] loss: 0.21293
[  4, 24701] loss: 0.13864
[  4, 24751] loss: 0.10822
[  4, 24801] loss: 0.08171
[  4, 24851] loss: 0.07021
[  4, 24901] loss: 0.04221
[  4, 24951] loss: 0.11188
[  5,     1] loss: 0.07059
[  5,    51] loss: 0.05592
[  5,   101] loss: 0.05664
[  5,   151] loss: 0.05137
[  5,   201] loss: 0.06289
[  5,   251] loss: 0.06920
[  5,   301] loss: 0.13464
[  5,   351] loss: 0.07777
[  5,   401] loss: 0.19278
[  5,   451] loss: 0.15840
[  5,   501] loss: 0.06387
[  5,   551] loss: 0.05418
[  5,   601] loss: 0.05199
[  5,   651] loss: 0.07029
[  5,   701] loss: 0.08870
[  5,   751] loss: 0.09633
[  5,   801] loss: 0.04218
[  5,   851] loss: 0.27245
[  5,   901] loss: 0.03544
[  5,   951] loss: 0.03668
[  5,  1001] loss: 0.26978
[  5,  1051] loss: 0.27483
[  5,  1101] loss: 0.10417
[  5,  1151] loss: 0.06572
[  5,  1201] loss: 0.06735
[  5,  1251] loss: 0.06906
[  5,  1301] loss: 0.07097
[  5,  1351] loss: 0.06799
[  5,  1401] loss: 0.16511
[  5,  1451] loss: 0.04924
[  5,  1501] loss: 0.08136
[  5,  1551] loss: 0.03824
[  5,  1601] loss: 0.04004
[  5,  1651] loss: 0.05278
[  5,  1701] loss: 0.06886
[  5,  1751] loss: 0.12589
[  5,  1801] loss: 0.18369
[  5,  1851] loss: 0.06655
[  5,  1901] loss: 0.08720
[  5,  1951] loss: 0.07375
[  5,  2001] loss: 0.07893
[  5,  2051] loss: 0.07746
[  5,  2101] loss: 0.03905
[  5,  2151] loss: 0.10566
[  5,  2201] loss: 0.06924
[  5,  2251] loss: 0.04201
[  5,  2301] loss: 0.08492
[  5,  2351] loss: 0.04901
[  5,  2401] loss: 0.07351
[  5,  2451] loss: 0.05985
[  5,  2501] loss: 0.10610
[  5,  2551] loss: 0.07562
[  5,  2601] loss: 0.06610
[  5,  2651] loss: 0.02984
[  5,  2701] loss: 0.08807
[  5,  2751] loss: 0.13250
[  5,  2801] loss: 0.03847
[  5,  2851] loss: 0.08053
[  5,  2901] loss: 0.10875
[  5,  2951] loss: 0.07389
[  5,  3001] loss: 0.04265
[  5,  3051] loss: 0.02366
[  5,  3101] loss: 0.02089
[  5,  3151] loss: 0.22497
[  5,  3201] loss: 0.23266
[  5,  3251] loss: 0.19819
[  5,  3301] loss: 0.08637
[  5,  3351] loss: 0.03951
[  5,  3401] loss: 0.08416
[  5,  3451] loss: 0.34817
[  5,  3501] loss: 0.54557
[  5,  3551] loss: 0.10772
[  5,  3601] loss: 0.04884
[  5,  3651] loss: 0.31174
[  5,  3701] loss: 0.26063
[  5,  3751] loss: 0.74870
[  5,  3801] loss: 0.45264
[  5,  3851] loss: 0.05089
[  5,  3901] loss: 0.01229
[  5,  3951] loss: 0.27448
[  5,  4001] loss: 0.93008
[  5,  4051] loss: 0.45152
[  5,  4101] loss: 0.13226
[  5,  4151] loss: 0.01808
[  5,  4201] loss: 0.08772
[  5,  4251] loss: 0.35580
[  5,  4301] loss: 0.26423
[  5,  4351] loss: 0.23606
[  5,  4401] loss: 0.11148
[  5,  4451] loss: 0.04376
[  5,  4501] loss: 0.15709
[  5,  4551] loss: 0.04210
[  5,  4601] loss: 0.07483
[  5,  4651] loss: 0.04430
[  5,  4701] loss: 0.02631
[  5,  4751] loss: 0.26794
[  5,  4801] loss: 0.04342
[  5,  4851] loss: 0.07945
[  5,  4901] loss: 0.03582
[  5,  4951] loss: 0.06379
[  5,  5001] loss: 0.08793
[  5,  5051] loss: 0.16565
[  5,  5101] loss: 0.36717
[  5,  5151] loss: 0.11528
[  5,  5201] loss: 0.02844
[  5,  5251] loss: 0.04679
[  5,  5301] loss: 0.22682
[  5,  5351] loss: 0.38045
[  5,  5401] loss: 0.13836
[  5,  5451] loss: 0.07787
[  5,  5501] loss: 0.07775
[  5,  5551] loss: 0.03601
[  5,  5601] loss: 0.02222
[  5,  5651] loss: 0.09548
[  5,  5701] loss: 0.10223
[  5,  5751] loss: 0.10425
[  5,  5801] loss: 0.10810
[  5,  5851] loss: 0.09004
[  5,  5901] loss: 0.20930
[  5,  5951] loss: 0.12224
[  5,  6001] loss: 0.01872
[  5,  6051] loss: 0.00852
[  5,  6101] loss: 0.13892
[  5,  6151] loss: 0.85163
[  5,  6201] loss: 0.54596
[  5,  6251] loss: 0.08638
[  5,  6301] loss: 0.00521
[  5,  6351] loss: 0.14235
[  5,  6401] loss: 1.43035
[  5,  6451] loss: 1.06219
[  5,  6501] loss: 0.25973
[  5,  6551] loss: 0.00630
[  5,  6601] loss: 0.00313
[  5,  6651] loss: 0.57904
[  5,  6701] loss: 0.72724
[  5,  6751] loss: 0.19540
[  5,  6801] loss: 0.05071
[  5,  6851] loss: 0.07293
[  5,  6901] loss: 0.05421
[  5,  6951] loss: 0.17719
[  5,  7001] loss: 0.29738
[  5,  7051] loss: 0.01025
[  5,  7101] loss: 0.00384
[  5,  7151] loss: 0.03986
[  5,  7201] loss: 0.02221
[  5,  7251] loss: 0.03020
[  5,  7301] loss: 0.21756
[  5,  7351] loss: 0.00351
[  5,  7401] loss: 0.00651
[  5,  7451] loss: 0.11703
[  5,  7501] loss: 0.18944
[  5,  7551] loss: 0.10010
[  5,  7601] loss: 0.01384
[  5,  7651] loss: 0.13792
[  5,  7701] loss: 0.03812
[  5,  7751] loss: 0.17856
[  5,  7801] loss: 0.14350
[  5,  7851] loss: 0.13207
[  5,  7901] loss: 0.15800
[  5,  7951] loss: 0.03725
[  5,  8001] loss: 0.04482
[  5,  8051] loss: 0.13890
[  5,  8101] loss: 0.40262
[  5,  8151] loss: 0.29221
[  5,  8201] loss: 0.18655
[  5,  8251] loss: 0.06696
[  5,  8301] loss: 0.03426
[  5,  8351] loss: 0.32585
[  5,  8401] loss: 0.87809
[  5,  8451] loss: 0.48607
[  5,  8501] loss: 0.14741
[  5,  8551] loss: 0.01613
[  5,  8601] loss: 0.01765
[  5,  8651] loss: 0.23562
[  5,  8701] loss: 1.04758
[  5,  8751] loss: 1.54805
[  5,  8801] loss: 0.94288
[  5,  8851] loss: 0.06281
[  5,  8901] loss: 0.00255
[  5,  8951] loss: 0.09214
[  5,  9001] loss: 1.08005
[  5,  9051] loss: 0.87157
[  5,  9101] loss: 0.24703
[  5,  9151] loss: 0.15106
[  5,  9201] loss: 0.06236
[  5,  9251] loss: 0.02093
[  5,  9301] loss: 0.05300
[  5,  9351] loss: 0.06462
[  5,  9401] loss: 0.48830
[  5,  9451] loss: 0.45704
[  5,  9501] loss: 0.12219
[  5,  9551] loss: 0.02840
[  5,  9601] loss: 0.06304
[  5,  9651] loss: 0.45931
[  5,  9701] loss: 0.40291
[  5,  9751] loss: 0.27382
[  5,  9801] loss: 0.29187
[  5,  9851] loss: 0.52280
[  5,  9901] loss: 0.01776
[  5,  9951] loss: 0.07689
[  5, 10001] loss: 0.46248
[  5, 10051] loss: 0.65399
[  5, 10101] loss: 0.68382
[  5, 10151] loss: 0.05973
[  5, 10201] loss: 0.01084
[  5, 10251] loss: 0.01017
[  5, 10301] loss: 0.40156
[  5, 10351] loss: 0.68351
[  5, 10401] loss: 0.69799
[  5, 10451] loss: 0.22304
[  5, 10501] loss: 0.11396
[  5, 10551] loss: 0.04013
[  5, 10601] loss: 0.04506
[  5, 10651] loss: 0.14734
[  5, 10701] loss: 0.19555
[  5, 10751] loss: 0.75839
[  5, 10801] loss: 0.64126
[  5, 10851] loss: 0.16615
[  5, 10901] loss: 0.03618
[  5, 10951] loss: 0.03967
[  5, 11001] loss: 0.27208
[  5, 11051] loss: 0.30076
[  5, 11101] loss: 0.37396
[  5, 11151] loss: 0.22720
[  5, 11201] loss: 0.09634
[  5, 11251] loss: 0.02594
[  5, 11301] loss: 0.03728
[  5, 11351] loss: 0.06414
[  5, 11401] loss: 0.38983
[  5, 11451] loss: 0.31134
[  5, 11501] loss: 0.42199
[  5, 11551] loss: 0.13386
[  5, 11601] loss: 0.01649
[  5, 11651] loss: 0.14374
[  5, 11701] loss: 0.59427
[  5, 11751] loss: 0.29527
[  5, 11801] loss: 0.09737
[  5, 11851] loss: 0.11656
[  5, 11901] loss: 0.04668
[  5, 11951] loss: 0.04639
[  5, 12001] loss: 0.08811
[  5, 12051] loss: 0.07683
[  5, 12101] loss: 0.21549
[  5, 12151] loss: 0.14927
[  5, 12201] loss: 0.20728
[  5, 12251] loss: 0.24931
[  5, 12301] loss: 0.02099
[  5, 12351] loss: 0.08604
[  5, 12401] loss: 0.08876
[  5, 12451] loss: 0.17717
[  5, 12501] loss: 0.14290
[  5, 12551] loss: 0.04208
[  5, 12601] loss: 0.05822
[  5, 12651] loss: 0.06801
[  5, 12701] loss: 0.05851
[  5, 12751] loss: 0.02094
[  5, 12801] loss: 0.00546
[  5, 12851] loss: 0.00887
[  5, 12901] loss: 0.17717
[  5, 12951] loss: 0.44513
[  5, 13001] loss: 0.03168
[  5, 13051] loss: 0.00171
[  5, 13101] loss: 0.00884
[  5, 13151] loss: 0.08622
[  5, 13201] loss: 0.28281
[  5, 13251] loss: 0.11567
[  5, 13301] loss: 0.00691
[  5, 13351] loss: 0.00393
[  5, 13401] loss: 0.01804
[  5, 13451] loss: 0.12105
[  5, 13501] loss: 0.06675
[  5, 13551] loss: 0.02880
[  5, 13601] loss: 0.02369
[  5, 13651] loss: 0.20731
[  5, 13701] loss: 0.02221
[  5, 13751] loss: 0.04540
[  5, 13801] loss: 0.10519
[  5, 13851] loss: 0.12079
[  5, 13901] loss: 0.14399
[  5, 13951] loss: 0.05805
[  5, 14001] loss: 0.01612
[  5, 14051] loss: 0.03495
[  5, 14101] loss: 0.05285
[  5, 14151] loss: 0.22445
[  5, 14201] loss: 0.15394
[  5, 14251] loss: 0.04774
[  5, 14301] loss: 0.05779
[  5, 14351] loss: 0.02511
[  5, 14401] loss: 0.10339
[  5, 14451] loss: 0.15253
[  5, 14501] loss: 0.03623
[  5, 14551] loss: 0.01396
[  5, 14601] loss: 0.02899
[  5, 14651] loss: 0.03349
[  5, 14701] loss: 0.03900
[  5, 14751] loss: 0.01040
[  5, 14801] loss: 0.06091
[  5, 14851] loss: 0.13721
[  5, 14901] loss: 0.07982
[  5, 14951] loss: 0.03612
[  5, 15001] loss: 0.02573
[  5, 15051] loss: 0.03130
[  5, 15101] loss: 0.06402
[  5, 15151] loss: 0.10191
[  5, 15201] loss: 0.11698
[  5, 15251] loss: 0.06367
[  5, 15301] loss: 0.19691
[  5, 15351] loss: 0.01937
[  5, 15401] loss: 0.03547
[  5, 15451] loss: 0.21371
[  5, 15501] loss: 0.09307
[  5, 15551] loss: 0.09804
[  5, 15601] loss: 0.01018
[  5, 15651] loss: 0.00625
[  5, 15701] loss: 0.02056
[  5, 15751] loss: 0.04474
[  5, 15801] loss: 0.02528
[  5, 15851] loss: 0.01605
[  5, 15901] loss: 0.04877
[  5, 15951] loss: 0.02666
[  5, 16001] loss: 0.02429
[  5, 16051] loss: 0.01972
[  5, 16101] loss: 0.35467
[  5, 16151] loss: 0.02079
[  5, 16201] loss: 0.02409
[  5, 16251] loss: 0.00805
[  5, 16301] loss: 0.03939
[  5, 16351] loss: 0.04003
[  5, 16401] loss: 0.04848
[  5, 16451] loss: 0.13109
[  5, 16501] loss: 0.02228
[  5, 16551] loss: 0.01950
[  5, 16601] loss: 0.05512
[  5, 16651] loss: 0.03891
[  5, 16701] loss: 0.10686
[  5, 16751] loss: 0.11730
[  5, 16801] loss: 0.23272
[  5, 16851] loss: 0.01337
[  5, 16901] loss: 0.05201
[  5, 16951] loss: 0.05129
[  5, 17001] loss: 0.07737
[  5, 17051] loss: 0.10929
[  5, 17101] loss: 0.12614
[  5, 17151] loss: 0.04154
[  5, 17201] loss: 0.01555
[  5, 17251] loss: 0.05141
[  5, 17301] loss: 0.09527
[  5, 17351] loss: 0.14998
[  5, 17401] loss: 0.04195
[  5, 17451] loss: 0.07396
[  5, 17501] loss: 0.03733
[  5, 17551] loss: 0.03224
[  5, 17601] loss: 0.05200
[  5, 17651] loss: 0.07661
[  5, 17701] loss: 0.08699
[  5, 17751] loss: 0.14885
[  5, 17801] loss: 0.09641
[  5, 17851] loss: 0.02144
[  5, 17901] loss: 0.13933
[  5, 17951] loss: 0.05099
[  5, 18001] loss: 0.29132
[  5, 18051] loss: 0.14753
[  5, 18101] loss: 0.09221
[  5, 18151] loss: 0.05546
[  5, 18201] loss: 0.02924
[  5, 18251] loss: 0.01677
[  5, 18301] loss: 0.03415
[  5, 18351] loss: 0.24084
[  5, 18401] loss: 0.55480
[  5, 18451] loss: 0.16522
[  5, 18501] loss: 0.02281
[  5, 18551] loss: 0.02264
[  5, 18601] loss: 0.03366
[  5, 18651] loss: 0.06938
[  5, 18701] loss: 0.09729
[  5, 18751] loss: 0.09336
[  5, 18801] loss: 0.06147
[  5, 18851] loss: 0.05268
[  5, 18901] loss: 0.05093
[  5, 18951] loss: 0.05237
[  5, 19001] loss: 0.01520
[  5, 19051] loss: 0.02118
[  5, 19101] loss: 0.02908
[  5, 19151] loss: 0.03253
[  5, 19201] loss: 0.03869
[  5, 19251] loss: 0.03169
[  5, 19301] loss: 0.03718
[  5, 19351] loss: 0.19329
[  5, 19401] loss: 0.24388
[  5, 19451] loss: 0.21449
[  5, 19501] loss: 0.07857
[  5, 19551] loss: 0.01511
[  5, 19601] loss: 0.01932
[  5, 19651] loss: 0.04767
[  5, 19701] loss: 0.22163
[  5, 19751] loss: 0.59042
[  5, 19801] loss: 0.25613
[  5, 19851] loss: 0.10603
[  5, 19901] loss: 0.02826
[  5, 19951] loss: 0.00573
[  5, 20001] loss: 0.39594
[  5, 20051] loss: 0.78410
[  5, 20101] loss: 0.31453
[  5, 20151] loss: 0.07922
[  5, 20201] loss: 0.01373
[  5, 20251] loss: 0.01905
[  5, 20301] loss: 0.33097
[  5, 20351] loss: 0.63266
[  5, 20401] loss: 0.20932
[  5, 20451] loss: 0.07733
[  5, 20501] loss: 0.00754
[  5, 20551] loss: 0.02877
[  5, 20601] loss: 0.22883
[  5, 20651] loss: 0.46111
[  5, 20701] loss: 0.18738
[  5, 20751] loss: 0.19423
[  5, 20801] loss: 0.01135
[  5, 20851] loss: 0.03029
[  5, 20901] loss: 0.23299
[  5, 20951] loss: 0.46548
[  5, 21001] loss: 0.46867
[  5, 21051] loss: 0.17096
[  5, 21101] loss: 0.05137
[  5, 21151] loss: 0.17581
[  5, 21201] loss: 0.15124
[  5, 21251] loss: 0.45478
[  5, 21301] loss: 0.23140
[  5, 21351] loss: 0.12157
[  5, 21401] loss: 0.11780
[  5, 21451] loss: 0.01311
[  5, 21501] loss: 0.03540
[  5, 21551] loss: 0.47223
[  5, 21601] loss: 0.57486
[  5, 21651] loss: 0.29309
[  5, 21701] loss: 0.20924
[  5, 21751] loss: 0.01454
[  5, 21801] loss: 0.06778
[  5, 21851] loss: 0.16521
[  5, 21901] loss: 0.37223
[  5, 21951] loss: 0.31973
[  5, 22001] loss: 0.10931
[  5, 22051] loss: 0.03941
[  5, 22101] loss: 0.02554
[  5, 22151] loss: 0.11067
[  5, 22201] loss: 0.21364
[  5, 22251] loss: 0.18421
[  5, 22301] loss: 0.17413
[  5, 22351] loss: 0.23707
[  5, 22401] loss: 0.02342
[  5, 22451] loss: 0.01489
[  5, 22501] loss: 0.10785
[  5, 22551] loss: 0.10492
[  5, 22601] loss: 0.07393
[  5, 22651] loss: 0.22766
[  5, 22701] loss: 0.05807
[  5, 22751] loss: 0.03148
[  5, 22801] loss: 0.02823
[  5, 22851] loss: 0.02310
[  5, 22901] loss: 0.01788
[  5, 22951] loss: 0.02241
[  5, 23001] loss: 0.02213
[  5, 23051] loss: 0.02532
[  5, 23101] loss: 0.21636
[  5, 23151] loss: 0.04932
[  5, 23201] loss: 0.06928
[  5, 23251] loss: 0.06352
[  5, 23301] loss: 0.03502
[  5, 23351] loss: 0.03235
[  5, 23401] loss: 0.02366
[  5, 23451] loss: 0.03337
[  5, 23501] loss: 0.05085
[  5, 23551] loss: 0.08319
[  5, 23601] loss: 0.04193
[  5, 23651] loss: 0.10659
[  5, 23701] loss: 0.03981
[  5, 23751] loss: 0.02953
[  5, 23801] loss: 0.01081
[  5, 23851] loss: 0.06584
[  5, 23901] loss: 0.03220
[  5, 23951] loss: 0.14497
[  5, 24001] loss: 0.05021
[  5, 24051] loss: 0.03891
[  5, 24101] loss: 0.04533
[  5, 24151] loss: 0.01303
[  5, 24201] loss: 0.23688
[  5, 24251] loss: 0.03755
[  5, 24301] loss: 0.05128
[  5, 24351] loss: 0.01599
[  5, 24401] loss: 0.01307
[  5, 24451] loss: 0.02087
[  5, 24501] loss: 0.01907
[  5, 24551] loss: 0.02387
[  5, 24601] loss: 0.01476
[  5, 24651] loss: 0.13451
[  5, 24701] loss: 0.05268
[  5, 24751] loss: 0.02265
[  5, 24801] loss: 0.02304
[  5, 24851] loss: 0.03700
[  5, 24901] loss: 0.02699
[  5, 24951] loss: 0.02814
Finished training
Accuracy on train: 0.99680
Accuracy on test: 0.67168
