{'word_context': 29, 'word_embed_size': 100, 'word_conv_units': 300, 'hidden_units': 0, 'dropout': False, 'batch_size': 50}
train set done
test set done
<bound method MixedNet.parameters of MixedNet (
  (W_wrd): DataParallel (
    (module): Embedding(89528, 100)
  )
  (word_level_conv): DataParallel (
    (module): Conv2d(1, 300, kernel_size=(100, 29), stride=(1, 1), padding=(0, 14))
  )
  (word_level_maxpool): DataParallel (
    (module): AdaptiveMaxPool2d (output_size=(300, 1))
  )
  (fc1): DataParallel (
    (module): Linear (300 -> 2)
  )
)>
[  1,     1] loss: 0.68875
[  1,    51] loss: 0.99798
[  1,   101] loss: 0.72250
[  1,   151] loss: 0.73639
[  1,   201] loss: 0.67153
[  1,   251] loss: 0.66821
[  1,   301] loss: 0.82977
[  1,   351] loss: 0.70024
[  1,   401] loss: 0.69240
[  1,   451] loss: 0.71561
[  1,   501] loss: 0.69287
[  1,   551] loss: 0.64043
[  1,   601] loss: 0.67585
[  1,   651] loss: 0.81113
[  1,   701] loss: 0.66869
[  1,   751] loss: 0.63618
[  1,   801] loss: 0.77375
[  1,   851] loss: 0.65484
[  1,   901] loss: 0.69696
[  1,   951] loss: 0.65410
[  1,  1001] loss: 0.63389
[  1,  1051] loss: 0.72155
[  1,  1101] loss: 0.66139
[  1,  1151] loss: 0.72843
[  1,  1201] loss: 0.63966
[  1,  1251] loss: 0.63888
[  1,  1301] loss: 0.66206
[  1,  1351] loss: 0.68299
[  1,  1401] loss: 0.71865
[  1,  1451] loss: 0.66525
[  1,  1501] loss: 0.63769
[  1,  1551] loss: 0.64790
[  1,  1601] loss: 0.73523
[  1,  1651] loss: 0.64897
[  1,  1701] loss: 0.70057
[  1,  1751] loss: 0.62481
[  1,  1801] loss: 0.67177
[  1,  1851] loss: 0.72227
[  1,  1901] loss: 0.67351
[  1,  1951] loss: 0.68041
[  1,  2001] loss: 0.74426
[  1,  2051] loss: 0.69526
[  1,  2101] loss: 0.77319
[  1,  2151] loss: 0.63389
[  1,  2201] loss: 0.65711
[  1,  2251] loss: 0.64463
[  1,  2301] loss: 0.67398
[  1,  2351] loss: 0.66446
[  1,  2401] loss: 0.62366
[  1,  2451] loss: 0.69736
[  1,  2501] loss: 0.71296
[  1,  2551] loss: 0.76049
[  1,  2601] loss: 0.68722
[  1,  2651] loss: 0.63876
[  1,  2701] loss: 0.66502
[  1,  2751] loss: 0.62690
[  1,  2801] loss: 0.68950
[  1,  2851] loss: 0.67690
[  1,  2901] loss: 0.69988
[  1,  2951] loss: 0.60284
[  1,  3001] loss: 0.69571
[  1,  3051] loss: 0.68910
[  1,  3101] loss: 0.62937
[  1,  3151] loss: 0.64393
[  1,  3201] loss: 0.75280
[  1,  3251] loss: 0.68723
[  1,  3301] loss: 0.75847
[  1,  3351] loss: 0.64708
[  1,  3401] loss: 0.67404
[  1,  3451] loss: 0.67028
[  1,  3501] loss: 0.70997
[  1,  3551] loss: 0.68050
[  1,  3601] loss: 0.64812
[  1,  3651] loss: 0.69745
[  1,  3701] loss: 0.66854
[  1,  3751] loss: 0.72454
[  1,  3801] loss: 0.62288
[  1,  3851] loss: 0.63596
[  1,  3901] loss: 0.57863
[  1,  3951] loss: 0.75635
[  1,  4001] loss: 0.60686
[  1,  4051] loss: 0.69640
[  1,  4101] loss: 0.91141
[  1,  4151] loss: 0.75141
[  1,  4201] loss: 0.71344
[  1,  4251] loss: 0.95688
[  1,  4301] loss: 0.89705
[  1,  4351] loss: 0.60727
[  1,  4401] loss: 0.78158
[  1,  4451] loss: 0.59927
[  1,  4501] loss: 0.87661
[  1,  4551] loss: 0.81453
[  1,  4601] loss: 0.60197
[  1,  4651] loss: 0.64801
[  1,  4701] loss: 0.74724
[  1,  4751] loss: 0.59587
[  1,  4801] loss: 0.61843
[  1,  4851] loss: 0.61285
[  1,  4901] loss: 0.72586
[  1,  4951] loss: 0.72142
[  1,  5001] loss: 0.69419
[  1,  5051] loss: 0.68871
[  1,  5101] loss: 0.58412
[  1,  5151] loss: 0.59535
[  1,  5201] loss: 0.64079
[  1,  5251] loss: 0.66788
[  1,  5301] loss: 0.70060
[  1,  5351] loss: 0.69066
[  1,  5401] loss: 0.68923
[  1,  5451] loss: 0.66855
[  1,  5501] loss: 0.76617
[  1,  5551] loss: 0.53190
[  1,  5601] loss: 0.62616
[  1,  5651] loss: 0.60271
[  1,  5701] loss: 0.59139
[  1,  5751] loss: 0.65429
[  1,  5801] loss: 0.65957
[  1,  5851] loss: 0.66961
[  1,  5901] loss: 0.70126
[  1,  5951] loss: 0.60830
[  1,  6001] loss: 0.65833
[  1,  6051] loss: 0.68526
[  1,  6101] loss: 0.64972
[  1,  6151] loss: 0.67393
[  1,  6201] loss: 0.54285
[  1,  6251] loss: 0.81810
[  1,  6301] loss: 0.75966
[  1,  6351] loss: 0.57012
[  1,  6401] loss: 0.73523
[  1,  6451] loss: 0.64059
[  1,  6501] loss: 0.72376
[  1,  6551] loss: 0.68792
[  1,  6601] loss: 0.69229
[  1,  6651] loss: 0.67314
[  1,  6701] loss: 0.65730
[  1,  6751] loss: 0.70278
[  1,  6801] loss: 0.64106
[  1,  6851] loss: 0.61265
[  1,  6901] loss: 0.65830
[  1,  6951] loss: 0.61974
[  1,  7001] loss: 0.67449
[  1,  7051] loss: 0.70626
[  1,  7101] loss: 0.59966
[  1,  7151] loss: 0.75629
[  1,  7201] loss: 0.63195
[  1,  7251] loss: 0.70709
[  1,  7301] loss: 0.66818
[  1,  7351] loss: 0.65815
[  1,  7401] loss: 0.61069
[  1,  7451] loss: 0.76904
[  1,  7501] loss: 0.78827
[  1,  7551] loss: 0.63008
[  1,  7601] loss: 0.67202
[  1,  7651] loss: 0.56955
[  1,  7701] loss: 0.76294
[  1,  7751] loss: 0.72711
[  1,  7801] loss: 0.65914
[  1,  7851] loss: 0.65220
[  1,  7901] loss: 0.70235
[  1,  7951] loss: 0.77943
[  1,  8001] loss: 0.56396
[  1,  8051] loss: 0.73212
[  1,  8101] loss: 0.78071
[  1,  8151] loss: 0.80066
[  1,  8201] loss: 0.59492
[  1,  8251] loss: 0.68161
[  1,  8301] loss: 0.74892
[  1,  8351] loss: 0.69284
[  1,  8401] loss: 0.60636
[  1,  8451] loss: 0.67718
[  1,  8501] loss: 0.70609
[  1,  8551] loss: 0.68669
[  1,  8601] loss: 0.74342
[  1,  8651] loss: 0.69641
[  1,  8701] loss: 0.67377
[  1,  8751] loss: 0.68019
[  1,  8801] loss: 0.61068
[  1,  8851] loss: 0.62944
[  1,  8901] loss: 0.58603
[  1,  8951] loss: 0.74733
[  1,  9001] loss: 0.65653
[  1,  9051] loss: 0.69113
[  1,  9101] loss: 0.67040
[  1,  9151] loss: 0.66228
[  1,  9201] loss: 0.67048
[  1,  9251] loss: 0.64241
[  1,  9301] loss: 0.71394
[  1,  9351] loss: 0.66726
[  1,  9401] loss: 0.67629
[  1,  9451] loss: 0.66014
[  1,  9501] loss: 0.66568
[  1,  9551] loss: 0.66008
[  1,  9601] loss: 0.67774
[  1,  9651] loss: 0.66827
[  1,  9701] loss: 0.69308
[  1,  9751] loss: 0.74957
[  1,  9801] loss: 0.69511
[  1,  9851] loss: 0.64835
[  1,  9901] loss: 0.60367
[  1,  9951] loss: 0.64060
[  1, 10001] loss: 0.63459
[  1, 10051] loss: 0.58782
[  1, 10101] loss: 0.68178
[  1, 10151] loss: 0.59754
[  1, 10201] loss: 0.76356
[  1, 10251] loss: 0.91716
[  1, 10301] loss: 0.73223
[  1, 10351] loss: 0.79173
[  1, 10401] loss: 0.71147
[  1, 10451] loss: 0.66994
[  1, 10501] loss: 0.66658
[  1, 10551] loss: 0.77901
[  1, 10601] loss: 0.77469
[  1, 10651] loss: 0.80336
[  1, 10701] loss: 0.57051
[  1, 10751] loss: 0.69000
[  1, 10801] loss: 0.67415
[  1, 10851] loss: 0.77095
[  1, 10901] loss: 0.70084
[  1, 10951] loss: 0.63791
[  1, 11001] loss: 0.60982
[  1, 11051] loss: 0.78106
[  1, 11101] loss: 0.73333
[  1, 11151] loss: 0.80677
[  1, 11201] loss: 0.72537
[  1, 11251] loss: 0.70756
[  1, 11301] loss: 0.65627
[  1, 11351] loss: 0.52864
[  1, 11401] loss: 0.84343
[  1, 11451] loss: 0.75477
[  1, 11501] loss: 0.58063
[  1, 11551] loss: 0.65111
[  1, 11601] loss: 0.92226
[  1, 11651] loss: 0.76714
[  1, 11701] loss: 0.64643
[  1, 11751] loss: 0.69952
[  1, 11801] loss: 0.75347
[  1, 11851] loss: 0.64742
[  1, 11901] loss: 0.67768
[  1, 11951] loss: 0.62380
[  1, 12001] loss: 0.77985
[  1, 12051] loss: 0.86903
[  1, 12101] loss: 0.64103
[  1, 12151] loss: 0.72280
[  1, 12201] loss: 0.66396
[  1, 12251] loss: 0.66400
[  1, 12301] loss: 0.65522
[  1, 12351] loss: 0.65235
[  1, 12401] loss: 0.64086
[  1, 12451] loss: 0.74244
[  1, 12501] loss: 0.60284
[  1, 12551] loss: 0.63187
[  1, 12601] loss: 0.71929
[  1, 12651] loss: 0.78405
[  1, 12701] loss: 0.67990
[  1, 12751] loss: 0.61105
[  1, 12801] loss: 0.72601
[  1, 12851] loss: 0.90196
[  1, 12901] loss: 0.77290
[  1, 12951] loss: 0.72201
[  1, 13001] loss: 1.00156
[  1, 13051] loss: 0.81652
[  1, 13101] loss: 0.74655
[  1, 13151] loss: 0.72262
[  1, 13201] loss: 0.67948
[  1, 13251] loss: 0.54142
[  1, 13301] loss: 0.69146
[  1, 13351] loss: 0.68076
[  1, 13401] loss: 0.57092
[  1, 13451] loss: 0.60003
[  1, 13501] loss: 0.69084
[  1, 13551] loss: 0.61736
[  1, 13601] loss: 0.70828
[  1, 13651] loss: 0.70166
[  1, 13701] loss: 0.69665
[  1, 13751] loss: 0.77969
[  1, 13801] loss: 0.63481
[  1, 13851] loss: 0.75380
[  1, 13901] loss: 0.73957
[  1, 13951] loss: 0.62902
[  1, 14001] loss: 0.67382
[  1, 14051] loss: 0.64513
[  1, 14101] loss: 0.71972
[  1, 14151] loss: 0.60241
[  1, 14201] loss: 0.73306
[  1, 14251] loss: 0.62976
[  1, 14301] loss: 0.58116
[  1, 14351] loss: 0.66878
[  1, 14401] loss: 0.67633
[  1, 14451] loss: 0.60117
[  1, 14501] loss: 0.58569
[  1, 14551] loss: 0.58753
[  1, 14601] loss: 0.58559
[  1, 14651] loss: 0.59577
[  1, 14701] loss: 0.54824
[  1, 14751] loss: 0.63699
[  1, 14801] loss: 0.79312
[  1, 14851] loss: 0.67693
[  1, 14901] loss: 0.67807
[  1, 14951] loss: 0.61531
[  1, 15001] loss: 0.73250
[  1, 15051] loss: 0.66588
[  1, 15101] loss: 0.67527
[  1, 15151] loss: 0.86077
[  1, 15201] loss: 0.64560
[  1, 15251] loss: 0.69187
[  1, 15301] loss: 0.77117
[  1, 15351] loss: 0.87054
[  1, 15401] loss: 0.78951
[  1, 15451] loss: 0.86467
[  1, 15501] loss: 0.96513
[  1, 15551] loss: 0.80719
[  1, 15601] loss: 0.69125
[  1, 15651] loss: 0.69034
[  1, 15701] loss: 0.74104
[  1, 15751] loss: 0.75135
[  1, 15801] loss: 0.58896
[  1, 15851] loss: 0.61740
[  1, 15901] loss: 0.66092
[  1, 15951] loss: 0.67689
[  1, 16001] loss: 0.68413
[  1, 16051] loss: 0.70281
[  1, 16101] loss: 0.53915
[  1, 16151] loss: 0.69703
[  1, 16201] loss: 0.63123
[  1, 16251] loss: 0.69535
[  1, 16301] loss: 0.69071
[  1, 16351] loss: 0.73908
[  1, 16401] loss: 0.59462
[  1, 16451] loss: 0.70782
[  1, 16501] loss: 0.54980
[  1, 16551] loss: 0.67127
[  1, 16601] loss: 0.64795
[  1, 16651] loss: 0.68554
[  1, 16701] loss: 0.66511
[  1, 16751] loss: 0.61569
[  1, 16801] loss: 0.58008
[  1, 16851] loss: 0.64467
[  1, 16901] loss: 0.61703
[  1, 16951] loss: 0.65740
[  1, 17001] loss: 0.67529
[  1, 17051] loss: 0.73951
[  1, 17101] loss: 0.65624
[  1, 17151] loss: 0.65746
[  1, 17201] loss: 0.70133
[  1, 17251] loss: 0.62514
[  1, 17301] loss: 0.70487
[  1, 17351] loss: 0.66136
[  1, 17401] loss: 0.76083
[  1, 17451] loss: 0.66621
[  1, 17501] loss: 0.57769
[  1, 17551] loss: 0.73508
[  1, 17601] loss: 0.51994
[  1, 17651] loss: 0.58274
[  1, 17701] loss: 0.65191
[  1, 17751] loss: 0.57841
[  1, 17801] loss: 0.57085
[  1, 17851] loss: 0.69275
[  1, 17901] loss: 0.83091
[  1, 17951] loss: 0.66309
[  1, 18001] loss: 0.63044
[  1, 18051] loss: 0.65242
[  1, 18101] loss: 0.64229
[  1, 18151] loss: 0.69165
[  1, 18201] loss: 0.76849
[  1, 18251] loss: 0.68808
[  1, 18301] loss: 0.63178
[  1, 18351] loss: 0.60758
[  1, 18401] loss: 0.67782
[  1, 18451] loss: 0.78172
[  1, 18501] loss: 0.62893
[  1, 18551] loss: 0.63868
[  1, 18601] loss: 0.68298
[  1, 18651] loss: 0.75408
[  1, 18701] loss: 0.72436
[  1, 18751] loss: 0.59181
[  1, 18801] loss: 0.64322
[  1, 18851] loss: 0.85045
[  1, 18901] loss: 0.74090
[  1, 18951] loss: 0.66155
[  1, 19001] loss: 0.62820
[  1, 19051] loss: 0.62793
[  1, 19101] loss: 0.87509
[  1, 19151] loss: 0.63950
[  1, 19201] loss: 0.68942
[  1, 19251] loss: 0.75515
[  1, 19301] loss: 0.74518
[  1, 19351] loss: 0.68885
[  1, 19401] loss: 0.51815
[  1, 19451] loss: 0.68023
[  1, 19501] loss: 0.96035
[  1, 19551] loss: 0.64714
[  1, 19601] loss: 0.83295
[  1, 19651] loss: 0.58686
[  1, 19701] loss: 1.18685
[  1, 19751] loss: 0.75321
[  1, 19801] loss: 0.61966
[  1, 19851] loss: 0.63274
[  1, 19901] loss: 0.74923
[  1, 19951] loss: 0.73788
[  1, 20001] loss: 0.62266
[  1, 20051] loss: 0.63944
[  1, 20101] loss: 0.72960
[  1, 20151] loss: 0.79395
[  1, 20201] loss: 0.67961
[  1, 20251] loss: 0.71686
[  1, 20301] loss: 0.66235
[  1, 20351] loss: 0.69536
[  1, 20401] loss: 0.57567
[  1, 20451] loss: 0.62185
[  1, 20501] loss: 0.74586
[  1, 20551] loss: 0.75336
[  1, 20601] loss: 0.64022
[  1, 20651] loss: 0.61751
[  1, 20701] loss: 0.69680
[  1, 20751] loss: 0.61231
[  1, 20801] loss: 0.67829
[  1, 20851] loss: 0.77451
[  1, 20901] loss: 0.61968
[  1, 20951] loss: 0.73840
[  1, 21001] loss: 0.70442
[  1, 21051] loss: 0.59522
[  1, 21101] loss: 0.72171
[  1, 21151] loss: 0.57567
[  1, 21201] loss: 0.63513
[  1, 21251] loss: 0.92492
[  1, 21301] loss: 0.76850
[  1, 21351] loss: 0.62376
[  1, 21401] loss: 0.60580
[  1, 21451] loss: 0.82186
[  1, 21501] loss: 0.62671
[  1, 21551] loss: 0.65670
[  1, 21601] loss: 0.54181
[  1, 21651] loss: 0.76653
[  1, 21701] loss: 0.64723
[  1, 21751] loss: 0.69574
[  1, 21801] loss: 0.74356
[  1, 21851] loss: 0.63011
[  1, 21901] loss: 0.63086
[  1, 21951] loss: 0.60635
[  1, 22001] loss: 0.57916
[  1, 22051] loss: 0.67559
[  1, 22101] loss: 0.70336
[  1, 22151] loss: 0.67058
[  1, 22201] loss: 0.66578
[  1, 22251] loss: 0.74841
[  1, 22301] loss: 0.68697
[  1, 22351] loss: 0.70322
[  1, 22401] loss: 0.63888
[  1, 22451] loss: 0.66461
[  1, 22501] loss: 0.57398
[  1, 22551] loss: 0.84935
[  1, 22601] loss: 0.57398
[  1, 22651] loss: 0.64099
[  1, 22701] loss: 0.68338
[  1, 22751] loss: 0.54924
[  1, 22801] loss: 0.71844
[  1, 22851] loss: 0.70530
[  1, 22901] loss: 0.67075
[  1, 22951] loss: 0.83507
[  1, 23001] loss: 0.76331
[  1, 23051] loss: 0.70589
[  1, 23101] loss: 0.61642
[  1, 23151] loss: 0.73476
[  1, 23201] loss: 0.62959
[  1, 23251] loss: 0.78927
[  1, 23301] loss: 0.70860
[  1, 23351] loss: 0.59225
[  1, 23401] loss: 0.57006
[  1, 23451] loss: 0.66871
[  1, 23501] loss: 0.69321
[  1, 23551] loss: 0.62740
[  1, 23601] loss: 0.64983
[  1, 23651] loss: 0.62075
[  1, 23701] loss: 0.59877
[  1, 23751] loss: 0.60465
[  1, 23801] loss: 0.59286
[  1, 23851] loss: 0.65519
[  1, 23901] loss: 0.69951
[  1, 23951] loss: 0.78697
[  1, 24001] loss: 0.66691
[  1, 24051] loss: 0.68212
[  1, 24101] loss: 0.70999
[  1, 24151] loss: 0.64856
[  1, 24201] loss: 0.70602
[  1, 24251] loss: 0.73088
[  1, 24301] loss: 0.80266
[  1, 24351] loss: 0.60021
[  1, 24401] loss: 0.56979
[  1, 24451] loss: 0.62538
[  1, 24501] loss: 0.59721
[  1, 24551] loss: 0.60323
[  1, 24601] loss: 0.76031
[  1, 24651] loss: 0.64436
[  1, 24701] loss: 0.66252
[  1, 24751] loss: 0.65633
[  1, 24801] loss: 0.69718
[  1, 24851] loss: 0.64020
[  1, 24901] loss: 0.65488
[  1, 24951] loss: 0.79285
[  2,     1] loss: 0.48244
[  2,    51] loss: 0.59982
[  2,   101] loss: 0.44595
[  2,   151] loss: 0.48204
[  2,   201] loss: 0.50063
[  2,   251] loss: 0.54300
[  2,   301] loss: 0.48745
[  2,   351] loss: 0.60872
[  2,   401] loss: 0.54054
[  2,   451] loss: 0.51477
[  2,   501] loss: 0.55452
[  2,   551] loss: 0.54099
[  2,   601] loss: 0.57545
[  2,   651] loss: 0.53552
[  2,   701] loss: 0.53782
[  2,   751] loss: 0.58961
[  2,   801] loss: 0.50801
[  2,   851] loss: 0.46035
[  2,   901] loss: 0.45740
[  2,   951] loss: 0.58889
[  2,  1001] loss: 0.59778
[  2,  1051] loss: 0.61111
[  2,  1101] loss: 0.49909
[  2,  1151] loss: 0.65268
[  2,  1201] loss: 0.64017
[  2,  1251] loss: 0.60509
[  2,  1301] loss: 0.63340
[  2,  1351] loss: 0.53758
[  2,  1401] loss: 0.58886
[  2,  1451] loss: 0.48473
[  2,  1501] loss: 0.59290
[  2,  1551] loss: 0.56822
[  2,  1601] loss: 0.58968
[  2,  1651] loss: 0.56959
[  2,  1701] loss: 0.53769
[  2,  1751] loss: 0.54648
[  2,  1801] loss: 0.51578
[  2,  1851] loss: 0.59576
[  2,  1901] loss: 0.57583
[  2,  1951] loss: 0.65654
[  2,  2001] loss: 0.52973
[  2,  2051] loss: 0.53964
[  2,  2101] loss: 0.59072
[  2,  2151] loss: 0.51489
[  2,  2201] loss: 0.50458
[  2,  2251] loss: 0.60973
[  2,  2301] loss: 0.45914
[  2,  2351] loss: 0.55119
[  2,  2401] loss: 0.47890
[  2,  2451] loss: 0.52664
[  2,  2501] loss: 0.58053
[  2,  2551] loss: 0.57725
[  2,  2601] loss: 0.49337
[  2,  2651] loss: 0.42897
[  2,  2701] loss: 0.53882
[  2,  2751] loss: 0.52466
[  2,  2801] loss: 0.59767
[  2,  2851] loss: 0.53906
[  2,  2901] loss: 0.55292
[  2,  2951] loss: 0.42446
[  2,  3001] loss: 0.59797
[  2,  3051] loss: 0.49446
[  2,  3101] loss: 0.49186
[  2,  3151] loss: 0.40336
[  2,  3201] loss: 0.54634
[  2,  3251] loss: 0.53947
[  2,  3301] loss: 0.49092
[  2,  3351] loss: 0.45763
[  2,  3401] loss: 0.48679
[  2,  3451] loss: 0.50928
[  2,  3501] loss: 0.51253
[  2,  3551] loss: 0.53181
[  2,  3601] loss: 0.40005
[  2,  3651] loss: 0.53732
[  2,  3701] loss: 0.48714
[  2,  3751] loss: 0.64479
[  2,  3801] loss: 0.41267
[  2,  3851] loss: 0.43681
[  2,  3901] loss: 0.38994
[  2,  3951] loss: 0.49734
[  2,  4001] loss: 0.41393
[  2,  4051] loss: 0.49010
[  2,  4101] loss: 0.60027
[  2,  4151] loss: 0.51597
[  2,  4201] loss: 0.44980
[  2,  4251] loss: 0.71426
[  2,  4301] loss: 0.73347
[  2,  4351] loss: 0.36951
[  2,  4401] loss: 0.55356
[  2,  4451] loss: 0.43772
[  2,  4501] loss: 0.67409
[  2,  4551] loss: 0.59711
[  2,  4601] loss: 0.39678
[  2,  4651] loss: 0.50772
[  2,  4701] loss: 0.50488
[  2,  4751] loss: 0.44606
[  2,  4801] loss: 0.38521
[  2,  4851] loss: 0.39490
[  2,  4901] loss: 0.53575
[  2,  4951] loss: 0.48140
[  2,  5001] loss: 0.40457
[  2,  5051] loss: 0.47470
[  2,  5101] loss: 0.41356
[  2,  5151] loss: 0.42602
[  2,  5201] loss: 0.44613
[  2,  5251] loss: 0.41303
[  2,  5301] loss: 0.47743
[  2,  5351] loss: 0.44250
[  2,  5401] loss: 0.43854
[  2,  5451] loss: 0.40475
[  2,  5501] loss: 0.45157
[  2,  5551] loss: 0.35569
[  2,  5601] loss: 0.38189
[  2,  5651] loss: 0.45793
[  2,  5701] loss: 0.43670
[  2,  5751] loss: 0.39402
[  2,  5801] loss: 0.48510
[  2,  5851] loss: 0.48145
[  2,  5901] loss: 0.43380
[  2,  5951] loss: 0.39788
[  2,  6001] loss: 0.44975
[  2,  6051] loss: 0.45205
[  2,  6101] loss: 0.46665
[  2,  6151] loss: 0.42955
[  2,  6201] loss: 0.32301
[  2,  6251] loss: 0.56346
[  2,  6301] loss: 0.41949
[  2,  6351] loss: 0.36741
[  2,  6401] loss: 0.49551
[  2,  6451] loss: 0.41524
[  2,  6501] loss: 0.39003
[  2,  6551] loss: 0.39036
[  2,  6601] loss: 0.41203
[  2,  6651] loss: 0.46454
[  2,  6701] loss: 0.40402
[  2,  6751] loss: 0.48477
[  2,  6801] loss: 0.43509
[  2,  6851] loss: 0.39052
[  2,  6901] loss: 0.33115
[  2,  6951] loss: 0.37165
[  2,  7001] loss: 0.48264
[  2,  7051] loss: 0.38243
[  2,  7101] loss: 0.33888
[  2,  7151] loss: 0.55999
[  2,  7201] loss: 0.38213
[  2,  7251] loss: 0.39373
[  2,  7301] loss: 0.38819
[  2,  7351] loss: 0.39484
[  2,  7401] loss: 0.33082
[  2,  7451] loss: 0.47143
[  2,  7501] loss: 0.39954
[  2,  7551] loss: 0.36795
[  2,  7601] loss: 0.35117
[  2,  7651] loss: 0.30517
[  2,  7701] loss: 0.39297
[  2,  7751] loss: 0.38174
[  2,  7801] loss: 0.39722
[  2,  7851] loss: 0.35286
[  2,  7901] loss: 0.37835
[  2,  7951] loss: 0.47176
[  2,  8001] loss: 0.36785
[  2,  8051] loss: 0.44506
[  2,  8101] loss: 0.50342
[  2,  8151] loss: 0.48147
[  2,  8201] loss: 0.34905
[  2,  8251] loss: 0.39509
[  2,  8301] loss: 0.36299
[  2,  8351] loss: 0.43792
[  2,  8401] loss: 0.34000
[  2,  8451] loss: 0.40051
[  2,  8501] loss: 0.38825
[  2,  8551] loss: 0.38685
[  2,  8601] loss: 0.48545
[  2,  8651] loss: 0.41337
[  2,  8701] loss: 0.36709
[  2,  8751] loss: 0.41213
[  2,  8801] loss: 0.37087
[  2,  8851] loss: 0.31360
[  2,  8901] loss: 0.37032
[  2,  8951] loss: 0.40503
[  2,  9001] loss: 0.37436
[  2,  9051] loss: 0.37795
[  2,  9101] loss: 0.34009
[  2,  9151] loss: 0.38356
[  2,  9201] loss: 0.32378
[  2,  9251] loss: 0.33403
[  2,  9301] loss: 0.36875
[  2,  9351] loss: 0.37078
[  2,  9401] loss: 0.33290
[  2,  9451] loss: 0.39987
[  2,  9501] loss: 0.40687
[  2,  9551] loss: 0.35229
[  2,  9601] loss: 0.33182
[  2,  9651] loss: 0.32859
[  2,  9701] loss: 0.45775
[  2,  9751] loss: 0.36550
[  2,  9801] loss: 0.33026
[  2,  9851] loss: 0.31709
[  2,  9901] loss: 0.25943
[  2,  9951] loss: 0.38828
[  2, 10001] loss: 0.35246
[  2, 10051] loss: 0.32441
[  2, 10101] loss: 0.41995
[  2, 10151] loss: 0.35030
[  2, 10201] loss: 0.36196
[  2, 10251] loss: 0.45122
[  2, 10301] loss: 0.49339
[  2, 10351] loss: 0.30344
[  2, 10401] loss: 0.33294
[  2, 10451] loss: 0.36876
[  2, 10501] loss: 0.55478
[  2, 10551] loss: 0.34842
[  2, 10601] loss: 0.36654
[  2, 10651] loss: 0.56651
[  2, 10701] loss: 0.46461
[  2, 10751] loss: 0.25254
[  2, 10801] loss: 0.25690
[  2, 10851] loss: 0.47218
[  2, 10901] loss: 0.52410
[  2, 10951] loss: 0.32070
[  2, 11001] loss: 0.28265
[  2, 11051] loss: 0.63390
[  2, 11101] loss: 0.44676
[  2, 11151] loss: 0.32326
[  2, 11201] loss: 0.39182
[  2, 11251] loss: 0.63676
[  2, 11301] loss: 0.47752
[  2, 11351] loss: 0.29429
[  2, 11401] loss: 0.46080
[  2, 11451] loss: 0.70549
[  2, 11501] loss: 0.68508
[  2, 11551] loss: 0.45843
[  2, 11601] loss: 0.36472
[  2, 11651] loss: 0.71272
[  2, 11701] loss: 0.69947
[  2, 11751] loss: 0.48745
[  2, 11801] loss: 0.33217
[  2, 11851] loss: 0.49846
[  2, 11901] loss: 1.04594
[  2, 11951] loss: 0.53813
[  2, 12001] loss: 0.33255
[  2, 12051] loss: 0.53507
[  2, 12101] loss: 0.83201
[  2, 12151] loss: 0.72930
[  2, 12201] loss: 0.42258
[  2, 12251] loss: 0.24280
[  2, 12301] loss: 0.50212
[  2, 12351] loss: 0.62609
[  2, 12401] loss: 0.67355
[  2, 12451] loss: 0.31541
[  2, 12501] loss: 0.44736
[  2, 12551] loss: 0.56987
[  2, 12601] loss: 0.64057
[  2, 12651] loss: 0.37002
[  2, 12701] loss: 0.46173
[  2, 12751] loss: 0.63688
[  2, 12801] loss: 0.51569
[  2, 12851] loss: 0.22190
[  2, 12901] loss: 0.38660
[  2, 12951] loss: 0.79891
[  2, 13001] loss: 0.41711
[  2, 13051] loss: 0.37972
[  2, 13101] loss: 0.40766
[  2, 13151] loss: 0.48561
[  2, 13201] loss: 0.73122
[  2, 13251] loss: 0.33069
[  2, 13301] loss: 0.28608
[  2, 13351] loss: 0.55962
[  2, 13401] loss: 0.63900
[  2, 13451] loss: 0.30891
[  2, 13501] loss: 0.30963
[  2, 13551] loss: 0.37056
[  2, 13601] loss: 0.55905
[  2, 13651] loss: 0.67741
[  2, 13701] loss: 0.35724
[  2, 13751] loss: 0.44675
[  2, 13801] loss: 0.64399
[  2, 13851] loss: 0.64519
[  2, 13901] loss: 0.38217
[  2, 13951] loss: 0.37284
[  2, 14001] loss: 0.54010
[  2, 14051] loss: 0.53142
[  2, 14101] loss: 0.67001
[  2, 14151] loss: 0.37896
[  2, 14201] loss: 0.42991
[  2, 14251] loss: 0.61004
[  2, 14301] loss: 0.48121
[  2, 14351] loss: 0.50004
[  2, 14401] loss: 0.33106
[  2, 14451] loss: 0.41746
[  2, 14501] loss: 0.52699
[  2, 14551] loss: 0.34275
[  2, 14601] loss: 0.28760
[  2, 14651] loss: 0.29772
[  2, 14701] loss: 0.37950
[  2, 14751] loss: 0.46520
[  2, 14801] loss: 0.30797
[  2, 14851] loss: 0.30404
[  2, 14901] loss: 0.34482
[  2, 14951] loss: 0.30825
[  2, 15001] loss: 0.37461
[  2, 15051] loss: 0.26813
[  2, 15101] loss: 0.30203
[  2, 15151] loss: 0.49854
[  2, 15201] loss: 0.24158
[  2, 15251] loss: 0.39918
[  2, 15301] loss: 0.24591
[  2, 15351] loss: 0.31095
[  2, 15401] loss: 0.34161
[  2, 15451] loss: 0.37878
[  2, 15501] loss: 0.32385
[  2, 15551] loss: 0.26222
[  2, 15601] loss: 0.34685
[  2, 15651] loss: 0.41517
[  2, 15701] loss: 0.32826
[  2, 15751] loss: 0.32657
[  2, 15801] loss: 0.35482
[  2, 15851] loss: 0.54086
[  2, 15901] loss: 0.60479
[  2, 15951] loss: 0.32556
[  2, 16001] loss: 0.32780
[  2, 16051] loss: 0.50509
[  2, 16101] loss: 0.43189
[  2, 16151] loss: 0.78193
[  2, 16201] loss: 0.31950
[  2, 16251] loss: 0.32501
[  2, 16301] loss: 0.48606
[  2, 16351] loss: 0.59626
[  2, 16401] loss: 0.57768
[  2, 16451] loss: 0.33999
[  2, 16501] loss: 0.27373
[  2, 16551] loss: 0.63721
[  2, 16601] loss: 0.56920
[  2, 16651] loss: 0.47333
[  2, 16701] loss: 0.29283
[  2, 16751] loss: 0.35239
[  2, 16801] loss: 0.46159
[  2, 16851] loss: 0.40397
[  2, 16901] loss: 0.40548
[  2, 16951] loss: 0.27870
[  2, 17001] loss: 0.37890
[  2, 17051] loss: 0.53748
[  2, 17101] loss: 0.36611
[  2, 17151] loss: 0.25998
[  2, 17201] loss: 0.32520
[  2, 17251] loss: 0.46902
[  2, 17301] loss: 0.33333
[  2, 17351] loss: 0.29648
[  2, 17401] loss: 0.39976
[  2, 17451] loss: 0.33744
[  2, 17501] loss: 0.21199
[  2, 17551] loss: 0.40365
[  2, 17601] loss: 0.28140
[  2, 17651] loss: 0.24160
[  2, 17701] loss: 0.43476
[  2, 17751] loss: 0.26245
[  2, 17801] loss: 0.26632
[  2, 17851] loss: 0.28054
[  2, 17901] loss: 0.39808
[  2, 17951] loss: 0.44612
[  2, 18001] loss: 0.33793
[  2, 18051] loss: 0.19616
[  2, 18101] loss: 0.45315
[  2, 18151] loss: 0.42234
[  2, 18201] loss: 0.45365
[  2, 18251] loss: 0.28336
[  2, 18301] loss: 0.32575
[  2, 18351] loss: 0.50481
[  2, 18401] loss: 0.49064
[  2, 18451] loss: 0.25469
[  2, 18501] loss: 0.34513
[  2, 18551] loss: 0.54602
[  2, 18601] loss: 0.74306
[  2, 18651] loss: 0.32609
[  2, 18701] loss: 0.38264
[  2, 18751] loss: 0.57435
[  2, 18801] loss: 0.85148
[  2, 18851] loss: 0.34503
[  2, 18901] loss: 0.34728
[  2, 18951] loss: 0.46288
[  2, 19001] loss: 0.61210
[  2, 19051] loss: 0.63056
[  2, 19101] loss: 0.32339
[  2, 19151] loss: 0.24276
[  2, 19201] loss: 0.70646
[  2, 19251] loss: 0.68149
[  2, 19301] loss: 0.34797
[  2, 19351] loss: 0.25873
[  2, 19401] loss: 0.43767
[  2, 19451] loss: 0.54179
[  2, 19501] loss: 0.33495
[  2, 19551] loss: 0.17496
[  2, 19601] loss: 0.38345
[  2, 19651] loss: 0.44349
[  2, 19701] loss: 0.35927
[  2, 19751] loss: 0.24527
[  2, 19801] loss: 0.33516
[  2, 19851] loss: 0.40048
[  2, 19901] loss: 0.31563
[  2, 19951] loss: 0.21901
[  2, 20001] loss: 0.39175
[  2, 20051] loss: 0.61236
[  2, 20101] loss: 0.45818
[  2, 20151] loss: 0.21147
[  2, 20201] loss: 0.31299
[  2, 20251] loss: 0.51508
[  2, 20301] loss: 0.65068
[  2, 20351] loss: 0.44118
[  2, 20401] loss: 0.19512
[  2, 20451] loss: 0.35521
[  2, 20501] loss: 0.75057
[  2, 20551] loss: 0.47843
[  2, 20601] loss: 0.23295
[  2, 20651] loss: 0.25353
[  2, 20701] loss: 0.63011
[  2, 20751] loss: 0.48760
[  2, 20801] loss: 0.38081
[  2, 20851] loss: 0.20473
[  2, 20901] loss: 0.38075
[  2, 20951] loss: 0.70168
[  2, 21001] loss: 0.57543
[  2, 21051] loss: 0.33729
[  2, 21101] loss: 0.36924
[  2, 21151] loss: 0.60473
[  2, 21201] loss: 0.55174
[  2, 21251] loss: 0.34052
[  2, 21301] loss: 0.26780
[  2, 21351] loss: 0.43415
[  2, 21401] loss: 0.59427
[  2, 21451] loss: 0.35901
[  2, 21501] loss: 0.24927
[  2, 21551] loss: 0.43429
[  2, 21601] loss: 0.52194
[  2, 21651] loss: 0.48936
[  2, 21701] loss: 0.26892
[  2, 21751] loss: 0.33151
[  2, 21801] loss: 0.63545
[  2, 21851] loss: 0.83364
[  2, 21901] loss: 0.25377
[  2, 21951] loss: 0.20700
[  2, 22001] loss: 0.49100
[  2, 22051] loss: 0.36851
[  2, 22101] loss: 0.27697
[  2, 22151] loss: 0.33685
[  2, 22201] loss: 0.27488
[  2, 22251] loss: 0.40267
[  2, 22301] loss: 0.41468
[  2, 22351] loss: 0.25709
[  2, 22401] loss: 0.24894
[  2, 22451] loss: 0.29581
[  2, 22501] loss: 0.42879
[  2, 22551] loss: 0.26408
[  2, 22601] loss: 0.17212
[  2, 22651] loss: 0.34300
[  2, 22701] loss: 0.46787
[  2, 22751] loss: 0.29508
[  2, 22801] loss: 0.29675
[  2, 22851] loss: 0.39828
[  2, 22901] loss: 0.42255
[  2, 22951] loss: 0.56403
[  2, 23001] loss: 0.31644
[  2, 23051] loss: 0.42988
[  2, 23101] loss: 0.46830
[  2, 23151] loss: 0.54798
[  2, 23201] loss: 0.29293
[  2, 23251] loss: 0.35711
[  2, 23301] loss: 0.42832
[  2, 23351] loss: 0.45476
[  2, 23401] loss: 0.21553
[  2, 23451] loss: 0.26424
[  2, 23501] loss: 0.27129
[  2, 23551] loss: 0.39107
[  2, 23601] loss: 0.34534
[  2, 23651] loss: 0.31445
[  2, 23701] loss: 0.28111
[  2, 23751] loss: 0.36934
[  2, 23801] loss: 0.47787
[  2, 23851] loss: 0.28742
[  2, 23901] loss: 0.28869
[  2, 23951] loss: 0.43567
[  2, 24001] loss: 0.47135
[  2, 24051] loss: 0.46055
[  2, 24101] loss: 0.26866
[  2, 24151] loss: 0.23151
[  2, 24201] loss: 0.45727
[  2, 24251] loss: 0.65612
[  2, 24301] loss: 0.48973
[  2, 24351] loss: 0.18313
[  2, 24401] loss: 0.29180
[  2, 24451] loss: 0.56259
[  2, 24501] loss: 0.51657
[  2, 24551] loss: 0.39628
[  2, 24601] loss: 0.22639
[  2, 24651] loss: 0.35831
[  2, 24701] loss: 0.69878
[  2, 24751] loss: 0.54286
[  2, 24801] loss: 0.25167
[  2, 24851] loss: 0.25780
[  2, 24901] loss: 0.58258
[  2, 24951] loss: 0.66813
[  3,     1] loss: 0.36436
[  3,    51] loss: 0.24951
[  3,   101] loss: 0.15800
[  3,   151] loss: 0.42619
[  3,   201] loss: 0.53690
[  3,   251] loss: 0.38067
[  3,   301] loss: 0.25732
[  3,   351] loss: 0.32936
[  3,   401] loss: 0.43082
[  3,   451] loss: 0.37691
[  3,   501] loss: 0.39726
[  3,   551] loss: 0.24230
[  3,   601] loss: 0.29342
[  3,   651] loss: 0.29117
[  3,   701] loss: 0.33165
[  3,   751] loss: 0.35941
[  3,   801] loss: 0.19703
[  3,   851] loss: 0.15548
[  3,   901] loss: 0.28643
[  3,   951] loss: 0.39209
[  3,  1001] loss: 0.38493
[  3,  1051] loss: 0.31121
[  3,  1101] loss: 0.19198
[  3,  1151] loss: 0.33444
[  3,  1201] loss: 0.28090
[  3,  1251] loss: 0.46728
[  3,  1301] loss: 0.45974
[  3,  1351] loss: 0.33735
[  3,  1401] loss: 0.25369
[  3,  1451] loss: 0.24817
[  3,  1501] loss: 0.44299
[  3,  1551] loss: 0.49323
[  3,  1601] loss: 0.48318
[  3,  1651] loss: 0.32003
[  3,  1701] loss: 0.21097
[  3,  1751] loss: 0.39574
[  3,  1801] loss: 0.43613
[  3,  1851] loss: 0.47333
[  3,  1901] loss: 0.27649
[  3,  1951] loss: 0.21454
[  3,  2001] loss: 0.39703
[  3,  2051] loss: 0.66946
[  3,  2101] loss: 0.21254
[  3,  2151] loss: 0.22110
[  3,  2201] loss: 0.44754
[  3,  2251] loss: 0.47511
[  3,  2301] loss: 0.32751
[  3,  2351] loss: 0.26319
[  3,  2401] loss: 0.21521
[  3,  2451] loss: 0.35487
[  3,  2501] loss: 0.35452
[  3,  2551] loss: 0.31809
[  3,  2601] loss: 0.22310
[  3,  2651] loss: 0.30576
[  3,  2701] loss: 0.39038
[  3,  2751] loss: 0.33370
[  3,  2801] loss: 0.20294
[  3,  2851] loss: 0.17669
[  3,  2901] loss: 0.28964
[  3,  2951] loss: 0.37285
[  3,  3001] loss: 0.25077
[  3,  3051] loss: 0.15660
[  3,  3101] loss: 0.24491
[  3,  3151] loss: 0.32745
[  3,  3201] loss: 0.48561
[  3,  3251] loss: 0.33696
[  3,  3301] loss: 0.16265
[  3,  3351] loss: 0.27315
[  3,  3401] loss: 0.54049
[  3,  3451] loss: 0.37457
[  3,  3501] loss: 0.18782
[  3,  3551] loss: 0.21215
[  3,  3601] loss: 0.46004
[  3,  3651] loss: 0.66805
[  3,  3701] loss: 0.40083
[  3,  3751] loss: 0.40540
[  3,  3801] loss: 0.14281
[  3,  3851] loss: 0.48000
[  3,  3901] loss: 0.37371
[  3,  3951] loss: 0.72977
[  3,  4001] loss: 0.22919
[  3,  4051] loss: 0.39570
[  3,  4101] loss: 0.62267
[  3,  4151] loss: 0.74994
[  3,  4201] loss: 0.37215
[  3,  4251] loss: 0.34540
[  3,  4301] loss: 0.38292
[  3,  4351] loss: 0.65988
[  3,  4401] loss: 0.73432
[  3,  4451] loss: 0.86698
[  3,  4501] loss: 0.19610
[  3,  4551] loss: 0.25076
[  3,  4601] loss: 0.51531
[  3,  4651] loss: 1.13058
[  3,  4701] loss: 0.77265
[  3,  4751] loss: 0.49450
[  3,  4801] loss: 0.16750
[  3,  4851] loss: 0.48353
[  3,  4901] loss: 0.89634
[  3,  4951] loss: 1.03466
[  3,  5001] loss: 0.33779
[  3,  5051] loss: 0.18780
[  3,  5101] loss: 0.36016
[  3,  5151] loss: 0.73420
[  3,  5201] loss: 0.55098
[  3,  5251] loss: 0.41150
[  3,  5301] loss: 0.14959
[  3,  5351] loss: 0.22201
[  3,  5401] loss: 0.54005
[  3,  5451] loss: 0.51748
[  3,  5501] loss: 0.39319
[  3,  5551] loss: 0.13327
[  3,  5601] loss: 0.15511
[  3,  5651] loss: 0.45023
[  3,  5701] loss: 0.39189
[  3,  5751] loss: 0.40466
[  3,  5801] loss: 0.15674
[  3,  5851] loss: 0.21067
[  3,  5901] loss: 0.30340
[  3,  5951] loss: 0.26928
[  3,  6001] loss: 0.26263
[  3,  6051] loss: 0.28371
[  3,  6101] loss: 0.16180
[  3,  6151] loss: 0.21208
[  3,  6201] loss: 0.28846
[  3,  6251] loss: 0.23939
[  3,  6301] loss: 0.11179
[  3,  6351] loss: 0.13236
[  3,  6401] loss: 0.37112
[  3,  6451] loss: 0.24194
[  3,  6501] loss: 0.20085
[  3,  6551] loss: 0.09492
[  3,  6601] loss: 0.18193
[  3,  6651] loss: 0.17394
[  3,  6701] loss: 0.21389
[  3,  6751] loss: 0.17955
[  3,  6801] loss: 0.12503
[  3,  6851] loss: 0.14615
[  3,  6901] loss: 0.21177
[  3,  6951] loss: 0.16426
[  3,  7001] loss: 0.20942
[  3,  7051] loss: 0.12714
[  3,  7101] loss: 0.23907
[  3,  7151] loss: 0.30205
[  3,  7201] loss: 0.11996
[  3,  7251] loss: 0.11743
[  3,  7301] loss: 0.13019
[  3,  7351] loss: 0.28627
[  3,  7401] loss: 0.14187
[  3,  7451] loss: 0.18340
[  3,  7501] loss: 0.34453
[  3,  7551] loss: 0.37157
[  3,  7601] loss: 0.29601
[  3,  7651] loss: 0.22588
[  3,  7701] loss: 0.12726
[  3,  7751] loss: 0.14847
[  3,  7801] loss: 0.31107
[  3,  7851] loss: 0.33953
[  3,  7901] loss: 0.34042
[  3,  7951] loss: 0.14923
[  3,  8001] loss: 0.13556
[  3,  8051] loss: 0.29839
[  3,  8101] loss: 0.46533
[  3,  8151] loss: 0.18586
[  3,  8201] loss: 0.12468
[  3,  8251] loss: 0.33707
[  3,  8301] loss: 0.40501
[  3,  8351] loss: 0.23484
[  3,  8401] loss: 0.15660
[  3,  8451] loss: 0.16168
[  3,  8501] loss: 0.30926
[  3,  8551] loss: 0.51948
[  3,  8601] loss: 0.22504
[  3,  8651] loss: 0.09422
[  3,  8701] loss: 0.22485
[  3,  8751] loss: 0.44117
[  3,  8801] loss: 0.35926
[  3,  8851] loss: 0.27393
[  3,  8901] loss: 0.13970
[  3,  8951] loss: 0.27294
[  3,  9001] loss: 0.33641
[  3,  9051] loss: 0.31106
[  3,  9101] loss: 0.33664
[  3,  9151] loss: 0.11634
[  3,  9201] loss: 0.19601
[  3,  9251] loss: 0.25767
[  3,  9301] loss: 0.21546
[  3,  9351] loss: 0.15827
[  3,  9401] loss: 0.14440
[  3,  9451] loss: 0.14707
[  3,  9501] loss: 0.16335
[  3,  9551] loss: 0.11205
[  3,  9601] loss: 0.15208
[  3,  9651] loss: 0.15403
[  3,  9701] loss: 0.20330
[  3,  9751] loss: 0.37199
[  3,  9801] loss: 0.12662
[  3,  9851] loss: 0.15976
[  3,  9901] loss: 0.14563
[  3,  9951] loss: 0.22671
[  3, 10001] loss: 0.14816
[  3, 10051] loss: 0.22239
[  3, 10101] loss: 0.19077
[  3, 10151] loss: 0.25125
[  3, 10201] loss: 0.24324
[  3, 10251] loss: 0.18907
[  3, 10301] loss: 0.11398
[  3, 10351] loss: 0.10071
[  3, 10401] loss: 0.20193
[  3, 10451] loss: 0.29034
[  3, 10501] loss: 0.19872
[  3, 10551] loss: 0.13115
[  3, 10601] loss: 0.23198
[  3, 10651] loss: 0.37944
[  3, 10701] loss: 0.16587
[  3, 10751] loss: 0.15125
[  3, 10801] loss: 0.11437
[  3, 10851] loss: 0.24435
[  3, 10901] loss: 0.30119
[  3, 10951] loss: 0.09397
[  3, 11001] loss: 0.13819
[  3, 11051] loss: 0.22817
[  3, 11101] loss: 0.19407
[  3, 11151] loss: 0.08724
[  3, 11201] loss: 0.20098
[  3, 11251] loss: 0.25386
[  3, 11301] loss: 0.13290
[  3, 11351] loss: 0.15105
[  3, 11401] loss: 0.31062
[  3, 11451] loss: 0.15999
[  3, 11501] loss: 0.10774
[  3, 11551] loss: 0.13760
[  3, 11601] loss: 0.38817
[  3, 11651] loss: 0.65620
[  3, 11701] loss: 0.33791
[  3, 11751] loss: 0.06810
[  3, 11801] loss: 0.47104
[  3, 11851] loss: 0.77574
[  3, 11901] loss: 0.31846
[  3, 11951] loss: 0.15502
[  3, 12001] loss: 0.08705
[  3, 12051] loss: 0.66355
[  3, 12101] loss: 0.52377
[  3, 12151] loss: 0.38474
[  3, 12201] loss: 0.06927
[  3, 12251] loss: 0.33166
[  3, 12301] loss: 0.71807
[  3, 12351] loss: 0.78496
[  3, 12401] loss: 0.32361
[  3, 12451] loss: 0.13996
[  3, 12501] loss: 0.20358
[  3, 12551] loss: 0.70914
[  3, 12601] loss: 0.59839
[  3, 12651] loss: 0.21902
[  3, 12701] loss: 0.06079
[  3, 12751] loss: 0.22792
[  3, 12801] loss: 0.44671
[  3, 12851] loss: 0.17985
[  3, 12901] loss: 0.08012
[  3, 12951] loss: 0.11278
[  3, 13001] loss: 0.07627
[  3, 13051] loss: 0.07647
[  3, 13101] loss: 0.13354
[  3, 13151] loss: 0.14328
[  3, 13201] loss: 0.09933
[  3, 13251] loss: 0.07746
[  3, 13301] loss: 0.34825
[  3, 13351] loss: 0.36714
[  3, 13401] loss: 0.11685
[  3, 13451] loss: 0.09710
[  3, 13501] loss: 0.32195
[  3, 13551] loss: 0.53751
[  3, 13601] loss: 0.40348
[  3, 13651] loss: 0.10301
[  3, 13701] loss: 0.09305
[  3, 13751] loss: 0.33574
[  3, 13801] loss: 0.81387
[  3, 13851] loss: 0.55356
[  3, 13901] loss: 0.21161
[  3, 13951] loss: 0.13984
[  3, 14001] loss: 0.56755
[  3, 14051] loss: 0.51011
[  3, 14101] loss: 0.16131
[  3, 14151] loss: 0.22815
[  3, 14201] loss: 0.31173
[  3, 14251] loss: 0.25830
[  3, 14301] loss: 0.37869
[  3, 14351] loss: 0.14839
[  3, 14401] loss: 0.12373
[  3, 14451] loss: 0.37253
[  3, 14501] loss: 0.33375
[  3, 14551] loss: 0.22441
[  3, 14601] loss: 0.09737
[  3, 14651] loss: 0.11219
[  3, 14701] loss: 0.24390
[  3, 14751] loss: 0.30728
[  3, 14801] loss: 0.14465
[  3, 14851] loss: 0.11470
[  3, 14901] loss: 0.18226
[  3, 14951] loss: 0.15986
[  3, 15001] loss: 0.20740
[  3, 15051] loss: 0.10582
[  3, 15101] loss: 0.09475
[  3, 15151] loss: 0.28878
[  3, 15201] loss: 0.29459
[  3, 15251] loss: 0.26062
[  3, 15301] loss: 0.06733
[  3, 15351] loss: 0.09853
[  3, 15401] loss: 0.09241
[  3, 15451] loss: 0.13895
[  3, 15501] loss: 0.21467
[  3, 15551] loss: 0.24004
[  3, 15601] loss: 0.12671
[  3, 15651] loss: 0.17538
[  3, 15701] loss: 0.16872
[  3, 15751] loss: 0.48104
[  3, 15801] loss: 0.60071
[  3, 15851] loss: 0.23516
[  3, 15901] loss: 0.08580
[  3, 15951] loss: 0.21306
[  3, 16001] loss: 1.19082
[  3, 16051] loss: 0.96324
[  3, 16101] loss: 0.39610
[  3, 16151] loss: 0.05010
[  3, 16201] loss: 0.55214
[  3, 16251] loss: 1.04802
[  3, 16301] loss: 1.60288
[  3, 16351] loss: 1.08613
[  3, 16401] loss: 0.14030
[  3, 16451] loss: 0.27834
[  3, 16501] loss: 1.58404
[  3, 16551] loss: 1.66906
[  3, 16601] loss: 0.96136
[  3, 16651] loss: 0.21319
[  3, 16701] loss: 0.16610
[  3, 16751] loss: 0.92202
[  3, 16801] loss: 1.05986
[  3, 16851] loss: 0.97442
[  3, 16901] loss: 0.24084
[  3, 16951] loss: 0.09693
[  3, 17001] loss: 0.42906
[  3, 17051] loss: 0.70375
[  3, 17101] loss: 0.51275
[  3, 17151] loss: 0.16596
[  3, 17201] loss: 0.07781
[  3, 17251] loss: 0.14110
[  3, 17301] loss: 0.40834
[  3, 17351] loss: 0.20041
[  3, 17401] loss: 0.11134
[  3, 17451] loss: 0.07286
[  3, 17501] loss: 0.06589
[  3, 17551] loss: 0.07344
[  3, 17601] loss: 0.08201
[  3, 17651] loss: 0.11206
[  3, 17701] loss: 0.05984
[  3, 17751] loss: 0.07811
[  3, 17801] loss: 0.06976
[  3, 17851] loss: 0.13526
[  3, 17901] loss: 0.12604
[  3, 17951] loss: 0.14972
[  3, 18001] loss: 0.07790
[  3, 18051] loss: 0.08525
[  3, 18101] loss: 0.17757
[  3, 18151] loss: 0.23658
[  3, 18201] loss: 0.16159
[  3, 18251] loss: 0.06709
[  3, 18301] loss: 0.23184
[  3, 18351] loss: 0.20743
[  3, 18401] loss: 0.11833
[  3, 18451] loss: 0.08991
[  3, 18501] loss: 0.20495
[  3, 18551] loss: 0.34303
[  3, 18601] loss: 0.16731
[  3, 18651] loss: 0.09482
[  3, 18701] loss: 0.35603
[  3, 18751] loss: 0.13604
[  3, 18801] loss: 0.15588
[  3, 18851] loss: 0.12990
[  3, 18901] loss: 0.09548
[  3, 18951] loss: 0.12728
[  3, 19001] loss: 0.09279
[  3, 19051] loss: 0.08693
[  3, 19101] loss: 0.08951
[  3, 19151] loss: 0.21221
[  3, 19201] loss: 0.23203
[  3, 19251] loss: 0.18374
[  3, 19301] loss: 0.18652
[  3, 19351] loss: 0.20168
[  3, 19401] loss: 0.19355
[  3, 19451] loss: 0.25794
[  3, 19501] loss: 0.26299
[  3, 19551] loss: 0.07601
[  3, 19601] loss: 0.15883
[  3, 19651] loss: 0.13623
[  3, 19701] loss: 0.30841
[  3, 19751] loss: 0.14884
[  3, 19801] loss: 0.05702
[  3, 19851] loss: 0.04882
[  3, 19901] loss: 0.06590
[  3, 19951] loss: 0.09638
[  3, 20001] loss: 0.05654
[  3, 20051] loss: 0.06238
[  3, 20101] loss: 0.09252
[  3, 20151] loss: 0.23817
[  3, 20201] loss: 0.44081
[  3, 20251] loss: 0.26905
[  3, 20301] loss: 0.02282
[  3, 20351] loss: 0.12161
[  3, 20401] loss: 0.44498
[  3, 20451] loss: 1.25650
[  3, 20501] loss: 0.49283
[  3, 20551] loss: 0.17353
[  3, 20601] loss: 0.10625
[  3, 20651] loss: 0.72477
[  3, 20701] loss: 0.95369
[  3, 20751] loss: 0.54584
[  3, 20801] loss: 0.15738
[  3, 20851] loss: 0.10378
[  3, 20901] loss: 0.44597
[  3, 20951] loss: 0.74449
[  3, 21001] loss: 0.40472
[  3, 21051] loss: 0.29957
[  3, 21101] loss: 0.11139
[  3, 21151] loss: 0.23117
[  3, 21201] loss: 0.32463
[  3, 21251] loss: 0.20918
[  3, 21301] loss: 0.08527
[  3, 21351] loss: 0.17167
[  3, 21401] loss: 0.05488
[  3, 21451] loss: 0.10341
[  3, 21501] loss: 0.07347
[  3, 21551] loss: 0.04708
[  3, 21601] loss: 0.03303
[  3, 21651] loss: 0.03687
[  3, 21701] loss: 0.09717
[  3, 21751] loss: 0.40125
[  3, 21801] loss: 0.31379
[  3, 21851] loss: 0.05285
[  3, 21901] loss: 0.05016
[  3, 21951] loss: 0.38883
[  3, 22001] loss: 0.71947
[  3, 22051] loss: 0.58498
[  3, 22101] loss: 0.19124
[  3, 22151] loss: 0.06585
[  3, 22201] loss: 0.31499
[  3, 22251] loss: 1.20284
[  3, 22301] loss: 0.63542
[  3, 22351] loss: 0.23630
[  3, 22401] loss: 0.06369
[  3, 22451] loss: 0.26050
[  3, 22501] loss: 0.29895
[  3, 22551] loss: 0.42468
[  3, 22601] loss: 0.15556
[  3, 22651] loss: 0.07204
[  3, 22701] loss: 0.20625
[  3, 22751] loss: 0.06498
[  3, 22801] loss: 0.11359
[  3, 22851] loss: 0.06569
[  3, 22901] loss: 0.04856
[  3, 22951] loss: 0.07758
[  3, 23001] loss: 0.18939
[  3, 23051] loss: 0.42246
[  3, 23101] loss: 0.26707
[  3, 23151] loss: 0.10792
[  3, 23201] loss: 0.04997
[  3, 23251] loss: 0.43538
[  3, 23301] loss: 0.78829
[  3, 23351] loss: 0.51619
[  3, 23401] loss: 0.07494
[  3, 23451] loss: 0.07087
[  3, 23501] loss: 0.19068
[  3, 23551] loss: 0.53499
[  3, 23601] loss: 0.35554
[  3, 23651] loss: 0.09253
[  3, 23701] loss: 0.05234
[  3, 23751] loss: 0.10232
[  3, 23801] loss: 0.14828
[  3, 23851] loss: 0.13210
[  3, 23901] loss: 0.06676
[  3, 23951] loss: 0.07719
[  3, 24001] loss: 0.05641
[  3, 24051] loss: 0.06669
[  3, 24101] loss: 0.10477
[  3, 24151] loss: 0.22388
[  3, 24201] loss: 0.25507
[  3, 24251] loss: 0.07349
[  3, 24301] loss: 0.08323
[  3, 24351] loss: 0.18936
[  3, 24401] loss: 0.63002
[  3, 24451] loss: 0.57019
[  3, 24501] loss: 0.12472
[  3, 24551] loss: 0.06770
[  3, 24601] loss: 0.45539
[  3, 24651] loss: 0.95200
[  3, 24701] loss: 0.37832
[  3, 24751] loss: 0.14563
[  3, 24801] loss: 0.04619
[  3, 24851] loss: 0.41484
[  3, 24901] loss: 0.50634
[  3, 24951] loss: 0.70366
[  4,     1] loss: 0.22483
[  4,    51] loss: 0.05701
[  4,   101] loss: 0.38094
[  4,   151] loss: 0.44552
[  4,   201] loss: 0.26598
[  4,   251] loss: 0.16845
[  4,   301] loss: 0.04343
[  4,   351] loss: 0.27920
[  4,   401] loss: 0.38556
[  4,   451] loss: 0.38299
[  4,   501] loss: 0.18927
[  4,   551] loss: 0.04094
[  4,   601] loss: 0.25833
[  4,   651] loss: 0.24244
[  4,   701] loss: 0.59465
[  4,   751] loss: 0.23819
[  4,   801] loss: 0.07839
[  4,   851] loss: 0.24976
[  4,   901] loss: 0.20782
[  4,   951] loss: 0.47919
[  4,  1001] loss: 0.27041
[  4,  1051] loss: 0.05306
[  4,  1101] loss: 0.14983
[  4,  1151] loss: 0.29995
[  4,  1201] loss: 0.47965
[  4,  1251] loss: 0.26938
[  4,  1301] loss: 0.06035
[  4,  1351] loss: 0.10996
[  4,  1401] loss: 0.65465
[  4,  1451] loss: 0.91642
[  4,  1501] loss: 0.56805
[  4,  1551] loss: 0.16840
[  4,  1601] loss: 0.05376
[  4,  1651] loss: 0.88690
[  4,  1701] loss: 1.28750
[  4,  1751] loss: 1.45225
[  4,  1801] loss: 0.55980
[  4,  1851] loss: 0.07736
[  4,  1901] loss: 0.27435
[  4,  1951] loss: 1.21047
[  4,  2001] loss: 1.38023
[  4,  2051] loss: 1.09251
[  4,  2101] loss: 0.36876
[  4,  2151] loss: 0.08559
[  4,  2201] loss: 0.53765
[  4,  2251] loss: 0.74882
[  4,  2301] loss: 0.46376
[  4,  2351] loss: 0.47867
[  4,  2401] loss: 0.08470
[  4,  2451] loss: 0.15661
[  4,  2501] loss: 0.12811
[  4,  2551] loss: 0.12461
[  4,  2601] loss: 0.09087
[  4,  2651] loss: 0.09644
[  4,  2701] loss: 0.04229
[  4,  2751] loss: 0.03143
[  4,  2801] loss: 0.04841
[  4,  2851] loss: 0.16883
[  4,  2901] loss: 0.13480
[  4,  2951] loss: 0.02178
[  4,  3001] loss: 0.05578
[  4,  3051] loss: 0.16092
[  4,  3101] loss: 0.20471
[  4,  3151] loss: 0.11580
[  4,  3201] loss: 0.28738
[  4,  3251] loss: 0.10835
[  4,  3301] loss: 0.09596
[  4,  3351] loss: 0.09157
[  4,  3401] loss: 0.12128
[  4,  3451] loss: 0.09311
[  4,  3501] loss: 0.08095
[  4,  3551] loss: 0.08267
[  4,  3601] loss: 0.06858
[  4,  3651] loss: 0.18814
[  4,  3701] loss: 0.04641
[  4,  3751] loss: 0.31381
[  4,  3801] loss: 0.14329
[  4,  3851] loss: 0.05941
[  4,  3901] loss: 0.05456
[  4,  3951] loss: 0.10950
[  4,  4001] loss: 0.04247
[  4,  4051] loss: 0.41622
[  4,  4101] loss: 0.16339
[  4,  4151] loss: 0.08917
[  4,  4201] loss: 0.03236
[  4,  4251] loss: 0.04565
[  4,  4301] loss: 0.28422
[  4,  4351] loss: 0.10447
[  4,  4401] loss: 0.17056
[  4,  4451] loss: 0.04060
[  4,  4501] loss: 0.04503
[  4,  4551] loss: 0.27447
[  4,  4601] loss: 0.13687
[  4,  4651] loss: 0.11723
[  4,  4701] loss: 0.06154
[  4,  4751] loss: 0.03507
[  4,  4801] loss: 0.21586
[  4,  4851] loss: 0.31835
[  4,  4901] loss: 0.38429
[  4,  4951] loss: 0.10053
[  4,  5001] loss: 0.17142
[  4,  5051] loss: 0.24097
[  4,  5101] loss: 0.27014
[  4,  5151] loss: 0.32736
[  4,  5201] loss: 0.20899
[  4,  5251] loss: 0.08305
[  4,  5301] loss: 0.05463
[  4,  5351] loss: 0.25062
[  4,  5401] loss: 0.19575
[  4,  5451] loss: 0.20072
[  4,  5501] loss: 0.12706
[  4,  5551] loss: 0.05912
[  4,  5601] loss: 0.09656
[  4,  5651] loss: 0.40213
[  4,  5701] loss: 0.20346
[  4,  5751] loss: 0.09189
[  4,  5801] loss: 0.05407
[  4,  5851] loss: 0.09863
[  4,  5901] loss: 0.15243
[  4,  5951] loss: 0.11436
[  4,  6001] loss: 0.15856
[  4,  6051] loss: 0.31920
[  4,  6101] loss: 0.05944
[  4,  6151] loss: 0.07694
[  4,  6201] loss: 0.06760
[  4,  6251] loss: 0.39897
[  4,  6301] loss: 0.13216
[  4,  6351] loss: 0.04904
[  4,  6401] loss: 0.13604
[  4,  6451] loss: 0.03151
[  4,  6501] loss: 0.03823
[  4,  6551] loss: 0.04927
[  4,  6601] loss: 0.04103
[  4,  6651] loss: 0.03680
[  4,  6701] loss: 0.05461
[  4,  6751] loss: 0.04754
[  4,  6801] loss: 0.08820
[  4,  6851] loss: 0.06611
[  4,  6901] loss: 0.04770
[  4,  6951] loss: 0.04972
[  4,  7001] loss: 0.35282
[  4,  7051] loss: 0.11493
[  4,  7101] loss: 0.07250
[  4,  7151] loss: 0.21231
[  4,  7201] loss: 0.03449
[  4,  7251] loss: 0.05887
[  4,  7301] loss: 0.08296
[  4,  7351] loss: 0.06056
[  4,  7401] loss: 0.04219
[  4,  7451] loss: 0.05184
[  4,  7501] loss: 0.33299
[  4,  7551] loss: 0.19675
[  4,  7601] loss: 0.07023
[  4,  7651] loss: 0.05322
[  4,  7701] loss: 0.06517
[  4,  7751] loss: 0.06883
[  4,  7801] loss: 0.07000
[  4,  7851] loss: 0.04250
[  4,  7901] loss: 0.02806
[  4,  7951] loss: 0.04686
[  4,  8001] loss: 0.10705
[  4,  8051] loss: 0.26937
[  4,  8101] loss: 0.12785
[  4,  8151] loss: 0.06392
[  4,  8201] loss: 0.06710
[  4,  8251] loss: 0.29504
[  4,  8301] loss: 0.14132
[  4,  8351] loss: 0.27026
[  4,  8401] loss: 0.09100
[  4,  8451] loss: 0.04787
[  4,  8501] loss: 0.02012
[  4,  8551] loss: 0.01980
[  4,  8601] loss: 0.05484
[  4,  8651] loss: 0.07259
[  4,  8701] loss: 0.04367
[  4,  8751] loss: 0.02010
[  4,  8801] loss: 0.01598
[  4,  8851] loss: 0.05570
[  4,  8901] loss: 0.08270
[  4,  8951] loss: 0.09047
[  4,  9001] loss: 0.04868
[  4,  9051] loss: 0.03381
[  4,  9101] loss: 0.20877
[  4,  9151] loss: 0.06006
[  4,  9201] loss: 0.18036
[  4,  9251] loss: 0.15275
[  4,  9301] loss: 0.07875
[  4,  9351] loss: 0.04451
[  4,  9401] loss: 0.05754
[  4,  9451] loss: 0.18675
[  4,  9501] loss: 0.22438
[  4,  9551] loss: 0.18316
[  4,  9601] loss: 0.05645
[  4,  9651] loss: 0.03980
[  4,  9701] loss: 0.26567
[  4,  9751] loss: 0.47932
[  4,  9801] loss: 0.38785
[  4,  9851] loss: 0.29545
[  4,  9901] loss: 0.17723
[  4,  9951] loss: 0.04140
[  4, 10001] loss: 0.07920
[  4, 10051] loss: 0.35538
[  4, 10101] loss: 0.45794
[  4, 10151] loss: 0.42954
[  4, 10201] loss: 0.20532
[  4, 10251] loss: 0.11495
[  4, 10301] loss: 0.04261
[  4, 10351] loss: 0.16910
[  4, 10401] loss: 0.19901
[  4, 10451] loss: 0.27419
[  4, 10501] loss: 0.15637
[  4, 10551] loss: 0.07137
[  4, 10601] loss: 0.02978
[  4, 10651] loss: 0.22702
[  4, 10701] loss: 0.05434
[  4, 10751] loss: 0.09444
[  4, 10801] loss: 0.05985
[  4, 10851] loss: 0.02070
[  4, 10901] loss: 0.02714
[  4, 10951] loss: 0.08759
[  4, 11001] loss: 0.05087
[  4, 11051] loss: 0.04140
[  4, 11101] loss: 0.02755
[  4, 11151] loss: 0.05005
[  4, 11201] loss: 0.05344
[  4, 11251] loss: 0.04859
[  4, 11301] loss: 0.04608
[  4, 11351] loss: 0.06945
[  4, 11401] loss: 0.01727
[  4, 11451] loss: 0.01796
[  4, 11501] loss: 0.02617
[  4, 11551] loss: 0.04642
[  4, 11601] loss: 0.01277
[  4, 11651] loss: 0.00746
[  4, 11701] loss: 0.04959
[  4, 11751] loss: 0.20533
[  4, 11801] loss: 0.15841
[  4, 11851] loss: 0.06372
[  4, 11901] loss: 0.01915
[  4, 11951] loss: 0.01434
[  4, 12001] loss: 0.13617
[  4, 12051] loss: 0.06539
[  4, 12101] loss: 0.01553
[  4, 12151] loss: 0.01634
[  4, 12201] loss: 0.02898
[  4, 12251] loss: 0.01983
[  4, 12301] loss: 0.00874
[  4, 12351] loss: 0.00764
[  4, 12401] loss: 0.19485
[  4, 12451] loss: 0.07534
[  4, 12501] loss: 0.04057
[  4, 12551] loss: 0.02481
[  4, 12601] loss: 0.06291
[  4, 12651] loss: 0.07230
[  4, 12701] loss: 0.06228
[  4, 12751] loss: 0.09228
[  4, 12801] loss: 0.04595
[  4, 12851] loss: 0.14759
[  4, 12901] loss: 0.11194
[  4, 12951] loss: 0.05649
[  4, 13001] loss: 0.03348
[  4, 13051] loss: 0.07723
[  4, 13101] loss: 0.11278
[  4, 13151] loss: 0.09288
[  4, 13201] loss: 0.08838
[  4, 13251] loss: 0.14171
[  4, 13301] loss: 0.03204
[  4, 13351] loss: 0.01420
[  4, 13401] loss: 0.02832
[  4, 13451] loss: 0.31216
[  4, 13501] loss: 0.13135
[  4, 13551] loss: 0.03886
[  4, 13601] loss: 0.02555
[  4, 13651] loss: 0.03641
[  4, 13701] loss: 0.04939
[  4, 13751] loss: 0.06171
[  4, 13801] loss: 0.24962
[  4, 13851] loss: 0.03382
[  4, 13901] loss: 0.08065
[  4, 13951] loss: 0.03295
[  4, 14001] loss: 0.11747
[  4, 14051] loss: 0.01655
[  4, 14101] loss: 0.07335
[  4, 14151] loss: 0.22163
[  4, 14201] loss: 0.01429
[  4, 14251] loss: 0.00870
[  4, 14301] loss: 0.00762
[  4, 14351] loss: 0.03269
[  4, 14401] loss: 0.04367
[  4, 14451] loss: 0.02269
[  4, 14501] loss: 0.00665
[  4, 14551] loss: 0.02092
[  4, 14601] loss: 0.03897
[  4, 14651] loss: 0.07083
[  4, 14701] loss: 0.03785
[  4, 14751] loss: 0.04477
[  4, 14801] loss: 0.03183
[  4, 14851] loss: 0.03616
[  4, 14901] loss: 0.04526
[  4, 14951] loss: 0.02321
[  4, 15001] loss: 0.03335
[  4, 15051] loss: 0.06181
[  4, 15101] loss: 0.03711
[  4, 15151] loss: 0.28921
[  4, 15201] loss: 0.15247
[  4, 15251] loss: 0.23916
[  4, 15301] loss: 0.05209
[  4, 15351] loss: 0.05229
[  4, 15401] loss: 0.04211
[  4, 15451] loss: 0.04694
[  4, 15501] loss: 0.02328
[  4, 15551] loss: 0.02182
[  4, 15601] loss: 0.05591
[  4, 15651] loss: 0.36108
[  4, 15701] loss: 0.07629
[  4, 15751] loss: 0.02867
[  4, 15801] loss: 0.21711
[  4, 15851] loss: 0.01960
[  4, 15901] loss: 0.18144
[  4, 15951] loss: 0.33825
[  4, 16001] loss: 0.06785
[  4, 16051] loss: 0.01132
[  4, 16101] loss: 0.01679
[  4, 16151] loss: 0.15860
[  4, 16201] loss: 0.22058
[  4, 16251] loss: 0.06838
[  4, 16301] loss: 0.01540
[  4, 16351] loss: 0.00577
[  4, 16401] loss: 0.01435
[  4, 16451] loss: 0.11671
[  4, 16501] loss: 0.02739
[  4, 16551] loss: 0.01083
[  4, 16601] loss: 0.00570
[  4, 16651] loss: 0.02036
[  4, 16701] loss: 0.04669
[  4, 16751] loss: 0.01528
[  4, 16801] loss: 0.00669
[  4, 16851] loss: 0.00775
[  4, 16901] loss: 0.00922
[  4, 16951] loss: 0.06411
[  4, 17001] loss: 0.04369
[  4, 17051] loss: 0.03368
[  4, 17101] loss: 0.02603
[  4, 17151] loss: 0.04647
[  4, 17201] loss: 0.03400
[  4, 17251] loss: 0.04992
[  4, 17301] loss: 0.31284
[  4, 17351] loss: 0.13658
[  4, 17401] loss: 0.14097
[  4, 17451] loss: 0.08129
[  4, 17501] loss: 0.03508
[  4, 17551] loss: 0.03703
[  4, 17601] loss: 0.06518
[  4, 17651] loss: 0.10574
[  4, 17701] loss: 0.09266
[  4, 17751] loss: 0.10212
[  4, 17801] loss: 0.04931
[  4, 17851] loss: 0.02591
[  4, 17901] loss: 0.02075
[  4, 17951] loss: 0.03309
[  4, 18001] loss: 0.11396
[  4, 18051] loss: 0.09170
[  4, 18101] loss: 0.04104
[  4, 18151] loss: 0.03454
[  4, 18201] loss: 0.03498
[  4, 18251] loss: 0.01857
[  4, 18301] loss: 0.01844
[  4, 18351] loss: 0.01146
[  4, 18401] loss: 0.01377
[  4, 18451] loss: 0.02372
[  4, 18501] loss: 0.01561
[  4, 18551] loss: 0.00821
[  4, 18601] loss: 0.01647
[  4, 18651] loss: 0.04331
[  4, 18701] loss: 0.39855
[  4, 18751] loss: 0.04182
[  4, 18801] loss: 0.01364
[  4, 18851] loss: 0.01720
[  4, 18901] loss: 0.02512
[  4, 18951] loss: 0.02725
[  4, 19001] loss: 0.01426
[  4, 19051] loss: 0.01526
[  4, 19101] loss: 0.02009
[  4, 19151] loss: 0.02024
[  4, 19201] loss: 0.00858
[  4, 19251] loss: 0.03258
[  4, 19301] loss: 0.26070
[  4, 19351] loss: 0.06648
[  4, 19401] loss: 0.02561
[  4, 19451] loss: 0.00403
[  4, 19501] loss: 0.01118
[  4, 19551] loss: 0.03754
[  4, 19601] loss: 0.04463
[  4, 19651] loss: 0.06711
[  4, 19701] loss: 0.07357
[  4, 19751] loss: 0.07085
[  4, 19801] loss: 0.01794
[  4, 19851] loss: 0.01734
[  4, 19901] loss: 0.05616
[  4, 19951] loss: 0.05563
[  4, 20001] loss: 0.13665
[  4, 20051] loss: 0.10299
[  4, 20101] loss: 0.06870
[  4, 20151] loss: 0.03377
[  4, 20201] loss: 0.00959
[  4, 20251] loss: 0.03579
[  4, 20301] loss: 0.18551
[  4, 20351] loss: 0.34623
[  4, 20401] loss: 0.06658
[  4, 20451] loss: 0.25310
[  4, 20501] loss: 0.00394
[  4, 20551] loss: 0.10839
[  4, 20601] loss: 0.45527
[  4, 20651] loss: 0.13861
[  4, 20701] loss: 0.02753
[  4, 20751] loss: 0.01457
[  4, 20801] loss: 0.01147
[  4, 20851] loss: 0.05994
[  4, 20901] loss: 0.03591
[  4, 20951] loss: 0.06613
[  4, 21001] loss: 0.14018
[  4, 21051] loss: 0.46842
[  4, 21101] loss: 0.03681
[  4, 21151] loss: 0.00456
[  4, 21201] loss: 0.00675
[  4, 21251] loss: 0.02787
[  4, 21301] loss: 0.06590
[  4, 21351] loss: 0.33367
[  4, 21401] loss: 0.01691
[  4, 21451] loss: 0.02259
[  4, 21501] loss: 0.02312
[  4, 21551] loss: 0.01474
[  4, 21601] loss: 0.01114
[  4, 21651] loss: 0.02372
[  4, 21701] loss: 0.01355
[  4, 21751] loss: 0.00921
[  4, 21801] loss: 0.00928
[  4, 21851] loss: 0.01869
[  4, 21901] loss: 0.05376
[  4, 21951] loss: 0.02019
[  4, 22001] loss: 0.00880
[  4, 22051] loss: 0.00252
[  4, 22101] loss: 0.01251
[  4, 22151] loss: 0.10948
[  4, 22201] loss: 0.15181
[  4, 22251] loss: 0.32002
[  4, 22301] loss: 0.02731
[  4, 22351] loss: 0.01326
[  4, 22401] loss: 0.03055
[  4, 22451] loss: 0.08955
[  4, 22501] loss: 0.11119
[  4, 22551] loss: 0.14683
[  4, 22601] loss: 0.18968
[  4, 22651] loss: 0.03476
[  4, 22701] loss: 0.31235
[  4, 22751] loss: 0.05694
[  4, 22801] loss: 0.22691
[  4, 22851] loss: 0.25824
[  4, 22901] loss: 0.35366
[  4, 22951] loss: 0.04204
[  4, 23001] loss: 0.01234
[  4, 23051] loss: 0.23695
[  4, 23101] loss: 0.13690
[  4, 23151] loss: 0.76083
[  4, 23201] loss: 0.82359
[  4, 23251] loss: 0.13405
[  4, 23301] loss: 0.02186
[  4, 23351] loss: 0.31849
[  4, 23401] loss: 0.34360
[  4, 23451] loss: 1.34948
[  4, 23501] loss: 0.23273
[  4, 23551] loss: 0.06647
[  4, 23601] loss: 0.01855
[  4, 23651] loss: 0.01695
[  4, 23701] loss: 0.07346
[  4, 23751] loss: 0.27863
[  4, 23801] loss: 0.42003
[  4, 23851] loss: 0.26623
[  4, 23901] loss: 0.21837
[  4, 23951] loss: 0.04870
[  4, 24001] loss: 0.02351
[  4, 24051] loss: 0.08477
[  4, 24101] loss: 0.29685
[  4, 24151] loss: 0.28577
[  4, 24201] loss: 0.23717
[  4, 24251] loss: 0.19367
[  4, 24301] loss: 0.18939
[  4, 24351] loss: 0.01731
[  4, 24401] loss: 0.00102
[  4, 24451] loss: 0.00689
[  4, 24501] loss: 0.22382
[  4, 24551] loss: 0.97753
[  4, 24601] loss: 0.96047
[  4, 24651] loss: 0.03452
[  4, 24701] loss: 0.00385
[  4, 24751] loss: 0.01886
[  4, 24801] loss: 0.37956
[  4, 24851] loss: 0.50013
[  4, 24901] loss: 0.14223
[  4, 24951] loss: 0.05605
[  5,     1] loss: 0.03671
[  5,    51] loss: 0.03653
[  5,   101] loss: 0.00474
[  5,   151] loss: 0.00483
[  5,   201] loss: 0.01442
[  5,   251] loss: 0.03131
[  5,   301] loss: 0.17672
[  5,   351] loss: 0.17134
[  5,   401] loss: 0.00794
[  5,   451] loss: 0.01222
[  5,   501] loss: 0.01461
[  5,   551] loss: 0.06007
[  5,   601] loss: 0.30378
[  5,   651] loss: 0.02560
[  5,   701] loss: 0.00850
[  5,   751] loss: 0.01080
[  5,   801] loss: 0.02142
[  5,   851] loss: 0.05752
[  5,   901] loss: 0.06737
[  5,   951] loss: 0.20311
[  5,  1001] loss: 0.32714
[  5,  1051] loss: 0.03641
[  5,  1101] loss: 0.02258
[  5,  1151] loss: 0.04410
[  5,  1201] loss: 0.00193
[  5,  1251] loss: 0.03171
[  5,  1301] loss: 0.03764
[  5,  1351] loss: 0.02883
[  5,  1401] loss: 0.00474
[  5,  1451] loss: 0.00142
[  5,  1501] loss: 0.00327
[  5,  1551] loss: 0.07516
[  5,  1601] loss: 0.25414
[  5,  1651] loss: 0.52774
[  5,  1701] loss: 0.02766
[  5,  1751] loss: 0.23581
[  5,  1801] loss: 0.00174
[  5,  1851] loss: 0.13864
[  5,  1901] loss: 0.86442
[  5,  1951] loss: 0.23653
[  5,  2001] loss: 0.01462
[  5,  2051] loss: 0.00321
[  5,  2101] loss: 0.00392
[  5,  2151] loss: 0.08588
[  5,  2201] loss: 0.67892
[  5,  2251] loss: 0.09999
[  5,  2301] loss: 0.13985
[  5,  2351] loss: 0.25125
[  5,  2401] loss: 0.11335
[  5,  2451] loss: 0.19242
[  5,  2501] loss: 0.01366
[  5,  2551] loss: 0.13132
[  5,  2601] loss: 0.24704
[  5,  2651] loss: 0.29419
[  5,  2701] loss: 0.17436
[  5,  2751] loss: 0.10324
[  5,  2801] loss: 0.01589
[  5,  2851] loss: 0.02741
[  5,  2901] loss: 0.05102
[  5,  2951] loss: 0.20894
[  5,  3001] loss: 0.52762
[  5,  3051] loss: 0.30041
[  5,  3101] loss: 0.03481
[  5,  3151] loss: 0.00622
[  5,  3201] loss: 0.28475
[  5,  3251] loss: 0.35553
[  5,  3301] loss: 0.32851
[  5,  3351] loss: 0.23253
[  5,  3401] loss: 0.03353
[  5,  3451] loss: 0.03868
[  5,  3501] loss: 0.04605
[  5,  3551] loss: 0.02627
[  5,  3601] loss: 0.00357
[  5,  3651] loss: 0.20857
[  5,  3701] loss: 0.02945
[  5,  3751] loss: 0.47303
[  5,  3801] loss: 0.17641
[  5,  3851] loss: 0.08212
[  5,  3901] loss: 0.04128
[  5,  3951] loss: 0.17683
[  5,  4001] loss: 0.03665
[  5,  4051] loss: 0.42543
[  5,  4101] loss: 0.00252
[  5,  4151] loss: 0.02076
[  5,  4201] loss: 0.03677
[  5,  4251] loss: 0.16008
[  5,  4301] loss: 0.37238
[  5,  4351] loss: 0.00364
[  5,  4401] loss: 0.00447
[  5,  4451] loss: 0.01130
[  5,  4501] loss: 0.02578
[  5,  4551] loss: 0.00383
[  5,  4601] loss: 0.00210
[  5,  4651] loss: 0.00418
[  5,  4701] loss: 0.00716
[  5,  4751] loss: 0.01168
[  5,  4801] loss: 0.00657
[  5,  4851] loss: 0.00160
[  5,  4901] loss: 0.00499
[  5,  4951] loss: 0.02821
[  5,  5001] loss: 0.28026
[  5,  5051] loss: 0.05560
[  5,  5101] loss: 0.02136
[  5,  5151] loss: 0.00317
[  5,  5201] loss: 0.00236
[  5,  5251] loss: 0.01507
[  5,  5301] loss: 0.02945
[  5,  5351] loss: 0.01037
[  5,  5401] loss: 0.00321
[  5,  5451] loss: 0.17038
[  5,  5501] loss: 0.01193
[  5,  5551] loss: 0.01311
[  5,  5601] loss: 0.01039
[  5,  5651] loss: 0.29027
[  5,  5701] loss: 0.00387
[  5,  5751] loss: 0.01001
[  5,  5801] loss: 0.02625
[  5,  5851] loss: 0.03974
[  5,  5901] loss: 0.00560
[  5,  5951] loss: 0.01042
[  5,  6001] loss: 0.00572
[  5,  6051] loss: 0.36859
[  5,  6101] loss: 0.04254
[  5,  6151] loss: 0.03679
[  5,  6201] loss: 0.02054
[  5,  6251] loss: 0.37638
[  5,  6301] loss: 0.02762
[  5,  6351] loss: 0.02835
[  5,  6401] loss: 0.38491
[  5,  6451] loss: 0.01277
[  5,  6501] loss: 0.04492
[  5,  6551] loss: 0.04233
[  5,  6601] loss: 0.05650
[  5,  6651] loss: 0.05652
[  5,  6701] loss: 0.04624
[  5,  6751] loss: 0.03115
[  5,  6801] loss: 0.01321
[  5,  6851] loss: 0.01334
[  5,  6901] loss: 0.01014
[  5,  6951] loss: 0.04717
[  5,  7001] loss: 0.41676
[  5,  7051] loss: 0.04748
[  5,  7101] loss: 0.02663
[  5,  7151] loss: 0.26105
[  5,  7201] loss: 0.02977
[  5,  7251] loss: 0.01735
[  5,  7301] loss: 0.01346
[  5,  7351] loss: 0.01106
[  5,  7401] loss: 0.01735
[  5,  7451] loss: 0.02504
[  5,  7501] loss: 0.39280
[  5,  7551] loss: 0.25388
[  5,  7601] loss: 0.00914
[  5,  7651] loss: 0.01592
[  5,  7701] loss: 0.01452
[  5,  7751] loss: 0.01377
[  5,  7801] loss: 0.01257
[  5,  7851] loss: 0.01326
[  5,  7901] loss: 0.00907
[  5,  7951] loss: 0.01666
[  5,  8001] loss: 0.00598
[  5,  8051] loss: 0.00358
[  5,  8101] loss: 0.00429
[  5,  8151] loss: 0.03246
[  5,  8201] loss: 0.07817
[  5,  8251] loss: 0.45486
[  5,  8301] loss: 0.01098
[  5,  8351] loss: 0.19565
[  5,  8401] loss: 0.01198
[  5,  8451] loss: 0.01776
[  5,  8501] loss: 0.01509
[  5,  8551] loss: 0.01496
[  5,  8601] loss: 0.02932
[  5,  8651] loss: 0.06264
[  5,  8701] loss: 0.05824
[  5,  8751] loss: 0.03693
[  5,  8801] loss: 0.01803
[  5,  8851] loss: 0.00993
[  5,  8901] loss: 0.01106
[  5,  8951] loss: 0.01389
[  5,  9001] loss: 0.01926
[  5,  9051] loss: 0.01672
[  5,  9101] loss: 0.26178
[  5,  9151] loss: 0.02836
[  5,  9201] loss: 0.00997
[  5,  9251] loss: 0.00883
[  5,  9301] loss: 0.02157
[  5,  9351] loss: 0.01020
[  5,  9401] loss: 0.01674
[  5,  9451] loss: 0.01441
[  5,  9501] loss: 0.00968
[  5,  9551] loss: 0.00744
[  5,  9601] loss: 0.01979
[  5,  9651] loss: 0.04191
[  5,  9701] loss: 0.46851
[  5,  9751] loss: 0.49682
[  5,  9801] loss: 0.00535
[  5,  9851] loss: 0.00532
[  5,  9901] loss: 0.00936
[  5,  9951] loss: 0.09170
[  5, 10001] loss: 0.11915
[  5, 10051] loss: 0.43093
[  5, 10101] loss: 0.33843
[  5, 10151] loss: 0.33338
[  5, 10201] loss: 0.00472
[  5, 10251] loss: 0.01194
[  5, 10301] loss: 0.12670
[  5, 10351] loss: 0.11520
[  5, 10401] loss: 0.08424
[  5, 10451] loss: 0.03237
[  5, 10501] loss: 0.03417
[  5, 10551] loss: 0.03349
[  5, 10601] loss: 0.01289
[  5, 10651] loss: 0.21630
[  5, 10701] loss: 0.01384
[  5, 10751] loss: 0.09712
[  5, 10801] loss: 0.08000
[  5, 10851] loss: 0.06178
[  5, 10901] loss: 0.04644
[  5, 10951] loss: 0.06518
[  5, 11001] loss: 0.02105
[  5, 11051] loss: 0.01307
[  5, 11101] loss: 0.01504
[  5, 11151] loss: 0.06639
[  5, 11201] loss: 0.03277
[  5, 11251] loss: 0.03131
[  5, 11301] loss: 0.03890
[  5, 11351] loss: 0.02876
[  5, 11401] loss: 0.02478
[  5, 11451] loss: 0.00621
[  5, 11501] loss: 0.01212
[  5, 11551] loss: 0.01768
[  5, 11601] loss: 0.01552
[  5, 11651] loss: 0.00603
[  5, 11701] loss: 0.01180
[  5, 11751] loss: 0.01473
[  5, 11801] loss: 0.00153
[  5, 11851] loss: 0.00193
[  5, 11901] loss: 0.00529
[  5, 11951] loss: 0.01190
[  5, 12001] loss: 0.01195
[  5, 12051] loss: 0.00307
[  5, 12101] loss: 0.00341
[  5, 12151] loss: 0.00593
[  5, 12201] loss: 0.03553
[  5, 12251] loss: 0.01358
[  5, 12301] loss: 0.00806
[  5, 12351] loss: 0.00433
[  5, 12401] loss: 0.27765
[  5, 12451] loss: 0.00922
[  5, 12501] loss: 0.01074
[  5, 12551] loss: 0.00790
[  5, 12601] loss: 0.02003
[  5, 12651] loss: 0.07880
[  5, 12701] loss: 0.01634
[  5, 12751] loss: 0.00811
[  5, 12801] loss: 0.00258
[  5, 12851] loss: 0.00317
[  5, 12901] loss: 0.00620
[  5, 12951] loss: 0.01551
[  5, 13001] loss: 0.03833
[  5, 13051] loss: 0.02542
[  5, 13101] loss: 0.02389
[  5, 13151] loss: 0.01940
[  5, 13201] loss: 0.02614
[  5, 13251] loss: 0.00660
[  5, 13301] loss: 0.00961
[  5, 13351] loss: 0.01622
[  5, 13401] loss: 0.02031
[  5, 13451] loss: 0.25160
[  5, 13501] loss: 0.01071
[  5, 13551] loss: 0.00611
[  5, 13601] loss: 0.00599
[  5, 13651] loss: 0.05034
[  5, 13701] loss: 0.02908
[  5, 13751] loss: 0.01954
[  5, 13801] loss: 0.38271
[  5, 13851] loss: 0.00727
[  5, 13901] loss: 0.00789
[  5, 13951] loss: 0.01898
[  5, 14001] loss: 0.20156
[  5, 14051] loss: 0.00876
[  5, 14101] loss: 0.01231
[  5, 14151] loss: 0.29103
[  5, 14201] loss: 0.00998
[  5, 14251] loss: 0.00634
[  5, 14301] loss: 0.01275
[  5, 14351] loss: 0.01706
[  5, 14401] loss: 0.01501
[  5, 14451] loss: 0.01397
[  5, 14501] loss: 0.00465
[  5, 14551] loss: 0.00911
[  5, 14601] loss: 0.01394
[  5, 14651] loss: 0.00722
[  5, 14701] loss: 0.00715
[  5, 14751] loss: 0.00518
[  5, 14801] loss: 0.00994
[  5, 14851] loss: 0.03385
[  5, 14901] loss: 0.01749
[  5, 14951] loss: 0.01941
[  5, 15001] loss: 0.01600
[  5, 15051] loss: 0.02026
[  5, 15101] loss: 0.01883
[  5, 15151] loss: 0.45888
[  5, 15201] loss: 0.27193
[  5, 15251] loss: 0.28729
[  5, 15301] loss: 0.03407
[  5, 15351] loss: 0.03403
[  5, 15401] loss: 0.02315
[  5, 15451] loss: 0.06706
[  5, 15501] loss: 0.05675
[  5, 15551] loss: 0.01370
[  5, 15601] loss: 0.01514
[  5, 15651] loss: 0.33882
[  5, 15701] loss: 0.00634
[  5, 15751] loss: 0.01469
[  5, 15801] loss: 0.36906
[  5, 15851] loss: 0.00892
[  5, 15901] loss: 0.01349
[  5, 15951] loss: 0.00593
[  5, 16001] loss: 0.00097
[  5, 16051] loss: 0.00131
[  5, 16101] loss: 0.01154
[  5, 16151] loss: 0.00421
[  5, 16201] loss: 0.00052
[  5, 16251] loss: 0.00689
[  5, 16301] loss: 0.00361
[  5, 16351] loss: 0.01166
[  5, 16401] loss: 0.01855
[  5, 16451] loss: 0.00222
[  5, 16501] loss: 0.00144
[  5, 16551] loss: 0.00330
[  5, 16601] loss: 0.00206
[  5, 16651] loss: 0.00463
[  5, 16701] loss: 0.00922
[  5, 16751] loss: 0.00313
[  5, 16801] loss: 0.00267
[  5, 16851] loss: 0.00426
[  5, 16901] loss: 0.00788
[  5, 16951] loss: 0.01168
[  5, 17001] loss: 0.01554
[  5, 17051] loss: 0.01168
[  5, 17101] loss: 0.01953
[  5, 17151] loss: 0.02133
[  5, 17201] loss: 0.02346
[  5, 17251] loss: 0.00690
[  5, 17301] loss: 0.46473
[  5, 17351] loss: 0.00347
[  5, 17401] loss: 0.00828
[  5, 17451] loss: 0.01095
[  5, 17501] loss: 0.05535
[  5, 17551] loss: 0.03029
[  5, 17601] loss: 0.04342
[  5, 17651] loss: 0.02391
[  5, 17701] loss: 0.01651
[  5, 17751] loss: 0.00732
[  5, 17801] loss: 0.00699
[  5, 17851] loss: 0.01220
[  5, 17901] loss: 0.04492
[  5, 17951] loss: 0.04341
[  5, 18001] loss: 0.04190
[  5, 18051] loss: 0.01672
[  5, 18101] loss: 0.00297
[  5, 18151] loss: 0.01171
[  5, 18201] loss: 0.01313
[  5, 18251] loss: 0.01461
[  5, 18301] loss: 0.00796
[  5, 18351] loss: 0.01828
[  5, 18401] loss: 0.01958
[  5, 18451] loss: 0.05404
[  5, 18501] loss: 0.02122
[  5, 18551] loss: 0.01217
[  5, 18601] loss: 0.00929
[  5, 18651] loss: 0.00898
[  5, 18701] loss: 0.50702
[  5, 18751] loss: 0.00627
[  5, 18801] loss: 0.00642
[  5, 18851] loss: 0.00811
[  5, 18901] loss: 0.02746
[  5, 18951] loss: 0.02839
[  5, 19001] loss: 0.01329
[  5, 19051] loss: 0.01468
[  5, 19101] loss: 0.01879
[  5, 19151] loss: 0.01200
[  5, 19201] loss: 0.00706
[  5, 19251] loss: 0.00601
[  5, 19301] loss: 0.29873
[  5, 19351] loss: 0.00670
[  5, 19401] loss: 0.00813
[  5, 19451] loss: 0.01273
[  5, 19501] loss: 0.03373
[  5, 19551] loss: 0.02031
[  5, 19601] loss: 0.01057
[  5, 19651] loss: 0.00346
[  5, 19701] loss: 0.00317
[  5, 19751] loss: 0.00611
[  5, 19801] loss: 0.01290
[  5, 19851] loss: 0.01109
[  5, 19901] loss: 0.01114
[  5, 19951] loss: 0.01622
[  5, 20001] loss: 0.00539
[  5, 20051] loss: 0.00450
[  5, 20101] loss: 0.00535
[  5, 20151] loss: 0.00780
[  5, 20201] loss: 0.00751
[  5, 20251] loss: 0.00323
[  5, 20301] loss: 0.00233
[  5, 20351] loss: 0.00091
[  5, 20401] loss: 0.00247
[  5, 20451] loss: 0.41220
[  5, 20501] loss: 0.00296
[  5, 20551] loss: 0.00501
[  5, 20601] loss: 0.00174
[  5, 20651] loss: 0.00147
[  5, 20701] loss: 0.00416
[  5, 20751] loss: 0.01052
[  5, 20801] loss: 0.03605
[  5, 20851] loss: 0.01323
[  5, 20901] loss: 0.00293
[  5, 20951] loss: 0.00045
[  5, 21001] loss: 0.00238
[  5, 21051] loss: 0.43647
[  5, 21101] loss: 0.00543
[  5, 21151] loss: 0.00429
[  5, 21201] loss: 0.00231
[  5, 21251] loss: 0.00565
[  5, 21301] loss: 0.02071
[  5, 21351] loss: 0.30575
[  5, 21401] loss: 0.01534
[  5, 21451] loss: 0.06084
[  5, 21501] loss: 0.05710
[  5, 21551] loss: 0.02223
[  5, 21601] loss: 0.00989
[  5, 21651] loss: 0.01137
[  5, 21701] loss: 0.00980
[  5, 21751] loss: 0.00963
[  5, 21801] loss: 0.02196
[  5, 21851] loss: 0.04691
[  5, 21901] loss: 0.04261
[  5, 21951] loss: 0.02936
[  5, 22001] loss: 0.01870
[  5, 22051] loss: 0.00571
[  5, 22101] loss: 0.00512
[  5, 22151] loss: 0.00800
[  5, 22201] loss: 0.00221
[  5, 22251] loss: 0.40180
[  5, 22301] loss: 0.02191
[  5, 22351] loss: 0.04100
[  5, 22401] loss: 0.06411
[  5, 22451] loss: 0.00382
[  5, 22501] loss: 0.00107
[  5, 22551] loss: 0.00069
[  5, 22601] loss: 0.00128
[  5, 22651] loss: 0.00943
[  5, 22701] loss: 0.43279
[  5, 22751] loss: 0.01344
[  5, 22801] loss: 0.00639
[  5, 22851] loss: 0.00691
[  5, 22901] loss: 0.00404
[  5, 22951] loss: 0.00615
[  5, 23001] loss: 0.01132
[  5, 23051] loss: 0.40032
[  5, 23101] loss: 0.00426
[  5, 23151] loss: 0.00397
[  5, 23201] loss: 0.01089
[  5, 23251] loss: 0.00259
[  5, 23301] loss: 0.01348
[  5, 23351] loss: 0.36831
[  5, 23401] loss: 0.04204
[  5, 23451] loss: 0.01866
[  5, 23501] loss: 0.00691
[  5, 23551] loss: 0.00057
[  5, 23601] loss: 0.00285
[  5, 23651] loss: 0.01529
[  5, 23701] loss: 0.00600
[  5, 23751] loss: 0.00577
[  5, 23801] loss: 0.00121
[  5, 23851] loss: 0.00257
[  5, 23901] loss: 0.00422
[  5, 23951] loss: 0.00850
[  5, 24001] loss: 0.01978
[  5, 24051] loss: 0.01661
[  5, 24101] loss: 0.01583
[  5, 24151] loss: 0.01057
[  5, 24201] loss: 0.00135
[  5, 24251] loss: 0.00218
[  5, 24301] loss: 0.00150
[  5, 24351] loss: 0.03212
[  5, 24401] loss: 0.02419
[  5, 24451] loss: 0.00764
[  5, 24501] loss: 0.04380
[  5, 24551] loss: 0.02418
[  5, 24601] loss: 0.00089
[  5, 24651] loss: 0.00028
[  5, 24701] loss: 0.00182
[  5, 24751] loss: 0.00424
[  5, 24801] loss: 0.01100
[  5, 24851] loss: 0.00200
[  5, 24901] loss: 0.00077
[  5, 24951] loss: 0.00118
Finished training
Accuracy on train: 0.99884
Accuracy on test: 0.69138
