{'word_context': 5, 'word_embed_size': 100, 'word_conv_units': 100, 'hidden_units': 0, 'dropout': False, 'batch_size': 50}
train set done
test set done
<bound method MixedNet.parameters of MixedNet (
  (W_wrd): DataParallel (
    (module): Embedding(89528, 100)
  )
  (word_level_conv): DataParallel (
    (module): Conv2d(1, 100, kernel_size=(100, 5), stride=(1, 1), padding=(0, 2))
  )
  (word_level_maxpool): DataParallel (
    (module): AdaptiveMaxPool2d (output_size=(100, 1))
  )
  (fc1): DataParallel (
    (module): Linear (100 -> 2)
  )
)>
[  1,     1] loss: 0.73697
[  1,    51] loss: 0.69605
[  1,   101] loss: 0.75743
[  1,   151] loss: 0.72687
[  1,   201] loss: 0.67748
[  1,   251] loss: 0.69936
[  1,   301] loss: 0.68441
[  1,   351] loss: 0.71411
[  1,   401] loss: 0.71956
[  1,   451] loss: 0.66508
[  1,   501] loss: 0.69740
[  1,   551] loss: 0.70367
[  1,   601] loss: 0.68623
[  1,   651] loss: 0.70422
[  1,   701] loss: 0.66702
[  1,   751] loss: 0.67916
[  1,   801] loss: 0.67437
[  1,   851] loss: 0.70688
[  1,   901] loss: 0.70697
[  1,   951] loss: 0.63159
[  1,  1001] loss: 0.64749
[  1,  1051] loss: 0.78765
[  1,  1101] loss: 0.68035
[  1,  1151] loss: 0.68198
[  1,  1201] loss: 0.68071
[  1,  1251] loss: 0.67879
[  1,  1301] loss: 0.71502
[  1,  1351] loss: 0.73784
[  1,  1401] loss: 0.78606
[  1,  1451] loss: 0.67837
[  1,  1501] loss: 0.70483
[  1,  1551] loss: 0.69294
[  1,  1601] loss: 0.67616
[  1,  1651] loss: 0.64635
[  1,  1701] loss: 0.67553
[  1,  1751] loss: 0.82852
[  1,  1801] loss: 0.77903
[  1,  1851] loss: 0.69608
[  1,  1901] loss: 0.69269
[  1,  1951] loss: 0.62991
[  1,  2001] loss: 0.69530
[  1,  2051] loss: 0.66929
[  1,  2101] loss: 0.74819
[  1,  2151] loss: 0.69481
[  1,  2201] loss: 0.70672
[  1,  2251] loss: 0.72737
[  1,  2301] loss: 0.68930
[  1,  2351] loss: 0.63741
[  1,  2401] loss: 0.72244
[  1,  2451] loss: 0.67715
[  1,  2501] loss: 0.68438
[  1,  2551] loss: 0.74864
[  1,  2601] loss: 0.68813
[  1,  2651] loss: 0.65847
[  1,  2701] loss: 0.65957
[  1,  2751] loss: 0.67645
[  1,  2801] loss: 0.67722
[  1,  2851] loss: 0.61388
[  1,  2901] loss: 0.73743
[  1,  2951] loss: 0.77549
[  1,  3001] loss: 0.68850
[  1,  3051] loss: 0.66542
[  1,  3101] loss: 0.68639
[  1,  3151] loss: 0.67588
[  1,  3201] loss: 0.66579
[  1,  3251] loss: 0.66626
[  1,  3301] loss: 0.70341
[  1,  3351] loss: 0.69000
[  1,  3401] loss: 0.72626
[  1,  3451] loss: 0.67154
[  1,  3501] loss: 0.65539
[  1,  3551] loss: 0.65736
[  1,  3601] loss: 0.62164
[  1,  3651] loss: 0.67377
[  1,  3701] loss: 0.61600
[  1,  3751] loss: 0.70961
[  1,  3801] loss: 0.61330
[  1,  3851] loss: 0.67249
[  1,  3901] loss: 0.63441
[  1,  3951] loss: 0.60643
[  1,  4001] loss: 0.69599
[  1,  4051] loss: 0.66992
[  1,  4101] loss: 0.67499
[  1,  4151] loss: 0.64510
[  1,  4201] loss: 0.65272
[  1,  4251] loss: 0.65126
[  1,  4301] loss: 0.64852
[  1,  4351] loss: 0.63200
[  1,  4401] loss: 0.66972
[  1,  4451] loss: 0.66897
[  1,  4501] loss: 0.53105
[  1,  4551] loss: 0.62581
[  1,  4601] loss: 0.69036
[  1,  4651] loss: 0.67280
[  1,  4701] loss: 0.68463
[  1,  4751] loss: 0.60476
[  1,  4801] loss: 0.68232
[  1,  4851] loss: 0.64097
[  1,  4901] loss: 0.55728
[  1,  4951] loss: 0.60934
[  1,  5001] loss: 0.61963
[  1,  5051] loss: 0.60693
[  1,  5101] loss: 0.63763
[  1,  5151] loss: 0.64892
[  1,  5201] loss: 0.53313
[  1,  5251] loss: 0.69570
[  1,  5301] loss: 0.67299
[  1,  5351] loss: 0.62699
[  1,  5401] loss: 0.66473
[  1,  5451] loss: 0.68619
[  1,  5501] loss: 0.72959
[  1,  5551] loss: 0.67891
[  1,  5601] loss: 0.63384
[  1,  5651] loss: 0.70239
[  1,  5701] loss: 0.64216
[  1,  5751] loss: 0.61880
[  1,  5801] loss: 0.61746
[  1,  5851] loss: 0.61623
[  1,  5901] loss: 0.63188
[  1,  5951] loss: 0.69606
[  1,  6001] loss: 0.70112
[  1,  6051] loss: 0.57599
[  1,  6101] loss: 0.70751
[  1,  6151] loss: 0.63908
[  1,  6201] loss: 0.64976
[  1,  6251] loss: 0.66622
[  1,  6301] loss: 0.63503
[  1,  6351] loss: 0.65142
[  1,  6401] loss: 0.60190
[  1,  6451] loss: 0.64335
[  1,  6501] loss: 0.65092
[  1,  6551] loss: 0.65504
[  1,  6601] loss: 0.61001
[  1,  6651] loss: 0.65560
[  1,  6701] loss: 0.58962
[  1,  6751] loss: 0.64418
[  1,  6801] loss: 0.62173
[  1,  6851] loss: 0.69037
[  1,  6901] loss: 0.63091
[  1,  6951] loss: 0.60799
[  1,  7001] loss: 0.66641
[  1,  7051] loss: 0.60717
[  1,  7101] loss: 0.63251
[  1,  7151] loss: 0.73973
[  1,  7201] loss: 0.62549
[  1,  7251] loss: 0.71695
[  1,  7301] loss: 0.58510
[  1,  7351] loss: 0.58253
[  1,  7401] loss: 0.66404
[  1,  7451] loss: 0.61411
[  1,  7501] loss: 0.59744
[  1,  7551] loss: 0.64734
[  1,  7601] loss: 0.64660
[  1,  7651] loss: 0.66555
[  1,  7701] loss: 0.70267
[  1,  7751] loss: 0.67254
[  1,  7801] loss: 0.69052
[  1,  7851] loss: 0.68444
[  1,  7901] loss: 0.76235
[  1,  7951] loss: 0.55696
[  1,  8001] loss: 0.62266
[  1,  8051] loss: 0.70593
[  1,  8101] loss: 0.65479
[  1,  8151] loss: 0.64927
[  1,  8201] loss: 0.68686
[  1,  8251] loss: 0.67037
[  1,  8301] loss: 0.73874
[  1,  8351] loss: 0.76373
[  1,  8401] loss: 0.61479
[  1,  8451] loss: 0.66438
[  1,  8501] loss: 0.59524
[  1,  8551] loss: 0.70163
[  1,  8601] loss: 0.64160
[  1,  8651] loss: 0.73553
[  1,  8701] loss: 0.62480
[  1,  8751] loss: 0.61009
[  1,  8801] loss: 0.61789
[  1,  8851] loss: 0.72845
[  1,  8901] loss: 0.57395
[  1,  8951] loss: 0.63546
[  1,  9001] loss: 0.58953
[  1,  9051] loss: 0.62163
[  1,  9101] loss: 0.66759
[  1,  9151] loss: 0.72572
[  1,  9201] loss: 0.59612
[  1,  9251] loss: 0.62254
[  1,  9301] loss: 0.68419
[  1,  9351] loss: 0.54212
[  1,  9401] loss: 0.62897
[  1,  9451] loss: 0.63931
[  1,  9501] loss: 0.57877
[  1,  9551] loss: 0.67225
[  1,  9601] loss: 0.65954
[  1,  9651] loss: 0.68447
[  1,  9701] loss: 0.73520
[  1,  9751] loss: 0.65430
[  1,  9801] loss: 0.65763
[  1,  9851] loss: 0.62707
[  1,  9901] loss: 0.67610
[  1,  9951] loss: 0.59204
[  1, 10001] loss: 0.67397
[  1, 10051] loss: 0.60071
[  1, 10101] loss: 0.61025
[  1, 10151] loss: 0.60732
[  1, 10201] loss: 0.74908
[  1, 10251] loss: 0.67244
[  1, 10301] loss: 0.60537
[  1, 10351] loss: 0.54806
[  1, 10401] loss: 0.57917
[  1, 10451] loss: 0.55229
[  1, 10501] loss: 0.66280
[  1, 10551] loss: 0.64579
[  1, 10601] loss: 0.57086
[  1, 10651] loss: 0.59339
[  1, 10701] loss: 0.71351
[  1, 10751] loss: 0.69428
[  1, 10801] loss: 0.67841
[  1, 10851] loss: 0.72170
[  1, 10901] loss: 0.61727
[  1, 10951] loss: 0.60741
[  1, 11001] loss: 0.63968
[  1, 11051] loss: 0.60287
[  1, 11101] loss: 0.72826
[  1, 11151] loss: 0.66219
[  1, 11201] loss: 0.63755
[  1, 11251] loss: 0.59220
[  1, 11301] loss: 0.62309
[  1, 11351] loss: 0.61868
[  1, 11401] loss: 0.58491
[  1, 11451] loss: 0.69789
[  1, 11501] loss: 0.67212
[  1, 11551] loss: 0.65314
[  1, 11601] loss: 0.61649
[  1, 11651] loss: 0.64270
[  1, 11701] loss: 0.72590
[  1, 11751] loss: 0.60612
[  1, 11801] loss: 0.60862
[  1, 11851] loss: 0.69982
[  1, 11901] loss: 0.56410
[  1, 11951] loss: 0.66043
[  1, 12001] loss: 0.56805
[  1, 12051] loss: 0.60734
[  1, 12101] loss: 0.58417
[  1, 12151] loss: 0.80198
[  1, 12201] loss: 0.65971
[  1, 12251] loss: 0.75502
[  1, 12301] loss: 0.60490
[  1, 12351] loss: 0.61265
[  1, 12401] loss: 0.66317
[  1, 12451] loss: 0.63430
[  1, 12501] loss: 0.70007
[  1, 12551] loss: 0.67558
[  1, 12601] loss: 0.62179
[  1, 12651] loss: 0.74877
[  1, 12701] loss: 0.60712
[  1, 12751] loss: 0.62723
[  1, 12801] loss: 0.59564
[  1, 12851] loss: 0.68659
[  1, 12901] loss: 0.57720
[  1, 12951] loss: 0.75368
[  1, 13001] loss: 0.62239
[  1, 13051] loss: 0.66930
[  1, 13101] loss: 0.62289
[  1, 13151] loss: 0.71898
[  1, 13201] loss: 0.69847
[  1, 13251] loss: 0.67385
[  1, 13301] loss: 0.67618
[  1, 13351] loss: 0.77236
[  1, 13401] loss: 0.50835
[  1, 13451] loss: 0.64298
[  1, 13501] loss: 0.61309
[  1, 13551] loss: 0.64160
[  1, 13601] loss: 0.58523
[  1, 13651] loss: 0.66728
[  1, 13701] loss: 0.68211
[  1, 13751] loss: 0.64181
[  1, 13801] loss: 0.57206
[  1, 13851] loss: 0.71685
[  1, 13901] loss: 0.65273
[  1, 13951] loss: 0.61435
[  1, 14001] loss: 0.70397
[  1, 14051] loss: 0.66263
[  1, 14101] loss: 0.63635
[  1, 14151] loss: 0.71868
[  1, 14201] loss: 0.70920
[  1, 14251] loss: 0.62267
[  1, 14301] loss: 0.59259
[  1, 14351] loss: 0.72399
[  1, 14401] loss: 0.60052
[  1, 14451] loss: 0.66439
[  1, 14501] loss: 0.63396
[  1, 14551] loss: 0.59227
[  1, 14601] loss: 0.56754
[  1, 14651] loss: 0.64745
[  1, 14701] loss: 0.70497
[  1, 14751] loss: 0.60999
[  1, 14801] loss: 0.66228
[  1, 14851] loss: 0.60734
[  1, 14901] loss: 0.59040
[  1, 14951] loss: 0.66728
[  1, 15001] loss: 0.60318
[  1, 15051] loss: 0.68081
[  1, 15101] loss: 0.63413
[  1, 15151] loss: 0.69210
[  1, 15201] loss: 0.58946
[  1, 15251] loss: 0.61767
[  1, 15301] loss: 0.67723
[  1, 15351] loss: 0.61079
[  1, 15401] loss: 0.68608
[  1, 15451] loss: 0.60269
[  1, 15501] loss: 0.69586
[  1, 15551] loss: 0.65209
[  1, 15601] loss: 0.62297
[  1, 15651] loss: 0.59027
[  1, 15701] loss: 0.73962
[  1, 15751] loss: 0.66479
[  1, 15801] loss: 0.71210
[  1, 15851] loss: 0.64649
[  1, 15901] loss: 0.58786
[  1, 15951] loss: 0.63652
[  1, 16001] loss: 0.65468
[  1, 16051] loss: 0.62788
[  1, 16101] loss: 0.65659
[  1, 16151] loss: 0.65478
[  1, 16201] loss: 0.58655
[  1, 16251] loss: 0.69937
[  1, 16301] loss: 0.72647
[  1, 16351] loss: 0.60523
[  1, 16401] loss: 0.61698
[  1, 16451] loss: 0.60924
[  1, 16501] loss: 0.58336
[  1, 16551] loss: 0.73125
[  1, 16601] loss: 0.64826
[  1, 16651] loss: 0.56386
[  1, 16701] loss: 0.58796
[  1, 16751] loss: 0.58986
[  1, 16801] loss: 0.65455
[  1, 16851] loss: 0.62041
[  1, 16901] loss: 0.61559
[  1, 16951] loss: 0.62925
[  1, 17001] loss: 0.61500
[  1, 17051] loss: 0.62856
[  1, 17101] loss: 0.73564
[  1, 17151] loss: 0.59095
[  1, 17201] loss: 0.57040
[  1, 17251] loss: 0.67202
[  1, 17301] loss: 0.62884
[  1, 17351] loss: 0.67843
[  1, 17401] loss: 0.66854
[  1, 17451] loss: 0.61354
[  1, 17501] loss: 0.66873
[  1, 17551] loss: 0.65609
[  1, 17601] loss: 0.62212
[  1, 17651] loss: 0.64969
[  1, 17701] loss: 0.63779
[  1, 17751] loss: 0.63696
[  1, 17801] loss: 0.59824
[  1, 17851] loss: 0.58444
[  1, 17901] loss: 0.60189
[  1, 17951] loss: 0.73379
[  1, 18001] loss: 0.58465
[  1, 18051] loss: 0.58462
[  1, 18101] loss: 0.71716
[  1, 18151] loss: 0.66397
[  1, 18201] loss: 0.55441
[  1, 18251] loss: 0.58832
[  1, 18301] loss: 0.57136
[  1, 18351] loss: 0.58244
[  1, 18401] loss: 0.67343
[  1, 18451] loss: 0.65623
[  1, 18501] loss: 0.60784
[  1, 18551] loss: 0.58419
[  1, 18601] loss: 0.65025
[  1, 18651] loss: 0.62511
[  1, 18701] loss: 0.65700
[  1, 18751] loss: 0.63365
[  1, 18801] loss: 0.61082
[  1, 18851] loss: 0.65528
[  1, 18901] loss: 0.62878
[  1, 18951] loss: 0.66939
[  1, 19001] loss: 0.62310
[  1, 19051] loss: 0.58838
[  1, 19101] loss: 0.59625
[  1, 19151] loss: 0.66646
[  1, 19201] loss: 0.60117
[  1, 19251] loss: 0.62549
[  1, 19301] loss: 0.62446
[  1, 19351] loss: 0.64527
[  1, 19401] loss: 0.71005
[  1, 19451] loss: 0.66355
[  1, 19501] loss: 0.55063
[  1, 19551] loss: 0.63896
[  1, 19601] loss: 0.62944
[  1, 19651] loss: 0.62806
[  1, 19701] loss: 0.56806
[  1, 19751] loss: 0.59022
[  1, 19801] loss: 0.53414
[  1, 19851] loss: 0.61816
[  1, 19901] loss: 0.52358
[  1, 19951] loss: 0.62716
[  1, 20001] loss: 0.70256
[  1, 20051] loss: 0.53928
[  1, 20101] loss: 0.56540
[  1, 20151] loss: 0.60155
[  1, 20201] loss: 0.66022
[  1, 20251] loss: 0.56540
[  1, 20301] loss: 0.62744
[  1, 20351] loss: 0.63763
[  1, 20401] loss: 0.55106
[  1, 20451] loss: 0.60023
[  1, 20501] loss: 0.55995
[  1, 20551] loss: 0.67803
[  1, 20601] loss: 0.64290
[  1, 20651] loss: 0.70485
[  1, 20701] loss: 0.73420
[  1, 20751] loss: 0.62245
[  1, 20801] loss: 0.62554
[  1, 20851] loss: 0.63155
[  1, 20901] loss: 0.63841
[  1, 20951] loss: 0.63621
[  1, 21001] loss: 0.68749
[  1, 21051] loss: 0.61646
[  1, 21101] loss: 0.64441
[  1, 21151] loss: 0.80183
[  1, 21201] loss: 0.57630
[  1, 21251] loss: 0.59387
[  1, 21301] loss: 0.60387
[  1, 21351] loss: 0.56895
[  1, 21401] loss: 0.69336
[  1, 21451] loss: 0.59197
[  1, 21501] loss: 0.77030
[  1, 21551] loss: 0.64283
[  1, 21601] loss: 0.66453
[  1, 21651] loss: 0.58753
[  1, 21701] loss: 0.73372
[  1, 21751] loss: 0.59812
[  1, 21801] loss: 0.68848
[  1, 21851] loss: 0.61086
[  1, 21901] loss: 0.63133
[  1, 21951] loss: 0.57350
[  1, 22001] loss: 0.65841
[  1, 22051] loss: 0.70467
[  1, 22101] loss: 0.57516
[  1, 22151] loss: 0.57584
[  1, 22201] loss: 0.67090
[  1, 22251] loss: 0.68238
[  1, 22301] loss: 0.70987
[  1, 22351] loss: 0.64110
[  1, 22401] loss: 0.68729
[  1, 22451] loss: 0.59946
[  1, 22501] loss: 0.70418
[  1, 22551] loss: 0.62950
[  1, 22601] loss: 0.66211
[  1, 22651] loss: 0.66412
[  1, 22701] loss: 0.72039
[  1, 22751] loss: 0.65477
[  1, 22801] loss: 0.62162
[  1, 22851] loss: 0.67450
[  1, 22901] loss: 0.57472
[  1, 22951] loss: 0.70198
[  1, 23001] loss: 0.73836
[  1, 23051] loss: 0.75165
[  1, 23101] loss: 0.58948
[  1, 23151] loss: 0.64279
[  1, 23201] loss: 0.57921
[  1, 23251] loss: 0.59825
[  1, 23301] loss: 0.57184
[  1, 23351] loss: 0.56224
[  1, 23401] loss: 0.58226
[  1, 23451] loss: 0.61163
[  1, 23501] loss: 0.63031
[  1, 23551] loss: 0.64914
[  1, 23601] loss: 0.52471
[  1, 23651] loss: 0.59656
[  1, 23701] loss: 0.63943
[  1, 23751] loss: 0.62449
[  1, 23801] loss: 0.51275
[  1, 23851] loss: 0.59229
[  1, 23901] loss: 0.70608
[  1, 23951] loss: 0.64375
[  1, 24001] loss: 0.55214
[  1, 24051] loss: 0.73220
[  1, 24101] loss: 0.69950
[  1, 24151] loss: 0.67026
[  1, 24201] loss: 0.60035
[  1, 24251] loss: 0.66899
[  1, 24301] loss: 0.63117
[  1, 24351] loss: 0.71929
[  1, 24401] loss: 0.50257
[  1, 24451] loss: 0.61982
[  1, 24501] loss: 0.58783
[  1, 24551] loss: 0.56720
[  1, 24601] loss: 0.76586
[  1, 24651] loss: 0.66402
[  1, 24701] loss: 0.55752
[  1, 24751] loss: 0.63837
[  1, 24801] loss: 0.58979
[  1, 24851] loss: 0.68313
[  1, 24901] loss: 0.74708
[  1, 24951] loss: 0.62000
[  2,     1] loss: 0.57870
[  2,    51] loss: 0.51268
[  2,   101] loss: 0.67493
[  2,   151] loss: 0.60572
[  2,   201] loss: 0.53478
[  2,   251] loss: 0.58268
[  2,   301] loss: 0.65498
[  2,   351] loss: 0.58135
[  2,   401] loss: 0.63768
[  2,   451] loss: 0.60185
[  2,   501] loss: 0.52217
[  2,   551] loss: 0.71572
[  2,   601] loss: 0.54833
[  2,   651] loss: 0.61066
[  2,   701] loss: 0.47254
[  2,   751] loss: 0.67467
[  2,   801] loss: 0.50366
[  2,   851] loss: 0.63478
[  2,   901] loss: 0.71749
[  2,   951] loss: 0.53152
[  2,  1001] loss: 0.54287
[  2,  1051] loss: 0.76748
[  2,  1101] loss: 0.66441
[  2,  1151] loss: 0.54706
[  2,  1201] loss: 0.50812
[  2,  1251] loss: 0.57203
[  2,  1301] loss: 0.72007
[  2,  1351] loss: 0.70225
[  2,  1401] loss: 0.64905
[  2,  1451] loss: 0.50285
[  2,  1501] loss: 0.52240
[  2,  1551] loss: 0.53002
[  2,  1601] loss: 0.57888
[  2,  1651] loss: 0.55603
[  2,  1701] loss: 0.62685
[  2,  1751] loss: 0.80194
[  2,  1801] loss: 0.63880
[  2,  1851] loss: 0.64359
[  2,  1901] loss: 0.59120
[  2,  1951] loss: 0.55819
[  2,  2001] loss: 0.67222
[  2,  2051] loss: 0.67070
[  2,  2101] loss: 0.76427
[  2,  2151] loss: 0.59388
[  2,  2201] loss: 0.60844
[  2,  2251] loss: 0.58060
[  2,  2301] loss: 0.73041
[  2,  2351] loss: 0.54843
[  2,  2401] loss: 0.66424
[  2,  2451] loss: 0.69781
[  2,  2501] loss: 0.61430
[  2,  2551] loss: 0.73278
[  2,  2601] loss: 0.63359
[  2,  2651] loss: 0.57362
[  2,  2701] loss: 0.52275
[  2,  2751] loss: 0.62055
[  2,  2801] loss: 0.66293
[  2,  2851] loss: 0.54691
[  2,  2901] loss: 0.67833
[  2,  2951] loss: 0.67862
[  2,  3001] loss: 0.58336
[  2,  3051] loss: 0.67903
[  2,  3101] loss: 0.66017
[  2,  3151] loss: 0.58199
[  2,  3201] loss: 0.60788
[  2,  3251] loss: 0.59485
[  2,  3301] loss: 0.59207
[  2,  3351] loss: 0.63659
[  2,  3401] loss: 0.60764
[  2,  3451] loss: 0.59128
[  2,  3501] loss: 0.64380
[  2,  3551] loss: 0.52565
[  2,  3601] loss: 0.51359
[  2,  3651] loss: 0.63103
[  2,  3701] loss: 0.54054
[  2,  3751] loss: 0.63274
[  2,  3801] loss: 0.46660
[  2,  3851] loss: 0.60047
[  2,  3901] loss: 0.61230
[  2,  3951] loss: 0.49407
[  2,  4001] loss: 0.59955
[  2,  4051] loss: 0.57698
[  2,  4101] loss: 0.61078
[  2,  4151] loss: 0.58085
[  2,  4201] loss: 0.58742
[  2,  4251] loss: 0.58395
[  2,  4301] loss: 0.59116
[  2,  4351] loss: 0.55828
[  2,  4401] loss: 0.61850
[  2,  4451] loss: 0.56953
[  2,  4501] loss: 0.49082
[  2,  4551] loss: 0.61708
[  2,  4601] loss: 0.58493
[  2,  4651] loss: 0.57289
[  2,  4701] loss: 0.64228
[  2,  4751] loss: 0.55697
[  2,  4801] loss: 0.60013
[  2,  4851] loss: 0.60294
[  2,  4901] loss: 0.46875
[  2,  4951] loss: 0.55517
[  2,  5001] loss: 0.51537
[  2,  5051] loss: 0.50561
[  2,  5101] loss: 0.63045
[  2,  5151] loss: 0.56509
[  2,  5201] loss: 0.49976
[  2,  5251] loss: 0.60026
[  2,  5301] loss: 0.59125
[  2,  5351] loss: 0.58890
[  2,  5401] loss: 0.59170
[  2,  5451] loss: 0.58178
[  2,  5501] loss: 0.68747
[  2,  5551] loss: 0.56143
[  2,  5601] loss: 0.54481
[  2,  5651] loss: 0.66088
[  2,  5701] loss: 0.57273
[  2,  5751] loss: 0.56960
[  2,  5801] loss: 0.53589
[  2,  5851] loss: 0.52169
[  2,  5901] loss: 0.56244
[  2,  5951] loss: 0.60086
[  2,  6001] loss: 0.64051
[  2,  6051] loss: 0.49119
[  2,  6101] loss: 0.65033
[  2,  6151] loss: 0.53850
[  2,  6201] loss: 0.57259
[  2,  6251] loss: 0.64209
[  2,  6301] loss: 0.56497
[  2,  6351] loss: 0.57596
[  2,  6401] loss: 0.55706
[  2,  6451] loss: 0.56124
[  2,  6501] loss: 0.54143
[  2,  6551] loss: 0.55841
[  2,  6601] loss: 0.50395
[  2,  6651] loss: 0.59436
[  2,  6701] loss: 0.57589
[  2,  6751] loss: 0.52462
[  2,  6801] loss: 0.54347
[  2,  6851] loss: 0.63771
[  2,  6901] loss: 0.52308
[  2,  6951] loss: 0.53753
[  2,  7001] loss: 0.60809
[  2,  7051] loss: 0.54180
[  2,  7101] loss: 0.57208
[  2,  7151] loss: 0.59437
[  2,  7201] loss: 0.50998
[  2,  7251] loss: 0.59899
[  2,  7301] loss: 0.52379
[  2,  7351] loss: 0.53247
[  2,  7401] loss: 0.64233
[  2,  7451] loss: 0.51943
[  2,  7501] loss: 0.50305
[  2,  7551] loss: 0.56047
[  2,  7601] loss: 0.55663
[  2,  7651] loss: 0.54603
[  2,  7701] loss: 0.63721
[  2,  7751] loss: 0.60947
[  2,  7801] loss: 0.65071
[  2,  7851] loss: 0.56029
[  2,  7901] loss: 0.64442
[  2,  7951] loss: 0.44767
[  2,  8001] loss: 0.53443
[  2,  8051] loss: 0.66273
[  2,  8101] loss: 0.55813
[  2,  8151] loss: 0.56688
[  2,  8201] loss: 0.56948
[  2,  8251] loss: 0.58002
[  2,  8301] loss: 0.66787
[  2,  8351] loss: 0.71500
[  2,  8401] loss: 0.55027
[  2,  8451] loss: 0.57122
[  2,  8501] loss: 0.50449
[  2,  8551] loss: 0.59696
[  2,  8601] loss: 0.57574
[  2,  8651] loss: 0.67847
[  2,  8701] loss: 0.58167
[  2,  8751] loss: 0.49716
[  2,  8801] loss: 0.54159
[  2,  8851] loss: 0.67358
[  2,  8901] loss: 0.50451
[  2,  8951] loss: 0.50736
[  2,  9001] loss: 0.50599
[  2,  9051] loss: 0.49533
[  2,  9101] loss: 0.58875
[  2,  9151] loss: 0.65480
[  2,  9201] loss: 0.51623
[  2,  9251] loss: 0.56022
[  2,  9301] loss: 0.59197
[  2,  9351] loss: 0.42482
[  2,  9401] loss: 0.57003
[  2,  9451] loss: 0.60294
[  2,  9501] loss: 0.50666
[  2,  9551] loss: 0.57970
[  2,  9601] loss: 0.55650
[  2,  9651] loss: 0.60519
[  2,  9701] loss: 0.65768
[  2,  9751] loss: 0.56506
[  2,  9801] loss: 0.60698
[  2,  9851] loss: 0.54787
[  2,  9901] loss: 0.58034
[  2,  9951] loss: 0.48303
[  2, 10001] loss: 0.64292
[  2, 10051] loss: 0.54229
[  2, 10101] loss: 0.51704
[  2, 10151] loss: 0.48070
[  2, 10201] loss: 0.66321
[  2, 10251] loss: 0.54675
[  2, 10301] loss: 0.56056
[  2, 10351] loss: 0.45368
[  2, 10401] loss: 0.49376
[  2, 10451] loss: 0.49111
[  2, 10501] loss: 0.60727
[  2, 10551] loss: 0.53735
[  2, 10601] loss: 0.48370
[  2, 10651] loss: 0.54741
[  2, 10701] loss: 0.62820
[  2, 10751] loss: 0.60061
[  2, 10801] loss: 0.56607
[  2, 10851] loss: 0.58424
[  2, 10901] loss: 0.52829
[  2, 10951] loss: 0.55440
[  2, 11001] loss: 0.59436
[  2, 11051] loss: 0.52346
[  2, 11101] loss: 0.61247
[  2, 11151] loss: 0.57292
[  2, 11201] loss: 0.57147
[  2, 11251] loss: 0.52331
[  2, 11301] loss: 0.52664
[  2, 11351] loss: 0.54130
[  2, 11401] loss: 0.55284
[  2, 11451] loss: 0.60058
[  2, 11501] loss: 0.57312
[  2, 11551] loss: 0.58659
[  2, 11601] loss: 0.49612
[  2, 11651] loss: 0.55537
[  2, 11701] loss: 0.62685
[  2, 11751] loss: 0.48901
[  2, 11801] loss: 0.46719
[  2, 11851] loss: 0.57517
[  2, 11901] loss: 0.47558
[  2, 11951] loss: 0.57120
[  2, 12001] loss: 0.48158
[  2, 12051] loss: 0.47622
[  2, 12101] loss: 0.50998
[  2, 12151] loss: 0.69619
[  2, 12201] loss: 0.56809
[  2, 12251] loss: 0.60040
[  2, 12301] loss: 0.53990
[  2, 12351] loss: 0.47777
[  2, 12401] loss: 0.59985
[  2, 12451] loss: 0.54270
[  2, 12501] loss: 0.59613
[  2, 12551] loss: 0.59833
[  2, 12601] loss: 0.53506
[  2, 12651] loss: 0.61919
[  2, 12701] loss: 0.54203
[  2, 12751] loss: 0.51561
[  2, 12801] loss: 0.50448
[  2, 12851] loss: 0.67030
[  2, 12901] loss: 0.46030
[  2, 12951] loss: 0.64395
[  2, 13001] loss: 0.52263
[  2, 13051] loss: 0.57119
[  2, 13101] loss: 0.53716
[  2, 13151] loss: 0.63683
[  2, 13201] loss: 0.59825
[  2, 13251] loss: 0.58013
[  2, 13301] loss: 0.57854
[  2, 13351] loss: 0.68659
[  2, 13401] loss: 0.38473
[  2, 13451] loss: 0.58517
[  2, 13501] loss: 0.51915
[  2, 13551] loss: 0.54628
[  2, 13601] loss: 0.47648
[  2, 13651] loss: 0.58483
[  2, 13701] loss: 0.56876
[  2, 13751] loss: 0.52443
[  2, 13801] loss: 0.46518
[  2, 13851] loss: 0.57635
[  2, 13901] loss: 0.62189
[  2, 13951] loss: 0.55211
[  2, 14001] loss: 0.60907
[  2, 14051] loss: 0.55856
[  2, 14101] loss: 0.53648
[  2, 14151] loss: 0.63360
[  2, 14201] loss: 0.59928
[  2, 14251] loss: 0.55237
[  2, 14301] loss: 0.48243
[  2, 14351] loss: 0.63396
[  2, 14401] loss: 0.49697
[  2, 14451] loss: 0.56430
[  2, 14501] loss: 0.57917
[  2, 14551] loss: 0.49043
[  2, 14601] loss: 0.47537
[  2, 14651] loss: 0.53417
[  2, 14701] loss: 0.63655
[  2, 14751] loss: 0.50068
[  2, 14801] loss: 0.53116
[  2, 14851] loss: 0.51913
[  2, 14901] loss: 0.46867
[  2, 14951] loss: 0.54705
[  2, 15001] loss: 0.53847
[  2, 15051] loss: 0.56036
[  2, 15101] loss: 0.54741
[  2, 15151] loss: 0.55339
[  2, 15201] loss: 0.48649
[  2, 15251] loss: 0.52067
[  2, 15301] loss: 0.59989
[  2, 15351] loss: 0.48081
[  2, 15401] loss: 0.60435
[  2, 15451] loss: 0.50557
[  2, 15501] loss: 0.62430
[  2, 15551] loss: 0.56378
[  2, 15601] loss: 0.54994
[  2, 15651] loss: 0.53993
[  2, 15701] loss: 0.66079
[  2, 15751] loss: 0.60491
[  2, 15801] loss: 0.61327
[  2, 15851] loss: 0.55214
[  2, 15901] loss: 0.45583
[  2, 15951] loss: 0.57347
[  2, 16001] loss: 0.55443
[  2, 16051] loss: 0.54754
[  2, 16101] loss: 0.55524
[  2, 16151] loss: 0.51281
[  2, 16201] loss: 0.45801
[  2, 16251] loss: 0.62975
[  2, 16301] loss: 0.62616
[  2, 16351] loss: 0.51583
[  2, 16401] loss: 0.52787
[  2, 16451] loss: 0.54754
[  2, 16501] loss: 0.47408
[  2, 16551] loss: 0.65286
[  2, 16601] loss: 0.56073
[  2, 16651] loss: 0.45039
[  2, 16701] loss: 0.50994
[  2, 16751] loss: 0.46411
[  2, 16801] loss: 0.60225
[  2, 16851] loss: 0.51736
[  2, 16901] loss: 0.50580
[  2, 16951] loss: 0.53384
[  2, 17001] loss: 0.54903
[  2, 17051] loss: 0.57102
[  2, 17101] loss: 0.63515
[  2, 17151] loss: 0.48900
[  2, 17201] loss: 0.45444
[  2, 17251] loss: 0.58904
[  2, 17301] loss: 0.54442
[  2, 17351] loss: 0.49651
[  2, 17401] loss: 0.57742
[  2, 17451] loss: 0.54356
[  2, 17501] loss: 0.57714
[  2, 17551] loss: 0.60507
[  2, 17601] loss: 0.54546
[  2, 17651] loss: 0.60103
[  2, 17701] loss: 0.55563
[  2, 17751] loss: 0.53276
[  2, 17801] loss: 0.47647
[  2, 17851] loss: 0.45733
[  2, 17901] loss: 0.55835
[  2, 17951] loss: 0.62706
[  2, 18001] loss: 0.49591
[  2, 18051] loss: 0.48120
[  2, 18101] loss: 0.61950
[  2, 18151] loss: 0.53945
[  2, 18201] loss: 0.45712
[  2, 18251] loss: 0.50142
[  2, 18301] loss: 0.48021
[  2, 18351] loss: 0.47395
[  2, 18401] loss: 0.62013
[  2, 18451] loss: 0.63137
[  2, 18501] loss: 0.51467
[  2, 18551] loss: 0.53487
[  2, 18601] loss: 0.55725
[  2, 18651] loss: 0.56200
[  2, 18701] loss: 0.58546
[  2, 18751] loss: 0.52661
[  2, 18801] loss: 0.48832
[  2, 18851] loss: 0.55302
[  2, 18901] loss: 0.51492
[  2, 18951] loss: 0.58937
[  2, 19001] loss: 0.51673
[  2, 19051] loss: 0.50751
[  2, 19101] loss: 0.49002
[  2, 19151] loss: 0.61545
[  2, 19201] loss: 0.50779
[  2, 19251] loss: 0.55600
[  2, 19301] loss: 0.52849
[  2, 19351] loss: 0.59215
[  2, 19401] loss: 0.66590
[  2, 19451] loss: 0.55408
[  2, 19501] loss: 0.45625
[  2, 19551] loss: 0.50110
[  2, 19601] loss: 0.53532
[  2, 19651] loss: 0.52132
[  2, 19701] loss: 0.45614
[  2, 19751] loss: 0.52073
[  2, 19801] loss: 0.43451
[  2, 19851] loss: 0.51699
[  2, 19901] loss: 0.45911
[  2, 19951] loss: 0.53245
[  2, 20001] loss: 0.59674
[  2, 20051] loss: 0.44043
[  2, 20101] loss: 0.43193
[  2, 20151] loss: 0.48519
[  2, 20201] loss: 0.61046
[  2, 20251] loss: 0.48203
[  2, 20301] loss: 0.53839
[  2, 20351] loss: 0.51421
[  2, 20401] loss: 0.46246
[  2, 20451] loss: 0.52215
[  2, 20501] loss: 0.43539
[  2, 20551] loss: 0.58581
[  2, 20601] loss: 0.55705
[  2, 20651] loss: 0.60109
[  2, 20701] loss: 0.67835
[  2, 20751] loss: 0.53690
[  2, 20801] loss: 0.50357
[  2, 20851] loss: 0.56023
[  2, 20901] loss: 0.51600
[  2, 20951] loss: 0.56838
[  2, 21001] loss: 0.59628
[  2, 21051] loss: 0.53855
[  2, 21101] loss: 0.52077
[  2, 21151] loss: 0.71946
[  2, 21201] loss: 0.46373
[  2, 21251] loss: 0.48895
[  2, 21301] loss: 0.49919
[  2, 21351] loss: 0.50830
[  2, 21401] loss: 0.58845
[  2, 21451] loss: 0.49143
[  2, 21501] loss: 0.55700
[  2, 21551] loss: 0.50704
[  2, 21601] loss: 0.55994
[  2, 21651] loss: 0.50700
[  2, 21701] loss: 0.60009
[  2, 21751] loss: 0.45190
[  2, 21801] loss: 0.57595
[  2, 21851] loss: 0.53822
[  2, 21901] loss: 0.51337
[  2, 21951] loss: 0.50682
[  2, 22001] loss: 0.55646
[  2, 22051] loss: 0.58740
[  2, 22101] loss: 0.46119
[  2, 22151] loss: 0.47295
[  2, 22201] loss: 0.61199
[  2, 22251] loss: 0.56896
[  2, 22301] loss: 0.58623
[  2, 22351] loss: 0.54577
[  2, 22401] loss: 0.55987
[  2, 22451] loss: 0.49904
[  2, 22501] loss: 0.62014
[  2, 22551] loss: 0.52250
[  2, 22601] loss: 0.56063
[  2, 22651] loss: 0.54560
[  2, 22701] loss: 0.57761
[  2, 22751] loss: 0.50982
[  2, 22801] loss: 0.48176
[  2, 22851] loss: 0.59118
[  2, 22901] loss: 0.45174
[  2, 22951] loss: 0.63441
[  2, 23001] loss: 0.64118
[  2, 23051] loss: 0.62954
[  2, 23101] loss: 0.46020
[  2, 23151] loss: 0.54763
[  2, 23201] loss: 0.50094
[  2, 23251] loss: 0.50724
[  2, 23301] loss: 0.51021
[  2, 23351] loss: 0.42940
[  2, 23401] loss: 0.48884
[  2, 23451] loss: 0.52917
[  2, 23501] loss: 0.49573
[  2, 23551] loss: 0.56568
[  2, 23601] loss: 0.41944
[  2, 23651] loss: 0.49014
[  2, 23701] loss: 0.53920
[  2, 23751] loss: 0.53036
[  2, 23801] loss: 0.39299
[  2, 23851] loss: 0.45044
[  2, 23901] loss: 0.65246
[  2, 23951] loss: 0.55991
[  2, 24001] loss: 0.45163
[  2, 24051] loss: 0.64957
[  2, 24101] loss: 0.58379
[  2, 24151] loss: 0.50921
[  2, 24201] loss: 0.45759
[  2, 24251] loss: 0.52981
[  2, 24301] loss: 0.52654
[  2, 24351] loss: 0.59746
[  2, 24401] loss: 0.44596
[  2, 24451] loss: 0.48744
[  2, 24501] loss: 0.48679
[  2, 24551] loss: 0.42006
[  2, 24601] loss: 0.60903
[  2, 24651] loss: 0.54247
[  2, 24701] loss: 0.46060
[  2, 24751] loss: 0.53368
[  2, 24801] loss: 0.47250
[  2, 24851] loss: 0.58589
[  2, 24901] loss: 0.62326
[  2, 24951] loss: 0.50161
[  3,     1] loss: 0.45340
[  3,    51] loss: 0.43768
[  3,   101] loss: 0.57669
[  3,   151] loss: 0.49182
[  3,   201] loss: 0.42983
[  3,   251] loss: 0.42039
[  3,   301] loss: 0.49693
[  3,   351] loss: 0.45840
[  3,   401] loss: 0.57117
[  3,   451] loss: 0.51497
[  3,   501] loss: 0.40867
[  3,   551] loss: 0.59306
[  3,   601] loss: 0.44594
[  3,   651] loss: 0.46946
[  3,   701] loss: 0.37912
[  3,   751] loss: 0.56584
[  3,   801] loss: 0.37710
[  3,   851] loss: 0.51868
[  3,   901] loss: 0.57978
[  3,   951] loss: 0.46480
[  3,  1001] loss: 0.46545
[  3,  1051] loss: 0.58811
[  3,  1101] loss: 0.54846
[  3,  1151] loss: 0.43688
[  3,  1201] loss: 0.38082
[  3,  1251] loss: 0.46645
[  3,  1301] loss: 0.60562
[  3,  1351] loss: 0.54192
[  3,  1401] loss: 0.42320
[  3,  1451] loss: 0.39378
[  3,  1501] loss: 0.43355
[  3,  1551] loss: 0.44919
[  3,  1601] loss: 0.48085
[  3,  1651] loss: 0.47161
[  3,  1701] loss: 0.50216
[  3,  1751] loss: 0.61496
[  3,  1801] loss: 0.45128
[  3,  1851] loss: 0.57016
[  3,  1901] loss: 0.47738
[  3,  1951] loss: 0.48816
[  3,  2001] loss: 0.57588
[  3,  2051] loss: 0.57227
[  3,  2101] loss: 0.57624
[  3,  2151] loss: 0.45905
[  3,  2201] loss: 0.54754
[  3,  2251] loss: 0.44379
[  3,  2301] loss: 0.68379
[  3,  2351] loss: 0.46688
[  3,  2401] loss: 0.56357
[  3,  2451] loss: 0.47694
[  3,  2501] loss: 0.42311
[  3,  2551] loss: 0.69244
[  3,  2601] loss: 0.56367
[  3,  2651] loss: 0.50820
[  3,  2701] loss: 0.43364
[  3,  2751] loss: 0.53751
[  3,  2801] loss: 0.51100
[  3,  2851] loss: 0.46795
[  3,  2901] loss: 0.45738
[  3,  2951] loss: 0.48078
[  3,  3001] loss: 0.47880
[  3,  3051] loss: 0.60879
[  3,  3101] loss: 0.48418
[  3,  3151] loss: 0.43880
[  3,  3201] loss: 0.50974
[  3,  3251] loss: 0.43492
[  3,  3301] loss: 0.40461
[  3,  3351] loss: 0.54175
[  3,  3401] loss: 0.49781
[  3,  3451] loss: 0.48758
[  3,  3501] loss: 0.52144
[  3,  3551] loss: 0.40034
[  3,  3601] loss: 0.41544
[  3,  3651] loss: 0.53937
[  3,  3701] loss: 0.47698
[  3,  3751] loss: 0.53020
[  3,  3801] loss: 0.38268
[  3,  3851] loss: 0.44623
[  3,  3901] loss: 0.51609
[  3,  3951] loss: 0.35689
[  3,  4001] loss: 0.42839
[  3,  4051] loss: 0.45775
[  3,  4101] loss: 0.50617
[  3,  4151] loss: 0.48120
[  3,  4201] loss: 0.50151
[  3,  4251] loss: 0.49847
[  3,  4301] loss: 0.53025
[  3,  4351] loss: 0.44176
[  3,  4401] loss: 0.54993
[  3,  4451] loss: 0.46134
[  3,  4501] loss: 0.37616
[  3,  4551] loss: 0.53905
[  3,  4601] loss: 0.47960
[  3,  4651] loss: 0.46251
[  3,  4701] loss: 0.55213
[  3,  4751] loss: 0.43873
[  3,  4801] loss: 0.45246
[  3,  4851] loss: 0.52554
[  3,  4901] loss: 0.40987
[  3,  4951] loss: 0.44640
[  3,  5001] loss: 0.40910
[  3,  5051] loss: 0.39761
[  3,  5101] loss: 0.57310
[  3,  5151] loss: 0.44692
[  3,  5201] loss: 0.43293
[  3,  5251] loss: 0.44244
[  3,  5301] loss: 0.45708
[  3,  5351] loss: 0.46829
[  3,  5401] loss: 0.48187
[  3,  5451] loss: 0.49291
[  3,  5501] loss: 0.58263
[  3,  5551] loss: 0.45066
[  3,  5601] loss: 0.44454
[  3,  5651] loss: 0.57742
[  3,  5701] loss: 0.48474
[  3,  5751] loss: 0.46269
[  3,  5801] loss: 0.37490
[  3,  5851] loss: 0.37129
[  3,  5901] loss: 0.52370
[  3,  5951] loss: 0.48219
[  3,  6001] loss: 0.48641
[  3,  6051] loss: 0.41645
[  3,  6101] loss: 0.50824
[  3,  6151] loss: 0.38470
[  3,  6201] loss: 0.48728
[  3,  6251] loss: 0.55633
[  3,  6301] loss: 0.46304
[  3,  6351] loss: 0.50533
[  3,  6401] loss: 0.44999
[  3,  6451] loss: 0.46169
[  3,  6501] loss: 0.43826
[  3,  6551] loss: 0.44219
[  3,  6601] loss: 0.39927
[  3,  6651] loss: 0.49178
[  3,  6701] loss: 0.48511
[  3,  6751] loss: 0.38119
[  3,  6801] loss: 0.39221
[  3,  6851] loss: 0.52683
[  3,  6901] loss: 0.46415
[  3,  6951] loss: 0.43685
[  3,  7001] loss: 0.52305
[  3,  7051] loss: 0.49109
[  3,  7101] loss: 0.46560
[  3,  7151] loss: 0.43928
[  3,  7201] loss: 0.39041
[  3,  7251] loss: 0.48184
[  3,  7301] loss: 0.42167
[  3,  7351] loss: 0.43318
[  3,  7401] loss: 0.51818
[  3,  7451] loss: 0.40467
[  3,  7501] loss: 0.37114
[  3,  7551] loss: 0.43829
[  3,  7601] loss: 0.45242
[  3,  7651] loss: 0.47197
[  3,  7701] loss: 0.52832
[  3,  7751] loss: 0.47876
[  3,  7801] loss: 0.57474
[  3,  7851] loss: 0.49934
[  3,  7901] loss: 0.56152
[  3,  7951] loss: 0.32316
[  3,  8001] loss: 0.42350
[  3,  8051] loss: 0.50522
[  3,  8101] loss: 0.43345
[  3,  8151] loss: 0.44543
[  3,  8201] loss: 0.44927
[  3,  8251] loss: 0.46795
[  3,  8301] loss: 0.55101
[  3,  8351] loss: 0.56223
[  3,  8401] loss: 0.45196
[  3,  8451] loss: 0.49901
[  3,  8501] loss: 0.39959
[  3,  8551] loss: 0.45561
[  3,  8601] loss: 0.44824
[  3,  8651] loss: 0.52375
[  3,  8701] loss: 0.45549
[  3,  8751] loss: 0.39260
[  3,  8801] loss: 0.43636
[  3,  8851] loss: 0.63045
[  3,  8901] loss: 0.40734
[  3,  8951] loss: 0.37854
[  3,  9001] loss: 0.37714
[  3,  9051] loss: 0.39126
[  3,  9101] loss: 0.52795
[  3,  9151] loss: 0.46239
[  3,  9201] loss: 0.39306
[  3,  9251] loss: 0.43382
[  3,  9301] loss: 0.43656
[  3,  9351] loss: 0.32911
[  3,  9401] loss: 0.41701
[  3,  9451] loss: 0.51348
[  3,  9501] loss: 0.35086
[  3,  9551] loss: 0.42840
[  3,  9601] loss: 0.46559
[  3,  9651] loss: 0.48385
[  3,  9701] loss: 0.55571
[  3,  9751] loss: 0.45085
[  3,  9801] loss: 0.45494
[  3,  9851] loss: 0.44336
[  3,  9901] loss: 0.45260
[  3,  9951] loss: 0.39483
[  3, 10001] loss: 0.54161
[  3, 10051] loss: 0.39870
[  3, 10101] loss: 0.39292
[  3, 10151] loss: 0.35883
[  3, 10201] loss: 0.51317
[  3, 10251] loss: 0.40530
[  3, 10301] loss: 0.43879
[  3, 10351] loss: 0.37139
[  3, 10401] loss: 0.37722
[  3, 10451] loss: 0.38197
[  3, 10501] loss: 0.48032
[  3, 10551] loss: 0.43514
[  3, 10601] loss: 0.35587
[  3, 10651] loss: 0.41499
[  3, 10701] loss: 0.47888
[  3, 10751] loss: 0.45249
[  3, 10801] loss: 0.40751
[  3, 10851] loss: 0.43667
[  3, 10901] loss: 0.39057
[  3, 10951] loss: 0.46907
[  3, 11001] loss: 0.46461
[  3, 11051] loss: 0.44699
[  3, 11101] loss: 0.48550
[  3, 11151] loss: 0.44206
[  3, 11201] loss: 0.44226
[  3, 11251] loss: 0.38168
[  3, 11301] loss: 0.38509
[  3, 11351] loss: 0.43087
[  3, 11401] loss: 0.40471
[  3, 11451] loss: 0.47494
[  3, 11501] loss: 0.45550
[  3, 11551] loss: 0.48703
[  3, 11601] loss: 0.36734
[  3, 11651] loss: 0.37319
[  3, 11701] loss: 0.48746
[  3, 11751] loss: 0.40657
[  3, 11801] loss: 0.32639
[  3, 11851] loss: 0.44312
[  3, 11901] loss: 0.34435
[  3, 11951] loss: 0.40577
[  3, 12001] loss: 0.38683
[  3, 12051] loss: 0.33229
[  3, 12101] loss: 0.37442
[  3, 12151] loss: 0.54776
[  3, 12201] loss: 0.44893
[  3, 12251] loss: 0.41960
[  3, 12301] loss: 0.46484
[  3, 12351] loss: 0.30685
[  3, 12401] loss: 0.53492
[  3, 12451] loss: 0.41762
[  3, 12501] loss: 0.42590
[  3, 12551] loss: 0.46895
[  3, 12601] loss: 0.43032
[  3, 12651] loss: 0.44765
[  3, 12701] loss: 0.45354
[  3, 12751] loss: 0.40767
[  3, 12801] loss: 0.38642
[  3, 12851] loss: 0.58579
[  3, 12901] loss: 0.37352
[  3, 12951] loss: 0.49295
[  3, 13001] loss: 0.36702
[  3, 13051] loss: 0.38699
[  3, 13101] loss: 0.44813
[  3, 13151] loss: 0.51380
[  3, 13201] loss: 0.46732
[  3, 13251] loss: 0.46703
[  3, 13301] loss: 0.38513
[  3, 13351] loss: 0.60947
[  3, 13401] loss: 0.27428
[  3, 13451] loss: 0.49193
[  3, 13501] loss: 0.37724
[  3, 13551] loss: 0.39277
[  3, 13601] loss: 0.33059
[  3, 13651] loss: 0.42286
[  3, 13701] loss: 0.42787
[  3, 13751] loss: 0.39763
[  3, 13801] loss: 0.32563
[  3, 13851] loss: 0.42280
[  3, 13901] loss: 0.46153
[  3, 13951] loss: 0.39822
[  3, 14001] loss: 0.42660
[  3, 14051] loss: 0.43786
[  3, 14101] loss: 0.41936
[  3, 14151] loss: 0.47164
[  3, 14201] loss: 0.43524
[  3, 14251] loss: 0.44010
[  3, 14301] loss: 0.37035
[  3, 14351] loss: 0.47915
[  3, 14401] loss: 0.39948
[  3, 14451] loss: 0.46119
[  3, 14501] loss: 0.44282
[  3, 14551] loss: 0.36607
[  3, 14601] loss: 0.34772
[  3, 14651] loss: 0.41089
[  3, 14701] loss: 0.51183
[  3, 14751] loss: 0.38700
[  3, 14801] loss: 0.36180
[  3, 14851] loss: 0.37497
[  3, 14901] loss: 0.34877
[  3, 14951] loss: 0.41591
[  3, 15001] loss: 0.40808
[  3, 15051] loss: 0.38606
[  3, 15101] loss: 0.36720
[  3, 15151] loss: 0.36087
[  3, 15201] loss: 0.32582
[  3, 15251] loss: 0.38876
[  3, 15301] loss: 0.47314
[  3, 15351] loss: 0.36914
[  3, 15401] loss: 0.42545
[  3, 15451] loss: 0.41386
[  3, 15501] loss: 0.51707
[  3, 15551] loss: 0.44309
[  3, 15601] loss: 0.47048
[  3, 15651] loss: 0.39100
[  3, 15701] loss: 0.56444
[  3, 15751] loss: 0.49492
[  3, 15801] loss: 0.48662
[  3, 15851] loss: 0.43257
[  3, 15901] loss: 0.30709
[  3, 15951] loss: 0.46131
[  3, 16001] loss: 0.39971
[  3, 16051] loss: 0.40299
[  3, 16101] loss: 0.39496
[  3, 16151] loss: 0.36691
[  3, 16201] loss: 0.33111
[  3, 16251] loss: 0.46249
[  3, 16301] loss: 0.53380
[  3, 16351] loss: 0.35815
[  3, 16401] loss: 0.37659
[  3, 16451] loss: 0.48798
[  3, 16501] loss: 0.36503
[  3, 16551] loss: 0.49096
[  3, 16601] loss: 0.41201
[  3, 16651] loss: 0.33300
[  3, 16701] loss: 0.35854
[  3, 16751] loss: 0.36052
[  3, 16801] loss: 0.46362
[  3, 16851] loss: 0.39384
[  3, 16901] loss: 0.36728
[  3, 16951] loss: 0.42456
[  3, 17001] loss: 0.44235
[  3, 17051] loss: 0.44910
[  3, 17101] loss: 0.47542
[  3, 17151] loss: 0.36775
[  3, 17201] loss: 0.29337
[  3, 17251] loss: 0.45215
[  3, 17301] loss: 0.43183
[  3, 17351] loss: 0.33839
[  3, 17401] loss: 0.46017
[  3, 17451] loss: 0.41162
[  3, 17501] loss: 0.42899
[  3, 17551] loss: 0.47141
[  3, 17601] loss: 0.39916
[  3, 17651] loss: 0.52193
[  3, 17701] loss: 0.37724
[  3, 17751] loss: 0.42341
[  3, 17801] loss: 0.30885
[  3, 17851] loss: 0.31543
[  3, 17901] loss: 0.42303
[  3, 17951] loss: 0.46677
[  3, 18001] loss: 0.35873
[  3, 18051] loss: 0.35835
[  3, 18101] loss: 0.45635
[  3, 18151] loss: 0.43061
[  3, 18201] loss: 0.33398
[  3, 18251] loss: 0.36574
[  3, 18301] loss: 0.35544
[  3, 18351] loss: 0.38233
[  3, 18401] loss: 0.52886
[  3, 18451] loss: 0.52040
[  3, 18501] loss: 0.38267
[  3, 18551] loss: 0.42300
[  3, 18601] loss: 0.41766
[  3, 18651] loss: 0.39208
[  3, 18701] loss: 0.44781
[  3, 18751] loss: 0.38173
[  3, 18801] loss: 0.37719
[  3, 18851] loss: 0.43260
[  3, 18901] loss: 0.35397
[  3, 18951] loss: 0.46238
[  3, 19001] loss: 0.34270
[  3, 19051] loss: 0.34968
[  3, 19101] loss: 0.32661
[  3, 19151] loss: 0.49315
[  3, 19201] loss: 0.39543
[  3, 19251] loss: 0.40646
[  3, 19301] loss: 0.36471
[  3, 19351] loss: 0.44842
[  3, 19401] loss: 0.54434
[  3, 19451] loss: 0.39015
[  3, 19501] loss: 0.34683
[  3, 19551] loss: 0.31496
[  3, 19601] loss: 0.37768
[  3, 19651] loss: 0.35483
[  3, 19701] loss: 0.34201
[  3, 19751] loss: 0.39456
[  3, 19801] loss: 0.33822
[  3, 19851] loss: 0.38995
[  3, 19901] loss: 0.32970
[  3, 19951] loss: 0.36795
[  3, 20001] loss: 0.44911
[  3, 20051] loss: 0.29264
[  3, 20101] loss: 0.28053
[  3, 20151] loss: 0.33816
[  3, 20201] loss: 0.49484
[  3, 20251] loss: 0.37914
[  3, 20301] loss: 0.40595
[  3, 20351] loss: 0.37186
[  3, 20401] loss: 0.34451
[  3, 20451] loss: 0.36364
[  3, 20501] loss: 0.34010
[  3, 20551] loss: 0.43248
[  3, 20601] loss: 0.40422
[  3, 20651] loss: 0.46195
[  3, 20701] loss: 0.49664
[  3, 20751] loss: 0.37521
[  3, 20801] loss: 0.40803
[  3, 20851] loss: 0.42049
[  3, 20901] loss: 0.34897
[  3, 20951] loss: 0.40837
[  3, 21001] loss: 0.45453
[  3, 21051] loss: 0.41038
[  3, 21101] loss: 0.38793
[  3, 21151] loss: 0.59901
[  3, 21201] loss: 0.32395
[  3, 21251] loss: 0.34507
[  3, 21301] loss: 0.34714
[  3, 21351] loss: 0.38301
[  3, 21401] loss: 0.39101
[  3, 21451] loss: 0.33651
[  3, 21501] loss: 0.33925
[  3, 21551] loss: 0.33183
[  3, 21601] loss: 0.40118
[  3, 21651] loss: 0.38669
[  3, 21701] loss: 0.38330
[  3, 21751] loss: 0.31977
[  3, 21801] loss: 0.41716
[  3, 21851] loss: 0.37366
[  3, 21901] loss: 0.39925
[  3, 21951] loss: 0.38997
[  3, 22001] loss: 0.37832
[  3, 22051] loss: 0.43376
[  3, 22101] loss: 0.31056
[  3, 22151] loss: 0.34467
[  3, 22201] loss: 0.41555
[  3, 22251] loss: 0.37063
[  3, 22301] loss: 0.37604
[  3, 22351] loss: 0.37102
[  3, 22401] loss: 0.43578
[  3, 22451] loss: 0.32432
[  3, 22501] loss: 0.48185
[  3, 22551] loss: 0.39146
[  3, 22601] loss: 0.38492
[  3, 22651] loss: 0.38878
[  3, 22701] loss: 0.40705
[  3, 22751] loss: 0.33816
[  3, 22801] loss: 0.33925
[  3, 22851] loss: 0.43170
[  3, 22901] loss: 0.29442
[  3, 22951] loss: 0.45274
[  3, 23001] loss: 0.46247
[  3, 23051] loss: 0.41782
[  3, 23101] loss: 0.28701
[  3, 23151] loss: 0.38351
[  3, 23201] loss: 0.30680
[  3, 23251] loss: 0.37449
[  3, 23301] loss: 0.35858
[  3, 23351] loss: 0.26804
[  3, 23401] loss: 0.31657
[  3, 23451] loss: 0.40529
[  3, 23501] loss: 0.31191
[  3, 23551] loss: 0.40816
[  3, 23601] loss: 0.27592
[  3, 23651] loss: 0.35212
[  3, 23701] loss: 0.35196
[  3, 23751] loss: 0.36280
[  3, 23801] loss: 0.26945
[  3, 23851] loss: 0.33404
[  3, 23901] loss: 0.48506
[  3, 23951] loss: 0.42087
[  3, 24001] loss: 0.30238
[  3, 24051] loss: 0.46234
[  3, 24101] loss: 0.43058
[  3, 24151] loss: 0.35020
[  3, 24201] loss: 0.32042
[  3, 24251] loss: 0.40660
[  3, 24301] loss: 0.37217
[  3, 24351] loss: 0.43463
[  3, 24401] loss: 0.34208
[  3, 24451] loss: 0.36580
[  3, 24501] loss: 0.30231
[  3, 24551] loss: 0.25470
[  3, 24601] loss: 0.43230
[  3, 24651] loss: 0.38089
[  3, 24701] loss: 0.34221
[  3, 24751] loss: 0.35205
[  3, 24801] loss: 0.32622
[  3, 24851] loss: 0.41325
[  3, 24901] loss: 0.42288
[  3, 24951] loss: 0.37667
[  4,     1] loss: 0.35584
[  4,    51] loss: 0.29551
[  4,   101] loss: 0.37286
[  4,   151] loss: 0.32061
[  4,   201] loss: 0.27233
[  4,   251] loss: 0.22642
[  4,   301] loss: 0.41039
[  4,   351] loss: 0.28676
[  4,   401] loss: 0.41334
[  4,   451] loss: 0.35475
[  4,   501] loss: 0.26357
[  4,   551] loss: 0.37706
[  4,   601] loss: 0.32025
[  4,   651] loss: 0.30413
[  4,   701] loss: 0.26493
[  4,   751] loss: 0.42739
[  4,   801] loss: 0.25454
[  4,   851] loss: 0.34381
[  4,   901] loss: 0.41323
[  4,   951] loss: 0.33488
[  4,  1001] loss: 0.33989
[  4,  1051] loss: 0.41463
[  4,  1101] loss: 0.35587
[  4,  1151] loss: 0.29123
[  4,  1201] loss: 0.24810
[  4,  1251] loss: 0.33028
[  4,  1301] loss: 0.41663
[  4,  1351] loss: 0.37374
[  4,  1401] loss: 0.31476
[  4,  1451] loss: 0.24697
[  4,  1501] loss: 0.28857
[  4,  1551] loss: 0.31546
[  4,  1601] loss: 0.33467
[  4,  1651] loss: 0.35609
[  4,  1701] loss: 0.44830
[  4,  1751] loss: 0.46195
[  4,  1801] loss: 0.31210
[  4,  1851] loss: 0.41198
[  4,  1901] loss: 0.29827
[  4,  1951] loss: 0.30398
[  4,  2001] loss: 0.37309
[  4,  2051] loss: 0.44047
[  4,  2101] loss: 0.37499
[  4,  2151] loss: 0.31349
[  4,  2201] loss: 0.38653
[  4,  2251] loss: 0.28231
[  4,  2301] loss: 0.48140
[  4,  2351] loss: 0.34191
[  4,  2401] loss: 0.38623
[  4,  2451] loss: 0.31426
[  4,  2501] loss: 0.25852
[  4,  2551] loss: 0.47936
[  4,  2601] loss: 0.39381
[  4,  2651] loss: 0.31404
[  4,  2701] loss: 0.28502
[  4,  2751] loss: 0.36486
[  4,  2801] loss: 0.34565
[  4,  2851] loss: 0.32909
[  4,  2901] loss: 0.31175
[  4,  2951] loss: 0.31802
[  4,  3001] loss: 0.29905
[  4,  3051] loss: 0.41870
[  4,  3101] loss: 0.27076
[  4,  3151] loss: 0.26495
[  4,  3201] loss: 0.32563
[  4,  3251] loss: 0.24454
[  4,  3301] loss: 0.26585
[  4,  3351] loss: 0.34085
[  4,  3401] loss: 0.35562
[  4,  3451] loss: 0.29933
[  4,  3501] loss: 0.35461
[  4,  3551] loss: 0.27405
[  4,  3601] loss: 0.26771
[  4,  3651] loss: 0.42974
[  4,  3701] loss: 0.27637
[  4,  3751] loss: 0.35328
[  4,  3801] loss: 0.26654
[  4,  3851] loss: 0.27278
[  4,  3901] loss: 0.37318
[  4,  3951] loss: 0.21772
[  4,  4001] loss: 0.28332
[  4,  4051] loss: 0.32643
[  4,  4101] loss: 0.37194
[  4,  4151] loss: 0.34412
[  4,  4201] loss: 0.31361
[  4,  4251] loss: 0.30737
[  4,  4301] loss: 0.35763
[  4,  4351] loss: 0.29557
[  4,  4401] loss: 0.40870
[  4,  4451] loss: 0.29788
[  4,  4501] loss: 0.25327
[  4,  4551] loss: 0.37009
[  4,  4601] loss: 0.32515
[  4,  4651] loss: 0.31043
[  4,  4701] loss: 0.37703
[  4,  4751] loss: 0.27604
[  4,  4801] loss: 0.27863
[  4,  4851] loss: 0.34072
[  4,  4901] loss: 0.28359
[  4,  4951] loss: 0.32380
[  4,  5001] loss: 0.26103
[  4,  5051] loss: 0.23480
[  4,  5101] loss: 0.44022
[  4,  5151] loss: 0.28832
[  4,  5201] loss: 0.29435
[  4,  5251] loss: 0.29493
[  4,  5301] loss: 0.25370
[  4,  5351] loss: 0.29072
[  4,  5401] loss: 0.32192
[  4,  5451] loss: 0.30450
[  4,  5501] loss: 0.36351
[  4,  5551] loss: 0.28880
[  4,  5601] loss: 0.30743
[  4,  5651] loss: 0.38164
[  4,  5701] loss: 0.30832
[  4,  5751] loss: 0.30744
[  4,  5801] loss: 0.23008
[  4,  5851] loss: 0.25666
[  4,  5901] loss: 0.34705
[  4,  5951] loss: 0.29211
[  4,  6001] loss: 0.34006
[  4,  6051] loss: 0.29456
[  4,  6101] loss: 0.35157
[  4,  6151] loss: 0.26381
[  4,  6201] loss: 0.33633
[  4,  6251] loss: 0.34766
[  4,  6301] loss: 0.29361
[  4,  6351] loss: 0.33127
[  4,  6401] loss: 0.29955
[  4,  6451] loss: 0.33149
[  4,  6501] loss: 0.25332
[  4,  6551] loss: 0.27468
[  4,  6601] loss: 0.22857
[  4,  6651] loss: 0.32470
[  4,  6701] loss: 0.37800
[  4,  6751] loss: 0.26937
[  4,  6801] loss: 0.24892
[  4,  6851] loss: 0.35745
[  4,  6901] loss: 0.30662
[  4,  6951] loss: 0.31202
[  4,  7001] loss: 0.41215
[  4,  7051] loss: 0.32299
[  4,  7101] loss: 0.31653
[  4,  7151] loss: 0.27909
[  4,  7201] loss: 0.23293
[  4,  7251] loss: 0.30137
[  4,  7301] loss: 0.25482
[  4,  7351] loss: 0.23624
[  4,  7401] loss: 0.32895
[  4,  7451] loss: 0.26280
[  4,  7501] loss: 0.24798
[  4,  7551] loss: 0.26989
[  4,  7601] loss: 0.31801
[  4,  7651] loss: 0.28097
[  4,  7701] loss: 0.37876
[  4,  7751] loss: 0.30324
[  4,  7801] loss: 0.36658
[  4,  7851] loss: 0.33495
[  4,  7901] loss: 0.31860
[  4,  7951] loss: 0.21617
[  4,  8001] loss: 0.28782
[  4,  8051] loss: 0.36200
[  4,  8101] loss: 0.31215
[  4,  8151] loss: 0.24068
[  4,  8201] loss: 0.31857
[  4,  8251] loss: 0.31886
[  4,  8301] loss: 0.44576
[  4,  8351] loss: 0.36857
[  4,  8401] loss: 0.29062
[  4,  8451] loss: 0.35524
[  4,  8501] loss: 0.26253
[  4,  8551] loss: 0.31008
[  4,  8601] loss: 0.34451
[  4,  8651] loss: 0.35679
[  4,  8701] loss: 0.27661
[  4,  8751] loss: 0.22764
[  4,  8801] loss: 0.28906
[  4,  8851] loss: 0.42406
[  4,  8901] loss: 0.26414
[  4,  8951] loss: 0.22564
[  4,  9001] loss: 0.23428
[  4,  9051] loss: 0.25163
[  4,  9101] loss: 0.39274
[  4,  9151] loss: 0.24499
[  4,  9201] loss: 0.21322
[  4,  9251] loss: 0.25158
[  4,  9301] loss: 0.27294
[  4,  9351] loss: 0.21188
[  4,  9401] loss: 0.22878
[  4,  9451] loss: 0.36214
[  4,  9501] loss: 0.20959
[  4,  9551] loss: 0.23343
[  4,  9601] loss: 0.29110
[  4,  9651] loss: 0.30516
[  4,  9701] loss: 0.32397
[  4,  9751] loss: 0.27245
[  4,  9801] loss: 0.25779
[  4,  9851] loss: 0.24887
[  4,  9901] loss: 0.24887
[  4,  9951] loss: 0.25192
[  4, 10001] loss: 0.42715
[  4, 10051] loss: 0.20850
[  4, 10101] loss: 0.20305
[  4, 10151] loss: 0.18918
[  4, 10201] loss: 0.27572
[  4, 10251] loss: 0.24574
[  4, 10301] loss: 0.28981
[  4, 10351] loss: 0.23053
[  4, 10401] loss: 0.22389
[  4, 10451] loss: 0.25110
[  4, 10501] loss: 0.34370
[  4, 10551] loss: 0.23889
[  4, 10601] loss: 0.23708
[  4, 10651] loss: 0.27862
[  4, 10701] loss: 0.29480
[  4, 10751] loss: 0.26341
[  4, 10801] loss: 0.25982
[  4, 10851] loss: 0.28644
[  4, 10901] loss: 0.23558
[  4, 10951] loss: 0.28085
[  4, 11001] loss: 0.29847
[  4, 11051] loss: 0.30098
[  4, 11101] loss: 0.34142
[  4, 11151] loss: 0.27718
[  4, 11201] loss: 0.26300
[  4, 11251] loss: 0.27216
[  4, 11301] loss: 0.23228
[  4, 11351] loss: 0.26660
[  4, 11401] loss: 0.21042
[  4, 11451] loss: 0.29919
[  4, 11501] loss: 0.31477
[  4, 11551] loss: 0.34901
[  4, 11601] loss: 0.24218
[  4, 11651] loss: 0.19660
[  4, 11701] loss: 0.24929
[  4, 11751] loss: 0.23549
[  4, 11801] loss: 0.21207
[  4, 11851] loss: 0.28133
[  4, 11901] loss: 0.21718
[  4, 11951] loss: 0.26295
[  4, 12001] loss: 0.22306
[  4, 12051] loss: 0.16998
[  4, 12101] loss: 0.21087
[  4, 12151] loss: 0.34168
[  4, 12201] loss: 0.31390
[  4, 12251] loss: 0.32828
[  4, 12301] loss: 0.28218
[  4, 12351] loss: 0.17030
[  4, 12401] loss: 0.32381
[  4, 12451] loss: 0.23152
[  4, 12501] loss: 0.24197
[  4, 12551] loss: 0.34702
[  4, 12601] loss: 0.27559
[  4, 12651] loss: 0.29606
[  4, 12701] loss: 0.32820
[  4, 12751] loss: 0.22522
[  4, 12801] loss: 0.27676
[  4, 12851] loss: 0.40186
[  4, 12901] loss: 0.22168
[  4, 12951] loss: 0.27060
[  4, 13001] loss: 0.20587
[  4, 13051] loss: 0.21111
[  4, 13101] loss: 0.25152
[  4, 13151] loss: 0.32058
[  4, 13201] loss: 0.25342
[  4, 13251] loss: 0.25669
[  4, 13301] loss: 0.17618
[  4, 13351] loss: 0.34331
[  4, 13401] loss: 0.18412
[  4, 13451] loss: 0.31395
[  4, 13501] loss: 0.20179
[  4, 13551] loss: 0.26715
[  4, 13601] loss: 0.18147
[  4, 13651] loss: 0.23367
[  4, 13701] loss: 0.26812
[  4, 13751] loss: 0.23147
[  4, 13801] loss: 0.17782
[  4, 13851] loss: 0.23260
[  4, 13901] loss: 0.25119
[  4, 13951] loss: 0.19385
[  4, 14001] loss: 0.24552
[  4, 14051] loss: 0.25251
[  4, 14101] loss: 0.26898
[  4, 14151] loss: 0.27506
[  4, 14201] loss: 0.22004
[  4, 14251] loss: 0.22973
[  4, 14301] loss: 0.22097
[  4, 14351] loss: 0.31096
[  4, 14401] loss: 0.22790
[  4, 14451] loss: 0.29109
[  4, 14501] loss: 0.24421
[  4, 14551] loss: 0.21094
[  4, 14601] loss: 0.24806
[  4, 14651] loss: 0.20474
[  4, 14701] loss: 0.29741
[  4, 14751] loss: 0.21232
[  4, 14801] loss: 0.21242
[  4, 14851] loss: 0.26971
[  4, 14901] loss: 0.19592
[  4, 14951] loss: 0.19355
[  4, 15001] loss: 0.22392
[  4, 15051] loss: 0.21079
[  4, 15101] loss: 0.23807
[  4, 15151] loss: 0.23550
[  4, 15201] loss: 0.18527
[  4, 15251] loss: 0.22524
[  4, 15301] loss: 0.26751
[  4, 15351] loss: 0.23480
[  4, 15401] loss: 0.23723
[  4, 15451] loss: 0.21306
[  4, 15501] loss: 0.27273
[  4, 15551] loss: 0.29922
[  4, 15601] loss: 0.35258
[  4, 15651] loss: 0.24818
[  4, 15701] loss: 0.37347
[  4, 15751] loss: 0.27857
[  4, 15801] loss: 0.27215
[  4, 15851] loss: 0.25643
[  4, 15901] loss: 0.13832
[  4, 15951] loss: 0.23835
[  4, 16001] loss: 0.24733
[  4, 16051] loss: 0.27236
[  4, 16101] loss: 0.21002
[  4, 16151] loss: 0.20610
[  4, 16201] loss: 0.18439
[  4, 16251] loss: 0.30913
[  4, 16301] loss: 0.33777
[  4, 16351] loss: 0.16138
[  4, 16401] loss: 0.21342
[  4, 16451] loss: 0.33242
[  4, 16501] loss: 0.20062
[  4, 16551] loss: 0.23982
[  4, 16601] loss: 0.26139
[  4, 16651] loss: 0.18153
[  4, 16701] loss: 0.17832
[  4, 16751] loss: 0.19865
[  4, 16801] loss: 0.24222
[  4, 16851] loss: 0.23039
[  4, 16901] loss: 0.19308
[  4, 16951] loss: 0.25873
[  4, 17001] loss: 0.24069
[  4, 17051] loss: 0.27180
[  4, 17101] loss: 0.28145
[  4, 17151] loss: 0.22388
[  4, 17201] loss: 0.15124
[  4, 17251] loss: 0.28614
[  4, 17301] loss: 0.26866
[  4, 17351] loss: 0.16759
[  4, 17401] loss: 0.38921
[  4, 17451] loss: 0.24046
[  4, 17501] loss: 0.31469
[  4, 17551] loss: 0.31997
[  4, 17601] loss: 0.25162
[  4, 17651] loss: 0.36686
[  4, 17701] loss: 0.23720
[  4, 17751] loss: 0.29209
[  4, 17801] loss: 0.16461
[  4, 17851] loss: 0.18027
[  4, 17901] loss: 0.23869
[  4, 17951] loss: 0.26901
[  4, 18001] loss: 0.24646
[  4, 18051] loss: 0.20407
[  4, 18101] loss: 0.26806
[  4, 18151] loss: 0.28918
[  4, 18201] loss: 0.17411
[  4, 18251] loss: 0.18651
[  4, 18301] loss: 0.19863
[  4, 18351] loss: 0.22764
[  4, 18401] loss: 0.29754
[  4, 18451] loss: 0.32645
[  4, 18501] loss: 0.22209
[  4, 18551] loss: 0.27193
[  4, 18601] loss: 0.23026
[  4, 18651] loss: 0.20871
[  4, 18701] loss: 0.25830
[  4, 18751] loss: 0.18928
[  4, 18801] loss: 0.28585
[  4, 18851] loss: 0.29950
[  4, 18901] loss: 0.16215
[  4, 18951] loss: 0.28247
[  4, 19001] loss: 0.16065
[  4, 19051] loss: 0.19189
[  4, 19101] loss: 0.21855
[  4, 19151] loss: 0.39015
[  4, 19201] loss: 0.26863
[  4, 19251] loss: 0.28238
[  4, 19301] loss: 0.18622
[  4, 19351] loss: 0.26355
[  4, 19401] loss: 0.36634
[  4, 19451] loss: 0.21151
[  4, 19501] loss: 0.25732
[  4, 19551] loss: 0.20185
[  4, 19601] loss: 0.22346
[  4, 19651] loss: 0.16195
[  4, 19701] loss: 0.14934
[  4, 19751] loss: 0.26025
[  4, 19801] loss: 0.19683
[  4, 19851] loss: 0.22099
[  4, 19901] loss: 0.14720
[  4, 19951] loss: 0.19283
[  4, 20001] loss: 0.24672
[  4, 20051] loss: 0.16348
[  4, 20101] loss: 0.13364
[  4, 20151] loss: 0.18543
[  4, 20201] loss: 0.28380
[  4, 20251] loss: 0.19443
[  4, 20301] loss: 0.21025
[  4, 20351] loss: 0.18487
[  4, 20401] loss: 0.20110
[  4, 20451] loss: 0.18595
[  4, 20501] loss: 0.16517
[  4, 20551] loss: 0.23181
[  4, 20601] loss: 0.21000
[  4, 20651] loss: 0.25951
[  4, 20701] loss: 0.25921
[  4, 20751] loss: 0.18231
[  4, 20801] loss: 0.25117
[  4, 20851] loss: 0.23202
[  4, 20901] loss: 0.19622
[  4, 20951] loss: 0.22838
[  4, 21001] loss: 0.23991
[  4, 21051] loss: 0.20582
[  4, 21101] loss: 0.20532
[  4, 21151] loss: 0.41340
[  4, 21201] loss: 0.19291
[  4, 21251] loss: 0.22418
[  4, 21301] loss: 0.19584
[  4, 21351] loss: 0.22412
[  4, 21401] loss: 0.17122
[  4, 21451] loss: 0.20637
[  4, 21501] loss: 0.20063
[  4, 21551] loss: 0.19933
[  4, 21601] loss: 0.21674
[  4, 21651] loss: 0.19904
[  4, 21701] loss: 0.17226
[  4, 21751] loss: 0.14171
[  4, 21801] loss: 0.21450
[  4, 21851] loss: 0.17818
[  4, 21901] loss: 0.25704
[  4, 21951] loss: 0.24455
[  4, 22001] loss: 0.18755
[  4, 22051] loss: 0.21549
[  4, 22101] loss: 0.16682
[  4, 22151] loss: 0.23293
[  4, 22201] loss: 0.18965
[  4, 22251] loss: 0.16686
[  4, 22301] loss: 0.19755
[  4, 22351] loss: 0.22091
[  4, 22401] loss: 0.32196
[  4, 22451] loss: 0.15536
[  4, 22501] loss: 0.24520
[  4, 22551] loss: 0.22446
[  4, 22601] loss: 0.23295
[  4, 22651] loss: 0.22513
[  4, 22701] loss: 0.23838
[  4, 22751] loss: 0.20688
[  4, 22801] loss: 0.19428
[  4, 22851] loss: 0.22608
[  4, 22901] loss: 0.16249
[  4, 22951] loss: 0.25326
[  4, 23001] loss: 0.28307
[  4, 23051] loss: 0.18361
[  4, 23101] loss: 0.12864
[  4, 23151] loss: 0.20091
[  4, 23201] loss: 0.13448
[  4, 23251] loss: 0.23646
[  4, 23301] loss: 0.21146
[  4, 23351] loss: 0.12207
[  4, 23401] loss: 0.15816
[  4, 23451] loss: 0.21505
[  4, 23501] loss: 0.16207
[  4, 23551] loss: 0.22453
[  4, 23601] loss: 0.13292
[  4, 23651] loss: 0.18293
[  4, 23701] loss: 0.18457
[  4, 23751] loss: 0.19227
[  4, 23801] loss: 0.16817
[  4, 23851] loss: 0.16608
[  4, 23901] loss: 0.23759
[  4, 23951] loss: 0.27555
[  4, 24001] loss: 0.16688
[  4, 24051] loss: 0.26757
[  4, 24101] loss: 0.20938
[  4, 24151] loss: 0.17627
[  4, 24201] loss: 0.16854
[  4, 24251] loss: 0.23939
[  4, 24301] loss: 0.16522
[  4, 24351] loss: 0.25972
[  4, 24401] loss: 0.16949
[  4, 24451] loss: 0.19142
[  4, 24501] loss: 0.19566
[  4, 24551] loss: 0.13648
[  4, 24601] loss: 0.25056
[  4, 24651] loss: 0.19235
[  4, 24701] loss: 0.19127
[  4, 24751] loss: 0.17922
[  4, 24801] loss: 0.16128
[  4, 24851] loss: 0.22280
[  4, 24901] loss: 0.21412
[  4, 24951] loss: 0.19253
[  5,     1] loss: 0.21254
[  5,    51] loss: 0.16432
[  5,   101] loss: 0.15899
[  5,   151] loss: 0.15627
[  5,   201] loss: 0.10675
[  5,   251] loss: 0.11408
[  5,   301] loss: 0.20043
[  5,   351] loss: 0.14276
[  5,   401] loss: 0.20119
[  5,   451] loss: 0.17352
[  5,   501] loss: 0.11943
[  5,   551] loss: 0.22360
[  5,   601] loss: 0.20782
[  5,   651] loss: 0.17774
[  5,   701] loss: 0.15929
[  5,   751] loss: 0.24249
[  5,   801] loss: 0.12355
[  5,   851] loss: 0.20954
[  5,   901] loss: 0.21904
[  5,   951] loss: 0.17761
[  5,  1001] loss: 0.20352
[  5,  1051] loss: 0.33708
[  5,  1101] loss: 0.18916
[  5,  1151] loss: 0.18115
[  5,  1201] loss: 0.13729
[  5,  1251] loss: 0.18479
[  5,  1301] loss: 0.21816
[  5,  1351] loss: 0.19299
[  5,  1401] loss: 0.23583
[  5,  1451] loss: 0.14853
[  5,  1501] loss: 0.14232
[  5,  1551] loss: 0.15249
[  5,  1601] loss: 0.16635
[  5,  1651] loss: 0.18256
[  5,  1701] loss: 0.33443
[  5,  1751] loss: 0.33544
[  5,  1801] loss: 0.31812
[  5,  1851] loss: 0.16874
[  5,  1901] loss: 0.14993
[  5,  1951] loss: 0.14691
[  5,  2001] loss: 0.26292
[  5,  2051] loss: 0.35364
[  5,  2101] loss: 0.34297
[  5,  2151] loss: 0.19737
[  5,  2201] loss: 0.18071
[  5,  2251] loss: 0.15169
[  5,  2301] loss: 0.33474
[  5,  2351] loss: 0.27278
[  5,  2401] loss: 0.25668
[  5,  2451] loss: 0.23201
[  5,  2501] loss: 0.13523
[  5,  2551] loss: 0.21070
[  5,  2601] loss: 0.25948
[  5,  2651] loss: 0.22704
[  5,  2701] loss: 0.16687
[  5,  2751] loss: 0.17584
[  5,  2801] loss: 0.23123
[  5,  2851] loss: 0.17724
[  5,  2901] loss: 0.14431
[  5,  2951] loss: 0.13283
[  5,  3001] loss: 0.14928
[  5,  3051] loss: 0.27229
[  5,  3101] loss: 0.13121
[  5,  3151] loss: 0.13175
[  5,  3201] loss: 0.14335
[  5,  3251] loss: 0.10845
[  5,  3301] loss: 0.12534
[  5,  3351] loss: 0.15632
[  5,  3401] loss: 0.17020
[  5,  3451] loss: 0.12686
[  5,  3501] loss: 0.16595
[  5,  3551] loss: 0.11542
[  5,  3601] loss: 0.10567
[  5,  3651] loss: 0.24199
[  5,  3701] loss: 0.11299
[  5,  3751] loss: 0.21923
[  5,  3801] loss: 0.11585
[  5,  3851] loss: 0.12851
[  5,  3901] loss: 0.18176
[  5,  3951] loss: 0.09991
[  5,  4001] loss: 0.13106
[  5,  4051] loss: 0.15421
[  5,  4101] loss: 0.18037
[  5,  4151] loss: 0.17115
[  5,  4201] loss: 0.15971
[  5,  4251] loss: 0.13581
[  5,  4301] loss: 0.15757
[  5,  4351] loss: 0.14283
[  5,  4401] loss: 0.23993
[  5,  4451] loss: 0.14976
[  5,  4501] loss: 0.16587
[  5,  4551] loss: 0.17342
[  5,  4601] loss: 0.16107
[  5,  4651] loss: 0.13857
[  5,  4701] loss: 0.22438
[  5,  4751] loss: 0.12528
[  5,  4801] loss: 0.21229
[  5,  4851] loss: 0.19861
[  5,  4901] loss: 0.13865
[  5,  4951] loss: 0.17822
[  5,  5001] loss: 0.11328
[  5,  5051] loss: 0.15472
[  5,  5101] loss: 0.24564
[  5,  5151] loss: 0.18074
[  5,  5201] loss: 0.18348
[  5,  5251] loss: 0.18107
[  5,  5301] loss: 0.11784
[  5,  5351] loss: 0.13955
[  5,  5401] loss: 0.19817
[  5,  5451] loss: 0.14222
[  5,  5501] loss: 0.19168
[  5,  5551] loss: 0.14207
[  5,  5601] loss: 0.19754
[  5,  5651] loss: 0.20406
[  5,  5701] loss: 0.13226
[  5,  5751] loss: 0.13894
[  5,  5801] loss: 0.12366
[  5,  5851] loss: 0.17610
[  5,  5901] loss: 0.15765
[  5,  5951] loss: 0.19275
[  5,  6001] loss: 0.17679
[  5,  6051] loss: 0.16386
[  5,  6101] loss: 0.16560
[  5,  6151] loss: 0.12833
[  5,  6201] loss: 0.15841
[  5,  6251] loss: 0.14835
[  5,  6301] loss: 0.15300
[  5,  6351] loss: 0.15973
[  5,  6401] loss: 0.15814
[  5,  6451] loss: 0.16407
[  5,  6501] loss: 0.13092
[  5,  6551] loss: 0.09008
[  5,  6601] loss: 0.10411
[  5,  6651] loss: 0.13613
[  5,  6701] loss: 0.19033
[  5,  6751] loss: 0.15043
[  5,  6801] loss: 0.08664
[  5,  6851] loss: 0.18543
[  5,  6901] loss: 0.12844
[  5,  6951] loss: 0.15770
[  5,  7001] loss: 0.17109
[  5,  7051] loss: 0.12387
[  5,  7101] loss: 0.16072
[  5,  7151] loss: 0.10649
[  5,  7201] loss: 0.11410
[  5,  7251] loss: 0.13588
[  5,  7301] loss: 0.13073
[  5,  7351] loss: 0.11740
[  5,  7401] loss: 0.18628
[  5,  7451] loss: 0.14186
[  5,  7501] loss: 0.12767
[  5,  7551] loss: 0.15120
[  5,  7601] loss: 0.13288
[  5,  7651] loss: 0.12349
[  5,  7701] loss: 0.15527
[  5,  7751] loss: 0.19082
[  5,  7801] loss: 0.21521
[  5,  7851] loss: 0.16748
[  5,  7901] loss: 0.11039
[  5,  7951] loss: 0.10095
[  5,  8001] loss: 0.19956
[  5,  8051] loss: 0.32397
[  5,  8101] loss: 0.30772
[  5,  8151] loss: 0.16132
[  5,  8201] loss: 0.12036
[  5,  8251] loss: 0.15627
[  5,  8301] loss: 0.27879
[  5,  8351] loss: 0.39405
[  5,  8401] loss: 0.24339
[  5,  8451] loss: 0.33201
[  5,  8501] loss: 0.13178
[  5,  8551] loss: 0.14927
[  5,  8601] loss: 0.22460
[  5,  8651] loss: 0.32202
[  5,  8701] loss: 0.33926
[  5,  8751] loss: 0.27070
[  5,  8801] loss: 0.34730
[  5,  8851] loss: 0.15184
[  5,  8901] loss: 0.12886
[  5,  8951] loss: 0.21392
[  5,  9001] loss: 0.24752
[  5,  9051] loss: 0.29384
[  5,  9101] loss: 0.30842
[  5,  9151] loss: 0.20023
[  5,  9201] loss: 0.11576
[  5,  9251] loss: 0.11566
[  5,  9301] loss: 0.22373
[  5,  9351] loss: 0.22745
[  5,  9401] loss: 0.20055
[  5,  9451] loss: 0.34298
[  5,  9501] loss: 0.16065
[  5,  9551] loss: 0.10380
[  5,  9601] loss: 0.15384
[  5,  9651] loss: 0.22577
[  5,  9701] loss: 0.24014
[  5,  9751] loss: 0.26322
[  5,  9801] loss: 0.24033
[  5,  9851] loss: 0.12860
[  5,  9901] loss: 0.10649
[  5,  9951] loss: 0.15673
[  5, 10001] loss: 0.32553
[  5, 10051] loss: 0.15502
[  5, 10101] loss: 0.15258
[  5, 10151] loss: 0.14653
[  5, 10201] loss: 0.17705
[  5, 10251] loss: 0.10718
[  5, 10301] loss: 0.17976
[  5, 10351] loss: 0.11553
[  5, 10401] loss: 0.11734
[  5, 10451] loss: 0.20101
[  5, 10501] loss: 0.24335
[  5, 10551] loss: 0.15924
[  5, 10601] loss: 0.10897
[  5, 10651] loss: 0.13083
[  5, 10701] loss: 0.14500
[  5, 10751] loss: 0.12124
[  5, 10801] loss: 0.14724
[  5, 10851] loss: 0.18598
[  5, 10901] loss: 0.13073
[  5, 10951] loss: 0.16217
[  5, 11001] loss: 0.21665
[  5, 11051] loss: 0.17646
[  5, 11101] loss: 0.18695
[  5, 11151] loss: 0.13838
[  5, 11201] loss: 0.14150
[  5, 11251] loss: 0.17820
[  5, 11301] loss: 0.14989
[  5, 11351] loss: 0.12511
[  5, 11401] loss: 0.14714
[  5, 11451] loss: 0.11852
[  5, 11501] loss: 0.13423
[  5, 11551] loss: 0.20180
[  5, 11601] loss: 0.22612
[  5, 11651] loss: 0.15132
[  5, 11701] loss: 0.19438
[  5, 11751] loss: 0.15957
[  5, 11801] loss: 0.07066
[  5, 11851] loss: 0.14439
[  5, 11901] loss: 0.13622
[  5, 11951] loss: 0.29323
[  5, 12001] loss: 0.23369
[  5, 12051] loss: 0.20395
[  5, 12101] loss: 0.12226
[  5, 12151] loss: 0.13526
[  5, 12201] loss: 0.12909
[  5, 12251] loss: 0.24185
[  5, 12301] loss: 0.22455
[  5, 12351] loss: 0.29785
[  5, 12401] loss: 0.26304
[  5, 12451] loss: 0.23916
[  5, 12501] loss: 0.08033
[  5, 12551] loss: 0.17603
[  5, 12601] loss: 0.22670
[  5, 12651] loss: 0.31608
[  5, 12701] loss: 0.40155
[  5, 12751] loss: 0.30822
[  5, 12801] loss: 0.22941
[  5, 12851] loss: 0.18451
[  5, 12901] loss: 0.10781
[  5, 12951] loss: 0.21357
[  5, 13001] loss: 0.28374
[  5, 13051] loss: 0.30986
[  5, 13101] loss: 0.30969
[  5, 13151] loss: 0.31400
[  5, 13201] loss: 0.13816
[  5, 13251] loss: 0.12871
[  5, 13301] loss: 0.11619
[  5, 13351] loss: 0.34631
[  5, 13401] loss: 0.22411
[  5, 13451] loss: 0.23841
[  5, 13501] loss: 0.17673
[  5, 13551] loss: 0.19269
[  5, 13601] loss: 0.09466
[  5, 13651] loss: 0.10356
[  5, 13701] loss: 0.13103
[  5, 13751] loss: 0.17745
[  5, 13801] loss: 0.12103
[  5, 13851] loss: 0.15534
[  5, 13901] loss: 0.13593
[  5, 13951] loss: 0.12211
[  5, 14001] loss: 0.09973
[  5, 14051] loss: 0.17495
[  5, 14101] loss: 0.15733
[  5, 14151] loss: 0.11097
[  5, 14201] loss: 0.10911
[  5, 14251] loss: 0.12899
[  5, 14301] loss: 0.11019
[  5, 14351] loss: 0.14009
[  5, 14401] loss: 0.12923
[  5, 14451] loss: 0.10392
[  5, 14501] loss: 0.11315
[  5, 14551] loss: 0.11395
[  5, 14601] loss: 0.11549
[  5, 14651] loss: 0.09138
[  5, 14701] loss: 0.14317
[  5, 14751] loss: 0.09354
[  5, 14801] loss: 0.07942
[  5, 14851] loss: 0.12701
[  5, 14901] loss: 0.10858
[  5, 14951] loss: 0.11694
[  5, 15001] loss: 0.17707
[  5, 15051] loss: 0.12254
[  5, 15101] loss: 0.08422
[  5, 15151] loss: 0.09317
[  5, 15201] loss: 0.07840
[  5, 15251] loss: 0.13605
[  5, 15301] loss: 0.14709
[  5, 15351] loss: 0.21982
[  5, 15401] loss: 0.12487
[  5, 15451] loss: 0.09873
[  5, 15501] loss: 0.10915
[  5, 15551] loss: 0.18088
[  5, 15601] loss: 0.28116
[  5, 15651] loss: 0.17393
[  5, 15701] loss: 0.18722
[  5, 15751] loss: 0.16175
[  5, 15801] loss: 0.10096
[  5, 15851] loss: 0.11477
[  5, 15901] loss: 0.07229
[  5, 15951] loss: 0.15340
[  5, 16001] loss: 0.14339
[  5, 16051] loss: 0.11557
[  5, 16101] loss: 0.09656
[  5, 16151] loss: 0.13818
[  5, 16201] loss: 0.13239
[  5, 16251] loss: 0.14735
[  5, 16301] loss: 0.17266
[  5, 16351] loss: 0.09763
[  5, 16401] loss: 0.09400
[  5, 16451] loss: 0.16867
[  5, 16501] loss: 0.08025
[  5, 16551] loss: 0.15017
[  5, 16601] loss: 0.14146
[  5, 16651] loss: 0.07021
[  5, 16701] loss: 0.07881
[  5, 16751] loss: 0.08370
[  5, 16801] loss: 0.09751
[  5, 16851] loss: 0.11683
[  5, 16901] loss: 0.09702
[  5, 16951] loss: 0.14503
[  5, 17001] loss: 0.10102
[  5, 17051] loss: 0.16145
[  5, 17101] loss: 0.08297
[  5, 17151] loss: 0.07901
[  5, 17201] loss: 0.07440
[  5, 17251] loss: 0.17375
[  5, 17301] loss: 0.14492
[  5, 17351] loss: 0.07612
[  5, 17401] loss: 0.13037
[  5, 17451] loss: 0.09870
[  5, 17501] loss: 0.18736
[  5, 17551] loss: 0.23550
[  5, 17601] loss: 0.16865
[  5, 17651] loss: 0.13937
[  5, 17701] loss: 0.12329
[  5, 17751] loss: 0.11741
[  5, 17801] loss: 0.07368
[  5, 17851] loss: 0.15751
[  5, 17901] loss: 0.24407
[  5, 17951] loss: 0.22686
[  5, 18001] loss: 0.18254
[  5, 18051] loss: 0.13103
[  5, 18101] loss: 0.13735
[  5, 18151] loss: 0.18870
[  5, 18201] loss: 0.15114
[  5, 18251] loss: 0.14547
[  5, 18301] loss: 0.14793
[  5, 18351] loss: 0.17719
[  5, 18401] loss: 0.16042
[  5, 18451] loss: 0.15907
[  5, 18501] loss: 0.11318
[  5, 18551] loss: 0.10238
[  5, 18601] loss: 0.15724
[  5, 18651] loss: 0.09729
[  5, 18701] loss: 0.11507
[  5, 18751] loss: 0.06978
[  5, 18801] loss: 0.10276
[  5, 18851] loss: 0.12646
[  5, 18901] loss: 0.06934
[  5, 18951] loss: 0.15355
[  5, 19001] loss: 0.07331
[  5, 19051] loss: 0.11085
[  5, 19101] loss: 0.08669
[  5, 19151] loss: 0.23091
[  5, 19201] loss: 0.13335
[  5, 19251] loss: 0.23005
[  5, 19301] loss: 0.16789
[  5, 19351] loss: 0.17075
[  5, 19401] loss: 0.12657
[  5, 19451] loss: 0.10852
[  5, 19501] loss: 0.13031
[  5, 19551] loss: 0.12537
[  5, 19601] loss: 0.26570
[  5, 19651] loss: 0.24509
[  5, 19701] loss: 0.19654
[  5, 19751] loss: 0.15204
[  5, 19801] loss: 0.09430
[  5, 19851] loss: 0.07806
[  5, 19901] loss: 0.05181
[  5, 19951] loss: 0.21054
[  5, 20001] loss: 0.28367
[  5, 20051] loss: 0.15887
[  5, 20101] loss: 0.19025
[  5, 20151] loss: 0.10434
[  5, 20201] loss: 0.13175
[  5, 20251] loss: 0.09047
[  5, 20301] loss: 0.10186
[  5, 20351] loss: 0.17241
[  5, 20401] loss: 0.17746
[  5, 20451] loss: 0.14567
[  5, 20501] loss: 0.12264
[  5, 20551] loss: 0.09490
[  5, 20601] loss: 0.09067
[  5, 20651] loss: 0.14911
[  5, 20701] loss: 0.17355
[  5, 20751] loss: 0.11743
[  5, 20801] loss: 0.15274
[  5, 20851] loss: 0.14475
[  5, 20901] loss: 0.09124
[  5, 20951] loss: 0.10292
[  5, 21001] loss: 0.08183
[  5, 21051] loss: 0.08509
[  5, 21101] loss: 0.10829
[  5, 21151] loss: 0.28275
[  5, 21201] loss: 0.10316
[  5, 21251] loss: 0.15273
[  5, 21301] loss: 0.16638
[  5, 21351] loss: 0.15694
[  5, 21401] loss: 0.09492
[  5, 21451] loss: 0.09770
[  5, 21501] loss: 0.11373
[  5, 21551] loss: 0.09945
[  5, 21601] loss: 0.17835
[  5, 21651] loss: 0.12232
[  5, 21701] loss: 0.11944
[  5, 21751] loss: 0.07590
[  5, 21801] loss: 0.11926
[  5, 21851] loss: 0.08060
[  5, 21901] loss: 0.11499
[  5, 21951] loss: 0.12676
[  5, 22001] loss: 0.10272
[  5, 22051] loss: 0.13492
[  5, 22101] loss: 0.09451
[  5, 22151] loss: 0.10232
[  5, 22201] loss: 0.12777
[  5, 22251] loss: 0.07657
[  5, 22301] loss: 0.07450
[  5, 22351] loss: 0.07330
[  5, 22401] loss: 0.11396
[  5, 22451] loss: 0.05419
[  5, 22501] loss: 0.12762
[  5, 22551] loss: 0.09947
[  5, 22601] loss: 0.10093
[  5, 22651] loss: 0.10653
[  5, 22701] loss: 0.09291
[  5, 22751] loss: 0.08485
[  5, 22801] loss: 0.10378
[  5, 22851] loss: 0.13646
[  5, 22901] loss: 0.10277
[  5, 22951] loss: 0.15986
[  5, 23001] loss: 0.11047
[  5, 23051] loss: 0.07913
[  5, 23101] loss: 0.10797
[  5, 23151] loss: 0.16810
[  5, 23201] loss: 0.09182
[  5, 23251] loss: 0.10951
[  5, 23301] loss: 0.13691
[  5, 23351] loss: 0.04419
[  5, 23401] loss: 0.06082
[  5, 23451] loss: 0.08616
[  5, 23501] loss: 0.11728
[  5, 23551] loss: 0.18762
[  5, 23601] loss: 0.09277
[  5, 23651] loss: 0.07781
[  5, 23701] loss: 0.06762
[  5, 23751] loss: 0.09638
[  5, 23801] loss: 0.07312
[  5, 23851] loss: 0.11783
[  5, 23901] loss: 0.14515
[  5, 23951] loss: 0.19124
[  5, 24001] loss: 0.08214
[  5, 24051] loss: 0.10111
[  5, 24101] loss: 0.09549
[  5, 24151] loss: 0.10350
[  5, 24201] loss: 0.15259
[  5, 24251] loss: 0.18052
[  5, 24301] loss: 0.11939
[  5, 24351] loss: 0.15421
[  5, 24401] loss: 0.08965
[  5, 24451] loss: 0.08023
[  5, 24501] loss: 0.17324
[  5, 24551] loss: 0.11778
[  5, 24601] loss: 0.24353
[  5, 24651] loss: 0.13955
[  5, 24701] loss: 0.11895
[  5, 24751] loss: 0.07129
[  5, 24801] loss: 0.08050
[  5, 24851] loss: 0.11594
[  5, 24901] loss: 0.15695
[  5, 24951] loss: 0.14496
Finished training
Accuracy on train: 0.94600
Accuracy on test: 0.58010
