{'word_context': 99, 'word_embed_size': 100, 'word_conv_units': 300, 'hidden_units': 0, 'dropout': False, 'batch_size': 50}
train set done
test set done
<bound method MixedNet.parameters of MixedNet (
  (W_wrd): DataParallel (
    (module): Embedding(89528, 100)
  )
  (word_level_conv): DataParallel (
    (module): Conv2d(1, 300, kernel_size=(100, 99), stride=(1, 1), padding=(0, 49))
  )
  (word_level_maxpool): DataParallel (
    (module): AdaptiveMaxPool2d (output_size=(300, 1))
  )
  (fc1): DataParallel (
    (module): Linear (300 -> 2)
  )
)>
[  1,     1] loss: 0.77394
[  1,    51] loss: 1.54102
[  1,   101] loss: 5.36029
[  1,   151] loss: 4.18741
[  1,   201] loss: 0.84845
[  1,   251] loss: 2.11586
[  1,   301] loss: 2.50777
[  1,   351] loss: 0.76851
[  1,   401] loss: 1.29489
[  1,   451] loss: 1.17662
[  1,   501] loss: 1.20007
[  1,   551] loss: 0.84822
[  1,   601] loss: 0.96328
[  1,   651] loss: 0.62667
[  1,   701] loss: 1.09868
[  1,   751] loss: 0.81380
[  1,   801] loss: 0.71874
[  1,   851] loss: 0.82209
[  1,   901] loss: 0.84029
[  1,   951] loss: 0.92339
[  1,  1001] loss: 0.77074
[  1,  1051] loss: 0.73298
[  1,  1101] loss: 0.82923
[  1,  1151] loss: 0.78760
[  1,  1201] loss: 0.66686
[  1,  1251] loss: 0.65704
[  1,  1301] loss: 0.72190
[  1,  1351] loss: 0.72788
[  1,  1401] loss: 0.71879
[  1,  1451] loss: 0.77055
[  1,  1501] loss: 0.71992
[  1,  1551] loss: 0.71511
[  1,  1601] loss: 0.60694
[  1,  1651] loss: 0.73211
[  1,  1701] loss: 0.82667
[  1,  1751] loss: 0.61173
[  1,  1801] loss: 0.71297
[  1,  1851] loss: 0.79390
[  1,  1901] loss: 0.65537
[  1,  1951] loss: 0.66088
[  1,  2001] loss: 0.81517
[  1,  2051] loss: 0.66964
[  1,  2101] loss: 0.69095
[  1,  2151] loss: 0.68734
[  1,  2201] loss: 0.66169
[  1,  2251] loss: 0.78606
[  1,  2301] loss: 0.60973
[  1,  2351] loss: 0.73387
[  1,  2401] loss: 0.67202
[  1,  2451] loss: 0.75631
[  1,  2501] loss: 0.71445
[  1,  2551] loss: 0.65512
[  1,  2601] loss: 0.80567
[  1,  2651] loss: 0.76570
[  1,  2701] loss: 0.70750
[  1,  2751] loss: 0.66733
[  1,  2801] loss: 0.66730
[  1,  2851] loss: 0.72197
[  1,  2901] loss: 0.77165
[  1,  2951] loss: 0.64953
[  1,  3001] loss: 0.64205
[  1,  3051] loss: 0.73943
[  1,  3101] loss: 0.70163
[  1,  3151] loss: 0.64950
[  1,  3201] loss: 0.64170
[  1,  3251] loss: 0.72686
[  1,  3301] loss: 0.82381
[  1,  3351] loss: 0.59847
[  1,  3401] loss: 0.85774
[  1,  3451] loss: 0.72075
[  1,  3501] loss: 0.87313
[  1,  3551] loss: 0.75135
[  1,  3601] loss: 0.76760
[  1,  3651] loss: 0.76205
[  1,  3701] loss: 0.76933
[  1,  3751] loss: 0.69737
[  1,  3801] loss: 0.77758
[  1,  3851] loss: 0.78898
[  1,  3901] loss: 0.69477
[  1,  3951] loss: 0.77790
[  1,  4001] loss: 0.75502
[  1,  4051] loss: 0.79179
[  1,  4101] loss: 0.66278
[  1,  4151] loss: 0.72274
[  1,  4201] loss: 0.76677
[  1,  4251] loss: 0.70903
[  1,  4301] loss: 0.75405
[  1,  4351] loss: 0.81586
[  1,  4401] loss: 0.81001
[  1,  4451] loss: 0.63871
[  1,  4501] loss: 0.67166
[  1,  4551] loss: 0.76081
[  1,  4601] loss: 0.73733
[  1,  4651] loss: 0.67008
[  1,  4701] loss: 0.61867
[  1,  4751] loss: 0.75709
[  1,  4801] loss: 0.63691
[  1,  4851] loss: 0.69097
[  1,  4901] loss: 0.66997
[  1,  4951] loss: 0.68373
[  1,  5001] loss: 0.67170
[  1,  5051] loss: 0.65229
[  1,  5101] loss: 0.79451
[  1,  5151] loss: 0.73582
[  1,  5201] loss: 0.69228
[  1,  5251] loss: 0.61200
[  1,  5301] loss: 0.63501
[  1,  5351] loss: 0.64455
[  1,  5401] loss: 0.80844
[  1,  5451] loss: 0.70622
[  1,  5501] loss: 0.70017
[  1,  5551] loss: 0.66332
[  1,  5601] loss: 0.74617
[  1,  5651] loss: 0.69518
[  1,  5701] loss: 0.73418
[  1,  5751] loss: 0.67674
[  1,  5801] loss: 0.77309
[  1,  5851] loss: 0.58967
[  1,  5901] loss: 0.74448
[  1,  5951] loss: 0.71890
[  1,  6001] loss: 0.70001
[  1,  6051] loss: 0.71484
[  1,  6101] loss: 0.78364
[  1,  6151] loss: 0.66417
[  1,  6201] loss: 0.77396
[  1,  6251] loss: 0.65277
[  1,  6301] loss: 0.64140
[  1,  6351] loss: 0.77105
[  1,  6401] loss: 0.65986
[  1,  6451] loss: 0.78038
[  1,  6501] loss: 0.77937
[  1,  6551] loss: 0.63425
[  1,  6601] loss: 0.72353
[  1,  6651] loss: 0.67853
[  1,  6701] loss: 0.63645
[  1,  6751] loss: 0.67594
[  1,  6801] loss: 0.64349
[  1,  6851] loss: 0.69174
[  1,  6901] loss: 0.70265
[  1,  6951] loss: 0.69001
[  1,  7001] loss: 0.66286
[  1,  7051] loss: 0.80646
[  1,  7101] loss: 0.87185
[  1,  7151] loss: 0.69559
[  1,  7201] loss: 0.63020
[  1,  7251] loss: 0.69510
[  1,  7301] loss: 0.85479
[  1,  7351] loss: 0.67818
[  1,  7401] loss: 0.79699
[  1,  7451] loss: 0.76766
[  1,  7501] loss: 1.12987
[  1,  7551] loss: 0.73922
[  1,  7601] loss: 0.54643
[  1,  7651] loss: 0.86863
[  1,  7701] loss: 0.70887
[  1,  7751] loss: 0.67432
[  1,  7801] loss: 0.82674
[  1,  7851] loss: 0.92609
[  1,  7901] loss: 0.84231
[  1,  7951] loss: 0.79700
[  1,  8001] loss: 0.92549
[  1,  8051] loss: 0.69154
[  1,  8101] loss: 0.62826
[  1,  8151] loss: 0.67925
[  1,  8201] loss: 0.71102
[  1,  8251] loss: 0.63735
[  1,  8301] loss: 0.66719
[  1,  8351] loss: 0.70635
[  1,  8401] loss: 0.64294
[  1,  8451] loss: 0.83632
[  1,  8501] loss: 0.71273
[  1,  8551] loss: 0.84390
[  1,  8601] loss: 0.72176
[  1,  8651] loss: 0.63293
[  1,  8701] loss: 0.73118
[  1,  8751] loss: 0.71158
[  1,  8801] loss: 0.65990
[  1,  8851] loss: 0.66331
[  1,  8901] loss: 0.65554
[  1,  8951] loss: 0.69783
[  1,  9001] loss: 0.61908
[  1,  9051] loss: 0.55504
[  1,  9101] loss: 0.69033
[  1,  9151] loss: 0.51586
[  1,  9201] loss: 0.72735
[  1,  9251] loss: 0.63794
[  1,  9301] loss: 0.69450
[  1,  9351] loss: 0.66340
[  1,  9401] loss: 0.65230
[  1,  9451] loss: 0.70131
[  1,  9501] loss: 0.72822
[  1,  9551] loss: 0.67843
[  1,  9601] loss: 0.57232
[  1,  9651] loss: 0.63708
[  1,  9701] loss: 0.79226
[  1,  9751] loss: 0.67183
[  1,  9801] loss: 0.72895
[  1,  9851] loss: 0.71730
[  1,  9901] loss: 0.76324
[  1,  9951] loss: 0.76785
[  1, 10001] loss: 0.69209
[  1, 10051] loss: 0.77777
[  1, 10101] loss: 0.71032
[  1, 10151] loss: 0.65157
[  1, 10201] loss: 0.65190
[  1, 10251] loss: 0.59382
[  1, 10301] loss: 0.72446
[  1, 10351] loss: 0.69650
[  1, 10401] loss: 0.78545
[  1, 10451] loss: 0.57770
[  1, 10501] loss: 0.74882
[  1, 10551] loss: 0.97111
[  1, 10601] loss: 0.65959
[  1, 10651] loss: 0.74123
[  1, 10701] loss: 0.76510
[  1, 10751] loss: 0.68114
[  1, 10801] loss: 0.58449
[  1, 10851] loss: 0.73019
[  1, 10901] loss: 0.84154
[  1, 10951] loss: 0.81529
[  1, 11001] loss: 0.64292
[  1, 11051] loss: 0.94836
[  1, 11101] loss: 0.75758
[  1, 11151] loss: 0.73630
[  1, 11201] loss: 0.74254
[  1, 11251] loss: 0.82127
[  1, 11301] loss: 0.86925
[  1, 11351] loss: 0.70749
[  1, 11401] loss: 0.84332
[  1, 11451] loss: 0.65085
[  1, 11501] loss: 0.75122
[  1, 11551] loss: 0.82798
[  1, 11601] loss: 0.88073
[  1, 11651] loss: 0.67320
[  1, 11701] loss: 0.61154
[  1, 11751] loss: 0.54559
[  1, 11801] loss: 0.80746
[  1, 11851] loss: 0.80675
[  1, 11901] loss: 0.77192
[  1, 11951] loss: 0.72522
[  1, 12001] loss: 0.61125
[  1, 12051] loss: 0.70071
[  1, 12101] loss: 0.80344
[  1, 12151] loss: 0.73788
[  1, 12201] loss: 0.73616
[  1, 12251] loss: 0.65343
[  1, 12301] loss: 0.61528
[  1, 12351] loss: 0.72308
[  1, 12401] loss: 0.69004
[  1, 12451] loss: 0.70750
[  1, 12501] loss: 0.71539
[  1, 12551] loss: 0.85036
[  1, 12601] loss: 0.74272
[  1, 12651] loss: 0.71425
[  1, 12701] loss: 0.83282
[  1, 12751] loss: 0.76117
[  1, 12801] loss: 0.67263
[  1, 12851] loss: 0.72265
[  1, 12901] loss: 0.77999
[  1, 12951] loss: 0.68975
[  1, 13001] loss: 0.69471
[  1, 13051] loss: 0.72202
[  1, 13101] loss: 0.61312
[  1, 13151] loss: 0.69000
[  1, 13201] loss: 0.61505
[  1, 13251] loss: 0.67734
[  1, 13301] loss: 0.65105
[  1, 13351] loss: 0.72901
[  1, 13401] loss: 0.74954
[  1, 13451] loss: 0.71353
[  1, 13501] loss: 0.68342
[  1, 13551] loss: 0.68280
[  1, 13601] loss: 0.68291
[  1, 13651] loss: 0.65294
[  1, 13701] loss: 0.63086
[  1, 13751] loss: 0.74511
[  1, 13801] loss: 0.79246
[  1, 13851] loss: 0.65399
[  1, 13901] loss: 0.71514
[  1, 13951] loss: 0.68206
[  1, 14001] loss: 0.70093
[  1, 14051] loss: 0.71881
[  1, 14101] loss: 0.79073
[  1, 14151] loss: 0.69095
[  1, 14201] loss: 0.73021
[  1, 14251] loss: 0.82210
[  1, 14301] loss: 0.68161
[  1, 14351] loss: 0.61983
[  1, 14401] loss: 0.71590
[  1, 14451] loss: 0.65493
[  1, 14501] loss: 0.64287
[  1, 14551] loss: 0.86629
[  1, 14601] loss: 0.74874
[  1, 14651] loss: 0.75560
[  1, 14701] loss: 0.77082
[  1, 14751] loss: 0.67464
[  1, 14801] loss: 0.91203
[  1, 14851] loss: 0.67227
[  1, 14901] loss: 0.72859
[  1, 14951] loss: 0.69699
[  1, 15001] loss: 0.78473
[  1, 15051] loss: 0.69624
[  1, 15101] loss: 0.57810
[  1, 15151] loss: 0.71372
[  1, 15201] loss: 0.70926
[  1, 15251] loss: 0.63130
[  1, 15301] loss: 0.73938
[  1, 15351] loss: 0.69221
[  1, 15401] loss: 0.62573
[  1, 15451] loss: 0.76347
[  1, 15501] loss: 0.76848
[  1, 15551] loss: 0.67874
[  1, 15601] loss: 0.71051
[  1, 15651] loss: 0.89568
[  1, 15701] loss: 0.81548
[  1, 15751] loss: 0.70575
[  1, 15801] loss: 0.68588
[  1, 15851] loss: 0.61153
[  1, 15901] loss: 0.53589
[  1, 15951] loss: 0.76174
[  1, 16001] loss: 0.54744
[  1, 16051] loss: 0.74393
[  1, 16101] loss: 0.65614
[  1, 16151] loss: 0.57970
[  1, 16201] loss: 0.61417
[  1, 16251] loss: 0.74529
[  1, 16301] loss: 0.56891
[  1, 16351] loss: 0.70420
[  1, 16401] loss: 0.67958
[  1, 16451] loss: 0.83472
[  1, 16501] loss: 0.72257
[  1, 16551] loss: 0.61038
[  1, 16601] loss: 0.57303
[  1, 16651] loss: 0.89748
[  1, 16701] loss: 0.65811
[  1, 16751] loss: 0.61117
[  1, 16801] loss: 0.71352
[  1, 16851] loss: 0.73640
[  1, 16901] loss: 0.72634
[  1, 16951] loss: 0.75369
[  1, 17001] loss: 0.71239
[  1, 17051] loss: 0.72059
[  1, 17101] loss: 0.61770
[  1, 17151] loss: 0.75553
[  1, 17201] loss: 0.72929
[  1, 17251] loss: 0.60789
[  1, 17301] loss: 0.63348
[  1, 17351] loss: 0.69305
[  1, 17401] loss: 0.86124
[  1, 17451] loss: 0.67722
[  1, 17501] loss: 0.85071
[  1, 17551] loss: 0.61598
[  1, 17601] loss: 0.71602
[  1, 17651] loss: 0.80343
[  1, 17701] loss: 0.69414
[  1, 17751] loss: 0.83262
[  1, 17801] loss: 0.74164
[  1, 17851] loss: 0.93448
[  1, 17901] loss: 0.79530
[  1, 17951] loss: 0.78100
[  1, 18001] loss: 0.89338
[  1, 18051] loss: 0.74473
[  1, 18101] loss: 0.65687
[  1, 18151] loss: 0.74541
[  1, 18201] loss: 0.86234
[  1, 18251] loss: 0.70706
[  1, 18301] loss: 0.71627
[  1, 18351] loss: 0.98719
[  1, 18401] loss: 0.84192
[  1, 18451] loss: 0.59827
[  1, 18501] loss: 0.63989
[  1, 18551] loss: 0.77899
[  1, 18601] loss: 0.94064
[  1, 18651] loss: 0.65389
[  1, 18701] loss: 0.71485
[  1, 18751] loss: 0.80400
[  1, 18801] loss: 0.71634
[  1, 18851] loss: 0.69456
[  1, 18901] loss: 0.70857
[  1, 18951] loss: 0.63259
[  1, 19001] loss: 0.75398
[  1, 19051] loss: 0.78549
[  1, 19101] loss: 0.82896
[  1, 19151] loss: 0.77804
[  1, 19201] loss: 0.71570
[  1, 19251] loss: 0.79306
[  1, 19301] loss: 0.89732
[  1, 19351] loss: 0.83164
[  1, 19401] loss: 0.71838
[  1, 19451] loss: 0.80012
[  1, 19501] loss: 0.61804
[  1, 19551] loss: 0.68870
[  1, 19601] loss: 0.67897
[  1, 19651] loss: 0.80576
[  1, 19701] loss: 0.61766
[  1, 19751] loss: 0.76582
[  1, 19801] loss: 0.65698
[  1, 19851] loss: 0.59371
[  1, 19901] loss: 0.61867
[  1, 19951] loss: 0.72746
[  1, 20001] loss: 0.64207
[  1, 20051] loss: 0.63640
[  1, 20101] loss: 0.83134
[  1, 20151] loss: 0.67433
[  1, 20201] loss: 0.65006
[  1, 20251] loss: 0.73690
[  1, 20301] loss: 0.63267
[  1, 20351] loss: 0.64658
[  1, 20401] loss: 0.74218
[  1, 20451] loss: 0.73802
[  1, 20501] loss: 0.76117
[  1, 20551] loss: 0.60037
[  1, 20601] loss: 0.79493
[  1, 20651] loss: 0.71474
[  1, 20701] loss: 0.57805
[  1, 20751] loss: 0.73026
[  1, 20801] loss: 0.70172
[  1, 20851] loss: 0.64221
[  1, 20901] loss: 0.76344
[  1, 20951] loss: 0.78833
[  1, 21001] loss: 0.73588
[  1, 21051] loss: 0.65112
[  1, 21101] loss: 0.66072
[  1, 21151] loss: 0.61885
[  1, 21201] loss: 0.52357
[  1, 21251] loss: 0.52060
[  1, 21301] loss: 0.66709
[  1, 21351] loss: 0.65848
[  1, 21401] loss: 0.68557
[  1, 21451] loss: 0.74597
[  1, 21501] loss: 0.60532
[  1, 21551] loss: 0.79551
[  1, 21601] loss: 0.77440
[  1, 21651] loss: 0.76134
[  1, 21701] loss: 0.58061
[  1, 21751] loss: 0.77627
[  1, 21801] loss: 0.63049
[  1, 21851] loss: 0.76053
[  1, 21901] loss: 0.62095
[  1, 21951] loss: 0.85283
[  1, 22001] loss: 0.82406
[  1, 22051] loss: 0.71595
[  1, 22101] loss: 0.68288
[  1, 22151] loss: 0.67483
[  1, 22201] loss: 0.50124
[  1, 22251] loss: 0.72093
[  1, 22301] loss: 0.58931
[  1, 22351] loss: 0.65945
[  1, 22401] loss: 0.66500
[  1, 22451] loss: 0.61520
[  1, 22501] loss: 0.64713
[  1, 22551] loss: 0.76210
[  1, 22601] loss: 0.52848
[  1, 22651] loss: 0.63135
[  1, 22701] loss: 0.65428
[  1, 22751] loss: 0.58153
[  1, 22801] loss: 0.73163
[  1, 22851] loss: 0.85737
[  1, 22901] loss: 0.57601
[  1, 22951] loss: 0.58290
[  1, 23001] loss: 0.66736
[  1, 23051] loss: 0.70619
[  1, 23101] loss: 0.62961
[  1, 23151] loss: 0.58977
[  1, 23201] loss: 0.69973
[  1, 23251] loss: 0.67561
[  1, 23301] loss: 0.70321
[  1, 23351] loss: 0.69048
[  1, 23401] loss: 0.71989
[  1, 23451] loss: 0.80338
[  1, 23501] loss: 0.70169
[  1, 23551] loss: 0.70904
[  1, 23601] loss: 0.80751
[  1, 23651] loss: 0.67764
[  1, 23701] loss: 0.69624
[  1, 23751] loss: 0.78774
[  1, 23801] loss: 0.61451
[  1, 23851] loss: 0.79317
[  1, 23901] loss: 0.76576
[  1, 23951] loss: 0.67141
[  1, 24001] loss: 0.72078
[  1, 24051] loss: 0.73613
[  1, 24101] loss: 0.76828
[  1, 24151] loss: 0.56911
[  1, 24201] loss: 0.65918
[  1, 24251] loss: 0.68360
[  1, 24301] loss: 0.68237
[  1, 24351] loss: 0.75762
[  1, 24401] loss: 0.62537
[  1, 24451] loss: 0.60441
[  1, 24501] loss: 0.64299
[  1, 24551] loss: 0.76254
[  1, 24601] loss: 0.79676
[  1, 24651] loss: 0.56057
[  1, 24701] loss: 0.69793
[  1, 24751] loss: 0.58644
[  1, 24801] loss: 0.71216
[  1, 24851] loss: 0.79752
[  1, 24901] loss: 0.57420
[  1, 24951] loss: 0.68532
[  2,     1] loss: 0.38038
[  2,    51] loss: 0.75175
[  2,   101] loss: 0.46419
[  2,   151] loss: 0.47894
[  2,   201] loss: 0.54111
[  2,   251] loss: 0.54610
[  2,   301] loss: 0.57862
[  2,   351] loss: 0.59431
[  2,   401] loss: 0.50595
[  2,   451] loss: 0.47571
[  2,   501] loss: 0.45782
[  2,   551] loss: 0.61708
[  2,   601] loss: 0.63817
[  2,   651] loss: 0.62493
[  2,   701] loss: 0.68269
[  2,   751] loss: 0.63833
[  2,   801] loss: 0.60874
[  2,   851] loss: 0.58492
[  2,   901] loss: 0.57938
[  2,   951] loss: 0.83713
[  2,  1001] loss: 0.57293
[  2,  1051] loss: 0.60027
[  2,  1101] loss: 0.67133
[  2,  1151] loss: 0.82408
[  2,  1201] loss: 0.62313
[  2,  1251] loss: 0.44876
[  2,  1301] loss: 0.50852
[  2,  1351] loss: 0.58068
[  2,  1401] loss: 0.60698
[  2,  1451] loss: 0.60832
[  2,  1501] loss: 0.57021
[  2,  1551] loss: 0.58534
[  2,  1601] loss: 0.54245
[  2,  1651] loss: 0.55705
[  2,  1701] loss: 0.56733
[  2,  1751] loss: 0.51753
[  2,  1801] loss: 0.50845
[  2,  1851] loss: 0.55480
[  2,  1901] loss: 0.48983
[  2,  1951] loss: 0.48306
[  2,  2001] loss: 0.52249
[  2,  2051] loss: 0.44564
[  2,  2101] loss: 0.50684
[  2,  2151] loss: 0.41154
[  2,  2201] loss: 0.52259
[  2,  2251] loss: 0.52956
[  2,  2301] loss: 0.55507
[  2,  2351] loss: 0.51688
[  2,  2401] loss: 0.47192
[  2,  2451] loss: 0.49053
[  2,  2501] loss: 0.47755
[  2,  2551] loss: 0.43221
[  2,  2601] loss: 0.54129
[  2,  2651] loss: 0.55027
[  2,  2701] loss: 0.37652
[  2,  2751] loss: 0.43881
[  2,  2801] loss: 0.55835
[  2,  2851] loss: 0.38190
[  2,  2901] loss: 0.41990
[  2,  2951] loss: 0.40682
[  2,  3001] loss: 0.47818
[  2,  3051] loss: 0.41286
[  2,  3101] loss: 0.40014
[  2,  3151] loss: 0.54541
[  2,  3201] loss: 0.50114
[  2,  3251] loss: 0.40037
[  2,  3301] loss: 0.59718
[  2,  3351] loss: 0.57560
[  2,  3401] loss: 0.37585
[  2,  3451] loss: 0.37379
[  2,  3501] loss: 0.69404
[  2,  3551] loss: 0.55837
[  2,  3601] loss: 0.48577
[  2,  3651] loss: 0.39602
[  2,  3701] loss: 0.84880
[  2,  3751] loss: 0.64037
[  2,  3801] loss: 0.42193
[  2,  3851] loss: 0.46431
[  2,  3901] loss: 0.76112
[  2,  3951] loss: 0.62118
[  2,  4001] loss: 0.55715
[  2,  4051] loss: 0.55575
[  2,  4101] loss: 0.69001
[  2,  4151] loss: 1.04074
[  2,  4201] loss: 0.43508
[  2,  4251] loss: 0.31483
[  2,  4301] loss: 0.77636
[  2,  4351] loss: 0.76768
[  2,  4401] loss: 0.59765
[  2,  4451] loss: 0.51108
[  2,  4501] loss: 0.48802
[  2,  4551] loss: 0.83979
[  2,  4601] loss: 0.58941
[  2,  4651] loss: 0.42838
[  2,  4701] loss: 0.34644
[  2,  4751] loss: 0.62601
[  2,  4801] loss: 0.62769
[  2,  4851] loss: 0.48395
[  2,  4901] loss: 0.37087
[  2,  4951] loss: 0.52885
[  2,  5001] loss: 0.50830
[  2,  5051] loss: 0.53349
[  2,  5101] loss: 0.44019
[  2,  5151] loss: 0.37498
[  2,  5201] loss: 0.43496
[  2,  5251] loss: 0.37034
[  2,  5301] loss: 0.37968
[  2,  5351] loss: 0.34583
[  2,  5401] loss: 0.32913
[  2,  5451] loss: 0.47400
[  2,  5501] loss: 0.44585
[  2,  5551] loss: 0.36938
[  2,  5601] loss: 0.35304
[  2,  5651] loss: 0.31659
[  2,  5701] loss: 0.32874
[  2,  5751] loss: 0.30357
[  2,  5801] loss: 0.30962
[  2,  5851] loss: 0.25751
[  2,  5901] loss: 0.37750
[  2,  5951] loss: 0.34628
[  2,  6001] loss: 0.33304
[  2,  6051] loss: 0.31689
[  2,  6101] loss: 0.32714
[  2,  6151] loss: 0.29178
[  2,  6201] loss: 0.39909
[  2,  6251] loss: 0.34321
[  2,  6301] loss: 0.32310
[  2,  6351] loss: 0.28234
[  2,  6401] loss: 0.20911
[  2,  6451] loss: 0.33744
[  2,  6501] loss: 0.36333
[  2,  6551] loss: 0.31455
[  2,  6601] loss: 0.27473
[  2,  6651] loss: 0.28382
[  2,  6701] loss: 0.34110
[  2,  6751] loss: 0.26462
[  2,  6801] loss: 0.21798
[  2,  6851] loss: 0.32168
[  2,  6901] loss: 0.24341
[  2,  6951] loss: 0.23603
[  2,  7001] loss: 0.29285
[  2,  7051] loss: 0.27407
[  2,  7101] loss: 0.28560
[  2,  7151] loss: 0.21867
[  2,  7201] loss: 0.37574
[  2,  7251] loss: 0.41854
[  2,  7301] loss: 0.24669
[  2,  7351] loss: 0.29820
[  2,  7401] loss: 0.68500
[  2,  7451] loss: 0.79693
[  2,  7501] loss: 0.33044
[  2,  7551] loss: 0.23134
[  2,  7601] loss: 0.55352
[  2,  7651] loss: 0.85064
[  2,  7701] loss: 0.51426
[  2,  7751] loss: 0.20379
[  2,  7801] loss: 0.42636
[  2,  7851] loss: 0.49026
[  2,  7901] loss: 0.33721
[  2,  7951] loss: 0.44197
[  2,  8001] loss: 0.43519
[  2,  8051] loss: 0.60315
[  2,  8101] loss: 0.24371
[  2,  8151] loss: 0.23214
[  2,  8201] loss: 0.46640
[  2,  8251] loss: 0.44438
[  2,  8301] loss: 0.28021
[  2,  8351] loss: 0.26769
[  2,  8401] loss: 0.54148
[  2,  8451] loss: 0.54564
[  2,  8501] loss: 0.22551
[  2,  8551] loss: 0.25497
[  2,  8601] loss: 0.36263
[  2,  8651] loss: 0.61915
[  2,  8701] loss: 0.41757
[  2,  8751] loss: 0.28004
[  2,  8801] loss: 0.20607
[  2,  8851] loss: 0.44647
[  2,  8901] loss: 0.35591
[  2,  8951] loss: 0.17407
[  2,  9001] loss: 0.14007
[  2,  9051] loss: 0.15699
[  2,  9101] loss: 0.22720
[  2,  9151] loss: 0.17234
[  2,  9201] loss: 0.25947
[  2,  9251] loss: 0.19256
[  2,  9301] loss: 0.18563
[  2,  9351] loss: 0.15161
[  2,  9401] loss: 0.19704
[  2,  9451] loss: 0.17219
[  2,  9501] loss: 0.17375
[  2,  9551] loss: 0.25449
[  2,  9601] loss: 0.20089
[  2,  9651] loss: 0.18012
[  2,  9701] loss: 0.26272
[  2,  9751] loss: 0.37719
[  2,  9801] loss: 0.28515
[  2,  9851] loss: 0.18134
[  2,  9901] loss: 0.27969
[  2,  9951] loss: 0.36677
[  2, 10001] loss: 0.34570
[  2, 10051] loss: 0.22228
[  2, 10101] loss: 0.15392
[  2, 10151] loss: 0.29637
[  2, 10201] loss: 0.37131
[  2, 10251] loss: 0.16545
[  2, 10301] loss: 0.15523
[  2, 10351] loss: 0.35458
[  2, 10401] loss: 0.24506
[  2, 10451] loss: 0.16177
[  2, 10501] loss: 0.29791
[  2, 10551] loss: 0.31490
[  2, 10601] loss: 0.14141
[  2, 10651] loss: 0.31911
[  2, 10701] loss: 0.23622
[  2, 10751] loss: 0.30908
[  2, 10801] loss: 0.13819
[  2, 10851] loss: 0.39564
[  2, 10901] loss: 0.23430
[  2, 10951] loss: 0.14494
[  2, 11001] loss: 0.22354
[  2, 11051] loss: 0.27813
[  2, 11101] loss: 0.15272
[  2, 11151] loss: 0.23466
[  2, 11201] loss: 0.31332
[  2, 11251] loss: 0.35725
[  2, 11301] loss: 0.30685
[  2, 11351] loss: 0.29975
[  2, 11401] loss: 0.30716
[  2, 11451] loss: 0.58915
[  2, 11501] loss: 0.15826
[  2, 11551] loss: 0.17584
[  2, 11601] loss: 0.19869
[  2, 11651] loss: 0.48488
[  2, 11701] loss: 0.12334
[  2, 11751] loss: 0.14340
[  2, 11801] loss: 0.12818
[  2, 11851] loss: 0.17640
[  2, 11901] loss: 0.12171
[  2, 11951] loss: 0.15784
[  2, 12001] loss: 0.13620
[  2, 12051] loss: 0.20811
[  2, 12101] loss: 0.15360
[  2, 12151] loss: 0.18850
[  2, 12201] loss: 0.15556
[  2, 12251] loss: 0.15812
[  2, 12301] loss: 0.13417
[  2, 12351] loss: 0.14176
[  2, 12401] loss: 0.23704
[  2, 12451] loss: 0.32479
[  2, 12501] loss: 0.35507
[  2, 12551] loss: 0.46014
[  2, 12601] loss: 0.16240
[  2, 12651] loss: 0.37007
[  2, 12701] loss: 0.55814
[  2, 12751] loss: 0.47845
[  2, 12801] loss: 0.17883
[  2, 12851] loss: 0.22413
[  2, 12901] loss: 0.36616
[  2, 12951] loss: 0.44147
[  2, 13001] loss: 0.23835
[  2, 13051] loss: 0.06984
[  2, 13101] loss: 0.21012
[  2, 13151] loss: 0.30714
[  2, 13201] loss: 0.15869
[  2, 13251] loss: 0.14825
[  2, 13301] loss: 0.16305
[  2, 13351] loss: 0.14024
[  2, 13401] loss: 0.11016
[  2, 13451] loss: 0.13817
[  2, 13501] loss: 0.18111
[  2, 13551] loss: 0.23514
[  2, 13601] loss: 0.17920
[  2, 13651] loss: 0.11748
[  2, 13701] loss: 0.19493
[  2, 13751] loss: 0.32630
[  2, 13801] loss: 0.34645
[  2, 13851] loss: 0.13613
[  2, 13901] loss: 0.21002
[  2, 13951] loss: 0.34441
[  2, 14001] loss: 0.36891
[  2, 14051] loss: 0.14002
[  2, 14101] loss: 0.34063
[  2, 14151] loss: 0.26123
[  2, 14201] loss: 0.23619
[  2, 14251] loss: 0.10427
[  2, 14301] loss: 0.22443
[  2, 14351] loss: 0.13732
[  2, 14401] loss: 0.15203
[  2, 14451] loss: 0.10806
[  2, 14501] loss: 0.12240
[  2, 14551] loss: 0.13840
[  2, 14601] loss: 0.21098
[  2, 14651] loss: 0.13141
[  2, 14701] loss: 0.13615
[  2, 14751] loss: 0.16357
[  2, 14801] loss: 0.08367
[  2, 14851] loss: 0.12611
[  2, 14901] loss: 0.54796
[  2, 14951] loss: 0.34619
[  2, 15001] loss: 0.26085
[  2, 15051] loss: 0.09333
[  2, 15101] loss: 0.20978
[  2, 15151] loss: 0.27394
[  2, 15201] loss: 0.26423
[  2, 15251] loss: 0.13846
[  2, 15301] loss: 0.08819
[  2, 15351] loss: 0.15580
[  2, 15401] loss: 0.07000
[  2, 15451] loss: 0.15265
[  2, 15501] loss: 0.55247
[  2, 15551] loss: 0.11201
[  2, 15601] loss: 0.29598
[  2, 15651] loss: 0.22515
[  2, 15701] loss: 0.13618
[  2, 15751] loss: 0.11416
[  2, 15801] loss: 0.26901
[  2, 15851] loss: 0.61129
[  2, 15901] loss: 0.33043
[  2, 15951] loss: 0.10980
[  2, 16001] loss: 0.16619
[  2, 16051] loss: 0.59650
[  2, 16101] loss: 0.44538
[  2, 16151] loss: 0.26219
[  2, 16201] loss: 0.05712
[  2, 16251] loss: 0.12545
[  2, 16301] loss: 0.13735
[  2, 16351] loss: 0.12240
[  2, 16401] loss: 0.48809
[  2, 16451] loss: 0.21619
[  2, 16501] loss: 0.11298
[  2, 16551] loss: 0.09731
[  2, 16601] loss: 0.07685
[  2, 16651] loss: 0.27541
[  2, 16701] loss: 0.11300
[  2, 16751] loss: 0.14001
[  2, 16801] loss: 0.10584
[  2, 16851] loss: 0.12794
[  2, 16901] loss: 0.15372
[  2, 16951] loss: 0.14211
[  2, 17001] loss: 0.12130
[  2, 17051] loss: 0.11103
[  2, 17101] loss: 0.09515
[  2, 17151] loss: 0.15554
[  2, 17201] loss: 0.06041
[  2, 17251] loss: 0.07811
[  2, 17301] loss: 0.11048
[  2, 17351] loss: 0.13390
[  2, 17401] loss: 0.09873
[  2, 17451] loss: 0.10327
[  2, 17501] loss: 0.09139
[  2, 17551] loss: 0.20621
[  2, 17601] loss: 0.33864
[  2, 17651] loss: 0.07880
[  2, 17701] loss: 0.16124
[  2, 17751] loss: 0.29775
[  2, 17801] loss: 0.41751
[  2, 17851] loss: 0.24684
[  2, 17901] loss: 0.17735
[  2, 17951] loss: 0.51983
[  2, 18001] loss: 0.39266
[  2, 18051] loss: 0.11436
[  2, 18101] loss: 0.48633
[  2, 18151] loss: 0.44783
[  2, 18201] loss: 0.52728
[  2, 18251] loss: 0.31950
[  2, 18301] loss: 0.09604
[  2, 18351] loss: 0.39706
[  2, 18401] loss: 0.32468
[  2, 18451] loss: 0.09514
[  2, 18501] loss: 0.08252
[  2, 18551] loss: 0.23355
[  2, 18601] loss: 0.18668
[  2, 18651] loss: 0.09595
[  2, 18701] loss: 0.12074
[  2, 18751] loss: 0.14314
[  2, 18801] loss: 0.15003
[  2, 18851] loss: 0.08704
[  2, 18901] loss: 0.11553
[  2, 18951] loss: 0.09567
[  2, 19001] loss: 0.05392
[  2, 19051] loss: 0.08949
[  2, 19101] loss: 0.11100
[  2, 19151] loss: 0.08472
[  2, 19201] loss: 0.16821
[  2, 19251] loss: 0.62623
[  2, 19301] loss: 0.25655
[  2, 19351] loss: 0.10069
[  2, 19401] loss: 0.10677
[  2, 19451] loss: 0.58539
[  2, 19501] loss: 0.29683
[  2, 19551] loss: 0.13353
[  2, 19601] loss: 0.07094
[  2, 19651] loss: 0.09386
[  2, 19701] loss: 0.22342
[  2, 19751] loss: 0.63898
[  2, 19801] loss: 0.16733
[  2, 19851] loss: 0.08549
[  2, 19901] loss: 0.08010
[  2, 19951] loss: 0.06102
[  2, 20001] loss: 0.07630
[  2, 20051] loss: 0.07477
[  2, 20101] loss: 0.13756
[  2, 20151] loss: 0.13559
[  2, 20201] loss: 0.17356
[  2, 20251] loss: 0.07633
[  2, 20301] loss: 0.05362
[  2, 20351] loss: 0.13769
[  2, 20401] loss: 0.27570
[  2, 20451] loss: 0.15759
[  2, 20501] loss: 0.16491
[  2, 20551] loss: 0.34853
[  2, 20601] loss: 0.14107
[  2, 20651] loss: 0.17557
[  2, 20701] loss: 0.25846
[  2, 20751] loss: 0.07578
[  2, 20801] loss: 0.06726
[  2, 20851] loss: 0.16064
[  2, 20901] loss: 0.18822
[  2, 20951] loss: 0.13156
[  2, 21001] loss: 0.06504
[  2, 21051] loss: 0.04840
[  2, 21101] loss: 0.11713
[  2, 21151] loss: 0.42759
[  2, 21201] loss: 0.09426
[  2, 21251] loss: 0.09193
[  2, 21301] loss: 0.08423
[  2, 21351] loss: 0.08662
[  2, 21401] loss: 0.05393
[  2, 21451] loss: 0.10927
[  2, 21501] loss: 0.10231
[  2, 21551] loss: 0.12332
[  2, 21601] loss: 0.07190
[  2, 21651] loss: 0.08080
[  2, 21701] loss: 0.08394
[  2, 21751] loss: 0.05956
[  2, 21801] loss: 0.06794
[  2, 21851] loss: 0.16808
[  2, 21901] loss: 0.06312
[  2, 21951] loss: 0.05873
[  2, 22001] loss: 0.08255
[  2, 22051] loss: 0.08650
[  2, 22101] loss: 0.03945
[  2, 22151] loss: 0.07933
[  2, 22201] loss: 0.12779
[  2, 22251] loss: 0.13225
[  2, 22301] loss: 0.10422
[  2, 22351] loss: 0.07436
[  2, 22401] loss: 0.13019
[  2, 22451] loss: 0.06297
[  2, 22501] loss: 0.05741
[  2, 22551] loss: 0.05034
[  2, 22601] loss: 0.06026
[  2, 22651] loss: 0.07263
[  2, 22701] loss: 0.07607
[  2, 22751] loss: 0.08536
[  2, 22801] loss: 0.08717
[  2, 22851] loss: 0.11584
[  2, 22901] loss: 0.05496
[  2, 22951] loss: 0.08222
[  2, 23001] loss: 0.10070
[  2, 23051] loss: 0.15350
[  2, 23101] loss: 0.06689
[  2, 23151] loss: 0.05741
[  2, 23201] loss: 0.09908
[  2, 23251] loss: 0.12060
[  2, 23301] loss: 0.15085
[  2, 23351] loss: 0.06105
[  2, 23401] loss: 0.08857
[  2, 23451] loss: 0.08930
[  2, 23501] loss: 0.04632
[  2, 23551] loss: 0.10201
[  2, 23601] loss: 0.06382
[  2, 23651] loss: 0.07529
[  2, 23701] loss: 0.12650
[  2, 23751] loss: 0.61227
[  2, 23801] loss: 0.04173
[  2, 23851] loss: 0.10971
[  2, 23901] loss: 0.11160
[  2, 23951] loss: 0.09962
[  2, 24001] loss: 0.06578
[  2, 24051] loss: 0.67636
[  2, 24101] loss: 0.09475
[  2, 24151] loss: 0.17916
[  2, 24201] loss: 0.20816
[  2, 24251] loss: 0.27060
[  2, 24301] loss: 0.10213
[  2, 24351] loss: 0.05815
[  2, 24401] loss: 0.07465
[  2, 24451] loss: 0.12584
[  2, 24501] loss: 0.07371
[  2, 24551] loss: 0.10420
[  2, 24601] loss: 0.08900
[  2, 24651] loss: 0.03493
[  2, 24701] loss: 0.07472
[  2, 24751] loss: 0.29918
[  2, 24801] loss: 0.17763
[  2, 24851] loss: 0.11195
[  2, 24901] loss: 0.07318
[  2, 24951] loss: 0.14751
[  3,     1] loss: 0.26795
[  3,    51] loss: 0.16664
[  3,   101] loss: 0.09961
[  3,   151] loss: 0.05502
[  3,   201] loss: 0.11191
[  3,   251] loss: 0.32661
[  3,   301] loss: 0.32480
[  3,   351] loss: 0.08682
[  3,   401] loss: 0.06623
[  3,   451] loss: 0.30101
[  3,   501] loss: 0.46599
[  3,   551] loss: 0.20949
[  3,   601] loss: 0.03896
[  3,   651] loss: 0.07858
[  3,   701] loss: 0.35752
[  3,   751] loss: 0.50050
[  3,   801] loss: 0.14174
[  3,   851] loss: 0.06271
[  3,   901] loss: 0.37243
[  3,   951] loss: 0.47954
[  3,  1001] loss: 0.22430
[  3,  1051] loss: 0.05344
[  3,  1101] loss: 0.73398
[  3,  1151] loss: 0.46714
[  3,  1201] loss: 0.34668
[  3,  1251] loss: 0.06589
[  3,  1301] loss: 0.30797
[  3,  1351] loss: 0.46461
[  3,  1401] loss: 0.44898
[  3,  1451] loss: 0.08711
[  3,  1501] loss: 0.28208
[  3,  1551] loss: 0.07839
[  3,  1601] loss: 0.08278
[  3,  1651] loss: 0.49124
[  3,  1701] loss: 0.07458
[  3,  1751] loss: 0.04102
[  3,  1801] loss: 0.08306
[  3,  1851] loss: 0.09085
[  3,  1901] loss: 0.05076
[  3,  1951] loss: 0.09029
[  3,  2001] loss: 0.06514
[  3,  2051] loss: 0.06967
[  3,  2101] loss: 0.11978
[  3,  2151] loss: 0.12777
[  3,  2201] loss: 0.05951
[  3,  2251] loss: 0.06133
[  3,  2301] loss: 0.63250
[  3,  2351] loss: 0.11490
[  3,  2401] loss: 0.14984
[  3,  2451] loss: 0.05880
[  3,  2501] loss: 0.07897
[  3,  2551] loss: 0.04449
[  3,  2601] loss: 0.04850
[  3,  2651] loss: 0.06820
[  3,  2701] loss: 0.05424
[  3,  2751] loss: 0.02708
[  3,  2801] loss: 0.01702
[  3,  2851] loss: 0.04081
[  3,  2901] loss: 0.06555
[  3,  2951] loss: 0.06734
[  3,  3001] loss: 0.02836
[  3,  3051] loss: 0.02980
[  3,  3101] loss: 0.10539
[  3,  3151] loss: 0.05818
[  3,  3201] loss: 0.04021
[  3,  3251] loss: 0.09369
[  3,  3301] loss: 0.04405
[  3,  3351] loss: 0.04323
[  3,  3401] loss: 0.02413
[  3,  3451] loss: 0.09989
[  3,  3501] loss: 0.08764
[  3,  3551] loss: 0.05115
[  3,  3601] loss: 0.05331
[  3,  3651] loss: 0.30896
[  3,  3701] loss: 0.12125
[  3,  3751] loss: 0.08089
[  3,  3801] loss: 0.03052
[  3,  3851] loss: 0.48181
[  3,  3901] loss: 0.46612
[  3,  3951] loss: 0.19137
[  3,  4001] loss: 0.02481
[  3,  4051] loss: 0.48998
[  3,  4101] loss: 1.04959
[  3,  4151] loss: 0.98975
[  3,  4201] loss: 0.03927
[  3,  4251] loss: 0.47752
[  3,  4301] loss: 0.84127
[  3,  4351] loss: 0.95293
[  3,  4401] loss: 0.15872
[  3,  4451] loss: 0.38527
[  3,  4501] loss: 1.23440
[  3,  4551] loss: 0.83768
[  3,  4601] loss: 0.48404
[  3,  4651] loss: 0.29866
[  3,  4701] loss: 0.51832
[  3,  4751] loss: 0.93912
[  3,  4801] loss: 0.62063
[  3,  4851] loss: 0.09555
[  3,  4901] loss: 0.10160
[  3,  4951] loss: 1.37119
[  3,  5001] loss: 1.08367
[  3,  5051] loss: 0.35795
[  3,  5101] loss: 0.02393
[  3,  5151] loss: 0.54331
[  3,  5201] loss: 1.31852
[  3,  5251] loss: 1.24884
[  3,  5301] loss: 0.08346
[  3,  5351] loss: 0.05646
[  3,  5401] loss: 0.58347
[  3,  5451] loss: 0.88548
[  3,  5501] loss: 1.17972
[  3,  5551] loss: 0.65990
[  3,  5601] loss: 0.06016
[  3,  5651] loss: 0.11725
[  3,  5701] loss: 0.42569
[  3,  5751] loss: 0.54834
[  3,  5801] loss: 0.63654
[  3,  5851] loss: 0.06638
[  3,  5901] loss: 0.18112
[  3,  5951] loss: 0.07420
[  3,  6001] loss: 0.18619
[  3,  6051] loss: 0.24715
[  3,  6101] loss: 0.63818
[  3,  6151] loss: 0.14872
[  3,  6201] loss: 0.31616
[  3,  6251] loss: 0.14391
[  3,  6301] loss: 0.31156
[  3,  6351] loss: 0.29393
[  3,  6401] loss: 0.09855
[  3,  6451] loss: 0.05170
[  3,  6501] loss: 0.08947
[  3,  6551] loss: 0.32521
[  3,  6601] loss: 0.03389
[  3,  6651] loss: 0.02235
[  3,  6701] loss: 0.01516
[  3,  6751] loss: 0.05254
[  3,  6801] loss: 0.20521
[  3,  6851] loss: 0.10488
[  3,  6901] loss: 0.07077
[  3,  6951] loss: 0.04713
[  3,  7001] loss: 0.09325
[  3,  7051] loss: 0.06361
[  3,  7101] loss: 0.09039
[  3,  7151] loss: 0.03264
[  3,  7201] loss: 0.02371
[  3,  7251] loss: 0.03626
[  3,  7301] loss: 0.16466
[  3,  7351] loss: 0.19943
[  3,  7401] loss: 0.10764
[  3,  7451] loss: 0.01869
[  3,  7501] loss: 0.15098
[  3,  7551] loss: 1.09836
[  3,  7601] loss: 0.70821
[  3,  7651] loss: 0.20902
[  3,  7701] loss: 0.03404
[  3,  7751] loss: 0.26555
[  3,  7801] loss: 1.12161
[  3,  7851] loss: 1.18101
[  3,  7901] loss: 0.67706
[  3,  7951] loss: 0.74583
[  3,  8001] loss: 0.35666
[  3,  8051] loss: 0.58868
[  3,  8101] loss: 0.63991
[  3,  8151] loss: 0.20574
[  3,  8201] loss: 0.01565
[  3,  8251] loss: 0.01509
[  3,  8301] loss: 0.03776
[  3,  8351] loss: 0.05375
[  3,  8401] loss: 0.04423
[  3,  8451] loss: 0.04071
[  3,  8501] loss: 0.31627
[  3,  8551] loss: 0.65998
[  3,  8601] loss: 0.27029
[  3,  8651] loss: 0.07827
[  3,  8701] loss: 0.17047
[  3,  8751] loss: 0.79478
[  3,  8801] loss: 0.97290
[  3,  8851] loss: 1.04462
[  3,  8901] loss: 0.24308
[  3,  8951] loss: 0.04912
[  3,  9001] loss: 0.39561
[  3,  9051] loss: 1.36620
[  3,  9101] loss: 1.18481
[  3,  9151] loss: 0.98797
[  3,  9201] loss: 0.06670
[  3,  9251] loss: 0.22010
[  3,  9301] loss: 1.16043
[  3,  9351] loss: 1.65444
[  3,  9401] loss: 1.56483
[  3,  9451] loss: 0.52362
[  3,  9501] loss: 0.05522
[  3,  9551] loss: 0.20994
[  3,  9601] loss: 1.10832
[  3,  9651] loss: 1.63949
[  3,  9701] loss: 1.06427
[  3,  9751] loss: 0.58627
[  3,  9801] loss: 0.02622
[  3,  9851] loss: 0.47476
[  3,  9901] loss: 0.93553
[  3,  9951] loss: 1.00032
[  3, 10001] loss: 0.70099
[  3, 10051] loss: 0.46017
[  3, 10101] loss: 0.02408
[  3, 10151] loss: 0.32306
[  3, 10201] loss: 0.71845
[  3, 10251] loss: 0.69254
[  3, 10301] loss: 0.37262
[  3, 10351] loss: 0.08968
[  3, 10401] loss: 0.04939
[  3, 10451] loss: 0.13890
[  3, 10501] loss: 0.21092
[  3, 10551] loss: 0.28897
[  3, 10601] loss: 0.48368
[  3, 10651] loss: 0.55952
[  3, 10701] loss: 0.13336
[  3, 10751] loss: 0.05549
[  3, 10801] loss: 0.19920
[  3, 10851] loss: 0.60260
[  3, 10901] loss: 0.43614
[  3, 10951] loss: 0.48430
[  3, 11001] loss: 0.08689
[  3, 11051] loss: 0.18830
[  3, 11101] loss: 0.12756
[  3, 11151] loss: 0.19148
[  3, 11201] loss: 0.07812
[  3, 11251] loss: 0.09791
[  3, 11301] loss: 0.18383
[  3, 11351] loss: 1.07015
[  3, 11401] loss: 0.30597
[  3, 11451] loss: 0.05029
[  3, 11501] loss: 0.07458
[  3, 11551] loss: 0.58694
[  3, 11601] loss: 0.86125
[  3, 11651] loss: 0.39984
[  3, 11701] loss: 0.07297
[  3, 11751] loss: 0.05355
[  3, 11801] loss: 0.20490
[  3, 11851] loss: 0.54925
[  3, 11901] loss: 0.28995
[  3, 11951] loss: 0.29850
[  3, 12001] loss: 0.08613
[  3, 12051] loss: 0.27870
[  3, 12101] loss: 0.28049
[  3, 12151] loss: 0.26861
[  3, 12201] loss: 0.11174
[  3, 12251] loss: 0.14343
[  3, 12301] loss: 0.05299
[  3, 12351] loss: 0.05560
[  3, 12401] loss: 0.15507
[  3, 12451] loss: 0.11594
[  3, 12501] loss: 0.07126
[  3, 12551] loss: 0.55931
[  3, 12601] loss: 0.14514
[  3, 12651] loss: 0.15530
[  3, 12701] loss: 0.18785
[  3, 12751] loss: 0.11700
[  3, 12801] loss: 0.27705
[  3, 12851] loss: 0.20892
[  3, 12901] loss: 0.32307
[  3, 12951] loss: 0.23450
[  3, 13001] loss: 0.07886
[  3, 13051] loss: 0.18538
[  3, 13101] loss: 0.30925
[  3, 13151] loss: 0.53592
[  3, 13201] loss: 0.14672
[  3, 13251] loss: 0.03910
[  3, 13301] loss: 0.21604
[  3, 13351] loss: 0.27385
[  3, 13401] loss: 0.43285
[  3, 13451] loss: 0.19784
[  3, 13501] loss: 0.10884
[  3, 13551] loss: 0.06166
[  3, 13601] loss: 0.15868
[  3, 13651] loss: 0.50352
[  3, 13701] loss: 0.38556
[  3, 13751] loss: 0.24832
[  3, 13801] loss: 0.04923
[  3, 13851] loss: 0.15554
[  3, 13901] loss: 0.43038
[  3, 13951] loss: 0.42778
[  3, 14001] loss: 0.44164
[  3, 14051] loss: 0.15751
[  3, 14101] loss: 0.71013
[  3, 14151] loss: 0.16911
[  3, 14201] loss: 0.38821
[  3, 14251] loss: 0.55357
[  3, 14301] loss: 0.44850
[  3, 14351] loss: 0.03619
[  3, 14401] loss: 0.07498
[  3, 14451] loss: 0.11105
[  3, 14501] loss: 0.08659
[  3, 14551] loss: 0.08118
[  3, 14601] loss: 0.34828
[  3, 14651] loss: 0.07479
[  3, 14701] loss: 0.04439
[  3, 14751] loss: 0.05891
[  3, 14801] loss: 0.08188
[  3, 14851] loss: 0.11019
[  3, 14901] loss: 0.51459
[  3, 14951] loss: 0.08724
[  3, 15001] loss: 0.04494
[  3, 15051] loss: 0.13690
[  3, 15101] loss: 0.16296
[  3, 15151] loss: 0.13987
[  3, 15201] loss: 0.11036
[  3, 15251] loss: 0.04407
[  3, 15301] loss: 0.18686
[  3, 15351] loss: 0.51183
[  3, 15401] loss: 0.58952
[  3, 15451] loss: 0.15821
[  3, 15501] loss: 0.96852
[  3, 15551] loss: 0.14960
[  3, 15601] loss: 0.20462
[  3, 15651] loss: 0.20153
[  3, 15701] loss: 1.00039
[  3, 15751] loss: 0.78776
[  3, 15801] loss: 0.21833
[  3, 15851] loss: 0.01653
[  3, 15901] loss: 0.12358
[  3, 15951] loss: 1.91157
[  3, 16001] loss: 1.78604
[  3, 16051] loss: 1.40994
[  3, 16101] loss: 0.16004
[  3, 16151] loss: 0.06746
[  3, 16201] loss: 0.95585
[  3, 16251] loss: 2.20891
[  3, 16301] loss: 1.57424
[  3, 16351] loss: 1.24127
[  3, 16401] loss: 0.66865
[  3, 16451] loss: 0.17832
[  3, 16501] loss: 0.94620
[  3, 16551] loss: 0.80197
[  3, 16601] loss: 1.68683
[  3, 16651] loss: 0.66601
[  3, 16701] loss: 0.10112
[  3, 16751] loss: 0.09369
[  3, 16801] loss: 0.25992
[  3, 16851] loss: 1.09669
[  3, 16901] loss: 1.61579
[  3, 16951] loss: 1.16834
[  3, 17001] loss: 0.24423
[  3, 17051] loss: 0.10925
[  3, 17101] loss: 0.52393
[  3, 17151] loss: 1.68773
[  3, 17201] loss: 0.90356
[  3, 17251] loss: 0.27713
[  3, 17301] loss: 0.15934
[  3, 17351] loss: 0.08108
[  3, 17401] loss: 0.24426
[  3, 17451] loss: 0.38649
[  3, 17501] loss: 0.53212
[  3, 17551] loss: 0.11472
[  3, 17601] loss: 0.05784
[  3, 17651] loss: 0.25687
[  3, 17701] loss: 0.11207
[  3, 17751] loss: 0.09162
[  3, 17801] loss: 0.07530
[  3, 17851] loss: 0.71233
[  3, 17901] loss: 0.81344
[  3, 17951] loss: 0.13096
[  3, 18001] loss: 0.18120
[  3, 18051] loss: 0.11560
[  3, 18101] loss: 0.72041
[  3, 18151] loss: 0.21019
[  3, 18201] loss: 0.38161
[  3, 18251] loss: 0.73032
[  3, 18301] loss: 0.12878
[  3, 18351] loss: 0.03624
[  3, 18401] loss: 0.26691
[  3, 18451] loss: 0.11186
[  3, 18501] loss: 0.12336
[  3, 18551] loss: 0.05582
[  3, 18601] loss: 0.04396
[  3, 18651] loss: 0.08500
[  3, 18701] loss: 0.11954
[  3, 18751] loss: 0.10409
[  3, 18801] loss: 0.06082
[  3, 18851] loss: 0.09781
[  3, 18901] loss: 0.14771
[  3, 18951] loss: 0.24725
[  3, 19001] loss: 0.38692
[  3, 19051] loss: 0.13779
[  3, 19101] loss: 0.05981
[  3, 19151] loss: 0.12004
[  3, 19201] loss: 0.34319
[  3, 19251] loss: 0.72258
[  3, 19301] loss: 0.09782
[  3, 19351] loss: 0.20974
[  3, 19401] loss: 0.39276
[  3, 19451] loss: 0.60392
[  3, 19501] loss: 0.01884
[  3, 19551] loss: 0.09356
[  3, 19601] loss: 0.51327
[  3, 19651] loss: 1.04498
[  3, 19701] loss: 0.31138
[  3, 19751] loss: 0.79824
[  3, 19801] loss: 0.06705
[  3, 19851] loss: 0.37328
[  3, 19901] loss: 0.59872
[  3, 19951] loss: 0.88578
[  3, 20001] loss: 0.35590
[  3, 20051] loss: 0.11513
[  3, 20101] loss: 0.18258
[  3, 20151] loss: 0.42422
[  3, 20201] loss: 0.86778
[  3, 20251] loss: 0.50467
[  3, 20301] loss: 0.71404
[  3, 20351] loss: 0.06564
[  3, 20401] loss: 0.07234
[  3, 20451] loss: 0.26472
[  3, 20501] loss: 1.43826
[  3, 20551] loss: 1.46345
[  3, 20601] loss: 0.74385
[  3, 20651] loss: 0.28886
[  3, 20701] loss: 0.41142
[  3, 20751] loss: 0.76546
[  3, 20801] loss: 1.24986
[  3, 20851] loss: 0.52348
[  3, 20901] loss: 0.54175
[  3, 20951] loss: 0.11537
[  3, 21001] loss: 0.33021
[  3, 21051] loss: 0.50341
[  3, 21101] loss: 0.57257
[  3, 21151] loss: 0.92091
[  3, 21201] loss: 0.20327
[  3, 21251] loss: 0.07869
[  3, 21301] loss: 0.14995
[  3, 21351] loss: 0.37792
[  3, 21401] loss: 0.85106
[  3, 21451] loss: 0.48006
[  3, 21501] loss: 0.20260
[  3, 21551] loss: 0.18442
[  3, 21601] loss: 0.35888
[  3, 21651] loss: 0.32332
[  3, 21701] loss: 0.41298
[  3, 21751] loss: 0.49876
[  3, 21801] loss: 0.26143
[  3, 21851] loss: 0.34910
[  3, 21901] loss: 0.12362
[  3, 21951] loss: 0.46516
[  3, 22001] loss: 0.25324
[  3, 22051] loss: 0.33058
[  3, 22101] loss: 0.28150
[  3, 22151] loss: 0.22211
[  3, 22201] loss: 0.04235
[  3, 22251] loss: 0.11964
[  3, 22301] loss: 0.40771
[  3, 22351] loss: 0.72790
[  3, 22401] loss: 0.46286
[  3, 22451] loss: 0.18963
[  3, 22501] loss: 0.16517
[  3, 22551] loss: 0.35841
[  3, 22601] loss: 0.21157
[  3, 22651] loss: 0.71848
[  3, 22701] loss: 0.50711
[  3, 22751] loss: 0.10901
[  3, 22801] loss: 0.10303
[  3, 22851] loss: 0.30489
[  3, 22901] loss: 0.16116
[  3, 22951] loss: 0.30868
[  3, 23001] loss: 0.25692
[  3, 23051] loss: 0.04147
[  3, 23101] loss: 0.22022
[  3, 23151] loss: 0.15246
[  3, 23201] loss: 0.10501
[  3, 23251] loss: 0.18762
[  3, 23301] loss: 0.10270
[  3, 23351] loss: 0.35354
[  3, 23401] loss: 0.33958
[  3, 23451] loss: 0.29699
[  3, 23501] loss: 0.13749
[  3, 23551] loss: 0.16324
[  3, 23601] loss: 0.31489
[  3, 23651] loss: 0.37745
[  3, 23701] loss: 0.14612
[  3, 23751] loss: 0.77723
[  3, 23801] loss: 0.16787
[  3, 23851] loss: 0.13398
[  3, 23901] loss: 0.11642
[  3, 23951] loss: 0.15635
[  3, 24001] loss: 0.12449
[  3, 24051] loss: 0.95858
[  3, 24101] loss: 0.20338
[  3, 24151] loss: 0.30791
[  3, 24201] loss: 0.35791
[  3, 24251] loss: 0.35805
[  3, 24301] loss: 0.26752
[  3, 24351] loss: 0.39431
[  3, 24401] loss: 0.15267
[  3, 24451] loss: 0.06745
[  3, 24501] loss: 0.12730
[  3, 24551] loss: 0.30624
[  3, 24601] loss: 0.34182
[  3, 24651] loss: 0.16078
[  3, 24701] loss: 0.18876
[  3, 24751] loss: 0.32839
[  3, 24801] loss: 0.12527
[  3, 24851] loss: 0.20453
[  3, 24901] loss: 0.34410
[  3, 24951] loss: 0.21196
[  4,     1] loss: 0.04009
[  4,    51] loss: 0.03490
[  4,   101] loss: 0.18926
[  4,   151] loss: 0.37305
[  4,   201] loss: 0.21938
[  4,   251] loss: 0.13872
[  4,   301] loss: 0.02836
[  4,   351] loss: 0.12261
[  4,   401] loss: 0.38560
[  4,   451] loss: 0.16961
[  4,   501] loss: 0.06728
[  4,   551] loss: 0.05461
[  4,   601] loss: 0.17678
[  4,   651] loss: 0.06981
[  4,   701] loss: 0.10230
[  4,   751] loss: 0.09282
[  4,   801] loss: 0.09668
[  4,   851] loss: 0.09405
[  4,   901] loss: 0.05728
[  4,   951] loss: 0.08275
[  4,  1001] loss: 0.06183
[  4,  1051] loss: 0.12262
[  4,  1101] loss: 0.54403
[  4,  1151] loss: 0.04751
[  4,  1201] loss: 0.05441
[  4,  1251] loss: 0.18066
[  4,  1301] loss: 0.26348
[  4,  1351] loss: 0.03402
[  4,  1401] loss: 0.08499
[  4,  1451] loss: 0.10761
[  4,  1501] loss: 0.43837
[  4,  1551] loss: 0.19009
[  4,  1601] loss: 0.13868
[  4,  1651] loss: 0.55504
[  4,  1701] loss: 0.12693
[  4,  1751] loss: 0.12552
[  4,  1801] loss: 0.09131
[  4,  1851] loss: 0.16065
[  4,  1901] loss: 0.10388
[  4,  1951] loss: 0.29366
[  4,  2001] loss: 0.15494
[  4,  2051] loss: 0.13560
[  4,  2101] loss: 0.04498
[  4,  2151] loss: 0.12686
[  4,  2201] loss: 0.34283
[  4,  2251] loss: 0.55717
[  4,  2301] loss: 0.79908
[  4,  2351] loss: 0.09134
[  4,  2401] loss: 0.04534
[  4,  2451] loss: 0.15854
[  4,  2501] loss: 0.29815
[  4,  2551] loss: 0.28306
[  4,  2601] loss: 0.20562
[  4,  2651] loss: 0.13072
[  4,  2701] loss: 0.10676
[  4,  2751] loss: 0.18621
[  4,  2801] loss: 0.11914
[  4,  2851] loss: 0.25386
[  4,  2901] loss: 0.13032
[  4,  2951] loss: 0.12491
[  4,  3001] loss: 0.10106
[  4,  3051] loss: 0.10606
[  4,  3101] loss: 0.11620
[  4,  3151] loss: 0.04961
[  4,  3201] loss: 0.14680
[  4,  3251] loss: 0.14836
[  4,  3301] loss: 0.05082
[  4,  3351] loss: 0.05439
[  4,  3401] loss: 0.05247
[  4,  3451] loss: 0.06069
[  4,  3501] loss: 0.06157
[  4,  3551] loss: 0.11182
[  4,  3601] loss: 0.14744
[  4,  3651] loss: 0.01903
[  4,  3701] loss: 0.05190
[  4,  3751] loss: 0.06030
[  4,  3801] loss: 0.04963
[  4,  3851] loss: 0.08322
[  4,  3901] loss: 0.03415
[  4,  3951] loss: 0.05396
[  4,  4001] loss: 0.11414
[  4,  4051] loss: 0.11426
[  4,  4101] loss: 0.04104
[  4,  4151] loss: 0.53547
[  4,  4201] loss: 0.10249
[  4,  4251] loss: 0.04047
[  4,  4301] loss: 0.04120
[  4,  4351] loss: 0.00671
[  4,  4401] loss: 0.03577
[  4,  4451] loss: 0.45866
[  4,  4501] loss: 0.00731
[  4,  4551] loss: 0.02492
[  4,  4601] loss: 0.03832
[  4,  4651] loss: 0.31537
[  4,  4701] loss: 0.01363
[  4,  4751] loss: 0.01913
[  4,  4801] loss: 0.01122
[  4,  4851] loss: 0.04432
[  4,  4901] loss: 0.05412
[  4,  4951] loss: 0.40492
[  4,  5001] loss: 0.00662
[  4,  5051] loss: 0.00885
[  4,  5101] loss: 0.18766
[  4,  5151] loss: 0.08713
[  4,  5201] loss: 0.01437
[  4,  5251] loss: 0.00625
[  4,  5301] loss: 0.07844
[  4,  5351] loss: 0.24164
[  4,  5401] loss: 0.12729
[  4,  5451] loss: 0.08143
[  4,  5501] loss: 0.01389
[  4,  5551] loss: 0.31778
[  4,  5601] loss: 0.24586
[  4,  5651] loss: 0.40537
[  4,  5701] loss: 0.22669
[  4,  5751] loss: 0.15113
[  4,  5801] loss: 0.05648
[  4,  5851] loss: 0.09513
[  4,  5901] loss: 0.73049
[  4,  5951] loss: 0.57553
[  4,  6001] loss: 0.32174
[  4,  6051] loss: 0.09147
[  4,  6101] loss: 0.01551
[  4,  6151] loss: 0.07894
[  4,  6201] loss: 0.35880
[  4,  6251] loss: 0.40043
[  4,  6301] loss: 0.09638
[  4,  6351] loss: 0.10362
[  4,  6401] loss: 0.06054
[  4,  6451] loss: 0.05967
[  4,  6501] loss: 0.11719
[  4,  6551] loss: 0.52161
[  4,  6601] loss: 0.43324
[  4,  6651] loss: 0.15644
[  4,  6701] loss: 0.05845
[  4,  6751] loss: 0.06490
[  4,  6801] loss: 0.06742
[  4,  6851] loss: 0.13410
[  4,  6901] loss: 0.32404
[  4,  6951] loss: 0.65667
[  4,  7001] loss: 0.21441
[  4,  7051] loss: 0.02982
[  4,  7101] loss: 0.03020
[  4,  7151] loss: 0.09774
[  4,  7201] loss: 0.38932
[  4,  7251] loss: 0.44947
[  4,  7301] loss: 0.24198
[  4,  7351] loss: 0.03468
[  4,  7401] loss: 0.04853
[  4,  7451] loss: 0.06639
[  4,  7501] loss: 0.03609
[  4,  7551] loss: 0.01452
[  4,  7601] loss: 0.09156
[  4,  7651] loss: 0.54909
[  4,  7701] loss: 1.72602
[  4,  7751] loss: 0.95975
[  4,  7801] loss: 0.04580
[  4,  7851] loss: 0.00578
[  4,  7901] loss: 0.03416
[  4,  7951] loss: 3.23084
[  4,  8001] loss: 2.36240
[  4,  8051] loss: 1.99772
[  4,  8101] loss: 1.19584
[  4,  8151] loss: 0.30578
[  4,  8201] loss: 0.19855
[  4,  8251] loss: 1.39753
[  4,  8301] loss: 2.42757
[  4,  8351] loss: 2.52110
[  4,  8401] loss: 1.06326
[  4,  8451] loss: 0.42704
[  4,  8501] loss: 0.05476
[  4,  8551] loss: 0.02658
[  4,  8601] loss: 0.93268
[  4,  8651] loss: 2.68523
[  4,  8701] loss: 2.66424
[  4,  8751] loss: 2.14896
[  4,  8801] loss: 0.28430
[  4,  8851] loss: 0.01299
[  4,  8901] loss: 0.29872
[  4,  8951] loss: 1.69071
[  4,  9001] loss: 1.41544
[  4,  9051] loss: 0.99922
[  4,  9101] loss: 0.42761
[  4,  9151] loss: 0.03993
[  4,  9201] loss: 0.17393
[  4,  9251] loss: 0.55466
[  4,  9301] loss: 0.50783
[  4,  9351] loss: 0.61566
[  4,  9401] loss: 0.64376
[  4,  9451] loss: 0.07561
[  4,  9501] loss: 0.08104
[  4,  9551] loss: 0.16517
[  4,  9601] loss: 0.11782
[  4,  9651] loss: 0.23397
[  4,  9701] loss: 0.12390
[  4,  9751] loss: 0.07091
[  4,  9801] loss: 0.11336
[  4,  9851] loss: 0.01682
[  4,  9901] loss: 0.08186
[  4,  9951] loss: 0.02240
[  4, 10001] loss: 0.07386
[  4, 10051] loss: 0.02750
[  4, 10101] loss: 0.06225
[  4, 10151] loss: 0.02818
[  4, 10201] loss: 0.24866
[  4, 10251] loss: 0.04197
[  4, 10301] loss: 0.13400
[  4, 10351] loss: 0.06444
[  4, 10401] loss: 0.02404
[  4, 10451] loss: 0.04910
[  4, 10501] loss: 0.22028
[  4, 10551] loss: 0.45565
[  4, 10601] loss: 0.04519
[  4, 10651] loss: 0.28612
[  4, 10701] loss: 0.06961
[  4, 10751] loss: 0.14340
[  4, 10801] loss: 0.34523
[  4, 10851] loss: 0.04767
[  4, 10901] loss: 0.07841
[  4, 10951] loss: 0.05416
[  4, 11001] loss: 0.09620
[  4, 11051] loss: 0.02778
[  4, 11101] loss: 0.06668
[  4, 11151] loss: 0.33093
[  4, 11201] loss: 0.13669
[  4, 11251] loss: 0.12327
[  4, 11301] loss: 0.05493
[  4, 11351] loss: 0.75095
[  4, 11401] loss: 0.04072
[  4, 11451] loss: 0.31109
[  4, 11501] loss: 0.70773
[  4, 11551] loss: 0.26155
[  4, 11601] loss: 0.00585
[  4, 11651] loss: 0.04787
[  4, 11701] loss: 0.09069
[  4, 11751] loss: 0.48197
[  4, 11801] loss: 0.22199
[  4, 11851] loss: 0.48875
[  4, 11901] loss: 0.11081
[  4, 11951] loss: 0.06591
[  4, 12001] loss: 0.07039
[  4, 12051] loss: 0.52551
[  4, 12101] loss: 0.27872
[  4, 12151] loss: 0.48465
[  4, 12201] loss: 0.28171
[  4, 12251] loss: 0.07773
[  4, 12301] loss: 0.03785
[  4, 12351] loss: 0.13563
[  4, 12401] loss: 0.11172
[  4, 12451] loss: 0.23938
[  4, 12501] loss: 0.21411
[  4, 12551] loss: 0.75130
[  4, 12601] loss: 0.16337
[  4, 12651] loss: 0.04294
[  4, 12701] loss: 0.03955
[  4, 12751] loss: 0.01944
[  4, 12801] loss: 0.20524
[  4, 12851] loss: 0.01887
[  4, 12901] loss: 0.04955
[  4, 12951] loss: 0.10757
[  4, 13001] loss: 0.57784
[  4, 13051] loss: 0.39430
[  4, 13101] loss: 0.10550
[  4, 13151] loss: 0.03631
[  4, 13201] loss: 0.01694
[  4, 13251] loss: 0.15479
[  4, 13301] loss: 0.80536
[  4, 13351] loss: 0.49243
[  4, 13401] loss: 0.35583
[  4, 13451] loss: 0.15296
[  4, 13501] loss: 0.03487
[  4, 13551] loss: 0.15861
[  4, 13601] loss: 0.34510
[  4, 13651] loss: 0.46308
[  4, 13701] loss: 0.12913
[  4, 13751] loss: 0.03206
[  4, 13801] loss: 0.03118
[  4, 13851] loss: 0.11495
[  4, 13901] loss: 0.10505
[  4, 13951] loss: 0.03752
[  4, 14001] loss: 0.00831
[  4, 14051] loss: 0.15922
[  4, 14101] loss: 0.91084
[  4, 14151] loss: 0.01655
[  4, 14201] loss: 0.00561
[  4, 14251] loss: 0.04248
[  4, 14301] loss: 0.73431
[  4, 14351] loss: 0.08437
[  4, 14401] loss: 0.04266
[  4, 14451] loss: 0.06560
[  4, 14501] loss: 0.02803
[  4, 14551] loss: 0.09158
[  4, 14601] loss: 0.49112
[  4, 14651] loss: 0.08267
[  4, 14701] loss: 0.08391
[  4, 14751] loss: 0.04496
[  4, 14801] loss: 0.06780
[  4, 14851] loss: 0.08649
[  4, 14901] loss: 0.45102
[  4, 14951] loss: 0.02959
[  4, 15001] loss: 0.03877
[  4, 15051] loss: 0.01861
[  4, 15101] loss: 0.04126
[  4, 15151] loss: 0.01681
[  4, 15201] loss: 0.03935
[  4, 15251] loss: 0.03534
[  4, 15301] loss: 0.04722
[  4, 15351] loss: 0.29131
[  4, 15401] loss: 0.01997
[  4, 15451] loss: 0.08976
[  4, 15501] loss: 1.34470
[  4, 15551] loss: 0.41236
[  4, 15601] loss: 0.19071
[  4, 15651] loss: 0.06473
[  4, 15701] loss: 0.02932
[  4, 15751] loss: 0.02920
[  4, 15801] loss: 0.35486
[  4, 15851] loss: 1.16760
[  4, 15901] loss: 0.79301
[  4, 15951] loss: 0.44812
[  4, 16001] loss: 0.01163
[  4, 16051] loss: 0.56196
[  4, 16101] loss: 0.32154
[  4, 16151] loss: 1.22347
[  4, 16201] loss: 1.28123
[  4, 16251] loss: 0.39234
[  4, 16301] loss: 0.03870
[  4, 16351] loss: 0.02135
[  4, 16401] loss: 0.73742
[  4, 16451] loss: 1.24671
[  4, 16501] loss: 1.60738
[  4, 16551] loss: 1.41505
[  4, 16601] loss: 0.23210
[  4, 16651] loss: 0.42942
[  4, 16701] loss: 0.20064
[  4, 16751] loss: 0.83589
[  4, 16801] loss: 1.67721
[  4, 16851] loss: 1.33453
[  4, 16901] loss: 0.24917
[  4, 16951] loss: 0.08433
[  4, 17001] loss: 0.07485
[  4, 17051] loss: 1.17695
[  4, 17101] loss: 0.96582
[  4, 17151] loss: 0.54976
[  4, 17201] loss: 0.52760
[  4, 17251] loss: 0.22502
[  4, 17301] loss: 0.07462
[  4, 17351] loss: 0.62891
[  4, 17401] loss: 0.76352
[  4, 17451] loss: 1.06157
[  4, 17501] loss: 0.66675
[  4, 17551] loss: 0.15309
[  4, 17601] loss: 0.05955
[  4, 17651] loss: 0.09576
[  4, 17701] loss: 0.34954
[  4, 17751] loss: 1.21941
[  4, 17801] loss: 1.07720
[  4, 17851] loss: 1.52708
[  4, 17901] loss: 0.07172
[  4, 17951] loss: 0.03558
[  4, 18001] loss: 0.09578
[  4, 18051] loss: 0.39889
[  4, 18101] loss: 1.26287
[  4, 18151] loss: 0.35927
[  4, 18201] loss: 0.12337
[  4, 18251] loss: 0.77905
[  4, 18301] loss: 0.17717
[  4, 18351] loss: 0.05620
[  4, 18401] loss: 0.23989
[  4, 18451] loss: 0.14893
[  4, 18501] loss: 0.41715
[  4, 18551] loss: 0.30788
[  4, 18601] loss: 0.31074
[  4, 18651] loss: 0.09474
[  4, 18701] loss: 0.06478
[  4, 18751] loss: 0.08014
[  4, 18801] loss: 0.06316
[  4, 18851] loss: 0.34150
[  4, 18901] loss: 0.17253
[  4, 18951] loss: 0.22214
[  4, 19001] loss: 0.06783
[  4, 19051] loss: 0.09555
[  4, 19101] loss: 0.08814
[  4, 19151] loss: 0.21449
[  4, 19201] loss: 0.38196
[  4, 19251] loss: 1.08473
[  4, 19301] loss: 0.14711
[  4, 19351] loss: 0.17526
[  4, 19401] loss: 0.08289
[  4, 19451] loss: 0.61947
[  4, 19501] loss: 0.21836
[  4, 19551] loss: 0.39992
[  4, 19601] loss: 0.20127
[  4, 19651] loss: 0.07651
[  4, 19701] loss: 0.03400
[  4, 19751] loss: 0.84822
[  4, 19801] loss: 0.16325
[  4, 19851] loss: 0.33518
[  4, 19901] loss: 0.44271
[  4, 19951] loss: 0.07075
[  4, 20001] loss: 0.06759
[  4, 20051] loss: 0.04478
[  4, 20101] loss: 0.46680
[  4, 20151] loss: 0.46602
[  4, 20201] loss: 0.51679
[  4, 20251] loss: 0.24581
[  4, 20301] loss: 0.03354
[  4, 20351] loss: 0.18011
[  4, 20401] loss: 0.63756
[  4, 20451] loss: 0.90608
[  4, 20501] loss: 0.56402
[  4, 20551] loss: 0.54059
[  4, 20601] loss: 0.01863
[  4, 20651] loss: 0.09285
[  4, 20701] loss: 0.84719
[  4, 20751] loss: 0.83505
[  4, 20801] loss: 0.38409
[  4, 20851] loss: 0.07195
[  4, 20901] loss: 0.04734
[  4, 20951] loss: 0.04329
[  4, 21001] loss: 0.22844
[  4, 21051] loss: 0.28839
[  4, 21101] loss: 0.43072
[  4, 21151] loss: 0.57934
[  4, 21201] loss: 0.15384
[  4, 21251] loss: 0.01777
[  4, 21301] loss: 0.07467
[  4, 21351] loss: 0.10430
[  4, 21401] loss: 0.25611
[  4, 21451] loss: 0.20375
[  4, 21501] loss: 0.05513
[  4, 21551] loss: 0.02573
[  4, 21601] loss: 0.10191
[  4, 21651] loss: 0.14020
[  4, 21701] loss: 0.14895
[  4, 21751] loss: 0.11601
[  4, 21801] loss: 0.04035
[  4, 21851] loss: 0.34760
[  4, 21901] loss: 0.20485
[  4, 21951] loss: 0.13406
[  4, 22001] loss: 0.18848
[  4, 22051] loss: 0.02983
[  4, 22101] loss: 0.01985
[  4, 22151] loss: 0.07330
[  4, 22201] loss: 0.15831
[  4, 22251] loss: 0.26123
[  4, 22301] loss: 0.08827
[  4, 22351] loss: 0.09094
[  4, 22401] loss: 0.02192
[  4, 22451] loss: 0.09368
[  4, 22501] loss: 0.74794
[  4, 22551] loss: 0.45333
[  4, 22601] loss: 0.35211
[  4, 22651] loss: 0.05410
[  4, 22701] loss: 0.01309
[  4, 22751] loss: 0.14910
[  4, 22801] loss: 0.93495
[  4, 22851] loss: 1.28988
[  4, 22901] loss: 0.58186
[  4, 22951] loss: 0.11253
[  4, 23001] loss: 0.07384
[  4, 23051] loss: 0.23306
[  4, 23101] loss: 0.93042
[  4, 23151] loss: 1.43378
[  4, 23201] loss: 2.30301
[  4, 23251] loss: 0.84303
[  4, 23301] loss: 0.34683
[  4, 23351] loss: 0.04830
[  4, 23401] loss: 0.06400
[  4, 23451] loss: 0.87001
[  4, 23501] loss: 2.07548
[  4, 23551] loss: 2.97333
[  4, 23601] loss: 2.33612
[  4, 23651] loss: 1.57829
[  4, 23701] loss: 0.26347
[  4, 23751] loss: 0.77376
[  4, 23801] loss: 0.52247
[  4, 23851] loss: 1.28708
[  4, 23901] loss: 2.28472
[  4, 23951] loss: 1.49226
[  4, 24001] loss: 1.14576
[  4, 24051] loss: 1.19692
[  4, 24101] loss: 0.13896
[  4, 24151] loss: 0.41473
[  4, 24201] loss: 1.82058
[  4, 24251] loss: 1.85702
[  4, 24301] loss: 1.54014
[  4, 24351] loss: 1.08243
[  4, 24401] loss: 0.21934
[  4, 24451] loss: 0.10779
[  4, 24501] loss: 0.38528
[  4, 24551] loss: 0.80423
[  4, 24601] loss: 0.99320
[  4, 24651] loss: 0.92803
[  4, 24701] loss: 0.98451
[  4, 24751] loss: 0.39268
[  4, 24801] loss: 0.07806
[  4, 24851] loss: 0.34704
[  4, 24901] loss: 0.40368
[  4, 24951] loss: 0.51526
[  5,     1] loss: 0.19313
[  5,    51] loss: 0.11772
[  5,   101] loss: 0.05732
[  5,   151] loss: 0.10298
[  5,   201] loss: 0.09189
[  5,   251] loss: 0.12024
[  5,   301] loss: 0.10992
[  5,   351] loss: 0.07390
[  5,   401] loss: 0.03568
[  5,   451] loss: 0.06190
[  5,   501] loss: 0.05926
[  5,   551] loss: 0.06475
[  5,   601] loss: 0.12505
[  5,   651] loss: 0.19273
[  5,   701] loss: 0.09571
[  5,   751] loss: 0.08896
[  5,   801] loss: 0.19821
[  5,   851] loss: 0.06138
[  5,   901] loss: 0.02673
[  5,   951] loss: 0.04972
[  5,  1001] loss: 0.03466
[  5,  1051] loss: 0.18505
[  5,  1101] loss: 0.61848
[  5,  1151] loss: 0.07242
[  5,  1201] loss: 0.04876
[  5,  1251] loss: 0.05940
[  5,  1301] loss: 0.17471
[  5,  1351] loss: 0.04145
[  5,  1401] loss: 0.02131
[  5,  1451] loss: 0.11250
[  5,  1501] loss: 0.45657
[  5,  1551] loss: 0.01965
[  5,  1601] loss: 0.04555
[  5,  1651] loss: 0.52318
[  5,  1701] loss: 0.05066
[  5,  1751] loss: 0.26086
[  5,  1801] loss: 0.11855
[  5,  1851] loss: 0.08354
[  5,  1901] loss: 0.01912
[  5,  1951] loss: 0.07032
[  5,  2001] loss: 0.14356
[  5,  2051] loss: 0.09537
[  5,  2101] loss: 0.32670
[  5,  2151] loss: 0.28066
[  5,  2201] loss: 0.17035
[  5,  2251] loss: 0.09992
[  5,  2301] loss: 0.85457
[  5,  2351] loss: 0.13111
[  5,  2401] loss: 0.32254
[  5,  2451] loss: 0.49347
[  5,  2501] loss: 0.33293
[  5,  2551] loss: 0.34539
[  5,  2601] loss: 0.09515
[  5,  2651] loss: 0.11630
[  5,  2701] loss: 0.37012
[  5,  2751] loss: 0.40661
[  5,  2801] loss: 0.45153
[  5,  2851] loss: 0.42557
[  5,  2901] loss: 0.16177
[  5,  2951] loss: 0.06974
[  5,  3001] loss: 0.05995
[  5,  3051] loss: 0.26777
[  5,  3101] loss: 0.63040
[  5,  3151] loss: 0.64750
[  5,  3201] loss: 0.33464
[  5,  3251] loss: 0.11732
[  5,  3301] loss: 0.04318
[  5,  3351] loss: 0.09786
[  5,  3401] loss: 0.28910
[  5,  3451] loss: 0.18297
[  5,  3501] loss: 0.41855
[  5,  3551] loss: 0.46748
[  5,  3601] loss: 0.15035
[  5,  3651] loss: 0.08206
[  5,  3701] loss: 0.03995
[  5,  3751] loss: 0.20721
[  5,  3801] loss: 0.13231
[  5,  3851] loss: 0.47458
[  5,  3901] loss: 0.41254
[  5,  3951] loss: 0.06956
[  5,  4001] loss: 0.12605
[  5,  4051] loss: 0.02334
[  5,  4101] loss: 0.17862
[  5,  4151] loss: 0.53911
[  5,  4201] loss: 0.25277
[  5,  4251] loss: 0.04673
[  5,  4301] loss: 0.02140
[  5,  4351] loss: 0.00610
[  5,  4401] loss: 0.36207
[  5,  4451] loss: 0.49287
[  5,  4501] loss: 0.04227
[  5,  4551] loss: 0.02390
[  5,  4601] loss: 0.03650
[  5,  4651] loss: 0.38783
[  5,  4701] loss: 0.06508
[  5,  4751] loss: 0.13659
[  5,  4801] loss: 0.05169
[  5,  4851] loss: 0.07276
[  5,  4901] loss: 0.16753
[  5,  4951] loss: 0.44310
[  5,  5001] loss: 0.01166
[  5,  5051] loss: 0.01784
[  5,  5101] loss: 0.02803
[  5,  5151] loss: 0.02876
[  5,  5201] loss: 0.01419
[  5,  5251] loss: 0.01249
[  5,  5301] loss: 0.04847
[  5,  5351] loss: 0.03887
[  5,  5401] loss: 0.01873
[  5,  5451] loss: 0.08638
[  5,  5501] loss: 0.05847
[  5,  5551] loss: 0.44270
[  5,  5601] loss: 0.08182
[  5,  5651] loss: 0.04233
[  5,  5701] loss: 0.02062
[  5,  5751] loss: 0.11103
[  5,  5801] loss: 0.08599
[  5,  5851] loss: 0.38488
[  5,  5901] loss: 0.48702
[  5,  5951] loss: 0.10176
[  5,  6001] loss: 0.03004
[  5,  6051] loss: 0.09821
[  5,  6101] loss: 0.13497
[  5,  6151] loss: 0.37793
[  5,  6201] loss: 0.35712
[  5,  6251] loss: 0.01797
[  5,  6301] loss: 0.02495
[  5,  6351] loss: 0.02796
[  5,  6401] loss: 0.06707
[  5,  6451] loss: 0.30757
[  5,  6501] loss: 0.33092
[  5,  6551] loss: 0.41068
[  5,  6601] loss: 0.06616
[  5,  6651] loss: 0.04192
[  5,  6701] loss: 0.03986
[  5,  6751] loss: 0.20092
[  5,  6801] loss: 0.18091
[  5,  6851] loss: 0.28348
[  5,  6901] loss: 0.07553
[  5,  6951] loss: 0.06083
[  5,  7001] loss: 0.03808
[  5,  7051] loss: 0.05692
[  5,  7101] loss: 0.32239
[  5,  7151] loss: 0.30448
[  5,  7201] loss: 0.21361
[  5,  7251] loss: 0.07504
[  5,  7301] loss: 0.08011
[  5,  7351] loss: 0.06922
[  5,  7401] loss: 0.08698
[  5,  7451] loss: 0.33850
[  5,  7501] loss: 0.77549
[  5,  7551] loss: 0.22907
[  5,  7601] loss: 0.01326
[  5,  7651] loss: 0.01130
[  5,  7701] loss: 0.01558
[  5,  7751] loss: 0.00164
[  5,  7801] loss: 0.49866
[  5,  7851] loss: 0.26043
[  5,  7901] loss: 0.40932
[  5,  7951] loss: 1.32868
[  5,  8001] loss: 0.03721
[  5,  8051] loss: 0.00060
[  5,  8101] loss: 0.00001
[  5,  8151] loss: 0.18553
[  5,  8201] loss: 0.92543
[  5,  8251] loss: 0.79595
[  5,  8301] loss: 0.30657
[  5,  8351] loss: 0.12344
[  5,  8401] loss: 0.02201
[  5,  8451] loss: 0.04939
[  5,  8501] loss: 0.76215
[  5,  8551] loss: 0.93553
[  5,  8601] loss: 0.31716
[  5,  8651] loss: 0.26844
[  5,  8701] loss: 0.10650
[  5,  8751] loss: 0.37783
[  5,  8801] loss: 0.04222
[  5,  8851] loss: 0.20821
[  5,  8901] loss: 0.16977
[  5,  8951] loss: 0.41822
[  5,  9001] loss: 0.01395
[  5,  9051] loss: 0.02894
[  5,  9101] loss: 0.00049
[  5,  9151] loss: 0.02330
[  5,  9201] loss: 0.18968
[  5,  9251] loss: 0.02524
[  5,  9301] loss: 0.04671
[  5,  9351] loss: 0.00109
[  5,  9401] loss: 0.00033
[  5,  9451] loss: 0.00176
[  5,  9501] loss: 0.07590
[  5,  9551] loss: 0.04227
[  5,  9601] loss: 0.09507
[  5,  9651] loss: 0.02726
[  5,  9701] loss: 0.04346
[  5,  9751] loss: 0.03469
[  5,  9801] loss: 0.02098
[  5,  9851] loss: 0.00905
[  5,  9901] loss: 0.00488
[  5,  9951] loss: 0.02925
[  5, 10001] loss: 0.02842
[  5, 10051] loss: 0.01191
[  5, 10101] loss: 0.03860
[  5, 10151] loss: 0.03803
[  5, 10201] loss: 0.24369
[  5, 10251] loss: 0.03051
[  5, 10301] loss: 0.00378
[  5, 10351] loss: 0.05520
[  5, 10401] loss: 0.02881
[  5, 10451] loss: 0.06401
[  5, 10501] loss: 0.03005
[  5, 10551] loss: 0.18051
[  5, 10601] loss: 0.01113
[  5, 10651] loss: 0.19920
[  5, 10701] loss: 0.04180
[  5, 10751] loss: 0.12770
[  5, 10801] loss: 0.00518
[  5, 10851] loss: 0.00944
[  5, 10901] loss: 0.01992
[  5, 10951] loss: 0.00827
[  5, 11001] loss: 0.04395
[  5, 11051] loss: 0.02048
[  5, 11101] loss: 0.00954
[  5, 11151] loss: 0.02792
[  5, 11201] loss: 0.01774
[  5, 11251] loss: 0.01663
[  5, 11301] loss: 0.05680
[  5, 11351] loss: 0.75076
[  5, 11401] loss: 0.02863
[  5, 11451] loss: 0.03981
[  5, 11501] loss: 0.01902
[  5, 11551] loss: 0.02314
[  5, 11601] loss: 0.02533
[  5, 11651] loss: 0.15483
[  5, 11701] loss: 0.06861
[  5, 11751] loss: 0.03602
[  5, 11801] loss: 0.04866
[  5, 11851] loss: 0.00270
[  5, 11901] loss: 0.02303
[  5, 11951] loss: 0.07274
[  5, 12001] loss: 0.14784
[  5, 12051] loss: 0.36895
[  5, 12101] loss: 0.01635
[  5, 12151] loss: 0.02822
[  5, 12201] loss: 0.11414
[  5, 12251] loss: 0.01913
[  5, 12301] loss: 0.08661
[  5, 12351] loss: 0.16076
[  5, 12401] loss: 0.09532
[  5, 12451] loss: 0.01681
[  5, 12501] loss: 0.09265
[  5, 12551] loss: 0.58056
[  5, 12601] loss: 0.04942
[  5, 12651] loss: 0.02943
[  5, 12701] loss: 0.04289
[  5, 12751] loss: 0.13428
[  5, 12801] loss: 0.41976
[  5, 12851] loss: 0.06718
[  5, 12901] loss: 0.02747
[  5, 12951] loss: 0.01563
[  5, 13001] loss: 0.04465
[  5, 13051] loss: 0.00751
[  5, 13101] loss: 0.02806
[  5, 13151] loss: 0.01963
[  5, 13201] loss: 0.04559
[  5, 13251] loss: 0.13260
[  5, 13301] loss: 0.36999
[  5, 13351] loss: 0.01198
[  5, 13401] loss: 0.01228
[  5, 13451] loss: 0.03136
[  5, 13501] loss: 0.05134
[  5, 13551] loss: 0.03934
[  5, 13601] loss: 0.01693
[  5, 13651] loss: 0.01207
[  5, 13701] loss: 0.00218
[  5, 13751] loss: 0.04751
[  5, 13801] loss: 0.05573
[  5, 13851] loss: 0.05838
[  5, 13901] loss: 0.02867
[  5, 13951] loss: 0.01844
[  5, 14001] loss: 0.00483
[  5, 14051] loss: 0.04738
[  5, 14101] loss: 1.03237
[  5, 14151] loss: 0.01411
[  5, 14201] loss: 0.00870
[  5, 14251] loss: 0.02044
[  5, 14301] loss: 0.82617
[  5, 14351] loss: 0.05770
[  5, 14401] loss: 0.03096
[  5, 14451] loss: 0.03035
[  5, 14501] loss: 0.09206
[  5, 14551] loss: 0.03551
[  5, 14601] loss: 0.57870
[  5, 14651] loss: 0.09176
[  5, 14701] loss: 0.04171
[  5, 14751] loss: 0.01972
[  5, 14801] loss: 0.03014
[  5, 14851] loss: 0.02970
[  5, 14901] loss: 0.55130
[  5, 14951] loss: 0.10744
[  5, 15001] loss: 0.06425
[  5, 15051] loss: 0.04875
[  5, 15101] loss: 0.07268
[  5, 15151] loss: 0.01770
[  5, 15201] loss: 0.03098
[  5, 15251] loss: 0.03835
[  5, 15301] loss: 0.04633
[  5, 15351] loss: 0.29693
[  5, 15401] loss: 0.02159
[  5, 15451] loss: 0.04274
[  5, 15501] loss: 1.11096
[  5, 15551] loss: 0.03602
[  5, 15601] loss: 0.06733
[  5, 15651] loss: 0.18902
[  5, 15701] loss: 0.20737
[  5, 15751] loss: 0.20495
[  5, 15801] loss: 0.01145
[  5, 15851] loss: 0.00392
[  5, 15901] loss: 0.00951
[  5, 15951] loss: 0.02356
[  5, 16001] loss: 0.19746
[  5, 16051] loss: 0.78820
[  5, 16101] loss: 0.19051
[  5, 16151] loss: 0.08276
[  5, 16201] loss: 0.01501
[  5, 16251] loss: 0.00994
[  5, 16301] loss: 0.00328
[  5, 16351] loss: 0.02181
[  5, 16401] loss: 0.75029
[  5, 16451] loss: 0.02242
[  5, 16501] loss: 0.00391
[  5, 16551] loss: 0.00014
[  5, 16601] loss: 0.02088
[  5, 16651] loss: 0.39669
[  5, 16701] loss: 0.02918
[  5, 16751] loss: 0.00864
[  5, 16801] loss: 0.00285
[  5, 16851] loss: 0.01327
[  5, 16901] loss: 0.02391
[  5, 16951] loss: 0.04523
[  5, 17001] loss: 0.13981
[  5, 17051] loss: 0.04115
[  5, 17101] loss: 0.00139
[  5, 17151] loss: 0.00278
[  5, 17201] loss: 0.00255
[  5, 17251] loss: 0.01602
[  5, 17301] loss: 0.05823
[  5, 17351] loss: 0.05396
[  5, 17401] loss: 0.01458
[  5, 17451] loss: 0.01876
[  5, 17501] loss: 0.01157
[  5, 17551] loss: 0.02535
[  5, 17601] loss: 0.06947
[  5, 17651] loss: 0.04542
[  5, 17701] loss: 0.06051
[  5, 17751] loss: 0.01615
[  5, 17801] loss: 0.01333
[  5, 17851] loss: 0.51244
[  5, 17901] loss: 0.02375
[  5, 17951] loss: 0.03787
[  5, 18001] loss: 0.09777
[  5, 18051] loss: 0.08205
[  5, 18101] loss: 0.80363
[  5, 18151] loss: 0.02929
[  5, 18201] loss: 0.00254
[  5, 18251] loss: 0.71201
[  5, 18301] loss: 0.04264
[  5, 18351] loss: 0.05458
[  5, 18401] loss: 0.52776
[  5, 18451] loss: 0.03029
[  5, 18501] loss: 0.07944
[  5, 18551] loss: 0.11774
[  5, 18601] loss: 0.02896
[  5, 18651] loss: 0.02804
[  5, 18701] loss: 0.01892
[  5, 18751] loss: 0.01887
[  5, 18801] loss: 0.04246
[  5, 18851] loss: 0.05715
[  5, 18901] loss: 0.14444
[  5, 18951] loss: 0.02333
[  5, 19001] loss: 0.03288
[  5, 19051] loss: 0.03054
[  5, 19101] loss: 0.03163
[  5, 19151] loss: 0.01143
[  5, 19201] loss: 0.33002
[  5, 19251] loss: 0.93532
[  5, 19301] loss: 0.01024
[  5, 19351] loss: 0.01299
[  5, 19401] loss: 0.00750
[  5, 19451] loss: 0.58850
[  5, 19501] loss: 0.00529
[  5, 19551] loss: 0.00405
[  5, 19601] loss: 0.00896
[  5, 19651] loss: 0.00872
[  5, 19701] loss: 0.01839
[  5, 19751] loss: 0.76506
[  5, 19801] loss: 0.02141
[  5, 19851] loss: 0.00929
[  5, 19901] loss: 0.00312
[  5, 19951] loss: 0.00093
[  5, 20001] loss: 0.02959
[  5, 20051] loss: 0.01552
[  5, 20101] loss: 0.01416
[  5, 20151] loss: 0.00149
[  5, 20201] loss: 0.00265
[  5, 20251] loss: 0.02094
[  5, 20301] loss: 0.04226
[  5, 20351] loss: 0.07036
[  5, 20401] loss: 0.02687
[  5, 20451] loss: 0.01717
[  5, 20501] loss: 0.39258
[  5, 20551] loss: 0.70097
[  5, 20601] loss: 0.02972
[  5, 20651] loss: 0.08399
[  5, 20701] loss: 0.33588
[  5, 20751] loss: 0.01694
[  5, 20801] loss: 0.00668
[  5, 20851] loss: 0.01655
[  5, 20901] loss: 0.00492
[  5, 20951] loss: 0.02829
[  5, 21001] loss: 0.01819
[  5, 21051] loss: 0.00016
[  5, 21101] loss: 0.01733
[  5, 21151] loss: 0.72304
[  5, 21201] loss: 0.02722
[  5, 21251] loss: 0.01146
[  5, 21301] loss: 0.03967
[  5, 21351] loss: 0.00398
[  5, 21401] loss: 0.01609
[  5, 21451] loss: 0.00315
[  5, 21501] loss: 0.02191
[  5, 21551] loss: 0.01195
[  5, 21601] loss: 0.01659
[  5, 21651] loss: 0.05394
[  5, 21701] loss: 0.00286
[  5, 21751] loss: 0.01810
[  5, 21801] loss: 0.01476
[  5, 21851] loss: 0.45461
[  5, 21901] loss: 0.02640
[  5, 21951] loss: 0.01925
[  5, 22001] loss: 0.01291
[  5, 22051] loss: 0.01319
[  5, 22101] loss: 0.00758
[  5, 22151] loss: 0.03673
[  5, 22201] loss: 0.01572
[  5, 22251] loss: 0.01184
[  5, 22301] loss: 0.02026
[  5, 22351] loss: 0.06750
[  5, 22401] loss: 0.03583
[  5, 22451] loss: 0.01370
[  5, 22501] loss: 0.00251
[  5, 22551] loss: 0.00586
[  5, 22601] loss: 0.02618
[  5, 22651] loss: 0.02365
[  5, 22701] loss: 0.15661
[  5, 22751] loss: 0.05184
[  5, 22801] loss: 0.01017
[  5, 22851] loss: 0.03537
[  5, 22901] loss: 0.00110
[  5, 22951] loss: 0.01354
[  5, 23001] loss: 0.22866
[  5, 23051] loss: 0.38670
[  5, 23101] loss: 0.09824
[  5, 23151] loss: 0.03248
[  5, 23201] loss: 0.00346
[  5, 23251] loss: 0.02633
[  5, 23301] loss: 0.05848
[  5, 23351] loss: 0.72706
[  5, 23401] loss: 0.81456
[  5, 23451] loss: 0.21336
[  5, 23501] loss: 0.05756
[  5, 23551] loss: 0.01271
[  5, 23601] loss: 0.00138
[  5, 23651] loss: 0.00492
[  5, 23701] loss: 0.47566
[  5, 23751] loss: 2.93993
[  5, 23801] loss: 1.34285
[  5, 23851] loss: 0.75082
[  5, 23901] loss: 0.03175
[  5, 23951] loss: 0.00460
[  5, 24001] loss: 0.00489
[  5, 24051] loss: 1.54215
[  5, 24101] loss: 2.72914
[  5, 24151] loss: 1.73307
[  5, 24201] loss: 1.53506
[  5, 24251] loss: 0.58866
[  5, 24301] loss: 0.04950
[  5, 24351] loss: 0.00724
[  5, 24401] loss: 0.37494
[  5, 24451] loss: 2.17103
[  5, 24501] loss: 1.18135
[  5, 24551] loss: 0.96675
[  5, 24601] loss: 0.23138
[  5, 24651] loss: 0.03912
[  5, 24701] loss: 0.03044
[  5, 24751] loss: 0.40674
[  5, 24801] loss: 0.29900
[  5, 24851] loss: 0.49229
[  5, 24901] loss: 0.19641
[  5, 24951] loss: 0.43618
Finished training
Accuracy on train: 0.92732
Accuracy on test: 0.69618
