{'word_context': 7, 'word_embed_size': 30, 'word_conv_units': 5, 'hidden_units': 5, 'dropout': True, 'batch_size': 500}
2482
train set done
test set done
[  1,     1] loss: 0.78535
[  1,   501] loss: 0.78164
[  1,  1001] loss: 0.75683
[  1,  1501] loss: 0.73605
[  1,  2001] loss: 0.72478
[  1,  2501] loss: 0.74183
[  1,  3001] loss: 0.74188
[  1,  3501] loss: 0.72472
[  1,  4001] loss: 0.74088
[  1,  4501] loss: 0.71699
[  1,  5001] loss: 0.71491
[  1,  5501] loss: 0.69533
[  1,  6001] loss: 0.70725
[  1,  6501] loss: 0.69406
[  1,  7001] loss: 0.69498
[  1,  7501] loss: 0.70300
[  1,  8001] loss: 0.71656
[  1,  8501] loss: 0.70909
[  1,  9001] loss: 0.70379
[  1,  9501] loss: 0.69378
[  1, 10001] loss: 0.71801
[  1, 10501] loss: 0.70774
[  1, 11001] loss: 0.69150
[  1, 11501] loss: 0.70745
[  1, 12001] loss: 0.70461
[  1, 12501] loss: 0.69454
[  1, 13001] loss: 0.69237
[  1, 13501] loss: 0.69702
[  1, 14001] loss: 0.70372
[  1, 14501] loss: 0.70655
[  1, 15001] loss: 0.70556
[  1, 15501] loss: 0.69282
[  1, 16001] loss: 0.69602
[  1, 16501] loss: 0.69827
[  1, 17001] loss: 0.69808
[  1, 17501] loss: 0.70229
[  1, 18001] loss: 0.70328
[  1, 18501] loss: 0.69235
[  1, 19001] loss: 0.69819
[  1, 19501] loss: 0.69465
[  1, 20001] loss: 0.70011
[  1, 20501] loss: 0.70152
[  1, 21001] loss: 0.69259
[  1, 21501] loss: 0.69519
[  1, 22001] loss: 0.69998
[  1, 22501] loss: 0.69506
[  1, 23001] loss: 0.69731
[  1, 23501] loss: 0.69853
[  1, 24001] loss: 0.69395
[  1, 24501] loss: 0.68996
[  2,     1] loss: 0.69785
[  2,   501] loss: 0.69585
[  2,  1001] loss: 0.69148
[  2,  1501] loss: 0.69235
[  2,  2001] loss: 0.69216
[  2,  2501] loss: 0.69862
[  2,  3001] loss: 0.69412
[  2,  3501] loss: 0.69622
[  2,  4001] loss: 0.69743
[  2,  4501] loss: 0.69239
[  2,  5001] loss: 0.69198
[  2,  5501] loss: 0.70106
[  2,  6001] loss: 0.68929
[  2,  6501] loss: 0.69729
[  2,  7001] loss: 0.69486
[  2,  7501] loss: 0.69291
[  2,  8001] loss: 0.69409
[  2,  8501] loss: 0.69142
[  2,  9001] loss: 0.69219
[  2,  9501] loss: 0.69437
[  2, 10001] loss: 0.69371
[  2, 10501] loss: 0.69442
[  2, 11001] loss: 0.69312
[  2, 11501] loss: 0.68809
[  2, 12001] loss: 0.69097
[  2, 12501] loss: 0.68999
[  2, 13001] loss: 0.69401
[  2, 13501] loss: 0.69114
[  2, 14001] loss: 0.69645
[  2, 14501] loss: 0.69146
[  2, 15001] loss: 0.69777
[  2, 15501] loss: 0.69466
[  2, 16001] loss: 0.68906
[  2, 16501] loss: 0.68949
[  2, 17001] loss: 0.69236
[  2, 17501] loss: 0.68995
[  2, 18001] loss: 0.69056
[  2, 18501] loss: 0.69322
[  2, 19001] loss: 0.69562
[  2, 19501] loss: 0.68848
[  2, 20001] loss: 0.69324
[  2, 20501] loss: 0.69583
[  2, 21001] loss: 0.68992
[  2, 21501] loss: 0.69376
[  2, 22001] loss: 0.69303
[  2, 22501] loss: 0.70076
[  2, 23001] loss: 0.69719
[  2, 23501] loss: 0.69069
[  2, 24001] loss: 0.69359
[  2, 24501] loss: 0.68804
[  3,     1] loss: 0.69451
[  3,   501] loss: 0.68969
[  3,  1001] loss: 0.69035
[  3,  1501] loss: 0.69313
[  3,  2001] loss: 0.69019
[  3,  2501] loss: 0.69574
[  3,  3001] loss: 0.68892
[  3,  3501] loss: 0.69441
[  3,  4001] loss: 0.69239
[  3,  4501] loss: 0.69271
[  3,  5001] loss: 0.69043
[  3,  5501] loss: 0.69076
[  3,  6001] loss: 0.68784
[  3,  6501] loss: 0.69717
[  3,  7001] loss: 0.69006
[  3,  7501] loss: 0.69431
[  3,  8001] loss: 0.69026
[  3,  8501] loss: 0.68959
[  3,  9001] loss: 0.69679
[  3,  9501] loss: 0.68775
[  3, 10001] loss: 0.69123
[  3, 10501] loss: 0.68724
[  3, 11001] loss: 0.69219
[  3, 11501] loss: 0.68575
[  3, 12001] loss: 0.69259
[  3, 12501] loss: 0.69031
[  3, 13001] loss: 0.69531
[  3, 13501] loss: 0.69807
[  3, 14001] loss: 0.69192
[  3, 14501] loss: 0.69256
[  3, 15001] loss: 0.69379
[  3, 15501] loss: 0.69137
[  3, 16001] loss: 0.69151
[  3, 16501] loss: 0.69256
[  3, 17001] loss: 0.69460
[  3, 17501] loss: 0.69167
[  3, 18001] loss: 0.69216
[  3, 18501] loss: 0.69107
[  3, 19001] loss: 0.69572
[  3, 19501] loss: 0.69141
[  3, 20001] loss: 0.69690
[  3, 20501] loss: 0.69437
[  3, 21001] loss: 0.69241
[  3, 21501] loss: 0.69340
[  3, 22001] loss: 0.69076
[  3, 22501] loss: 0.69790
[  3, 23001] loss: 0.68974
[  3, 23501] loss: 0.69197
[  3, 24001] loss: 0.69208
[  3, 24501] loss: 0.69014
[  4,     1] loss: 0.69170
[  4,   501] loss: 0.69226
[  4,  1001] loss: 0.69142
[  4,  1501] loss: 0.68806
[  4,  2001] loss: 0.68904
[  4,  2501] loss: 0.68877
[  4,  3001] loss: 0.69320
[  4,  3501] loss: 0.69356
[  4,  4001] loss: 0.68888
[  4,  4501] loss: 0.69057
[  4,  5001] loss: 0.68839
[  4,  5501] loss: 0.69160
[  4,  6001] loss: 0.68957
[  4,  6501] loss: 0.69045
[  4,  7001] loss: 0.68827
[  4,  7501] loss: 0.68543
[  4,  8001] loss: 0.68868
[  4,  8501] loss: 0.69377
[  4,  9001] loss: 0.69037
[  4,  9501] loss: 0.69532
[  4, 10001] loss: 0.69222
[  4, 10501] loss: 0.69130
[  4, 11001] loss: 0.68503
[  4, 11501] loss: 0.68539
[  4, 12001] loss: 0.68799
[  4, 12501] loss: 0.69314
[  4, 13001] loss: 0.68729
[  4, 13501] loss: 0.68888
[  4, 14001] loss: 0.69596
[  4, 14501] loss: 0.69105
[  4, 15001] loss: 0.69511
[  4, 15501] loss: 0.68598
[  4, 16001] loss: 0.68892
[  4, 16501] loss: 0.68682
[  4, 17001] loss: 0.69429
[  4, 17501] loss: 0.69119
[  4, 18001] loss: 0.69350
[  4, 18501] loss: 0.69127
[  4, 19001] loss: 0.69367
[  4, 19501] loss: 0.69538
[  4, 20001] loss: 0.68999
[  4, 20501] loss: 0.69335
[  4, 21001] loss: 0.68811
[  4, 21501] loss: 0.69135
[  4, 22001] loss: 0.69038
[  4, 22501] loss: 0.69641
[  4, 23001] loss: 0.69281
[  4, 23501] loss: 0.68917
[  4, 24001] loss: 0.69053
[  4, 24501] loss: 0.68864
[  5,     1] loss: 0.69488
[  5,   501] loss: 0.69281
[  5,  1001] loss: 0.69037
[  5,  1501] loss: 0.68766
[  5,  2001] loss: 0.68694
[  5,  2501] loss: 0.69146
[  5,  3001] loss: 0.69192
[  5,  3501] loss: 0.69291
[  5,  4001] loss: 0.68800
[  5,  4501] loss: 0.69143
[  5,  5001] loss: 0.69325
[  5,  5501] loss: 0.69150
[  5,  6001] loss: 0.68481
[  5,  6501] loss: 0.68882
[  5,  7001] loss: 0.69018
[  5,  7501] loss: 0.68617
[  5,  8001] loss: 0.69733
[  5,  8501] loss: 0.69274
[  5,  9001] loss: 0.69698
[  5,  9501] loss: 0.69058
[  5, 10001] loss: 0.69370
[  5, 10501] loss: 0.69357
[  5, 11001] loss: 0.68622
[  5, 11501] loss: 0.69220
[  5, 12001] loss: 0.69135
[  5, 12501] loss: 0.69220
[  5, 13001] loss: 0.68879
[  5, 13501] loss: 0.68878
[  5, 14001] loss: 0.69331
[  5, 14501] loss: 0.68658
[  5, 15001] loss: 0.69463
[  5, 15501] loss: 0.68622
[  5, 16001] loss: 0.69589
[  5, 16501] loss: 0.69676
[  5, 17001] loss: 0.69350
[  5, 17501] loss: 0.69603
[  5, 18001] loss: 0.69162
[  5, 18501] loss: 0.69080
[  5, 19001] loss: 0.69479
[  5, 19501] loss: 0.68715
[  5, 20001] loss: 0.69633
[  5, 20501] loss: 0.69194
[  5, 21001] loss: 0.69171
[  5, 21501] loss: 0.69547
[  5, 22001] loss: 0.69078
[  5, 22501] loss: 0.69136
[  5, 23001] loss: 0.69036
[  5, 23501] loss: 0.68964
[  5, 24001] loss: 0.68752
[  5, 24501] loss: 0.68902
[  6,     1] loss: 0.69020
[  6,   501] loss: 0.69023
[  6,  1001] loss: 0.68888
[  6,  1501] loss: 0.69033
[  6,  2001] loss: 0.68948
[  6,  2501] loss: 0.69511
[  6,  3001] loss: 0.69239
[  6,  3501] loss: 0.69349
[  6,  4001] loss: 0.68650
[  6,  4501] loss: 0.68672
[  6,  5001] loss: 0.69070
[  6,  5501] loss: 0.69264
[  6,  6001] loss: 0.69376
[  6,  6501] loss: 0.68764
[  6,  7001] loss: 0.68946
[  6,  7501] loss: 0.68746
[  6,  8001] loss: 0.68914
[  6,  8501] loss: 0.68615
[  6,  9001] loss: 0.69500
[  6,  9501] loss: 0.69059
[  6, 10001] loss: 0.68822
[  6, 10501] loss: 0.69171
[  6, 11001] loss: 0.69301
[  6, 11501] loss: 0.69266
[  6, 12001] loss: 0.69026
[  6, 12501] loss: 0.68496
[  6, 13001] loss: 0.69165
[  6, 13501] loss: 0.69215
[  6, 14001] loss: 0.68624
[  6, 14501] loss: 0.68684
[  6, 15001] loss: 0.69850
[  6, 15501] loss: 0.68868
[  6, 16001] loss: 0.68824
[  6, 16501] loss: 0.68855
[  6, 17001] loss: 0.68709
[  6, 17501] loss: 0.69244
[  6, 18001] loss: 0.68500
[  6, 18501] loss: 0.68890
[  6, 19001] loss: 0.69259
[  6, 19501] loss: 0.68404
[  6, 20001] loss: 0.68715
[  6, 20501] loss: 0.69239
[  6, 21001] loss: 0.68838
[  6, 21501] loss: 0.69042
[  6, 22001] loss: 0.68634
[  6, 22501] loss: 0.69121
[  6, 23001] loss: 0.68948
[  6, 23501] loss: 0.68878
[  6, 24001] loss: 0.68549
[  6, 24501] loss: 0.69094
[  7,     1] loss: 0.68746
[  7,   501] loss: 0.68941
[  7,  1001] loss: 0.69630
[  7,  1501] loss: 0.68434
[  7,  2001] loss: 0.68408
[  7,  2501] loss: 0.68774
[  7,  3001] loss: 0.68866
[  7,  3501] loss: 0.68693
[  7,  4001] loss: 0.68627
[  7,  4501] loss: 0.68247
[  7,  5001] loss: 0.68661
[  7,  5501] loss: 0.67994
[  7,  6001] loss: 0.68599
[  7,  6501] loss: 0.68919
[  7,  7001] loss: 0.68964
[  7,  7501] loss: 0.69252
[  7,  8001] loss: 0.67868
[  7,  8501] loss: 0.68620
[  7,  9001] loss: 0.69194
[  7,  9501] loss: 0.69048
[  7, 10001] loss: 0.69133
[  7, 10501] loss: 0.68469
[  7, 11001] loss: 0.68843
[  7, 11501] loss: 0.69115
[  7, 12001] loss: 0.69235
[  7, 12501] loss: 0.68551
[  7, 13001] loss: 0.68754
[  7, 13501] loss: 0.68274
[  7, 14001] loss: 0.68992
[  7, 14501] loss: 0.68993
[  7, 15001] loss: 0.69576
[  7, 15501] loss: 0.69119
[  7, 16001] loss: 0.68546
[  7, 16501] loss: 0.68677
[  7, 17001] loss: 0.69463
[  7, 17501] loss: 0.68934
[  7, 18001] loss: 0.68647
[  7, 18501] loss: 0.68866
[  7, 19001] loss: 0.68506
[  7, 19501] loss: 0.68495
[  7, 20001] loss: 0.69546
[  7, 20501] loss: 0.69199
[  7, 21001] loss: 0.68986
[  7, 21501] loss: 0.68924
[  7, 22001] loss: 0.68749
[  7, 22501] loss: 0.68830
[  7, 23001] loss: 0.68652
[  7, 23501] loss: 0.69275
[  7, 24001] loss: 0.68601
[  7, 24501] loss: 0.68960
Finished training
Accuracy on train: 0.54772
Accuracy on test: 0.52170
