{'word_context': 11, 'word_embed_size': 30, 'word_conv_units': 5, 'hidden_units': 5, 'dropout': True, 'batch_size': 500}
2482
train set done
test set done
[  1,     1] loss: 0.83795
[  1,   501] loss: 0.79714
[  1,  1001] loss: 0.78388
[  1,  1501] loss: 0.80430
[  1,  2001] loss: 0.77030
[  1,  2501] loss: 0.76860
[  1,  3001] loss: 0.76823
[  1,  3501] loss: 0.72539
[  1,  4001] loss: 0.76202
[  1,  4501] loss: 0.70716
[  1,  5001] loss: 0.74146
[  1,  5501] loss: 0.71813
[  1,  6001] loss: 0.73235
[  1,  6501] loss: 0.70801
[  1,  7001] loss: 0.73443
[  1,  7501] loss: 0.72433
[  1,  8001] loss: 0.70524
[  1,  8501] loss: 0.70916
[  1,  9001] loss: 0.69231
[  1,  9501] loss: 0.71398
[  1, 10001] loss: 0.70500
[  1, 10501] loss: 0.70623
[  1, 11001] loss: 0.70619
[  1, 11501] loss: 0.70591
[  1, 12001] loss: 0.69880
[  1, 12501] loss: 0.69785
[  1, 13001] loss: 0.70913
[  1, 13501] loss: 0.70205
[  1, 14001] loss: 0.70420
[  1, 14501] loss: 0.71315
[  1, 15001] loss: 0.71167
[  1, 15501] loss: 0.70698
[  1, 16001] loss: 0.69691
[  1, 16501] loss: 0.70442
[  1, 17001] loss: 0.69223
[  1, 17501] loss: 0.70376
[  1, 18001] loss: 0.69562
[  1, 18501] loss: 0.69375
[  1, 19001] loss: 0.68957
[  1, 19501] loss: 0.69832
[  1, 20001] loss: 0.71740
[  1, 20501] loss: 0.69896
[  1, 21001] loss: 0.69215
[  1, 21501] loss: 0.70063
[  1, 22001] loss: 0.69896
[  1, 22501] loss: 0.69610
[  1, 23001] loss: 0.68886
[  1, 23501] loss: 0.69176
[  1, 24001] loss: 0.71312
[  1, 24501] loss: 0.69778
[  2,     1] loss: 0.69055
[  2,   501] loss: 0.70284
[  2,  1001] loss: 0.70190
[  2,  1501] loss: 0.69598
[  2,  2001] loss: 0.68734
[  2,  2501] loss: 0.70050
[  2,  3001] loss: 0.69066
[  2,  3501] loss: 0.69215
[  2,  4001] loss: 0.69036
[  2,  4501] loss: 0.70395
[  2,  5001] loss: 0.70054
[  2,  5501] loss: 0.69997
[  2,  6001] loss: 0.69398
[  2,  6501] loss: 0.68814
[  2,  7001] loss: 0.69289
[  2,  7501] loss: 0.70503
[  2,  8001] loss: 0.69000
[  2,  8501] loss: 0.68713
[  2,  9001] loss: 0.70798
[  2,  9501] loss: 0.69038
[  2, 10001] loss: 0.69831
[  2, 10501] loss: 0.69263
[  2, 11001] loss: 0.69446
[  2, 11501] loss: 0.69122
[  2, 12001] loss: 0.68992
[  2, 12501] loss: 0.68836
[  2, 13001] loss: 0.69033
[  2, 13501] loss: 0.69052
[  2, 14001] loss: 0.69772
[  2, 14501] loss: 0.69360
[  2, 15001] loss: 0.69609
[  2, 15501] loss: 0.70003
[  2, 16001] loss: 0.69738
[  2, 16501] loss: 0.70836
[  2, 17001] loss: 0.69264
[  2, 17501] loss: 0.69578
[  2, 18001] loss: 0.70041
[  2, 18501] loss: 0.69966
[  2, 19001] loss: 0.68788
[  2, 19501] loss: 0.69025
[  2, 20001] loss: 0.69138
[  2, 20501] loss: 0.69048
[  2, 21001] loss: 0.69251
[  2, 21501] loss: 0.69499
[  2, 22001] loss: 0.68787
[  2, 22501] loss: 0.69456
[  2, 23001] loss: 0.68966
[  2, 23501] loss: 0.69404
[  2, 24001] loss: 0.69330
[  2, 24501] loss: 0.69097
[  3,     1] loss: 0.68971
[  3,   501] loss: 0.69502
[  3,  1001] loss: 0.68974
[  3,  1501] loss: 0.69293
[  3,  2001] loss: 0.69588
[  3,  2501] loss: 0.70080
[  3,  3001] loss: 0.68953
[  3,  3501] loss: 0.69722
[  3,  4001] loss: 0.68926
[  3,  4501] loss: 0.69439
[  3,  5001] loss: 0.69086
[  3,  5501] loss: 0.69679
[  3,  6001] loss: 0.69798
[  3,  6501] loss: 0.68547
[  3,  7001] loss: 0.69503
[  3,  7501] loss: 0.68472
[  3,  8001] loss: 0.68781
[  3,  8501] loss: 0.68459
[  3,  9001] loss: 0.70151
[  3,  9501] loss: 0.69126
[  3, 10001] loss: 0.70020
[  3, 10501] loss: 0.68762
[  3, 11001] loss: 0.69668
[  3, 11501] loss: 0.70262
[  3, 12001] loss: 0.69735
[  3, 12501] loss: 0.68793
[  3, 13001] loss: 0.69600
[  3, 13501] loss: 0.69059
[  3, 14001] loss: 0.69169
[  3, 14501] loss: 0.69385
[  3, 15001] loss: 0.69607
[  3, 15501] loss: 0.69113
[  3, 16001] loss: 0.69020
[  3, 16501] loss: 0.68931
[  3, 17001] loss: 0.69091
[  3, 17501] loss: 0.69472
[  3, 18001] loss: 0.69731
[  3, 18501] loss: 0.69530
[  3, 19001] loss: 0.69520
[  3, 19501] loss: 0.69024
[  3, 20001] loss: 0.69077
[  3, 20501] loss: 0.68535
[  3, 21001] loss: 0.69054
[  3, 21501] loss: 0.68476
[  3, 22001] loss: 0.69291
[  3, 22501] loss: 0.68810
[  3, 23001] loss: 0.69313
[  3, 23501] loss: 0.68671
[  3, 24001] loss: 0.69041
[  3, 24501] loss: 0.68793
[  4,     1] loss: 0.68760
[  4,   501] loss: 0.70024
[  4,  1001] loss: 0.69614
[  4,  1501] loss: 0.68846
[  4,  2001] loss: 0.69569
[  4,  2501] loss: 0.68521
[  4,  3001] loss: 0.68989
[  4,  3501] loss: 0.68701
[  4,  4001] loss: 0.69495
[  4,  4501] loss: 0.69216
[  4,  5001] loss: 0.69356
[  4,  5501] loss: 0.69154
[  4,  6001] loss: 0.69047
[  4,  6501] loss: 0.69209
[  4,  7001] loss: 0.68448
[  4,  7501] loss: 0.68424
[  4,  8001] loss: 0.69260
[  4,  8501] loss: 0.69280
[  4,  9001] loss: 0.69919
[  4,  9501] loss: 0.68589
[  4, 10001] loss: 0.69010
[  4, 10501] loss: 0.68915
[  4, 11001] loss: 0.69588
[  4, 11501] loss: 0.69169
[  4, 12001] loss: 0.68970
[  4, 12501] loss: 0.68580
[  4, 13001] loss: 0.68595
[  4, 13501] loss: 0.68974
[  4, 14001] loss: 0.68927
[  4, 14501] loss: 0.69294
[  4, 15001] loss: 0.69165
[  4, 15501] loss: 0.69493
[  4, 16001] loss: 0.68424
[  4, 16501] loss: 0.69376
[  4, 17001] loss: 0.68370
[  4, 17501] loss: 0.68604
[  4, 18001] loss: 0.68472
[  4, 18501] loss: 0.68447
[  4, 19001] loss: 0.68950
[  4, 19501] loss: 0.69641
[  4, 20001] loss: 0.68788
[  4, 20501] loss: 0.69022
[  4, 21001] loss: 0.68901
[  4, 21501] loss: 0.69309
[  4, 22001] loss: 0.68799
[  4, 22501] loss: 0.68604
[  4, 23001] loss: 0.69476
[  4, 23501] loss: 0.68504
[  4, 24001] loss: 0.68931
[  4, 24501] loss: 0.68245
[  5,     1] loss: 0.69166
[  5,   501] loss: 0.69638
[  5,  1001] loss: 0.68831
[  5,  1501] loss: 0.68555
[  5,  2001] loss: 0.69882
[  5,  2501] loss: 0.68529
[  5,  3001] loss: 0.68571
[  5,  3501] loss: 0.68806
[  5,  4001] loss: 0.68549
[  5,  4501] loss: 0.69009
[  5,  5001] loss: 0.67769
[  5,  5501] loss: 0.69015
[  5,  6001] loss: 0.68810
[  5,  6501] loss: 0.68042
[  5,  7001] loss: 0.69490
[  5,  7501] loss: 0.69208
[  5,  8001] loss: 0.68436
[  5,  8501] loss: 0.68322
[  5,  9001] loss: 0.69207
[  5,  9501] loss: 0.68968
[  5, 10001] loss: 0.69401
[  5, 10501] loss: 0.69308
[  5, 11001] loss: 0.68984
[  5, 11501] loss: 0.68985
[  5, 12001] loss: 0.67999
[  5, 12501] loss: 0.68425
[  5, 13001] loss: 0.69288
[  5, 13501] loss: 0.68715
[  5, 14001] loss: 0.69000
[  5, 14501] loss: 0.68731
[  5, 15001] loss: 0.68882
[  5, 15501] loss: 0.68909
[  5, 16001] loss: 0.67231
[  5, 16501] loss: 0.69086
[  5, 17001] loss: 0.69240
[  5, 17501] loss: 0.68912
[  5, 18001] loss: 0.68591
[  5, 18501] loss: 0.69589
[  5, 19001] loss: 0.68300
[  5, 19501] loss: 0.69147
[  5, 20001] loss: 0.67890
[  5, 20501] loss: 0.69428
[  5, 21001] loss: 0.69134
[  5, 21501] loss: 0.68341
[  5, 22001] loss: 0.68710
[  5, 22501] loss: 0.69290
[  5, 23001] loss: 0.68824
[  5, 23501] loss: 0.68179
[  5, 24001] loss: 0.69596
[  5, 24501] loss: 0.67645
[  6,     1] loss: 0.68968
[  6,   501] loss: 0.68165
[  6,  1001] loss: 0.68761
[  6,  1501] loss: 0.68242
[  6,  2001] loss: 0.68584
[  6,  2501] loss: 0.68663
[  6,  3001] loss: 0.68651
[  6,  3501] loss: 0.68462
[  6,  4001] loss: 0.68725
[  6,  4501] loss: 0.68537
[  6,  5001] loss: 0.68384
[  6,  5501] loss: 0.69365
[  6,  6001] loss: 0.68175
[  6,  6501] loss: 0.67282
[  6,  7001] loss: 0.69243
[  6,  7501] loss: 0.68716
[  6,  8001] loss: 0.68740
[  6,  8501] loss: 0.68532
[  6,  9001] loss: 0.68140
[  6,  9501] loss: 0.68268
[  6, 10001] loss: 0.68940
[  6, 10501] loss: 0.67794
[  6, 11001] loss: 0.67838
[  6, 11501] loss: 0.68696
[  6, 12001] loss: 0.68357
[  6, 12501] loss: 0.68059
[  6, 13001] loss: 0.68002
[  6, 13501] loss: 0.70123
[  6, 14001] loss: 0.68546
[  6, 14501] loss: 0.69624
[  6, 15001] loss: 0.68513
[  6, 15501] loss: 0.68864
[  6, 16001] loss: 0.68734
[  6, 16501] loss: 0.68655
[  6, 17001] loss: 0.67561
[  6, 17501] loss: 0.68633
[  6, 18001] loss: 0.68135
[  6, 18501] loss: 0.69428
[  6, 19001] loss: 0.68374
[  6, 19501] loss: 0.67864
[  6, 20001] loss: 0.69053
[  6, 20501] loss: 0.68595
[  6, 21001] loss: 0.68518
[  6, 21501] loss: 0.69107
[  6, 22001] loss: 0.68423
[  6, 22501] loss: 0.68077
[  6, 23001] loss: 0.69478
[  6, 23501] loss: 0.67724
[  6, 24001] loss: 0.68709
[  6, 24501] loss: 0.68005
[  7,     1] loss: 0.68801
[  7,   501] loss: 0.69443
[  7,  1001] loss: 0.68193
[  7,  1501] loss: 0.68725
[  7,  2001] loss: 0.69031
[  7,  2501] loss: 0.68292
[  7,  3001] loss: 0.67965
[  7,  3501] loss: 0.68026
[  7,  4001] loss: 0.69189
[  7,  4501] loss: 0.68247
[  7,  5001] loss: 0.68521
[  7,  5501] loss: 0.68564
[  7,  6001] loss: 0.68950
[  7,  6501] loss: 0.68479
[  7,  7001] loss: 0.68609
[  7,  7501] loss: 0.68129
[  7,  8001] loss: 0.68595
[  7,  8501] loss: 0.67368
[  7,  9001] loss: 0.68299
[  7,  9501] loss: 0.68177
[  7, 10001] loss: 0.69179
[  7, 10501] loss: 0.68143
[  7, 11001] loss: 0.68505
[  7, 11501] loss: 0.68344
[  7, 12001] loss: 0.67751
[  7, 12501] loss: 0.68581
[  7, 13001] loss: 0.69306
[  7, 13501] loss: 0.68629
[  7, 14001] loss: 0.67806
[  7, 14501] loss: 0.69587
[  7, 15001] loss: 0.69602
[  7, 15501] loss: 0.68121
[  7, 16001] loss: 0.68129
[  7, 16501] loss: 0.68937
[  7, 17001] loss: 0.67743
[  7, 17501] loss: 0.68245
[  7, 18001] loss: 0.68364
[  7, 18501] loss: 0.69144
[  7, 19001] loss: 0.67947
[  7, 19501] loss: 0.68276
[  7, 20001] loss: 0.68644
[  7, 20501] loss: 0.68767
[  7, 21001] loss: 0.69118
[  7, 21501] loss: 0.68413
[  7, 22001] loss: 0.68442
[  7, 22501] loss: 0.68459
[  7, 23001] loss: 0.67882
[  7, 23501] loss: 0.68140
[  7, 24001] loss: 0.69659
[  7, 24501] loss: 0.68812
Finished training
Accuracy on train: 0.55436
Accuracy on test: 0.52218
