{'word_context': 9, 'word_embed_size': 30, 'word_conv_units': 5, 'hidden_units': 5, 'dropout': True, 'batch_size': 500}
2482
train set done
test set done
[  1,     1] loss: 0.73660
[  1,   501] loss: 0.74898
[  1,  1001] loss: 0.73589
[  1,  1501] loss: 0.71257
[  1,  2001] loss: 0.72398
[  1,  2501] loss: 0.70589
[  1,  3001] loss: 0.70434
[  1,  3501] loss: 0.71260
[  1,  4001] loss: 0.70779
[  1,  4501] loss: 0.70366
[  1,  5001] loss: 0.70808
[  1,  5501] loss: 0.71196
[  1,  6001] loss: 0.70398
[  1,  6501] loss: 0.69527
[  1,  7001] loss: 0.70489
[  1,  7501] loss: 0.69821
[  1,  8001] loss: 0.69123
[  1,  8501] loss: 0.69467
[  1,  9001] loss: 0.69616
[  1,  9501] loss: 0.69713
[  1, 10001] loss: 0.70052
[  1, 10501] loss: 0.70189
[  1, 11001] loss: 0.69900
[  1, 11501] loss: 0.69737
[  1, 12001] loss: 0.70359
[  1, 12501] loss: 0.71166
[  1, 13001] loss: 0.70207
[  1, 13501] loss: 0.70240
[  1, 14001] loss: 0.70242
[  1, 14501] loss: 0.70553
[  1, 15001] loss: 0.69985
[  1, 15501] loss: 0.70494
[  1, 16001] loss: 0.70371
[  1, 16501] loss: 0.69732
[  1, 17001] loss: 0.70338
[  1, 17501] loss: 0.69459
[  1, 18001] loss: 0.69355
[  1, 18501] loss: 0.69196
[  1, 19001] loss: 0.69732
[  1, 19501] loss: 0.69561
[  1, 20001] loss: 0.70094
[  1, 20501] loss: 0.68924
[  1, 21001] loss: 0.69037
[  1, 21501] loss: 0.69678
[  1, 22001] loss: 0.69625
[  1, 22501] loss: 0.69597
[  1, 23001] loss: 0.69192
[  1, 23501] loss: 0.69077
[  1, 24001] loss: 0.69118
[  1, 24501] loss: 0.69699
[  2,     1] loss: 0.69107
[  2,   501] loss: 0.68871
[  2,  1001] loss: 0.69513
[  2,  1501] loss: 0.69164
[  2,  2001] loss: 0.70084
[  2,  2501] loss: 0.69061
[  2,  3001] loss: 0.69569
[  2,  3501] loss: 0.69143
[  2,  4001] loss: 0.69997
[  2,  4501] loss: 0.68870
[  2,  5001] loss: 0.69113
[  2,  5501] loss: 0.69693
[  2,  6001] loss: 0.69436
[  2,  6501] loss: 0.68972
[  2,  7001] loss: 0.69078
[  2,  7501] loss: 0.68919
[  2,  8001] loss: 0.69593
[  2,  8501] loss: 0.69067
[  2,  9001] loss: 0.69719
[  2,  9501] loss: 0.69157
[  2, 10001] loss: 0.69750
[  2, 10501] loss: 0.68869
[  2, 11001] loss: 0.69025
[  2, 11501] loss: 0.69188
[  2, 12001] loss: 0.69128
[  2, 12501] loss: 0.70165
[  2, 13001] loss: 0.68999
[  2, 13501] loss: 0.68356
[  2, 14001] loss: 0.69850
[  2, 14501] loss: 0.69265
[  2, 15001] loss: 0.69024
[  2, 15501] loss: 0.69783
[  2, 16001] loss: 0.69228
[  2, 16501] loss: 0.69122
[  2, 17001] loss: 0.70590
[  2, 17501] loss: 0.68794
[  2, 18001] loss: 0.69845
[  2, 18501] loss: 0.68632
[  2, 19001] loss: 0.69342
[  2, 19501] loss: 0.69045
[  2, 20001] loss: 0.69570
[  2, 20501] loss: 0.69103
[  2, 21001] loss: 0.69639
[  2, 21501] loss: 0.70147
[  2, 22001] loss: 0.68915
[  2, 22501] loss: 0.69444
[  2, 23001] loss: 0.69284
[  2, 23501] loss: 0.69118
[  2, 24001] loss: 0.68880
[  2, 24501] loss: 0.69442
[  3,     1] loss: 0.69200
[  3,   501] loss: 0.69291
[  3,  1001] loss: 0.69305
[  3,  1501] loss: 0.68925
[  3,  2001] loss: 0.69375
[  3,  2501] loss: 0.68851
[  3,  3001] loss: 0.69281
[  3,  3501] loss: 0.69314
[  3,  4001] loss: 0.68233
[  3,  4501] loss: 0.69140
[  3,  5001] loss: 0.69301
[  3,  5501] loss: 0.69146
[  3,  6001] loss: 0.69266
[  3,  6501] loss: 0.69120
[  3,  7001] loss: 0.69074
[  3,  7501] loss: 0.69553
[  3,  8001] loss: 0.69092
[  3,  8501] loss: 0.69060
[  3,  9001] loss: 0.69552
[  3,  9501] loss: 0.68424
[  3, 10001] loss: 0.68976
[  3, 10501] loss: 0.69763
[  3, 11001] loss: 0.68469
[  3, 11501] loss: 0.68770
[  3, 12001] loss: 0.69684
[  3, 12501] loss: 0.69573
[  3, 13001] loss: 0.68510
[  3, 13501] loss: 0.69500
[  3, 14001] loss: 0.68691
[  3, 14501] loss: 0.69661
[  3, 15001] loss: 0.68843
[  3, 15501] loss: 0.68904
[  3, 16001] loss: 0.69145
[  3, 16501] loss: 0.69548
[  3, 17001] loss: 0.68753
[  3, 17501] loss: 0.69001
[  3, 18001] loss: 0.69168
[  3, 18501] loss: 0.69051
[  3, 19001] loss: 0.69142
[  3, 19501] loss: 0.68577
[  3, 20001] loss: 0.68777
[  3, 20501] loss: 0.69104
[  3, 21001] loss: 0.69320
[  3, 21501] loss: 0.68515
[  3, 22001] loss: 0.69036
[  3, 22501] loss: 0.68870
[  3, 23001] loss: 0.68214
[  3, 23501] loss: 0.69137
[  3, 24001] loss: 0.68683
[  3, 24501] loss: 0.69298
[  4,     1] loss: 0.69283
[  4,   501] loss: 0.69238
[  4,  1001] loss: 0.68184
[  4,  1501] loss: 0.68160
[  4,  2001] loss: 0.68885
[  4,  2501] loss: 0.68374
[  4,  3001] loss: 0.69244
[  4,  3501] loss: 0.69058
[  4,  4001] loss: 0.67779
[  4,  4501] loss: 0.68859
[  4,  5001] loss: 0.69868
[  4,  5501] loss: 0.68580
[  4,  6001] loss: 0.69044
[  4,  6501] loss: 0.69808
[  4,  7001] loss: 0.68681
[  4,  7501] loss: 0.69448
[  4,  8001] loss: 0.69516
[  4,  8501] loss: 0.68949
[  4,  9001] loss: 0.69064
[  4,  9501] loss: 0.68504
[  4, 10001] loss: 0.68963
[  4, 10501] loss: 0.69554
[  4, 11001] loss: 0.68084
[  4, 11501] loss: 0.68312
[  4, 12001] loss: 0.69543
[  4, 12501] loss: 0.68617
[  4, 13001] loss: 0.69409
[  4, 13501] loss: 0.68834
[  4, 14001] loss: 0.68786
[  4, 14501] loss: 0.68815
[  4, 15001] loss: 0.68810
[  4, 15501] loss: 0.68854
[  4, 16001] loss: 0.68571
[  4, 16501] loss: 0.69471
[  4, 17001] loss: 0.68338
[  4, 17501] loss: 0.68956
[  4, 18001] loss: 0.68607
[  4, 18501] loss: 0.68506
[  4, 19001] loss: 0.68589
[  4, 19501] loss: 0.69198
[  4, 20001] loss: 0.68563
[  4, 20501] loss: 0.68762
[  4, 21001] loss: 0.68788
[  4, 21501] loss: 0.68892
[  4, 22001] loss: 0.68339
[  4, 22501] loss: 0.68323
[  4, 23001] loss: 0.68138
[  4, 23501] loss: 0.68370
[  4, 24001] loss: 0.69326
[  4, 24501] loss: 0.68313
[  5,     1] loss: 0.68849
[  5,   501] loss: 0.67942
[  5,  1001] loss: 0.68382
[  5,  1501] loss: 0.68169
[  5,  2001] loss: 0.68778
[  5,  2501] loss: 0.67600
[  5,  3001] loss: 0.69708
[  5,  3501] loss: 0.68812
[  5,  4001] loss: 0.68046
[  5,  4501] loss: 0.68520
[  5,  5001] loss: 0.67982
[  5,  5501] loss: 0.68183
[  5,  6001] loss: 0.69210
[  5,  6501] loss: 0.68602
[  5,  7001] loss: 0.68880
[  5,  7501] loss: 0.69202
[  5,  8001] loss: 0.69532
[  5,  8501] loss: 0.68689
[  5,  9001] loss: 0.69076
[  5,  9501] loss: 0.68344
[  5, 10001] loss: 0.68631
[  5, 10501] loss: 0.68543
[  5, 11001] loss: 0.69232
[  5, 11501] loss: 0.68725
[  5, 12001] loss: 0.68840
[  5, 12501] loss: 0.69322
[  5, 13001] loss: 0.68746
[  5, 13501] loss: 0.68745
[  5, 14001] loss: 0.68880
[  5, 14501] loss: 0.69078
[  5, 15001] loss: 0.68623
[  5, 15501] loss: 0.69445
[  5, 16001] loss: 0.67654
[  5, 16501] loss: 0.68032
[  5, 17001] loss: 0.68292
[  5, 17501] loss: 0.68026
[  5, 18001] loss: 0.68003
[  5, 18501] loss: 0.69499
[  5, 19001] loss: 0.68468
[  5, 19501] loss: 0.68694
[  5, 20001] loss: 0.69221
[  5, 20501] loss: 0.68923
[  5, 21001] loss: 0.69406
[  5, 21501] loss: 0.68520
[  5, 22001] loss: 0.68720
[  5, 22501] loss: 0.68290
[  5, 23001] loss: 0.68221
[  5, 23501] loss: 0.69126
[  5, 24001] loss: 0.68929
[  5, 24501] loss: 0.69181
[  6,     1] loss: 0.68731
[  6,   501] loss: 0.68838
[  6,  1001] loss: 0.67592
[  6,  1501] loss: 0.68719
[  6,  2001] loss: 0.68718
[  6,  2501] loss: 0.67892
[  6,  3001] loss: 0.68982
[  6,  3501] loss: 0.68019
[  6,  4001] loss: 0.67992
[  6,  4501] loss: 0.68408
[  6,  5001] loss: 0.68117
[  6,  5501] loss: 0.68658
[  6,  6001] loss: 0.68987
[  6,  6501] loss: 0.68321
[  6,  7001] loss: 0.69263
[  6,  7501] loss: 0.68593
[  6,  8001] loss: 0.69001
[  6,  8501] loss: 0.68978
[  6,  9001] loss: 0.68645
[  6,  9501] loss: 0.69049
[  6, 10001] loss: 0.67683
[  6, 10501] loss: 0.68838
[  6, 11001] loss: 0.68809
[  6, 11501] loss: 0.68909
[  6, 12001] loss: 0.68230
[  6, 12501] loss: 0.69223
[  6, 13001] loss: 0.69344
[  6, 13501] loss: 0.69151
[  6, 14001] loss: 0.67466
[  6, 14501] loss: 0.67928
[  6, 15001] loss: 0.68472
[  6, 15501] loss: 0.68189
[  6, 16001] loss: 0.68360
[  6, 16501] loss: 0.68435
[  6, 17001] loss: 0.68623
[  6, 17501] loss: 0.67725
[  6, 18001] loss: 0.68869
[  6, 18501] loss: 0.68206
[  6, 19001] loss: 0.68420
[  6, 19501] loss: 0.67282
[  6, 20001] loss: 0.68237
[  6, 20501] loss: 0.68547
[  6, 21001] loss: 0.68558
[  6, 21501] loss: 0.68995
[  6, 22001] loss: 0.69244
[  6, 22501] loss: 0.67865
[  6, 23001] loss: 0.67527
[  6, 23501] loss: 0.68881
[  6, 24001] loss: 0.68903
[  6, 24501] loss: 0.69659
[  7,     1] loss: 0.68952
[  7,   501] loss: 0.68513
[  7,  1001] loss: 0.67549
[  7,  1501] loss: 0.68265
[  7,  2001] loss: 0.68711
[  7,  2501] loss: 0.67915
[  7,  3001] loss: 0.68742
[  7,  3501] loss: 0.68990
[  7,  4001] loss: 0.68920
[  7,  4501] loss: 0.67761
[  7,  5001] loss: 0.67633
[  7,  5501] loss: 0.67839
[  7,  6001] loss: 0.68945
[  7,  6501] loss: 0.68361
[  7,  7001] loss: 0.68909
[  7,  7501] loss: 0.69076
[  7,  8001] loss: 0.68765
[  7,  8501] loss: 0.68661
[  7,  9001] loss: 0.68908
[  7,  9501] loss: 0.68747
[  7, 10001] loss: 0.68443
[  7, 10501] loss: 0.68594
[  7, 11001] loss: 0.69474
[  7, 11501] loss: 0.68510
[  7, 12001] loss: 0.69597
[  7, 12501] loss: 0.68341
[  7, 13001] loss: 0.68783
[  7, 13501] loss: 0.68472
[  7, 14001] loss: 0.68312
[  7, 14501] loss: 0.68017
[  7, 15001] loss: 0.67865
[  7, 15501] loss: 0.67572
[  7, 16001] loss: 0.68138
[  7, 16501] loss: 0.68476
[  7, 17001] loss: 0.69168
[  7, 17501] loss: 0.68131
[  7, 18001] loss: 0.68033
[  7, 18501] loss: 0.67197
[  7, 19001] loss: 0.68839
[  7, 19501] loss: 0.67631
[  7, 20001] loss: 0.70135
[  7, 20501] loss: 0.68059
[  7, 21001] loss: 0.67988
[  7, 21501] loss: 0.67960
[  7, 22001] loss: 0.68096
[  7, 22501] loss: 0.68425
[  7, 23001] loss: 0.69018
[  7, 23501] loss: 0.67938
[  7, 24001] loss: 0.68669
[  7, 24501] loss: 0.69192
Finished training
Accuracy on train: 0.55744
Accuracy on test: 0.52816
