{'word_context': 101, 'word_embed_size': 500, 'word_conv_units': 10, 'hidden_units': 5, 'dropout': False, 'batch_size': 500}
2482
train set done
test set done
[  1,     1] loss: 0.70997
[  1,   501] loss: 5.85901
[  1,  1001] loss: 34.84273
[  1,  1501] loss: 1.62415
[  1,  2001] loss: 21.90192
[  1,  2501] loss: 1.70934
[  1,  3001] loss: 2.94081
[  1,  3501] loss: 2.26911
[  1,  4001] loss: 2.14890
[  1,  4501] loss: 2.07957
[  1,  5001] loss: 5.23977
[  1,  5501] loss: 1.60457
[  1,  6001] loss: 1.69480
[  1,  6501] loss: 1.55408
[  1,  7001] loss: 1.46993
[  1,  7501] loss: 1.49832
[  1,  8001] loss: 1.94358
[  1,  8501] loss: 1.51088
[  1,  9001] loss: 1.44815
[  1,  9501] loss: 1.52111
[  1, 10001] loss: 1.56083
[  1, 10501] loss: 1.78649
[  1, 11001] loss: 1.45985
[  1, 11501] loss: 1.25429
[  1, 12001] loss: 1.23573
[  1, 12501] loss: 1.24624
[  1, 13001] loss: 1.21064
[  1, 13501] loss: 1.26329
[  1, 14001] loss: 1.44758
[  1, 14501] loss: 1.10147
[  1, 15001] loss: 1.18523
[  1, 15501] loss: 1.24340
[  1, 16001] loss: 1.21600
[  1, 16501] loss: 1.21881
[  1, 17001] loss: 1.28206
[  1, 17501] loss: 1.29394
[  1, 18001] loss: 1.19845
[  1, 18501] loss: 1.08110
[  1, 19001] loss: 1.30823
[  1, 19501] loss: 1.34864
[  1, 20001] loss: 1.29986
[  1, 20501] loss: 1.21893
[  1, 21001] loss: 1.08664
[  1, 21501] loss: 1.08144
[  1, 22001] loss: 1.09668
[  1, 22501] loss: 1.20064
[  1, 23001] loss: 1.21067
[  1, 23501] loss: 1.13166
[  1, 24001] loss: 1.06325
[  1, 24501] loss: 1.11037
[  2,     1] loss: 1.12578
[  2,   501] loss: 1.13091
[  2,  1001] loss: 0.94362
[  2,  1501] loss: 0.87342
[  2,  2001] loss: 0.84756
[  2,  2501] loss: 0.78676
[  2,  3001] loss: 0.78937
[  2,  3501] loss: 0.82196
[  2,  4001] loss: 0.83174
[  2,  4501] loss: 0.85656
[  2,  5001] loss: 0.85556
[  2,  5501] loss: 0.82635
[  2,  6001] loss: 0.66010
[  2,  6501] loss: 0.61721
[  2,  7001] loss: 0.62261
[  2,  7501] loss: 0.76381
[  2,  8001] loss: 0.89774
[  2,  8501] loss: 1.00725
[  2,  9001] loss: 1.21104
[  2,  9501] loss: 1.17655
[  2, 10001] loss: 1.04185
[  2, 10501] loss: 0.88336
[  2, 11001] loss: 0.99685
[  2, 11501] loss: 1.08566
[  2, 12001] loss: 1.01513
[  2, 12501] loss: 1.00098
[  2, 13001] loss: 1.04143
[  2, 13501] loss: 0.95073
[  2, 14001] loss: 0.84410
[  2, 14501] loss: 0.90778
[  2, 15001] loss: 0.84087
[  2, 15501] loss: 0.82909
[  2, 16001] loss: 0.78701
[  2, 16501] loss: 0.76749
[  2, 17001] loss: 0.77856
[  2, 17501] loss: 0.77502
[  2, 18001] loss: 0.79262
[  2, 18501] loss: 0.81006
[  2, 19001] loss: 0.74815
[  2, 19501] loss: 0.72380
[  2, 20001] loss: 0.71809
[  2, 20501] loss: 0.70876
[  2, 21001] loss: 0.71607
[  2, 21501] loss: 0.75105
[  2, 22001] loss: 0.71986
[  2, 22501] loss: 0.67662
[  2, 23001] loss: 0.70570
[  2, 23501] loss: 0.76335
[  2, 24001] loss: 0.72584
[  2, 24501] loss: 0.77285
Finished training
Accuracy on train: 0.69236
Accuracy on test: 0.53960
