{'word_context': 15, 'word_embed_size': 15, 'word_conv_units': 10, 'hidden_units': 5, 'dropout': True, 'batch_size': 500}
2482
train set done
test set done
[  1,     1] loss: 1.09726
[  1,   501] loss: 1.09365
[  1,  1001] loss: 0.95523
[  1,  1501] loss: 0.91807
[  1,  2001] loss: 0.84981
[  1,  2501] loss: 0.87390
[  1,  3001] loss: 0.81134
[  1,  3501] loss: 0.82732
[  1,  4001] loss: 0.83328
[  1,  4501] loss: 0.78843
[  1,  5001] loss: 0.83330
[  1,  5501] loss: 0.77349
[  1,  6001] loss: 0.76290
[  1,  6501] loss: 0.79568
[  1,  7001] loss: 0.78950
[  1,  7501] loss: 0.78210
[  1,  8001] loss: 0.76875
[  1,  8501] loss: 0.77474
[  1,  9001] loss: 0.76290
[  1,  9501] loss: 0.77323
[  1, 10001] loss: 0.72809
[  1, 10501] loss: 0.76600
[  1, 11001] loss: 0.74242
[  1, 11501] loss: 0.73738
[  1, 12001] loss: 0.72325
[  1, 12501] loss: 0.72577
[  1, 13001] loss: 0.75532
[  1, 13501] loss: 0.74728
[  1, 14001] loss: 0.73843
[  1, 14501] loss: 0.71749
[  1, 15001] loss: 0.71863
[  1, 15501] loss: 0.71907
[  1, 16001] loss: 0.74037
[  1, 16501] loss: 0.71170
[  1, 17001] loss: 0.72671
[  1, 17501] loss: 0.71582
[  1, 18001] loss: 0.71348
[  1, 18501] loss: 0.72157
[  1, 19001] loss: 0.68932
[  1, 19501] loss: 0.71068
[  1, 20001] loss: 0.73201
[  1, 20501] loss: 0.72394
[  1, 21001] loss: 0.70201
[  1, 21501] loss: 0.71923
[  1, 22001] loss: 0.72542
[  1, 22501] loss: 0.71774
[  1, 23001] loss: 0.70417
[  1, 23501] loss: 0.70215
[  1, 24001] loss: 0.70987
[  1, 24501] loss: 0.70448
[  2,     1] loss: 0.69911
[  2,   501] loss: 0.71130
[  2,  1001] loss: 0.70491
[  2,  1501] loss: 0.70137
[  2,  2001] loss: 0.70321
[  2,  2501] loss: 0.70740
[  2,  3001] loss: 0.70547
[  2,  3501] loss: 0.69476
[  2,  4001] loss: 0.71230
[  2,  4501] loss: 0.70616
[  2,  5001] loss: 0.71182
[  2,  5501] loss: 0.69812
[  2,  6001] loss: 0.69033
[  2,  6501] loss: 0.70249
[  2,  7001] loss: 0.70484
[  2,  7501] loss: 0.71031
[  2,  8001] loss: 0.70516
[  2,  8501] loss: 0.69618
[  2,  9001] loss: 0.70185
[  2,  9501] loss: 0.69008
[  2, 10001] loss: 0.69856
[  2, 10501] loss: 0.69702
[  2, 11001] loss: 0.69749
[  2, 11501] loss: 0.68741
[  2, 12001] loss: 0.69679
[  2, 12501] loss: 0.69849
[  2, 13001] loss: 0.69445
[  2, 13501] loss: 0.70128
[  2, 14001] loss: 0.70194
[  2, 14501] loss: 0.69179
[  2, 15001] loss: 0.69239
[  2, 15501] loss: 0.68620
[  2, 16001] loss: 0.70231
[  2, 16501] loss: 0.69825
[  2, 17001] loss: 0.69697
[  2, 17501] loss: 0.68932
[  2, 18001] loss: 0.69816
[  2, 18501] loss: 0.69652
[  2, 19001] loss: 0.69272
[  2, 19501] loss: 0.69752
[  2, 20001] loss: 0.69139
[  2, 20501] loss: 0.70053
[  2, 21001] loss: 0.69991
[  2, 21501] loss: 0.69594
[  2, 22001] loss: 0.69390
[  2, 22501] loss: 0.68657
[  2, 23001] loss: 0.68440
[  2, 23501] loss: 0.69596
[  2, 24001] loss: 0.69886
[  2, 24501] loss: 0.68716
[  3,     1] loss: 0.69695
[  3,   501] loss: 0.69997
[  3,  1001] loss: 0.69553
[  3,  1501] loss: 0.69203
[  3,  2001] loss: 0.69113
[  3,  2501] loss: 0.69739
[  3,  3001] loss: 0.68748
[  3,  3501] loss: 0.68354
[  3,  4001] loss: 0.69092
[  3,  4501] loss: 0.69480
[  3,  5001] loss: 0.68797
[  3,  5501] loss: 0.69932
[  3,  6001] loss: 0.69129
[  3,  6501] loss: 0.70081
[  3,  7001] loss: 0.68756
[  3,  7501] loss: 0.69918
[  3,  8001] loss: 0.69417
[  3,  8501] loss: 0.69218
[  3,  9001] loss: 0.69887
[  3,  9501] loss: 0.68872
[  3, 10001] loss: 0.68980
[  3, 10501] loss: 0.69227
[  3, 11001] loss: 0.69093
[  3, 11501] loss: 0.69799
[  3, 12001] loss: 0.69134
[  3, 12501] loss: 0.68836
[  3, 13001] loss: 0.69032
[  3, 13501] loss: 0.69490
[  3, 14001] loss: 0.68848
[  3, 14501] loss: 0.69601
[  3, 15001] loss: 0.68904
[  3, 15501] loss: 0.69152
[  3, 16001] loss: 0.68689
[  3, 16501] loss: 0.68393
[  3, 17001] loss: 0.69294
[  3, 17501] loss: 0.68418
[  3, 18001] loss: 0.69518
[  3, 18501] loss: 0.68952
[  3, 19001] loss: 0.68352
[  3, 19501] loss: 0.69048
[  3, 20001] loss: 0.69145
[  3, 20501] loss: 0.69016
[  3, 21001] loss: 0.69469
[  3, 21501] loss: 0.69055
[  3, 22001] loss: 0.68996
[  3, 22501] loss: 0.68603
[  3, 23001] loss: 0.70120
[  3, 23501] loss: 0.68922
[  3, 24001] loss: 0.68917
[  3, 24501] loss: 0.69207
[  4,     1] loss: 0.69093
[  4,   501] loss: 0.69534
[  4,  1001] loss: 0.69213
[  4,  1501] loss: 0.69604
[  4,  2001] loss: 0.68657
[  4,  2501] loss: 0.69163
[  4,  3001] loss: 0.68527
[  4,  3501] loss: 0.68493
[  4,  4001] loss: 0.69089
[  4,  4501] loss: 0.69240
[  4,  5001] loss: 0.69093
[  4,  5501] loss: 0.68865
[  4,  6001] loss: 0.68763
[  4,  6501] loss: 0.68086
[  4,  7001] loss: 0.68457
[  4,  7501] loss: 0.69398
[  4,  8001] loss: 0.68384
[  4,  8501] loss: 0.68278
[  4,  9001] loss: 0.69671
[  4,  9501] loss: 0.68421
[  4, 10001] loss: 0.68489
[  4, 10501] loss: 0.69514
[  4, 11001] loss: 0.68294
[  4, 11501] loss: 0.68807
[  4, 12001] loss: 0.68968
[  4, 12501] loss: 0.69055
[  4, 13001] loss: 0.69798
[  4, 13501] loss: 0.68596
[  4, 14001] loss: 0.68846
[  4, 14501] loss: 0.69318
[  4, 15001] loss: 0.68562
[  4, 15501] loss: 0.69187
[  4, 16001] loss: 0.70374
[  4, 16501] loss: 0.68286
[  4, 17001] loss: 0.67716
[  4, 17501] loss: 0.68586
[  4, 18001] loss: 0.68270
[  4, 18501] loss: 0.68659
[  4, 19001] loss: 0.68546
[  4, 19501] loss: 0.68507
[  4, 20001] loss: 0.68478
[  4, 20501] loss: 0.69061
[  4, 21001] loss: 0.68877
[  4, 21501] loss: 0.69760
[  4, 22001] loss: 0.69335
[  4, 22501] loss: 0.68214
[  4, 23001] loss: 0.67906
[  4, 23501] loss: 0.69221
[  4, 24001] loss: 0.69110
[  4, 24501] loss: 0.67953
[  5,     1] loss: 0.69274
[  5,   501] loss: 0.68376
[  5,  1001] loss: 0.67993
[  5,  1501] loss: 0.69134
[  5,  2001] loss: 0.68601
[  5,  2501] loss: 0.68143
[  5,  3001] loss: 0.69324
[  5,  3501] loss: 0.68300
[  5,  4001] loss: 0.68868
[  5,  4501] loss: 0.68751
[  5,  5001] loss: 0.68069
[  5,  5501] loss: 0.68589
[  5,  6001] loss: 0.68281
[  5,  6501] loss: 0.68717
[  5,  7001] loss: 0.68523
[  5,  7501] loss: 0.69222
[  5,  8001] loss: 0.69189
[  5,  8501] loss: 0.67507
[  5,  9001] loss: 0.68916
[  5,  9501] loss: 0.68565
[  5, 10001] loss: 0.68749
[  5, 10501] loss: 0.68955
[  5, 11001] loss: 0.67394
[  5, 11501] loss: 0.68622
[  5, 12001] loss: 0.68363
[  5, 12501] loss: 0.69624
[  5, 13001] loss: 0.68665
[  5, 13501] loss: 0.68619
[  5, 14001] loss: 0.68853
[  5, 14501] loss: 0.69164
[  5, 15001] loss: 0.68393
[  5, 15501] loss: 0.68062
[  5, 16001] loss: 0.69177
[  5, 16501] loss: 0.68819
[  5, 17001] loss: 0.68526
[  5, 17501] loss: 0.67114
[  5, 18001] loss: 0.68505
[  5, 18501] loss: 0.68416
[  5, 19001] loss: 0.68732
[  5, 19501] loss: 0.68619
[  5, 20001] loss: 0.67770
[  5, 20501] loss: 0.68516
[  5, 21001] loss: 0.68228
[  5, 21501] loss: 0.68491
[  5, 22001] loss: 0.68136
[  5, 22501] loss: 0.69127
[  5, 23001] loss: 0.67768
[  5, 23501] loss: 0.67996
[  5, 24001] loss: 0.69151
[  5, 24501] loss: 0.68132
[  6,     1] loss: 0.68172
[  6,   501] loss: 0.68446
[  6,  1001] loss: 0.68452
[  6,  1501] loss: 0.68323
[  6,  2001] loss: 0.68756
[  6,  2501] loss: 0.68954
[  6,  3001] loss: 0.67043
[  6,  3501] loss: 0.67572
[  6,  4001] loss: 0.68741
[  6,  4501] loss: 0.68597
[  6,  5001] loss: 0.68293
[  6,  5501] loss: 0.68072
[  6,  6001] loss: 0.68536
[  6,  6501] loss: 0.67953
[  6,  7001] loss: 0.67808
[  6,  7501] loss: 0.68059
[  6,  8001] loss: 0.67934
[  6,  8501] loss: 0.66658
[  6,  9001] loss: 0.67930
[  6,  9501] loss: 0.67845
[  6, 10001] loss: 0.68418
[  6, 10501] loss: 0.69149
[  6, 11001] loss: 0.68446
[  6, 11501] loss: 0.68911
[  6, 12001] loss: 0.68034
[  6, 12501] loss: 0.69452
[  6, 13001] loss: 0.69746
[  6, 13501] loss: 0.68521
[  6, 14001] loss: 0.67885
[  6, 14501] loss: 0.68405
[  6, 15001] loss: 0.67776
[  6, 15501] loss: 0.68000
[  6, 16001] loss: 0.68660
[  6, 16501] loss: 0.67291
[  6, 17001] loss: 0.68841
[  6, 17501] loss: 0.67488
[  6, 18001] loss: 0.67885
[  6, 18501] loss: 0.67511
[  6, 19001] loss: 0.68178
[  6, 19501] loss: 0.67942
[  6, 20001] loss: 0.68261
[  6, 20501] loss: 0.68214
[  6, 21001] loss: 0.68361
[  6, 21501] loss: 0.67509
[  6, 22001] loss: 0.68648
[  6, 22501] loss: 0.67613
[  6, 23001] loss: 0.67781
[  6, 23501] loss: 0.67292
[  6, 24001] loss: 0.68688
[  6, 24501] loss: 0.67671
[  7,     1] loss: 0.68883
[  7,   501] loss: 0.68613
[  7,  1001] loss: 0.67920
[  7,  1501] loss: 0.68451
[  7,  2001] loss: 0.66938
[  7,  2501] loss: 0.67777
[  7,  3001] loss: 0.67817
[  7,  3501] loss: 0.67134
[  7,  4001] loss: 0.68960
[  7,  4501] loss: 0.67684
[  7,  5001] loss: 0.68182
[  7,  5501] loss: 0.67122
[  7,  6001] loss: 0.67737
[  7,  6501] loss: 0.68278
[  7,  7001] loss: 0.69042
[  7,  7501] loss: 0.68340
[  7,  8001] loss: 0.68669
[  7,  8501] loss: 0.66880
[  7,  9001] loss: 0.67516
[  7,  9501] loss: 0.67130
[  7, 10001] loss: 0.68160
[  7, 10501] loss: 0.68172
[  7, 11001] loss: 0.67743
[  7, 11501] loss: 0.67550
[  7, 12001] loss: 0.67965
[  7, 12501] loss: 0.69563
[  7, 13001] loss: 0.68546
[  7, 13501] loss: 0.68905
[  7, 14001] loss: 0.67531
[  7, 14501] loss: 0.67204
[  7, 15001] loss: 0.68165
[  7, 15501] loss: 0.67620
[  7, 16001] loss: 0.68933
[  7, 16501] loss: 0.68374
[  7, 17001] loss: 0.67974
[  7, 17501] loss: 0.67435
[  7, 18001] loss: 0.69525
[  7, 18501] loss: 0.67594
[  7, 19001] loss: 0.67797
[  7, 19501] loss: 0.68189
[  7, 20001] loss: 0.67376
[  7, 20501] loss: 0.68698
[  7, 21001] loss: 0.68110
[  7, 21501] loss: 0.68499
[  7, 22001] loss: 0.67773
[  7, 22501] loss: 0.68356
[  7, 23001] loss: 0.67684
[  7, 23501] loss: 0.67605
[  7, 24001] loss: 0.67623
[  7, 24501] loss: 0.66188
Finished training
Accuracy on train: 0.57368
Accuracy on test: 0.53522
