{'word_context': 15, 'word_embed_size': 30, 'word_conv_units': 10, 'hidden_units': 5, 'dropout': True, 'batch_size': 500}
2482
train set done
test set done
[  1,     1] loss: 0.79355
[  1,   501] loss: 0.79216
[  1,  1001] loss: 0.75774
[  1,  1501] loss: 0.75068
[  1,  2001] loss: 0.73813
[  1,  2501] loss: 0.71911
[  1,  3001] loss: 0.72860
[  1,  3501] loss: 0.74264
[  1,  4001] loss: 0.74180
[  1,  4501] loss: 0.72346
[  1,  5001] loss: 0.72231
[  1,  5501] loss: 0.72300
[  1,  6001] loss: 0.72088
[  1,  6501] loss: 0.71497
[  1,  7001] loss: 0.73342
[  1,  7501] loss: 0.72846
[  1,  8001] loss: 0.72178
[  1,  8501] loss: 0.71303
[  1,  9001] loss: 0.72973
[  1,  9501] loss: 0.71544
[  1, 10001] loss: 0.70339
[  1, 10501] loss: 0.70304
[  1, 11001] loss: 0.70203
[  1, 11501] loss: 0.71234
[  1, 12001] loss: 0.70808
[  1, 12501] loss: 0.71069
[  1, 13001] loss: 0.70294
[  1, 13501] loss: 0.70129
[  1, 14001] loss: 0.69815
[  1, 14501] loss: 0.69721
[  1, 15001] loss: 0.69629
[  1, 15501] loss: 0.70067
[  1, 16001] loss: 0.71966
[  1, 16501] loss: 0.70355
[  1, 17001] loss: 0.70479
[  1, 17501] loss: 0.69542
[  1, 18001] loss: 0.70307
[  1, 18501] loss: 0.68184
[  1, 19001] loss: 0.70419
[  1, 19501] loss: 0.70080
[  1, 20001] loss: 0.70738
[  1, 20501] loss: 0.69839
[  1, 21001] loss: 0.69670
[  1, 21501] loss: 0.69924
[  1, 22001] loss: 0.69945
[  1, 22501] loss: 0.69746
[  1, 23001] loss: 0.70672
[  1, 23501] loss: 0.70170
[  1, 24001] loss: 0.69400
[  1, 24501] loss: 0.68759
[  2,     1] loss: 0.69179
[  2,   501] loss: 0.69623
[  2,  1001] loss: 0.69565
[  2,  1501] loss: 0.69975
[  2,  2001] loss: 0.68861
[  2,  2501] loss: 0.69851
[  2,  3001] loss: 0.69708
[  2,  3501] loss: 0.69274
[  2,  4001] loss: 0.69416
[  2,  4501] loss: 0.69430
[  2,  5001] loss: 0.69543
[  2,  5501] loss: 0.68755
[  2,  6001] loss: 0.69151
[  2,  6501] loss: 0.70323
[  2,  7001] loss: 0.69314
[  2,  7501] loss: 0.68704
[  2,  8001] loss: 0.68916
[  2,  8501] loss: 0.68789
[  2,  9001] loss: 0.68590
[  2,  9501] loss: 0.69041
[  2, 10001] loss: 0.68747
[  2, 10501] loss: 0.68822
[  2, 11001] loss: 0.69779
[  2, 11501] loss: 0.68945
[  2, 12001] loss: 0.67854
[  2, 12501] loss: 0.68579
[  2, 13001] loss: 0.68468
[  2, 13501] loss: 0.68614
[  2, 14001] loss: 0.69304
[  2, 14501] loss: 0.68921
[  2, 15001] loss: 0.67809
[  2, 15501] loss: 0.68620
[  2, 16001] loss: 0.69429
[  2, 16501] loss: 0.69077
[  2, 17001] loss: 0.69722
[  2, 17501] loss: 0.69573
[  2, 18001] loss: 0.69282
[  2, 18501] loss: 0.68991
[  2, 19001] loss: 0.68928
[  2, 19501] loss: 0.68738
[  2, 20001] loss: 0.68582
[  2, 20501] loss: 0.68620
[  2, 21001] loss: 0.69207
[  2, 21501] loss: 0.69293
[  2, 22001] loss: 0.68187
[  2, 22501] loss: 0.69063
[  2, 23001] loss: 0.69286
[  2, 23501] loss: 0.67946
[  2, 24001] loss: 0.68739
[  2, 24501] loss: 0.68532
[  3,     1] loss: 0.69247
[  3,   501] loss: 0.68205
[  3,  1001] loss: 0.68298
[  3,  1501] loss: 0.67511
[  3,  2001] loss: 0.69220
[  3,  2501] loss: 0.68181
[  3,  3001] loss: 0.68681
[  3,  3501] loss: 0.67550
[  3,  4001] loss: 0.68822
[  3,  4501] loss: 0.68821
[  3,  5001] loss: 0.67600
[  3,  5501] loss: 0.69576
[  3,  6001] loss: 0.69663
[  3,  6501] loss: 0.68344
[  3,  7001] loss: 0.69440
[  3,  7501] loss: 0.67823
[  3,  8001] loss: 0.69183
[  3,  8501] loss: 0.68196
[  3,  9001] loss: 0.69641
[  3,  9501] loss: 0.67553
[  3, 10001] loss: 0.69532
[  3, 10501] loss: 0.68502
[  3, 11001] loss: 0.69031
[  3, 11501] loss: 0.68924
[  3, 12001] loss: 0.68333
[  3, 12501] loss: 0.68785
[  3, 13001] loss: 0.69177
[  3, 13501] loss: 0.68195
[  3, 14001] loss: 0.69191
[  3, 14501] loss: 0.69340
[  3, 15001] loss: 0.68414
[  3, 15501] loss: 0.68414
[  3, 16001] loss: 0.68469
[  3, 16501] loss: 0.69249
[  3, 17001] loss: 0.68055
[  3, 17501] loss: 0.68555
[  3, 18001] loss: 0.69884
[  3, 18501] loss: 0.69097
[  3, 19001] loss: 0.68695
[  3, 19501] loss: 0.69119
[  3, 20001] loss: 0.67971
[  3, 20501] loss: 0.68045
[  3, 21001] loss: 0.68769
[  3, 21501] loss: 0.67616
[  3, 22001] loss: 0.67816
[  3, 22501] loss: 0.68620
[  3, 23001] loss: 0.69266
[  3, 23501] loss: 0.68223
[  3, 24001] loss: 0.68661
[  3, 24501] loss: 0.68111
[  4,     1] loss: 0.68455
[  4,   501] loss: 0.67480
[  4,  1001] loss: 0.68471
[  4,  1501] loss: 0.69145
[  4,  2001] loss: 0.68268
[  4,  2501] loss: 0.68297
[  4,  3001] loss: 0.69675
[  4,  3501] loss: 0.68453
[  4,  4001] loss: 0.68913
[  4,  4501] loss: 0.69416
[  4,  5001] loss: 0.69017
[  4,  5501] loss: 0.67790
[  4,  6001] loss: 0.69484
[  4,  6501] loss: 0.68168
[  4,  7001] loss: 0.68705
[  4,  7501] loss: 0.68579
[  4,  8001] loss: 0.69276
[  4,  8501] loss: 0.68671
[  4,  9001] loss: 0.68442
[  4,  9501] loss: 0.68016
[  4, 10001] loss: 0.68003
[  4, 10501] loss: 0.67903
[  4, 11001] loss: 0.68157
[  4, 11501] loss: 0.68425
[  4, 12001] loss: 0.68050
[  4, 12501] loss: 0.67021
[  4, 13001] loss: 0.68056
[  4, 13501] loss: 0.68917
[  4, 14001] loss: 0.69933
[  4, 14501] loss: 0.68096
[  4, 15001] loss: 0.68542
[  4, 15501] loss: 0.67943
[  4, 16001] loss: 0.68119
[  4, 16501] loss: 0.68353
[  4, 17001] loss: 0.68685
[  4, 17501] loss: 0.68996
[  4, 18001] loss: 0.69588
[  4, 18501] loss: 0.69338
[  4, 19001] loss: 0.68223
[  4, 19501] loss: 0.68440
[  4, 20001] loss: 0.67203
[  4, 20501] loss: 0.68135
[  4, 21001] loss: 0.68280
[  4, 21501] loss: 0.68278
[  4, 22001] loss: 0.68618
[  4, 22501] loss: 0.69132
[  4, 23001] loss: 0.68349
[  4, 23501] loss: 0.66950
[  4, 24001] loss: 0.67790
[  4, 24501] loss: 0.68561
[  5,     1] loss: 0.68035
[  5,   501] loss: 0.67497
[  5,  1001] loss: 0.69077
[  5,  1501] loss: 0.68519
[  5,  2001] loss: 0.67462
[  5,  2501] loss: 0.68301
[  5,  3001] loss: 0.68524
[  5,  3501] loss: 0.68240
[  5,  4001] loss: 0.68726
[  5,  4501] loss: 0.67476
[  5,  5001] loss: 0.67523
[  5,  5501] loss: 0.68451
[  5,  6001] loss: 0.68575
[  5,  6501] loss: 0.67988
[  5,  7001] loss: 0.68361
[  5,  7501] loss: 0.68392
[  5,  8001] loss: 0.68442
[  5,  8501] loss: 0.68646
[  5,  9001] loss: 0.68202
[  5,  9501] loss: 0.67749
[  5, 10001] loss: 0.68557
[  5, 10501] loss: 0.69611
[  5, 11001] loss: 0.67648
[  5, 11501] loss: 0.68180
[  5, 12001] loss: 0.67921
[  5, 12501] loss: 0.67901
[  5, 13001] loss: 0.68569
[  5, 13501] loss: 0.67449
[  5, 14001] loss: 0.67889
[  5, 14501] loss: 0.69165
[  5, 15001] loss: 0.68050
[  5, 15501] loss: 0.66582
[  5, 16001] loss: 0.69107
[  5, 16501] loss: 0.68270
[  5, 17001] loss: 0.70149
[  5, 17501] loss: 0.69019
[  5, 18001] loss: 0.68040
[  5, 18501] loss: 0.68807
[  5, 19001] loss: 0.67665
[  5, 19501] loss: 0.68512
[  5, 20001] loss: 0.67714
[  5, 20501] loss: 0.68076
[  5, 21001] loss: 0.68872
[  5, 21501] loss: 0.67956
[  5, 22001] loss: 0.68156
[  5, 22501] loss: 0.68512
[  5, 23001] loss: 0.67976
[  5, 23501] loss: 0.67871
[  5, 24001] loss: 0.68340
[  5, 24501] loss: 0.69200
[  6,     1] loss: 0.68494
[  6,   501] loss: 0.67628
[  6,  1001] loss: 0.68251
[  6,  1501] loss: 0.68615
[  6,  2001] loss: 0.67999
[  6,  2501] loss: 0.68453
[  6,  3001] loss: 0.67344
[  6,  3501] loss: 0.67926
[  6,  4001] loss: 0.68444
[  6,  4501] loss: 0.67642
[  6,  5001] loss: 0.66986
[  6,  5501] loss: 0.68736
[  6,  6001] loss: 0.70209
[  6,  6501] loss: 0.68618
[  6,  7001] loss: 0.68384
[  6,  7501] loss: 0.67893
[  6,  8001] loss: 0.68873
[  6,  8501] loss: 0.67545
[  6,  9001] loss: 0.68387
[  6,  9501] loss: 0.66954
[  6, 10001] loss: 0.68613
[  6, 10501] loss: 0.68055
[  6, 11001] loss: 0.68123
[  6, 11501] loss: 0.68242
[  6, 12001] loss: 0.68167
[  6, 12501] loss: 0.67751
[  6, 13001] loss: 0.68642
[  6, 13501] loss: 0.68110
[  6, 14001] loss: 0.69287
[  6, 14501] loss: 0.67711
[  6, 15001] loss: 0.67250
[  6, 15501] loss: 0.67299
[  6, 16001] loss: 0.67920
[  6, 16501] loss: 0.68190
[  6, 17001] loss: 0.69291
[  6, 17501] loss: 0.67428
[  6, 18001] loss: 0.67703
[  6, 18501] loss: 0.68134
[  6, 19001] loss: 0.67954
[  6, 19501] loss: 0.66660
[  6, 20001] loss: 0.67770
[  6, 20501] loss: 0.68036
[  6, 21001] loss: 0.68690
[  6, 21501] loss: 0.67357
[  6, 22001] loss: 0.66577
[  6, 22501] loss: 0.67117
[  6, 23001] loss: 0.69544
[  6, 23501] loss: 0.67591
[  6, 24001] loss: 0.68752
[  6, 24501] loss: 0.68888
[  7,     1] loss: 0.69538
[  7,   501] loss: 0.67383
[  7,  1001] loss: 0.68624
[  7,  1501] loss: 0.68257
[  7,  2001] loss: 0.67310
[  7,  2501] loss: 0.68941
[  7,  3001] loss: 0.68230
[  7,  3501] loss: 0.67613
[  7,  4001] loss: 0.69444
[  7,  4501] loss: 0.68972
[  7,  5001] loss: 0.67429
[  7,  5501] loss: 0.67748
[  7,  6001] loss: 0.68059
[  7,  6501] loss: 0.67652
[  7,  7001] loss: 0.68019
[  7,  7501] loss: 0.68056
[  7,  8001] loss: 0.68380
[  7,  8501] loss: 0.66549
[  7,  9001] loss: 0.67873
[  7,  9501] loss: 0.67931
[  7, 10001] loss: 0.69184
[  7, 10501] loss: 0.68122
[  7, 11001] loss: 0.68676
[  7, 11501] loss: 0.67335
[  7, 12001] loss: 0.67788
[  7, 12501] loss: 0.66625
[  7, 13001] loss: 0.68422
[  7, 13501] loss: 0.67388
[  7, 14001] loss: 0.68111
[  7, 14501] loss: 0.67141
[  7, 15001] loss: 0.68470
[  7, 15501] loss: 0.67469
[  7, 16001] loss: 0.68752
[  7, 16501] loss: 0.68733
[  7, 17001] loss: 0.67597
[  7, 17501] loss: 0.67181
[  7, 18001] loss: 0.66683
[  7, 18501] loss: 0.68030
[  7, 19001] loss: 0.67801
[  7, 19501] loss: 0.67867
[  7, 20001] loss: 0.67127
[  7, 20501] loss: 0.68908
[  7, 21001] loss: 0.68553
[  7, 21501] loss: 0.67328
[  7, 22001] loss: 0.67148
[  7, 22501] loss: 0.68069
[  7, 23001] loss: 0.69251
[  7, 23501] loss: 0.67717
[  7, 24001] loss: 0.68550
[  7, 24501] loss: 0.67467
Finished training
Accuracy on train: 0.58100
Accuracy on test: 0.53130
